扭矩,料温,压力,转速,时间,温度1,温度2,温度3,温度4,温度5,温度6,温度7,温度8,顶栓,能量
1.7,177.1,6.18,0.0,0,179.7,180.0,179.5,500.0,500.0,0.0,0.0,0.0,0.3,0.00
1.7,177.2,6.18,2.0,1,179.7,180.0,179.5,500.0,500.0,0.0,0.0,0.0,0.3,0.00
1.6,177.2,6.18,10.2,2,179.7,180.0,179.6,500.0,500.0,0.0,0.0,0.0,0.3,0.00
1.5,177.2,6.18,20.2,3,179.7,180.0,179.6,500.0,500.0,0.0,0.0,0.0,0.3,0.00
1.4,177.3,6.18,30.2,4,179.8,180.0,179.6,500.0,500.0,0.0,0.0,0.0,0.3,0.00
1.3,177.3,6.18,40.2,5,179.8,180.0,179.6,500.0,500.0,0.0,0.0,0.0,0.3,0.00
1.3,177.3,6.18,48.2,6,179.8,180.0,179.6,500.0,500.0,0.0,0.0,0.0,0.3,0.00
1.3,177.3,6.18,49.8,7,179.8,180.0,179.6,500.0,500.0,0.0,0.0,0.0,0.3,0.00
1.3,177.3,6.18,49.8,8,179.8,180.0,179.7,500.0,500.0,0.0,0.0,0.0,0.3,0.01
1.3,177.3,6.19,49.8,9,179.9,180.0,179.8,500.0,500.0,0.0,0.0,0.0,0.3,0.01
1.3,177.3,6.19,49.8,10,179.9,180.0,179.8,500.0,500.0,0.0,0.0,0.0,0.3,0.01
1.3,177.3,6.18,49.8,11,179.9,180.0,179.8,500.0,500.0,0.0,0.0,0.0,0.3,0.01
1.3,177.4,6.19,50.0,12,179.9,180.0,179.8,500.0,500.0,0.0,0.0,0.0,0.3,0.01
1.3,177.4,6.19,50.0,13,179.9,180.0,179.9,500.0,500.0,0.0,0.0,0.0,0.3,0.01
1.3,177.4,6.19,50.0,14,179.9,180.1,180.0,500.0,500.0,0.0,0.0,0.0,0.3,0.01
1.3,177.5,6.19,50.0,15,179.9,180.3,180.0,500.0,500.0,0.0,0.0,0.0,0.3,0.01
1.3,177.4,6.19,50.0,16,180.0,180.4,180.0,500.0,500.0,0.0,0.0,0.0,0.3,0.01
1.3,177.1,6.18,50.0,17,180.0,180.4,180.0,500.0,500.0,0.0,0.0,0.0,0.3,0.02
1.3,176.6,6.18,49.8,18,180.0,180.4,180.0,500.0,500.0,0.0,0.0,0.0,0.3,0.02
1.3,176.0,6.18,49.8,19,180.0,180.6,180.0,500.0,500.0,0.0,0.0,0.0,0.3,0.02
1.2,175.4,6.18,49.8,20,180.0,180.8,180.0,500.0,500.0,0.0,0.0,0.0,0.3,0.02
1.1,174.8,6.18,49.8,21,180.0,180.8,180.0,500.0,500.0,0.0,0.0,0.0,0.3,0.02
1.1,174.2,6.19,49.8,22,180.0,180.8,180.0,500.0,500.0,0.0,0.0,0.0,0.3,0.02
1.0,173.7,6.19,50.0,23,180.0,180.9,180.0,500.0,500.0,0.0,0.0,0.0,0.3,0.02
1.0,173.3,6.19,50.0,24,180.0,181.0,180.0,500.0,500.0,0.0,0.0,0.0,0.3,0.02
1.0,172.9,6.19,50.0,25,180.0,181.0,180.0,500.0,500.0,0.0,0.0,0.0,0.3,0.02
1.0,172.6,6.19,49.8,26,180.0,181.0,180.0,500.0,500.0,0.0,0.0,0.0,0.3,0.02
1.0,172.4,6.19,49.8,27,180.0,181.0,180.0,500.0,500.0,0.0,0.0,0.0,0.3,0.02
1.0,172.3,6.19,49.8,28,180.0,181.0,180.0,500.0,500.0,0.0,0.0,0.0,0.3,0.03
1.0,172.1,6.19,49.6,29,180.0,181.0,180.0,500.0,500.0,0.0,0.0,0.0,0.3,0.03
0.9,171.9,6.19,49.6,30,180.0,181.0,180.0,500.0,500.0,0.0,0.0,0.0,0.3,0.03
0.9,171.7,6.19,49.8,31,180.0,181.0,180.0,500.0,500.0,0.0,0.0,0.0,0.3,0.03
0.9,171.6,6.19,49.8,32,180.0,180.8,180.0,500.0,500.0,0.0,0.0,0.0,0.3,0.03
0.9,171.5,6.19,49.8,33,180.0,180.5,180.0,500.0,500.0,0.0,0.0,0.0,0.3,0.03
0.9,171.4,6.19,50.0,34,180.0,180.4,180.0,500.0,500.0,0.0,0.0,0.0,0.3,0.03
0.9,171.3,6.19,50.0,35,180.0,180.3,180.0,500.0,500.0,0.0,0.0,0.0,0.3,0.03
0.8,171.2,6.19,50.0,36,180.0,180.3,180.0,500.0,500.0,0.0,0.0,0.0,0.3,0.03
0.8,171.1,6.19,49.8,37,180.0,180.2,180.0,500.0,500.0,0.0,0.0,0.0,0.3,0.03
0.8,171.0,6.19,49.8,38,180.0,180.0,180.0,500.0,500.0,0.0,0.0,0.0,0.3,0.03
0.7,170.9,6.19,49.8,39,180.0,180.0,180.0,500.0,500.0,0.0,0.0,0.0,0.3,0.03
0.7,170.8,6.19,49.8,40,180.0,180.0,180.0,500.0,500.0,0.0,0.0,0.0,0.3,0.03
0.7,170.7,6.19,49.8,41,180.0,180.0,180.0,500.0,500.0,0.0,0.0,0.0,0.3,0.03
0.7,170.7,6.19,50.0,42,180.0,180.0,180.0,500.0,500.0,0.0,0.0,0.0,0.3,0.03
0.7,170.6,6.19,50.0,43,179.9,180.0,180.0,500.0,500.0,0.0,0.0,0.0,0.3,0.04
0.6,170.5,6.19,50.0,44,179.9,180.0,180.0,500.0,500.0,0.0,0.0,0.0,0.3,0.04
0.5,170.4,6.19,50.0,45,179.9,180.0,180.0,500.0,500.0,0.0,0.0,0.0,0.3,0.04
0.5,170.2,6.19,50.0,46,179.9,180.0,180.0,500.0,500.0,0.0,0.0,0.0,0.3,0.04
0.5,169.9,6.19,50.0,47,179.9,180.0,180.0,500.0,500.0,0.0,0.0,0.0,0.3,0.04
0.6,169.6,6.19,50.0,48,179.9,180.0,180.0,500.0,500.0,0.0,0.0,0.0,0.3,0.04
0.7,169.3,6.19,50.0,49,179.8,180.0,180.0,500.0,500.0,0.0,0.0,0.0,0.3,0.04
0.7,169.1,6.19,50.0,50,179.8,180.0,180.0,500.0,500.0,0.0,0.0,0.0,0.3,0.04
0.6,168.8,6.19,49.8,51,179.8,180.0,180.0,500.0,500.0,0.0,0.0,0.0,0.3,0.04
0.6,168.4,6.19,49.8,52,179.8,180.0,180.0,500.0,500.0,0.0,0.0,0.0,0.3,0.04
0.6,167.9,6.19,49.8,53,179.8,180.0,180.0,500.0,500.0,0.0,0.0,0.0,0.3,0.04
0.6,167.5,6.19,49.8,54,179.8,180.0,180.0,500.0,500.0,0.0,0.0,0.0,0.3,0.04
0.7,167.2,6.19,49.8,55,179.8,180.0,180.0,500.0,500.0,0.0,0.0,0.0,0.3,0.04
0.9,167.0,6.19,50.0,56,179.8,180.0,180.0,500.0,500.0,0.0,0.0,0.0,0.3,0.04
0.9,167.0,6.19,50.0,57,179.8,180.0,180.0,500.0,500.0,0.0,0.0,0.0,0.3,0.04
0.9,167.0,6.19,49.8,58,179.8,180.0,180.0,500.0,500.0,0.0,0.0,0.0,0.3,0.04
0.9,167.0,6.19,49.8,59,179.8,180.0,180.0,500.0,500.0,0.0,0.0,0.0,0.3,0.04
0.9,167.0,6.19,49.8,60,179.8,180.0,180.0,500.0,500.0,0.0,0.0,0.0,0.3,0.05
0.9,167.1,6.19,49.6,61,179.8,180.0,180.0,500.0,500.0,0.0,0.0,0.0,0.3,0.05
1.0,167.0,6.19,49.6,62,179.8,180.0,180.0,500.0,500.0,0.0,0.0,0.0,0.3,0.05
1.0,167.0,6.19,49.8,63,179.8,180.1,180.0,500.0,500.0,0.0,0.0,0.0,0.3,0.05
1.0,166.9,6.19,49.8,64,179.8,180.4,180.0,500.0,500.0,0.0,0.0,0.0,0.3,0.05
1.1,166.9,6.19,49.8,65,179.8,180.4,180.0,500.0,500.0,0.0,0.0,0.0,0.3,0.05
1.1,166.9,6.19,50.0,66,179.8,180.5,180.0,500.0,500.0,0.0,0.0,0.0,0.3,0.05
1.0,166.9,6.19,50.0,67,179.8,180.6,180.0,500.0,500.0,0.0,0.0,0.0,0.3,0.05
1.0,166.9,6.19,50.0,68,179.8,180.6,180.0,500.0,500.0,0.0,0.0,0.0,0.3,0.05
0.9,166.9,6.18,50.0,69,179.8,180.6,180.0,500.0,500.0,0.0,0.0,0.0,0.3,0.05
1.0,166.9,6.18,49.8,70,179.8,180.7,180.0,500.0,500.0,0.0,0.0,0.0,0.3,0.05
1.0,167.0,6.18,49.8,71,179.8,180.8,180.0,500.0,500.0,0.0,0.0,0.0,0.3,0.05
1.1,167.0,6.18,49.8,72,179.8,180.9,180.0,500.0,500.0,0.0,0.0,0.0,0.3,0.06
1.1,167.1,6.18,49.8,73,179.8,180.9,180.0,500.0,500.0,0.0,0.0,0.0,0.3,0.06
1.2,167.1,6.19,49.8,74,179.8,180.9,180.0,500.0,500.0,0.0,0.0,0.0,0.3,0.06
1.2,167.2,6.19,50.0,75,179.8,180.9,180.0,500.0,500.0,0.0,0.0,0.0,0.3,0.06
1.1,167.2,6.19,49.8,76,179.9,180.9,180.0,500.0,500.0,0.0,0.0,0.0,0.3,0.06
1.1,167.2,6.19,49.6,77,179.9,180.9,180.0,500.0,500.0,0.0,0.0,0.0,0.3,0.06
1.0,167.2,6.19,49.6,78,179.9,180.9,180.0,500.0,500.0,0.0,0.0,0.0,0.3,0.06
1.0,167.2,6.19,49.6,79,179.9,180.8,180.0,500.0,500.0,0.0,0.0,0.0,0.3,0.06
1.0,167.2,6.19,49.6,80,179.9,180.6,180.0,500.0,500.0,0.0,0.0,0.0,0.3,0.06
1.0,167.3,6.19,49.8,81,179.9,180.5,180.0,500.0,500.0,0.0,0.0,0.0,0.3,0.06
1.1,167.3,6.19,50.0,82,179.9,180.4,179.9,500.0,500.0,0.0,0.0,0.0,0.3,0.06
1.1,167.3,6.19,50.0,83,179.9,180.4,179.9,500.0,500.0,0.0,0.0,0.0,0.3,0.07
1.1,167.3,6.19,49.8,84,180.0,180.4,179.9,500.0,500.0,0.0,0.0,0.0,0.3,0.07
1.1,167.3,6.19,49.8,85,180.0,180.2,179.9,500.0,500.0,0.0,0.0,0.0,0.3,0.07
1.1,167.4,6.19,49.8,86,180.0,180.0,179.9,500.0,500.0,0.0,0.0,0.0,0.3,0.07
1.1,167.4,6.19,49.6,87,180.0,180.0,179.9,500.0,500.0,0.0,0.0,0.0,0.3,0.07
1.0,167.5,6.19,49.6,88,180.0,180.0,179.9,500.0,500.0,0.0,0.0,0.0,0.3,0.07
1.1,167.5,6.19,49.8,89,180.0,180.0,179.9,500.0,500.0,0.0,0.0,0.0,0.3,0.07
1.0,167.5,6.19,49.8,90,180.0,180.0,179.9,500.0,500.0,0.0,0.0,0.0,0.3,0.07
1.0,167.4,6.19,49.8,91,180.0,180.0,179.9,500.0,500.0,0.0,0.0,0.0,0.3,0.07
1.0,167.4,6.19,50.0,92,180.0,180.0,179.9,500.0,500.0,0.0,0.0,0.0,0.3,0.07
1.0,167.5,6.19,50.0,93,180.0,180.0,179.9,500.0,500.0,0.0,0.0,0.0,0.3,0.07
1.0,167.6,6.19,49.8,94,180.0,180.0,179.9,500.0,500.0,0.0,0.0,0.0,0.3,0.07
1.0,167.7,6.19,49.8,95,180.0,180.0,179.9,500.0,500.0,0.0,0.0,0.0,0.3,0.08
1.0,167.7,6.19,49.8,96,180.0,180.0,179.9,500.0,500.0,0.0,0.0,0.0,0.3,0.08
0.9,167.8,6.19,49.8,97,180.0,180.0,179.9,500.0,500.0,0.0,0.0,0.0,0.3,0.08
0.8,167.8,6.19,49.8,98,180.0,180.0,179.9,500.0,500.0,0.0,0.0,0.0,0.3,0.08
0.6,167.9,6.19,50.0,99,180.0,180.0,179.9,500.0,500.0,0.0,0.0,0.0,0.3,0.08
0.5,167.9,6.19,50.0,100,180.0,180.0,179.9,500.0,500.0,0.0,0.0,0.0,0.3,0.08
0.4,167.9,6.19,49.8,101,180.0,180.0,179.9,500.0,500.0,0.0,0.0,0.0,0.3,0.08
0.2,168.0,6.19,49.8,102,180.0,180.0,179.9,500.0,500.0,0.0,0.0,0.0,0.3,0.08
0.2,168.0,6.19,49.8,103,180.0,180.0,180.0,500.0,500.0,0.0,0.0,0.0,0.3,0.08
0.3,168.0,6.19,49.8,104,180.0,180.0,180.0,500.0,500.0,0.0,0.0,0.0,0.3,0.08
0.4,168.1,6.19,49.8,105,180.0,180.0,180.0,500.0,500.0,0.0,0.0,0.0,0.3,0.08
0.3,168.1,6.19,50.0,106,180.0,180.0,180.0,500.0,500.0,0.0,0.0,0.0,0.3,0.08
0.4,168.2,6.19,49.8,107,180.0,180.0,180.0,500.0,500.0,0.0,0.0,0.0,0.3,0.08
0.6,168.3,6.19,49.8,108,180.0,180.2,180.0,500.0,500.0,0.0,0.0,0.0,0.3,0.08
0.8,168.5,6.19,49.8,109,180.0,180.4,180.0,500.0,500.0,0.0,0.0,0.0,0.3,0.08
1.0,168.7,6.19,49.8,110,180.0,180.5,180.0,500.0,500.0,0.0,0.0,0.0,0.3,0.08
1.2,168.8,6.19,49.8,111,180.0,180.7,180.0,500.0,500.0,0.0,0.0,0.0,0.3,0.08
1.3,169.0,6.19,50.0,112,180.0,180.8,180.0,500.0,500.0,0.0,0.0,0.0,0.3,0.08
1.3,169.1,6.19,49.8,113,180.0,180.9,180.0,500.0,500.0,0.0,0.0,0.0,0.3,0.09
1.4,169.2,6.19,49.8,114,180.0,181.0,180.0,500.0,500.0,0.0,0.0,0.0,0.3,0.09
1.5,169.4,6.19,49.8,115,180.0,181.1,180.0,500.0,500.0,0.0,0.0,0.0,0.3,0.09
1.8,169.5,6.19,49.6,116,180.0,181.1,180.0,500.0,500.0,0.0,0.0,0.0,0.3,0.09
2.0,169.7,6.19,49.8,117,180.0,181.1,180.0,500.0,500.0,0.0,0.0,0.0,0.3,0.09
2.2,169.9,6.19,50.0,118,180.0,181.2,180.0,500.0,500.0,0.0,0.0,0.0,0.3,0.09
2.4,170.1,6.18,50.0,119,180.0,181.3,180.0,500.0,500.0,0.0,0.0,0.0,0.3,0.10
2.5,170.2,6.18,50.0,120,180.0,181.3,180.0,500.0,500.0,0.0,0.0,0.0,0.3,0.10
2.7,170.3,6.19,50.2,121,180.0,181.3,180.0,500.0,500.0,0.0,0.0,0.0,0.3,0.10
3.0,170.4,6.19,50.0,122,180.0,181.3,180.0,500.0,500.0,0.0,0.0,0.0,0.3,0.10
3.0,170.5,6.19,50.0,123,180.0,181.3,180.0,500.0,500.0,0.0,0.0,0.0,0.3,0.10
3.2,170.5,6.19,50.0,124,180.0,181.3,180.0,500.0,500.0,0.0,0.0,0.0,0.3,0.11
3.4,170.5,6.19,49.8,125,180.0,181.1,180.0,500.0,500.0,0.0,0.0,0.0,0.3,0.11
3.6,170.5,6.19,49.8,126,180.0,180.9,180.0,500.0,500.0,0.0,0.0,0.0,0.3,0.11
3.8,170.6,6.19,49.8,127,180.0,180.9,180.0,500.0,500.0,0.0,0.0,0.0,0.3,0.12
4.0,170.7,6.19,49.8,128,180.0,180.9,180.0,500.0,500.0,0.0,0.0,0.0,0.3,0.12
4.1,170.7,6.19,49.8,129,180.0,180.9,180.0,500.0,500.0,0.0,0.0,0.0,0.3,0.12
4.4,170.7,6.19,50.0,130,180.0,180.7,180.0,500.0,500.0,0.0,0.0,0.0,0.3,0.13
4.8,170.8,6.19,50.0,131,180.0,180.4,180.0,500.0,500.0,0.0,0.0,0.0,0.3,0.13
5.0,170.8,6.19,49.8,132,180.0,180.4,180.0,500.0,500.0,0.0,0.0,0.0,0.3,0.13
5.3,170.7,6.19,49.8,133,180.0,180.4,180.0,500.0,500.0,0.0,0.0,0.0,0.3,0.14
5.6,170.7,6.19,49.8,134,180.0,180.4,180.0,500.0,500.0,0.0,0.0,0.0,0.3,0.14
5.7,170.7,6.19,49.8,135,180.0,180.4,180.0,500.0,500.0,0.0,0.0,0.0,0.3,0.15
5.5,170.7,6.19,49.8,136,180.0,180.2,180.0,500.0,500.0,0.0,0.0,0.0,0.3,0.15
5.6,170.8,6.19,50.0,137,180.0,180.0,180.0,500.0,500.0,0.0,0.0,0.0,0.3,0.16
5.6,170.9,6.19,50.0,138,180.0,180.0,180.0,500.0,500.0,0.0,0.0,0.0,0.3,0.16
5.5,171.1,6.19,49.8,139,180.0,180.0,180.0,500.0,500.0,0.0,0.0,0.0,0.3,0.17
5.4,171.3,6.19,49.8,140,180.0,180.0,180.0,500.0,500.0,0.0,0.0,0.0,0.3,0.17
5.4,171.6,6.18,49.8,141,180.0,180.0,180.0,500.0,500.0,0.0,0.0,0.0,0.3,0.18
5.3,171.8,6.18,49.8,142,180.0,180.0,180.0,500.0,500.0,0.0,0.0,0.0,0.3,0.18
5.2,171.9,6.19,49.8,143,180.0,180.0,180.0,500.0,500.0,0.0,0.0,0.0,0.3,0.18
5.3,172.1,6.19,50.0,144,180.0,180.0,180.0,500.0,500.0,0.0,0.0,0.0,0.3,0.19
5.4,172.3,6.19,49.8,145,180.0,180.0,180.0,500.0,500.0,0.0,0.0,0.0,0.3,0.19
5.4,172.6,6.19,49.8,146,180.0,180.0,180.0,500.0,500.0,0.0,0.0,0.0,0.3,0.20
5.5,172.8,6.19,49.8,147,180.0,180.0,180.0,500.0,500.0,0.0,0.0,0.0,0.3,0.20
5.5,173.0,6.19,49.8,148,180.0,180.0,180.0,500.0,500.0,0.0,0.0,0.0,0.3,0.21
5.4,173.3,6.19,49.8,149,180.0,180.0,180.0,500.0,500.0,0.0,0.0,0.0,0.3,0.21
5.1,173.5,6.19,50.0,150,180.0,180.1,180.0,500.0,500.0,0.0,0.0,0.0,0.3,0.22
4.9,173.7,6.19,50.0,151,180.0,180.2,180.0,500.0,500.0,0.0,0.0,0.0,0.3,0.22
4.9,173.9,6.19,49.8,152,180.0,180.2,180.0,500.0,500.0,0.0,0.0,0.0,0.3,0.22
5.0,174.1,6.19,49.8,153,180.0,180.2,180.0,500.0,500.0,0.0,0.0,0.0,0.3,0.23
5.2,174.3,6.19,49.8,154,180.0,180.4,180.0,500.0,500.0,0.0,0.0,0.0,0.3,0.23
5.3,174.4,6.19,49.8,155,180.0,180.6,180.0,500.0,500.0,0.0,0.0,0.0,0.3,0.24
5.4,174.6,6.19,49.8,156,180.0,180.7,180.0,500.0,500.0,0.0,0.0,0.0,0.3,0.24
5.5,174.8,6.19,50.0,157,180.0,180.7,180.0,500.0,500.0,0.0,0.0,0.0,0.3,0.25
5.3,175.0,6.19,49.8,158,180.0,180.7,180.0,500.0,500.0,0.0,0.0,0.0,0.3,0.25
5.2,175.2,6.19,49.8,159,180.0,180.8,180.0,500.0,500.0,0.0,0.0,0.0,0.3,0.25
5.2,175.3,6.19,49.8,160,180.0,181.0,180.0,500.0,500.0,0.0,0.0,0.0,0.3,0.26
5.3,175.4,6.19,49.8,161,180.0,181.1,180.0,500.0,500.0,0.0,0.0,0.0,0.3,0.26
5.3,175.6,6.18,49.8,162,180.0,181.1,180.0,500.0,500.0,0.0,0.0,0.0,0.3,0.27
5.5,175.7,6.18,50.0,163,180.0,181.1,180.0,500.0,500.0,0.0,0.0,0.0,0.3,0.27
5.5,175.8,6.18,50.0,164,180.0,181.2,180.0,500.0,500.0,0.0,0.0,0.0,0.3,0.28
5.5,175.9,6.18,49.8,165,180.0,181.2,180.0,500.0,500.0,0.0,0.0,0.0,0.3,0.28
5.4,176.1,6.18,49.8,166,180.0,181.2,180.0,500.0,500.0,0.0,0.0,0.0,0.3,0.29
5.3,176.2,6.19,49.8,167,180.0,181.2,180.0,500.0,500.0,0.0,0.0,0.0,0.3,0.29
5.2,176.3,6.19,49.8,168,180.0,181.2,180.0,500.0,500.0,0.0,0.0,0.0,0.3,0.29
5.1,176.5,6.19,49.8,169,180.0,181.2,180.0,500.0,500.0,0.0,0.0,0.0,0.3,0.30
5.0,176.7,6.19,50.0,170,180.0,181.1,180.0,500.0,500.0,0.0,0.0,0.0,0.3,0.30
5.6,176.8,6.19,50.0,171,180.0,180.9,180.0,500.0,500.0,0.0,0.0,0.0,0.3,0.31
6.5,176.9,6.19,49.8,172,180.0,180.9,180.0,500.0,500.0,0.0,0.0,0.0,0.3,0.31
7.4,176.6,6.19,49.8,173,180.0,180.9,180.0,500.0,500.0,0.0,0.0,0.0,0.3,0.32
9.2,175.6,6.19,49.8,174,180.0,180.9,180.0,500.0,500.0,0.0,0.0,0.0,0.3,0.33
11.4,173.2,6.19,49.8,175,180.0,180.7,180.0,500.0,500.0,0.0,0.0,0.0,0.3,0.34
12.7,170.1,6.19,49.8,176,180.0,180.4,180.0,500.0,500.0,0.0,0.0,0.0,0.3,0.35
13.4,167.5,6.19,49.8,177,180.0,180.4,180.0,500.0,500.0,0.0,0.0,0.0,0.3,0.36
14.5,165.9,6.19,49.8,178,180.0,180.4,180.0,500.0,500.0,0.0,0.0,0.0,0.3,0.37
14.5,165.1,6.19,49.8,179,180.0,180.4,180.0,500.0,500.0,0.0,0.0,0.0,0.3,0.38
14.2,164.8,6.19,49.8,180,180.0,180.2,180.0,500.0,500.0,0.0,0.0,0.0,0.3,0.39
14.0,164.9,6.19,49.8,181,180.0,180.0,180.0,500.0,500.0,0.0,0.0,0.0,0.3,0.41
13.8,165.2,6.19,50.0,182,180.0,180.0,180.0,500.0,500.0,0.0,0.0,0.0,0.3,0.42
12.8,165.6,6.19,50.0,183,180.0,180.0,180.0,500.0,500.0,0.0,0.0,0.0,0.3,0.43
11.9,166.0,6.19,50.0,184,180.0,180.0,180.0,500.0,500.0,0.0,0.0,0.0,0.3,0.44
11.3,166.4,6.19,49.8,185,180.0,180.0,180.0,500.0,500.0,0.0,0.0,0.0,0.3,0.45
10.5,166.8,6.19,49.8,186,180.0,180.0,180.0,500.0,500.0,0.0,0.0,0.0,0.3,0.46
9.9,167.2,6.19,49.8,187,180.0,180.0,180.0,500.0,500.0,0.0,0.0,0.0,0.3,0.46
9.5,167.6,6.19,49.8,188,180.0,180.0,180.0,500.0,500.0,0.0,0.0,0.0,0.3,0.47
9.7,167.9,6.19,49.8,189,180.0,180.0,180.0,500.0,500.0,0.0,0.0,0.0,0.3,0.48
9.6,168.3,6.19,50.0,190,180.0,180.0,180.0,500.0,500.0,0.0,0.0,0.0,0.3,0.49
9.5,168.7,6.19,49.8,191,180.0,180.0,180.0,500.0,500.0,0.0,0.0,0.0,0.3,0.50
9.1,169.1,6.19,49.8,192,180.0,180.0,180.0,500.0,500.0,0.0,0.0,0.0,0.3,0.50
9.0,169.5,6.19,49.8,193,180.0,180.0,180.0,500.0,500.0,0.0,0.0,0.0,0.3,0.51
8.8,169.9,6.19,49.8,194,180.0,180.0,180.0,500.0,500.0,0.0,0.0,0.0,0.3,0.52
8.8,170.3,6.19,49.8,195,180.0,180.0,180.0,500.0,500.0,0.0,0.0,0.0,0.3,0.53
8.9,170.6,6.19,50.0,196,180.0,180.0,180.0,500.0,500.0,0.0,0.0,0.0,0.3,0.53
9.4,170.8,6.19,50.0,197,180.0,180.0,180.0,500.0,500.0,0.0,0.0,0.0,0.3,0.54
9.7,170.9,6.19,49.8,198,180.0,180.0,180.0,500.0,500.0,0.0,0.0,0.0,0.3,0.55
9.6,171.2,6.19,49.8,199,180.1,180.0,180.0,500.0,500.0,0.0,0.0,0.0,0.3,0.56
9.5,171.4,6.19,49.8,200,180.1,180.0,180.0,500.0,500.0,0.0,0.0,0.0,0.3,0.56
9.6,171.7,6.19,49.8,201,180.1,180.0,180.0,500.0,500.0,0.0,0.0,0.0,0.3,0.57
9.8,171.9,6.19,49.8,202,180.1,180.0,180.0,500.0,500.0,0.0,0.0,0.0,0.3,0.58
9.5,172.2,6.19,50.0,203,180.1,180.0,180.0,500.0,500.0,0.0,0.0,0.0,0.3,0.59
9.7,172.5,6.19,50.0,204,180.1,180.0,180.0,500.0,500.0,0.0,0.0,0.0,0.3,0.60
9.8,172.7,6.19,50.0,205,180.1,180.0,180.0,500.0,500.0,0.0,0.0,0.0,0.3,0.60
10.0,172.9,6.19,50.0,206,180.1,180.0,180.0,500.0,500.0,0.0,0.0,0.0,0.3,0.61
9.8,173.1,6.19,50.0,207,180.1,180.1,180.0,500.0,500.0,0.0,0.0,0.0,0.3,0.62
10.2,173.3,6.19,50.0,208,180.1,180.3,180.0,500.0,500.0,0.0,0.0,0.0,0.3,0.63
10.1,173.5,6.19,50.0,209,180.1,180.4,180.0,500.0,500.0,0.0,0.0,0.0,0.3,0.64
10.0,173.7,6.19,50.0,210,180.1,180.5,180.0,500.0,500.0,0.0,0.0,0.0,0.3,0.65
9.8,173.9,6.19,49.8,211,180.1,180.5,180.0,500.0,500.0,0.0,0.0,0.0,0.3,0.65
9.8,174.0,6.19,49.8,212,180.1,180.5,180.0,500.0,500.0,0.0,0.0,0.0,0.3,0.66
10.0,174.2,6.19,49.8,213,180.1,180.6,180.0,500.0,500.0,0.0,0.0,0.0,0.3,0.67
10.0,174.4,6.19,49.8,214,180.1,180.7,180.0,500.0,500.0,0.0,0.0,0.0,0.3,0.68
9.7,174.6,6.19,49.8,215,180.1,180.7,180.0,500.0,500.0,0.0,0.0,0.0,0.3,0.69
9.3,174.7,6.19,50.0,216,180.1,180.7,180.0,500.0,500.0,0.0,0.0,0.0,0.3,0.70
9.4,174.9,6.19,50.0,217,180.1,180.7,180.0,500.0,500.0,0.0,0.0,0.0,0.3,0.70
9.3,175.0,6.19,50.0,218,180.1,180.6,180.0,500.0,500.0,0.0,0.0,0.0,0.3,0.71
9.3,175.2,6.19,50.0,219,180.2,180.5,180.0,500.0,500.0,0.0,0.0,0.0,0.3,0.72
9.5,175.3,6.19,50.0,220,180.2,180.5,180.0,500.0,500.0,0.0,0.0,0.0,0.3,0.73
9.8,175.4,6.18,50.0,221,180.2,180.5,180.0,500.0,500.0,0.0,0.0,0.0,0.3,0.73
9.7,175.5,6.18,50.0,222,180.2,180.3,180.0,500.0,500.0,0.0,0.0,0.0,0.3,0.74
9.8,175.7,6.18,50.0,223,180.2,180.1,180.0,500.0,500.0,0.0,0.0,0.0,0.3,0.75
9.7,175.8,6.18,49.8,224,180.2,180.1,180.0,500.0,500.0,0.0,0.0,0.0,0.3,0.76
9.4,175.9,6.18,49.8,225,180.2,180.1,180.0,500.0,500.0,0.0,0.0,0.0,0.3,0.77
9.1,176.0,6.19,49.8,226,180.2,180.1,180.0,500.0,500.0,0.0,0.0,0.0,0.3,0.77
8.7,176.1,6.19,49.8,227,180.2,180.1,180.0,500.0,500.0,0.0,0.0,0.0,0.3,0.78
8.8,176.2,6.19,49.8,228,180.3,180.0,180.0,500.0,500.0,0.0,0.0,0.0,0.3,0.79
9.3,176.3,6.19,50.0,229,180.3,180.0,180.0,500.0,500.0,0.0,0.0,0.0,0.3,0.80
9.9,176.4,6.19,50.0,230,180.3,180.0,180.0,500.0,500.0,0.0,0.0,0.0,0.3,0.80
10.2,176.5,6.18,50.0,231,180.3,180.0,180.0,500.0,500.0,0.0,0.0,0.0,0.3,0.81
10.5,176.7,6.18,50.0,232,180.3,180.0,180.0,500.0,500.0,0.0,0.0,0.0,0.3,0.82
10.4,176.8,6.18,49.8,233,180.3,180.0,180.0,500.0,500.0,0.0,0.0,0.0,0.3,0.83
10.0,176.9,6.18,49.8,234,180.3,180.0,180.0,500.0,500.0,0.0,0.0,0.0,0.3,0.84
9.4,177.0,6.18,49.8,235,180.3,180.0,180.0,500.0,500.0,0.0,0.0,0.0,0.3,0.85
9.0,177.1,6.19,49.8,236,180.3,180.0,180.0,500.0,500.0,0.0,0.0,0.0,0.3,0.85
8.9,177.2,6.19,49.8,237,180.3,180.0,180.0,500.0,500.0,0.0,0.0,0.0,0.3,0.86
8.8,177.3,6.19,49.8,238,180.3,180.0,180.0,500.0,500.0,0.0,0.0,0.0,0.3,0.87
9.1,177.3,6.19,49.8,239,180.3,179.9,180.1,500.0,500.0,0.0,0.0,0.0,0.3,0.88
9.7,177.4,6.19,49.8,240,180.3,179.9,180.1,500.0,500.0,0.0,0.0,0.0,0.3,0.88
10.0,177.6,6.19,49.8,241,180.3,179.9,180.1,500.0,500.0,0.0,0.0,0.0,0.3,0.89
9.6,177.7,6.19,49.8,242,180.3,179.9,180.1,500.0,500.0,0.0,0.0,0.0,0.3,0.90
9.3,177.8,6.19,50.0,243,180.3,179.9,180.1,500.0,500.0,0.0,0.0,0.0,0.3,0.91
9.2,177.9,6.19,49.8,244,180.3,179.9,180.1,500.0,500.0,0.0,0.0,0.0,0.3,0.92
9.3,178.0,6.19,49.8,245,180.3,179.9,180.1,500.0,500.0,0.0,0.0,0.0,0.3,0.92
9.2,178.1,6.19,49.6,246,180.3,179.9,180.1,500.0,500.0,0.0,0.0,0.0,0.3,0.93
9.5,178.1,6.19,49.6,247,180.3,180.0,180.1,500.0,500.0,0.0,0.0,0.0,0.3,0.94
10.0,178.2,6.19,49.6,248,180.3,180.0,180.2,500.0,500.0,0.0,0.0,0.0,0.3,0.95
9.9,178.3,6.19,49.8,249,180.3,180.0,180.2,500.0,500.0,0.0,0.0,0.0,0.3,0.96
9.7,178.4,6.19,49.8,250,180.3,180.0,180.2,500.0,500.0,0.0,0.0,0.0,0.3,0.96
9.6,178.5,6.19,50.0,251,180.3,180.0,180.2,500.0,500.0,0.0,0.0,0.0,0.3,0.97
9.4,178.6,6.19,50.0,252,180.3,180.0,180.2,500.0,500.0,0.0,0.0,0.0,0.3,0.98
9.1,178.7,6.19,49.8,253,180.3,180.0,180.2,500.0,500.0,0.0,0.0,0.0,0.3,0.99
9.0,178.8,6.19,49.8,254,180.3,180.0,180.2,500.0,500.0,0.0,0.0,0.0,0.3,0.99
9.3,178.8,6.18,49.8,255,180.3,180.0,180.2,500.0,500.0,0.0,0.0,0.0,0.3,1.00
9.3,178.8,6.19,49.8,256,180.3,180.0,180.2,500.0,500.0,0.0,0.0,0.0,0.3,1.01
9.0,178.8,6.19,49.8,257,180.3,180.0,180.2,500.0,500.0,0.0,0.0,0.0,0.3,1.02
8.7,178.9,6.19,50.0,258,180.3,180.0,180.2,500.0,500.0,0.0,0.0,0.0,0.3,1.02
8.5,179.0,6.19,50.0,259,180.3,180.1,180.2,500.0,500.0,0.0,0.0,0.0,0.3,1.03
8.3,179.0,6.19,50.0,260,180.3,180.1,180.2,500.0,500.0,0.0,0.0,0.0,0.3,1.04
8.6,179.1,6.18,50.0,261,180.3,180.1,180.2,500.0,500.0,0.0,0.0,0.0,0.3,1.05
8.8,179.2,6.18,50.0,262,180.2,180.2,180.2,500.0,500.0,0.0,0.0,0.0,0.3,1.05
9.0,179.3,6.18,50.0,263,180.2,180.3,180.2,500.0,500.0,0.0,0.0,0.0,0.3,1.06
9.4,179.4,6.18,50.0,264,180.2,180.4,180.2,500.0,500.0,0.0,0.0,0.0,0.3,1.07
9.3,179.4,6.18,50.0,265,180.2,180.4,180.2,500.0,500.0,0.0,0.0,0.0,0.3,1.08
8.9,179.5,6.18,49.8,266,180.2,180.4,180.2,500.0,500.0,0.0,0.0,0.0,0.3,1.08
8.9,179.6,6.18,49.8,267,180.2,180.4,180.2,500.0,500.0,0.0,0.0,0.0,0.3,1.09
8.8,179.6,6.19,49.8,268,180.2,180.4,180.2,500.0,500.0,0.0,0.0,0.0,0.3,1.10
8.6,179.7,6.18,49.8,269,180.2,180.4,180.2,500.0,500.0,0.0,0.0,0.0,0.3,1.11
8.7,179.7,6.18,49.8,270,180.2,180.4,180.2,500.0,500.0,0.0,0.0,0.0,0.3,1.11
8.9,179.8,6.18,50.0,271,180.2,180.4,180.1,500.0,500.0,0.0,0.0,0.0,0.3,1.12
9.3,179.8,6.18,49.8,272,180.2,180.3,180.1,500.0,500.0,0.0,0.0,0.0,0.3,1.13
9.2,179.9,6.18,49.8,273,180.2,180.1,180.1,500.0,500.0,0.0,0.0,0.0,0.3,1.14
8.8,180.0,6.19,49.8,274,180.2,180.1,180.1,500.0,500.0,0.0,0.0,0.0,0.3,1.14
8.7,180.0,6.18,49.8,275,180.2,180.1,180.1,500.0,500.0,0.0,0.0,0.0,0.3,1.15
8.8,180.1,6.19,49.8,276,180.2,180.0,180.1,500.0,500.0,0.0,0.0,0.0,0.3,1.16
8.8,180.2,6.19,50.0,277,180.2,180.0,180.1,500.0,500.0,0.0,0.0,0.0,0.3,1.16
8.7,180.3,6.19,50.0,278,180.2,180.0,180.1,500.0,500.0,0.0,0.0,0.0,0.3,1.17
8.7,180.3,6.19,49.8,279,180.2,180.0,180.1,500.0,500.0,0.0,0.0,0.0,0.3,1.18
8.4,180.4,6.19,49.8,280,180.2,180.0,180.0,500.0,500.0,0.0,0.0,0.0,0.3,1.19
8.4,180.4,6.19,49.8,281,180.2,180.0,180.0,500.0,500.0,0.0,0.0,0.0,0.3,1.19
8.1,180.5,6.19,49.8,282,180.2,180.0,180.0,500.0,500.0,0.0,0.0,0.0,0.3,1.20
8.1,180.6,6.19,49.8,283,180.1,180.0,180.0,500.0,500.0,0.0,0.0,0.0,0.3,1.21
8.2,180.6,6.19,50.0,284,180.1,180.0,180.0,500.0,500.0,0.0,0.0,0.0,0.3,1.21
8.5,180.7,6.19,49.8,285,180.1,180.0,180.0,500.0,500.0,0.0,0.0,0.0,0.3,1.22
8.4,180.8,6.19,49.8,286,180.1,180.0,180.0,500.0,500.0,0.0,0.0,0.0,0.3,1.23
8.6,180.8,6.18,49.8,287,180.1,180.0,180.0,500.0,500.0,0.0,0.0,0.0,0.3,1.23
8.7,180.9,6.18,49.8,288,180.1,179.9,180.0,500.0,500.0,0.0,0.0,0.0,0.3,1.24
8.7,180.9,6.18,49.8,289,180.1,179.9,180.0,500.0,500.0,0.0,0.0,0.0,0.3,1.25
8.5,181.0,6.18,50.0,290,180.1,179.9,180.0,500.0,500.0,0.0,0.0,0.0,0.3,1.26
8.4,181.0,6.18,50.0,291,180.1,179.9,180.0,500.0,500.0,0.0,0.0,0.0,0.3,1.26
8.6,181.1,6.19,49.8,292,180.1,179.9,180.0,500.0,500.0,0.0,0.0,0.0,0.3,1.27
8.8,181.1,6.19,49.8,293,180.1,179.9,180.0,500.0,500.0,0.0,0.0,0.0,0.3,1.28
9.1,181.1,6.19,49.8,294,180.1,179.9,180.0,500.0,500.0,0.0,0.0,0.0,0.3,1.29
8.8,181.2,6.19,49.8,295,180.1,180.0,180.0,500.0,500.0,0.0,0.0,0.0,0.3,1.29
8.5,181.3,6.19,49.8,296,180.1,180.0,180.0,500.0,500.0,0.0,0.0,0.0,0.3,1.30
8.4,181.3,6.19,50.0,297,180.1,180.0,180.0,500.0,500.0,0.0,0.0,0.0,0.3,1.31
8.5,181.3,6.19,50.0,298,180.1,180.0,180.0,500.0,500.0,0.0,0.0,0.0,0.3,1.31
8.3,181.4,6.19,50.0,299,180.1,180.0,180.0,500.0,500.0,0.0,0.0,0.0,0.3,1.32
8.6,181.5,6.19,50.0,300,180.1,180.0,180.0,500.0,500.0,0.0,0.0,0.0,0.3,1.33
8.9,181.5,6.19,50.0,301,180.1,180.0,180.0,500.0,500.0,0.0,0.0,0.0,0.3,1.34
9.0,181.5,6.18,50.0,302,180.1,180.0,180.0,500.0,500.0,0.0,0.0,0.0,0.3,1.34
9.0,181.6,6.18,50.0,303,180.1,180.0,180.0,500.0,500.0,0.0,0.0,0.0,0.3,1.35
8.8,181.7,6.18,50.0,304,180.2,180.0,180.0,500.0,500.0,0.0,0.0,0.0,0.3,1.36
8.5,181.7,6.19,49.8,305,180.3,180.0,180.0,500.0,500.0,0.0,0.0,0.0,0.3,1.36
8.5,181.8,6.19,49.8,306,180.3,180.1,180.0,500.0,500.0,0.0,0.0,0.0,0.3,1.37
8.4,181.8,6.19,49.8,307,180.3,180.2,180.0,500.0,500.0,0.0,0.0,0.0,0.3,1.38
8.3,181.9,6.18,49.8,308,180.3,180.2,180.0,500.0,500.0,0.0,0.0,0.0,0.3,1.39
8.5,182.0,6.18,49.8,309,180.3,180.2,180.0,500.0,500.0,0.0,0.0,0.0,0.3,1.39
8.6,182.0,6.18,50.0,310,180.3,180.3,180.0,500.0,500.0,0.0,0.0,0.0,0.3,1.40
8.6,182.1,6.18,49.8,311,180.3,180.4,180.0,500.0,500.0,0.0,0.0,0.0,0.3,1.41
8.3,182.1,6.18,49.6,312,180.3,180.4,180.0,500.0,500.0,0.0,0.0,0.0,0.3,1.41
8.4,182.2,6.19,49.6,313,180.3,180.4,180.0,500.0,500.0,0.0,0.0,0.0,0.3,1.42
8.7,182.2,6.19,49.6,314,180.3,180.4,180.0,500.0,500.0,0.0,0.0,0.0,0.3,1.43
8.9,182.2,6.19,49.6,315,180.3,180.5,180.0,500.0,500.0,0.0,0.0,0.0,0.3,1.44
8.9,182.3,6.19,49.8,316,180.3,180.5,180.0,500.0,500.0,0.0,0.0,0.0,0.3,1.44
9.1,182.3,6.19,49.8,317,180.3,180.5,180.0,500.0,500.0,0.0,0.0,0.0,0.3,1.45
8.9,182.3,6.19,49.8,318,180.3,180.5,180.0,500.0,500.0,0.0,0.0,0.0,0.3,1.46
8.6,182.4,6.18,49.8,319,180.3,180.5,180.0,500.0,500.0,0.0,0.0,0.0,0.3,1.46
8.5,182.5,6.19,49.8,320,180.3,180.4,180.0,500.0,500.0,0.0,0.0,0.0,0.3,1.47
8.4,182.5,6.19,49.8,321,180.3,180.2,180.0,500.0,500.0,0.0,0.0,0.0,0.3,1.48
8.4,182.6,6.19,50.0,322,180.3,180.2,180.0,500.0,500.0,0.0,0.0,0.0,0.3,1.49
8.5,182.7,6.19,50.0,323,180.3,180.2,180.0,500.0,500.0,0.0,0.0,0.0,0.3,1.49
8.7,182.7,6.19,49.8,324,180.3,180.2,180.0,500.0,500.0,0.0,0.0,0.0,0.3,1.50
8.8,182.7,6.19,49.8,325,180.3,180.0,180.0,500.0,500.0,0.0,0.0,0.0,0.3,1.51
8.7,182.8,6.19,49.8,326,180.3,180.0,180.0,500.0,500.0,0.0,0.0,0.0,0.3,1.51
8.2,182.8,6.18,49.8,327,180.3,180.0,180.0,500.0,500.0,0.0,0.0,0.0,0.3,1.52
8.1,182.8,6.18,49.8,328,180.3,180.0,180.0,500.0,500.0,0.0,0.0,0.0,0.3,1.53
8.0,182.8,6.19,50.0,329,180.3,180.0,180.0,500.0,500.0,0.0,0.0,0.0,0.3,1.53
7.9,182.9,6.18,49.8,330,180.3,180.0,180.1,500.0,500.0,0.0,0.0,0.0,0.3,1.54
8.3,182.9,6.19,49.8,331,180.3,180.0,180.1,500.0,500.0,0.0,0.0,0.0,0.3,1.55
8.4,183.0,6.19,49.8,332,180.3,180.0,180.1,500.0,500.0,0.0,0.0,0.0,0.3,1.56
8.6,183.1,6.19,49.8,333,180.3,180.0,180.1,500.0,500.0,0.0,0.0,0.0,0.3,1.56
8.7,183.1,6.19,49.8,334,180.3,180.0,180.1,500.0,500.0,0.0,0.0,0.0,0.3,1.57
8.6,183.1,6.19,50.0,335,180.3,180.0,180.1,500.0,500.0,0.0,0.0,0.0,0.3,1.58
8.1,183.2,6.19,49.8,336,180.3,180.0,180.1,500.0,500.0,0.0,0.0,0.0,0.3,1.58
8.0,183.2,6.19,49.8,337,180.3,180.0,180.1,500.0,500.0,0.0,0.0,0.0,0.3,1.59
7.8,183.3,6.19,49.8,338,180.3,180.0,180.1,500.0,500.0,0.0,0.0,0.0,0.3,1.60
7.8,183.3,6.19,49.8,339,180.3,180.0,180.2,500.0,500.0,0.0,0.0,0.0,0.3,1.60
7.9,183.4,6.19,49.8,340,180.4,180.0,180.3,500.0,500.0,0.0,0.0,0.0,0.3,1.61
8.2,183.4,6.19,50.0,341,180.4,180.0,180.3,500.0,500.0,0.0,0.0,0.0,0.3,1.62
8.5,183.5,6.19,50.0,342,180.4,180.0,180.3,500.0,500.0,0.0,0.0,0.0,0.3,1.62
8.5,183.5,6.19,49.8,343,180.4,180.0,180.3,500.0,500.0,0.0,0.0,0.0,0.3,1.63
8.3,183.5,6.19,49.8,344,180.4,180.0,180.3,500.0,500.0,0.0,0.0,0.0,0.3,1.64
8.3,183.6,6.18,49.8,345,180.4,180.0,180.3,500.0,500.0,0.0,0.0,0.0,0.3,1.64
8.4,183.7,6.19,49.8,346,180.4,180.0,180.3,500.0,500.0,0.0,0.0,0.0,0.3,1.65
8.1,183.7,6.19,49.8,347,180.4,180.0,180.3,500.0,500.0,0.0,0.0,0.0,0.3,1.66
8.1,183.7,6.19,50.0,348,180.4,180.0,180.4,500.0,500.0,0.0,0.0,0.0,0.3,1.66
8.3,183.8,6.19,49.8,349,180.4,180.0,180.4,500.0,500.0,0.0,0.0,0.0,0.3,1.67
8.4,183.8,6.19,49.8,350,180.4,180.1,180.4,500.0,500.0,0.0,0.0,0.0,0.3,1.68
8.4,183.8,6.19,49.8,351,180.3,180.2,180.4,500.0,500.0,0.0,0.0,0.0,0.3,1.69
8.7,183.9,6.19,49.8,352,180.3,180.2,180.4,500.0,500.0,0.0,0.0,0.0,0.3,1.69
8.6,183.9,6.19,49.8,353,180.3,180.2,180.4,500.0,500.0,0.0,0.0,0.0,0.3,1.70
8.3,183.9,6.19,50.0,354,180.3,180.3,180.4,500.0,500.0,0.0,0.0,0.0,0.3,1.71
8.2,184.0,6.19,50.0,355,180.3,180.3,180.4,500.0,500.0,0.0,0.0,0.0,0.3,1.71
8.3,184.0,6.19,49.8,356,180.3,180.6,180.4,500.0,500.0,0.0,0.0,0.0,0.3,1.72
8.4,184.0,6.19,49.8,357,180.3,180.6,180.4,500.0,500.0,0.0,0.0,0.0,0.3,1.73
8.5,184.1,6.19,49.8,358,180.3,180.6,180.4,500.0,500.0,0.0,0.0,0.0,0.3,1.73
8.1,184.1,6.19,49.8,359,180.3,180.6,180.4,500.0,500.0,0.0,0.0,0.0,0.3,1.74
7.9,184.2,6.19,49.8,360,180.3,180.7,180.4,500.0,500.0,0.0,0.0,0.0,0.3,1.75
7.9,184.2,6.19,50.0,361,180.3,180.8,180.4,500.0,500.0,0.0,0.0,0.0,0.3,1.75
7.8,184.2,6.19,49.8,362,180.3,180.8,180.4,500.0,500.0,0.0,0.0,0.0,0.3,1.76
7.7,184.2,6.19,49.8,363,180.3,180.8,180.4,500.0,500.0,0.0,0.0,0.0,0.3,1.77
8.0,184.3,6.19,49.8,364,180.3,180.8,180.4,500.0,500.0,0.0,0.0,0.0,0.3,1.77
