扭矩,料温,压力,转速,时间,温度1,温度2,温度3,温度4,温度5,温度6,温度7,温度8,顶栓,能量
1.7,189.0,6.19,1.0,0,190.0,190.0,190.0,500.0,500.0,0.0,0.0,0.0,0.2,0.00
1.7,189.0,6.19,7.0,1,190.0,189.9,190.0,500.0,500.0,0.0,0.0,0.0,0.2,0.00
1.6,189.1,6.19,18.4,2,190.0,189.9,190.0,500.0,500.0,0.0,0.0,0.0,0.3,0.00
1.5,189.1,6.19,30.4,3,190.0,189.9,190.0,500.0,500.0,0.0,0.0,0.0,0.3,0.00
1.5,189.1,6.19,42.4,4,190.0,189.8,190.0,500.0,500.0,0.0,0.0,0.0,0.3,0.00
1.5,189.1,6.19,53.4,5,190.0,189.8,190.0,500.0,500.0,0.0,0.0,0.0,0.3,0.00
1.5,189.1,6.19,59.4,6,190.0,189.8,190.0,500.0,500.0,0.0,0.0,0.0,0.3,0.01
1.5,189.0,6.19,60.0,7,190.0,189.8,190.0,500.0,500.0,0.0,0.0,0.0,0.3,0.01
1.5,189.0,6.19,60.0,8,190.0,189.8,190.0,500.0,500.0,0.0,0.0,0.0,0.3,0.01
1.5,189.0,6.19,60.0,9,190.0,189.8,190.0,500.0,500.0,0.0,0.0,0.0,0.3,0.01
1.5,189.0,6.19,59.8,10,190.0,189.8,190.0,500.0,500.0,0.0,0.0,0.0,0.3,0.01
1.5,188.9,6.19,59.8,11,190.0,189.9,190.0,500.0,500.0,0.0,0.0,0.0,0.3,0.01
1.4,188.7,6.19,59.8,12,190.0,190.0,190.0,500.0,500.0,0.0,0.0,0.0,0.3,0.01
1.4,188.4,6.19,59.8,13,190.0,190.0,190.0,500.0,500.0,0.0,0.0,0.0,0.3,0.02
1.3,188.0,6.19,59.8,14,190.0,190.0,190.0,500.0,500.0,0.0,0.0,0.0,0.3,0.02
1.2,187.5,6.19,60.0,15,190.0,190.0,190.0,500.0,500.0,0.0,0.0,0.0,0.3,0.02
1.1,186.9,6.19,59.8,16,190.0,190.0,190.0,500.0,500.0,0.0,0.0,0.0,0.3,0.02
1.0,186.3,6.19,59.8,17,190.0,190.0,190.0,500.0,500.0,0.0,0.0,0.0,0.3,0.02
0.9,185.6,6.19,59.8,18,190.0,190.0,190.0,500.0,500.0,0.0,0.0,0.0,0.3,0.02
0.8,185.0,6.19,59.8,19,190.0,190.0,190.0,500.0,500.0,0.0,0.0,0.0,0.3,0.02
0.7,184.4,6.19,59.8,20,190.0,190.0,190.0,500.0,500.0,0.0,0.0,0.0,0.3,0.02
0.7,183.8,6.19,60.0,21,190.0,190.0,190.0,500.0,500.0,0.0,0.0,0.0,0.3,0.02
0.7,183.2,6.19,60.0,22,190.0,190.0,190.0,500.0,500.0,0.0,0.0,0.0,0.3,0.02
0.7,182.6,6.19,60.0,23,190.0,190.0,190.0,500.0,500.0,0.0,0.0,0.0,0.3,0.02
0.7,182.2,6.19,60.0,24,190.0,190.0,190.0,500.0,500.0,0.0,0.0,0.0,0.3,0.03
0.6,181.8,6.20,60.0,25,190.0,190.0,190.0,500.0,500.0,0.0,0.0,0.0,0.3,0.03
0.6,181.5,6.20,60.0,26,190.0,190.0,190.0,500.0,500.0,0.0,0.0,0.0,0.3,0.03
0.5,181.3,6.19,60.0,27,190.0,190.0,190.0,500.0,500.0,0.0,0.0,0.0,0.3,0.03
0.4,181.2,6.19,59.8,28,190.0,190.0,190.0,500.0,500.0,0.0,0.0,0.0,0.3,0.03
0.4,181.1,6.19,59.8,29,190.0,190.0,190.0,500.0,500.0,0.0,0.0,0.0,0.3,0.03
0.3,180.9,6.19,59.8,30,190.0,190.0,190.0,500.0,500.0,0.0,0.0,0.0,0.3,0.03
0.2,180.6,6.19,59.8,31,190.0,190.0,190.0,500.0,500.0,0.0,0.0,0.0,0.3,0.03
0.1,180.2,6.20,59.8,32,190.0,190.0,190.0,500.0,500.0,0.0,0.0,0.0,0.3,0.03
0.1,179.7,6.20,60.0,33,190.0,190.0,190.0,500.0,500.0,0.0,0.0,0.0,0.3,0.03
0.2,179.1,6.20,59.8,34,190.0,190.0,190.0,500.0,500.0,0.0,0.0,0.0,0.3,0.03
0.3,178.5,6.20,59.8,35,190.0,190.0,190.0,500.0,500.0,0.0,0.0,0.0,0.3,0.03
0.3,177.9,6.20,59.8,36,190.0,190.0,190.0,500.0,500.0,0.0,0.0,0.0,0.3,0.03
0.5,177.5,6.20,59.8,37,190.0,190.0,190.0,500.0,500.0,0.0,0.0,0.0,0.3,0.03
0.6,177.1,6.20,59.8,38,190.0,190.0,190.0,500.0,500.0,0.0,0.0,0.0,0.3,0.03
0.7,177.0,6.20,59.8,39,190.0,190.0,190.0,500.0,500.0,0.0,0.0,0.0,0.3,0.03
0.8,176.9,6.20,59.8,40,190.0,190.0,190.0,500.0,500.0,0.0,0.0,0.0,0.3,0.03
0.9,177.0,6.20,59.8,41,190.0,190.0,190.0,500.0,500.0,0.0,0.0,0.0,0.3,0.03
0.8,177.0,6.19,59.8,42,190.0,190.0,190.0,500.0,500.0,0.0,0.0,0.0,0.3,0.03
0.9,176.9,6.19,59.8,43,190.0,190.0,190.0,500.0,500.0,0.0,0.0,0.0,0.3,0.03
0.9,176.9,6.19,60.0,44,190.0,190.0,190.0,500.0,500.0,0.0,0.0,0.0,0.3,0.04
0.9,176.8,6.19,60.0,45,190.0,190.0,190.0,500.0,500.0,0.0,0.0,0.0,0.3,0.04
1.0,176.8,6.19,60.0,46,190.0,190.0,190.0,500.0,500.0,0.0,0.0,0.0,0.3,0.04
1.1,176.8,6.19,59.8,47,190.0,190.0,190.0,500.0,500.0,0.0,0.0,0.0,0.3,0.04
1.1,176.9,6.19,59.8,48,190.0,190.0,190.0,500.0,500.0,0.0,0.0,0.0,0.3,0.04
1.2,177.0,6.20,59.8,49,190.0,189.9,190.0,500.0,500.0,0.0,0.0,0.0,0.3,0.04
1.2,177.1,6.19,59.8,50,190.0,189.9,190.0,500.0,500.0,0.0,0.0,0.0,0.3,0.04
1.3,177.2,6.19,59.8,51,190.0,189.9,190.0,500.0,500.0,0.0,0.0,0.0,0.3,0.04
1.3,177.3,6.19,60.0,52,190.0,189.9,190.0,500.0,500.0,0.0,0.0,0.0,0.3,0.04
1.4,177.4,6.19,59.8,53,190.0,189.9,190.0,500.0,500.0,0.0,0.0,0.0,0.3,0.05
1.5,177.5,6.19,59.6,54,190.0,189.9,190.0,500.0,500.0,0.0,0.0,0.0,0.3,0.05
1.5,177.6,6.19,59.6,55,190.0,189.9,190.0,500.0,500.0,0.0,0.0,0.0,0.3,0.05
1.5,177.7,6.19,59.6,56,190.0,189.9,190.0,500.0,500.0,0.0,0.0,0.0,0.3,0.05
1.5,177.7,6.19,59.6,57,190.0,189.9,190.0,500.0,500.0,0.0,0.0,0.0,0.3,0.05
1.5,177.8,6.19,59.6,58,190.0,190.0,190.0,500.0,500.0,0.0,0.0,0.0,0.3,0.05
1.5,177.9,6.19,59.8,59,190.0,190.0,190.0,500.0,500.0,0.0,0.0,0.0,0.3,0.05
1.4,177.9,6.19,59.8,60,190.0,190.0,190.0,500.0,500.0,0.0,0.0,0.0,0.3,0.06
1.4,177.9,6.20,59.8,61,190.0,190.0,190.0,500.0,500.0,0.0,0.0,0.0,0.3,0.06
1.4,177.9,6.20,59.8,62,190.0,190.0,190.0,500.0,500.0,0.0,0.0,0.0,0.3,0.06
1.4,177.9,6.20,59.8,63,190.0,190.0,190.0,500.0,500.0,0.0,0.0,0.0,0.3,0.06
1.4,177.9,6.20,59.8,64,190.0,190.0,190.0,500.0,500.0,0.0,0.0,0.0,0.3,0.06
1.4,177.9,6.20,59.8,65,190.0,190.0,190.0,500.0,500.0,0.0,0.0,0.0,0.3,0.06
1.4,177.9,6.20,59.8,66,190.0,190.0,190.0,500.0,500.0,0.0,0.0,0.0,0.3,0.06
1.4,178.0,6.19,59.8,67,189.9,190.0,190.0,500.0,500.0,0.0,0.0,0.0,0.3,0.07
1.4,178.1,6.19,60.0,68,189.9,190.0,190.0,500.0,500.0,0.0,0.0,0.0,0.3,0.07
1.4,178.2,6.19,60.0,69,189.9,190.0,190.0,500.0,500.0,0.0,0.0,0.0,0.3,0.07
1.3,178.2,6.19,60.0,70,189.9,190.0,190.0,500.0,500.0,0.0,0.0,0.0,0.3,0.07
1.3,178.3,6.19,60.0,71,189.9,190.0,190.0,500.0,500.0,0.0,0.0,0.0,0.3,0.07
1.2,178.3,6.19,60.0,72,189.9,190.0,190.0,500.0,500.0,0.0,0.0,0.0,0.3,0.07
1.1,178.3,6.19,60.0,73,189.9,190.0,190.0,500.0,500.0,0.0,0.0,0.0,0.3,0.07
1.0,178.3,6.19,59.8,74,189.9,190.0,190.0,500.0,500.0,0.0,0.0,0.0,0.3,0.07
0.9,178.3,6.19,59.8,75,189.9,190.0,190.0,500.0,500.0,0.0,0.0,0.0,0.3,0.08
0.8,178.3,6.19,59.8,76,189.9,190.0,190.0,500.0,500.0,0.0,0.0,0.0,0.3,0.08
0.8,178.3,6.19,59.8,77,190.0,190.0,190.0,500.0,500.0,0.0,0.0,0.0,0.3,0.08
0.7,178.4,6.19,59.8,78,190.0,190.0,190.0,500.0,500.0,0.0,0.0,0.0,0.3,0.08
0.6,178.4,6.19,60.0,79,190.0,190.0,190.0,500.0,500.0,0.0,0.0,0.0,0.3,0.08
0.5,178.5,6.19,60.0,80,190.0,190.0,190.0,500.0,500.0,0.0,0.0,0.0,0.3,0.08
0.3,178.7,6.19,60.0,81,190.0,190.0,190.0,500.0,500.0,0.0,0.0,0.0,0.3,0.08
0.2,178.8,6.19,60.0,82,190.0,190.0,190.0,500.0,500.0,0.0,0.0,0.0,0.3,0.08
0.1,178.9,6.19,60.0,83,190.0,190.0,190.0,500.0,500.0,0.0,0.0,0.0,0.3,0.08
0.1,179.1,6.19,60.0,84,190.0,190.0,190.0,500.0,500.0,0.0,0.0,0.0,0.3,0.08
0.1,179.2,6.19,59.8,85,190.0,190.0,190.0,500.0,500.0,0.0,0.0,0.0,0.3,0.08
0.2,179.3,6.19,59.8,86,190.0,190.0,190.0,500.0,500.0,0.0,0.0,0.0,0.3,0.08
0.4,179.4,6.19,59.8,87,190.0,190.0,190.0,500.0,500.0,0.0,0.0,0.0,0.3,0.08
0.7,179.5,6.19,59.6,88,190.0,190.0,190.0,500.0,500.0,0.0,0.0,0.0,0.3,0.08
0.9,179.5,6.19,59.6,89,190.0,190.0,190.0,500.0,500.0,0.0,0.0,0.0,0.3,0.08
1.2,179.6,6.20,59.8,90,190.0,190.0,190.0,500.0,500.0,0.0,0.0,0.0,0.3,0.08
1.5,179.6,6.20,59.8,91,190.0,190.0,190.0,500.0,500.0,0.0,0.0,0.0,0.3,0.08
1.8,179.8,6.19,59.6,92,190.0,190.0,190.0,500.0,500.0,0.0,0.0,0.0,0.3,0.09
2.1,179.9,6.19,59.8,93,190.0,190.0,190.0,500.0,500.0,0.0,0.0,0.0,0.3,0.09
2.5,180.1,6.19,59.8,94,190.0,190.0,190.0,500.0,500.0,0.0,0.0,0.0,0.3,0.09
2.6,180.2,6.19,59.8,95,190.0,190.0,190.0,500.0,500.0,0.0,0.0,0.0,0.3,0.09
2.7,180.3,6.19,59.8,96,190.0,190.0,190.0,500.0,500.0,0.0,0.0,0.0,0.3,0.10
2.8,180.4,6.19,60.0,97,190.0,190.0,190.0,500.0,500.0,0.0,0.0,0.0,0.3,0.10
2.8,180.5,6.19,60.0,98,190.0,190.0,190.0,500.0,500.0,0.0,0.0,0.0,0.3,0.10
2.8,180.6,6.19,60.0,99,190.0,190.0,190.0,500.0,500.0,0.0,0.0,0.0,0.3,0.10
2.8,180.6,6.19,60.0,100,190.0,190.0,190.0,500.0,500.0,0.0,0.0,0.0,0.3,0.11
2.8,180.7,6.19,60.0,101,190.0,190.0,190.0,500.0,500.0,0.0,0.0,0.0,0.3,0.11
2.8,180.9,6.19,60.0,102,190.0,190.0,190.0,500.0,500.0,0.0,0.0,0.0,0.3,0.11
2.9,181.1,6.19,59.8,103,190.0,190.0,190.0,500.0,500.0,0.0,0.0,0.0,0.3,0.12
2.9,181.2,6.19,59.8,104,190.0,190.0,190.0,500.0,500.0,0.0,0.0,0.0,0.3,0.12
3.1,181.4,6.19,59.8,105,190.0,190.0,190.0,500.0,500.0,0.0,0.0,0.0,0.3,0.12
3.1,181.5,6.19,59.8,106,190.0,190.0,190.0,500.0,500.0,0.0,0.0,0.0,0.3,0.12
3.2,181.6,6.19,59.8,107,190.0,190.0,190.0,500.0,500.0,0.0,0.0,0.0,0.3,0.13
3.2,181.6,6.19,59.8,108,190.0,190.0,190.0,500.0,500.0,0.0,0.0,0.0,0.3,0.13
3.3,181.7,6.19,59.6,109,190.0,190.0,190.0,500.0,500.0,0.0,0.0,0.0,0.3,0.13
3.3,181.8,6.19,59.6,110,190.0,190.0,190.0,500.0,500.0,0.0,0.0,0.0,0.3,0.14
3.3,181.8,6.19,59.6,111,190.0,190.0,190.0,500.0,500.0,0.0,0.0,0.0,0.3,0.14
3.9,181.9,6.19,59.6,112,190.0,190.0,190.0,500.0,500.0,0.0,0.0,0.0,0.3,0.14
5.6,181.8,6.19,59.6,113,190.0,190.0,190.0,500.0,500.0,0.0,0.0,0.0,0.3,0.15
7.6,181.0,6.19,59.8,114,190.0,190.0,190.0,500.0,500.0,0.0,0.0,0.0,0.3,0.16
9.6,178.8,6.19,59.8,115,190.0,190.0,190.0,500.0,500.0,0.0,0.0,0.0,0.3,0.17
10.9,175.9,6.19,59.8,116,190.0,190.0,190.0,500.0,500.0,0.0,0.0,0.0,0.3,0.18
12.5,173.0,6.20,59.8,117,190.0,190.0,190.0,500.0,500.0,0.0,0.0,0.0,0.3,0.19
12.8,171.4,6.20,59.8,118,190.0,190.0,190.0,500.0,500.0,0.0,0.0,0.0,0.3,0.20
12.6,170.5,6.20,59.8,119,190.0,190.1,190.0,500.0,500.0,0.0,0.0,0.0,0.3,0.22
12.7,170.2,6.20,59.8,120,190.0,190.2,190.0,500.0,500.0,0.0,0.0,0.0,0.3,0.23
12.9,170.2,6.20,59.8,121,190.0,190.2,190.0,500.0,500.0,0.0,0.0,0.0,0.3,0.24
12.8,170.3,6.20,59.8,122,190.0,190.2,190.0,500.0,500.0,0.0,0.0,0.0,0.3,0.25
12.3,170.4,6.20,60.0,123,190.0,190.2,190.0,500.0,500.0,0.0,0.0,0.0,0.3,0.27
11.8,170.6,6.20,59.8,124,190.0,190.2,190.0,500.0,500.0,0.0,0.0,0.0,0.3,0.28
11.3,170.9,6.20,59.8,125,190.0,190.2,190.0,500.0,500.0,0.0,0.0,0.0,0.3,0.29
11.2,171.3,6.20,59.8,126,190.0,190.2,190.0,500.0,500.0,0.0,0.0,0.0,0.3,0.30
10.6,171.7,6.19,59.8,127,190.0,190.2,190.0,500.0,500.0,0.0,0.0,0.0,0.3,0.31
10.4,172.2,6.20,59.8,128,190.0,190.2,190.0,500.0,500.0,0.0,0.0,0.0,0.3,0.32
10.3,172.6,6.20,60.0,129,190.0,190.2,190.0,500.0,500.0,0.0,0.0,0.0,0.3,0.33
9.9,173.1,6.20,60.0,130,190.0,190.2,190.0,500.0,500.0,0.0,0.0,0.0,0.3,0.34
9.4,173.6,6.19,60.0,131,190.0,190.2,190.0,500.0,500.0,0.0,0.0,0.0,0.3,0.35
9.2,174.1,6.20,60.0,132,190.0,190.0,190.0,500.0,500.0,0.0,0.0,0.0,0.3,0.36
8.9,174.5,6.20,60.0,133,190.0,190.0,190.0,500.0,500.0,0.0,0.0,0.0,0.3,0.37
8.5,175.0,6.20,59.8,134,190.0,190.0,190.0,500.0,500.0,0.0,0.0,0.0,0.3,0.38
8.6,175.5,6.20,59.8,135,190.0,190.0,190.0,500.0,500.0,0.0,0.0,0.0,0.3,0.39
8.6,176.0,6.20,59.8,136,190.0,190.0,190.0,500.0,500.0,0.0,0.0,0.0,0.3,0.40
8.6,176.4,6.20,59.8,137,190.0,190.0,190.0,500.0,500.0,0.0,0.0,0.0,0.3,0.40
8.7,176.9,6.19,59.8,138,190.0,190.0,190.0,500.0,500.0,0.0,0.0,0.0,0.3,0.41
8.8,177.3,6.19,60.0,139,190.0,190.0,190.0,500.0,500.0,0.0,0.0,0.0,0.3,0.42
8.7,177.7,6.19,59.8,140,190.0,190.0,190.0,500.0,500.0,0.0,0.0,0.0,0.3,0.43
8.6,178.2,6.19,59.8,141,190.0,190.0,190.0,500.0,500.0,0.0,0.0,0.0,0.3,0.44
8.5,178.6,6.19,59.8,142,190.0,190.0,190.0,500.0,500.0,0.0,0.0,0.0,0.3,0.45
8.5,179.0,6.19,59.8,143,190.0,190.0,190.0,500.0,500.0,0.0,0.0,0.0,0.3,0.46
8.7,179.5,6.19,59.6,144,190.0,190.0,190.0,500.0,500.0,0.0,0.0,0.0,0.3,0.46
8.8,179.9,6.19,59.6,145,190.0,190.0,190.0,500.0,500.0,0.0,0.0,0.0,0.3,0.47
8.9,180.3,6.19,59.6,146,190.0,189.8,190.0,500.0,500.0,0.0,0.0,0.0,0.3,0.48
9.1,180.6,6.19,59.6,147,190.0,189.8,190.0,500.0,500.0,0.0,0.0,0.0,0.3,0.49
9.1,181.0,6.19,59.6,148,190.0,189.8,190.0,500.0,500.0,0.0,0.0,0.0,0.3,0.50
9.1,181.3,6.20,59.8,149,190.0,189.8,190.0,500.0,500.0,0.0,0.0,0.0,0.3,0.51
9.0,181.7,6.20,59.8,150,190.0,189.8,190.0,500.0,500.0,0.0,0.0,0.0,0.3,0.52
8.9,182.0,6.20,59.8,151,190.0,189.8,190.0,500.0,500.0,0.0,0.0,0.0,0.3,0.53
8.7,182.3,6.20,59.8,152,190.0,189.8,190.0,500.0,500.0,0.0,0.0,0.0,0.3,0.54
8.6,182.6,6.19,59.8,153,190.0,189.8,190.0,500.0,500.0,0.0,0.0,0.0,0.3,0.54
8.5,182.7,6.19,59.8,154,190.0,189.8,190.0,500.0,500.0,0.0,0.0,0.0,0.3,0.55
8.6,182.9,6.19,59.8,155,190.0,189.8,190.0,500.0,500.0,0.0,0.0,0.0,0.3,0.56
8.8,183.2,6.19,59.8,156,190.0,189.9,190.0,500.0,500.0,0.0,0.0,0.0,0.3,0.57
8.9,183.5,6.19,59.8,157,190.0,190.0,190.0,500.0,500.0,0.0,0.0,0.0,0.3,0.58
9.0,183.7,6.19,59.8,158,190.0,190.0,190.0,500.0,500.0,0.0,0.0,0.0,0.3,0.59
8.9,184.0,6.19,59.6,159,190.0,190.0,190.0,500.0,500.0,0.0,0.0,0.0,0.3,0.60
8.9,184.2,6.19,59.8,160,190.0,190.0,190.0,500.0,500.0,0.0,0.0,0.0,0.3,0.61
8.8,184.5,6.19,59.8,161,190.0,190.0,190.0,500.0,500.0,0.0,0.0,0.0,0.3,0.61
8.7,184.7,6.19,59.8,162,190.0,190.0,190.0,500.0,500.0,0.0,0.0,0.0,0.3,0.62
8.7,184.9,6.19,59.8,163,190.0,190.0,190.0,500.0,500.0,0.0,0.0,0.0,0.3,0.63
8.8,185.1,6.19,60.0,164,190.0,190.0,190.0,500.0,500.0,0.0,0.0,0.0,0.3,0.64
8.8,185.4,6.19,60.0,165,190.0,190.0,190.0,500.0,500.0,0.0,0.0,0.0,0.3,0.65
8.9,185.6,6.19,60.0,166,190.0,190.0,190.0,500.0,500.0,0.0,0.0,0.0,0.3,0.66
9.0,185.8,6.19,60.0,167,190.0,190.0,190.0,500.0,500.0,0.0,0.0,0.0,0.3,0.67
9.0,185.9,6.19,60.0,168,190.0,190.0,190.0,500.0,500.0,0.0,0.0,0.0,0.3,0.68
9.0,186.1,6.19,60.0,169,190.0,190.2,190.0,500.0,500.0,0.0,0.0,0.0,0.3,0.68
9.2,186.3,6.19,59.8,170,190.0,190.3,190.0,500.0,500.0,0.0,0.0,0.0,0.3,0.69
9.2,186.4,6.19,59.8,171,190.0,190.3,190.0,500.0,500.0,0.0,0.0,0.0,0.3,0.70
9.3,186.6,6.19,59.8,172,190.0,190.3,190.0,500.0,500.0,0.0,0.0,0.0,0.3,0.71
9.3,186.8,6.19,59.8,173,190.0,190.4,190.0,500.0,500.0,0.0,0.0,0.0,0.3,0.72
9.3,186.9,6.19,59.6,174,190.0,190.4,190.0,500.0,500.0,0.0,0.0,0.0,0.3,0.73
9.2,187.1,6.19,59.8,175,190.0,190.4,190.0,500.0,500.0,0.0,0.0,0.0,0.3,0.74
9.2,187.2,6.19,59.8,176,190.0,190.4,190.0,500.0,500.0,0.0,0.0,0.0,0.3,0.75
9.1,187.4,6.19,59.8,177,190.0,190.4,190.0,500.0,500.0,0.0,0.0,0.0,0.3,0.76
8.9,187.6,6.19,59.8,178,190.0,190.4,190.0,500.0,500.0,0.0,0.0,0.0,0.3,0.77
8.7,187.7,6.19,60.0,179,190.0,190.3,190.0,500.0,500.0,0.0,0.0,0.0,0.3,0.78
8.5,187.8,6.19,60.0,180,190.0,190.1,190.0,500.0,500.0,0.0,0.0,0.0,0.3,0.78
8.3,188.0,6.19,60.0,181,190.0,190.0,190.0,500.0,500.0,0.0,0.0,0.0,0.3,0.79
8.3,188.2,6.19,60.0,182,190.0,190.0,190.0,500.0,500.0,0.0,0.0,0.0,0.3,0.80
8.3,188.3,6.19,60.0,183,190.0,190.0,190.0,500.0,500.0,0.0,0.0,0.0,0.3,0.81
8.3,188.4,6.19,60.0,184,190.0,190.0,190.0,500.0,500.0,0.0,0.0,0.0,0.3,0.82
8.4,188.6,6.19,59.8,185,190.0,190.0,190.0,500.0,500.0,0.0,0.0,0.0,0.3,0.83
8.3,188.7,6.19,59.8,186,190.0,190.0,190.0,500.0,500.0,0.0,0.0,0.0,0.3,0.83
8.3,188.8,6.19,59.8,187,190.0,190.0,190.0,500.0,500.0,0.0,0.0,0.0,0.3,0.84
8.4,188.9,6.19,59.8,188,190.0,190.0,190.0,500.0,500.0,0.0,0.0,0.0,0.3,0.85
8.3,189.0,6.19,59.8,189,190.0,190.0,190.0,500.0,500.0,0.0,0.0,0.0,0.3,0.86
8.2,189.1,6.19,59.8,190,190.0,190.0,190.0,500.0,500.0,0.0,0.0,0.0,0.3,0.87
8.2,189.2,6.19,59.8,191,190.0,190.0,190.0,500.0,500.0,0.0,0.0,0.0,0.3,0.88
8.1,189.3,6.19,59.8,192,190.0,190.0,190.0,500.0,500.0,0.0,0.0,0.0,0.3,0.88
8.2,189.4,6.19,59.8,193,190.0,190.0,190.0,500.0,500.0,0.0,0.0,0.0,0.3,0.89
8.3,189.5,6.19,59.8,194,190.0,190.0,190.0,500.0,500.0,0.0,0.0,0.0,0.3,0.90
8.5,189.7,6.19,59.8,195,190.0,189.9,190.0,500.0,500.0,0.0,0.0,0.0,0.3,0.91
8.7,189.8,6.19,59.8,196,190.0,189.9,190.0,500.0,500.0,0.0,0.0,0.0,0.3,0.92
8.9,189.9,6.19,59.8,197,190.0,189.9,190.0,500.0,500.0,0.0,0.0,0.0,0.3,0.93
9.2,189.9,6.20,59.8,198,190.0,189.9,190.0,500.0,500.0,0.0,0.0,0.0,0.3,0.94
9.2,190.0,6.20,59.8,199,190.0,189.9,190.0,500.0,500.0,0.0,0.0,0.0,0.3,0.94
9.3,190.1,6.20,59.8,200,190.0,189.9,190.0,500.0,500.0,0.0,0.0,0.0,0.3,0.95
9.2,190.2,6.20,59.6,201,190.0,189.9,190.0,500.0,500.0,0.0,0.0,0.0,0.3,0.96
9.1,190.3,6.19,59.6,202,190.0,189.9,190.0,500.0,500.0,0.0,0.0,0.0,0.3,0.97
9.0,190.4,6.19,59.6,203,190.0,190.0,190.0,500.0,500.0,0.0,0.0,0.0,0.3,0.98
9.0,190.5,6.19,59.6,204,190.0,190.0,190.0,500.0,500.0,0.0,0.0,0.0,0.3,0.99
9.0,190.6,6.19,59.8,205,190.0,190.0,190.0,500.0,500.0,0.0,0.0,0.0,0.3,1.00
9.1,190.6,6.19,60.0,206,190.0,190.0,190.0,500.0,500.0,0.0,0.0,0.0,0.3,1.01
9.1,190.7,6.19,60.0,207,190.0,190.0,190.0,500.0,500.0,0.0,0.0,0.0,0.3,1.02
9.0,190.8,6.19,60.0,208,190.0,190.0,190.0,500.0,500.0,0.0,0.0,0.0,0.3,1.03
8.9,190.9,6.19,60.0,209,190.0,190.0,190.0,500.0,500.0,0.0,0.0,0.0,0.3,1.03
9.1,191.0,6.19,60.0,210,190.0,190.0,190.0,500.0,500.0,0.0,0.0,0.0,0.3,1.04
9.0,191.1,6.19,59.8,211,190.0,190.0,190.0,500.0,500.0,0.0,0.0,0.0,0.3,1.05
8.9,191.2,6.19,59.8,212,190.0,190.2,190.0,500.0,500.0,0.0,0.0,0.0,0.3,1.06
8.9,191.3,6.19,59.8,213,190.0,190.2,190.0,500.0,500.0,0.0,0.0,0.0,0.3,1.07
8.8,191.3,6.19,59.8,214,190.0,190.3,190.0,500.0,500.0,0.0,0.0,0.0,0.3,1.08
8.6,191.4,6.19,59.8,215,190.0,190.4,190.0,500.0,500.0,0.0,0.0,0.0,0.3,1.09
8.7,191.5,6.19,60.0,216,190.0,190.5,190.0,500.0,500.0,0.0,0.0,0.0,0.3,1.10
8.8,191.6,6.19,59.8,217,190.0,190.6,190.0,500.0,500.0,0.0,0.0,0.0,0.3,1.11
8.9,191.6,6.19,59.8,218,190.0,190.7,190.0,500.0,500.0,0.0,0.0,0.0,0.3,1.11
9.0,191.7,6.19,59.8,219,190.1,190.7,190.0,500.0,500.0,0.0,0.0,0.0,0.3,1.12
9.0,191.8,6.19,59.8,220,190.1,190.7,190.0,500.0,500.0,0.0,0.0,0.0,0.3,1.13
8.8,191.9,6.19,59.8,221,190.1,190.7,190.0,500.0,500.0,0.0,0.0,0.0,0.3,1.14
8.7,192.0,6.19,59.8,222,190.1,190.8,190.0,500.0,500.0,0.0,0.0,0.0,0.3,1.15
8.6,192.0,6.19,59.8,223,190.1,190.8,190.0,500.0,500.0,0.0,0.0,0.0,0.3,1.16
8.4,192.1,6.19,59.8,224,190.1,190.8,190.0,500.0,500.0,0.0,0.0,0.0,0.3,1.17
8.2,192.2,6.19,59.8,225,190.1,190.8,190.0,500.0,500.0,0.0,0.0,0.0,0.3,1.17
8.3,192.2,6.19,59.8,226,190.1,190.7,190.0,500.0,500.0,0.0,0.0,0.0,0.3,1.18
8.2,192.3,6.19,60.0,227,190.1,190.6,190.0,500.0,500.0,0.0,0.0,0.0,0.3,1.19
8.2,192.4,6.19,59.8,228,190.1,190.6,190.0,500.0,500.0,0.0,0.0,0.0,0.3,1.20
8.3,192.4,6.19,59.8,229,190.1,190.6,190.0,500.0,500.0,0.0,0.0,0.0,0.3,1.21
8.4,192.5,6.19,59.8,230,190.1,190.5,190.0,500.0,500.0,0.0,0.0,0.0,0.3,1.22
8.3,192.6,6.19,59.8,231,190.1,190.3,190.0,500.0,500.0,0.0,0.0,0.0,0.3,1.22
8.3,192.6,6.19,59.8,232,190.1,190.3,190.0,500.0,500.0,0.0,0.0,0.0,0.3,1.23
8.2,192.7,6.19,59.8,233,190.1,190.3,190.0,500.0,500.0,0.0,0.0,0.0,0.3,1.24
8.1,192.8,6.19,59.8,234,190.1,190.3,190.0,500.0,500.0,0.0,0.0,0.0,0.3,1.25
8.2,192.8,6.19,59.8,235,190.1,190.2,190.0,500.0,500.0,0.0,0.0,0.0,0.3,1.26
8.2,192.9,6.19,59.8,236,190.1,190.1,190.0,500.0,500.0,0.0,0.0,0.0,0.3,1.26
8.4,193.0,6.19,59.8,237,190.1,190.1,190.0,500.0,500.0,0.0,0.0,0.0,0.3,1.27
8.6,193.0,6.19,59.8,238,190.1,190.1,190.0,500.0,500.0,0.0,0.0,0.0,0.3,1.28
8.9,193.1,6.19,59.8,239,190.1,190.0,190.0,500.0,500.0,0.0,0.0,0.0,0.3,1.29
9.0,193.2,6.19,59.8,240,190.1,190.0,190.0,500.0,500.0,0.0,0.0,0.0,0.3,1.30
9.2,193.2,6.19,59.8,241,190.1,190.0,190.0,500.0,500.0,0.0,0.0,0.0,0.3,1.31
9.0,193.3,6.19,59.8,242,190.1,190.0,190.0,500.0,500.0,0.0,0.0,0.0,0.3,1.32
9.0,193.3,6.19,59.8,243,190.1,190.0,190.0,500.0,500.0,0.0,0.0,0.0,0.3,1.33
9.0,193.3,6.19,59.8,244,190.1,190.0,190.0,500.0,500.0,0.0,0.0,0.0,0.3,1.34
9.0,193.4,6.19,59.8,245,190.1,190.0,190.0,500.0,500.0,0.0,0.0,0.0,0.3,1.34
9.2,193.5,6.19,59.8,246,190.1,190.0,190.0,500.0,500.0,0.0,0.0,0.0,0.3,1.35
9.3,193.5,6.19,59.8,247,190.1,190.1,190.0,500.0,500.0,0.0,0.0,0.0,0.3,1.36
9.3,193.5,6.19,59.8,248,190.1,190.2,190.0,500.0,500.0,0.0,0.0,0.0,0.3,1.37
9.3,193.6,6.19,59.8,249,190.0,190.3,190.0,500.0,500.0,0.0,0.0,0.0,0.3,1.38
9.2,193.7,6.19,59.8,250,190.0,190.3,190.0,500.0,500.0,0.0,0.0,0.0,0.3,1.39
9.1,193.7,6.19,59.8,251,190.0,190.3,190.0,500.0,500.0,0.0,0.0,0.0,0.3,1.40
9.1,193.8,6.19,59.6,252,190.0,190.4,190.0,500.0,500.0,0.0,0.0,0.0,0.3,1.41
9.1,193.8,6.19,59.8,253,190.0,190.7,190.0,500.0,500.0,0.0,0.0,0.0,0.3,1.42
9.2,193.8,6.19,59.8,254,190.0,190.8,190.0,500.0,500.0,0.0,0.0,0.0,0.3,1.43
9.1,193.9,6.19,59.8,255,190.0,190.8,190.0,500.0,500.0,0.0,0.0,0.0,0.3,1.44
8.9,193.9,6.19,59.8,256,190.0,190.8,190.0,500.0,500.0,0.0,0.0,0.0,0.3,1.45
8.7,194.0,6.19,60.0,257,190.0,190.9,190.0,500.0,500.0,0.0,0.0,0.0,0.3,1.45
8.5,194.0,6.19,59.8,258,190.0,191.1,190.0,500.0,500.0,0.0,0.0,0.0,0.3,1.46
8.4,194.1,6.19,59.8,259,190.0,191.2,190.0,500.0,500.0,0.0,0.0,0.0,0.3,1.47
8.4,194.1,6.19,59.8,260,190.0,191.2,190.0,500.0,500.0,0.0,0.0,0.0,0.3,1.48
8.4,194.2,6.19,59.8,261,190.0,191.2,190.0,500.0,500.0,0.0,0.0,0.0,0.3,1.49
8.4,194.3,6.19,59.6,262,190.0,191.3,190.0,500.0,500.0,0.0,0.0,0.0,0.3,1.50
8.4,194.3,6.19,59.8,263,190.0,191.4,190.0,500.0,500.0,0.0,0.0,0.0,0.3,1.50
8.4,194.3,6.19,59.8,264,190.0,191.4,190.0,500.0,500.0,0.0,0.0,0.0,0.3,1.51
8.6,194.4,6.19,59.8,265,190.0,191.4,190.0,500.0,500.0,0.0,0.0,0.0,0.3,1.52
8.6,194.5,6.19,59.8,266,190.0,191.4,190.0,500.0,500.0,0.0,0.0,0.0,0.3,1.53
8.8,194.5,6.19,59.8,267,190.0,191.4,190.0,500.0,500.0,0.0,0.0,0.0,0.3,1.54
8.9,194.6,6.19,59.8,268,190.0,191.4,190.0,500.0,500.0,0.0,0.0,0.0,0.3,1.55
8.9,194.6,6.19,59.6,269,190.0,191.3,190.0,500.0,500.0,0.0,0.0,0.0,0.3,1.56
8.9,194.6,6.19,59.6,270,190.0,191.2,190.0,500.0,500.0,0.0,0.0,0.0,0.3,1.57
9.0,194.7,6.19,59.6,271,190.0,191.2,190.0,500.0,500.0,0.0,0.0,0.0,0.3,1.57
9.0,194.8,6.19,59.8,272,190.0,191.2,190.0,500.0,500.0,0.0,0.0,0.0,0.3,1.58
9.1,194.8,6.19,59.6,273,190.0,191.0,190.0,500.0,500.0,0.0,0.0,0.0,0.3,1.59
9.1,194.9,6.19,59.8,274,190.0,190.8,190.0,500.0,500.0,0.0,0.0,0.0,0.3,1.60
9.0,194.9,6.19,59.8,275,190.0,190.8,190.0,500.0,500.0,0.0,0.0,0.0,0.3,1.61
9.0,194.9,6.19,59.8,276,190.0,190.8,190.0,500.0,500.0,0.0,0.0,0.0,0.3,1.62
9.0,194.9,6.19,59.6,277,190.0,190.8,190.0,500.0,500.0,0.0,0.0,0.0,0.3,1.63
9.0,195.0,6.19,59.8,278,190.0,190.6,190.0,500.0,500.0,0.0,0.0,0.0,0.3,1.64
9.0,195.1,6.19,59.8,279,190.0,190.3,190.0,500.0,500.0,0.0,0.0,0.0,0.3,1.65
9.1,195.1,6.19,59.8,280,190.0,190.2,190.0,500.0,500.0,0.0,0.0,0.0,0.3,1.66
9.1,195.1,6.19,59.8,281,190.0,190.2,190.0,500.0,500.0,0.0,0.0,0.0,0.3,1.66
9.0,195.2,6.19,60.0,282,190.0,190.2,190.0,500.0,500.0,0.0,0.0,0.0,0.3,1.67
8.9,195.2,6.19,59.8,283,190.0,190.2,190.0,500.0,500.0,0.0,0.0,0.0,0.3,1.68
8.8,195.2,6.19,59.8,284,190.0,190.0,190.0,500.0,500.0,0.0,0.0,0.0,0.3,1.69
8.7,195.3,6.19,59.8,285,190.0,190.0,190.0,500.0,500.0,0.0,0.0,0.0,0.3,1.70
8.7,195.3,6.19,59.8,286,190.0,190.0,190.0,500.0,500.0,0.0,0.0,0.0,0.3,1.71
8.6,195.3,6.19,59.8,287,190.0,190.0,190.0,500.0,500.0,0.0,0.0,0.0,0.3,1.72
8.7,195.4,6.19,59.8,288,190.0,190.0,190.0,500.0,500.0,0.0,0.0,0.0,0.3,1.73
8.7,195.5,6.19,59.8,289,190.0,190.0,190.0,500.0,500.0,0.0,0.0,0.0,0.3,1.73
8.6,195.5,6.19,59.8,290,190.0,190.0,190.0,500.0,500.0,0.0,0.0,0.0,0.3,1.74
8.7,195.5,6.19,59.8,291,190.0,190.0,190.0,500.0,500.0,0.0,0.0,0.0,0.3,1.75
8.9,195.6,6.19,59.8,292,190.0,190.0,190.0,500.0,500.0,0.0,0.0,0.0,0.3,1.76
8.9,195.6,6.19,59.8,293,190.0,190.0,190.0,500.0,500.0,0.0,0.0,0.0,0.3,1.77
9.0,195.6,6.19,59.8,294,190.0,190.0,190.0,500.0,500.0,0.0,0.0,0.0,0.3,1.78
9.1,195.7,6.19,59.8,295,190.0,190.0,190.0,500.0,500.0,0.0,0.0,0.0,0.3,1.79
8.9,195.8,6.19,59.8,296,190.0,190.0,190.0,500.0,500.0,0.0,0.0,0.0,0.3,1.80
8.7,195.8,6.19,59.8,297,190.0,190.0,190.0,500.0,500.0,0.0,0.0,0.0,0.3,1.80
8.7,195.8,6.19,60.0,298,190.0,190.0,190.0,500.0,500.0,0.0,0.0,0.0,0.3,1.81
8.7,195.8,6.19,59.8,299,190.0,190.1,190.0,500.0,500.0,0.0,0.0,0.0,0.3,1.82
8.7,195.9,6.19,59.8,300,190.0,190.3,190.0,500.0,500.0,0.0,0.0,0.0,0.3,1.83
8.9,196.0,6.19,59.8,301,190.0,190.4,190.0,500.0,500.0,0.0,0.0,0.0,0.3,1.84
9.1,196.0,6.19,59.8,302,190.0,190.5,190.0,500.0,500.0,0.0,0.0,0.0,0.3,1.85
9.0,196.1,6.19,59.8,303,190.1,190.5,190.1,500.0,500.0,0.0,0.0,0.0,0.3,1.86
9.1,196.1,6.19,60.0,304,190.1,190.5,190.1,500.0,500.0,0.0,0.0,0.0,0.3,1.87
9.1,196.1,6.19,60.0,305,190.1,190.9,190.1,500.0,500.0,0.0,0.0,0.0,0.3,1.88
9.0,196.2,6.19,60.0,306,190.1,190.9,190.1,500.0,500.0,0.0,0.0,0.0,0.3,1.88
9.0,196.2,6.19,60.0,307,190.1,190.9,190.1,500.0,500.0,0.0,0.0,0.0,0.3,1.89
9.0,196.3,6.19,59.8,308,190.1,191.0,190.1,500.0,500.0,0.0,0.0,0.0,0.3,1.90
8.9,196.3,6.19,59.8,309,190.1,191.2,190.1,500.0,500.0,0.0,0.0,0.0,0.3,1.91
8.9,196.3,6.19,59.8,310,190.1,191.2,190.2,500.0,500.0,0.0,0.0,0.0,0.3,1.92
8.8,196.3,6.19,59.8,311,190.1,191.2,190.2,500.0,500.0,0.0,0.0,0.0,0.3,1.93
8.9,196.4,6.19,59.8,312,190.1,191.2,190.2,500.0,500.0,0.0,0.0,0.0,0.3,1.94
9.0,196.4,6.19,60.0,313,190.1,191.2,190.2,500.0,500.0,0.0,0.0,0.0,0.3,1.95
9.1,196.4,6.19,59.8,314,190.1,191.2,190.2,500.0,500.0,0.0,0.0,0.0,0.3,1.96
9.1,196.4,6.19,59.8,315,190.1,191.2,190.2,500.0,500.0,0.0,0.0,0.0,0.3,1.97
9.1,196.5,6.19,59.8,316,190.1,191.2,190.2,500.0,500.0,0.0,0.0,0.0,0.3,1.97
9.1,196.5,6.19,59.8,317,190.1,191.2,190.2,500.0,500.0,0.0,0.0,0.0,0.3,1.98
9.0,196.5,6.19,59.8,318,190.1,191.1,190.2,500.0,500.0,0.0,0.0,0.0,0.3,1.99
8.9,196.6,6.19,59.8,319,190.1,190.9,190.2,500.0,500.0,0.0,0.0,0.0,0.3,2.00
8.9,196.6,6.19,59.8,320,190.1,190.8,190.2,500.0,500.0,0.0,0.0,0.0,0.3,2.01
9.0,196.6,6.19,59.8,321,190.1,190.8,190.2,500.0,500.0,0.0,0.0,0.0,0.3,2.02
8.9,196.7,6.19,59.8,322,190.1,190.8,190.2,500.0,500.0,0.0,0.0,0.0,0.3,2.03
9.1,196.8,6.19,59.8,323,190.1,190.8,190.2,500.0,500.0,0.0,0.0,0.0,0.3,2.04
9.2,196.8,6.19,59.8,324,190.1,190.6,190.2,500.0,500.0,0.0,0.0,0.0,0.3,2.05
9.2,196.8,6.19,59.8,325,190.1,190.3,190.3,500.0,500.0,0.0,0.0,0.0,0.3,2.06
9.2,196.8,6.19,59.8,326,190.1,190.2,190.3,500.0,500.0,0.0,0.0,0.0,0.3,2.06
9.3,196.8,6.19,59.8,327,190.1,190.2,190.3,500.0,500.0,0.0,0.0,0.0,0.3,2.07
9.2,196.9,6.19,59.8,328,190.1,190.2,190.3,500.0,500.0,0.0,0.0,0.0,0.3,2.08
9.2,196.9,6.19,59.8,329,190.1,190.2,190.3,500.0,500.0,0.0,0.0,0.0,0.3,2.09
9.2,197.0,6.19,59.8,330,190.1,190.0,190.3,500.0,500.0,0.0,0.0,0.0,0.3,2.10
9.2,197.0,6.19,59.8,331,190.1,190.0,190.3,500.0,500.0,0.0,0.0,0.0,0.3,2.11
9.3,197.0,6.19,59.8,332,190.1,190.0,190.3,500.0,500.0,0.0,0.0,0.0,0.3,2.12
9.3,197.1,6.19,59.8,333,190.1,190.0,190.3,500.0,500.0,0.0,0.0,0.0,0.3,2.13
9.3,197.1,6.19,60.0,334,190.1,190.0,190.3,500.0,500.0,0.0,0.0,0.0,0.3,2.14
9.3,197.1,6.19,60.0,335,190.1,190.0,190.3,500.0,500.0,0.0,0.0,0.0,0.3,2.15
9.2,197.1,6.19,60.0,336,190.1,190.0,190.3,500.0,500.0,0.0,0.0,0.0,0.3,2.16
9.1,197.1,6.19,60.0,337,190.1,190.0,190.3,500.0,500.0,0.0,0.0,0.0,0.3,2.17
9.1,197.2,6.19,60.0,338,190.1,190.0,190.3,500.0,500.0,0.0,0.0,0.0,0.3,2.17
9.0,197.2,6.19,60.0,339,190.1,190.0,190.3,500.0,500.0,0.0,0.0,0.0,0.3,2.18
8.9,197.2,6.19,59.8,340,190.1,190.0,190.3,500.0,500.0,0.0,0.0,0.0,0.3,2.19
8.9,197.2,6.19,59.8,341,190.1,190.0,190.3,500.0,500.0,0.0,0.0,0.0,0.3,2.20
8.8,197.3,6.19,59.8,342,190.1,190.0,190.3,500.0,500.0,0.0,0.0,0.0,0.3,2.21
8.7,197.3,6.19,59.8,343,190.1,190.0,190.2,500.0,500.0,0.0,0.0,0.0,0.3,2.22
8.7,197.3,6.19,59.6,344,190.1,190.1,190.2,500.0,500.0,0.0,0.0,0.0,0.3,2.23
8.7,197.4,6.19,59.8,345,190.1,190.1,190.2,500.0,500.0,0.0,0.0,0.0,0.3,2.24
8.7,197.4,6.19,59.8,346,190.1,190.1,190.2,500.0,500.0,0.0,0.0,0.0,0.3,2.24
8.7,197.4,6.19,59.8,347,190.1,190.2,190.2,500.0,500.0,0.0,0.0,0.0,0.3,2.25
8.7,197.4,6.19,59.6,348,190.1,190.4,190.2,500.0,500.0,0.0,0.0,0.0,0.3,2.26
8.8,197.5,6.19,59.8,349,190.1,190.4,190.2,500.0,500.0,0.0,0.0,0.0,0.3,2.27
8.8,197.5,6.19,59.8,350,190.1,190.4,190.2,500.0,500.0,0.0,0.0,0.0,0.3,2.28
8.9,197.5,6.19,59.8,351,190.1,190.5,190.2,500.0,500.0,0.0,0.0,0.0,0.3,2.29
8.9,197.5,6.19,59.8,352,190.1,190.7,190.2,500.0,500.0,0.0,0.0,0.0,0.3,2.30
9.0,197.5,6.19,60.0,353,190.1,190.7,190.2,500.0,500.0,0.0,0.0,0.0,0.3,2.31
9.1,197.6,6.19,59.8,354,190.1,190.7,190.2,500.0,500.0,0.0,0.0,0.0,0.3,2.32
9.2,197.6,6.19,59.8,355,190.1,190.8,190.2,500.0,500.0,0.0,0.0,0.0,0.3,2.32
9.4,197.6,6.19,59.8,356,190.1,190.9,190.2,500.0,500.0,0.0,0.0,0.0,0.3,2.33
9.6,197.6,6.19,59.8,357,190.1,190.9,190.2,500.0,500.0,0.0,0.0,0.0,0.3,2.34
9.7,197.6,6.19,59.8,358,190.1,190.9,190.1,500.0,500.0,0.0,0.0,0.0,0.3,2.35
9.6,197.7,6.19,59.8,359,190.1,190.9,190.1,500.0,500.0,0.0,0.0,0.0,0.3,2.36
9.5,197.7,6.19,59.8,360,190.1,190.9,190.1,500.0,500.0,0.0,0.0,0.0,0.3,2.37
9.4,197.7,6.19,59.8,361,190.1,190.9,190.1,500.0,500.0,0.0,0.0,0.0,0.3,2.38
9.3,197.8,6.19,59.8,362,190.1,190.8,190.1,500.0,500.0,0.0,0.0,0.0,0.3,2.39
9.4,197.8,6.19,59.6,363,190.1,190.7,190.1,500.0,500.0,0.0,0.0,0.0,0.3,2.40
9.5,197.8,6.19,59.8,364,190.1,190.7,190.1,500.0,500.0,0.0,0.0,0.0,0.3,2.41
9.7,197.9,6.19,59.8,365,190.1,190.7,190.1,500.0,500.0,0.0,0.0,0.0,0.3,2.42
9.8,197.9,6.19,59.8,366,190.1,190.5,190.1,500.0,500.0,0.0,0.0,0.0,0.3,2.43
9.7,197.9,6.19,59.8,367,190.1,190.3,190.1,500.0,500.0,0.0,0.0,0.0,0.3,2.44
9.6,197.9,6.19,60.0,368,190.1,190.3,190.1,500.0,500.0,0.0,0.0,0.0,0.3,2.45
9.4,197.9,6.19,59.8,369,190.1,190.3,190.0,500.0,500.0,0.0,0.0,0.0,0.3,2.46
9.3,198.0,6.19,59.8,370,190.1,190.3,190.0,500.0,500.0,0.0,0.0,0.0,0.3,2.47
9.1,198.0,6.19,59.8,371,190.1,190.1,190.0,500.0,500.0,0.0,0.0,0.0,0.3,2.48
8.9,198.0,6.19,59.8,372,190.1,190.0,190.0,500.0,500.0,0.0,0.0,0.0,0.3,2.49
9.0,198.0,6.19,59.6,373,190.1,190.0,190.0,500.0,500.0,0.0,0.0,0.0,0.3,2.49
9.0,198.0,6.19,59.8,374,190.1,190.0,190.0,500.0,500.0,0.0,0.0,0.0,0.3,2.50
9.1,198.0,6.19,59.8,375,190.1,190.0,190.0,500.0,500.0,0.0,0.0,0.0,0.3,2.51
9.4,198.1,6.19,59.8,376,190.1,190.0,190.0,500.0,500.0,0.0,0.0,0.0,0.3,2.52
9.5,198.1,6.19,59.8,377,190.1,190.0,190.0,500.0,500.0,0.0,0.0,0.0,0.3,2.53
9.4,198.2,6.19,60.0,378,190.1,190.0,190.0,500.0,500.0,0.0,0.0,0.0,0.3,2.54
9.4,198.2,6.19,59.8,379,190.1,190.0,190.0,500.0,500.0,0.0,0.0,0.0,0.3,2.55
9.2,198.3,6.19,59.8,380,190.1,190.0,190.0,500.0,500.0,0.0,0.0,0.0,0.3,2.56
9.1,198.3,6.19,59.8,381,190.1,190.0,190.0,500.0,500.0,0.0,0.0,0.0,0.3,2.57
9.1,198.3,6.19,59.8,382,190.2,190.0,190.1,500.0,500.0,0.0,0.0,0.0,0.3,2.58
9.2,198.3,6.19,59.8,383,190.2,190.0,190.1,500.0,500.0,0.0,0.0,0.0,0.3,2.59
9.2,198.3,6.19,59.8,384,190.2,190.0,190.1,500.0,500.0,0.0,0.0,0.0,0.3,2.60
9.4,198.3,6.19,59.8,385,190.2,190.0,190.1,500.0,500.0,0.0,0.0,0.0,0.3,2.60
9.5,198.3,6.19,59.8,386,190.2,190.0,190.1,500.0,500.0,0.0,0.0,0.0,0.3,2.61
9.4,198.3,6.19,59.8,387,190.2,190.0,190.1,500.0,500.0,0.0,0.0,0.0,0.3,2.62
9.4,198.4,6.19,59.8,388,190.2,190.0,190.1,500.0,500.0,0.0,0.0,0.0,0.3,2.63
9.4,198.4,6.19,59.8,389,190.2,190.0,190.1,500.0,500.0,0.0,0.0,0.0,0.3,2.64
9.3,198.4,6.19,59.8,390,190.2,190.0,190.1,500.0,500.0,0.0,0.0,0.0,0.3,2.65
9.1,198.4,6.19,59.8,391,190.2,190.0,190.1,500.0,500.0,0.0,0.0,0.0,0.3,2.66
9.1,198.4,6.19,59.8,392,190.2,190.0,190.1,500.0,500.0,0.0,0.0,0.0,0.3,2.67
9.1,198.4,6.19,59.8,393,190.2,190.0,190.1,500.0,500.0,0.0,0.0,0.0,0.3,2.68
9.2,198.4,6.19,60.0,394,190.2,190.0,190.1,500.0,500.0,0.0,0.0,0.0,0.3,2.69
9.2,198.5,6.19,59.8,395,190.2,190.0,190.1,500.0,500.0,0.0,0.0,0.0,0.3,2.70
9.2,198.5,6.19,59.8,396,190.2,190.0,190.1,500.0,500.0,0.0,0.0,0.0,0.3,2.71
9.3,198.5,6.19,59.8,397,190.2,190.1,190.1,500.0,500.0,0.0,0.0,0.0,0.3,2.72
9.3,198.5,6.19,59.8,398,190.2,190.2,190.1,500.0,500.0,0.0,0.0,0.0,0.3,2.73
9.3,198.5,6.19,59.6,399,190.2,190.3,190.1,500.0,500.0,0.0,0.0,0.0,0.3,2.73
9.4,198.5,6.19,59.8,400,190.2,190.3,190.1,500.0,500.0,0.0,0.0,0.0,0.3,2.74
9.7,198.5,6.19,59.8,401,190.2,190.4,190.1,500.0,500.0,0.0,0.0,0.0,0.3,2.75
9.7,198.6,6.19,59.8,402,190.2,190.5,190.1,500.0,500.0,0.0,0.0,0.0,0.3,2.76
9.8,198.6,6.19,59.8,403,190.2,190.6,190.1,500.0,500.0,0.0,0.0,0.0,0.3,2.77
9.8,198.6,6.19,60.0,404,190.2,190.6,190.1,500.0,500.0,0.0,0.0,0.0,0.3,2.78
9.8,198.6,6.19,59.8,405,190.2,190.6,190.1,500.0,500.0,0.0,0.0,0.0,0.3,2.79
9.7,198.6,6.19,59.8,406,190.2,190.6,190.1,500.0,500.0,0.0,0.0,0.0,0.3,2.80
9.7,198.6,6.19,59.8,407,190.2,190.6,190.1,500.0,500.0,0.0,0.0,0.0,0.3,2.81
9.6,198.6,6.19,59.8,408,190.2,190.6,190.1,500.0,500.0,0.0,0.0,0.0,0.3,2.82
9.6,198.7,6.19,59.8,409,190.2,190.6,190.1,500.0,500.0,0.0,0.0,0.0,0.3,2.83
9.5,198.7,6.19,59.8,410,190.2,190.6,190.1,500.0,500.0,0.0,0.0,0.0,0.3,2.84
9.5,198.7,6.19,59.8,411,190.1,190.6,190.1,500.0,500.0,0.0,0.0,0.0,0.3,2.85
9.5,198.7,6.19,59.8,412,190.1,190.5,190.1,500.0,500.0,0.0,0.0,0.0,0.3,2.86
9.6,198.8,6.19,59.8,413,190.1,190.3,190.1,500.0,500.0,0.0,0.0,0.0,0.3,2.87
9.6,198.8,6.19,59.8,414,190.1,190.3,190.1,500.0,500.0,0.0,0.0,0.0,0.3,2.88
9.5,198.8,6.19,59.8,415,190.1,190.3,190.1,500.0,500.0,0.0,0.0,0.0,0.3,2.89
9.3,198.8,6.19,59.8,416,190.1,190.3,190.1,500.0,500.0,0.0,0.0,0.0,0.3,2.90
9.2,198.8,6.19,59.8,417,190.1,190.1,190.1,500.0,500.0,0.0,0.0,0.0,0.3,2.91
9.0,198.8,6.19,59.8,418,190.1,190.0,190.1,500.0,500.0,0.0,0.0,0.0,0.3,2.92
8.9,198.9,6.19,59.8,419,190.1,190.0,190.1,500.0,500.0,0.0,0.0,0.0,0.3,2.92
9.1,198.9,6.19,59.8,420,190.1,190.0,190.1,500.0,500.0,0.0,0.0,0.0,0.3,2.93
9.2,198.9,6.19,59.8,421,190.1,190.0,190.1,500.0,500.0,0.0,0.0,0.0,0.3,2.94
9.2,198.9,6.19,59.8,422,190.1,190.0,190.1,500.0,500.0,0.0,0.0,0.0,0.3,2.95
9.2,198.9,6.19,59.8,423,190.1,190.0,190.1,500.0,500.0,0.0,0.0,0.0,0.3,2.96
9.3,198.9,6.19,59.8,424,190.1,190.0,190.1,500.0,500.0,0.0,0.0,0.0,0.3,2.97
9.3,198.9,6.19,60.0,425,190.1,190.0,190.1,500.0,500.0,0.0,0.0,0.0,0.3,2.98
9.3,198.9,6.19,60.0,426,190.1,190.0,190.1,500.0,500.0,0.0,0.0,0.0,0.3,2.99
9.3,199.0,6.19,60.0,427,190.1,190.0,190.1,500.0,500.0,0.0,0.0,0.0,0.3,3.00
9.4,199.0,6.19,60.0,428,190.1,190.0,190.1,500.0,500.0,0.0,0.0,0.0,0.3,3.01
9.3,199.1,6.19,60.0,429,190.1,190.0,190.1,500.0,500.0,0.0,0.0,0.0,0.3,3.02
9.5,199.1,6.19,59.8,430,190.1,190.0,190.1,500.0,500.0,0.0,0.0,0.0,0.3,3.03
9.5,199.1,6.19,59.8,431,190.2,190.0,190.2,500.0,500.0,0.0,0.0,0.0,0.3,3.04
9.5,199.1,6.19,59.8,432,190.2,190.0,190.2,500.0,500.0,0.0,0.0,0.0,0.3,3.05
9.5,199.1,6.19,59.8,433,190.2,190.0,190.2,500.0,500.0,0.0,0.0,0.0,0.3,3.05
9.5,199.1,6.19,59.8,434,190.2,190.0,190.2,500.0,500.0,0.0,0.0,0.0,0.3,3.06
9.3,199.2,6.19,59.8,435,190.2,190.0,190.2,500.0,500.0,0.0,0.0,0.0,0.3,3.07
9.3,199.2,6.19,59.8,436,190.2,190.0,190.2,500.0,500.0,0.0,0.0,0.0,0.3,3.08
9.5,199.1,6.19,59.8,437,190.2,190.0,190.2,500.0,500.0,0.0,0.0,0.0,0.3,3.09
9.6,199.1,6.19,59.8,438,190.2,190.0,190.2,500.0,500.0,0.0,0.0,0.0,0.3,3.10
9.8,199.2,6.19,59.6,439,190.2,190.0,190.2,500.0,500.0,0.0,0.0,0.0,0.3,3.11
10.0,199.2,6.19,59.8,440,190.2,190.0,190.2,500.0,500.0,0.0,0.0,0.0,0.3,3.12
9.9,199.2,6.19,59.8,441,190.2,190.0,190.2,500.0,500.0,0.0,0.0,0.0,0.3,3.13
9.8,199.2,6.19,59.8,442,190.1,190.1,190.2,500.0,500.0,0.0,0.0,0.0,0.3,3.14
9.7,199.2,6.19,59.8,443,190.1,190.1,190.2,500.0,500.0,0.0,0.0,0.0,0.3,3.15
9.6,199.2,6.19,60.0,444,190.1,190.1,190.2,500.0,500.0,0.0,0.0,0.0,0.3,3.16
9.5,199.2,6.19,60.0,445,190.1,190.2,190.2,500.0,500.0,0.0,0.0,0.0,0.3,3.17
9.6,199.2,6.19,60.0,446,190.1,190.4,190.2,500.0,500.0,0.0,0.0,0.0,0.3,3.18
9.6,199.3,6.19,60.0,447,190.1,190.5,190.2,500.0,500.0,0.0,0.0,0.0,0.3,3.19
9.7,199.3,6.19,60.0,448,190.1,190.5,190.2,500.0,500.0,0.0,0.0,0.0,0.3,3.20
9.8,199.3,6.19,59.8,449,190.1,190.5,190.2,500.0,500.0,0.0,0.0,0.0,0.3,3.21
9.8,199.3,6.19,59.8,450,190.1,190.6,190.2,500.0,500.0,0.0,0.0,0.0,0.3,3.22
9.8,199.3,6.19,59.8,451,190.1,190.7,190.2,500.0,500.0,0.0,0.0,0.0,0.3,3.23
9.8,199.3,6.19,59.8,452,190.1,190.7,190.2,500.0,500.0,0.0,0.0,0.0,0.3,3.24
9.8,199.3,6.19,59.8,453,190.1,190.7,190.2,500.0,500.0,0.0,0.0,0.0,0.3,3.25
9.7,199.3,6.19,59.8,454,190.1,190.7,190.2,500.0,500.0,0.0,0.0,0.0,0.3,3.26
9.6,199.4,6.19,59.6,455,190.1,190.7,190.2,500.0,500.0,0.0,0.0,0.0,0.3,3.27
9.6,199.4,6.19,59.6,456,190.1,190.7,190.2,500.0,500.0,0.0,0.0,0.0,0.3,3.28
9.5,199.4,6.19,59.6,457,190.1,190.7,190.2,500.0,500.0,0.0,0.0,0.0,0.3,3.29
9.5,199.4,6.19,59.6,458,190.1,190.6,190.1,500.0,500.0,0.0,0.0,0.0,0.3,3.30
9.5,199.4,6.19,59.6,459,190.1,190.5,190.1,500.0,500.0,0.0,0.0,0.0,0.3,3.30
9.6,199.4,6.19,59.8,460,190.1,190.5,190.1,500.0,500.0,0.0,0.0,0.0,0.3,3.31
9.6,199.5,6.19,59.8,461,190.1,190.5,190.1,500.0,500.0,0.0,0.0,0.0,0.3,3.32
9.5,199.5,6.19,59.8,462,190.1,190.3,190.1,500.0,500.0,0.0,0.0,0.0,0.3,3.33
9.4,199.5,6.19,59.8,463,190.1,190.2,190.1,500.0,500.0,0.0,0.0,0.0,0.3,3.34
9.4,199.5,6.19,59.8,464,190.1,190.2,190.1,500.0,500.0,0.0,0.0,0.0,0.3,3.35
9.4,199.5,6.19,59.8,465,190.1,190.2,190.1,500.0,500.0,0.0,0.0,0.0,0.3,3.36
9.4,199.5,6.19,59.8,466,190.1,190.2,190.1,500.0,500.0,0.0,0.0,0.0,0.3,3.37
9.6,199.5,6.19,59.8,467,190.1,190.0,190.1,500.0,500.0,0.0,0.0,0.0,0.3,3.38
9.6,199.5,6.19,59.6,468,190.1,190.0,190.1,500.0,500.0,0.0,0.0,0.0,0.3,3.39
9.6,199.5,6.19,59.8,469,190.1,190.0,190.1,500.0,500.0,0.0,0.0,0.0,0.3,3.40
9.5,199.5,6.19,59.8,470,190.0,190.0,190.1,500.0,500.0,0.0,0.0,0.0,0.3,3.41
9.5,199.6,6.19,59.8,471,190.0,190.0,190.1,500.0,500.0,0.0,0.0,0.0,0.3,3.42
9.4,199.6,6.19,59.8,472,190.0,190.0,190.1,500.0,500.0,0.0,0.0,0.0,0.3,3.43
9.4,199.6,6.19,60.0,473,190.0,190.0,190.1,500.0,500.0,0.0,0.0,0.0,0.3,3.44
9.5,199.6,6.19,59.8,474,190.0,190.0,190.1,500.0,500.0,0.0,0.0,0.0,0.3,3.45
9.6,199.6,6.19,59.8,475,190.0,190.0,190.1,500.0,500.0,0.0,0.0,0.0,0.3,3.46
9.7,199.6,6.19,59.8,476,190.0,190.0,190.1,500.0,500.0,0.0,0.0,0.0,0.3,3.47
9.8,199.6,6.19,59.8,477,190.0,190.0,190.1,500.0,500.0,0.0,0.0,0.0,0.3,3.48
9.9,199.6,6.19,59.6,478,190.0,190.0,190.1,500.0,500.0,0.0,0.0,0.0,0.3,3.49
9.9,199.6,6.19,59.8,479,190.0,190.0,190.1,500.0,500.0,0.0,0.0,0.0,0.3,3.50
9.9,199.6,6.19,59.8,480,190.0,190.0,190.1,500.0,500.0,0.0,0.0,0.0,0.3,3.51
9.9,199.6,6.19,59.8,481,190.0,190.0,190.1,500.0,500.0,0.0,0.0,0.0,0.3,3.52
9.8,199.6,6.19,59.8,482,190.0,190.0,190.1,500.0,500.0,0.0,0.0,0.0,0.3,3.52
9.7,199.6,6.19,59.8,483,190.0,190.0,190.1,500.0,500.0,0.0,0.0,0.0,0.3,3.53
9.8,199.6,6.19,59.8,484,190.0,190.0,190.1,500.0,500.0,0.0,0.0,0.0,0.3,3.54
9.9,199.7,6.19,59.8,485,190.0,190.0,190.1,500.0,500.0,0.0,0.0,0.0,0.3,3.55
9.9,199.7,6.19,59.8,486,190.0,190.0,190.1,500.0,500.0,0.0,0.0,0.0,0.3,3.56
10.0,199.6,6.19,59.8,487,190.0,190.0,190.1,500.0,500.0,0.0,0.0,0.0,0.3,3.57
10.2,199.6,6.19,60.0,488,190.0,190.0,190.0,500.0,500.0,0.0,0.0,0.0,0.3,3.58
10.1,199.7,6.19,59.8,489,190.0,190.0,190.0,500.0,500.0,0.0,0.0,0.0,0.3,3.59
10.0,199.7,6.19,59.8,490,190.0,190.0,190.0,500.0,500.0,0.0,0.0,0.0,0.3,3.60
9.9,199.7,6.19,59.8,491,190.0,190.0,190.0,500.0,500.0,0.0,0.0,0.0,0.3,3.61
9.8,199.7,6.19,59.8,492,190.0,190.0,190.0,500.0,500.0,0.0,0.0,0.0,0.3,3.62
9.8,199.7,6.19,59.6,493,190.0,190.0,190.0,500.0,500.0,0.0,0.0,0.0,0.3,3.63
9.8,199.7,6.19,59.8,494,190.0,190.2,190.0,500.0,500.0,0.0,0.0,0.0,0.3,3.64
9.7,199.7,6.19,59.8,495,190.0,190.3,190.0,500.0,500.0,0.0,0.0,0.0,0.3,3.65
9.6,199.7,6.19,59.8,496,190.0,190.3,190.0,500.0,500.0,0.0,0.0,0.0,0.3,3.66
9.6,199.7,6.19,59.8,497,190.0,190.4,190.0,500.0,500.0,0.0,0.0,0.0,0.3,3.67
9.4,199.7,6.19,59.8,498,190.0,190.5,190.0,500.0,500.0,0.0,0.0,0.0,0.3,3.68
9.4,199.8,6.19,59.6,499,190.0,190.5,190.0,500.0,500.0,0.0,0.0,0.0,0.3,3.69
9.5,199.8,6.19,59.6,500,190.0,190.5,190.0,500.0,500.0,0.0,0.0,0.0,0.3,3.70
9.5,199.8,6.19,59.6,501,190.0,190.5,190.0,500.0,500.0,0.0,0.0,0.0,0.3,3.71
9.5,199.8,6.19,59.6,502,190.0,190.5,190.0,500.0,500.0,0.0,0.0,0.0,0.3,3.72
9.6,199.8,6.19,59.8,503,190.0,190.5,190.0,500.0,500.0,0.0,0.0,0.0,0.3,3.73
9.5,199.8,6.19,59.8,504,190.0,190.5,190.0,500.0,500.0,0.0,0.0,0.0,0.3,3.74
9.6,199.8,6.19,59.8,505,190.0,190.5,190.0,500.0,500.0,0.0,0.0,0.0,0.3,3.75
9.6,199.8,6.19,59.8,506,190.0,190.5,190.0,500.0,500.0,0.0,0.0,0.0,0.3,3.76
9.7,199.8,6.19,59.8,507,190.0,190.5,190.0,500.0,500.0,0.0,0.0,0.0,0.3,3.77
9.6,199.8,6.19,59.6,508,190.0,190.4,190.1,500.0,500.0,0.0,0.0,0.0,0.3,3.78
9.7,199.9,6.19,59.8,509,190.0,190.3,190.1,500.0,500.0,0.0,0.0,0.0,0.3,3.79
9.6,199.9,6.19,59.8,510,190.0,190.3,190.1,500.0,500.0,0.0,0.0,0.0,0.3,3.80
9.7,199.9,6.19,59.8,511,190.0,190.3,190.1,500.0,500.0,0.0,0.0,0.0,0.3,3.81
10.0,200.0,6.19,59.8,512,190.0,190.2,190.1,500.0,500.0,0.0,0.0,0.0,0.3,3.82
10.1,200.0,6.19,60.0,513,190.0,190.1,190.1,500.0,500.0,0.0,0.0,0.0,0.3,3.83
10.2,200.0,6.19,59.8,514,190.0,190.1,190.1,500.0,500.0,0.0,0.0,0.0,0.3,3.84
10.4,200.0,6.19,59.8,515,190.0,190.1,190.2,500.0,500.0,0.0,0.0,0.0,0.3,3.85
10.3,200.0,6.19,59.8,516,190.0,190.0,190.2,500.0,500.0,0.0,0.0,0.0,0.3,3.86
10.1,200.0,6.19,59.8,517,190.0,190.0,190.2,500.0,500.0,0.0,0.0,0.0,0.3,3.87
9.9,200.0,6.19,59.8,518,190.0,190.0,190.2,500.0,500.0,0.0,0.0,0.0,0.3,3.88
9.8,200.1,6.19,60.0,519,190.0,190.0,190.2,500.0,500.0,0.0,0.0,0.0,0.3,3.89
9.9,200.1,6.19,60.0,520,190.0,190.0,190.2,500.0,500.0,0.0,0.0,0.0,0.3,3.90
10.0,200.0,6.19,60.0,521,190.0,190.0,190.2,500.0,500.0,0.0,0.0,0.0,0.3,3.91
10.1,200.0,6.19,60.0,522,190.0,190.0,190.2,500.0,500.0,0.0,0.0,0.0,0.3,3.92
10.3,200.1,6.19,59.8,523,190.0,190.0,190.2,500.0,500.0,0.0,0.0,0.0,0.3,3.93
10.3,200.1,6.19,59.6,524,190.0,190.0,190.2,500.0,500.0,0.0,0.0,0.0,0.3,3.94
10.2,200.1,6.19,59.6,525,190.0,190.0,190.2,500.0,500.0,0.0,0.0,0.0,0.3,3.95
10.1,200.1,6.19,59.6,526,190.0,190.0,190.2,500.0,500.0,0.0,0.0,0.0,0.3,3.96
9.9,200.1,6.19,59.6,527,190.0,190.0,190.2,500.0,500.0,0.0,0.0,0.0,0.3,3.97
9.8,200.1,6.19,59.8,528,190.0,190.0,190.2,500.0,500.0,0.0,0.0,0.0,0.3,3.98
9.6,200.1,6.19,60.0,529,190.0,190.0,190.2,500.0,500.0,0.0,0.0,0.0,0.3,3.99
9.5,200.1,6.19,60.0,530,190.0,190.0,190.3,500.0,500.0,0.0,0.0,0.0,0.3,4.00
9.5,200.1,6.19,60.0,531,190.0,190.0,190.3,500.0,500.0,0.0,0.0,0.0,0.3,4.00
9.6,200.1,6.19,60.0,532,190.0,190.0,190.3,500.0,500.0,0.0,0.0,0.0,0.3,4.01
9.7,200.1,6.19,59.8,533,190.0,190.0,190.3,500.0,500.0,0.0,0.0,0.0,0.3,4.02
9.8,200.1,6.19,59.8,534,190.0,190.0,190.3,500.0,500.0,0.0,0.0,0.0,0.3,4.03
9.9,200.1,6.19,59.8,535,190.0,190.0,190.3,500.0,500.0,0.0,0.0,0.0,0.3,4.04
9.9,200.1,6.19,59.8,536,190.0,190.0,190.3,500.0,500.0,0.0,0.0,0.0,0.3,4.05
9.8,200.1,6.19,59.6,537,190.0,190.0,190.3,500.0,500.0,0.0,0.0,0.0,0.3,4.06
9.6,200.1,6.19,59.8,538,190.0,190.0,190.3,500.0,500.0,0.0,0.0,0.0,0.3,4.07
9.5,200.1,6.19,59.8,539,190.0,190.0,190.3,500.0,500.0,0.0,0.0,0.0,0.3,4.08
9.6,200.1,6.19,59.8,540,190.0,190.1,190.3,500.0,500.0,0.0,0.0,0.0,0.3,4.09
9.7,200.2,6.19,59.8,541,190.0,190.3,190.3,500.0,500.0,0.0,0.0,0.0,0.3,4.10
9.8,200.2,6.19,60.0,542,190.0,190.3,190.3,500.0,500.0,0.0,0.0,0.0,0.3,4.11
9.9,200.2,6.19,59.8,543,190.0,190.3,190.3,500.0,500.0,0.0,0.0,0.0,0.3,4.12
10.0,200.2,6.19,59.8,544,190.0,190.4,190.3,500.0,500.0,0.0,0.0,0.0,0.3,4.13
10.1,200.2,6.19,59.8,545,190.0,190.5,190.3,500.0,500.0,0.0,0.0,0.0,0.3,4.14
10.1,200.2,6.19,59.8,546,190.0,190.6,190.3,500.0,500.0,0.0,0.0,0.0,0.3,4.15
10.1,200.2,6.19,59.8,547,190.0,190.6,190.3,500.0,500.0,0.0,0.0,0.0,0.3,4.16
10.1,200.2,6.19,60.0,548,190.0,190.6,190.3,500.0,500.0,0.0,0.0,0.0,0.3,4.17
10.0,200.2,6.19,60.0,549,190.0,190.6,190.3,500.0,500.0,0.0,0.0,0.0,0.3,4.18
9.9,200.2,6.19,60.0,550,190.0,190.6,190.3,500.0,500.0,0.0,0.0,0.0,0.3,4.19
9.9,200.2,6.19,60.0,551,190.0,190.6,190.3,500.0,500.0,0.0,0.0,0.0,0.3,4.20
9.9,200.2,6.19,59.8,552,190.0,190.7,190.3,500.0,500.0,0.0,0.0,0.0,0.3,4.21
10.0,200.2,6.19,59.8,553,190.0,190.7,190.3,500.0,500.0,0.0,0.0,0.0,0.3,4.22
10.1,200.2,6.19,59.8,554,190.0,190.7,190.3,500.0,500.0,0.0,0.0,0.0,0.3,4.23
10.1,200.3,6.19,59.8,555,190.0,190.6,190.3,500.0,500.0,0.0,0.0,0.0,0.3,4.24
10.1,200.3,6.19,59.8,556,190.0,190.6,190.3,500.0,500.0,0.0,0.0,0.0,0.3,4.25
10.0,200.4,6.19,60.0,557,190.0,190.5,190.3,500.0,500.0,0.0,0.0,0.0,0.3,4.26
9.9,200.4,6.19,59.8,558,190.0,190.5,190.3,500.0,500.0,0.0,0.0,0.0,0.3,4.27
9.9,200.4,6.19,59.8,559,190.0,190.5,190.3,500.0,500.0,0.0,0.0,0.0,0.3,4.28
10.0,200.4,6.19,59.8,560,190.0,190.4,190.3,500.0,500.0,0.0,0.0,0.0,0.3,4.29
10.0,200.4,6.19,59.8,561,190.0,190.2,190.3,500.0,500.0,0.0,0.0,0.0,0.3,4.30
10.0,200.4,6.19,59.6,562,190.0,190.2,190.3,500.0,500.0,0.0,0.0,0.0,0.3,4.31
10.0,200.4,6.19,59.8,563,190.0,190.2,190.3,500.0,500.0,0.0,0.0,0.0,0.3,4.32
10.0,200.4,6.19,59.8,564,190.0,190.2,190.3,500.0,500.0,0.0,0.0,0.0,0.3,4.33
10.0,200.4,6.19,59.8,565,190.0,190.2,190.3,500.0,500.0,0.0,0.0,0.0,0.3,4.34
10.1,200.4,6.19,59.8,566,190.0,190.0,190.3,500.0,500.0,0.0,0.0,0.0,0.3,4.35
10.3,200.4,6.19,59.8,567,190.0,190.0,190.3,500.0,500.0,0.0,0.0,0.0,0.3,4.36
10.4,200.4,6.19,59.8,568,190.0,190.0,190.3,500.0,500.0,0.0,0.0,0.0,0.3,4.37
10.4,200.4,6.19,59.8,569,190.0,190.0,190.3,500.0,500.0,0.0,0.0,0.0,0.3,4.38
10.5,200.4,6.19,59.8,570,190.0,190.0,190.2,500.0,500.0,0.0,0.0,0.0,0.3,4.39
10.4,200.4,6.19,59.8,571,190.0,190.0,190.2,500.0,500.0,0.0,0.0,0.0,0.3,4.40
10.3,200.4,6.19,60.0,572,190.0,190.0,190.2,500.0,500.0,0.0,0.0,0.0,0.3,4.41
10.1,200.5,6.19,60.0,573,190.0,190.0,190.2,500.0,500.0,0.0,0.0,0.0,0.3,4.42
10.0,200.5,6.19,60.0,574,190.0,190.0,190.2,500.0,500.0,0.0,0.0,0.0,0.3,4.43
9.9,200.5,6.19,60.0,575,190.0,190.0,190.2,500.0,500.0,0.0,0.0,0.0,0.3,4.44
9.8,200.5,6.19,60.0,576,190.0,190.0,190.2,500.0,500.0,0.0,0.0,0.0,0.3,4.45
9.7,200.5,6.19,59.8,577,190.0,190.0,190.2,500.0,500.0,0.0,0.0,0.0,0.3,4.46
9.8,200.5,6.19,59.8,578,190.0,190.0,190.2,500.0,500.0,0.0,0.0,0.0,0.3,4.47
9.8,200.5,6.19,59.8,579,190.0,190.0,190.1,500.0,500.0,0.0,0.0,0.0,0.3,4.48
9.8,200.5,6.19,59.8,580,190.0,190.0,190.1,500.0,500.0,0.0,0.0,0.0,0.3,4.49
9.8,200.4,6.19,59.8,581,190.0,190.0,190.1,500.0,500.0,0.0,0.0,0.0,0.3,4.50
9.8,200.4,6.19,59.8,582,190.0,190.0,190.1,500.0,500.0,0.0,0.0,0.0,0.3,4.51
9.7,200.4,6.19,59.6,583,190.0,190.0,190.1,500.0,500.0,0.0,0.0,0.0,0.3,4.52
9.7,200.4,6.19,59.6,584,190.0,190.0,190.1,500.0,500.0,0.0,0.0,0.0,0.3,4.53
9.8,200.4,6.19,59.6,585,190.0,190.0,190.1,500.0,500.0,0.0,0.0,0.0,0.3,4.54
9.8,200.5,6.19,59.6,586,190.0,190.0,190.1,500.0,500.0,0.0,0.0,0.0,0.3,4.55
9.8,200.5,6.19,59.8,587,190.0,190.2,190.1,500.0,500.0,0.0,0.0,0.0,0.3,4.56
9.8,200.5,6.19,59.8,588,190.0,190.3,190.0,500.0,500.0,0.0,0.0,0.0,0.3,4.57
10.0,200.5,6.19,59.8,589,190.0,190.3,190.0,500.0,500.0,0.0,0.0,0.0,0.3,4.58
10.0,200.5,6.19,59.8,590,190.0,190.3,190.0,500.0,500.0,0.0,0.0,0.0,0.3,4.59
10.0,200.5,6.19,59.8,591,190.0,190.4,190.0,500.0,500.0,0.0,0.0,0.0,0.3,4.60
10.1,200.5,6.19,59.6,592,190.0,190.5,190.0,500.0,500.0,0.0,0.0,0.0,0.3,4.61
10.1,200.5,6.19,59.8,593,190.0,190.6,190.0,500.0,500.0,0.0,0.0,0.0,0.3,4.62
10.0,200.5,6.19,59.8,594,190.0,190.6,190.0,500.0,500.0,0.0,0.0,0.0,0.3,4.63
10.2,200.5,6.19,59.8,595,190.0,190.6,190.0,500.0,500.0,0.0,0.0,0.0,0.3,4.64
10.3,200.5,6.19,59.8,596,190.0,190.6,190.0,500.0,500.0,0.0,0.0,0.0,0.3,4.65
10.4,200.5,6.19,60.0,597,190.0,190.6,190.0,500.0,500.0,0.0,0.0,0.0,0.3,4.66
10.6,200.5,6.19,59.8,598,190.0,190.7,190.0,500.0,500.0,0.0,0.0,0.0,0.3,4.67
10.6,200.5,6.19,59.8,599,190.0,190.7,190.0,500.0,500.0,0.0,0.0,0.0,0.3,4.68
