扭矩,料温,压力,转速,时间,温度1,温度2,温度3,温度4,温度5,温度6,温度7,温度8,顶栓,能量
1.8,187.9,6.19,2.0,0,190.0,190.0,190.0,500.0,500.0,0.0,0.0,0.0,0.3,0.00
1.7,187.9,6.19,9.2,1,190.0,190.0,190.0,500.0,500.0,0.0,0.0,0.0,0.3,0.00
1.7,188.0,6.19,17.2,2,190.0,190.0,190.0,500.0,500.0,0.0,0.0,0.0,0.3,0.00
1.6,188.0,6.19,25.2,3,190.0,190.0,190.0,500.0,500.0,0.0,0.0,0.0,0.3,0.00
1.5,188.0,6.19,33.4,4,190.0,190.0,190.0,500.0,500.0,0.0,0.0,0.0,0.3,0.00
1.5,188.0,6.19,39.4,5,190.0,190.0,190.0,500.0,500.0,0.0,0.0,0.0,0.3,0.00
1.6,188.0,6.19,40.0,6,190.0,190.0,190.0,500.0,500.0,0.0,0.0,0.0,0.3,0.00
1.5,188.0,6.19,40.2,7,190.0,190.0,190.0,500.0,500.0,0.0,0.0,0.0,0.3,0.01
1.5,187.9,6.19,40.4,8,190.0,190.0,190.0,500.0,500.0,0.0,0.0,0.0,0.3,0.01
1.5,187.7,6.19,40.0,9,190.0,190.0,190.0,500.0,500.0,0.0,0.0,0.0,0.3,0.01
1.4,187.4,6.19,40.0,10,190.0,190.0,190.0,500.0,500.0,0.0,0.0,0.0,0.3,0.01
1.3,186.9,6.19,40.2,11,190.0,190.0,190.0,500.0,500.0,0.0,0.0,0.0,0.3,0.01
1.2,186.5,6.19,40.0,12,190.0,190.0,190.0,500.0,500.0,0.0,0.0,0.0,0.3,0.01
1.1,186.1,6.19,39.8,13,190.0,190.0,190.0,500.0,500.0,0.0,0.0,0.0,0.3,0.01
0.9,185.6,6.19,40.0,14,190.0,190.0,190.0,500.0,500.0,0.0,0.0,0.0,0.3,0.01
0.8,185.0,6.19,40.0,15,190.0,190.0,190.0,500.0,500.0,0.0,0.0,0.0,0.3,0.01
0.8,184.5,6.19,39.8,16,190.0,190.0,190.0,500.0,500.0,0.0,0.0,0.0,0.3,0.01
0.7,183.9,6.20,39.8,17,190.0,190.0,190.0,500.0,500.0,0.0,0.0,0.0,0.3,0.01
0.5,183.2,6.20,39.8,18,190.0,190.0,190.0,500.0,500.0,0.0,0.0,0.0,0.3,0.01
0.5,182.6,6.19,39.8,19,190.0,190.0,190.0,500.0,500.0,0.0,0.0,0.0,0.3,0.01
0.5,182.1,6.19,39.8,20,190.0,190.0,190.0,500.0,500.0,0.0,0.0,0.0,0.3,0.01
0.4,181.5,6.19,40.0,21,190.0,190.0,190.0,500.0,500.0,0.0,0.0,0.0,0.3,0.01
0.5,181.0,6.19,40.0,22,190.0,190.0,190.0,500.0,500.0,0.0,0.0,0.0,0.3,0.01
0.5,180.5,6.19,40.0,23,190.0,190.0,190.0,500.0,500.0,0.0,0.0,0.0,0.3,0.01
0.5,180.0,6.19,40.0,24,190.0,190.0,190.0,500.0,500.0,0.0,0.0,0.0,0.3,0.02
0.8,179.4,6.19,39.8,25,190.0,190.0,190.0,500.0,500.0,0.0,0.0,0.0,0.3,0.02
1.1,178.7,6.19,39.8,26,190.0,190.0,190.0,500.0,500.0,0.0,0.0,0.0,0.3,0.02
1.5,178.0,6.19,39.8,27,190.0,190.0,190.0,500.0,500.0,0.0,0.0,0.0,0.3,0.02
2.3,177.3,6.20,39.8,28,190.0,190.0,190.0,500.0,500.0,0.0,0.0,0.0,0.3,0.02
3.0,176.5,6.20,39.8,29,190.0,190.0,190.0,500.0,500.0,0.0,0.0,0.0,0.3,0.02
3.2,175.6,6.19,40.0,30,190.0,190.0,190.0,500.0,500.0,0.0,0.0,0.0,0.3,0.02
4.2,174.7,6.20,40.0,31,190.0,190.0,190.0,500.0,500.0,0.0,0.0,0.0,0.3,0.03
4.3,173.8,6.20,40.0,32,190.0,190.0,190.0,500.0,500.0,0.0,0.0,0.0,0.3,0.03
4.0,173.1,6.20,40.0,33,190.0,190.0,190.0,500.0,500.0,0.0,0.0,0.0,0.3,0.03
3.8,172.3,6.20,40.0,34,190.0,190.0,190.0,500.0,500.0,0.0,0.0,0.0,0.3,0.03
3.7,171.7,6.20,39.8,35,190.0,190.0,190.0,500.0,500.0,0.0,0.0,0.0,0.3,0.04
2.9,171.2,6.20,40.0,36,190.0,190.0,190.0,500.0,500.0,0.0,0.0,0.0,0.3,0.04
2.5,170.9,6.20,39.8,37,190.0,190.0,190.0,500.0,500.0,0.0,0.0,0.0,0.3,0.04
2.6,170.7,6.20,40.0,38,190.0,190.0,190.0,500.0,500.0,0.0,0.0,0.0,0.3,0.04
2.8,170.4,6.20,39.8,39,190.0,190.0,190.0,500.0,500.0,0.0,0.0,0.0,0.3,0.04
3.0,170.1,6.20,40.0,40,190.0,189.7,190.0,500.0,500.0,0.0,0.0,0.0,0.3,0.05
3.0,169.8,6.20,39.8,41,190.0,189.7,190.0,500.0,500.0,0.0,0.0,0.0,0.3,0.05
3.1,169.6,6.20,40.0,42,190.0,189.7,190.0,500.0,500.0,0.0,0.0,0.0,0.3,0.05
3.2,169.5,6.20,39.8,43,190.0,189.6,190.0,500.0,500.0,0.0,0.0,0.0,0.3,0.05
2.8,169.4,6.19,40.0,44,190.0,189.5,190.0,500.0,500.0,0.0,0.0,0.0,0.3,0.05
3.3,169.4,6.19,40.0,45,190.0,189.5,190.0,500.0,500.0,0.0,0.0,0.0,0.3,0.06
3.5,169.5,6.20,40.0,46,190.0,189.5,190.0,500.0,500.0,0.0,0.0,0.0,0.3,0.06
3.8,169.6,6.19,40.0,47,190.0,189.5,190.0,500.0,500.0,0.0,0.0,0.0,0.3,0.06
4.4,169.5,6.20,40.0,48,190.0,189.4,190.0,500.0,500.0,0.0,0.0,0.0,0.3,0.06
4.5,169.4,6.20,40.0,49,190.0,189.4,189.9,500.0,500.0,0.0,0.0,0.0,0.3,0.07
4.4,169.2,6.20,39.8,50,190.0,189.4,189.9,500.0,500.0,0.0,0.0,0.0,0.3,0.07
4.9,169.0,6.20,39.8,51,190.0,189.4,189.9,500.0,500.0,0.0,0.0,0.0,0.3,0.07
5.0,168.8,6.20,39.8,52,190.0,189.4,189.9,500.0,500.0,0.0,0.0,0.0,0.3,0.08
4.8,168.8,6.20,39.8,53,190.0,189.4,189.9,500.0,500.0,0.0,0.0,0.0,0.3,0.08
5.4,168.9,6.20,39.8,54,190.0,189.5,189.9,500.0,500.0,0.0,0.0,0.0,0.3,0.08
5.5,168.9,6.20,40.0,55,190.0,189.6,189.8,500.0,500.0,0.0,0.0,0.0,0.3,0.09
5.5,169.0,6.20,40.0,56,190.0,189.6,189.8,500.0,500.0,0.0,0.0,0.0,0.3,0.09
5.9,169.1,6.20,40.0,57,190.0,189.6,189.8,500.0,500.0,0.0,0.0,0.0,0.3,0.09
5.6,169.1,6.20,40.0,58,190.0,189.7,189.8,500.0,500.0,0.0,0.0,0.0,0.3,0.10
5.8,169.2,6.20,40.0,59,190.0,189.9,189.8,500.0,500.0,0.0,0.0,0.0,0.3,0.10
6.0,169.4,6.20,40.0,60,190.0,190.0,189.8,500.0,500.0,0.0,0.0,0.0,0.3,0.11
5.7,169.5,6.20,40.0,61,190.0,190.0,189.7,500.0,500.0,0.0,0.0,0.0,0.3,0.11
5.7,169.7,6.19,39.8,62,190.0,190.0,189.7,500.0,500.0,0.0,0.0,0.0,0.3,0.11
6.2,169.8,6.19,39.8,63,190.0,190.0,189.7,500.0,500.0,0.0,0.0,0.0,0.3,0.12
6.1,170.0,6.19,39.8,64,190.0,190.0,189.7,500.0,500.0,0.0,0.0,0.0,0.3,0.12
6.0,170.2,6.19,39.8,65,190.0,190.0,189.7,500.0,500.0,0.0,0.0,0.0,0.3,0.13
6.6,170.5,6.20,39.8,66,190.0,190.0,189.7,500.0,500.0,0.0,0.0,0.0,0.3,0.13
7.8,170.6,6.20,40.0,67,190.0,190.0,189.7,500.0,500.0,0.0,0.0,0.0,0.3,0.13
9.7,170.8,6.20,40.0,68,190.0,190.0,189.6,500.0,500.0,0.0,0.0,0.0,0.3,0.14
10.8,169.9,6.20,40.0,69,190.0,190.1,189.6,500.0,500.0,0.0,0.0,0.0,0.3,0.15
11.7,167.9,6.20,40.0,70,190.0,190.2,189.7,500.0,500.0,0.0,0.0,0.0,0.3,0.16
12.6,165.4,6.20,39.8,71,190.0,190.2,189.7,500.0,500.0,0.0,0.0,0.0,0.3,0.16
12.6,163.3,6.20,40.0,72,190.0,190.2,189.7,500.0,500.0,0.0,0.0,0.0,0.3,0.17
12.1,162.3,6.20,39.8,73,190.0,190.2,189.7,500.0,500.0,0.0,0.0,0.0,0.3,0.18
12.8,162.0,6.20,39.8,74,190.0,190.2,189.7,500.0,500.0,0.0,0.0,0.0,0.3,0.19
13.2,162.4,6.20,39.8,75,190.0,190.2,189.7,500.0,500.0,0.0,0.0,0.0,0.3,0.20
13.3,163.1,6.20,40.0,76,190.0,190.2,189.6,500.0,500.0,0.0,0.0,0.0,0.3,0.21
13.5,163.5,6.20,39.8,77,190.0,190.2,189.6,500.0,500.0,0.0,0.0,0.0,0.3,0.22
13.0,164.0,6.20,40.0,78,190.0,190.2,189.6,500.0,500.0,0.0,0.0,0.0,0.3,0.22
12.3,164.5,6.20,40.0,79,190.0,190.2,189.6,500.0,500.0,0.0,0.0,0.0,0.3,0.23
12.0,165.2,6.20,39.8,80,190.0,190.2,189.6,500.0,500.0,0.0,0.0,0.0,0.3,0.24
11.4,166.0,6.20,39.6,81,190.0,190.2,189.6,500.0,500.0,0.0,0.0,0.0,0.3,0.25
10.6,166.6,6.20,39.8,82,190.0,190.1,189.7,500.0,500.0,0.0,0.0,0.0,0.3,0.26
10.3,167.4,6.20,39.8,83,190.0,190.0,189.7,500.0,500.0,0.0,0.0,0.0,0.3,0.26
10.0,168.0,6.20,39.8,84,190.0,190.0,189.7,500.0,500.0,0.0,0.0,0.0,0.3,0.27
9.5,168.7,6.20,40.0,85,190.0,190.0,189.7,500.0,500.0,0.0,0.0,0.0,0.3,0.28
9.4,169.4,6.20,40.2,86,190.0,190.0,189.7,500.0,500.0,0.0,0.0,0.0,0.3,0.28
9.1,170.0,6.20,40.0,87,190.0,190.0,189.7,500.0,500.0,0.0,0.0,0.0,0.3,0.29
9.1,170.6,6.20,40.0,88,190.0,190.0,189.8,500.0,500.0,0.0,0.0,0.0,0.3,0.29
8.8,171.1,6.20,40.0,89,190.0,190.0,189.8,500.0,500.0,0.0,0.0,0.0,0.3,0.30
8.6,171.7,6.20,40.0,90,190.0,190.0,189.8,500.0,500.0,0.0,0.0,0.0,0.3,0.31
8.6,172.2,6.20,40.0,91,190.0,190.0,189.8,500.0,500.0,0.0,0.0,0.0,0.3,0.31
8.4,172.7,6.20,39.8,92,190.0,190.0,189.8,500.0,500.0,0.0,0.0,0.0,0.3,0.32
8.2,173.2,6.20,39.8,93,190.0,190.0,189.8,500.0,500.0,0.0,0.0,0.0,0.3,0.32
8.4,173.7,6.19,39.8,94,190.0,190.0,189.8,500.0,500.0,0.0,0.0,0.0,0.3,0.33
8.4,174.2,6.20,39.8,95,190.0,190.0,189.8,500.0,500.0,0.0,0.0,0.0,0.3,0.33
8.2,174.7,6.20,39.8,96,190.0,190.0,189.8,500.0,500.0,0.0,0.0,0.0,0.3,0.34
8.4,175.1,6.20,40.0,97,190.0,190.0,189.9,500.0,500.0,0.0,0.0,0.0,0.3,0.34
8.6,175.5,6.20,40.0,98,190.0,190.0,189.9,500.0,500.0,0.0,0.0,0.0,0.3,0.35
8.3,175.9,6.20,40.0,99,190.0,190.0,189.9,500.0,500.0,0.0,0.0,0.0,0.3,0.36
8.6,176.2,6.19,40.0,100,190.0,190.0,189.9,500.0,500.0,0.0,0.0,0.0,0.3,0.36
8.6,176.6,6.19,40.0,101,190.0,190.0,189.9,500.0,500.0,0.0,0.0,0.0,0.3,0.37
8.4,176.9,6.19,39.8,102,190.0,190.0,189.9,500.0,500.0,0.0,0.0,0.0,0.3,0.37
8.2,177.3,6.19,39.8,103,190.0,190.0,190.0,500.0,500.0,0.0,0.0,0.0,0.3,0.38
8.2,177.6,6.19,39.6,104,190.0,190.1,190.0,500.0,500.0,0.0,0.0,0.0,0.3,0.38
8.1,177.9,6.20,39.6,105,190.0,190.2,190.0,500.0,500.0,0.0,0.0,0.0,0.3,0.39
8.0,178.2,6.20,39.6,106,190.0,190.3,190.0,500.0,500.0,0.0,0.0,0.0,0.3,0.39
8.1,178.5,6.19,39.8,107,190.0,190.3,190.0,500.0,500.0,0.0,0.0,0.0,0.3,0.40
8.2,178.8,6.19,39.8,108,190.0,190.3,190.0,500.0,500.0,0.0,0.0,0.0,0.3,0.40
8.5,179.1,6.19,40.0,109,190.0,190.5,190.0,500.0,500.0,0.0,0.0,0.0,0.3,0.41
8.2,179.3,6.19,40.0,110,190.0,190.7,190.0,500.0,500.0,0.0,0.0,0.0,0.3,0.42
8.6,179.6,6.20,40.0,111,190.0,190.8,190.0,500.0,500.0,0.0,0.0,0.0,0.3,0.42
8.9,179.8,6.20,40.0,112,190.0,190.8,190.0,500.0,500.0,0.0,0.0,0.0,0.3,0.43
8.5,180.0,6.20,40.0,113,190.0,190.9,190.0,500.0,500.0,0.0,0.0,0.0,0.3,0.43
8.5,180.2,6.19,39.8,114,190.0,191.0,190.0,500.0,500.0,0.0,0.0,0.0,0.3,0.44
8.6,180.5,6.19,39.8,115,190.0,191.0,190.0,500.0,500.0,0.0,0.0,0.0,0.3,0.44
8.4,180.7,6.19,39.8,116,190.0,191.0,190.0,500.0,500.0,0.0,0.0,0.0,0.3,0.45
8.2,180.9,6.19,39.8,117,190.0,191.1,190.0,500.0,500.0,0.0,0.0,0.0,0.3,0.46
8.4,181.1,6.19,39.8,118,190.0,191.3,190.0,500.0,500.0,0.0,0.0,0.0,0.3,0.46
8.3,181.3,6.19,40.0,119,190.0,191.3,190.0,500.0,500.0,0.0,0.0,0.0,0.3,0.47
8.3,181.5,6.19,40.0,120,190.0,191.3,190.0,500.0,500.0,0.0,0.0,0.0,0.3,0.47
8.1,181.7,6.19,40.0,121,190.0,191.3,190.0,500.0,500.0,0.0,0.0,0.0,0.3,0.48
8.0,181.9,6.19,40.0,122,190.0,191.3,190.0,500.0,500.0,0.0,0.0,0.0,0.3,0.48
8.3,182.1,6.20,39.8,123,190.0,191.3,190.0,500.0,500.0,0.0,0.0,0.0,0.3,0.49
8.0,182.3,6.19,39.8,124,190.0,191.2,190.0,500.0,500.0,0.0,0.0,0.0,0.3,0.49
8.1,182.5,6.20,39.8,125,190.0,191.0,190.0,500.0,500.0,0.0,0.0,0.0,0.3,0.50
8.4,182.7,6.20,39.6,126,190.0,190.9,190.0,500.0,500.0,0.0,0.0,0.0,0.3,0.50
8.3,182.8,6.19,39.6,127,190.0,190.9,190.0,500.0,500.0,0.0,0.0,0.0,0.3,0.51
8.2,183.0,6.19,39.8,128,190.0,190.9,190.0,500.0,500.0,0.0,0.0,0.0,0.3,0.52
8.4,183.2,6.19,39.8,129,190.0,190.7,190.0,500.0,500.0,0.0,0.0,0.0,0.3,0.52
8.2,183.4,6.19,39.8,130,190.0,190.4,190.0,500.0,500.0,0.0,0.0,0.0,0.3,0.53
8.0,183.5,6.19,40.0,131,190.0,190.3,190.0,500.0,500.0,0.0,0.0,0.0,0.3,0.53
8.2,183.6,6.19,40.0,132,190.0,190.2,190.0,500.0,500.0,0.0,0.0,0.0,0.3,0.54
8.0,183.8,6.19,39.8,133,190.0,190.1,190.0,500.0,500.0,0.0,0.0,0.0,0.3,0.54
8.2,184.0,6.19,39.8,134,190.0,190.0,190.0,500.0,500.0,0.0,0.0,0.0,0.3,0.55
7.9,184.1,6.19,39.6,135,190.0,190.0,190.0,500.0,500.0,0.0,0.0,0.0,0.3,0.55
8.0,184.2,6.19,39.6,136,190.0,190.0,190.0,500.0,500.0,0.0,0.0,0.0,0.3,0.56
8.1,184.4,6.19,39.6,137,190.0,190.0,190.0,500.0,500.0,0.0,0.0,0.0,0.3,0.56
8.2,184.5,6.19,39.8,138,190.0,190.0,190.0,500.0,500.0,0.0,0.0,0.0,0.3,0.57
8.0,184.6,6.19,39.8,139,190.0,190.0,190.0,500.0,500.0,0.0,0.0,0.0,0.3,0.57
8.3,184.8,6.19,40.0,140,190.0,190.0,190.0,500.0,500.0,0.0,0.0,0.0,0.3,0.58
8.4,184.9,6.19,40.0,141,190.0,190.0,190.0,500.0,500.0,0.0,0.0,0.0,0.3,0.59
8.1,184.9,6.19,40.0,142,190.0,190.0,190.0,500.0,500.0,0.0,0.0,0.0,0.3,0.59
8.2,185.0,6.19,40.0,143,190.0,190.0,190.0,500.0,500.0,0.0,0.0,0.0,0.3,0.60
8.2,185.2,6.19,40.0,144,190.0,190.0,190.0,500.0,500.0,0.0,0.0,0.0,0.3,0.60
7.9,185.3,6.19,39.8,145,190.0,190.0,190.0,500.0,500.0,0.0,0.0,0.0,0.3,0.61
7.9,185.4,6.19,39.8,146,190.0,190.0,190.0,500.0,500.0,0.0,0.0,0.0,0.3,0.61
7.8,185.5,6.19,39.8,147,190.0,190.0,190.0,500.0,500.0,0.0,0.0,0.0,0.3,0.62
7.9,185.6,6.19,39.8,148,190.0,190.0,190.0,500.0,500.0,0.0,0.0,0.0,0.3,0.62
7.8,185.7,6.19,39.8,149,190.0,190.0,190.0,500.0,500.0,0.0,0.0,0.0,0.3,0.63
7.8,185.8,6.19,40.0,150,190.0,190.0,190.0,500.0,500.0,0.0,0.0,0.0,0.3,0.63
7.7,185.9,6.19,40.0,151,190.0,190.0,190.0,500.0,500.0,0.0,0.0,0.0,0.3,0.64
8.2,186.0,6.19,40.0,152,190.0,190.0,190.0,500.0,500.0,0.0,0.0,0.0,0.3,0.64
7.9,186.2,6.19,40.0,153,190.0,190.0,190.0,500.0,500.0,0.0,0.0,0.0,0.3,0.65
8.2,186.3,6.19,39.8,154,190.0,190.0,190.0,500.0,500.0,0.0,0.0,0.0,0.3,0.65
8.4,186.3,6.19,39.8,155,190.0,190.0,190.0,500.0,500.0,0.0,0.0,0.0,0.3,0.66
8.1,186.4,6.19,39.8,156,190.0,190.1,190.0,500.0,500.0,0.0,0.0,0.0,0.3,0.67
8.0,186.5,6.19,39.8,157,190.0,190.3,190.0,500.0,500.0,0.0,0.0,0.0,0.3,0.67
8.0,186.6,6.19,39.8,158,190.0,190.4,190.0,500.0,500.0,0.0,0.0,0.0,0.3,0.68
7.8,186.7,6.19,40.0,159,190.0,190.5,190.0,500.0,500.0,0.0,0.0,0.0,0.3,0.68
7.7,186.8,6.19,40.0,160,190.0,190.6,190.0,500.0,500.0,0.0,0.0,0.0,0.3,0.69
7.9,186.9,6.19,40.0,161,190.0,190.7,190.0,500.0,500.0,0.0,0.0,0.0,0.3,0.69
7.8,187.0,6.19,40.0,162,190.0,190.7,190.0,500.0,500.0,0.0,0.0,0.0,0.3,0.70
8.0,187.1,6.19,39.8,163,190.0,190.7,190.0,500.0,500.0,0.0,0.0,0.0,0.3,0.70
7.7,187.2,6.19,40.0,164,190.0,190.8,190.0,500.0,500.0,0.0,0.0,0.0,0.3,0.71
7.7,187.3,6.19,39.8,165,190.0,191.0,190.0,500.0,500.0,0.0,0.0,0.0,0.3,0.71
7.9,187.4,6.19,39.6,166,190.0,191.0,190.0,500.0,500.0,0.0,0.0,0.0,0.3,0.72
7.6,187.4,6.19,39.6,167,190.0,191.0,190.0,500.0,500.0,0.0,0.0,0.0,0.3,0.72
7.6,187.5,6.19,39.8,168,190.0,191.0,190.0,500.0,500.0,0.0,0.0,0.0,0.3,0.73
8.0,187.5,6.19,39.6,169,190.0,191.0,190.0,500.0,500.0,0.0,0.0,0.0,0.3,0.73
7.9,187.6,6.19,39.8,170,190.0,191.0,190.0,500.0,500.0,0.0,0.0,0.0,0.3,0.74
7.6,187.7,6.19,40.0,171,190.0,191.0,190.0,500.0,500.0,0.0,0.0,0.0,0.3,0.74
8.0,187.8,6.19,40.0,172,190.0,191.0,190.0,500.0,500.0,0.0,0.0,0.0,0.3,0.75
7.7,187.9,6.19,39.8,173,190.0,191.0,190.0,500.0,500.0,0.0,0.0,0.0,0.3,0.75
7.6,187.9,6.19,40.0,174,190.0,190.9,190.0,500.0,500.0,0.0,0.0,0.0,0.3,0.76
7.4,188.0,6.19,39.8,175,190.0,190.8,190.0,500.0,500.0,0.0,0.0,0.0,0.3,0.76
7.4,188.0,6.19,39.8,176,190.0,190.8,190.0,500.0,500.0,0.0,0.0,0.0,0.3,0.77
7.5,188.1,6.19,39.8,177,190.0,190.8,190.0,500.0,500.0,0.0,0.0,0.0,0.3,0.77
7.3,188.2,6.19,40.0,178,190.0,190.8,190.0,500.0,500.0,0.0,0.0,0.0,0.3,0.78
7.6,188.4,6.19,39.8,179,190.0,190.8,190.0,500.0,500.0,0.0,0.0,0.0,0.3,0.78
7.8,188.4,6.19,40.0,180,190.0,190.8,190.0,500.0,500.0,0.0,0.0,0.0,0.3,0.79
8.0,188.5,6.19,40.0,181,190.0,190.7,190.0,500.0,500.0,0.0,0.0,0.0,0.3,0.79
7.8,188.6,6.19,40.0,182,190.0,190.6,190.0,500.0,500.0,0.0,0.0,0.0,0.3,0.80
8.0,188.7,6.19,40.0,183,190.0,190.6,190.0,500.0,500.0,0.0,0.0,0.0,0.3,0.80
7.9,188.8,6.19,40.0,184,190.0,190.6,190.0,500.0,500.0,0.0,0.0,0.0,0.3,0.81
7.7,188.8,6.19,39.8,185,190.0,190.5,190.0,500.0,500.0,0.0,0.0,0.0,0.3,0.82
7.7,188.9,6.19,39.8,186,190.0,190.4,190.0,500.0,500.0,0.0,0.0,0.0,0.3,0.82
7.6,189.0,6.19,39.8,187,190.0,190.4,190.0,500.0,500.0,0.0,0.0,0.0,0.3,0.83
7.6,189.0,6.19,39.8,188,190.0,190.4,190.0,500.0,500.0,0.0,0.0,0.0,0.3,0.83
7.7,189.0,6.19,39.8,189,190.0,190.4,190.0,500.0,500.0,0.0,0.0,0.0,0.3,0.84
7.7,189.1,6.19,40.0,190,190.0,190.4,190.0,500.0,500.0,0.0,0.0,0.0,0.3,0.84
7.7,189.1,6.19,40.0,191,190.0,190.3,190.0,500.0,500.0,0.0,0.0,0.0,0.3,0.85
7.7,189.2,6.19,40.0,192,190.0,190.3,190.0,500.0,500.0,0.0,0.0,0.0,0.3,0.85
7.8,189.3,6.19,40.0,193,190.0,190.3,190.0,500.0,500.0,0.0,0.0,0.0,0.3,0.86
7.7,189.3,6.19,39.8,194,190.0,190.3,190.0,500.0,500.0,0.0,0.0,0.0,0.3,0.86
8.0,189.4,6.19,40.0,195,190.0,190.4,190.0,500.0,500.0,0.0,0.0,0.0,0.3,0.87
7.8,189.5,6.19,39.8,196,190.0,190.4,190.0,500.0,500.0,0.0,0.0,0.0,0.3,0.87
7.9,189.6,6.19,39.8,197,190.0,190.4,190.0,500.0,500.0,0.0,0.0,0.0,0.3,0.88
7.9,189.6,6.19,39.8,198,190.0,190.4,190.0,500.0,500.0,0.0,0.0,0.0,0.3,0.88
7.8,189.7,6.19,40.0,199,190.0,190.5,190.0,500.0,500.0,0.0,0.0,0.0,0.3,0.89
7.8,189.7,6.19,39.8,200,190.0,190.6,190.0,500.0,500.0,0.0,0.0,0.0,0.3,0.89
7.8,189.8,6.19,40.0,201,190.0,190.6,190.0,500.0,500.0,0.0,0.0,0.0,0.3,0.90
7.7,189.8,6.19,40.0,202,190.0,190.6,190.0,500.0,500.0,0.0,0.0,0.0,0.3,0.90
7.8,189.8,6.19,40.0,203,190.0,190.6,190.0,500.0,500.0,0.0,0.0,0.0,0.3,0.91
7.7,189.9,6.19,40.0,204,190.0,190.6,190.0,500.0,500.0,0.0,0.0,0.0,0.3,0.91
7.6,189.9,6.19,40.0,205,190.0,190.7,190.0,500.0,500.0,0.0,0.0,0.0,0.3,0.92
7.8,189.9,6.19,39.8,206,190.0,190.8,190.0,500.0,500.0,0.0,0.0,0.0,0.3,0.92
7.9,190.0,6.19,39.8,207,190.0,190.9,190.0,500.0,500.0,0.0,0.0,0.0,0.3,0.93
7.5,190.1,6.19,39.8,208,190.0,190.9,190.0,500.0,500.0,0.0,0.0,0.0,0.3,0.93
7.9,190.1,6.19,39.8,209,190.0,190.9,190.0,500.0,500.0,0.0,0.0,0.0,0.3,0.94
7.7,190.2,6.19,39.8,210,190.0,191.0,190.0,500.0,500.0,0.0,0.0,0.0,0.3,0.94
7.7,190.3,6.19,40.0,211,190.0,191.1,190.0,500.0,500.0,0.0,0.0,0.0,0.3,0.95
7.7,190.3,6.19,40.0,212,190.0,191.1,190.0,500.0,500.0,0.0,0.0,0.0,0.3,0.95
7.7,190.4,6.19,40.0,213,190.0,191.1,190.0,500.0,500.0,0.0,0.0,0.0,0.3,0.96
7.6,190.4,6.19,40.0,214,190.0,191.1,190.0,500.0,500.0,0.0,0.0,0.0,0.3,0.96
7.7,190.4,6.19,39.8,215,190.0,191.1,190.0,500.0,500.0,0.0,0.0,0.0,0.3,0.97
7.6,190.5,6.19,39.6,216,190.0,191.1,190.0,500.0,500.0,0.0,0.0,0.0,0.3,0.97
7.6,190.6,6.19,39.8,217,190.0,191.1,190.0,500.0,500.0,0.0,0.0,0.0,0.3,0.98
7.6,190.7,6.19,39.6,218,190.0,191.2,190.0,500.0,500.0,0.0,0.0,0.0,0.3,0.99
7.5,190.7,6.19,39.6,219,190.0,191.2,190.0,500.0,500.0,0.0,0.0,0.0,0.3,0.99
7.6,190.8,6.19,39.8,220,190.0,191.2,190.0,500.0,500.0,0.0,0.0,0.0,0.3,1.00
7.9,190.9,6.19,40.0,221,190.0,191.2,190.0,500.0,500.0,0.0,0.0,0.0,0.3,1.00
7.6,190.9,6.19,39.8,222,190.0,191.0,190.0,500.0,500.0,0.0,0.0,0.0,0.3,1.01
7.9,191.0,6.19,40.0,223,190.0,190.9,190.0,500.0,500.0,0.0,0.0,0.0,0.3,1.01
8.1,191.0,6.19,40.0,224,190.0,190.9,190.0,500.0,500.0,0.0,0.0,0.0,0.3,1.02
8.2,191.1,6.19,40.0,225,190.0,190.9,190.0,500.0,500.0,0.0,0.0,0.0,0.3,1.02
7.9,191.1,6.19,40.0,226,190.0,190.7,190.0,500.0,500.0,0.0,0.0,0.0,0.3,1.03
8.1,191.2,6.19,39.8,227,190.0,190.6,190.0,500.0,500.0,0.0,0.0,0.0,0.3,1.03
8.0,191.2,6.19,39.8,228,190.0,190.6,190.0,500.0,500.0,0.0,0.0,0.0,0.3,1.04
7.7,191.2,6.19,39.8,229,190.0,190.6,190.0,500.0,500.0,0.0,0.0,0.0,0.3,1.04
7.6,191.3,6.19,39.8,230,190.0,190.4,190.0,500.0,500.0,0.0,0.0,0.0,0.3,1.05
7.7,191.3,6.19,39.8,231,190.0,190.3,190.0,500.0,500.0,0.0,0.0,0.0,0.3,1.05
7.9,191.3,6.19,40.0,232,190.0,190.3,190.0,500.0,500.0,0.0,0.0,0.0,0.3,1.06
7.6,191.4,6.19,40.0,233,190.0,190.3,190.0,500.0,500.0,0.0,0.0,0.0,0.3,1.06
7.8,191.4,6.19,40.0,234,190.0,190.1,190.0,500.0,500.0,0.0,0.0,0.0,0.3,1.07
8.1,191.4,6.19,40.0,235,190.0,190.0,190.0,500.0,500.0,0.0,0.0,0.0,0.3,1.07
7.8,191.5,6.19,40.0,236,190.0,190.0,190.0,500.0,500.0,0.0,0.0,0.0,0.3,1.08
7.8,191.6,6.19,39.8,237,190.0,190.0,190.0,500.0,500.0,0.0,0.0,0.0,0.3,1.08
8.1,191.6,6.19,39.8,238,190.0,190.0,190.0,500.0,500.0,0.0,0.0,0.0,0.3,1.09
8.0,191.6,6.19,39.8,239,190.0,190.0,190.0,500.0,500.0,0.0,0.0,0.0,0.3,1.09
7.8,191.7,6.19,39.8,240,190.0,190.0,190.0,500.0,500.0,0.0,0.0,0.0,0.3,1.10
8.0,191.7,6.19,39.8,241,190.0,190.0,190.0,500.0,500.0,0.0,0.0,0.0,0.3,1.11
7.9,191.8,6.19,40.0,242,190.0,190.0,190.0,500.0,500.0,0.0,0.0,0.0,0.3,1.11
7.8,191.8,6.19,40.0,243,190.0,190.0,190.0,500.0,500.0,0.0,0.0,0.0,0.3,1.12
7.7,191.9,6.19,40.0,244,190.0,190.0,190.0,500.0,500.0,0.0,0.0,0.0,0.3,1.12
7.6,191.9,6.19,40.0,245,190.0,190.0,190.0,500.0,500.0,0.0,0.0,0.0,0.3,1.13
7.7,191.9,6.19,40.0,246,190.0,190.0,190.0,500.0,500.0,0.0,0.0,0.0,0.3,1.13
7.4,192.0,6.19,40.0,247,190.0,190.0,190.0,500.0,500.0,0.0,0.0,0.0,0.3,1.14
7.6,192.0,6.19,40.0,248,190.0,190.0,190.0,500.0,500.0,0.0,0.0,0.0,0.3,1.14
7.8,192.0,6.19,39.8,249,190.0,190.0,190.0,500.0,500.0,0.0,0.0,0.0,0.3,1.15
7.7,192.1,6.19,39.8,250,190.0,190.0,190.0,500.0,500.0,0.0,0.0,0.0,0.3,1.15
7.6,192.1,6.19,39.8,251,190.0,190.0,190.0,500.0,500.0,0.0,0.0,0.0,0.3,1.16
8.0,192.1,6.19,39.8,252,190.0,190.0,190.0,500.0,500.0,0.0,0.0,0.0,0.3,1.16
7.7,192.2,6.19,39.8,253,190.0,190.0,190.0,500.0,500.0,0.0,0.0,0.0,0.3,1.17
7.6,192.2,6.19,40.0,254,190.0,190.1,190.0,500.0,500.0,0.0,0.0,0.0,0.3,1.17
7.7,192.2,6.19,40.0,255,190.0,190.2,190.0,500.0,500.0,0.0,0.0,0.0,0.3,1.18
7.6,192.3,6.19,40.0,256,190.0,190.2,190.0,500.0,500.0,0.0,0.0,0.0,0.3,1.18
7.5,192.3,6.19,40.0,257,190.0,190.2,190.0,500.0,500.0,0.0,0.0,0.0,0.3,1.19
7.6,192.3,6.19,39.8,258,190.0,190.3,190.0,500.0,500.0,0.0,0.0,0.0,0.3,1.19
7.4,192.4,6.19,39.6,259,190.0,190.4,190.0,500.0,500.0,0.0,0.0,0.0,0.3,1.20
7.6,192.4,6.19,39.6,260,190.0,190.4,190.0,500.0,500.0,0.0,0.0,0.0,0.3,1.20
7.4,192.5,6.19,39.6,261,190.0,190.4,190.0,500.0,500.0,0.0,0.0,0.0,0.3,1.21
7.5,192.5,6.19,39.6,262,190.0,190.4,190.0,500.0,500.0,0.0,0.0,0.0,0.3,1.21
7.7,192.5,6.19,39.8,263,190.0,190.4,190.0,500.0,500.0,0.0,0.0,0.0,0.3,1.22
7.7,192.6,6.19,40.0,264,190.0,190.4,190.0,500.0,500.0,0.0,0.0,0.0,0.3,1.22
7.8,192.6,6.19,40.0,265,190.0,190.4,190.0,500.0,500.0,0.0,0.0,0.0,0.3,1.23
8.1,192.6,6.19,40.0,266,190.0,190.4,190.0,500.0,500.0,0.0,0.0,0.0,0.3,1.23
8.1,192.7,6.19,40.0,267,190.0,190.4,190.0,500.0,500.0,0.0,0.0,0.0,0.3,1.24
7.9,192.7,6.19,39.8,268,190.0,190.4,190.0,500.0,500.0,0.0,0.0,0.0,0.3,1.24
8.0,192.7,6.19,39.8,269,190.0,190.4,190.0,500.0,500.0,0.0,0.0,0.0,0.3,1.25
7.9,192.8,6.19,39.8,270,190.0,190.4,190.0,500.0,500.0,0.0,0.0,0.0,0.3,1.25
7.8,192.8,6.19,39.8,271,190.0,190.3,190.0,500.0,500.0,0.0,0.0,0.0,0.3,1.26
7.8,192.8,6.19,39.8,272,190.0,190.2,190.0,500.0,500.0,0.0,0.0,0.0,0.3,1.26
7.5,192.8,6.19,40.0,273,190.0,190.2,190.0,500.0,500.0,0.0,0.0,0.0,0.3,1.27
7.7,192.8,6.19,40.0,274,190.0,190.2,190.0,500.0,500.0,0.0,0.0,0.0,0.3,1.27
7.8,192.9,6.19,40.0,275,190.0,190.0,190.0,500.0,500.0,0.0,0.0,0.0,0.3,1.28
7.7,192.9,6.19,40.0,276,190.0,190.0,190.0,500.0,500.0,0.0,0.0,0.0,0.3,1.28
7.8,192.9,6.19,40.0,277,190.0,190.0,190.0,500.0,500.0,0.0,0.0,0.0,0.3,1.29
8.0,193.0,6.19,40.0,278,190.0,190.0,190.0,500.0,500.0,0.0,0.0,0.0,0.3,1.30
7.9,193.0,6.19,39.8,279,190.0,190.0,190.0,500.0,500.0,0.0,0.0,0.0,0.3,1.30
7.7,193.0,6.19,39.8,280,190.0,190.0,190.0,500.0,500.0,0.0,0.0,0.0,0.3,1.31
8.0,193.1,6.19,39.8,281,190.0,190.0,190.0,500.0,500.0,0.0,0.0,0.0,0.3,1.31
7.8,193.1,6.19,39.8,282,190.0,190.0,190.0,500.0,500.0,0.0,0.0,0.0,0.3,1.32
8.0,193.1,6.19,39.8,283,190.0,190.0,190.0,500.0,500.0,0.0,0.0,0.0,0.3,1.32
7.9,193.2,6.19,40.0,284,190.0,190.0,190.0,500.0,500.0,0.0,0.0,0.0,0.3,1.33
7.9,193.2,6.19,40.0,285,190.0,190.0,190.0,500.0,500.0,0.0,0.0,0.0,0.3,1.33
7.9,193.3,6.19,40.0,286,190.0,190.0,190.0,500.0,500.0,0.0,0.0,0.0,0.3,1.34
7.8,193.3,6.19,40.0,287,190.0,190.0,190.0,500.0,500.0,0.0,0.0,0.0,0.3,1.34
7.8,193.3,6.19,40.0,288,190.0,190.0,190.0,500.0,500.0,0.0,0.0,0.0,0.3,1.35
8.0,193.3,6.19,39.8,289,190.1,190.0,190.0,500.0,500.0,0.0,0.0,0.0,0.3,1.35
8.0,193.4,6.19,39.8,290,190.1,190.0,190.0,500.0,500.0,0.0,0.0,0.0,0.3,1.36
7.8,193.4,6.19,39.8,291,190.1,190.0,190.0,500.0,500.0,0.0,0.0,0.0,0.3,1.36
8.2,193.4,6.19,39.8,292,190.1,190.0,190.0,500.0,500.0,0.0,0.0,0.0,0.3,1.37
8.0,193.5,6.19,39.8,293,190.1,190.0,190.0,500.0,500.0,0.0,0.0,0.0,0.3,1.37
8.0,193.5,6.19,40.0,294,190.1,190.0,190.0,500.0,500.0,0.0,0.0,0.0,0.3,1.38
8.0,193.5,6.19,40.0,295,190.1,190.0,190.0,500.0,500.0,0.0,0.0,0.0,0.3,1.38
7.9,193.6,6.19,40.0,296,190.1,190.0,190.0,500.0,500.0,0.0,0.0,0.0,0.3,1.39
7.9,193.6,6.19,40.0,297,190.1,190.0,190.0,500.0,500.0,0.0,0.0,0.0,0.3,1.40
7.8,193.6,6.19,39.8,298,190.1,190.0,190.0,500.0,500.0,0.0,0.0,0.0,0.3,1.40
7.8,193.6,6.19,39.8,299,190.1,190.0,190.0,500.0,500.0,0.0,0.0,0.0,0.3,1.41
7.7,193.6,6.19,39.8,300,190.2,190.0,190.0,500.0,500.0,0.0,0.0,0.0,0.3,1.41
7.7,193.7,6.19,39.8,301,190.2,190.0,190.0,500.0,500.0,0.0,0.0,0.0,0.3,1.42
7.6,193.7,6.19,39.8,302,190.2,190.0,190.0,500.0,500.0,0.0,0.0,0.0,0.3,1.42
7.7,193.7,6.19,40.0,303,190.2,190.0,190.0,500.0,500.0,0.0,0.0,0.0,0.3,1.43
7.9,193.7,6.19,40.0,304,190.2,190.0,190.0,500.0,500.0,0.0,0.0,0.0,0.3,1.43
7.7,193.7,6.19,40.0,305,190.2,190.0,190.0,500.0,500.0,0.0,0.0,0.0,0.3,1.44
8.0,193.7,6.19,40.0,306,190.2,190.0,190.0,500.0,500.0,0.0,0.0,0.0,0.3,1.44
7.8,193.8,6.19,40.0,307,190.2,190.0,190.0,500.0,500.0,0.0,0.0,0.0,0.3,1.45
7.9,193.8,6.19,40.0,308,190.2,190.0,190.0,500.0,500.0,0.0,0.0,0.0,0.3,1.45
7.7,193.8,6.19,40.0,309,190.2,190.0,190.0,500.0,500.0,0.0,0.0,0.0,0.3,1.46
7.9,193.8,6.19,39.8,310,190.2,190.0,190.0,500.0,500.0,0.0,0.0,0.0,0.3,1.46
7.8,193.9,6.19,39.8,311,190.1,190.0,190.0,500.0,500.0,0.0,0.0,0.0,0.3,1.47
7.9,193.9,6.19,39.8,312,190.1,190.1,190.0,500.0,500.0,0.0,0.0,0.0,0.3,1.47
7.9,193.9,6.19,39.8,313,190.1,190.1,190.0,500.0,500.0,0.0,0.0,0.0,0.3,1.48
7.9,193.9,6.19,39.8,314,190.1,190.1,190.0,500.0,500.0,0.0,0.0,0.0,0.3,1.48
8.0,193.9,6.19,40.0,315,190.1,190.1,190.0,500.0,500.0,0.0,0.0,0.0,0.3,1.49
7.7,193.9,6.19,40.0,316,190.1,190.1,190.0,500.0,500.0,0.0,0.0,0.0,0.3,1.49
7.9,194.0,6.19,39.8,317,190.1,190.1,190.0,500.0,500.0,0.0,0.0,0.0,0.3,1.50
8.1,194.0,6.19,39.8,318,190.1,190.0,190.0,500.0,500.0,0.0,0.0,0.0,0.3,1.50
7.9,194.0,6.19,39.8,319,190.1,190.0,190.0,500.0,500.0,0.0,0.0,0.0,0.3,1.51
7.9,194.1,6.19,39.8,320,190.1,190.0,190.0,500.0,500.0,0.0,0.0,0.0,0.3,1.52
8.1,194.1,6.19,39.8,321,190.1,190.0,190.0,500.0,500.0,0.0,0.0,0.0,0.3,1.52
8.1,194.1,6.19,40.0,322,190.1,190.0,190.0,500.0,500.0,0.0,0.0,0.0,0.3,1.53
7.8,194.2,6.19,40.0,323,190.1,190.0,190.0,500.0,500.0,0.0,0.0,0.0,0.3,1.53
8.1,194.2,6.19,40.0,324,190.1,190.0,190.0,500.0,500.0,0.0,0.0,0.0,0.3,1.54
8.0,194.2,6.19,40.0,325,190.1,190.0,190.0,500.0,500.0,0.0,0.0,0.0,0.3,1.54
8.1,194.2,6.19,40.0,326,190.1,190.0,190.0,500.0,500.0,0.0,0.0,0.0,0.3,1.55
7.9,194.2,6.19,40.0,327,190.1,190.0,190.0,500.0,500.0,0.0,0.0,0.0,0.3,1.55
8.0,194.2,6.19,40.0,328,190.1,190.0,190.0,500.0,500.0,0.0,0.0,0.0,0.3,1.56
7.9,194.2,6.19,39.8,329,190.1,190.0,190.0,500.0,500.0,0.0,0.0,0.0,0.3,1.56
7.7,194.2,6.19,39.8,330,190.1,190.0,190.0,500.0,500.0,0.0,0.0,0.0,0.3,1.57
7.8,194.3,6.19,39.8,331,190.1,190.0,190.0,500.0,500.0,0.0,0.0,0.0,0.3,1.57
8.0,194.3,6.19,39.8,332,190.1,190.0,190.0,500.0,500.0,0.0,0.0,0.0,0.3,1.58
7.9,194.3,6.19,39.8,333,190.1,190.0,190.0,500.0,500.0,0.0,0.0,0.0,0.3,1.58
7.8,194.3,6.19,40.0,334,190.1,190.0,190.0,500.0,500.0,0.0,0.0,0.0,0.3,1.59
8.0,194.4,6.19,40.0,335,190.1,190.0,190.0,500.0,500.0,0.0,0.0,0.0,0.3,1.59
7.9,194.4,6.19,40.0,336,190.1,190.0,190.0,500.0,500.0,0.0,0.0,0.0,0.3,1.60
7.8,194.4,6.19,40.0,337,190.1,190.0,190.0,500.0,500.0,0.0,0.0,0.0,0.3,1.61
8.0,194.4,6.19,39.8,338,190.0,190.0,190.0,500.0,500.0,0.0,0.0,0.0,0.3,1.61
7.9,194.4,6.19,39.8,339,190.0,189.9,190.0,500.0,500.0,0.0,0.0,0.0,0.3,1.62
8.0,194.4,6.19,39.8,340,190.0,189.9,190.0,500.0,500.0,0.0,0.0,0.0,0.3,1.62
7.9,194.4,6.19,39.8,341,190.0,189.9,190.0,500.0,500.0,0.0,0.0,0.0,0.3,1.63
7.8,194.5,6.19,39.8,342,190.0,189.9,190.0,500.0,500.0,0.0,0.0,0.0,0.3,1.63
7.8,194.5,6.19,40.0,343,190.0,189.9,190.0,500.0,500.0,0.0,0.0,0.0,0.3,1.64
7.7,194.5,6.19,40.0,344,190.0,189.9,190.0,500.0,500.0,0.0,0.0,0.0,0.3,1.64
7.8,194.5,6.19,40.0,345,190.0,189.9,190.0,500.0,500.0,0.0,0.0,0.0,0.3,1.65
7.9,194.5,6.19,40.0,346,190.0,190.0,190.0,500.0,500.0,0.0,0.0,0.0,0.3,1.65
8.2,194.6,6.19,40.0,347,190.0,190.0,190.0,500.0,500.0,0.0,0.0,0.0,0.3,1.66
8.0,194.6,6.19,39.8,348,190.0,190.0,190.0,500.0,500.0,0.0,0.0,0.0,0.3,1.66
8.1,194.6,6.19,39.8,349,190.0,190.0,190.0,500.0,500.0,0.0,0.0,0.0,0.3,1.67
8.1,194.6,6.19,39.8,350,190.0,190.0,190.0,500.0,500.0,0.0,0.0,0.0,0.3,1.67
8.0,194.6,6.19,39.8,351,190.0,190.0,190.0,500.0,500.0,0.0,0.0,0.0,0.3,1.68
8.0,194.6,6.19,39.8,352,190.0,190.0,190.0,500.0,500.0,0.0,0.0,0.0,0.3,1.68
7.9,194.6,6.19,40.0,353,190.0,190.0,190.0,500.0,500.0,0.0,0.0,0.0,0.3,1.69
8.1,194.7,6.19,40.0,354,190.0,190.0,190.0,500.0,500.0,0.0,0.0,0.0,0.3,1.70
7.8,194.7,6.19,40.0,355,190.0,190.0,190.0,500.0,500.0,0.0,0.0,0.0,0.3,1.70
8.0,194.7,6.19,40.0,356,190.0,190.0,190.0,500.0,500.0,0.0,0.0,0.0,0.3,1.71
8.0,194.8,6.19,39.8,357,190.0,190.0,190.0,500.0,500.0,0.0,0.0,0.0,0.3,1.71
8.0,194.8,6.19,40.0,358,190.0,190.0,190.0,500.0,500.0,0.0,0.0,0.0,0.3,1.72
7.9,194.8,6.19,39.8,359,190.0,190.0,190.0,500.0,500.0,0.0,0.0,0.0,0.3,1.72
8.2,194.9,6.19,39.8,360,190.0,190.1,190.0,500.0,500.0,0.0,0.0,0.0,0.3,1.73
8.4,194.9,6.19,39.8,361,190.0,190.2,190.0,500.0,500.0,0.0,0.0,0.0,0.3,1.73
8.3,194.9,6.19,40.0,362,190.0,190.2,190.0,500.0,500.0,0.0,0.0,0.0,0.3,1.74
8.5,194.9,6.19,39.8,363,190.0,190.2,190.0,500.0,500.0,0.0,0.0,0.0,0.3,1.74
8.5,194.9,6.19,40.0,364,190.0,190.2,190.0,500.0,500.0,0.0,0.0,0.0,0.3,1.75
8.4,194.9,6.19,40.0,365,190.0,190.2,190.0,500.0,500.0,0.0,0.0,0.0,0.3,1.75
8.3,194.9,6.19,40.0,366,190.0,190.2,190.0,500.0,500.0,0.0,0.0,0.0,0.3,1.76
8.2,194.9,6.19,40.0,367,190.0,190.2,190.0,500.0,500.0,0.0,0.0,0.0,0.3,1.77
8.1,195.0,6.19,40.2,368,190.0,190.2,190.0,500.0,500.0,0.0,0.0,0.0,0.3,1.77
8.1,195.0,6.19,40.0,369,190.0,190.2,190.0,500.0,500.0,0.0,0.0,0.0,0.3,1.78
8.0,195.0,6.19,40.0,370,190.0,190.2,190.0,500.0,500.0,0.0,0.0,0.0,0.3,1.78
8.0,195.0,6.19,40.0,371,190.0,190.1,190.0,500.0,500.0,0.0,0.0,0.0,0.3,1.79
8.0,195.1,6.19,40.0,372,190.0,190.0,190.0,500.0,500.0,0.0,0.0,0.0,0.3,1.79
8.1,195.1,6.19,39.8,373,190.0,190.0,190.0,500.0,500.0,0.0,0.0,0.0,0.3,1.80
8.0,195.1,6.19,40.0,374,190.0,190.0,190.0,500.0,500.0,0.0,0.0,0.0,0.3,1.80
8.4,195.1,6.19,40.0,375,190.0,190.0,190.0,500.0,500.0,0.0,0.0,0.0,0.3,1.81
8.3,195.1,6.19,40.0,376,190.0,190.0,190.0,500.0,500.0,0.0,0.0,0.0,0.3,1.81
8.4,195.1,6.19,40.0,377,190.0,190.0,190.0,500.0,500.0,0.0,0.0,0.0,0.3,1.82
8.4,195.2,6.19,39.8,378,190.0,190.0,190.0,500.0,500.0,0.0,0.0,0.0,0.3,1.83
8.3,195.2,6.19,39.8,379,190.0,190.0,190.0,500.0,500.0,0.0,0.0,0.0,0.3,1.83
8.2,195.2,6.19,39.8,380,190.0,190.0,190.0,500.0,500.0,0.0,0.0,0.0,0.3,1.84
8.1,195.2,6.19,39.8,381,190.0,190.0,190.0,500.0,500.0,0.0,0.0,0.0,0.3,1.84
8.1,195.2,6.19,39.8,382,190.0,190.0,190.0,500.0,500.0,0.0,0.0,0.0,0.3,1.85
7.9,195.2,6.19,40.0,383,190.0,190.0,190.0,500.0,500.0,0.0,0.0,0.0,0.3,1.85
8.0,195.3,6.19,40.0,384,190.0,190.0,190.0,500.0,500.0,0.0,0.0,0.0,0.3,1.86
7.8,195.3,6.19,40.0,385,190.0,190.0,190.0,500.0,500.0,0.0,0.0,0.0,0.3,1.86
8.1,195.3,6.19,40.0,386,190.0,190.0,190.0,500.0,500.0,0.0,0.0,0.0,0.3,1.87
7.9,195.3,6.19,40.0,387,190.0,190.0,190.0,500.0,500.0,0.0,0.0,0.0,0.3,1.87
8.1,195.3,6.19,40.0,388,190.0,190.0,190.0,500.0,500.0,0.0,0.0,0.0,0.3,1.88
8.2,195.4,6.19,40.0,389,190.0,190.0,190.0,500.0,500.0,0.0,0.0,0.0,0.3,1.88
8.2,195.5,6.19,39.8,390,190.0,190.0,190.0,500.0,500.0,0.0,0.0,0.0,0.3,1.89
8.1,195.5,6.19,39.8,391,190.1,190.0,190.0,500.0,500.0,0.0,0.0,0.0,0.3,1.90
8.1,195.5,6.19,39.8,392,190.1,190.0,190.1,500.0,500.0,0.0,0.0,0.0,0.3,1.90
8.2,195.5,6.19,39.8,393,190.1,190.0,190.1,500.0,500.0,0.0,0.0,0.0,0.3,1.91
8.1,195.5,6.19,39.8,394,190.1,190.0,190.1,500.0,500.0,0.0,0.0,0.0,0.3,1.91
8.1,195.5,6.19,40.0,395,190.1,190.0,190.1,500.0,500.0,0.0,0.0,0.0,0.3,1.92
8.0,195.4,6.19,40.0,396,190.1,190.0,190.1,500.0,500.0,0.0,0.0,0.0,0.3,1.92
8.1,195.4,6.19,40.0,397,190.1,190.0,190.0,500.0,500.0,0.0,0.0,0.0,0.3,1.93
8.2,195.5,6.19,40.0,398,190.1,190.0,190.0,500.0,500.0,0.0,0.0,0.0,0.3,1.93
8.1,195.5,6.19,40.0,399,190.1,190.0,190.0,500.0,500.0,0.0,0.0,0.0,0.3,1.94
8.3,195.5,6.19,39.8,400,190.0,190.0,190.0,500.0,500.0,0.0,0.0,0.0,0.3,1.94
8.4,195.5,6.19,39.8,401,190.0,190.1,190.0,500.0,500.0,0.0,0.0,0.0,0.3,1.95
8.3,195.5,6.19,39.8,402,190.0,190.2,190.0,500.0,500.0,0.0,0.0,0.0,0.3,1.96
8.3,195.5,6.19,39.8,403,190.0,190.2,190.0,500.0,500.0,0.0,0.0,0.0,0.3,1.96
8.4,195.5,6.19,39.8,404,190.0,190.2,190.0,500.0,500.0,0.0,0.0,0.0,0.3,1.97
8.4,195.6,6.19,40.0,405,190.0,190.3,190.0,500.0,500.0,0.0,0.0,0.0,0.3,1.97
8.2,195.6,6.19,40.0,406,190.0,190.4,190.0,500.0,500.0,0.0,0.0,0.0,0.3,1.98
8.5,195.6,6.19,40.0,407,190.0,190.4,190.0,500.0,500.0,0.0,0.0,0.0,0.3,1.98
8.3,195.6,6.19,40.0,408,190.0,190.4,190.0,500.0,500.0,0.0,0.0,0.0,0.3,1.99
8.4,195.6,6.19,39.8,409,190.0,190.5,190.0,500.0,500.0,0.0,0.0,0.0,0.3,1.99
8.3,195.7,6.19,39.8,410,190.0,190.5,190.0,500.0,500.0,0.0,0.0,0.0,0.3,2.00
8.4,195.7,6.19,39.8,411,190.0,190.5,190.0,500.0,500.0,0.0,0.0,0.0,0.3,2.01
8.4,195.7,6.19,39.8,412,190.0,190.5,190.0,500.0,500.0,0.0,0.0,0.0,0.3,2.01
8.2,195.7,6.19,39.8,413,190.0,190.5,190.0,500.0,500.0,0.0,0.0,0.0,0.3,2.02
8.3,195.7,6.19,40.0,414,190.0,190.5,190.0,500.0,500.0,0.0,0.0,0.0,0.3,2.02
8.4,195.7,6.19,40.0,415,190.0,190.5,190.0,500.0,500.0,0.0,0.0,0.0,0.3,2.03
8.4,195.7,6.19,40.0,416,190.0,190.4,190.0,500.0,500.0,0.0,0.0,0.0,0.3,2.03
8.4,195.7,6.19,40.0,417,190.0,190.2,190.0,500.0,500.0,0.0,0.0,0.0,0.3,2.04
8.6,195.8,6.19,39.8,418,190.0,190.2,190.0,500.0,500.0,0.0,0.0,0.0,0.3,2.04
8.5,195.8,6.19,39.6,419,190.0,190.2,190.0,500.0,500.0,0.0,0.0,0.0,0.3,2.05
8.4,195.8,6.19,39.6,420,190.0,190.2,190.0,500.0,500.0,0.0,0.0,0.0,0.3,2.06
8.5,195.8,6.19,39.6,421,190.0,190.1,190.0,500.0,500.0,0.0,0.0,0.0,0.3,2.06
8.4,195.8,6.19,39.6,422,190.0,190.0,190.0,500.0,500.0,0.0,0.0,0.0,0.3,2.07
8.3,195.8,6.19,39.8,423,190.0,190.0,190.0,500.0,500.0,0.0,0.0,0.0,0.3,2.07
8.3,195.8,6.19,40.0,424,190.0,190.0,190.0,500.0,500.0,0.0,0.0,0.0,0.3,2.08
8.1,195.8,6.19,40.0,425,190.0,190.0,190.0,500.0,500.0,0.0,0.0,0.0,0.3,2.08
8.3,195.8,6.19,40.0,426,190.0,190.0,190.0,500.0,500.0,0.0,0.0,0.0,0.3,2.09
8.0,195.9,6.19,40.0,427,190.0,190.0,190.0,500.0,500.0,0.0,0.0,0.0,0.3,2.09
8.1,195.9,6.19,40.0,428,190.0,190.0,190.0,500.0,500.0,0.0,0.0,0.0,0.3,2.10
8.3,195.9,6.19,40.0,429,190.0,190.0,190.0,500.0,500.0,0.0,0.0,0.0,0.3,2.10
8.4,195.9,6.19,39.8,430,190.0,190.0,190.0,500.0,500.0,0.0,0.0,0.0,0.3,2.11
8.4,195.9,6.19,39.8,431,190.0,190.0,190.0,500.0,500.0,0.0,0.0,0.0,0.3,2.12
8.5,195.9,6.19,39.8,432,190.0,190.0,190.0,500.0,500.0,0.0,0.0,0.0,0.3,2.12
8.6,195.9,6.19,39.8,433,190.0,190.0,190.0,500.0,500.0,0.0,0.0,0.0,0.3,2.13
8.4,195.9,6.19,39.8,434,190.0,190.0,190.0,500.0,500.0,0.0,0.0,0.0,0.3,2.13
8.5,195.9,6.19,40.0,435,190.0,190.0,190.0,500.0,500.0,0.0,0.0,0.0,0.3,2.14
8.3,195.9,6.19,40.0,436,190.0,190.0,190.0,500.0,500.0,0.0,0.0,0.0,0.3,2.14
8.5,195.9,6.19,40.0,437,190.0,190.0,190.0,500.0,500.0,0.0,0.0,0.0,0.3,2.15
8.1,195.9,6.19,40.0,438,190.0,190.0,190.0,500.0,500.0,0.0,0.0,0.0,0.3,2.16
8.3,195.9,6.19,39.8,439,190.0,190.0,190.0,500.0,500.0,0.0,0.0,0.0,0.3,2.16
8.2,195.9,6.19,39.8,440,190.0,190.0,190.0,500.0,500.0,0.0,0.0,0.0,0.3,2.17
8.2,195.9,6.19,39.8,441,190.0,190.0,190.0,500.0,500.0,0.0,0.0,0.0,0.3,2.17
8.2,195.9,6.19,39.8,442,190.0,190.0,190.0,500.0,500.0,0.0,0.0,0.0,0.3,2.18
8.4,196.0,6.19,39.8,443,190.0,190.0,190.0,500.0,500.0,0.0,0.0,0.0,0.3,2.18
8.6,196.0,6.19,40.0,444,190.0,190.0,190.0,500.0,500.0,0.0,0.0,0.0,0.3,2.19
8.5,196.0,6.19,40.0,445,190.0,190.0,190.0,500.0,500.0,0.0,0.0,0.0,0.3,2.19
8.7,196.0,6.19,40.0,446,190.0,190.0,190.0,500.0,500.0,0.0,0.0,0.0,0.3,2.20
8.7,196.0,6.19,40.0,447,190.0,190.0,190.0,500.0,500.0,0.0,0.0,0.0,0.3,2.21
8.6,196.0,6.19,40.0,448,190.0,190.0,190.0,500.0,500.0,0.0,0.0,0.0,0.3,2.21
8.5,196.0,6.19,39.8,449,190.0,190.2,190.0,500.0,500.0,0.0,0.0,0.0,0.3,2.22
8.5,196.0,6.19,39.8,450,190.0,190.2,190.0,500.0,500.0,0.0,0.0,0.0,0.3,2.22
8.6,196.0,6.19,39.6,451,190.0,190.2,190.0,500.0,500.0,0.0,0.0,0.0,0.3,2.23
8.3,196.0,6.19,39.6,452,190.0,190.3,190.0,500.0,500.0,0.0,0.0,0.0,0.3,2.23
8.5,196.0,6.19,39.6,453,190.0,190.4,190.0,500.0,500.0,0.0,0.0,0.0,0.3,2.24
8.3,196.1,6.19,39.8,454,190.0,190.4,190.0,500.0,500.0,0.0,0.0,0.0,0.3,2.25
8.5,196.1,6.19,39.8,455,190.0,190.4,190.0,500.0,500.0,0.0,0.0,0.0,0.3,2.25
8.3,196.1,6.19,40.0,456,190.0,190.4,190.0,500.0,500.0,0.0,0.0,0.0,0.3,2.26
8.5,196.1,6.19,40.0,457,190.0,190.4,190.0,500.0,500.0,0.0,0.0,0.0,0.3,2.26
8.6,196.1,6.19,39.8,458,190.0,190.5,190.0,500.0,500.0,0.0,0.0,0.0,0.3,2.27
8.6,196.1,6.19,39.8,459,190.0,190.5,190.0,500.0,500.0,0.0,0.0,0.0,0.3,2.27
8.6,196.1,6.19,40.0,460,190.0,190.5,190.0,500.0,500.0,0.0,0.0,0.0,0.3,2.28
8.7,196.1,6.19,39.8,461,190.0,190.5,190.0,500.0,500.0,0.0,0.0,0.0,0.3,2.28
8.7,196.1,6.19,39.8,462,190.0,190.5,190.0,500.0,500.0,0.0,0.0,0.0,0.3,2.29
8.6,196.1,6.19,40.0,463,190.0,190.5,190.0,500.0,500.0,0.0,0.0,0.0,0.3,2.30
8.6,196.2,6.19,40.0,464,190.0,190.4,190.0,500.0,500.0,0.0,0.0,0.0,0.3,2.30
8.4,196.2,6.19,39.8,465,190.0,190.3,190.0,500.0,500.0,0.0,0.0,0.0,0.3,2.31
8.5,196.2,6.19,40.0,466,190.0,190.3,190.0,500.0,500.0,0.0,0.0,0.0,0.3,2.31
8.3,196.2,6.19,40.0,467,190.0,190.3,190.0,500.0,500.0,0.0,0.0,0.0,0.3,2.32
8.3,196.3,6.19,40.0,468,190.0,190.1,190.0,500.0,500.0,0.0,0.0,0.0,0.3,2.32
8.5,196.3,6.19,40.0,469,190.0,190.0,190.0,500.0,500.0,0.0,0.0,0.0,0.3,2.33
8.4,196.3,6.19,39.8,470,190.0,190.0,190.0,500.0,500.0,0.0,0.0,0.0,0.3,2.34
8.5,196.3,6.19,39.8,471,190.0,190.0,190.0,500.0,500.0,0.0,0.0,0.0,0.3,2.34
8.7,196.3,6.19,39.8,472,190.0,190.0,190.0,500.0,500.0,0.0,0.0,0.0,0.3,2.35
8.6,196.3,6.19,39.8,473,190.0,190.0,190.0,500.0,500.0,0.0,0.0,0.0,0.3,2.35
8.5,196.3,6.19,39.8,474,190.0,190.0,190.1,500.0,500.0,0.0,0.0,0.0,0.3,2.36
8.5,196.3,6.19,40.0,475,190.0,190.0,190.1,500.0,500.0,0.0,0.0,0.0,0.3,2.36
8.4,196.3,6.19,40.0,476,190.0,190.0,190.1,500.0,500.0,0.0,0.0,0.0,0.3,2.37
8.3,196.3,6.19,39.8,477,190.0,190.0,190.1,500.0,500.0,0.0,0.0,0.0,0.3,2.38
8.2,196.3,6.19,39.8,478,190.0,190.0,190.1,500.0,500.0,0.0,0.0,0.0,0.3,2.38
8.1,196.4,6.19,39.6,479,190.0,190.0,190.1,500.0,500.0,0.0,0.0,0.0,0.3,2.39
8.3,196.4,6.19,39.6,480,190.0,190.0,190.1,500.0,500.0,0.0,0.0,0.0,0.3,2.39
8.1,196.4,6.19,39.6,481,190.0,190.0,190.1,500.0,500.0,0.0,0.0,0.0,0.3,2.40
8.4,196.3,6.19,39.8,482,190.0,190.0,190.1,500.0,500.0,0.0,0.0,0.0,0.3,2.40
8.7,196.3,6.19,39.8,483,190.0,190.0,190.1,500.0,500.0,0.0,0.0,0.0,0.3,2.41
8.6,196.4,6.19,40.0,484,190.0,190.0,190.1,500.0,500.0,0.0,0.0,0.0,0.3,2.41
8.6,196.4,6.19,40.0,485,190.0,190.0,190.2,500.0,500.0,0.0,0.0,0.0,0.3,2.42
8.8,196.4,6.19,40.0,486,190.0,190.0,190.2,500.0,500.0,0.0,0.0,0.0,0.3,2.43
8.8,196.4,6.19,40.0,487,190.0,190.0,190.2,500.0,500.0,0.0,0.0,0.0,0.3,2.43
8.7,196.4,6.19,39.8,488,190.0,190.0,190.2,500.0,500.0,0.0,0.0,0.0,0.3,2.44
8.8,196.4,6.19,39.8,489,190.0,190.0,190.2,500.0,500.0,0.0,0.0,0.0,0.3,2.44
8.7,196.4,6.19,39.8,490,190.0,190.0,190.2,500.0,500.0,0.0,0.0,0.0,0.3,2.45
8.6,196.4,6.19,39.8,491,190.0,190.0,190.2,500.0,500.0,0.0,0.0,0.0,0.3,2.45
8.6,196.4,6.19,39.8,492,190.0,190.0,190.2,500.0,500.0,0.0,0.0,0.0,0.3,2.46
8.4,196.4,6.19,40.0,493,190.0,190.0,190.2,500.0,500.0,0.0,0.0,0.0,0.3,2.47
8.4,196.4,6.19,40.0,494,190.0,190.0,190.2,500.0,500.0,0.0,0.0,0.0,0.3,2.47
8.6,196.4,6.19,40.0,495,190.0,190.0,190.2,500.0,500.0,0.0,0.0,0.0,0.3,2.48
8.5,196.4,6.19,40.0,496,190.0,190.0,190.2,500.0,500.0,0.0,0.0,0.0,0.3,2.48
8.5,196.5,6.19,39.8,497,190.0,190.0,190.2,500.0,500.0,0.0,0.0,0.0,0.3,2.49
8.6,196.5,6.19,39.8,498,190.0,190.0,190.2,500.0,500.0,0.0,0.0,0.0,0.3,2.49
8.7,196.6,6.19,39.8,499,190.0,190.0,190.2,500.0,500.0,0.0,0.0,0.0,0.3,2.50
8.6,196.6,6.19,39.8,500,190.0,190.1,190.2,500.0,500.0,0.0,0.0,0.0,0.3,2.51
8.9,196.6,6.19,39.8,501,190.0,190.2,190.2,500.0,500.0,0.0,0.0,0.0,0.3,2.51
8.7,196.6,6.19,40.0,502,190.0,190.2,190.2,500.0,500.0,0.0,0.0,0.0,0.3,2.52
8.8,196.6,6.19,40.0,503,190.0,190.2,190.2,500.0,500.0,0.0,0.0,0.0,0.3,2.52
8.7,196.6,6.19,40.0,504,190.0,190.4,190.2,500.0,500.0,0.0,0.0,0.0,0.3,2.53
8.7,196.6,6.19,40.0,505,190.0,190.4,190.2,500.0,500.0,0.0,0.0,0.0,0.3,2.53
8.7,196.6,6.19,40.0,506,190.0,190.4,190.2,500.0,500.0,0.0,0.0,0.0,0.3,2.54
8.6,196.6,6.19,39.8,507,190.0,190.4,190.2,500.0,500.0,0.0,0.0,0.0,0.3,2.55
8.6,196.6,6.19,39.8,508,190.0,190.4,190.2,500.0,500.0,0.0,0.0,0.0,0.3,2.55
8.6,196.6,6.19,39.8,509,190.0,190.4,190.2,500.0,500.0,0.0,0.0,0.0,0.3,2.56
8.5,196.6,6.19,39.8,510,190.0,190.4,190.2,500.0,500.0,0.0,0.0,0.0,0.3,2.56
8.5,196.6,6.19,39.8,511,190.0,190.4,190.2,500.0,500.0,0.0,0.0,0.0,0.3,2.57
8.7,196.6,6.19,40.0,512,190.0,190.4,190.2,500.0,500.0,0.0,0.0,0.0,0.3,2.57
8.8,196.6,6.19,40.0,513,190.0,190.4,190.2,500.0,500.0,0.0,0.0,0.0,0.3,2.58
8.8,196.7,6.19,40.0,514,190.0,190.3,190.2,500.0,500.0,0.0,0.0,0.0,0.3,2.59
9.0,196.7,6.19,40.0,515,190.0,190.1,190.2,500.0,500.0,0.0,0.0,0.0,0.3,2.59
8.8,196.7,6.19,39.8,516,190.0,190.1,190.2,500.0,500.0,0.0,0.0,0.0,0.3,2.60
8.9,196.7,6.19,39.8,517,190.0,190.1,190.2,500.0,500.0,0.0,0.0,0.0,0.3,2.60
8.8,196.7,6.19,39.8,518,190.0,190.1,190.2,500.0,500.0,0.0,0.0,0.0,0.3,2.61
8.7,196.7,6.19,39.8,519,190.0,190.0,190.1,500.0,500.0,0.0,0.0,0.0,0.3,2.62
8.7,196.7,6.19,39.8,520,190.0,190.0,190.1,500.0,500.0,0.0,0.0,0.0,0.3,2.62
8.6,196.7,6.19,40.0,521,190.0,190.0,190.1,500.0,500.0,0.0,0.0,0.0,0.3,2.63
8.5,196.7,6.19,40.0,522,190.0,190.0,190.1,500.0,500.0,0.0,0.0,0.0,0.3,2.63
8.6,196.7,6.19,40.0,523,190.0,190.0,190.1,500.0,500.0,0.0,0.0,0.0,0.3,2.64
8.7,196.7,6.19,40.0,524,190.0,190.0,190.1,500.0,500.0,0.0,0.0,0.0,0.3,2.64
8.6,196.7,6.19,40.0,525,190.0,190.0,190.1,500.0,500.0,0.0,0.0,0.0,0.3,2.65
8.8,196.7,6.19,39.8,526,190.0,190.0,190.1,500.0,500.0,0.0,0.0,0.0,0.3,2.66
9.0,196.7,6.19,39.8,527,190.0,190.0,190.1,500.0,500.0,0.0,0.0,0.0,0.3,2.66
8.8,196.7,6.19,39.8,528,190.0,190.0,190.0,500.0,500.0,0.0,0.0,0.0,0.3,2.67
8.9,196.7,6.19,39.8,529,190.0,190.0,190.0,500.0,500.0,0.0,0.0,0.0,0.3,2.67
9.0,196.7,6.19,39.8,530,190.0,190.0,190.0,500.0,500.0,0.0,0.0,0.0,0.3,2.68
9.1,196.7,6.19,40.0,531,190.0,190.0,190.0,500.0,500.0,0.0,0.0,0.0,0.3,2.69
8.9,196.7,6.19,40.0,532,190.0,190.0,190.0,500.0,500.0,0.0,0.0,0.0,0.3,2.69
9.0,196.7,6.19,40.0,533,190.0,190.0,190.0,500.0,500.0,0.0,0.0,0.0,0.3,2.70
9.0,196.7,6.19,40.0,534,190.0,190.0,190.0,500.0,500.0,0.0,0.0,0.0,0.3,2.70
8.7,196.7,6.19,39.8,535,190.0,190.0,190.0,500.0,500.0,0.0,0.0,0.0,0.3,2.71
8.7,196.7,6.19,40.0,536,190.0,190.0,190.0,500.0,500.0,0.0,0.0,0.0,0.3,2.72
8.7,196.7,6.19,39.8,537,190.0,190.0,190.0,500.0,500.0,0.0,0.0,0.0,0.3,2.72
8.9,196.7,6.19,39.8,538,190.0,190.0,190.0,500.0,500.0,0.0,0.0,0.0,0.3,2.73
8.8,196.7,6.19,39.8,539,190.0,190.0,190.0,500.0,500.0,0.0,0.0,0.0,0.3,2.73
9.0,196.7,6.19,40.0,540,190.0,190.0,190.0,500.0,500.0,0.0,0.0,0.0,0.3,2.74
9.1,196.8,6.19,39.8,541,190.0,190.0,190.0,500.0,500.0,0.0,0.0,0.0,0.3,2.74
9.1,196.8,6.19,40.0,542,190.0,190.0,190.0,500.0,500.0,0.0,0.0,0.0,0.3,2.75
9.0,196.8,6.19,40.0,543,190.0,190.3,190.0,500.0,500.0,0.0,0.0,0.0,0.3,2.76
9.0,196.8,6.19,39.8,544,190.0,190.4,190.0,500.0,500.0,0.0,0.0,0.0,0.3,2.76
9.0,196.8,6.19,40.0,545,190.0,190.4,190.0,500.0,500.0,0.0,0.0,0.0,0.3,2.77
8.7,196.7,6.19,39.8,546,190.0,190.4,190.0,500.0,500.0,0.0,0.0,0.0,0.3,2.77
8.9,196.7,6.19,39.8,547,190.0,190.5,190.0,500.0,500.0,0.0,0.0,0.0,0.3,2.78
8.7,196.7,6.19,39.8,548,190.0,190.6,190.0,500.0,500.0,0.0,0.0,0.0,0.3,2.79
8.8,196.8,6.19,40.0,549,190.0,190.7,190.0,500.0,500.0,0.0,0.0,0.0,0.3,2.79
8.6,196.8,6.19,39.8,550,190.0,190.7,190.0,500.0,500.0,0.0,0.0,0.0,0.3,2.80
8.7,196.8,6.19,40.0,551,190.0,190.7,190.0,500.0,500.0,0.0,0.0,0.0,0.3,2.80
8.8,196.8,6.19,40.0,552,190.0,190.7,190.0,500.0,500.0,0.0,0.0,0.0,0.3,2.81
8.7,196.8,6.19,39.8,553,190.0,190.7,190.0,500.0,500.0,0.0,0.0,0.0,0.3,2.82
8.9,196.8,6.19,39.8,554,190.0,190.7,190.0,500.0,500.0,0.0,0.0,0.0,0.3,2.82
9.2,196.8,6.19,39.8,555,190.0,190.7,190.0,500.0,500.0,0.0,0.0,0.0,0.3,2.83
9.1,196.8,6.19,39.8,556,190.0,190.7,190.0,500.0,500.0,0.0,0.0,0.0,0.3,2.83
9.0,196.8,6.19,39.8,557,190.0,190.7,190.0,500.0,500.0,0.0,0.0,0.0,0.3,2.84
9.1,196.8,6.19,40.0,558,190.0,190.7,190.0,500.0,500.0,0.0,0.0,0.0,0.3,2.85
8.9,196.8,6.19,40.0,559,190.0,190.6,190.0,500.0,500.0,0.0,0.0,0.0,0.3,2.85
8.7,196.8,6.19,40.0,560,190.0,190.4,190.0,500.0,500.0,0.0,0.0,0.0,0.3,2.86
8.7,196.8,6.19,40.0,561,190.0,190.4,190.0,500.0,500.0,0.0,0.0,0.0,0.3,2.86
8.6,196.8,6.19,40.0,562,190.0,190.4,190.0,500.0,500.0,0.0,0.0,0.0,0.3,2.87
8.7,196.8,6.19,39.8,563,190.0,190.4,190.0,500.0,500.0,0.0,0.0,0.0,0.3,2.87
8.6,196.8,6.19,39.8,564,190.0,190.0,190.0,500.0,500.0,0.0,0.0,0.0,0.3,2.88
8.6,196.8,6.19,39.8,565,190.0,190.0,190.0,500.0,500.0,0.0,0.0,0.0,0.3,2.89
8.9,196.8,6.19,39.8,566,190.0,190.0,190.0,500.0,500.0,0.0,0.0,0.0,0.3,2.89
8.7,196.8,6.19,39.8,567,190.0,190.0,190.0,500.0,500.0,0.0,0.0,0.0,0.3,2.90
8.9,196.9,6.19,40.0,568,190.0,190.0,190.0,500.0,500.0,0.0,0.0,0.0,0.3,2.90
9.1,196.9,6.19,40.0,569,190.0,190.0,190.0,500.0,500.0,0.0,0.0,0.0,0.3,2.91
9.1,196.8,6.19,40.0,570,190.0,190.0,190.0,500.0,500.0,0.0,0.0,0.0,0.3,2.92
9.0,196.9,6.19,40.0,571,190.0,190.0,190.0,500.0,500.0,0.0,0.0,0.0,0.3,2.92
9.0,196.9,6.19,39.8,572,190.0,190.0,190.0,500.0,500.0,0.0,0.0,0.0,0.3,2.93
8.9,197.0,6.19,39.8,573,190.0,190.0,190.0,500.0,500.0,0.0,0.0,0.0,0.3,2.93
8.9,197.0,6.19,39.8,574,190.0,190.0,190.0,500.0,500.0,0.0,0.0,0.0,0.3,2.94
8.9,197.0,6.19,39.8,575,190.0,190.0,190.0,500.0,500.0,0.0,0.0,0.0,0.3,2.95
8.7,197.0,6.19,39.8,576,190.0,190.0,190.0,500.0,500.0,0.0,0.0,0.0,0.3,2.95
8.8,197.0,6.19,40.0,577,190.0,190.0,190.0,500.0,500.0,0.0,0.0,0.0,0.3,2.96
8.6,197.0,6.19,40.0,578,190.0,190.0,190.0,500.0,500.0,0.0,0.0,0.0,0.3,2.96
8.7,197.0,6.19,40.0,579,190.0,190.0,190.1,500.0,500.0,0.0,0.0,0.0,0.3,2.97
8.7,197.0,6.19,40.0,580,190.0,190.0,190.1,500.0,500.0,0.0,0.0,0.0,0.3,2.97
8.8,197.0,6.19,39.8,581,190.0,190.0,190.1,500.0,500.0,0.0,0.0,0.0,0.3,2.98
8.9,197.0,6.19,40.0,582,190.0,190.0,190.1,500.0,500.0,0.0,0.0,0.0,0.3,2.99
9.0,197.0,6.19,39.8,583,190.0,190.0,190.1,500.0,500.0,0.0,0.0,0.0,0.3,2.99
9.1,197.0,6.19,39.8,584,190.0,190.0,190.1,500.0,500.0,0.0,0.0,0.0,0.3,3.00
8.9,197.0,6.19,39.8,585,190.0,190.0,190.1,500.0,500.0,0.0,0.0,0.0,0.3,3.00
9.0,197.0,6.19,40.0,586,190.0,190.0,190.1,500.0,500.0,0.0,0.0,0.0,0.3,3.01
8.9,197.0,6.19,39.8,587,190.0,190.0,190.1,500.0,500.0,0.0,0.0,0.0,0.3,3.02
9.0,197.0,6.19,40.0,588,190.0,190.0,190.1,500.0,500.0,0.0,0.0,0.0,0.3,3.02
9.0,197.0,6.19,40.0,589,190.0,190.0,190.1,500.0,500.0,0.0,0.0,0.0,0.3,3.03
8.9,197.0,6.19,39.8,590,190.0,190.0,190.1,500.0,500.0,0.0,0.0,0.0,0.3,3.03
8.9,197.0,6.19,39.8,591,190.0,190.0,190.1,500.0,500.0,0.0,0.0,0.0,0.3,3.04
8.8,197.0,6.19,39.8,592,190.0,190.1,190.2,500.0,500.0,0.0,0.0,0.0,0.3,3.05
8.7,197.0,6.19,39.8,593,190.0,190.2,190.2,500.0,500.0,0.0,0.0,0.0,0.3,3.05
8.6,197.0,6.19,39.8,594,190.0,190.3,190.2,500.0,500.0,0.0,0.0,0.0,0.3,3.06
8.9,197.0,6.19,40.0,595,190.0,190.3,190.2,500.0,500.0,0.0,0.0,0.0,0.3,3.06
8.9,197.0,6.19,40.0,596,190.0,190.3,190.2,500.0,500.0,0.0,0.0,0.0,0.3,3.07
9.0,197.0,6.19,40.0,597,190.0,190.4,190.2,500.0,500.0,0.0,0.0,0.0,0.3,3.07
9.1,197.0,6.19,40.0,598,190.0,190.5,190.2,500.0,500.0,0.0,0.0,0.0,0.3,3.08
9.0,197.0,6.19,39.8,599,190.0,190.5,190.2,500.0,500.0,0.0,0.0,0.0,0.3,3.09
