扭矩,料温,压力,转速,时间,温度1,温度2,温度3,温度4,温度5,温度6,温度7,温度8,顶栓,能量
1.5,189.2,6.19,1.0,0,190.0,190.0,190.0,500.0,500.0,0.0,0.0,0.0,0.2,0.00
1.5,189.2,6.19,6.8,1,190.0,190.0,190.0,500.0,500.0,0.0,0.0,0.0,0.2,0.00
1.5,189.2,6.19,19.0,2,190.0,190.0,190.0,500.0,500.0,0.0,0.0,0.0,0.3,0.00
1.5,189.2,6.19,34.8,3,190.0,190.0,190.0,500.0,500.0,0.0,0.0,0.0,0.3,0.00
1.5,189.2,6.19,50.8,4,190.0,190.0,190.0,500.0,500.0,0.0,0.0,0.0,0.3,0.00
1.5,189.2,6.19,65.8,5,190.0,190.0,190.0,500.0,500.0,0.0,0.0,0.0,0.3,0.00
1.5,189.1,6.19,75.8,6,190.0,190.2,190.0,500.0,500.0,0.0,0.0,0.0,0.3,0.01
1.4,188.9,6.19,79.4,7,190.0,190.2,190.0,500.0,500.0,0.0,0.0,0.0,0.3,0.01
1.5,188.7,6.19,79.6,8,190.0,190.2,190.0,500.0,500.0,0.0,0.0,0.0,0.3,0.01
1.4,188.3,6.19,79.6,9,190.0,190.2,190.0,500.0,500.0,0.0,0.0,0.0,0.3,0.01
1.4,187.9,6.20,79.4,10,190.0,190.3,190.0,500.0,500.0,0.0,0.0,0.0,0.3,0.01
1.4,187.4,6.20,79.8,11,190.0,190.4,190.0,500.0,500.0,0.0,0.0,0.0,0.3,0.02
1.4,186.9,6.20,79.8,12,190.0,190.4,190.0,500.0,500.0,0.0,0.0,0.0,0.3,0.02
1.4,186.4,6.19,79.8,13,190.0,190.4,190.0,500.0,500.0,0.0,0.0,0.0,0.3,0.02
1.4,186.0,6.19,79.8,14,190.0,190.4,190.0,500.0,500.0,0.0,0.0,0.0,0.3,0.02
1.3,185.6,6.19,79.8,15,190.0,190.4,190.0,500.0,500.0,0.0,0.0,0.0,0.3,0.02
1.2,185.2,6.19,79.6,16,190.0,190.4,190.0,500.0,500.0,0.0,0.0,0.0,0.3,0.02
1.2,184.9,6.19,79.8,17,190.0,190.3,190.0,500.0,500.0,0.0,0.0,0.0,0.3,0.03
1.1,184.5,6.19,79.6,18,190.0,190.2,190.0,500.0,500.0,0.0,0.0,0.0,0.3,0.03
1.0,184.2,6.19,79.6,19,190.0,190.2,190.0,500.0,500.0,0.0,0.0,0.0,0.3,0.03
0.9,183.8,6.20,79.6,20,190.0,190.0,190.0,500.0,500.0,0.0,0.0,0.0,0.3,0.03
0.9,183.4,6.20,79.6,21,190.0,190.0,190.0,500.0,500.0,0.0,0.0,0.0,0.3,0.03
0.8,183.0,6.20,79.4,22,190.0,190.0,190.0,500.0,500.0,0.0,0.0,0.0,0.3,0.03
0.8,182.5,6.20,79.8,23,190.0,190.0,190.0,500.0,500.0,0.0,0.0,0.0,0.3,0.03
0.7,182.0,6.20,79.6,24,190.0,190.0,190.0,500.0,500.0,0.0,0.0,0.0,0.3,0.03
0.7,181.6,6.19,79.8,25,190.0,190.0,190.0,500.0,500.0,0.0,0.0,0.0,0.3,0.04
0.5,181.2,6.19,79.8,26,190.0,190.0,190.0,500.0,500.0,0.0,0.0,0.0,0.3,0.04
0.4,180.8,6.19,79.8,27,190.0,190.0,190.0,500.0,500.0,0.0,0.0,0.0,0.3,0.04
0.3,180.4,6.19,79.6,28,190.0,190.0,190.0,500.0,500.0,0.0,0.0,0.0,0.3,0.04
0.3,179.8,6.19,79.8,29,190.0,190.0,190.0,500.0,500.0,0.0,0.0,0.0,0.3,0.04
0.4,179.3,6.19,79.6,30,190.0,190.0,190.0,500.0,500.0,0.0,0.0,0.0,0.3,0.04
0.7,178.9,6.19,79.8,31,190.0,190.0,190.0,500.0,500.0,0.0,0.0,0.0,0.3,0.04
0.9,178.6,6.19,79.8,32,190.0,190.0,190.0,500.0,500.0,0.0,0.0,0.0,0.3,0.04
1.1,178.2,6.19,79.8,33,190.0,190.0,190.0,500.0,500.0,0.0,0.0,0.0,0.3,0.04
1.2,177.7,6.19,79.8,34,190.0,190.0,190.0,500.0,500.0,0.0,0.0,0.0,0.3,0.04
1.2,177.3,6.19,79.8,35,190.0,190.0,190.0,500.0,500.0,0.0,0.0,0.0,0.3,0.04
1.3,177.0,6.20,79.6,36,190.0,190.0,190.0,500.0,500.0,0.0,0.0,0.0,0.3,0.05
1.3,176.8,6.20,79.8,37,190.0,190.0,190.0,500.0,500.0,0.0,0.0,0.0,0.3,0.05
1.3,176.6,6.20,79.6,38,190.0,190.0,190.0,500.0,500.0,0.0,0.0,0.0,0.3,0.05
1.3,176.4,6.20,79.8,39,190.0,190.0,190.0,500.0,500.0,0.0,0.0,0.0,0.3,0.05
1.4,176.3,6.19,80.0,40,190.0,190.0,189.9,500.0,500.0,0.0,0.0,0.0,0.3,0.05
1.4,176.2,6.19,80.0,41,190.0,190.0,189.9,500.0,500.0,0.0,0.0,0.0,0.3,0.06
1.3,176.0,6.19,79.8,42,190.0,190.0,189.9,500.0,500.0,0.0,0.0,0.0,0.3,0.06
1.3,176.0,6.19,80.0,43,190.0,190.0,189.9,500.0,500.0,0.0,0.0,0.0,0.3,0.06
1.3,175.9,6.19,79.6,44,190.0,190.0,189.9,500.0,500.0,0.0,0.0,0.0,0.3,0.06
1.3,176.0,6.19,79.6,45,190.0,190.0,189.9,500.0,500.0,0.0,0.0,0.0,0.3,0.06
1.3,176.0,6.19,79.6,46,190.0,190.0,189.9,500.0,500.0,0.0,0.0,0.0,0.3,0.06
1.3,176.0,6.20,79.6,47,190.0,190.0,189.9,500.0,500.0,0.0,0.0,0.0,0.3,0.07
1.3,176.0,6.19,79.6,48,189.9,190.0,189.9,500.0,500.0,0.0,0.0,0.0,0.3,0.07
1.3,176.0,6.20,79.8,49,189.9,190.0,189.9,500.0,500.0,0.0,0.0,0.0,0.3,0.07
1.3,176.0,6.20,79.6,50,189.9,190.0,189.9,500.0,500.0,0.0,0.0,0.0,0.3,0.07
1.3,176.0,6.20,79.6,51,189.9,190.0,189.9,500.0,500.0,0.0,0.0,0.0,0.3,0.07
1.3,176.0,6.19,79.8,52,189.9,190.1,189.9,500.0,500.0,0.0,0.0,0.0,0.3,0.07
1.3,176.0,6.20,79.8,53,189.9,190.2,189.9,500.0,500.0,0.0,0.0,0.0,0.3,0.08
1.3,176.1,6.19,79.8,54,189.9,190.2,189.9,500.0,500.0,0.0,0.0,0.0,0.3,0.08
1.3,176.1,6.19,79.8,55,189.9,190.2,189.9,500.0,500.0,0.0,0.0,0.0,0.3,0.08
1.3,176.1,6.19,79.8,56,189.9,190.3,189.9,500.0,500.0,0.0,0.0,0.0,0.3,0.08
1.3,176.2,6.19,79.8,57,189.9,190.4,189.9,500.0,500.0,0.0,0.0,0.0,0.3,0.08
1.3,176.3,6.19,79.8,58,189.8,190.5,189.9,500.0,500.0,0.0,0.0,0.0,0.3,0.09
1.3,176.3,6.19,79.6,59,189.8,190.5,189.9,500.0,500.0,0.0,0.0,0.0,0.3,0.09
1.3,176.3,6.20,79.8,60,189.8,190.5,189.9,500.0,500.0,0.0,0.0,0.0,0.3,0.09
1.3,176.4,6.20,79.8,61,189.8,190.5,189.9,500.0,500.0,0.0,0.0,0.0,0.3,0.09
1.3,176.5,6.20,79.6,62,189.8,190.5,189.9,500.0,500.0,0.0,0.0,0.0,0.3,0.09
1.4,176.5,6.19,79.6,63,189.8,190.5,189.9,500.0,500.0,0.0,0.0,0.0,0.3,0.09
1.3,176.6,6.19,79.8,64,189.8,190.5,189.9,500.0,500.0,0.0,0.0,0.0,0.3,0.10
1.3,176.7,6.19,79.8,65,189.8,190.5,189.9,500.0,500.0,0.0,0.0,0.0,0.3,0.10
1.3,176.7,6.19,79.6,66,189.8,190.3,189.9,500.0,500.0,0.0,0.0,0.0,0.3,0.10
1.3,176.7,6.19,79.8,67,189.8,190.2,189.9,500.0,500.0,0.0,0.0,0.0,0.3,0.10
1.3,176.8,6.20,79.8,68,189.8,190.2,189.9,500.0,500.0,0.0,0.0,0.0,0.3,0.10
1.3,176.8,6.20,79.8,69,189.8,190.2,190.0,500.0,500.0,0.0,0.0,0.0,0.3,0.10
1.3,176.8,6.20,79.8,70,189.8,190.0,190.0,500.0,500.0,0.0,0.0,0.0,0.3,0.11
1.2,176.9,6.20,80.0,71,189.9,190.0,190.0,500.0,500.0,0.0,0.0,0.0,0.3,0.11
1.0,176.9,6.20,80.0,72,189.9,190.0,190.0,500.0,500.0,0.0,0.0,0.0,0.3,0.11
0.9,177.0,6.20,79.8,73,189.9,190.0,190.0,500.0,500.0,0.0,0.0,0.0,0.3,0.11
0.7,177.0,6.19,79.8,74,189.9,190.0,190.0,500.0,500.0,0.0,0.0,0.0,0.3,0.11
0.5,177.0,6.20,79.8,75,189.9,190.0,190.0,500.0,500.0,0.0,0.0,0.0,0.3,0.11
0.4,177.1,6.20,79.6,76,189.9,190.0,190.0,500.0,500.0,0.0,0.0,0.0,0.3,0.11
0.2,177.2,6.20,79.6,77,189.9,190.0,190.0,500.0,500.0,0.0,0.0,0.0,0.3,0.11
0.2,177.3,6.20,79.8,78,189.9,190.0,190.0,500.0,500.0,0.0,0.0,0.0,0.3,0.11
0.1,177.3,6.20,79.6,79,189.9,190.0,190.0,500.0,500.0,0.0,0.0,0.0,0.3,0.11
0.1,177.5,6.20,79.6,80,190.0,190.0,190.0,500.0,500.0,0.0,0.0,0.0,0.3,0.11
0.2,177.7,6.19,79.8,81,190.0,190.0,190.0,500.0,500.0,0.0,0.0,0.0,0.3,0.11
0.2,178.0,6.19,79.8,82,190.0,190.0,190.0,500.0,500.0,0.0,0.0,0.0,0.3,0.11
0.2,178.2,6.19,79.6,83,190.0,190.0,190.0,500.0,500.0,0.0,0.0,0.0,0.3,0.11
0.4,178.4,6.19,79.8,84,190.0,190.0,190.0,500.0,500.0,0.0,0.0,0.0,0.3,0.11
0.6,178.7,6.18,79.8,85,190.0,190.0,190.0,500.0,500.0,0.0,0.0,0.0,0.3,0.12
0.7,178.9,6.18,79.8,86,190.0,190.0,190.0,500.0,500.0,0.0,0.0,0.0,0.3,0.12
0.9,179.1,6.18,79.8,87,190.0,190.0,190.0,500.0,500.0,0.0,0.0,0.0,0.3,0.12
1.1,179.3,6.18,80.0,88,190.0,190.0,190.0,500.0,500.0,0.0,0.0,0.0,0.3,0.12
1.3,179.5,6.18,80.0,89,190.0,190.0,190.0,500.0,500.0,0.0,0.0,0.0,0.3,0.12
1.3,179.6,6.19,79.8,90,190.0,190.0,190.0,500.0,500.0,0.0,0.0,0.0,0.3,0.12
1.6,179.7,6.19,79.8,91,190.0,190.0,190.0,500.0,500.0,0.0,0.0,0.0,0.3,0.12
1.9,179.8,6.19,79.8,92,190.0,190.0,190.0,500.0,500.0,0.0,0.0,0.0,0.3,0.13
1.9,180.0,6.19,79.6,93,190.0,190.0,190.0,500.0,500.0,0.0,0.0,0.0,0.3,0.13
2.0,180.2,6.19,79.6,94,190.0,190.0,190.0,500.0,500.0,0.0,0.0,0.0,0.3,0.13
2.1,180.4,6.19,79.8,95,190.0,190.0,190.0,500.0,500.0,0.0,0.0,0.0,0.3,0.14
2.0,180.5,6.19,79.8,96,190.0,190.0,190.0,500.0,500.0,0.0,0.0,0.0,0.3,0.14
2.0,180.6,6.20,79.6,97,190.0,190.0,190.0,500.0,500.0,0.0,0.0,0.0,0.3,0.14
2.2,180.7,6.20,79.8,98,190.0,190.1,190.0,500.0,500.0,0.0,0.0,0.0,0.3,0.14
2.4,180.8,6.20,79.8,99,190.0,190.3,190.0,500.0,500.0,0.0,0.0,0.0,0.3,0.15
2.5,180.8,6.19,79.6,100,190.0,190.3,190.0,500.0,500.0,0.0,0.0,0.0,0.3,0.15
2.8,180.9,6.19,79.6,101,190.0,190.3,190.0,500.0,500.0,0.0,0.0,0.0,0.3,0.15
3.2,180.9,6.19,79.8,102,190.0,190.4,190.0,500.0,500.0,0.0,0.0,0.0,0.3,0.16
3.4,181.1,6.19,79.8,103,190.0,190.5,190.0,500.0,500.0,0.0,0.0,0.0,0.3,0.16
3.5,181.2,6.19,79.8,104,190.0,190.6,190.0,500.0,500.0,0.0,0.0,0.0,0.3,0.17
4.2,181.4,6.19,80.0,105,190.0,190.6,190.0,500.0,500.0,0.0,0.0,0.0,0.3,0.17
5.1,181.5,6.19,80.0,106,190.0,190.6,190.0,500.0,500.0,0.0,0.0,0.0,0.3,0.18
5.7,181.4,6.19,79.8,107,190.0,190.6,190.0,500.0,500.0,0.0,0.0,0.0,0.3,0.19
7.5,180.0,6.19,79.8,108,190.0,190.6,190.0,500.0,500.0,0.0,0.0,0.0,0.3,0.20
8.9,177.5,6.19,79.8,109,190.0,190.6,190.0,500.0,500.0,0.0,0.0,0.0,0.3,0.21
9.9,174.6,6.19,79.6,110,190.0,190.5,190.0,500.0,500.0,0.0,0.0,0.0,0.3,0.22
10.0,172.4,6.19,79.6,111,190.0,190.3,190.0,500.0,500.0,0.0,0.0,0.0,0.3,0.24
11.0,171.3,6.19,79.8,112,190.0,190.3,190.0,500.0,500.0,0.0,0.0,0.0,0.3,0.25
10.5,170.7,6.19,79.8,113,190.0,190.3,190.0,500.0,500.0,0.0,0.0,0.0,0.3,0.26
10.3,170.8,6.19,79.6,114,190.0,190.3,190.0,500.0,500.0,0.0,0.0,0.0,0.3,0.28
10.5,171.2,6.19,79.8,115,190.0,190.0,190.0,500.0,500.0,0.0,0.0,0.0,0.3,0.29
10.6,171.6,6.20,79.8,116,190.0,190.0,190.0,500.0,500.0,0.0,0.0,0.0,0.3,0.31
10.4,172.0,6.20,79.6,117,190.0,190.0,190.0,500.0,500.0,0.0,0.0,0.0,0.3,0.32
10.6,172.5,6.20,79.6,118,190.0,190.0,190.0,500.0,500.0,0.0,0.0,0.0,0.3,0.33
10.4,172.9,6.19,79.8,119,190.0,190.0,190.0,500.0,500.0,0.0,0.0,0.0,0.3,0.35
10.0,173.5,6.19,79.8,120,190.0,190.0,190.0,500.0,500.0,0.0,0.0,0.0,0.3,0.36
10.2,174.1,6.19,79.8,121,190.0,190.0,190.0,500.0,500.0,0.0,0.0,0.0,0.3,0.37
10.2,174.6,6.19,79.8,122,190.0,190.0,190.0,500.0,500.0,0.0,0.0,0.0,0.3,0.39
10.0,175.1,6.19,79.8,123,190.0,190.0,190.0,500.0,500.0,0.0,0.0,0.0,0.3,0.40
10.2,175.7,6.19,79.8,124,190.0,190.0,190.0,500.0,500.0,0.0,0.0,0.0,0.3,0.41
10.3,176.3,6.19,79.6,125,190.0,190.0,190.0,500.0,500.0,0.0,0.0,0.0,0.3,0.43
10.1,176.7,6.19,79.6,126,190.0,190.0,190.0,500.0,500.0,0.0,0.0,0.0,0.3,0.44
10.2,177.0,6.19,79.8,127,190.0,190.0,190.0,500.0,500.0,0.0,0.0,0.0,0.3,0.46
10.3,177.4,6.19,79.6,128,190.0,190.0,190.0,500.0,500.0,0.0,0.0,0.0,0.3,0.47
10.1,178.0,6.19,79.6,129,190.0,190.0,190.0,500.0,500.0,0.0,0.0,0.0,0.3,0.48
10.1,178.5,6.19,79.8,130,190.0,190.0,190.0,500.0,500.0,0.0,0.0,0.0,0.3,0.50
10.0,179.0,6.19,79.8,131,190.0,190.0,190.0,500.0,500.0,0.0,0.0,0.0,0.3,0.51
9.7,179.5,6.19,79.6,132,190.0,190.0,190.0,500.0,500.0,0.0,0.0,0.0,0.3,0.52
9.7,179.9,6.19,79.8,133,190.0,190.0,190.0,500.0,500.0,0.0,0.0,0.0,0.3,0.53
9.7,180.4,6.19,79.8,134,190.0,190.0,190.0,500.0,500.0,0.0,0.0,0.0,0.3,0.55
9.8,180.8,6.19,79.8,135,190.0,190.0,190.0,500.0,500.0,0.0,0.0,0.0,0.3,0.56
9.9,181.3,6.19,79.6,136,190.0,190.0,190.0,500.0,500.0,0.0,0.0,0.0,0.3,0.57
9.9,181.7,6.19,79.8,137,190.0,190.0,190.0,500.0,500.0,0.0,0.0,0.0,0.3,0.59
9.8,182.1,6.19,79.8,138,190.0,190.0,190.0,500.0,500.0,0.0,0.0,0.0,0.3,0.60
9.7,182.5,6.19,79.6,139,190.0,190.0,190.0,500.0,500.0,0.0,0.0,0.0,0.3,0.61
9.6,182.8,6.19,79.6,140,190.0,190.0,190.0,500.0,500.0,0.0,0.0,0.0,0.3,0.63
9.6,183.2,6.19,79.8,141,190.0,190.0,190.0,500.0,500.0,0.0,0.0,0.0,0.3,0.64
9.6,183.5,6.19,79.6,142,190.0,190.0,190.0,500.0,500.0,0.0,0.0,0.0,0.3,0.65
9.6,183.9,6.19,79.6,143,190.0,190.0,190.0,500.0,500.0,0.0,0.0,0.0,0.3,0.66
9.7,184.2,6.19,79.8,144,190.0,190.0,190.0,500.0,500.0,0.0,0.0,0.0,0.3,0.68
9.6,184.5,6.19,79.8,145,190.0,190.0,190.0,500.0,500.0,0.0,0.0,0.0,0.3,0.69
9.6,184.8,6.19,79.6,146,190.0,190.1,190.0,500.0,500.0,0.0,0.0,0.0,0.3,0.70
9.6,185.1,6.19,79.8,147,190.0,190.1,190.0,500.0,500.0,0.0,0.0,0.0,0.3,0.71
9.4,185.4,6.19,79.8,148,190.0,190.1,190.0,500.0,500.0,0.0,0.0,0.0,0.3,0.73
9.4,185.7,6.19,79.8,149,190.0,190.2,190.0,500.0,500.0,0.0,0.0,0.0,0.3,0.74
9.5,185.9,6.19,79.6,150,190.0,190.3,190.0,500.0,500.0,0.0,0.0,0.0,0.3,0.75
9.4,186.2,6.19,79.8,151,190.0,190.3,190.0,500.0,500.0,0.0,0.0,0.0,0.3,0.76
9.4,186.4,6.19,79.8,152,190.0,190.3,190.0,500.0,500.0,0.0,0.0,0.0,0.3,0.78
9.4,186.7,6.19,79.8,153,190.0,190.3,190.0,500.0,500.0,0.0,0.0,0.0,0.3,0.79
9.5,186.9,6.19,79.8,154,190.0,190.4,190.0,500.0,500.0,0.0,0.0,0.0,0.3,0.80
9.6,187.1,6.19,80.0,155,190.0,190.4,190.0,500.0,500.0,0.0,0.0,0.0,0.3,0.82
9.5,187.4,6.19,79.8,156,190.0,190.3,190.0,500.0,500.0,0.0,0.0,0.0,0.3,0.83
9.6,187.5,6.19,79.8,157,190.0,190.3,190.0,500.0,500.0,0.0,0.0,0.0,0.3,0.84
9.6,187.7,6.19,79.8,158,190.0,190.3,190.0,500.0,500.0,0.0,0.0,0.0,0.3,0.85
9.3,187.8,6.19,79.8,159,190.0,190.3,190.0,500.0,500.0,0.0,0.0,0.0,0.3,0.87
9.5,188.0,6.19,79.8,160,190.0,190.3,190.0,500.0,500.0,0.0,0.0,0.0,0.3,0.88
9.5,188.2,6.19,79.8,161,190.0,190.2,190.0,500.0,500.0,0.0,0.0,0.0,0.3,0.89
9.4,188.4,6.19,79.8,162,190.0,190.0,190.0,500.0,500.0,0.0,0.0,0.0,0.3,0.90
9.4,188.6,6.19,79.8,163,190.0,190.0,190.0,500.0,500.0,0.0,0.0,0.0,0.3,0.92
9.4,188.8,6.19,79.6,164,190.0,190.0,190.0,500.0,500.0,0.0,0.0,0.0,0.3,0.93
9.2,189.0,6.19,79.6,165,190.0,190.0,190.0,500.0,500.0,0.0,0.0,0.0,0.3,0.94
9.1,189.2,6.19,79.8,166,190.0,190.0,190.0,500.0,500.0,0.0,0.0,0.0,0.3,0.95
9.1,189.3,6.19,79.8,167,190.0,190.0,190.0,500.0,500.0,0.0,0.0,0.0,0.3,0.97
9.2,189.5,6.19,79.6,168,190.0,190.0,190.0,500.0,500.0,0.0,0.0,0.0,0.3,0.98
9.2,189.6,6.19,79.8,169,190.0,190.0,190.0,500.0,500.0,0.0,0.0,0.0,0.3,0.99
9.3,189.8,6.19,79.8,170,190.0,190.0,190.0,500.0,500.0,0.0,0.0,0.0,0.3,1.00
9.4,190.0,6.19,79.6,171,190.0,190.0,190.0,500.0,500.0,0.0,0.0,0.0,0.3,1.01
9.3,190.1,6.19,79.6,172,190.0,190.0,190.0,500.0,500.0,0.0,0.0,0.0,0.3,1.03
9.2,190.3,6.19,79.8,173,190.0,190.0,190.0,500.0,500.0,0.0,0.0,0.0,0.3,1.04
9.3,190.4,6.19,79.6,174,190.0,190.0,190.0,500.0,500.0,0.0,0.0,0.0,0.3,1.05
9.2,190.5,6.19,79.6,175,190.0,190.0,190.0,500.0,500.0,0.0,0.0,0.0,0.3,1.06
9.1,190.6,6.19,79.8,176,190.0,190.0,190.0,500.0,500.0,0.0,0.0,0.0,0.3,1.08
9.2,190.7,6.19,79.8,177,190.0,190.0,190.0,500.0,500.0,0.0,0.0,0.0,0.3,1.09
9.2,190.9,6.19,79.6,178,190.0,190.0,190.0,500.0,500.0,0.0,0.0,0.0,0.3,1.10
9.1,191.0,6.19,79.8,179,190.0,190.0,190.0,500.0,500.0,0.0,0.0,0.0,0.3,1.11
9.2,191.1,6.19,79.8,180,190.0,190.0,190.0,500.0,500.0,0.0,0.0,0.0,0.3,1.12
9.4,191.3,6.19,79.6,181,190.0,190.0,190.0,500.0,500.0,0.0,0.0,0.0,0.3,1.14
9.4,191.4,6.19,79.6,182,190.0,190.0,190.0,500.0,500.0,0.0,0.0,0.0,0.3,1.15
9.4,191.5,6.19,79.6,183,190.0,190.0,190.0,500.0,500.0,0.0,0.0,0.0,0.3,1.16
9.6,191.7,6.19,79.6,184,190.0,190.0,190.0,500.0,500.0,0.0,0.0,0.0,0.3,1.17
9.5,191.8,6.19,79.6,185,190.0,190.0,190.0,500.0,500.0,0.0,0.0,0.0,0.3,1.19
9.3,191.9,6.19,79.8,186,190.0,190.0,190.0,500.0,500.0,0.0,0.0,0.0,0.3,1.20
9.2,192.0,6.19,79.8,187,190.0,190.0,190.0,500.0,500.0,0.0,0.0,0.0,0.3,1.21
9.4,192.1,6.19,80.0,188,190.0,190.0,190.0,500.0,500.0,0.0,0.0,0.0,0.3,1.22
9.3,192.1,6.19,79.8,189,190.0,190.0,190.0,500.0,500.0,0.0,0.0,0.0,0.3,1.24
9.3,192.2,6.19,79.8,190,190.0,190.0,190.0,500.0,500.0,0.0,0.0,0.0,0.3,1.25
9.5,192.4,6.19,79.8,191,190.0,190.0,190.0,500.0,500.0,0.0,0.0,0.0,0.3,1.26
9.4,192.5,6.19,79.8,192,190.0,190.0,190.0,500.0,500.0,0.0,0.0,0.0,0.3,1.27
9.2,192.5,6.19,79.6,193,190.0,190.0,190.0,500.0,500.0,0.0,0.0,0.0,0.3,1.29
9.3,192.6,6.19,79.8,194,190.0,190.0,190.0,500.0,500.0,0.0,0.0,0.0,0.3,1.30
9.2,192.7,6.19,79.8,195,190.0,190.0,190.0,500.0,500.0,0.0,0.0,0.0,0.3,1.31
9.3,192.8,6.19,79.6,196,190.0,190.1,190.0,500.0,500.0,0.0,0.0,0.0,0.3,1.32
9.4,192.8,6.19,79.6,197,190.0,190.1,190.0,500.0,500.0,0.0,0.0,0.0,0.3,1.34
9.4,192.9,6.19,79.8,198,190.0,190.1,190.0,500.0,500.0,0.0,0.0,0.0,0.3,1.35
9.4,193.0,6.19,79.6,199,190.0,190.2,190.0,500.0,500.0,0.0,0.0,0.0,0.3,1.36
9.5,193.1,6.19,79.6,200,190.0,190.4,190.0,500.0,500.0,0.0,0.0,0.0,0.3,1.37
9.3,193.2,6.19,79.8,201,190.0,190.4,190.0,500.0,500.0,0.0,0.0,0.0,0.3,1.39
9.5,193.3,6.19,79.8,202,190.0,190.4,190.0,500.0,500.0,0.0,0.0,0.0,0.3,1.40
9.5,193.4,6.19,79.6,203,190.0,190.4,190.0,500.0,500.0,0.0,0.0,0.0,0.3,1.41
9.5,193.5,6.19,79.8,204,190.0,190.5,190.0,500.0,500.0,0.0,0.0,0.0,0.3,1.42
9.6,193.6,6.19,79.8,205,190.0,190.5,190.0,500.0,500.0,0.0,0.0,0.0,0.3,1.44
9.5,193.7,6.19,79.6,206,190.0,190.5,190.0,500.0,500.0,0.0,0.0,0.0,0.3,1.45
9.3,193.8,6.19,79.4,207,190.0,190.5,190.0,500.0,500.0,0.0,0.0,0.0,0.3,1.46
9.3,193.9,6.19,79.6,208,190.0,190.5,190.0,500.0,500.0,0.0,0.0,0.0,0.3,1.47
9.2,194.0,6.19,79.6,209,190.0,190.4,190.0,500.0,500.0,0.0,0.0,0.0,0.3,1.49
9.3,194.1,6.19,79.4,210,190.0,190.3,190.0,500.0,500.0,0.0,0.0,0.0,0.3,1.50
9.5,194.1,6.19,79.6,211,190.0,190.3,190.0,500.0,500.0,0.0,0.0,0.0,0.3,1.51
9.5,194.2,6.19,79.8,212,190.0,190.3,190.0,500.0,500.0,0.0,0.0,0.0,0.3,1.52
9.4,194.3,6.19,79.6,213,190.1,190.1,190.0,500.0,500.0,0.0,0.0,0.0,0.3,1.54
9.4,194.4,6.19,79.6,214,190.1,190.0,190.0,500.0,500.0,0.0,0.0,0.0,0.3,1.55
9.2,194.5,6.19,79.8,215,190.1,190.0,190.0,500.0,500.0,0.0,0.0,0.0,0.3,1.56
9.0,194.6,6.19,79.8,216,190.1,190.0,190.0,500.0,500.0,0.0,0.0,0.0,0.3,1.57
9.0,194.7,6.19,79.8,217,190.1,190.0,190.0,500.0,500.0,0.0,0.0,0.0,0.3,1.58
9.0,194.7,6.19,80.0,218,190.1,190.0,190.0,500.0,500.0,0.0,0.0,0.0,0.3,1.60
9.1,194.8,6.19,80.0,219,190.1,190.0,190.0,500.0,500.0,0.0,0.0,0.0,0.3,1.61
9.2,194.9,6.19,79.8,220,190.1,190.0,190.0,500.0,500.0,0.0,0.0,0.0,0.3,1.62
9.4,195.0,6.19,79.8,221,190.1,190.0,190.0,500.0,500.0,0.0,0.0,0.0,0.3,1.63
9.4,195.0,6.19,79.8,222,190.1,190.0,190.0,500.0,500.0,0.0,0.0,0.0,0.3,1.65
9.3,195.1,6.19,79.8,223,190.1,190.0,190.0,500.0,500.0,0.0,0.0,0.0,0.3,1.66
9.3,195.1,6.19,79.8,224,190.1,190.0,190.0,500.0,500.0,0.0,0.0,0.0,0.3,1.67
9.3,195.2,6.19,79.8,225,190.1,190.0,190.0,500.0,500.0,0.0,0.0,0.0,0.3,1.68
9.4,195.3,6.19,79.8,226,190.1,190.0,190.0,500.0,500.0,0.0,0.0,0.0,0.3,1.70
9.5,195.5,6.19,79.8,227,190.1,190.0,190.0,500.0,500.0,0.0,0.0,0.0,0.3,1.71
9.4,195.5,6.19,79.6,228,190.1,190.0,190.1,500.0,500.0,0.0,0.0,0.0,0.3,1.72
9.3,195.6,6.19,79.6,229,190.2,190.0,190.2,500.0,500.0,0.0,0.0,0.0,0.3,1.73
9.3,195.7,6.19,79.8,230,190.2,190.0,190.2,500.0,500.0,0.0,0.0,0.0,0.3,1.75
9.3,195.7,6.19,79.8,231,190.2,190.0,190.2,500.0,500.0,0.0,0.0,0.0,0.3,1.76
9.3,195.8,6.19,79.6,232,190.2,190.0,190.2,500.0,500.0,0.0,0.0,0.0,0.3,1.77
9.3,195.8,6.19,79.8,233,190.2,190.0,190.2,500.0,500.0,0.0,0.0,0.0,0.3,1.78
9.3,195.9,6.19,79.8,234,190.2,190.0,190.2,500.0,500.0,0.0,0.0,0.0,0.3,1.80
9.4,196.0,6.19,79.6,235,190.2,190.0,190.2,500.0,500.0,0.0,0.0,0.0,0.3,1.81
9.4,196.1,6.19,79.6,236,190.2,190.0,190.2,500.0,500.0,0.0,0.0,0.0,0.3,1.82
9.5,196.1,6.19,79.8,237,190.2,190.0,190.2,500.0,500.0,0.0,0.0,0.0,0.3,1.83
9.6,196.2,6.19,79.8,238,190.2,190.0,190.2,500.0,500.0,0.0,0.0,0.0,0.3,1.85
9.6,196.3,6.19,79.6,239,190.2,190.0,190.2,500.0,500.0,0.0,0.0,0.0,0.3,1.86
9.5,196.3,6.19,79.8,240,190.2,190.1,190.2,500.0,500.0,0.0,0.0,0.0,0.3,1.87
9.5,196.4,6.19,79.8,241,190.2,190.3,190.2,500.0,500.0,0.0,0.0,0.0,0.3,1.88
9.4,196.5,6.19,79.6,242,190.2,190.4,190.1,500.0,500.0,0.0,0.0,0.0,0.3,1.90
9.5,196.5,6.19,79.6,243,190.2,190.5,190.1,500.0,500.0,0.0,0.0,0.0,0.3,1.91
9.6,196.6,6.19,79.8,244,190.2,190.5,190.1,500.0,500.0,0.0,0.0,0.0,0.3,1.92
9.8,196.6,6.19,79.8,245,190.2,190.5,190.1,500.0,500.0,0.0,0.0,0.0,0.3,1.93
9.7,196.7,6.19,79.6,246,190.2,190.6,190.1,500.0,500.0,0.0,0.0,0.0,0.3,1.95
9.8,196.7,6.19,79.8,247,190.2,190.7,190.1,500.0,500.0,0.0,0.0,0.0,0.3,1.96
9.7,196.8,6.19,79.8,248,190.2,190.8,190.1,500.0,500.0,0.0,0.0,0.0,0.3,1.97
9.6,196.9,6.19,79.6,249,190.2,190.8,190.1,500.0,500.0,0.0,0.0,0.0,0.3,1.99
9.4,196.9,6.19,79.6,250,190.2,190.8,190.1,500.0,500.0,0.0,0.0,0.0,0.3,2.00
9.5,197.0,6.19,79.8,251,190.2,190.8,190.1,500.0,500.0,0.0,0.0,0.0,0.3,2.01
9.5,197.0,6.19,79.8,252,190.2,190.8,190.1,500.0,500.0,0.0,0.0,0.0,0.3,2.02
9.5,197.1,6.19,79.6,253,190.2,190.8,190.1,500.0,500.0,0.0,0.0,0.0,0.3,2.04
9.7,197.1,6.19,79.8,254,190.2,190.8,190.1,500.0,500.0,0.0,0.0,0.0,0.3,2.05
9.6,197.2,6.19,79.8,255,190.1,190.7,190.0,500.0,500.0,0.0,0.0,0.0,0.3,2.06
9.5,197.2,6.19,79.6,256,190.1,190.6,190.0,500.0,500.0,0.0,0.0,0.0,0.3,2.07
9.5,197.3,6.19,79.6,257,190.1,190.6,190.0,500.0,500.0,0.0,0.0,0.0,0.3,2.09
9.7,197.4,6.19,79.8,258,190.1,190.6,190.0,500.0,500.0,0.0,0.0,0.0,0.3,2.10
9.6,197.4,6.19,79.8,259,190.1,190.5,190.0,500.0,500.0,0.0,0.0,0.0,0.3,2.11
9.7,197.5,6.19,79.6,260,190.1,190.3,190.0,500.0,500.0,0.0,0.0,0.0,0.3,2.13
9.8,197.6,6.19,79.8,261,190.1,190.2,190.0,500.0,500.0,0.0,0.0,0.0,0.3,2.14
9.7,197.6,6.19,79.8,262,190.1,190.2,190.0,500.0,500.0,0.0,0.0,0.0,0.3,2.15
9.5,197.7,6.19,79.6,263,190.1,190.2,190.0,500.0,500.0,0.0,0.0,0.0,0.3,2.16
9.6,197.7,6.19,79.6,264,190.1,190.0,190.0,500.0,500.0,0.0,0.0,0.0,0.3,2.18
9.6,197.8,6.19,79.8,265,190.1,190.0,190.0,500.0,500.0,0.0,0.0,0.0,0.3,2.19
9.6,197.8,6.19,79.6,266,190.1,190.0,190.0,500.0,500.0,0.0,0.0,0.0,0.3,2.20
9.6,197.9,6.19,79.6,267,190.1,190.0,190.0,500.0,500.0,0.0,0.0,0.0,0.3,2.22
9.7,197.9,6.19,79.8,268,190.1,190.0,190.0,500.0,500.0,0.0,0.0,0.0,0.3,2.23
9.6,198.0,6.19,79.8,269,190.1,190.0,190.0,500.0,500.0,0.0,0.0,0.0,0.3,2.24
9.6,198.1,6.19,79.8,270,190.1,190.0,190.0,500.0,500.0,0.0,0.0,0.0,0.3,2.25
9.5,198.2,6.19,79.8,271,190.1,190.0,190.0,500.0,500.0,0.0,0.0,0.0,0.3,2.27
9.4,198.2,6.19,79.8,272,190.1,190.0,190.0,500.0,500.0,0.0,0.0,0.0,0.3,2.28
9.5,198.2,6.19,79.8,273,190.1,190.0,190.0,500.0,500.0,0.0,0.0,0.0,0.3,2.29
9.6,198.3,6.19,79.8,274,190.1,190.0,190.0,500.0,500.0,0.0,0.0,0.0,0.3,2.30
9.6,198.3,6.19,79.8,275,190.1,190.0,190.0,500.0,500.0,0.0,0.0,0.0,0.3,2.32
9.6,198.3,6.19,80.0,276,190.1,190.0,190.0,500.0,500.0,0.0,0.0,0.0,0.3,2.33
9.7,198.4,6.19,80.0,277,190.1,190.0,190.0,500.0,500.0,0.0,0.0,0.0,0.3,2.34
9.6,198.4,6.19,79.8,278,190.1,190.0,190.0,500.0,500.0,0.0,0.0,0.0,0.3,2.36
9.5,198.4,6.19,79.8,279,190.1,190.0,190.0,500.0,500.0,0.0,0.0,0.0,0.3,2.37
9.5,198.5,6.19,79.8,280,190.1,190.0,190.0,500.0,500.0,0.0,0.0,0.0,0.3,2.38
9.6,198.5,6.19,79.6,281,190.1,190.0,190.0,500.0,500.0,0.0,0.0,0.0,0.3,2.39
9.6,198.6,6.19,79.6,282,190.1,190.0,190.0,500.0,500.0,0.0,0.0,0.0,0.3,2.41
9.5,198.6,6.19,79.8,283,190.1,190.0,190.0,500.0,500.0,0.0,0.0,0.0,0.3,2.42
9.6,198.7,6.19,79.8,284,190.1,190.1,190.0,500.0,500.0,0.0,0.0,0.0,0.3,2.43
9.6,198.7,6.19,79.6,285,190.1,190.1,190.0,500.0,500.0,0.0,0.0,0.0,0.3,2.44
9.6,198.7,6.19,79.8,286,190.1,190.1,190.0,500.0,500.0,0.0,0.0,0.0,0.3,2.46
9.7,198.7,6.19,79.8,287,190.1,190.1,190.0,500.0,500.0,0.0,0.0,0.0,0.3,2.47
9.8,198.8,6.19,79.6,288,190.1,190.2,190.0,500.0,500.0,0.0,0.0,0.0,0.3,2.48
9.7,198.8,6.19,79.6,289,190.1,190.4,190.0,500.0,500.0,0.0,0.0,0.0,0.3,2.50
9.7,198.9,6.19,79.8,290,190.1,190.5,190.0,500.0,500.0,0.0,0.0,0.0,0.3,2.51
9.7,198.9,6.19,79.6,291,190.1,190.5,190.1,500.0,500.0,0.0,0.0,0.0,0.3,2.52
9.6,199.0,6.19,79.6,292,190.1,190.6,190.1,500.0,500.0,0.0,0.0,0.0,0.3,2.53
9.7,199.0,6.19,79.8,293,190.1,190.8,190.1,500.0,500.0,0.0,0.0,0.0,0.3,2.55
9.7,199.0,6.19,79.8,294,190.1,190.8,190.1,500.0,500.0,0.0,0.0,0.0,0.3,2.56
9.8,199.1,6.19,79.6,295,190.1,190.8,190.1,500.0,500.0,0.0,0.0,0.0,0.3,2.57
9.8,199.1,6.19,79.8,296,190.1,190.8,190.1,500.0,500.0,0.0,0.0,0.0,0.3,2.59
9.8,199.1,6.19,79.8,297,190.1,190.8,190.1,500.0,500.0,0.0,0.0,0.0,0.3,2.60
9.7,199.2,6.19,79.6,298,190.1,190.9,190.2,500.0,500.0,0.0,0.0,0.0,0.3,2.61
9.7,199.2,6.19,79.6,299,190.1,190.9,190.2,500.0,500.0,0.0,0.0,0.0,0.3,2.63
9.7,199.3,6.19,79.8,300,190.1,190.9,190.2,500.0,500.0,0.0,0.0,0.0,0.3,2.64
9.7,199.4,6.19,79.8,301,190.1,190.9,190.2,500.0,500.0,0.0,0.0,0.0,0.3,2.65
9.8,199.4,6.19,79.6,302,190.1,190.8,190.2,500.0,500.0,0.0,0.0,0.0,0.3,2.66
9.7,199.4,6.19,79.8,303,190.1,190.7,190.2,500.0,500.0,0.0,0.0,0.0,0.3,2.68
9.8,199.5,6.19,79.8,304,190.1,190.7,190.2,500.0,500.0,0.0,0.0,0.0,0.3,2.69
9.7,199.5,6.19,79.6,305,190.1,190.7,190.2,500.0,500.0,0.0,0.0,0.0,0.3,2.70
9.7,199.5,6.19,79.6,306,190.1,190.6,190.3,500.0,500.0,0.0,0.0,0.0,0.3,2.72
9.7,199.6,6.19,79.8,307,190.1,190.4,190.3,500.0,500.0,0.0,0.0,0.0,0.3,2.73
9.6,199.6,6.19,79.6,308,190.1,190.3,190.3,500.0,500.0,0.0,0.0,0.0,0.3,2.74
9.7,199.6,6.19,79.4,309,190.1,190.3,190.3,500.0,500.0,0.0,0.0,0.0,0.3,2.75
9.7,199.7,6.19,79.6,310,190.1,190.3,190.3,500.0,500.0,0.0,0.0,0.0,0.3,2.77
9.6,199.8,6.19,79.6,311,190.1,190.1,190.4,500.0,500.0,0.0,0.0,0.0,0.3,2.78
9.7,199.8,6.19,79.4,312,190.1,190.0,190.4,500.0,500.0,0.0,0.0,0.0,0.3,2.79
9.8,199.8,6.19,79.6,313,190.1,190.0,190.4,500.0,500.0,0.0,0.0,0.0,0.3,2.81
9.8,199.8,6.19,79.8,314,190.1,190.0,190.4,500.0,500.0,0.0,0.0,0.0,0.3,2.82
9.9,199.9,6.19,79.6,315,190.1,190.0,190.4,500.0,500.0,0.0,0.0,0.0,0.3,2.83
9.9,199.9,6.19,79.6,316,190.1,190.0,190.4,500.0,500.0,0.0,0.0,0.0,0.3,2.84
9.7,199.9,6.19,79.8,317,190.1,190.0,190.4,500.0,500.0,0.0,0.0,0.0,0.3,2.86
9.8,199.9,6.19,79.8,318,190.1,190.0,190.4,500.0,500.0,0.0,0.0,0.0,0.3,2.87
9.7,200.0,6.19,79.8,319,190.1,190.0,190.5,500.0,500.0,0.0,0.0,0.0,0.3,2.88
9.8,200.0,6.19,80.0,320,190.0,190.0,190.5,500.0,500.0,0.0,0.0,0.0,0.3,2.90
9.9,200.0,6.19,80.0,321,190.0,190.0,190.5,500.0,500.0,0.0,0.0,0.0,0.3,2.91
9.8,200.1,6.19,80.0,322,190.0,190.0,190.5,500.0,500.0,0.0,0.0,0.0,0.3,2.92
9.9,200.1,6.19,79.8,323,190.0,190.0,190.5,500.0,500.0,0.0,0.0,0.0,0.3,2.94
9.9,200.2,6.19,79.8,324,190.0,190.0,190.5,500.0,500.0,0.0,0.0,0.0,0.3,2.95
9.8,200.2,6.19,79.8,325,190.0,190.0,190.5,500.0,500.0,0.0,0.0,0.0,0.3,2.96
9.7,200.2,6.19,79.8,326,190.0,190.0,190.6,500.0,500.0,0.0,0.0,0.0,0.3,2.98
9.7,200.2,6.19,79.6,327,190.0,190.0,190.6,500.0,500.0,0.0,0.0,0.0,0.3,2.99
9.7,200.3,6.19,79.8,328,190.0,190.0,190.6,500.0,500.0,0.0,0.0,0.0,0.3,3.00
9.7,200.3,6.19,79.8,329,190.0,190.0,190.6,500.0,500.0,0.0,0.0,0.0,0.3,3.01
9.7,200.3,6.19,79.6,330,190.0,190.0,190.6,500.0,500.0,0.0,0.0,0.0,0.3,3.03
9.8,200.3,6.19,79.6,331,190.0,190.1,190.6,500.0,500.0,0.0,0.0,0.0,0.3,3.04
9.8,200.4,6.19,79.8,332,190.0,190.1,190.6,500.0,500.0,0.0,0.0,0.0,0.3,3.05
9.8,200.4,6.19,79.6,333,190.0,190.1,190.6,500.0,500.0,0.0,0.0,0.0,0.3,3.07
9.9,200.4,6.19,79.4,334,190.0,190.2,190.6,500.0,500.0,0.0,0.0,0.0,0.3,3.08
10.0,200.5,6.19,79.6,335,190.0,190.4,190.6,500.0,500.0,0.0,0.0,0.0,0.3,3.09
9.9,200.5,6.19,79.6,336,190.0,190.5,190.6,500.0,500.0,0.0,0.0,0.0,0.3,3.11
10.0,200.5,6.19,79.4,337,190.0,190.5,190.6,500.0,500.0,0.0,0.0,0.0,0.3,3.12
10.0,200.6,6.19,79.6,338,190.0,190.5,190.6,500.0,500.0,0.0,0.0,0.0,0.3,3.13
9.9,200.6,6.19,79.8,339,190.0,190.6,190.6,500.0,500.0,0.0,0.0,0.0,0.3,3.14
10.0,200.6,6.19,79.6,340,190.0,190.8,190.6,500.0,500.0,0.0,0.0,0.0,0.3,3.16
9.9,200.7,6.19,79.6,341,190.0,190.8,190.6,500.0,500.0,0.0,0.0,0.0,0.3,3.17
10.0,200.7,6.19,79.8,342,190.0,190.8,190.6,500.0,500.0,0.0,0.0,0.0,0.3,3.18
10.1,200.7,6.19,79.8,343,190.0,190.8,190.6,500.0,500.0,0.0,0.0,0.0,0.3,3.20
10.1,200.7,6.19,79.6,344,190.0,190.8,190.6,500.0,500.0,0.0,0.0,0.0,0.3,3.21
10.0,200.8,6.19,79.8,345,190.1,190.9,190.6,500.0,500.0,0.0,0.0,0.0,0.3,3.22
10.0,200.8,6.19,79.8,346,190.1,190.9,190.6,500.0,500.0,0.0,0.0,0.0,0.3,3.24
9.9,200.8,6.19,79.6,347,190.1,190.9,190.6,500.0,500.0,0.0,0.0,0.0,0.3,3.25
9.9,200.9,6.19,79.6,348,190.1,190.8,190.6,500.0,500.0,0.0,0.0,0.0,0.3,3.26
10.0,200.9,6.19,79.8,349,190.1,190.7,190.6,500.0,500.0,0.0,0.0,0.0,0.3,3.28
9.9,200.9,6.19,79.8,350,190.1,190.7,190.6,500.0,500.0,0.0,0.0,0.0,0.3,3.29
10.0,201.0,6.19,79.6,351,190.1,190.7,190.6,500.0,500.0,0.0,0.0,0.0,0.3,3.30
9.9,201.0,6.19,79.8,352,190.1,190.7,190.6,500.0,500.0,0.0,0.0,0.0,0.3,3.32
9.7,201.0,6.19,79.8,353,190.1,190.5,190.6,500.0,500.0,0.0,0.0,0.0,0.3,3.33
9.8,201.0,6.19,79.6,354,190.1,190.4,190.6,500.0,500.0,0.0,0.0,0.0,0.3,3.34
9.8,201.0,6.19,79.6,355,190.1,190.4,190.6,500.0,500.0,0.0,0.0,0.0,0.3,3.36
9.8,201.1,6.19,79.8,356,190.1,190.4,190.6,500.0,500.0,0.0,0.0,0.0,0.3,3.37
9.7,201.1,6.19,79.6,357,190.1,190.2,190.6,500.0,500.0,0.0,0.0,0.0,0.3,3.38
9.7,201.1,6.19,79.6,358,190.1,190.0,190.6,500.0,500.0,0.0,0.0,0.0,0.3,3.39
9.7,201.2,6.19,79.8,359,190.1,190.0,190.6,500.0,500.0,0.0,0.0,0.0,0.3,3.41
9.6,201.2,6.19,79.8,360,190.1,190.0,190.6,500.0,500.0,0.0,0.0,0.0,0.3,3.42
9.7,201.2,6.19,79.6,361,190.1,190.0,190.6,500.0,500.0,0.0,0.0,0.0,0.3,3.43
9.9,201.3,6.19,79.8,362,190.1,190.0,190.6,500.0,500.0,0.0,0.0,0.0,0.3,3.45
10.0,201.3,6.19,79.8,363,190.1,190.0,190.6,500.0,500.0,0.0,0.0,0.0,0.3,3.46
10.0,201.4,6.19,79.6,364,190.1,190.0,190.6,500.0,500.0,0.0,0.0,0.0,0.3,3.47
10.1,201.4,6.19,79.6,365,190.1,190.0,190.6,500.0,500.0,0.0,0.0,0.0,0.3,3.49
10.0,201.4,6.19,79.8,366,190.2,190.0,190.6,500.0,500.0,0.0,0.0,0.0,0.3,3.50
9.9,201.4,6.19,79.8,367,190.2,190.0,190.6,500.0,500.0,0.0,0.0,0.0,0.3,3.51
10.0,201.5,6.19,79.8,368,190.2,190.0,190.6,500.0,500.0,0.0,0.0,0.0,0.3,3.53
10.0,201.5,6.19,79.8,369,190.2,190.0,190.6,500.0,500.0,0.0,0.0,0.0,0.3,3.54
10.1,201.5,6.19,79.8,370,190.2,190.0,190.6,500.0,500.0,0.0,0.0,0.0,0.3,3.55
10.2,201.5,6.19,79.8,371,190.2,190.0,190.6,500.0,500.0,0.0,0.0,0.0,0.3,3.57
10.1,201.5,6.19,79.6,372,190.2,190.0,190.6,500.0,500.0,0.0,0.0,0.0,0.3,3.58
10.0,201.6,6.19,79.6,373,190.2,190.0,190.6,500.0,500.0,0.0,0.0,0.0,0.3,3.59
10.1,201.6,6.19,79.8,374,190.2,190.0,190.5,500.0,500.0,0.0,0.0,0.0,0.3,3.61
9.9,201.6,6.19,79.8,375,190.2,190.0,190.5,500.0,500.0,0.0,0.0,0.0,0.3,3.62
9.9,201.6,6.19,79.6,376,190.2,190.0,190.5,500.0,500.0,0.0,0.0,0.0,0.3,3.63
10.0,201.6,6.19,79.8,377,190.2,190.0,190.5,500.0,500.0,0.0,0.0,0.0,0.3,3.65
10.0,201.7,6.19,79.8,378,190.2,190.1,190.5,500.0,500.0,0.0,0.0,0.0,0.3,3.66
10.0,201.7,6.19,79.6,379,190.2,190.1,190.5,500.0,500.0,0.0,0.0,0.0,0.3,3.67
10.0,201.7,6.19,79.6,380,190.2,190.1,190.5,500.0,500.0,0.0,0.0,0.0,0.3,3.69
9.9,201.7,6.19,79.8,381,190.2,190.2,190.5,500.0,500.0,0.0,0.0,0.0,0.3,3.70
9.9,201.7,6.19,79.6,382,190.2,190.3,190.5,500.0,500.0,0.0,0.0,0.0,0.3,3.71
9.9,201.7,6.19,79.4,383,190.2,190.3,190.5,500.0,500.0,0.0,0.0,0.0,0.3,3.73
9.9,201.7,6.19,79.6,384,190.2,190.4,190.5,500.0,500.0,0.0,0.0,0.0,0.3,3.74
10.0,201.7,6.19,79.6,385,190.2,190.4,190.5,500.0,500.0,0.0,0.0,0.0,0.3,3.75
10.1,201.8,6.19,79.4,386,190.2,190.4,190.4,500.0,500.0,0.0,0.0,0.0,0.3,3.77
10.1,201.8,6.19,79.6,387,190.2,190.4,190.4,500.0,500.0,0.0,0.0,0.0,0.3,3.78
10.1,201.8,6.19,79.8,388,190.2,190.5,190.4,500.0,500.0,0.0,0.0,0.0,0.3,3.79
10.1,201.8,6.19,79.8,389,190.2,190.6,190.4,500.0,500.0,0.0,0.0,0.0,0.3,3.81
10.2,201.8,6.19,79.6,390,190.2,190.6,190.4,500.0,500.0,0.0,0.0,0.0,0.3,3.82
10.2,201.9,6.19,79.8,391,190.2,190.6,190.4,500.0,500.0,0.0,0.0,0.0,0.3,3.83
10.3,201.9,6.19,79.8,392,190.1,190.6,190.4,500.0,500.0,0.0,0.0,0.0,0.3,3.85
10.2,201.9,6.19,79.6,393,190.1,190.6,190.4,500.0,500.0,0.0,0.0,0.0,0.3,3.86
10.1,201.9,6.19,79.6,394,190.1,190.6,190.4,500.0,500.0,0.0,0.0,0.0,0.3,3.87
10.1,202.0,6.19,79.8,395,190.1,190.6,190.3,500.0,500.0,0.0,0.0,0.0,0.3,3.89
10.1,202.0,6.19,79.6,396,190.1,190.5,190.3,500.0,500.0,0.0,0.0,0.0,0.3,3.90
10.1,202.0,6.19,79.6,397,190.1,190.4,190.3,500.0,500.0,0.0,0.0,0.0,0.3,3.91
10.2,202.0,6.19,79.8,398,190.1,190.4,190.3,500.0,500.0,0.0,0.0,0.0,0.3,3.93
10.2,202.0,6.19,79.8,399,190.1,190.4,190.3,500.0,500.0,0.0,0.0,0.0,0.3,3.94
10.1,202.0,6.19,79.6,400,190.1,190.4,190.3,500.0,500.0,0.0,0.0,0.0,0.3,3.95
10.0,202.1,6.19,79.8,401,190.1,190.2,190.3,500.0,500.0,0.0,0.0,0.0,0.3,3.97
10.0,202.1,6.19,79.8,402,190.1,190.1,190.3,500.0,500.0,0.0,0.0,0.0,0.3,3.98
9.9,202.1,6.19,79.6,403,190.1,190.1,190.3,500.0,500.0,0.0,0.0,0.0,0.3,3.99
9.9,202.1,6.19,79.4,404,190.1,190.0,190.3,500.0,500.0,0.0,0.0,0.0,0.3,4.01
10.0,202.1,6.19,79.6,405,190.1,190.0,190.3,500.0,500.0,0.0,0.0,0.0,0.3,4.02
10.1,202.1,6.19,79.6,406,190.1,190.0,190.3,500.0,500.0,0.0,0.0,0.0,0.3,4.03
9.9,202.1,6.19,79.4,407,190.1,190.0,190.3,500.0,500.0,0.0,0.0,0.0,0.3,4.05
10.0,202.2,6.19,79.6,408,190.1,190.0,190.3,500.0,500.0,0.0,0.0,0.0,0.3,4.06
10.0,202.2,6.19,79.8,409,190.1,190.0,190.3,500.0,500.0,0.0,0.0,0.0,0.3,4.07
9.9,202.2,6.19,79.6,410,190.1,190.0,190.3,500.0,500.0,0.0,0.0,0.0,0.3,4.09
9.9,202.2,6.19,79.6,411,190.1,190.0,190.3,500.0,500.0,0.0,0.0,0.0,0.3,4.10
10.0,202.2,6.19,79.8,412,190.0,190.0,190.3,500.0,500.0,0.0,0.0,0.0,0.3,4.11
10.0,202.3,6.19,79.8,413,190.1,190.0,190.3,500.0,500.0,0.0,0.0,0.0,0.3,4.13
10.0,202.3,6.19,79.6,414,190.2,190.0,190.3,500.0,500.0,0.0,0.0,0.0,0.3,4.14
10.0,202.3,6.19,79.8,415,190.2,190.0,190.3,500.0,500.0,0.0,0.0,0.0,0.3,4.15
10.1,202.3,6.19,79.8,416,190.2,190.0,190.3,500.0,500.0,0.0,0.0,0.0,0.3,4.17
10.0,202.4,6.19,79.6,417,190.1,190.0,190.3,500.0,500.0,0.0,0.0,0.0,0.3,4.18
10.2,202.4,6.19,79.6,418,190.1,190.0,190.3,500.0,500.0,0.0,0.0,0.0,0.3,4.19
10.2,202.4,6.19,79.8,419,190.1,190.0,190.3,500.0,500.0,0.0,0.0,0.0,0.3,4.21
10.2,202.4,6.19,79.8,420,190.1,190.0,190.3,500.0,500.0,0.0,0.0,0.0,0.3,4.22
10.2,202.4,6.19,79.6,421,190.1,190.0,190.3,500.0,500.0,0.0,0.0,0.0,0.3,4.23
10.3,202.4,6.19,79.8,422,190.1,190.0,190.3,500.0,500.0,0.0,0.0,0.0,0.3,4.25
10.1,202.4,6.19,79.8,423,190.1,190.0,190.3,500.0,500.0,0.0,0.0,0.0,0.3,4.26
10.2,202.4,6.19,79.6,424,190.1,190.0,190.3,500.0,500.0,0.0,0.0,0.0,0.3,4.27
10.2,202.4,6.19,79.6,425,190.1,190.0,190.3,500.0,500.0,0.0,0.0,0.0,0.3,4.29
10.1,202.5,6.19,79.8,426,190.1,190.0,190.3,500.0,500.0,0.0,0.0,0.0,0.3,4.30
10.1,202.5,6.19,79.6,427,190.1,190.0,190.3,500.0,500.0,0.0,0.0,0.0,0.3,4.31
10.2,202.5,6.19,79.6,428,190.1,190.0,190.3,500.0,500.0,0.0,0.0,0.0,0.3,4.33
10.2,202.5,6.19,79.8,429,190.1,190.0,190.3,500.0,500.0,0.0,0.0,0.0,0.3,4.34
10.2,202.5,6.19,79.6,430,190.1,190.0,190.3,500.0,500.0,0.0,0.0,0.0,0.3,4.36
10.2,202.5,6.19,79.4,431,190.1,190.0,190.3,500.0,500.0,0.0,0.0,0.0,0.3,4.37
10.3,202.5,6.19,79.6,432,190.1,190.0,190.3,500.0,500.0,0.0,0.0,0.0,0.3,4.38
10.2,202.5,6.19,79.6,433,190.1,190.0,190.3,500.0,500.0,0.0,0.0,0.0,0.3,4.40
10.2,202.6,6.19,79.4,434,190.1,190.1,190.3,500.0,500.0,0.0,0.0,0.0,0.3,4.41
10.2,202.6,6.19,79.6,435,190.1,190.1,190.3,500.0,500.0,0.0,0.0,0.0,0.3,4.42
10.2,202.5,6.19,79.8,436,190.1,190.1,190.3,500.0,500.0,0.0,0.0,0.0,0.3,4.44
10.1,202.5,6.19,79.8,437,190.1,190.1,190.3,500.0,500.0,0.0,0.0,0.0,0.3,4.45
10.2,202.6,6.19,79.6,438,190.1,190.1,190.3,500.0,500.0,0.0,0.0,0.0,0.3,4.46
10.2,202.6,6.19,79.8,439,190.1,190.2,190.3,500.0,500.0,0.0,0.0,0.0,0.3,4.48
10.2,202.6,6.19,79.8,440,190.1,190.2,190.3,500.0,500.0,0.0,0.0,0.0,0.3,4.49
10.1,202.6,6.19,79.6,441,190.1,190.2,190.3,500.0,500.0,0.0,0.0,0.0,0.3,4.50
10.1,202.7,6.19,79.6,442,190.1,190.2,190.3,500.0,500.0,0.0,0.0,0.0,0.3,4.52
10.0,202.7,6.19,79.8,443,190.1,190.2,190.3,500.0,500.0,0.0,0.0,0.0,0.3,4.53
10.1,202.7,6.19,79.6,444,190.1,190.2,190.3,500.0,500.0,0.0,0.0,0.0,0.3,4.54
10.1,202.7,6.19,79.6,445,190.1,190.2,190.2,500.0,500.0,0.0,0.0,0.0,0.3,4.56
10.1,202.7,6.19,79.8,446,190.1,190.2,190.2,500.0,500.0,0.0,0.0,0.0,0.3,4.57
10.1,202.7,6.19,79.6,447,190.1,190.2,190.2,500.0,500.0,0.0,0.0,0.0,0.3,4.58
10.3,202.7,6.19,79.4,448,190.0,190.1,190.2,500.0,500.0,0.0,0.0,0.0,0.3,4.60
10.2,202.7,6.19,79.6,449,190.0,190.0,190.2,500.0,500.0,0.0,0.0,0.0,0.3,4.61
10.2,202.7,6.19,79.6,450,190.0,190.0,190.2,500.0,500.0,0.0,0.0,0.0,0.3,4.63
10.3,202.7,6.19,79.4,451,190.0,190.0,190.2,500.0,500.0,0.0,0.0,0.0,0.3,4.64
10.3,202.7,6.19,79.6,452,190.0,190.0,190.2,500.0,500.0,0.0,0.0,0.0,0.3,4.65
10.2,202.7,6.19,79.8,453,190.0,190.0,190.2,500.0,500.0,0.0,0.0,0.0,0.3,4.67
10.1,202.8,6.19,79.8,454,190.0,190.0,190.2,500.0,500.0,0.0,0.0,0.0,0.3,4.68
10.1,202.8,6.19,79.6,455,190.0,190.0,190.2,500.0,500.0,0.0,0.0,0.0,0.3,4.69
10.1,202.8,6.19,79.8,456,190.0,190.0,190.2,500.0,500.0,0.0,0.0,0.0,0.3,4.71
10.0,202.8,6.19,79.8,457,190.0,190.0,190.2,500.0,500.0,0.0,0.0,0.0,0.3,4.72
10.1,202.8,6.19,79.6,458,190.0,190.0,190.2,500.0,500.0,0.0,0.0,0.0,0.3,4.73
10.2,202.8,6.19,79.6,459,190.0,190.0,190.1,500.0,500.0,0.0,0.0,0.0,0.3,4.75
10.3,202.8,6.19,79.8,460,190.0,190.0,190.1,500.0,500.0,0.0,0.0,0.0,0.3,4.76
10.2,202.8,6.19,79.6,461,190.0,190.0,190.1,500.0,500.0,0.0,0.0,0.0,0.3,4.77
10.2,202.8,6.19,79.6,462,190.0,190.0,190.1,500.0,500.0,0.0,0.0,0.0,0.3,4.79
10.2,202.8,6.19,79.8,463,190.0,190.0,190.1,500.0,500.0,0.0,0.0,0.0,0.3,4.80
10.2,202.8,6.19,79.6,464,190.0,190.0,190.1,500.0,500.0,0.0,0.0,0.0,0.3,4.81
10.2,202.8,6.19,79.4,465,190.0,190.0,190.1,500.0,500.0,0.0,0.0,0.0,0.3,4.83
10.3,202.8,6.19,79.6,466,190.0,190.0,190.1,500.0,500.0,0.0,0.0,0.0,0.3,4.84
10.3,202.9,6.19,79.6,467,190.0,190.0,190.1,500.0,500.0,0.0,0.0,0.0,0.3,4.86
10.3,202.9,6.19,79.4,468,190.0,190.0,190.1,500.0,500.0,0.0,0.0,0.0,0.3,4.87
10.3,202.9,6.19,79.6,469,190.0,190.0,190.1,500.0,500.0,0.0,0.0,0.0,0.3,4.88
10.2,202.9,6.19,79.8,470,190.0,190.0,190.0,500.0,500.0,0.0,0.0,0.0,0.3,4.90
10.1,202.9,6.19,79.8,471,190.0,190.0,190.0,500.0,500.0,0.0,0.0,0.0,0.3,4.91
10.1,202.9,6.19,79.6,472,190.0,190.0,190.0,500.0,500.0,0.0,0.0,0.0,0.3,4.92
10.2,202.9,6.19,79.8,473,190.0,190.0,190.0,500.0,500.0,0.0,0.0,0.0,0.3,4.94
10.2,202.9,6.19,79.8,474,190.0,190.0,190.0,500.0,500.0,0.0,0.0,0.0,0.3,4.95
10.3,202.9,6.19,79.6,475,190.0,190.0,190.0,500.0,500.0,0.0,0.0,0.0,0.3,4.96
10.3,202.9,6.19,79.6,476,190.0,190.0,190.0,500.0,500.0,0.0,0.0,0.0,0.3,4.98
10.2,202.8,6.19,79.8,477,190.0,190.0,190.0,500.0,500.0,0.0,0.0,0.0,0.3,4.99
10.2,202.8,6.19,79.6,478,190.0,190.0,190.0,500.0,500.0,0.0,0.0,0.0,0.3,5.00
10.2,202.8,6.19,79.6,479,190.0,190.0,190.0,500.0,500.0,0.0,0.0,0.0,0.3,5.02
10.3,202.8,6.19,79.8,480,190.0,190.0,190.0,500.0,500.0,0.0,0.0,0.0,0.3,5.03
10.4,202.8,6.19,79.8,481,190.0,190.0,190.0,500.0,500.0,0.0,0.0,0.0,0.3,5.05
10.5,202.9,6.19,79.8,482,190.0,190.0,190.0,500.0,500.0,0.0,0.0,0.0,0.3,5.06
10.4,202.9,6.19,80.0,483,190.0,190.0,190.0,500.0,500.0,0.0,0.0,0.0,0.3,5.07
10.3,202.9,6.19,80.0,484,190.0,190.0,190.0,500.0,500.0,0.0,0.0,0.0,0.3,5.09
10.2,202.9,6.19,80.0,485,190.0,190.1,190.0,500.0,500.0,0.0,0.0,0.0,0.3,5.10
10.1,202.9,6.19,80.0,486,190.0,190.3,190.0,500.0,500.0,0.0,0.0,0.0,0.3,5.11
10.1,203.0,6.19,80.0,487,190.0,190.4,190.0,500.0,500.0,0.0,0.0,0.0,0.3,5.13
10.2,203.0,6.19,80.0,488,190.0,190.4,190.0,500.0,500.0,0.0,0.0,0.0,0.3,5.14
10.3,203.1,6.19,80.0,489,190.0,190.4,190.0,500.0,500.0,0.0,0.0,0.0,0.3,5.16
10.2,203.1,6.19,79.8,490,190.0,190.4,190.0,500.0,500.0,0.0,0.0,0.0,0.3,5.17
10.2,203.1,6.19,79.8,491,190.0,190.4,190.0,500.0,500.0,0.0,0.0,0.0,0.3,5.18
10.2,203.1,6.19,79.8,492,190.0,190.5,190.0,500.0,500.0,0.0,0.0,0.0,0.3,5.20
10.1,203.1,6.19,79.6,493,190.0,190.5,190.0,500.0,500.0,0.0,0.0,0.0,0.3,5.21
10.2,203.1,6.19,79.6,494,190.0,190.5,190.0,500.0,500.0,0.0,0.0,0.0,0.3,5.22
10.2,203.1,6.19,79.8,495,190.0,190.4,190.0,500.0,500.0,0.0,0.0,0.0,0.3,5.24
10.2,203.1,6.19,79.6,496,190.0,190.3,190.0,500.0,500.0,0.0,0.0,0.0,0.3,5.25
10.2,203.1,6.19,79.6,497,190.0,190.3,190.0,500.0,500.0,0.0,0.0,0.0,0.3,5.26
10.2,203.1,6.19,79.8,498,190.0,190.3,190.0,500.0,500.0,0.0,0.0,0.0,0.3,5.28
10.1,203.1,6.19,79.6,499,190.0,190.3,190.0,500.0,500.0,0.0,0.0,0.0,0.3,5.29
10.2,203.1,6.19,79.6,500,190.0,190.2,190.0,500.0,500.0,0.0,0.0,0.0,0.3,5.30
10.3,203.1,6.19,79.8,501,190.0,190.0,190.0,500.0,500.0,0.0,0.0,0.0,0.3,5.32
10.4,203.1,6.19,79.8,502,190.0,190.0,190.0,500.0,500.0,0.0,0.0,0.0,0.3,5.33
10.4,203.2,6.19,79.6,503,190.0,190.0,190.0,500.0,500.0,0.0,0.0,0.0,0.3,5.35
10.3,203.2,6.19,79.8,504,190.0,190.0,190.0,500.0,500.0,0.0,0.0,0.0,0.3,5.36
10.2,203.2,6.19,79.8,505,190.0,190.0,190.0,500.0,500.0,0.0,0.0,0.0,0.3,5.37
10.2,203.2,6.19,79.6,506,190.0,190.0,190.0,500.0,500.0,0.0,0.0,0.0,0.3,5.39
10.1,203.2,6.19,79.6,507,190.0,190.0,190.0,500.0,500.0,0.0,0.0,0.0,0.3,5.40
10.3,203.2,6.19,79.8,508,190.0,190.0,190.0,500.0,500.0,0.0,0.0,0.0,0.3,5.41
10.4,203.2,6.19,79.8,509,190.0,190.0,190.0,500.0,500.0,0.0,0.0,0.0,0.3,5.43
10.5,203.2,6.19,79.6,510,190.0,190.0,190.0,500.0,500.0,0.0,0.0,0.0,0.3,5.44
10.4,203.2,6.19,79.8,511,190.0,190.0,190.0,500.0,500.0,0.0,0.0,0.0,0.3,5.45
10.4,203.2,6.19,79.8,512,190.0,190.0,190.0,500.0,500.0,0.0,0.0,0.0,0.3,5.47
10.2,203.2,6.19,79.6,513,190.0,190.0,190.0,500.0,500.0,0.0,0.0,0.0,0.3,5.48
10.3,203.2,6.19,79.6,514,190.0,190.0,190.0,500.0,500.0,0.0,0.0,0.0,0.3,5.50
10.2,203.2,6.19,79.8,515,190.0,190.0,190.0,500.0,500.0,0.0,0.0,0.0,0.3,5.51
10.3,203.3,6.19,79.6,516,190.0,190.0,190.0,500.0,500.0,0.0,0.0,0.0,0.3,5.52
10.4,203.3,6.19,79.6,517,190.0,190.0,190.0,500.0,500.0,0.0,0.0,0.0,0.3,5.54
10.3,203.3,6.19,79.8,518,190.0,190.0,190.0,500.0,500.0,0.0,0.0,0.0,0.3,5.55
10.3,203.3,6.19,79.8,519,190.0,190.0,190.0,500.0,500.0,0.0,0.0,0.0,0.3,5.56
10.3,203.3,6.19,79.6,520,190.0,190.0,190.0,500.0,500.0,0.0,0.0,0.0,0.3,5.58
10.3,203.3,6.19,79.8,521,190.0,190.0,190.0,500.0,500.0,0.0,0.0,0.0,0.3,5.59
10.4,203.3,6.19,79.8,522,190.0,190.0,190.0,500.0,500.0,0.0,0.0,0.0,0.3,5.61
10.4,203.3,6.19,79.6,523,190.0,190.0,190.0,500.0,500.0,0.0,0.0,0.0,0.3,5.62
10.3,203.3,6.19,79.6,524,190.0,190.0,190.0,500.0,500.0,0.0,0.0,0.0,0.3,5.63
10.4,203.3,6.19,79.8,525,190.0,190.0,190.0,500.0,500.0,0.0,0.0,0.0,0.3,5.65
10.3,203.3,6.19,79.8,526,190.0,190.0,190.0,500.0,500.0,0.0,0.0,0.0,0.3,5.66
10.1,203.3,6.19,79.6,527,190.0,190.0,190.0,500.0,500.0,0.0,0.0,0.0,0.3,5.67
10.2,203.3,6.19,79.8,528,190.0,190.0,190.0,500.0,500.0,0.0,0.0,0.0,0.3,5.69
10.3,203.3,6.19,79.8,529,190.0,190.0,190.0,500.0,500.0,0.0,0.0,0.0,0.3,5.70
10.4,203.3,6.19,79.6,530,190.0,190.2,190.0,500.0,500.0,0.0,0.0,0.0,0.3,5.71
10.5,203.3,6.19,79.6,531,190.0,190.3,190.0,500.0,500.0,0.0,0.0,0.0,0.3,5.73
10.6,203.3,6.19,79.8,532,190.0,190.3,190.0,500.0,500.0,0.0,0.0,0.0,0.3,5.74
10.6,203.3,6.19,79.8,533,190.0,190.3,190.0,500.0,500.0,0.0,0.0,0.0,0.3,5.76
10.4,203.3,6.19,79.6,534,190.0,190.4,190.0,500.0,500.0,0.0,0.0,0.0,0.3,5.77
10.3,203.3,6.19,79.8,535,190.0,190.5,190.0,500.0,500.0,0.0,0.0,0.0,0.3,5.78
10.3,203.3,6.19,79.8,536,190.0,190.6,190.0,500.0,500.0,0.0,0.0,0.0,0.3,5.80
10.2,203.3,6.19,79.6,537,190.0,190.6,190.0,500.0,500.0,0.0,0.0,0.0,0.3,5.81
10.3,203.3,6.19,79.6,538,190.0,190.6,190.0,500.0,500.0,0.0,0.0,0.0,0.3,5.83
10.4,203.3,6.19,79.8,539,190.0,190.6,190.0,500.0,500.0,0.0,0.0,0.0,0.3,5.84
10.5,203.3,6.19,79.6,540,190.0,190.6,190.0,500.0,500.0,0.0,0.0,0.0,0.3,5.85
10.4,203.3,6.19,79.6,541,190.0,190.6,190.0,500.0,500.0,0.0,0.0,0.0,0.3,5.87
10.3,203.4,6.19,79.8,542,190.0,190.6,190.0,500.0,500.0,0.0,0.0,0.0,0.3,5.88
10.2,203.4,6.19,79.8,543,190.0,190.6,190.0,500.0,500.0,0.0,0.0,0.0,0.3,5.89
10.3,203.3,6.19,79.6,544,190.0,190.6,190.0,500.0,500.0,0.0,0.0,0.0,0.3,5.91
10.3,203.3,6.19,79.8,545,190.0,190.6,190.0,500.0,500.0,0.0,0.0,0.0,0.3,5.92
10.4,203.4,6.18,79.8,546,190.0,190.6,190.0,500.0,500.0,0.0,0.0,0.0,0.3,5.94
10.3,203.4,6.18,79.8,547,190.0,190.5,190.0,500.0,500.0,0.0,0.0,0.0,0.3,5.95
10.3,203.4,6.18,79.6,548,190.0,190.4,190.0,500.0,500.0,0.0,0.0,0.0,0.3,5.96
10.3,203.4,6.18,79.8,549,190.0,190.4,190.0,500.0,500.0,0.0,0.0,0.0,0.3,5.98
10.3,203.4,6.18,79.8,550,190.0,190.4,190.0,500.0,500.0,0.0,0.0,0.0,0.3,5.99
10.3,203.4,6.19,79.6,551,190.0,190.2,190.0,500.0,500.0,0.0,0.0,0.0,0.3,6.00
10.4,203.5,6.19,79.6,552,190.0,190.1,190.0,500.0,500.0,0.0,0.0,0.0,0.3,6.02
10.3,203.5,6.19,79.8,553,190.0,190.1,190.0,500.0,500.0,0.0,0.0,0.0,0.3,6.03
10.3,203.5,6.19,79.6,554,190.0,190.1,190.0,500.0,500.0,0.0,0.0,0.0,0.3,6.04
10.3,203.5,6.19,79.6,555,190.0,190.0,190.0,500.0,500.0,0.0,0.0,0.0,0.3,6.06
10.3,203.5,6.19,79.8,556,190.0,190.0,190.0,500.0,500.0,0.0,0.0,0.0,0.3,6.07
10.4,203.5,6.19,79.8,557,190.0,190.0,190.0,500.0,500.0,0.0,0.0,0.0,0.3,6.09
10.5,203.5,6.19,79.6,558,190.0,190.0,190.0,500.0,500.0,0.0,0.0,0.0,0.3,6.10
10.5,203.5,6.19,79.8,559,190.0,190.0,190.0,500.0,500.0,0.0,0.0,0.0,0.3,6.11
10.4,203.5,6.19,79.8,560,190.0,190.0,190.0,500.0,500.0,0.0,0.0,0.0,0.3,6.13
10.3,203.5,6.19,79.6,561,190.0,190.0,190.0,500.0,500.0,0.0,0.0,0.0,0.3,6.14
10.2,203.5,6.19,79.6,562,190.0,190.0,190.0,500.0,500.0,0.0,0.0,0.0,0.3,6.15
10.3,203.5,6.19,79.8,563,190.0,190.0,190.0,500.0,500.0,0.0,0.0,0.0,0.3,6.17
10.3,203.5,6.19,79.8,564,190.0,190.0,190.0,500.0,500.0,0.0,0.0,0.0,0.3,6.18
10.4,203.5,6.19,79.6,565,190.0,190.0,190.0,500.0,500.0,0.0,0.0,0.0,0.3,6.20
10.6,203.5,6.19,79.8,566,190.0,190.0,190.0,500.0,500.0,0.0,0.0,0.0,0.3,6.21
10.6,203.5,6.19,79.8,567,190.0,190.0,190.0,500.0,500.0,0.0,0.0,0.0,0.3,6.22
10.6,203.5,6.19,79.6,568,190.0,190.0,190.0,500.0,500.0,0.0,0.0,0.0,0.3,6.24
10.5,203.5,6.19,79.6,569,190.0,190.0,190.0,500.0,500.0,0.0,0.0,0.0,0.3,6.25
10.5,203.5,6.19,79.8,570,190.0,190.0,190.0,500.0,500.0,0.0,0.0,0.0,0.3,6.27
10.5,203.5,6.19,79.6,571,190.0,190.0,190.0,500.0,500.0,0.0,0.0,0.0,0.3,6.28
10.5,203.5,6.19,79.6,572,190.0,190.0,190.0,500.0,500.0,0.0,0.0,0.0,0.3,6.29
10.4,203.5,6.19,79.8,573,190.0,190.0,190.0,500.0,500.0,0.0,0.0,0.0,0.3,6.31
10.5,203.5,6.19,79.8,574,190.0,190.0,190.0,500.0,500.0,0.0,0.0,0.0,0.3,6.32
10.4,203.5,6.19,79.6,575,190.0,190.0,190.0,500.0,500.0,0.0,0.0,0.0,0.3,6.34
10.3,203.5,6.19,79.8,576,190.0,190.1,190.0,500.0,500.0,0.0,0.0,0.0,0.3,6.35
10.3,203.5,6.19,79.8,577,190.0,190.1,190.0,500.0,500.0,0.0,0.0,0.0,0.3,6.36
10.3,203.5,6.19,79.6,578,190.0,190.2,190.0,500.0,500.0,0.0,0.0,0.0,0.3,6.38
10.4,203.5,6.19,79.6,579,190.0,190.4,190.0,500.0,500.0,0.0,0.0,0.0,0.3,6.39
10.6,203.6,6.19,79.8,580,190.0,190.5,190.0,500.0,500.0,0.0,0.0,0.0,0.3,6.40
10.5,203.6,6.19,79.8,581,190.0,190.5,190.0,500.0,500.0,0.0,0.0,0.0,0.3,6.42
10.6,203.6,6.19,79.6,582,190.0,190.5,190.0,500.0,500.0,0.0,0.0,0.0,0.3,6.43
10.5,203.6,6.19,79.8,583,190.0,190.6,190.0,500.0,500.0,0.0,0.0,0.0,0.3,6.45
10.4,203.6,6.19,79.8,584,190.0,190.7,190.0,500.0,500.0,0.0,0.0,0.0,0.3,6.46
10.4,203.7,6.19,79.6,585,190.0,190.7,190.0,500.0,500.0,0.0,0.0,0.0,0.3,6.47
10.3,203.7,6.19,79.6,586,190.0,190.7,190.0,500.0,500.0,0.0,0.0,0.0,0.3,6.49
10.3,203.7,6.19,79.8,587,190.0,190.7,190.0,500.0,500.0,0.0,0.0,0.0,0.3,6.50
10.3,203.7,6.19,79.6,588,190.0,190.7,190.0,500.0,500.0,0.0,0.0,0.0,0.3,6.52
10.3,203.7,6.19,79.6,589,190.0,190.7,190.0,500.0,500.0,0.0,0.0,0.0,0.3,6.53
10.2,203.7,6.19,79.8,590,190.0,190.7,190.0,500.0,500.0,0.0,0.0,0.0,0.3,6.54
10.3,203.7,6.19,79.6,591,190.0,190.7,190.0,500.0,500.0,0.0,0.0,0.0,0.3,6.56
10.4,203.7,6.19,79.4,592,190.0,190.7,190.0,500.0,500.0,0.0,0.0,0.0,0.3,6.57
10.4,203.7,6.19,79.6,593,190.0,190.7,190.0,500.0,500.0,0.0,0.0,0.0,0.3,6.58
10.4,203.7,6.19,79.6,594,190.0,190.6,190.0,500.0,500.0,0.0,0.0,0.0,0.3,6.60
10.5,203.7,6.19,79.4,595,190.0,190.5,190.0,500.0,500.0,0.0,0.0,0.0,0.3,6.61
10.4,203.7,6.19,79.6,596,190.0,190.5,190.0,500.0,500.0,0.0,0.0,0.0,0.3,6.62
10.4,203.7,6.19,79.8,597,190.0,190.4,190.0,500.0,500.0,0.0,0.0,0.0,0.3,6.64
10.3,203.7,6.19,79.8,598,190.0,190.2,190.0,500.0,500.0,0.0,0.0,0.0,0.3,6.65
10.4,203.7,6.19,79.6,599,190.0,190.2,190.0,500.0,500.0,0.0,0.0,0.0,0.3,6.67
