扭矩,料温,压力,转速,时间,温度1,温度2,温度3,温度4,温度5,温度6,温度7,温度8,顶栓,能量
1.9,199.3,6.20,0.0,0,200.9,200.5,200.8,500.0,500.0,0.0,0.0,0.0,0.3,0.00
1.9,199.3,6.20,3.6,1,200.9,200.3,200.9,500.0,500.0,0.0,0.0,0.0,0.3,0.00
1.8,199.4,6.20,12.6,2,200.9,200.1,200.9,500.0,500.0,0.0,0.0,0.0,0.3,0.00
1.8,199.4,6.20,22.6,3,200.9,200.1,200.9,500.0,500.0,0.0,0.0,0.0,0.3,0.00
1.8,199.4,6.20,32.6,4,200.9,200.1,200.9,500.0,500.0,0.0,0.0,0.0,0.3,0.00
1.7,199.4,6.20,42.6,5,200.9,200.1,200.9,500.0,500.0,0.0,0.0,0.0,0.3,0.00
1.8,199.4,6.20,49.0,6,200.9,200.0,200.9,500.0,500.0,0.0,0.0,0.0,0.3,0.00
1.7,199.4,6.20,50.0,7,200.9,200.0,200.9,500.0,500.0,0.0,0.0,0.0,0.3,0.01
1.7,199.4,6.20,50.0,8,200.9,200.0,200.9,500.0,500.0,0.0,0.0,0.0,0.3,0.01
1.6,199.2,6.20,50.0,9,200.9,200.0,200.9,500.0,500.0,0.0,0.0,0.0,0.3,0.01
1.6,198.9,6.20,49.8,10,200.9,200.0,200.9,500.0,500.0,0.0,0.0,0.0,0.3,0.01
1.6,198.5,6.20,49.8,11,200.9,200.0,201.0,500.0,500.0,0.0,0.0,0.0,0.3,0.01
1.5,197.9,6.20,49.8,12,200.9,200.0,201.0,500.0,500.0,0.0,0.0,0.0,0.3,0.01
1.5,197.3,6.20,49.6,13,200.9,200.0,201.0,500.0,500.0,0.0,0.0,0.0,0.3,0.01
1.4,196.6,6.20,49.6,14,200.9,200.0,201.0,500.0,500.0,0.0,0.0,0.0,0.3,0.02
1.3,196.0,6.20,49.8,15,200.9,200.0,201.0,500.0,500.0,0.0,0.0,0.0,0.3,0.02
1.2,195.5,6.20,49.8,16,200.9,200.0,201.0,500.0,500.0,0.0,0.0,0.0,0.3,0.02
1.1,195.2,6.20,50.0,17,200.9,200.0,201.0,500.0,500.0,0.0,0.0,0.0,0.3,0.02
1.0,194.8,6.20,50.0,18,200.9,199.9,201.0,500.0,500.0,0.0,0.0,0.0,0.3,0.02
0.8,194.1,6.20,50.0,19,200.9,199.9,201.0,500.0,500.0,0.0,0.0,0.0,0.3,0.02
0.6,193.3,6.20,50.0,20,200.9,199.9,201.0,500.0,500.0,0.0,0.0,0.0,0.3,0.02
0.4,192.4,6.20,50.0,21,200.9,199.9,201.1,500.0,500.0,0.0,0.0,0.0,0.3,0.02
0.3,191.6,6.20,49.6,22,200.9,200.0,201.1,500.0,500.0,0.0,0.0,0.0,0.3,0.02
0.2,190.8,6.21,49.8,23,200.9,200.0,201.1,500.0,500.0,0.0,0.0,0.0,0.3,0.02
0.3,190.0,6.21,49.6,24,200.8,200.0,201.1,500.0,500.0,0.0,0.0,0.0,0.3,0.02
0.6,189.4,6.21,49.6,25,200.8,200.0,201.1,500.0,500.0,0.0,0.0,0.0,0.3,0.02
0.9,188.5,6.21,49.6,26,200.8,200.0,201.1,500.0,500.0,0.0,0.0,0.0,0.3,0.02
1.2,187.5,6.21,49.6,27,200.8,200.0,201.1,500.0,500.0,0.0,0.0,0.0,0.3,0.02
1.7,186.6,6.21,49.6,28,200.8,200.0,201.1,500.0,500.0,0.0,0.0,0.0,0.3,0.02
2.0,185.8,6.21,49.8,29,200.8,200.0,201.1,500.0,500.0,0.0,0.0,0.0,0.3,0.03
2.6,185.0,6.21,49.8,30,200.7,200.2,201.1,500.0,500.0,0.0,0.0,0.0,0.3,0.03
3.1,184.3,6.21,49.8,31,200.7,200.3,201.1,500.0,500.0,0.0,0.0,0.0,0.3,0.03
3.3,183.7,6.21,50.0,32,200.7,200.4,201.1,500.0,500.0,0.0,0.0,0.0,0.3,0.03
3.2,183.3,6.20,50.0,33,200.7,200.6,201.1,500.0,500.0,0.0,0.0,0.0,0.3,0.04
2.9,182.7,6.20,49.8,34,200.7,200.7,201.1,500.0,500.0,0.0,0.0,0.0,0.3,0.04
2.4,182.3,6.20,49.8,35,200.7,200.8,201.1,500.0,500.0,0.0,0.0,0.0,0.3,0.04
1.9,182.3,6.20,49.8,36,200.6,200.9,201.1,500.0,500.0,0.0,0.0,0.0,0.3,0.04
1.4,182.6,6.21,49.8,37,200.6,201.0,201.1,500.0,500.0,0.0,0.0,0.0,0.3,0.04
0.9,182.9,6.21,49.8,38,200.6,201.0,201.0,500.0,500.0,0.0,0.0,0.0,0.3,0.04
0.7,183.2,6.21,50.0,39,200.6,201.0,201.0,500.0,500.0,0.0,0.0,0.0,0.3,0.05
0.5,183.3,6.21,50.0,40,200.6,201.1,201.0,500.0,500.0,0.0,0.0,0.0,0.3,0.05
0.4,183.3,6.21,50.0,41,200.5,201.2,201.0,500.0,500.0,0.0,0.0,0.0,0.3,0.05
0.3,183.3,6.21,50.0,42,200.5,201.2,201.0,500.0,500.0,0.0,0.0,0.0,0.3,0.05
0.3,183.3,6.21,50.0,43,200.5,201.2,201.0,500.0,500.0,0.0,0.0,0.0,0.3,0.05
0.4,183.4,6.21,49.8,44,200.4,201.1,201.0,500.0,500.0,0.0,0.0,0.0,0.3,0.05
0.6,183.4,6.21,49.8,45,200.4,200.9,201.0,500.0,500.0,0.0,0.0,0.0,0.3,0.05
0.8,183.3,6.21,49.8,46,200.4,200.9,200.9,500.0,500.0,0.0,0.0,0.0,0.3,0.05
1.2,183.2,6.21,49.8,47,200.4,200.9,200.9,500.0,500.0,0.0,0.0,0.0,0.3,0.05
1.3,183.0,6.21,49.6,48,200.4,200.9,200.9,500.0,500.0,0.0,0.0,0.0,0.3,0.05
1.2,182.9,6.21,49.8,49,200.4,200.9,200.9,500.0,500.0,0.0,0.0,0.0,0.3,0.05
1.2,182.7,6.21,49.8,50,200.4,200.7,200.9,500.0,500.0,0.0,0.0,0.0,0.3,0.05
1.5,182.6,6.21,49.8,51,200.3,200.4,200.9,500.0,500.0,0.0,0.0,0.0,0.3,0.05
2.1,182.4,6.21,49.8,52,200.3,200.3,200.9,500.0,500.0,0.0,0.0,0.0,0.3,0.05
2.6,182.1,6.21,50.0,53,200.3,200.2,200.9,500.0,500.0,0.0,0.0,0.0,0.3,0.06
3.0,181.7,6.21,49.8,54,200.3,200.1,200.8,500.0,500.0,0.0,0.0,0.0,0.3,0.06
3.1,181.2,6.20,49.8,55,200.3,200.0,200.8,500.0,500.0,0.0,0.0,0.0,0.3,0.06
2.7,180.5,6.21,49.8,56,200.3,200.0,200.8,500.0,500.0,0.0,0.0,0.0,0.3,0.06
2.0,179.9,6.21,49.6,57,200.2,200.0,200.8,500.0,500.0,0.0,0.0,0.0,0.3,0.07
1.7,179.6,6.20,49.6,58,200.2,200.0,200.7,500.0,500.0,0.0,0.0,0.0,0.3,0.07
1.7,179.9,6.21,49.8,59,200.2,200.0,200.7,500.0,500.0,0.0,0.0,0.0,0.3,0.07
1.9,180.5,6.21,49.8,60,200.2,200.0,200.7,500.0,500.0,0.0,0.0,0.0,0.3,0.07
2.3,180.9,6.21,49.8,61,200.2,200.0,200.7,500.0,500.0,0.0,0.0,0.0,0.3,0.07
2.9,181.0,6.21,50.0,62,200.2,200.0,200.7,500.0,500.0,0.0,0.0,0.0,0.3,0.07
3.3,180.9,6.21,50.2,63,200.3,200.0,200.7,500.0,500.0,0.0,0.0,0.0,0.3,0.08
3.4,180.8,6.21,50.0,64,200.3,200.0,200.7,500.0,500.0,0.0,0.0,0.0,0.3,0.08
3.6,180.6,6.21,50.0,65,200.3,200.0,200.7,500.0,500.0,0.0,0.0,0.0,0.3,0.08
3.8,180.6,6.21,50.0,66,200.3,200.0,200.7,500.0,500.0,0.0,0.0,0.0,0.3,0.09
3.7,180.6,6.21,50.0,67,200.3,200.0,200.7,500.0,500.0,0.0,0.0,0.0,0.3,0.09
3.7,180.7,6.21,49.6,68,200.3,200.0,200.7,500.0,500.0,0.0,0.0,0.0,0.3,0.09
4.1,180.7,6.21,49.8,69,200.3,200.0,200.6,500.0,500.0,0.0,0.0,0.0,0.3,0.10
4.3,180.9,6.21,49.8,70,200.3,200.0,200.5,500.0,500.0,0.0,0.0,0.0,0.3,0.10
4.5,181.2,6.21,49.8,71,200.3,200.0,200.5,500.0,500.0,0.0,0.0,0.0,0.3,0.10
4.8,181.5,6.21,49.8,72,200.3,200.1,200.5,500.0,500.0,0.0,0.0,0.0,0.3,0.11
5.2,181.8,6.21,50.0,73,200.3,200.4,200.5,500.0,500.0,0.0,0.0,0.0,0.3,0.11
5.2,182.0,6.21,50.0,74,200.3,200.5,200.5,500.0,500.0,0.0,0.0,0.0,0.3,0.12
5.3,182.3,6.21,50.0,75,200.3,200.6,200.5,500.0,500.0,0.0,0.0,0.0,0.3,0.12
5.5,182.5,6.21,50.0,76,200.3,200.7,200.5,500.0,500.0,0.0,0.0,0.0,0.3,0.12
5.5,182.9,6.21,49.8,77,200.3,200.7,200.4,500.0,500.0,0.0,0.0,0.0,0.3,0.13
5.5,183.2,6.21,49.8,78,200.3,200.7,200.4,500.0,500.0,0.0,0.0,0.0,0.3,0.13
5.7,183.4,6.21,49.8,79,200.3,200.7,200.4,500.0,500.0,0.0,0.0,0.0,0.3,0.14
5.9,183.6,6.21,49.8,80,200.3,200.9,200.4,500.0,500.0,0.0,0.0,0.0,0.3,0.14
6.1,183.8,6.21,49.8,81,200.3,201.1,200.4,500.0,500.0,0.0,0.0,0.0,0.3,0.15
6.1,184.2,6.21,50.0,82,200.4,201.1,200.3,500.0,500.0,0.0,0.0,0.0,0.3,0.15
6.3,184.6,6.21,50.0,83,200.4,201.2,200.3,500.0,500.0,0.0,0.0,0.0,0.3,0.16
6.3,185.0,6.21,50.0,84,200.4,201.3,200.3,500.0,500.0,0.0,0.0,0.0,0.3,0.16
7.4,185.4,6.21,50.0,85,200.4,201.4,200.3,500.0,500.0,0.0,0.0,0.0,0.3,0.17
8.8,185.8,6.21,50.0,86,200.4,201.4,200.3,500.0,500.0,0.0,0.0,0.0,0.3,0.18
9.9,185.5,6.21,50.0,87,200.4,201.4,200.3,500.0,500.0,0.0,0.0,0.0,0.3,0.19
11.0,184.1,6.21,50.0,88,200.4,201.4,200.2,500.0,500.0,0.0,0.0,0.0,0.3,0.20
12.0,181.1,6.21,49.8,89,200.4,201.4,200.2,500.0,500.0,0.0,0.0,0.0,0.3,0.21
12.1,178.1,6.21,49.6,90,200.4,201.3,200.2,500.0,500.0,0.0,0.0,0.0,0.3,0.21
11.9,175.7,6.21,49.6,91,200.4,201.1,200.2,500.0,500.0,0.0,0.0,0.0,0.3,0.22
11.5,174.8,6.21,49.6,92,200.4,201.1,200.2,500.0,500.0,0.0,0.0,0.0,0.3,0.23
11.1,174.6,6.21,49.6,93,200.4,201.1,200.2,500.0,500.0,0.0,0.0,0.0,0.3,0.24
10.9,174.9,6.21,49.8,94,200.4,201.1,200.2,500.0,500.0,0.0,0.0,0.0,0.3,0.25
10.6,175.4,6.21,50.0,95,200.4,200.9,200.2,500.0,500.0,0.0,0.0,0.0,0.3,0.26
10.0,175.9,6.21,49.8,96,200.5,200.7,200.2,500.0,500.0,0.0,0.0,0.0,0.3,0.27
9.8,176.5,6.20,49.8,97,200.5,200.6,200.1,500.0,500.0,0.0,0.0,0.0,0.3,0.28
9.4,177.0,6.20,49.8,98,200.5,200.5,200.1,500.0,500.0,0.0,0.0,0.0,0.3,0.29
9.1,177.7,6.21,49.8,99,200.5,200.3,200.1,500.0,500.0,0.0,0.0,0.0,0.3,0.29
8.9,178.4,6.21,49.8,100,200.5,200.2,200.1,500.0,500.0,0.0,0.0,0.0,0.3,0.30
8.8,179.1,6.21,50.0,101,200.5,200.0,200.1,500.0,500.0,0.0,0.0,0.0,0.3,0.31
8.8,179.8,6.21,50.0,102,200.5,200.0,200.1,500.0,500.0,0.0,0.0,0.0,0.3,0.32
8.8,180.3,6.21,49.8,103,200.5,200.0,200.1,500.0,500.0,0.0,0.0,0.0,0.3,0.32
8.9,181.0,6.21,49.8,104,200.5,200.0,200.1,500.0,500.0,0.0,0.0,0.0,0.3,0.33
9.0,181.7,6.21,49.8,105,200.5,200.0,200.1,500.0,500.0,0.0,0.0,0.0,0.3,0.34
8.7,182.4,6.21,49.8,106,200.5,200.0,200.1,500.0,500.0,0.0,0.0,0.0,0.3,0.34
8.5,183.0,6.21,49.8,107,200.6,200.0,200.2,500.0,500.0,0.0,0.0,0.0,0.3,0.35
8.4,183.5,6.21,50.0,108,200.6,200.0,200.2,500.0,500.0,0.0,0.0,0.0,0.3,0.36
8.2,184.0,6.21,49.8,109,200.6,200.0,200.2,500.0,500.0,0.0,0.0,0.0,0.3,0.37
8.2,184.5,6.20,49.8,110,200.6,200.0,200.2,500.0,500.0,0.0,0.0,0.0,0.3,0.37
8.5,185.0,6.20,49.8,111,200.6,200.0,200.2,500.0,500.0,0.0,0.0,0.0,0.3,0.38
8.6,185.5,6.20,49.8,112,200.6,200.0,200.2,500.0,500.0,0.0,0.0,0.0,0.3,0.39
8.8,185.7,6.20,49.8,113,200.6,200.0,200.2,500.0,500.0,0.0,0.0,0.0,0.3,0.39
8.7,186.1,6.20,50.0,114,200.6,200.0,200.2,500.0,500.0,0.0,0.0,0.0,0.3,0.40
8.5,186.3,6.20,50.0,115,200.6,200.0,200.2,500.0,500.0,0.0,0.0,0.0,0.3,0.41
8.5,186.8,6.20,49.8,116,200.6,200.0,200.2,500.0,500.0,0.0,0.0,0.0,0.3,0.42
8.6,187.1,6.20,49.8,117,200.6,200.0,200.2,500.0,500.0,0.0,0.0,0.0,0.3,0.42
8.6,187.5,6.20,49.8,118,200.6,200.0,200.2,500.0,500.0,0.0,0.0,0.0,0.3,0.43
8.6,187.9,6.20,49.8,119,200.6,200.0,200.2,500.0,500.0,0.0,0.0,0.0,0.3,0.44
8.3,188.2,6.20,49.8,120,200.6,200.0,200.2,500.0,500.0,0.0,0.0,0.0,0.3,0.44
8.2,188.6,6.20,50.0,121,200.7,200.0,200.2,500.0,500.0,0.0,0.0,0.0,0.3,0.45
8.3,188.9,6.20,49.8,122,200.7,200.2,200.2,500.0,500.0,0.0,0.0,0.0,0.3,0.46
8.4,189.3,6.20,49.8,123,200.7,200.5,200.2,500.0,500.0,0.0,0.0,0.0,0.3,0.46
8.3,189.6,6.20,49.8,124,200.7,200.6,200.2,500.0,500.0,0.0,0.0,0.0,0.3,0.47
8.6,189.9,6.20,49.8,125,200.7,200.7,200.2,500.0,500.0,0.0,0.0,0.0,0.3,0.48
8.6,190.2,6.20,49.8,126,200.7,200.8,200.2,500.0,500.0,0.0,0.0,0.0,0.3,0.49
8.6,190.5,6.20,50.0,127,200.7,200.8,200.2,500.0,500.0,0.0,0.0,0.0,0.3,0.49
8.5,190.7,6.20,49.8,128,200.7,200.8,200.2,500.0,500.0,0.0,0.0,0.0,0.3,0.50
8.4,191.0,6.20,49.8,129,200.6,200.9,200.2,500.0,500.0,0.0,0.0,0.0,0.3,0.51
8.2,191.3,6.20,49.8,130,200.6,201.1,200.2,500.0,500.0,0.0,0.0,0.0,0.3,0.51
8.2,191.5,6.20,49.8,131,200.6,201.1,200.2,500.0,500.0,0.0,0.0,0.0,0.3,0.52
8.3,191.8,6.20,49.8,132,200.6,201.1,200.2,500.0,500.0,0.0,0.0,0.0,0.3,0.53
8.4,192.0,6.20,50.0,133,200.6,201.1,200.2,500.0,500.0,0.0,0.0,0.0,0.3,0.53
8.8,192.2,6.20,50.0,134,200.6,201.1,200.2,500.0,500.0,0.0,0.0,0.0,0.3,0.54
8.9,192.5,6.20,49.8,135,200.6,201.1,200.3,500.0,500.0,0.0,0.0,0.0,0.3,0.55
8.7,192.7,6.20,49.8,136,200.6,201.1,200.3,500.0,500.0,0.0,0.0,0.0,0.3,0.56
8.5,192.9,6.20,49.8,137,200.6,201.1,200.3,500.0,500.0,0.0,0.0,0.0,0.3,0.56
8.3,193.1,6.21,49.8,138,200.6,200.9,200.3,500.0,500.0,0.0,0.0,0.0,0.3,0.57
8.3,193.3,6.21,49.8,139,200.6,200.7,200.3,500.0,500.0,0.0,0.0,0.0,0.3,0.58
8.1,193.5,6.21,50.0,140,200.6,200.7,200.3,500.0,500.0,0.0,0.0,0.0,0.3,0.58
8.3,193.7,6.21,49.8,141,200.6,200.7,200.3,500.0,500.0,0.0,0.0,0.0,0.3,0.59
8.5,193.8,6.20,49.8,142,200.6,200.5,200.3,500.0,500.0,0.0,0.0,0.0,0.3,0.60
8.6,194.0,6.20,49.8,143,200.6,200.2,200.3,500.0,500.0,0.0,0.0,0.0,0.3,0.60
8.7,194.2,6.20,49.8,144,200.6,200.1,200.3,500.0,500.0,0.0,0.0,0.0,0.3,0.61
8.7,194.3,6.20,49.8,145,200.6,200.0,200.3,500.0,500.0,0.0,0.0,0.0,0.3,0.62
8.5,194.5,6.20,50.0,146,200.6,200.0,200.3,500.0,500.0,0.0,0.0,0.0,0.3,0.63
8.3,194.7,6.20,50.0,147,200.6,200.0,200.4,500.0,500.0,0.0,0.0,0.0,0.3,0.63
8.3,194.9,6.20,49.8,148,200.6,200.0,200.4,500.0,500.0,0.0,0.0,0.0,0.3,0.64
8.2,195.0,6.20,49.8,149,200.6,200.0,200.4,500.0,500.0,0.0,0.0,0.0,0.3,0.65
8.2,195.0,6.20,49.8,150,200.6,200.0,200.4,500.0,500.0,0.0,0.0,0.0,0.3,0.65
8.1,195.1,6.20,49.8,151,200.5,200.0,200.4,500.0,500.0,0.0,0.0,0.0,0.3,0.66
7.9,195.3,6.20,49.8,152,200.5,200.0,200.4,500.0,500.0,0.0,0.0,0.0,0.3,0.67
7.8,195.4,6.20,50.0,153,200.5,200.0,200.4,500.0,500.0,0.0,0.0,0.0,0.3,0.67
7.7,195.6,6.20,50.0,154,200.5,200.0,200.4,500.0,500.0,0.0,0.0,0.0,0.3,0.68
7.9,195.7,6.20,49.8,155,200.5,200.0,200.4,500.0,500.0,0.0,0.0,0.0,0.3,0.69
8.3,195.9,6.20,49.8,156,200.5,200.0,200.4,500.0,500.0,0.0,0.0,0.0,0.3,0.69
8.4,196.0,6.20,49.8,157,200.5,200.0,200.4,500.0,500.0,0.0,0.0,0.0,0.3,0.70
8.5,196.2,6.20,49.8,158,200.5,200.0,200.4,500.0,500.0,0.0,0.0,0.0,0.3,0.71
8.4,196.3,6.20,49.8,159,200.5,200.0,200.4,500.0,500.0,0.0,0.0,0.0,0.3,0.71
8.2,196.4,6.20,49.8,160,200.5,200.0,200.4,500.0,500.0,0.0,0.0,0.0,0.3,0.72
8.0,196.5,6.20,49.8,161,200.5,200.0,200.4,500.0,500.0,0.0,0.0,0.0,0.3,0.73
8.1,196.6,6.20,49.8,162,200.5,200.0,200.4,500.0,500.0,0.0,0.0,0.0,0.3,0.73
7.9,196.7,6.20,49.8,163,200.5,200.0,200.4,500.0,500.0,0.0,0.0,0.0,0.3,0.74
8.0,196.8,6.20,49.8,164,200.5,200.0,200.4,500.0,500.0,0.0,0.0,0.0,0.3,0.75
8.3,196.9,6.21,50.0,165,200.5,200.0,200.4,500.0,500.0,0.0,0.0,0.0,0.3,0.75
8.5,197.1,6.21,50.0,166,200.4,200.0,200.4,500.0,500.0,0.0,0.0,0.0,0.3,0.76
8.6,197.2,6.20,49.8,167,200.4,200.0,200.4,500.0,500.0,0.0,0.0,0.0,0.3,0.77
8.4,197.3,6.20,49.8,168,200.4,200.0,200.4,500.0,500.0,0.0,0.0,0.0,0.3,0.78
8.3,197.5,6.20,49.8,169,200.4,200.0,200.4,500.0,500.0,0.0,0.0,0.0,0.3,0.78
8.2,197.6,6.20,49.8,170,200.4,200.0,200.4,500.0,500.0,0.0,0.0,0.0,0.3,0.79
7.9,197.6,6.20,49.8,171,200.4,200.0,200.4,500.0,500.0,0.0,0.0,0.0,0.3,0.80
7.8,197.7,6.20,50.0,172,200.4,200.2,200.4,500.0,500.0,0.0,0.0,0.0,0.3,0.80
7.9,197.8,6.21,49.8,173,200.4,200.4,200.4,500.0,500.0,0.0,0.0,0.0,0.3,0.81
8.0,197.9,6.21,49.8,174,200.4,200.5,200.4,500.0,500.0,0.0,0.0,0.0,0.3,0.82
8.1,198.0,6.20,49.8,175,200.4,200.5,200.4,500.0,500.0,0.0,0.0,0.0,0.3,0.82
8.3,198.1,6.20,49.8,176,200.4,200.5,200.4,500.0,500.0,0.0,0.0,0.0,0.3,0.83
8.3,198.2,6.20,49.8,177,200.4,200.5,200.4,500.0,500.0,0.0,0.0,0.0,0.3,0.84
8.2,198.3,6.20,50.0,178,200.4,200.6,200.4,500.0,500.0,0.0,0.0,0.0,0.3,0.84
8.1,198.4,6.20,50.0,179,200.4,200.6,200.4,500.0,500.0,0.0,0.0,0.0,0.3,0.85
7.9,198.4,6.20,49.8,180,200.4,200.7,200.3,500.0,500.0,0.0,0.0,0.0,0.3,0.86
7.9,198.5,6.20,49.8,181,200.4,200.7,200.3,500.0,500.0,0.0,0.0,0.0,0.3,0.86
7.8,198.6,6.20,49.8,182,200.4,200.7,200.3,500.0,500.0,0.0,0.0,0.0,0.3,0.87
7.7,198.6,6.20,49.8,183,200.4,200.6,200.3,500.0,500.0,0.0,0.0,0.0,0.3,0.88
7.7,198.7,6.20,49.8,184,200.4,200.5,200.3,500.0,500.0,0.0,0.0,0.0,0.3,0.88
7.7,198.8,6.20,50.0,185,200.4,200.5,200.3,500.0,500.0,0.0,0.0,0.0,0.3,0.89
7.7,198.9,6.20,49.8,186,200.4,200.5,200.3,500.0,500.0,0.0,0.0,0.0,0.3,0.89
7.6,199.0,6.20,49.8,187,200.4,200.3,200.3,500.0,500.0,0.0,0.0,0.0,0.3,0.90
7.6,199.1,6.21,49.8,188,200.4,200.1,200.3,500.0,500.0,0.0,0.0,0.0,0.3,0.91
7.7,199.2,6.20,49.8,189,200.4,200.0,200.3,500.0,500.0,0.0,0.0,0.0,0.3,0.91
7.9,199.3,6.20,49.8,190,200.4,200.0,200.3,500.0,500.0,0.0,0.0,0.0,0.3,0.92
7.8,199.4,6.20,50.0,191,200.4,200.0,200.3,500.0,500.0,0.0,0.0,0.0,0.3,0.93
7.9,199.4,6.20,49.8,192,200.4,200.0,200.2,500.0,500.0,0.0,0.0,0.0,0.3,0.93
8.0,199.5,6.20,49.8,193,200.4,200.0,200.2,500.0,500.0,0.0,0.0,0.0,0.3,0.94
7.9,199.6,6.20,49.8,194,200.4,200.0,200.2,500.0,500.0,0.0,0.0,0.0,0.3,0.95
7.9,199.6,6.20,49.8,195,200.4,200.0,200.2,500.0,500.0,0.0,0.0,0.0,0.3,0.95
7.8,199.7,6.20,49.8,196,200.4,200.0,200.2,500.0,500.0,0.0,0.0,0.0,0.3,0.96
8.1,199.8,6.20,50.0,197,200.4,200.0,200.2,500.0,500.0,0.0,0.0,0.0,0.3,0.97
8.3,199.9,6.20,50.0,198,200.4,200.0,200.2,500.0,500.0,0.0,0.0,0.0,0.3,0.97
8.3,199.9,6.20,49.8,199,200.4,200.0,200.2,500.0,500.0,0.0,0.0,0.0,0.3,0.98
8.2,200.0,6.20,49.8,200,200.4,200.0,200.2,500.0,500.0,0.0,0.0,0.0,0.3,0.99
8.1,200.1,6.20,49.8,201,200.4,200.0,200.2,500.0,500.0,0.0,0.0,0.0,0.3,0.99
8.0,200.2,6.20,49.8,202,200.4,200.0,200.2,500.0,500.0,0.0,0.0,0.0,0.3,1.00
7.8,200.3,6.20,49.8,203,200.4,200.0,200.1,500.0,500.0,0.0,0.0,0.0,0.3,1.01
7.8,200.3,6.20,50.0,204,200.4,200.0,200.1,500.0,500.0,0.0,0.0,0.0,0.3,1.01
7.8,200.3,6.20,49.8,205,200.4,200.0,200.1,500.0,500.0,0.0,0.0,0.0,0.3,1.02
7.7,200.4,6.20,49.8,206,200.4,200.0,200.1,500.0,500.0,0.0,0.0,0.0,0.3,1.03
7.8,200.5,6.20,49.8,207,200.4,200.0,200.1,500.0,500.0,0.0,0.0,0.0,0.3,1.03
7.5,200.6,6.20,49.8,208,200.4,200.0,200.1,500.0,500.0,0.0,0.0,0.0,0.3,1.04
7.5,200.7,6.20,49.8,209,200.4,200.0,200.1,500.0,500.0,0.0,0.0,0.0,0.3,1.05
7.6,200.7,6.20,50.0,210,200.4,200.0,200.1,500.0,500.0,0.0,0.0,0.0,0.3,1.05
7.7,200.8,6.20,49.8,211,200.5,200.0,200.2,500.0,500.0,0.0,0.0,0.0,0.3,1.06
7.6,200.9,6.20,49.8,212,200.5,200.0,200.2,500.0,500.0,0.0,0.0,0.0,0.3,1.06
7.7,200.9,6.20,49.8,213,200.5,200.0,200.2,500.0,500.0,0.0,0.0,0.0,0.3,1.07
7.9,201.0,6.20,49.8,214,200.5,200.0,200.2,500.0,500.0,0.0,0.0,0.0,0.3,1.08
7.9,201.0,6.20,49.8,215,200.5,200.0,200.2,500.0,500.0,0.0,0.0,0.0,0.3,1.08
7.6,201.0,6.20,50.0,216,200.5,200.1,200.2,500.0,500.0,0.0,0.0,0.0,0.3,1.09
7.6,201.1,6.20,50.0,217,200.5,200.2,200.2,500.0,500.0,0.0,0.0,0.0,0.3,1.10
7.8,201.1,6.20,49.8,218,200.5,200.3,200.2,500.0,500.0,0.0,0.0,0.0,0.3,1.10
8.0,201.2,6.20,49.8,219,200.5,200.4,200.2,500.0,500.0,0.0,0.0,0.0,0.3,1.11
8.1,201.3,6.20,49.8,220,200.5,200.5,200.1,500.0,500.0,0.0,0.0,0.0,0.3,1.12
8.3,201.3,6.20,49.8,221,200.5,200.5,200.1,500.0,500.0,0.0,0.0,0.0,0.3,1.12
8.4,201.4,6.20,49.8,222,200.5,200.6,200.1,500.0,500.0,0.0,0.0,0.0,0.3,1.13
8.3,201.4,6.20,49.8,223,200.5,200.8,200.1,500.0,500.0,0.0,0.0,0.0,0.3,1.14
8.2,201.5,6.20,49.8,224,200.5,200.8,200.1,500.0,500.0,0.0,0.0,0.0,0.3,1.14
8.2,201.6,6.20,49.8,225,200.5,200.8,200.1,500.0,500.0,0.0,0.0,0.0,0.3,1.15
8.1,201.7,6.20,49.8,226,200.5,200.8,200.1,500.0,500.0,0.0,0.0,0.0,0.3,1.16
8.0,201.7,6.20,49.8,227,200.5,200.8,200.1,500.0,500.0,0.0,0.0,0.0,0.3,1.16
8.0,201.7,6.20,50.0,228,200.5,200.8,200.1,500.0,500.0,0.0,0.0,0.0,0.3,1.17
7.9,201.8,6.20,50.0,229,200.5,200.8,200.1,500.0,500.0,0.0,0.0,0.0,0.3,1.18
7.9,201.8,6.20,49.8,230,200.5,200.8,200.1,500.0,500.0,0.0,0.0,0.0,0.3,1.18
7.8,201.9,6.20,49.8,231,200.5,200.7,200.1,500.0,500.0,0.0,0.0,0.0,0.3,1.19
7.8,201.9,6.20,49.8,232,200.5,200.5,200.1,500.0,500.0,0.0,0.0,0.0,0.3,1.20
7.8,202.0,6.20,49.8,233,200.5,200.5,200.1,500.0,500.0,0.0,0.0,0.0,0.3,1.20
7.8,202.1,6.20,49.8,234,200.5,200.5,200.1,500.0,500.0,0.0,0.0,0.0,0.3,1.21
7.8,202.1,6.20,50.0,235,200.4,200.5,200.1,500.0,500.0,0.0,0.0,0.0,0.3,1.22
8.0,202.2,6.20,50.0,236,200.4,200.3,200.1,500.0,500.0,0.0,0.0,0.0,0.3,1.22
8.1,202.2,6.20,49.8,237,200.4,200.1,200.1,500.0,500.0,0.0,0.0,0.0,0.3,1.23
7.9,202.3,6.20,49.8,238,200.4,200.0,200.1,500.0,500.0,0.0,0.0,0.0,0.3,1.24
7.9,202.4,6.20,49.8,239,200.4,200.0,200.1,500.0,500.0,0.0,0.0,0.0,0.3,1.24
7.6,202.4,6.20,49.8,240,200.4,200.0,200.1,500.0,500.0,0.0,0.0,0.0,0.3,1.25
7.5,202.4,6.20,49.8,241,200.4,200.0,200.1,500.0,500.0,0.0,0.0,0.0,0.3,1.26
7.6,202.5,6.20,49.8,242,200.4,200.0,200.1,500.0,500.0,0.0,0.0,0.0,0.3,1.26
7.8,202.6,6.20,49.8,243,200.4,200.0,200.1,500.0,500.0,0.0,0.0,0.0,0.3,1.27
7.9,202.7,6.20,49.8,244,200.4,200.0,200.1,500.0,500.0,0.0,0.0,0.0,0.3,1.27
8.1,202.7,6.20,49.8,245,200.5,200.0,200.2,500.0,500.0,0.0,0.0,0.0,0.3,1.28
8.3,202.8,6.20,49.8,246,200.5,200.0,200.2,500.0,500.0,0.0,0.0,0.0,0.3,1.29
8.2,202.8,6.20,50.0,247,200.5,200.0,200.2,500.0,500.0,0.0,0.0,0.0,0.3,1.30
8.1,202.8,6.20,50.0,248,200.5,200.0,200.2,500.0,500.0,0.0,0.0,0.0,0.3,1.30
8.0,202.9,6.20,49.8,249,200.5,200.0,200.2,500.0,500.0,0.0,0.0,0.0,0.3,1.31
8.1,202.9,6.20,49.8,250,200.5,200.0,200.2,500.0,500.0,0.0,0.0,0.0,0.3,1.32
8.0,203.0,6.20,49.8,251,200.5,200.0,200.2,500.0,500.0,0.0,0.0,0.0,0.3,1.32
7.9,203.0,6.20,49.8,252,200.5,200.0,200.2,500.0,500.0,0.0,0.0,0.0,0.3,1.33
7.8,203.0,6.20,49.8,253,200.5,200.0,200.2,500.0,500.0,0.0,0.0,0.0,0.3,1.33
7.8,203.1,6.20,50.0,254,200.5,200.0,200.2,500.0,500.0,0.0,0.0,0.0,0.3,1.34
7.8,203.1,6.20,49.8,255,200.5,200.0,200.2,500.0,500.0,0.0,0.0,0.0,0.3,1.35
7.9,203.1,6.20,49.8,256,200.5,200.0,200.2,500.0,500.0,0.0,0.0,0.0,0.3,1.35
7.9,203.2,6.20,49.8,257,200.5,200.0,200.2,500.0,500.0,0.0,0.0,0.0,0.3,1.36
8.0,203.3,6.20,49.8,258,200.5,200.0,200.2,500.0,500.0,0.0,0.0,0.0,0.3,1.37
8.0,203.3,6.20,49.8,259,200.5,200.0,200.2,500.0,500.0,0.0,0.0,0.0,0.3,1.37
7.9,203.4,6.20,50.0,260,200.5,200.0,200.2,500.0,500.0,0.0,0.0,0.0,0.3,1.38
7.7,203.4,6.20,49.8,261,200.5,200.2,200.2,500.0,500.0,0.0,0.0,0.0,0.3,1.39
7.7,203.4,6.20,49.8,262,200.5,200.3,200.2,500.0,500.0,0.0,0.0,0.0,0.3,1.39
7.7,203.5,6.20,49.8,263,200.5,200.5,200.2,500.0,500.0,0.0,0.0,0.0,0.3,1.40
7.7,203.5,6.20,49.8,264,200.5,200.5,200.2,500.0,500.0,0.0,0.0,0.0,0.3,1.41
7.8,203.5,6.20,49.8,265,200.5,200.5,200.2,500.0,500.0,0.0,0.0,0.0,0.3,1.41
7.9,203.5,6.20,50.0,266,200.5,200.6,200.2,500.0,500.0,0.0,0.0,0.0,0.3,1.42
8.2,203.6,6.20,49.8,267,200.5,200.9,200.2,500.0,500.0,0.0,0.0,0.0,0.3,1.43
8.2,203.6,6.20,49.8,268,200.4,201.0,200.2,500.0,500.0,0.0,0.0,0.0,0.3,1.43
8.2,203.7,6.20,49.8,269,200.4,201.0,200.2,500.0,500.0,0.0,0.0,0.0,0.3,1.44
8.1,203.7,6.20,49.8,270,200.4,201.0,200.2,500.0,500.0,0.0,0.0,0.0,0.3,1.45
8.0,203.8,6.20,49.8,271,200.4,201.0,200.2,500.0,500.0,0.0,0.0,0.0,0.3,1.45
8.0,203.8,6.20,50.0,272,200.4,201.0,200.2,500.0,500.0,0.0,0.0,0.0,0.3,1.46
7.7,203.9,6.20,49.8,273,200.4,201.1,200.2,500.0,500.0,0.0,0.0,0.0,0.3,1.47
7.5,203.9,6.20,49.8,274,200.4,201.1,200.2,500.0,500.0,0.0,0.0,0.0,0.3,1.47
7.4,203.9,6.20,49.8,275,200.4,201.1,200.1,500.0,500.0,0.0,0.0,0.0,0.3,1.48
7.6,203.9,6.20,49.8,276,200.4,201.1,200.1,500.0,500.0,0.0,0.0,0.0,0.3,1.49
7.7,204.0,6.20,49.8,277,200.4,201.1,200.1,500.0,500.0,0.0,0.0,0.0,0.3,1.49
7.9,204.1,6.20,50.0,278,200.4,201.0,200.1,500.0,500.0,0.0,0.0,0.0,0.3,1.50
8.1,204.1,6.20,50.0,279,200.4,200.8,200.1,500.0,500.0,0.0,0.0,0.0,0.3,1.50
8.2,204.2,6.20,49.8,280,200.4,200.8,200.1,500.0,500.0,0.0,0.0,0.0,0.3,1.51
8.1,204.2,6.20,49.8,281,200.4,200.8,200.1,500.0,500.0,0.0,0.0,0.0,0.3,1.52
8.0,204.2,6.20,49.8,282,200.4,200.8,200.1,500.0,500.0,0.0,0.0,0.0,0.3,1.53
7.9,204.3,6.20,49.8,283,200.4,200.8,200.1,500.0,500.0,0.0,0.0,0.0,0.3,1.53
7.7,204.3,6.20,49.8,284,200.4,200.3,200.1,500.0,500.0,0.0,0.0,0.0,0.3,1.54
7.6,204.3,6.19,50.0,285,200.4,200.3,200.1,500.0,500.0,0.0,0.0,0.0,0.3,1.54
7.6,204.3,6.19,49.8,286,200.4,200.3,200.1,500.0,500.0,0.0,0.0,0.0,0.3,1.55
7.7,204.4,6.20,49.8,287,200.4,200.3,200.1,500.0,500.0,0.0,0.0,0.0,0.3,1.56
7.9,204.4,6.20,49.8,288,200.4,200.1,200.1,500.0,500.0,0.0,0.0,0.0,0.3,1.56
8.2,204.4,6.20,49.8,289,200.4,200.0,200.1,500.0,500.0,0.0,0.0,0.0,0.3,1.57
8.2,204.5,6.20,49.8,290,200.4,200.0,200.1,500.0,500.0,0.0,0.0,0.0,0.3,1.58
8.2,204.5,6.19,50.0,291,200.4,200.0,200.1,500.0,500.0,0.0,0.0,0.0,0.3,1.58
8.1,204.5,6.19,49.8,292,200.4,200.0,200.1,500.0,500.0,0.0,0.0,0.0,0.3,1.59
7.9,204.6,6.20,49.8,293,200.4,200.0,200.1,500.0,500.0,0.0,0.0,0.0,0.3,1.60
7.7,204.6,6.20,49.8,294,200.4,200.0,200.1,500.0,500.0,0.0,0.0,0.0,0.3,1.60
7.7,204.6,6.20,49.8,295,200.4,200.0,200.1,500.0,500.0,0.0,0.0,0.0,0.3,1.61
7.8,204.6,6.20,49.8,296,200.3,200.0,200.1,500.0,500.0,0.0,0.0,0.0,0.3,1.62
7.9,204.6,6.20,50.0,297,200.3,200.0,200.0,500.0,500.0,0.0,0.0,0.0,0.3,1.62
8.1,204.7,6.20,49.8,298,200.3,200.0,200.0,500.0,500.0,0.0,0.0,0.0,0.3,1.63
8.4,204.7,6.19,49.8,299,200.3,200.0,200.0,500.0,500.0,0.0,0.0,0.0,0.3,1.64
8.6,204.8,6.19,49.8,300,200.3,200.0,200.0,500.0,500.0,0.0,0.0,0.0,0.3,1.64
8.4,204.8,6.19,49.8,301,200.3,200.0,200.0,500.0,500.0,0.0,0.0,0.0,0.3,1.65
8.3,204.8,6.20,49.8,302,200.3,200.0,200.0,500.0,500.0,0.0,0.0,0.0,0.3,1.66
8.3,204.8,6.20,49.8,303,200.3,200.0,200.0,500.0,500.0,0.0,0.0,0.0,0.3,1.67
8.1,204.9,6.20,49.8,304,200.3,200.0,200.0,500.0,500.0,0.0,0.0,0.0,0.3,1.67
7.9,204.9,6.20,49.8,305,200.3,200.0,200.0,500.0,500.0,0.0,0.0,0.0,0.3,1.68
8.0,204.9,6.20,49.8,306,200.3,200.0,200.0,500.0,500.0,0.0,0.0,0.0,0.3,1.68
8.1,204.9,6.20,49.8,307,200.3,200.0,200.0,500.0,500.0,0.0,0.0,0.0,0.3,1.69
8.1,204.9,6.20,50.0,308,200.3,200.0,200.0,500.0,500.0,0.0,0.0,0.0,0.3,1.70
8.2,204.9,6.20,50.0,309,200.3,200.1,200.0,500.0,500.0,0.0,0.0,0.0,0.3,1.71
8.2,205.0,6.20,49.8,310,200.3,200.2,200.0,500.0,500.0,0.0,0.0,0.0,0.3,1.71
8.1,205.0,6.20,49.8,311,200.3,200.3,200.0,500.0,500.0,0.0,0.0,0.0,0.3,1.72
8.1,205.0,6.20,49.8,312,200.3,200.5,200.0,500.0,500.0,0.0,0.0,0.0,0.3,1.73
7.9,205.1,6.20,49.8,313,200.3,200.6,200.0,500.0,500.0,0.0,0.0,0.0,0.3,1.73
7.8,205.1,6.20,49.8,314,200.3,200.6,200.0,500.0,500.0,0.0,0.0,0.0,0.3,1.74
7.8,205.1,6.20,49.8,315,200.3,200.6,200.0,500.0,500.0,0.0,0.0,0.0,0.3,1.75
7.8,205.1,6.20,49.8,316,200.3,200.6,200.0,500.0,500.0,0.0,0.0,0.0,0.3,1.75
7.8,205.2,6.20,49.8,317,200.3,200.7,200.0,500.0,500.0,0.0,0.0,0.0,0.3,1.76
7.8,205.2,6.20,49.8,318,200.3,200.9,200.0,500.0,500.0,0.0,0.0,0.0,0.3,1.76
8.0,205.2,6.20,49.8,319,200.3,201.0,200.0,500.0,500.0,0.0,0.0,0.0,0.3,1.77
8.2,205.3,6.20,50.0,320,200.3,201.0,200.0,500.0,500.0,0.0,0.0,0.0,0.3,1.78
8.2,205.3,6.20,50.0,321,200.3,201.0,200.0,500.0,500.0,0.0,0.0,0.0,0.3,1.78
8.3,205.4,6.20,49.8,322,200.3,201.1,200.1,500.0,500.0,0.0,0.0,0.0,0.3,1.79
8.4,205.4,6.20,49.8,323,200.3,201.1,200.2,500.0,500.0,0.0,0.0,0.0,0.3,1.80
8.2,205.5,6.20,49.8,324,200.4,201.1,200.2,500.0,500.0,0.0,0.0,0.0,0.3,1.81
8.0,205.5,6.19,49.8,325,200.4,201.1,200.2,500.0,500.0,0.0,0.0,0.0,0.3,1.81
7.9,205.5,6.20,49.8,326,200.4,201.1,200.2,500.0,500.0,0.0,0.0,0.0,0.3,1.82
7.9,205.5,6.20,49.8,327,200.4,201.1,200.2,500.0,500.0,0.0,0.0,0.0,0.3,1.83
7.8,205.5,6.20,49.8,328,200.4,200.9,200.2,500.0,500.0,0.0,0.0,0.0,0.3,1.83
7.8,205.5,6.20,49.8,329,200.3,200.6,200.1,500.0,500.0,0.0,0.0,0.0,0.3,1.84
8.1,205.5,6.20,49.8,330,200.3,200.5,200.1,500.0,500.0,0.0,0.0,0.0,0.3,1.84
8.3,205.6,6.20,49.8,331,200.3,200.5,200.1,500.0,500.0,0.0,0.0,0.0,0.3,1.85
8.4,205.6,6.20,50.0,332,200.3,200.5,200.1,500.0,500.0,0.0,0.0,0.0,0.3,1.86
8.3,205.7,6.20,49.8,333,200.3,200.5,200.1,500.0,500.0,0.0,0.0,0.0,0.3,1.87
8.2,205.8,6.19,49.8,334,200.3,200.5,200.1,500.0,500.0,0.0,0.0,0.0,0.3,1.87
8.2,205.8,6.19,49.8,335,200.4,200.3,200.2,500.0,500.0,0.0,0.0,0.0,0.3,1.88
8.1,205.8,6.20,49.8,336,200.4,200.1,200.2,500.0,500.0,0.0,0.0,0.0,0.3,1.89
8.0,205.8,6.19,49.8,337,200.4,200.0,200.2,500.0,500.0,0.0,0.0,0.0,0.3,1.89
8.1,205.8,6.19,50.0,338,200.4,200.0,200.2,500.0,500.0,0.0,0.0,0.0,0.3,1.90
8.1,205.8,6.19,49.8,339,200.4,200.0,200.2,500.0,500.0,0.0,0.0,0.0,0.3,1.91
8.2,205.9,6.19,49.8,340,200.4,200.0,200.2,500.0,500.0,0.0,0.0,0.0,0.3,1.91
8.1,205.9,6.19,49.8,341,200.4,200.0,200.2,500.0,500.0,0.0,0.0,0.0,0.3,1.92
8.2,205.9,6.19,49.8,342,200.4,200.0,200.3,500.0,500.0,0.0,0.0,0.0,0.3,1.93
8.2,206.0,6.20,49.8,343,200.4,200.0,200.3,500.0,500.0,0.0,0.0,0.0,0.3,1.93
8.2,206.0,6.20,50.0,344,200.4,200.0,200.3,500.0,500.0,0.0,0.0,0.0,0.3,1.94
8.1,206.0,6.19,49.8,345,200.4,200.0,200.3,500.0,500.0,0.0,0.0,0.0,0.3,1.95
8.1,206.1,6.20,49.8,346,200.4,200.0,200.3,500.0,500.0,0.0,0.0,0.0,0.3,1.95
8.2,206.1,6.20,49.8,347,200.4,200.0,200.3,500.0,500.0,0.0,0.0,0.0,0.3,1.96
8.1,206.1,6.20,49.8,348,200.4,200.0,200.3,500.0,500.0,0.0,0.0,0.0,0.3,1.97
8.1,206.1,6.20,49.8,349,200.4,200.0,200.3,500.0,500.0,0.0,0.0,0.0,0.3,1.97
8.0,206.1,6.20,50.0,350,200.4,200.0,200.3,500.0,500.0,0.0,0.0,0.0,0.3,1.98
8.1,206.1,6.20,50.0,351,200.4,200.0,200.3,500.0,500.0,0.0,0.0,0.0,0.3,1.99
8.2,206.1,6.20,49.8,352,200.4,200.0,200.3,500.0,500.0,0.0,0.0,0.0,0.3,1.99
8.4,206.1,6.19,49.8,353,200.4,200.0,200.3,500.0,500.0,0.0,0.0,0.0,0.3,2.00
8.4,206.2,6.20,49.8,354,200.4,200.1,200.3,500.0,500.0,0.0,0.0,0.0,0.3,2.01
8.6,206.2,6.20,49.8,355,200.4,200.3,200.3,500.0,500.0,0.0,0.0,0.0,0.3,2.02
8.5,206.2,6.20,49.8,356,200.4,200.4,200.3,500.0,500.0,0.0,0.0,0.0,0.3,2.02
8.4,206.3,6.20,49.8,357,200.4,200.5,200.3,500.0,500.0,0.0,0.0,0.0,0.3,2.03
8.3,206.3,6.20,49.8,358,200.4,200.5,200.3,500.0,500.0,0.0,0.0,0.0,0.3,2.04
8.2,206.3,6.20,49.8,359,200.4,200.5,200.3,500.0,500.0,0.0,0.0,0.0,0.3,2.04
8.1,206.3,6.19,49.8,360,200.4,200.8,200.3,500.0,500.0,0.0,0.0,0.0,0.3,2.05
8.1,206.3,6.19,49.8,361,200.4,200.9,200.3,500.0,500.0,0.0,0.0,0.0,0.3,2.06
8.2,206.3,6.20,50.0,362,200.4,200.9,200.3,500.0,500.0,0.0,0.0,0.0,0.3,2.06
8.2,206.3,6.20,50.0,363,200.3,200.9,200.3,500.0,500.0,0.0,0.0,0.0,0.3,2.07
8.2,206.4,6.20,49.8,364,200.3,201.0,200.3,500.0,500.0,0.0,0.0,0.0,0.3,2.08
8.2,206.4,6.20,49.8,365,200.3,201.1,200.3,500.0,500.0,0.0,0.0,0.0,0.3,2.08
8.3,206.4,6.20,49.8,366,200.3,201.1,200.3,500.0,500.0,0.0,0.0,0.0,0.3,2.09
8.3,206.4,6.20,49.8,367,200.3,201.1,200.3,500.0,500.0,0.0,0.0,0.0,0.3,2.10
8.2,206.5,6.19,49.8,368,200.3,201.1,200.3,500.0,500.0,0.0,0.0,0.0,0.3,2.10
8.4,206.5,6.19,50.0,369,200.3,201.2,200.3,500.0,500.0,0.0,0.0,0.0,0.3,2.11
8.3,206.5,6.19,49.8,370,200.3,201.2,200.3,500.0,500.0,0.0,0.0,0.0,0.3,2.12
8.2,206.5,6.20,49.8,371,200.3,201.2,200.3,500.0,500.0,0.0,0.0,0.0,0.3,2.12
8.1,206.5,6.20,49.8,372,200.3,201.2,200.3,500.0,500.0,0.0,0.0,0.0,0.3,2.13
7.9,206.6,6.20,49.8,373,200.3,201.1,200.3,500.0,500.0,0.0,0.0,0.0,0.3,2.14
7.9,206.6,6.20,49.8,374,200.3,200.9,200.3,500.0,500.0,0.0,0.0,0.0,0.3,2.14
7.9,206.6,6.20,50.0,375,200.3,200.8,200.3,500.0,500.0,0.0,0.0,0.0,0.3,2.15
8.0,206.6,6.20,49.8,376,200.3,200.8,200.3,500.0,500.0,0.0,0.0,0.0,0.3,2.16
8.2,206.7,6.20,49.8,377,200.3,200.8,200.2,500.0,500.0,0.0,0.0,0.0,0.3,2.16
8.4,206.7,6.20,49.8,378,200.3,200.8,200.2,500.0,500.0,0.0,0.0,0.0,0.3,2.17
8.5,206.7,6.20,49.8,379,200.3,200.6,200.2,500.0,500.0,0.0,0.0,0.0,0.3,2.18
8.6,206.7,6.20,49.8,380,200.3,200.6,200.2,500.0,500.0,0.0,0.0,0.0,0.3,2.19
8.5,206.7,6.20,50.0,381,200.3,200.3,200.2,500.0,500.0,0.0,0.0,0.0,0.3,2.19
8.5,206.7,6.20,50.0,382,200.2,200.1,200.2,500.0,500.0,0.0,0.0,0.0,0.3,2.20
8.5,206.7,6.20,49.8,383,200.2,200.1,200.2,500.0,500.0,0.0,0.0,0.0,0.3,2.21
8.4,206.8,6.20,49.8,384,200.2,200.1,200.2,500.0,500.0,0.0,0.0,0.0,0.3,2.21
8.3,206.8,6.20,49.8,385,200.2,200.1,200.2,500.0,500.0,0.0,0.0,0.0,0.3,2.22
8.4,206.8,6.20,49.8,386,200.2,200.0,200.2,500.0,500.0,0.0,0.0,0.0,0.3,2.23
8.4,206.8,6.20,49.8,387,200.2,200.0,200.2,500.0,500.0,0.0,0.0,0.0,0.3,2.23
8.4,206.9,6.20,50.0,388,200.2,200.0,200.2,500.0,500.0,0.0,0.0,0.0,0.3,2.24
8.4,206.9,6.20,50.0,389,200.2,200.0,200.2,500.0,500.0,0.0,0.0,0.0,0.3,2.25
8.3,206.9,6.20,50.0,390,200.2,200.0,200.2,500.0,500.0,0.0,0.0,0.0,0.3,2.26
8.3,206.9,6.20,50.0,391,200.2,200.0,200.2,500.0,500.0,0.0,0.0,0.0,0.3,2.26
8.3,206.9,6.19,50.0,392,200.2,200.0,200.1,500.0,500.0,0.0,0.0,0.0,0.3,2.27
8.4,206.9,6.19,50.0,393,200.2,200.0,200.1,500.0,500.0,0.0,0.0,0.0,0.3,2.28
8.2,206.9,6.19,50.0,394,200.2,200.0,200.1,500.0,500.0,0.0,0.0,0.0,0.3,2.28
8.2,206.9,6.19,49.8,395,200.2,200.0,200.1,500.0,500.0,0.0,0.0,0.0,0.3,2.29
8.2,206.9,6.19,49.8,396,200.2,200.0,200.1,500.0,500.0,0.0,0.0,0.0,0.3,2.30
8.2,207.0,6.20,49.8,397,200.2,200.0,200.1,500.0,500.0,0.0,0.0,0.0,0.3,2.30
8.2,207.0,6.20,49.8,398,200.2,200.0,200.1,500.0,500.0,0.0,0.0,0.0,0.3,2.31
8.3,207.0,6.20,49.8,399,200.2,200.0,200.1,500.0,500.0,0.0,0.0,0.0,0.3,2.32
8.5,207.0,6.20,50.0,400,200.2,200.0,200.1,500.0,500.0,0.0,0.0,0.0,0.3,2.32
8.6,207.0,6.20,49.8,401,200.2,200.0,200.1,500.0,500.0,0.0,0.0,0.0,0.3,2.33
8.6,207.0,6.20,49.8,402,200.2,200.3,200.0,500.0,500.0,0.0,0.0,0.0,0.3,2.34
8.5,207.0,6.20,49.8,403,200.2,200.4,200.0,500.0,500.0,0.0,0.0,0.0,0.3,2.35
8.5,207.0,6.20,49.8,404,200.2,200.5,200.0,500.0,500.0,0.0,0.0,0.0,0.3,2.35
8.5,207.0,6.20,49.8,405,200.2,200.6,200.0,500.0,500.0,0.0,0.0,0.0,0.3,2.36
8.5,207.1,6.20,50.0,406,200.2,200.6,200.0,500.0,500.0,0.0,0.0,0.0,0.3,2.37
8.5,207.2,6.20,49.8,407,200.2,200.6,200.0,500.0,500.0,0.0,0.0,0.0,0.3,2.37
8.6,207.2,6.20,49.8,408,200.2,200.8,200.0,500.0,500.0,0.0,0.0,0.0,0.3,2.38
8.6,207.2,6.20,49.8,409,200.3,201.0,200.1,500.0,500.0,0.0,0.0,0.0,0.3,2.39
8.8,207.2,6.20,49.8,410,200.3,201.1,200.1,500.0,500.0,0.0,0.0,0.0,0.3,2.40
8.8,207.2,6.20,49.8,411,200.3,201.1,200.1,500.0,500.0,0.0,0.0,0.0,0.3,2.40
8.8,207.2,6.20,50.0,412,200.3,201.1,200.1,500.0,500.0,0.0,0.0,0.0,0.3,2.41
8.7,207.2,6.20,49.8,413,200.3,201.1,200.1,500.0,500.0,0.0,0.0,0.0,0.3,2.42
8.6,207.3,6.20,49.8,414,200.3,201.2,200.1,500.0,500.0,0.0,0.0,0.0,0.3,2.42
8.6,207.3,6.20,49.8,415,200.3,201.2,200.1,500.0,500.0,0.0,0.0,0.0,0.3,2.43
8.5,207.3,6.20,49.8,416,200.3,201.2,200.1,500.0,500.0,0.0,0.0,0.0,0.3,2.44
8.4,207.3,6.20,49.8,417,200.3,201.2,200.1,500.0,500.0,0.0,0.0,0.0,0.3,2.45
8.4,207.3,6.20,50.0,418,200.3,201.2,200.1,500.0,500.0,0.0,0.0,0.0,0.3,2.45
8.5,207.3,6.20,49.8,419,200.3,201.1,200.1,500.0,500.0,0.0,0.0,0.0,0.3,2.46
8.5,207.3,6.19,49.8,420,200.3,201.0,200.1,500.0,500.0,0.0,0.0,0.0,0.3,2.47
8.6,207.3,6.19,49.8,421,200.3,201.0,200.1,500.0,500.0,0.0,0.0,0.0,0.3,2.47
8.8,207.4,6.19,49.8,422,200.3,201.0,200.1,500.0,500.0,0.0,0.0,0.0,0.3,2.48
8.9,207.4,6.20,49.6,423,200.3,200.6,200.1,500.0,500.0,0.0,0.0,0.0,0.3,2.49
8.7,207.4,6.19,49.8,424,200.3,200.5,200.1,500.0,500.0,0.0,0.0,0.0,0.3,2.50
8.7,207.5,6.19,49.8,425,200.3,200.5,200.1,500.0,500.0,0.0,0.0,0.0,0.3,2.50
8.5,207.5,6.20,49.8,426,200.3,200.5,200.1,500.0,500.0,0.0,0.0,0.0,0.3,2.51
8.4,207.5,6.19,49.8,427,200.3,200.5,200.1,500.0,500.0,0.0,0.0,0.0,0.3,2.52
8.2,207.5,6.19,50.0,428,200.3,200.3,200.1,500.0,500.0,0.0,0.0,0.0,0.3,2.52
8.4,207.5,6.20,50.0,429,200.2,200.0,200.1,500.0,500.0,0.0,0.0,0.0,0.3,2.53
8.5,207.5,6.20,50.0,430,200.2,200.0,200.1,500.0,500.0,0.0,0.0,0.0,0.3,2.54
8.7,207.5,6.20,49.8,431,200.2,200.0,200.1,500.0,500.0,0.0,0.0,0.0,0.3,2.55
8.9,207.5,6.20,49.8,432,200.2,200.0,200.1,500.0,500.0,0.0,0.0,0.0,0.3,2.55
8.9,207.5,6.20,49.8,433,200.2,200.0,200.1,500.0,500.0,0.0,0.0,0.0,0.3,2.56
8.7,207.5,6.19,49.8,434,200.2,200.0,200.1,500.0,500.0,0.0,0.0,0.0,0.3,2.57
8.7,207.5,6.19,49.6,435,200.2,200.0,200.1,500.0,500.0,0.0,0.0,0.0,0.3,2.57
8.7,207.5,6.19,49.8,436,200.2,200.0,200.1,500.0,500.0,0.0,0.0,0.0,0.3,2.58
8.5,207.5,6.19,49.8,437,200.2,200.0,200.1,500.0,500.0,0.0,0.0,0.0,0.3,2.59
8.5,207.6,6.19,49.8,438,200.2,200.0,200.1,500.0,500.0,0.0,0.0,0.0,0.3,2.60
8.4,207.6,6.20,49.8,439,200.2,200.0,200.1,500.0,500.0,0.0,0.0,0.0,0.3,2.60
8.3,207.6,6.20,50.0,440,200.2,200.0,200.1,500.0,500.0,0.0,0.0,0.0,0.3,2.61
8.4,207.6,6.20,50.0,441,200.2,200.0,200.1,500.0,500.0,0.0,0.0,0.0,0.3,2.62
8.4,207.6,6.20,50.0,442,200.2,200.0,200.1,500.0,500.0,0.0,0.0,0.0,0.3,2.62
8.5,207.6,6.20,49.8,443,200.2,200.0,200.1,500.0,500.0,0.0,0.0,0.0,0.3,2.63
8.8,207.7,6.20,49.8,444,200.2,200.1,200.1,500.0,500.0,0.0,0.0,0.0,0.3,2.64
8.8,207.8,6.20,49.8,445,200.2,200.3,200.1,500.0,500.0,0.0,0.0,0.0,0.3,2.65
8.7,207.8,6.20,49.8,446,200.2,200.4,200.1,500.0,500.0,0.0,0.0,0.0,0.3,2.65
8.7,207.8,6.20,49.8,447,200.2,200.5,200.2,500.0,500.0,0.0,0.0,0.0,0.3,2.66
8.7,207.8,6.20,49.8,448,200.2,200.6,200.2,500.0,500.0,0.0,0.0,0.0,0.3,2.67
8.5,207.8,6.20,49.8,449,200.2,200.7,200.2,500.0,500.0,0.0,0.0,0.0,0.3,2.67
8.5,207.8,6.20,49.8,450,200.2,200.8,200.2,500.0,500.0,0.0,0.0,0.0,0.3,2.68
8.5,207.8,6.20,49.8,451,200.2,200.8,200.2,500.0,500.0,0.0,0.0,0.0,0.3,2.69
8.7,207.9,6.19,49.8,452,200.2,200.8,200.2,500.0,500.0,0.0,0.0,0.0,0.3,2.70
8.8,207.9,6.19,50.0,453,200.2,200.8,200.2,500.0,500.0,0.0,0.0,0.0,0.3,2.70
9.0,207.9,6.20,49.8,454,200.2,201.0,200.2,500.0,500.0,0.0,0.0,0.0,0.3,2.71
9.0,207.9,6.20,49.8,455,200.2,201.2,200.2,500.0,500.0,0.0,0.0,0.0,0.3,2.72
9.0,207.9,6.19,49.8,456,200.2,201.3,200.2,500.0,500.0,0.0,0.0,0.0,0.3,2.73
8.9,207.9,6.20,49.8,457,200.2,201.3,200.2,500.0,500.0,0.0,0.0,0.0,0.3,2.73
8.8,207.9,6.20,49.8,458,200.2,201.3,200.2,500.0,500.0,0.0,0.0,0.0,0.3,2.74
8.7,207.9,6.20,50.0,459,200.2,201.3,200.2,500.0,500.0,0.0,0.0,0.0,0.3,2.75
8.7,207.9,6.20,49.8,460,200.2,201.3,200.2,500.0,500.0,0.0,0.0,0.0,0.3,2.75
8.8,207.9,6.20,49.8,461,200.2,201.4,200.2,500.0,500.0,0.0,0.0,0.0,0.3,2.76
8.7,207.9,6.20,49.8,462,200.2,201.4,200.2,500.0,500.0,0.0,0.0,0.0,0.3,2.77
8.8,207.9,6.20,49.8,463,200.2,201.4,200.2,500.0,500.0,0.0,0.0,0.0,0.3,2.78
8.9,207.9,6.20,49.8,464,200.2,201.3,200.2,500.0,500.0,0.0,0.0,0.0,0.3,2.78
8.8,208.0,6.20,49.8,465,200.1,201.2,200.2,500.0,500.0,0.0,0.0,0.0,0.3,2.79
8.8,208.0,6.20,49.8,466,200.1,201.2,200.2,500.0,500.0,0.0,0.0,0.0,0.3,2.80
8.8,208.0,6.20,49.8,467,200.1,201.2,200.2,500.0,500.0,0.0,0.0,0.0,0.3,2.81
8.7,208.0,6.20,49.8,468,200.1,201.0,200.2,500.0,500.0,0.0,0.0,0.0,0.3,2.81
8.7,208.0,6.20,49.8,469,200.1,200.8,200.2,500.0,500.0,0.0,0.0,0.0,0.3,2.82
8.7,208.0,6.20,50.0,470,200.1,200.8,200.2,500.0,500.0,0.0,0.0,0.0,0.3,2.83
8.5,208.0,6.20,50.0,471,200.1,200.8,200.2,500.0,500.0,0.0,0.0,0.0,0.3,2.83
8.4,208.0,6.20,49.8,472,200.1,200.8,200.2,500.0,500.0,0.0,0.0,0.0,0.3,2.84
8.5,208.0,6.20,49.8,473,200.1,200.6,200.2,500.0,500.0,0.0,0.0,0.0,0.3,2.85
8.4,208.1,6.20,49.8,474,200.1,200.4,200.2,500.0,500.0,0.0,0.0,0.0,0.3,2.86
8.4,208.1,6.19,49.8,475,200.1,200.2,200.2,500.0,500.0,0.0,0.0,0.0,0.3,2.86
8.6,208.1,6.19,49.8,476,200.1,200.1,200.2,500.0,500.0,0.0,0.0,0.0,0.3,2.87
8.7,208.1,6.19,49.8,477,200.1,200.1,200.2,500.0,500.0,0.0,0.0,0.0,0.3,2.88
8.8,208.1,6.19,49.8,478,200.1,200.1,200.2,500.0,500.0,0.0,0.0,0.0,0.3,2.88
8.9,208.1,6.19,49.8,479,200.1,200.1,200.2,500.0,500.0,0.0,0.0,0.0,0.3,2.89
8.9,208.1,6.19,49.8,480,200.1,200.0,200.2,500.0,500.0,0.0,0.0,0.0,0.3,2.90
8.8,208.2,6.19,49.8,481,200.1,200.0,200.2,500.0,500.0,0.0,0.0,0.0,0.3,2.91
8.8,208.2,6.20,50.0,482,200.1,200.0,200.2,500.0,500.0,0.0,0.0,0.0,0.3,2.91
8.7,208.2,6.20,50.0,483,200.0,200.0,200.2,500.0,500.0,0.0,0.0,0.0,0.3,2.92
8.7,208.2,6.20,49.8,484,200.0,200.0,200.1,500.0,500.0,0.0,0.0,0.0,0.3,2.93
9.0,208.2,6.20,49.8,485,200.0,200.0,200.1,500.0,500.0,0.0,0.0,0.0,0.3,2.94
9.3,208.2,6.20,49.8,486,200.0,200.0,200.1,500.0,500.0,0.0,0.0,0.0,0.3,2.94
9.2,208.2,6.20,49.8,487,200.0,200.0,200.1,500.0,500.0,0.0,0.0,0.0,0.3,2.95
9.3,208.2,6.19,49.8,488,200.0,200.0,200.1,500.0,500.0,0.0,0.0,0.0,0.3,2.96
9.3,208.2,6.19,49.8,489,200.0,200.0,200.1,500.0,500.0,0.0,0.0,0.0,0.3,2.97
9.1,208.2,6.19,49.8,490,200.0,200.0,200.1,500.0,500.0,0.0,0.0,0.0,0.3,2.97
9.0,208.2,6.20,49.8,491,200.0,200.2,200.1,500.0,500.0,0.0,0.0,0.0,0.3,2.98
9.1,208.2,6.19,49.8,492,200.0,200.3,200.1,500.0,500.0,0.0,0.0,0.0,0.3,2.99
9.0,208.2,6.20,49.8,493,200.0,200.4,200.1,500.0,500.0,0.0,0.0,0.0,0.3,3.00
9.1,208.2,6.20,50.0,494,200.0,200.4,200.1,500.0,500.0,0.0,0.0,0.0,0.3,3.00
9.1,208.2,6.20,50.0,495,200.0,200.4,200.1,500.0,500.0,0.0,0.0,0.0,0.3,3.01
9.1,208.2,6.20,49.8,496,200.0,200.5,200.1,500.0,500.0,0.0,0.0,0.0,0.3,3.02
9.0,208.2,6.20,49.8,497,200.0,200.7,200.1,500.0,500.0,0.0,0.0,0.0,0.3,3.03
9.0,208.3,6.20,49.8,498,200.0,200.8,200.1,500.0,500.0,0.0,0.0,0.0,0.3,3.03
9.0,208.3,6.20,49.8,499,200.0,200.9,200.1,500.0,500.0,0.0,0.0,0.0,0.3,3.04
8.9,208.3,6.20,49.8,500,200.0,200.9,200.1,500.0,500.0,0.0,0.0,0.0,0.3,3.05
8.8,208.3,6.20,50.0,501,200.0,201.0,200.0,500.0,500.0,0.0,0.0,0.0,0.3,3.06
8.9,208.3,6.20,50.0,502,200.0,201.2,200.0,500.0,500.0,0.0,0.0,0.0,0.3,3.06
8.9,208.2,6.19,50.0,503,200.0,201.2,200.0,500.0,500.0,0.0,0.0,0.0,0.3,3.07
8.8,208.2,6.19,50.0,504,200.0,201.2,200.0,500.0,500.0,0.0,0.0,0.0,0.3,3.08
8.9,208.3,6.20,50.0,505,200.0,201.2,200.0,500.0,500.0,0.0,0.0,0.0,0.3,3.09
9.0,208.3,6.20,49.8,506,200.0,201.3,200.0,500.0,500.0,0.0,0.0,0.0,0.3,3.09
9.0,208.3,6.20,49.6,507,200.0,201.3,200.0,500.0,500.0,0.0,0.0,0.0,0.3,3.10
9.0,208.3,6.20,49.4,508,200.0,201.3,200.0,500.0,500.0,0.0,0.0,0.0,0.3,3.11
9.2,208.3,6.20,49.4,509,200.0,201.3,200.0,500.0,500.0,0.0,0.0,0.0,0.3,3.12
9.2,208.3,6.20,49.4,510,200.0,201.2,200.0,500.0,500.0,0.0,0.0,0.0,0.3,3.12
9.2,208.3,6.20,49.6,511,200.0,201.1,200.0,500.0,500.0,0.0,0.0,0.0,0.3,3.13
9.3,208.3,6.20,49.8,512,200.0,201.1,200.0,500.0,500.0,0.0,0.0,0.0,0.3,3.14
9.3,208.4,6.20,50.0,513,200.0,201.1,200.0,500.0,500.0,0.0,0.0,0.0,0.3,3.15
9.3,208.4,6.20,49.8,514,200.0,200.9,200.0,500.0,500.0,0.0,0.0,0.0,0.3,3.15
9.3,208.5,6.20,49.8,515,200.0,200.8,200.0,500.0,500.0,0.0,0.0,0.0,0.3,3.16
9.3,208.5,6.20,49.8,516,200.0,200.8,200.0,500.0,500.0,0.0,0.0,0.0,0.3,3.17
9.2,208.5,6.20,49.8,517,200.0,200.8,200.0,500.0,500.0,0.0,0.0,0.0,0.3,3.18
9.0,208.5,6.20,49.6,518,200.0,200.8,200.0,500.0,500.0,0.0,0.0,0.0,0.3,3.18
9.0,208.5,6.20,49.8,519,200.0,200.6,200.0,500.0,500.0,0.0,0.0,0.0,0.3,3.19
9.0,208.5,6.20,49.8,520,200.0,200.3,200.1,500.0,500.0,0.0,0.0,0.0,0.3,3.20
9.0,208.5,6.20,49.8,521,200.0,200.2,200.1,500.0,500.0,0.0,0.0,0.0,0.3,3.21
9.1,208.5,6.20,49.8,522,200.0,200.2,200.1,500.0,500.0,0.0,0.0,0.0,0.3,3.21
9.1,208.5,6.20,50.0,523,200.0,200.2,200.1,500.0,500.0,0.0,0.0,0.0,0.3,3.22
9.2,208.5,6.20,49.8,524,200.0,200.0,200.1,500.0,500.0,0.0,0.0,0.0,0.3,3.23
9.2,208.5,6.20,49.8,525,200.0,200.0,200.1,500.0,500.0,0.0,0.0,0.0,0.3,3.24
9.2,208.5,6.20,49.8,526,200.0,200.0,200.1,500.0,500.0,0.0,0.0,0.0,0.3,3.24
9.1,208.5,6.20,49.8,527,200.0,200.0,200.1,500.0,500.0,0.0,0.0,0.0,0.3,3.25
9.1,208.5,6.20,49.8,528,200.0,200.0,200.1,500.0,500.0,0.0,0.0,0.0,0.3,3.26
9.1,208.6,6.20,50.0,529,200.0,200.0,200.1,500.0,500.0,0.0,0.0,0.0,0.3,3.27
9.1,208.6,6.20,49.8,530,200.0,200.0,200.1,500.0,500.0,0.0,0.0,0.0,0.3,3.28
9.1,208.6,6.20,49.8,531,200.0,200.0,200.1,500.0,500.0,0.0,0.0,0.0,0.3,3.28
9.2,208.6,6.19,49.8,532,200.0,200.0,200.1,500.0,500.0,0.0,0.0,0.0,0.3,3.29
9.4,208.6,6.19,49.8,533,200.0,200.0,200.1,500.0,500.0,0.0,0.0,0.0,0.3,3.30
9.4,208.6,6.19,49.8,534,200.0,200.0,200.1,500.0,500.0,0.0,0.0,0.0,0.3,3.31
9.3,208.6,6.19,50.0,535,200.0,200.0,200.1,500.0,500.0,0.0,0.0,0.0,0.3,3.31
9.2,208.6,6.19,49.8,536,200.0,200.0,200.1,500.0,500.0,0.0,0.0,0.0,0.3,3.32
9.2,208.6,6.19,49.8,537,200.0,200.0,200.1,500.0,500.0,0.0,0.0,0.0,0.3,3.33
9.2,208.6,6.19,49.8,538,200.0,200.0,200.1,500.0,500.0,0.0,0.0,0.0,0.3,3.34
9.2,208.6,6.20,49.8,539,200.0,200.0,200.1,500.0,500.0,0.0,0.0,0.0,0.3,3.34
9.1,208.6,6.20,49.8,540,200.0,200.0,200.1,500.0,500.0,0.0,0.0,0.0,0.3,3.35
9.1,208.6,6.20,50.0,541,200.0,200.0,200.1,500.0,500.0,0.0,0.0,0.0,0.3,3.36
9.2,208.6,6.20,49.8,542,200.0,200.0,200.1,500.0,500.0,0.0,0.0,0.0,0.3,3.37
9.3,208.6,6.20,49.8,543,200.0,200.0,200.1,500.0,500.0,0.0,0.0,0.0,0.3,3.37
9.4,208.6,6.20,49.8,544,200.0,200.1,200.1,500.0,500.0,0.0,0.0,0.0,0.3,3.38
9.4,208.6,6.20,49.8,545,200.0,200.1,200.1,500.0,500.0,0.0,0.0,0.0,0.3,3.39
9.5,208.6,6.19,49.8,546,200.0,200.1,200.1,500.0,500.0,0.0,0.0,0.0,0.3,3.40
9.5,208.6,6.19,50.0,547,200.0,200.3,200.1,500.0,500.0,0.0,0.0,0.0,0.3,3.41
9.5,208.7,6.19,49.8,548,200.0,200.5,200.1,500.0,500.0,0.0,0.0,0.0,0.3,3.41
9.4,208.8,6.20,49.8,549,200.0,200.5,200.1,500.0,500.0,0.0,0.0,0.0,0.3,3.42
9.5,208.8,6.20,49.8,550,200.0,200.6,200.1,500.0,500.0,0.0,0.0,0.0,0.3,3.43
9.4,208.8,6.20,49.8,551,200.0,200.7,200.1,500.0,500.0,0.0,0.0,0.0,0.3,3.44
9.4,208.8,6.20,49.8,552,200.0,200.8,200.2,500.0,500.0,0.0,0.0,0.0,0.3,3.45
9.3,208.8,6.20,50.0,553,200.0,200.8,200.2,500.0,500.0,0.0,0.0,0.0,0.3,3.45
9.3,208.8,6.20,49.8,554,200.0,200.8,200.2,500.0,500.0,0.0,0.0,0.0,0.3,3.46
9.5,208.8,6.20,49.8,555,200.0,200.9,200.2,500.0,500.0,0.0,0.0,0.0,0.3,3.47
9.6,208.8,6.20,49.8,556,200.0,201.0,200.2,500.0,500.0,0.0,0.0,0.0,0.3,3.48
9.5,208.7,6.20,49.8,557,200.0,201.0,200.2,500.0,500.0,0.0,0.0,0.0,0.3,3.48
9.4,208.7,6.20,49.8,558,200.0,201.0,200.2,500.0,500.0,0.0,0.0,0.0,0.3,3.49
9.3,208.8,6.20,49.8,559,200.0,201.0,200.2,500.0,500.0,0.0,0.0,0.0,0.3,3.50
9.2,208.8,6.20,49.8,560,200.0,201.0,200.2,500.0,500.0,0.0,0.0,0.0,0.3,3.51
9.2,208.8,6.20,49.8,561,200.0,201.0,200.2,500.0,500.0,0.0,0.0,0.0,0.3,3.52
9.3,208.8,6.20,49.8,562,200.0,200.9,200.2,500.0,500.0,0.0,0.0,0.0,0.3,3.52
9.4,208.8,6.20,49.8,563,200.0,200.8,200.2,500.0,500.0,0.0,0.0,0.0,0.3,3.53
9.5,208.8,6.20,50.0,564,200.0,200.8,200.2,500.0,500.0,0.0,0.0,0.0,0.3,3.54
9.6,208.8,6.20,50.0,565,200.0,200.8,200.2,500.0,500.0,0.0,0.0,0.0,0.3,3.55
9.5,208.8,6.20,49.8,566,200.0,200.6,200.2,500.0,500.0,0.0,0.0,0.0,0.3,3.55
9.4,208.8,6.20,49.8,567,200.0,200.5,200.2,500.0,500.0,0.0,0.0,0.0,0.3,3.56
9.4,208.8,6.20,49.8,568,200.0,200.5,200.2,500.0,500.0,0.0,0.0,0.0,0.3,3.57
9.4,208.9,6.20,49.8,569,200.0,200.5,200.2,500.0,500.0,0.0,0.0,0.0,0.3,3.58
9.2,208.9,6.20,49.8,570,200.0,200.3,200.2,500.0,500.0,0.0,0.0,0.0,0.3,3.59
9.1,208.9,6.20,50.0,571,200.0,200.1,200.2,500.0,500.0,0.0,0.0,0.0,0.3,3.59
9.1,208.9,6.20,49.8,572,200.0,200.1,200.2,500.0,500.0,0.0,0.0,0.0,0.3,3.60
9.0,208.9,6.20,49.8,573,200.0,200.1,200.2,500.0,500.0,0.0,0.0,0.0,0.3,3.61
9.0,208.9,6.20,49.8,574,200.0,200.1,200.2,500.0,500.0,0.0,0.0,0.0,0.3,3.62
9.2,208.9,6.20,49.8,575,200.0,200.0,200.2,500.0,500.0,0.0,0.0,0.0,0.3,3.62
9.4,208.9,6.20,49.6,576,200.0,200.0,200.2,500.0,500.0,0.0,0.0,0.0,0.3,3.63
9.5,208.9,6.20,49.8,577,200.0,200.0,200.2,500.0,500.0,0.0,0.0,0.0,0.3,3.64
9.6,208.9,6.20,49.6,578,200.0,200.0,200.2,500.0,500.0,0.0,0.0,0.0,0.3,3.65
9.6,208.9,6.20,49.6,579,200.0,200.0,200.2,500.0,500.0,0.0,0.0,0.0,0.3,3.65
9.4,208.9,6.20,49.6,580,200.0,200.0,200.2,500.0,500.0,0.0,0.0,0.0,0.3,3.66
9.5,208.9,6.20,49.8,581,200.0,200.0,200.2,500.0,500.0,0.0,0.0,0.0,0.3,3.67
9.5,209.0,6.20,49.8,582,200.0,200.0,200.2,500.0,500.0,0.0,0.0,0.0,0.3,3.68
9.5,209.0,6.20,50.0,583,200.0,200.0,200.2,500.0,500.0,0.0,0.0,0.0,0.3,3.69
9.6,209.0,6.20,49.8,584,200.0,200.0,200.2,500.0,500.0,0.0,0.0,0.0,0.3,3.69
9.9,209.0,6.20,49.8,585,200.0,200.1,200.2,500.0,500.0,0.0,0.0,0.0,0.3,3.70
10.0,209.0,6.20,49.8,586,200.0,200.1,200.2,500.0,500.0,0.0,0.0,0.0,0.3,3.71
10.0,209.0,6.20,49.8,587,200.0,200.2,200.2,500.0,500.0,0.0,0.0,0.0,0.3,3.72
9.9,208.9,6.20,49.6,588,200.0,200.2,200.2,500.0,500.0,0.0,0.0,0.0,0.3,3.73
10.1,208.9,6.20,49.8,589,200.0,200.2,200.2,500.0,500.0,0.0,0.0,0.0,0.3,3.74
10.1,208.9,6.20,49.8,590,200.0,200.4,200.1,500.0,500.0,0.0,0.0,0.0,0.3,3.74
10.0,208.9,6.20,49.8,591,200.0,200.6,200.1,500.0,500.0,0.0,0.0,0.0,0.3,3.75
10.0,208.9,6.20,49.8,592,200.0,200.7,200.1,500.0,500.0,0.0,0.0,0.0,0.3,3.76
9.9,209.0,6.20,50.0,593,200.0,200.7,200.1,500.0,500.0,0.0,0.0,0.0,0.3,3.77
9.6,209.0,6.20,50.0,594,200.0,200.7,200.1,500.0,500.0,0.0,0.0,0.0,0.3,3.78
9.6,209.0,6.20,50.0,595,200.0,200.9,200.1,500.0,500.0,0.0,0.0,0.0,0.3,3.78
9.7,209.0,6.20,49.8,596,200.0,201.1,200.1,500.0,500.0,0.0,0.0,0.0,0.3,3.79
9.6,209.0,6.20,49.8,597,200.0,201.1,200.1,500.0,500.0,0.0,0.0,0.0,0.4,3.80
9.8,209.0,6.20,49.8,598,200.0,201.1,200.1,500.0,500.0,0.0,0.0,0.0,0.4,3.81
10.2,209.0,6.20,49.8,599,200.0,201.2,200.1,500.0,500.0,0.0,0.0,0.0,0.4,3.82
