扭矩,料温,压力,转速,时间,温度1,温度2,温度3,温度4,温度5,温度6,温度7,温度8,顶栓,能量
1.6,187.1,6.19,1.4,0,189.5,190.4,189.9,500.0,500.0,0.0,0.0,0.0,0.3,0.00
1.6,187.2,6.19,8.6,1,189.5,190.4,189.9,500.0,500.0,0.0,0.0,0.0,0.3,0.00
1.6,187.3,6.19,20.4,2,189.5,190.2,189.9,500.0,500.0,0.0,0.0,0.0,0.3,0.00
1.5,187.3,6.19,32.2,3,189.5,190.1,189.9,500.0,500.0,0.0,0.0,0.0,0.3,0.00
1.4,187.3,6.19,44.2,4,189.5,190.1,189.9,500.0,500.0,0.0,0.0,0.0,0.3,0.00
1.4,187.1,6.19,54.8,5,189.5,190.1,189.9,500.0,500.0,0.0,0.0,0.0,0.3,0.00
1.3,186.6,6.19,59.6,6,189.5,190.0,189.9,500.0,500.0,0.0,0.0,0.0,0.3,0.01
1.3,185.9,6.19,59.6,7,189.5,190.0,189.9,500.0,500.0,0.0,0.0,0.0,0.3,0.01
1.2,185.0,6.19,59.8,8,189.6,190.0,189.8,500.0,500.0,0.0,0.0,0.0,0.3,0.01
1.1,184.3,6.19,59.8,9,189.6,190.0,189.8,500.0,500.0,0.0,0.0,0.0,0.3,0.01
4.0,183.6,6.19,59.6,10,189.6,190.0,189.8,500.0,500.0,0.0,0.0,0.0,0.3,0.01
12.0,182.5,6.19,59.6,11,189.6,190.0,189.8,500.0,500.0,0.0,0.0,0.0,0.3,0.02
17.8,180.6,6.19,59.8,12,189.6,190.0,189.8,500.0,500.0,0.0,0.0,0.0,0.3,0.04
22.8,177.2,6.19,59.8,13,189.7,190.0,189.8,500.0,500.0,0.0,0.0,0.0,0.3,0.07
27.7,173.3,6.19,59.6,14,189.7,190.0,189.8,500.0,500.0,0.0,0.0,0.0,0.3,0.09
29.4,169.7,6.19,59.8,15,189.7,189.8,189.8,500.0,500.0,0.0,0.0,0.0,0.3,0.12
25.9,167.4,6.19,59.8,16,189.7,189.6,189.8,500.0,500.0,0.0,0.0,0.0,0.3,0.15
25.1,165.7,6.19,59.8,17,189.7,189.6,189.8,500.0,500.0,0.0,0.0,0.0,0.3,0.17
25.2,164.4,6.20,59.6,18,189.7,189.6,189.8,500.0,500.0,0.0,0.0,0.0,0.3,0.20
25.8,163.4,6.20,59.8,19,189.7,189.6,189.8,500.0,500.0,0.0,0.0,0.0,0.3,0.22
26.5,162.7,6.20,59.8,20,189.7,189.5,189.8,500.0,500.0,0.0,0.0,0.0,0.3,0.25
27.3,162.1,6.20,59.8,21,189.7,189.4,189.7,500.0,500.0,0.0,0.0,0.0,0.3,0.28
27.3,161.8,6.20,59.6,22,189.7,189.4,189.7,500.0,500.0,0.0,0.0,0.0,0.3,0.30
27.3,161.7,6.19,59.8,23,189.7,189.4,189.7,500.0,500.0,0.0,0.0,0.0,0.3,0.33
26.5,161.9,6.20,59.8,24,189.7,189.4,189.7,500.0,500.0,0.0,0.0,0.0,0.3,0.36
25.7,162.1,6.19,59.8,25,189.6,189.4,189.7,500.0,500.0,0.0,0.0,0.0,0.3,0.38
24.6,162.5,6.19,59.6,26,189.6,189.4,189.7,500.0,500.0,0.0,0.0,0.0,0.3,0.41
23.5,162.9,6.19,59.8,27,189.6,189.4,189.6,500.0,500.0,0.0,0.0,0.0,0.3,0.43
21.8,163.5,6.19,59.8,28,189.5,189.4,189.6,500.0,500.0,0.0,0.0,0.0,0.3,0.45
20.2,164.2,6.19,59.8,29,189.4,189.4,189.6,500.0,500.0,0.0,0.0,0.0,0.3,0.47
18.4,164.8,6.19,59.8,30,189.4,189.5,189.5,500.0,500.0,0.0,0.0,0.0,0.3,0.49
16.6,165.5,6.19,59.8,31,189.4,189.6,189.4,500.0,500.0,0.0,0.0,0.0,0.3,0.51
15.3,166.1,6.19,59.8,32,189.4,189.7,189.4,500.0,500.0,0.0,0.0,0.0,0.3,0.52
13.8,166.7,6.19,59.8,33,189.4,189.7,189.4,500.0,500.0,0.0,0.0,0.0,0.3,0.54
12.7,167.3,6.19,59.8,34,189.4,189.7,189.4,500.0,500.0,0.0,0.0,0.0,0.3,0.55
12.0,168.0,6.19,59.8,35,189.3,189.8,189.4,500.0,500.0,0.0,0.0,0.0,0.3,0.56
11.4,168.7,6.19,59.8,36,189.3,190.0,189.4,500.0,500.0,0.0,0.0,0.0,0.3,0.57
10.7,169.3,6.19,59.8,37,189.3,190.0,189.3,500.0,500.0,0.0,0.0,0.0,0.3,0.58
10.4,170.0,6.19,59.8,38,189.3,190.0,189.3,500.0,500.0,0.0,0.0,0.0,0.3,0.59
10.4,170.5,6.19,59.8,39,189.3,190.0,189.3,500.0,500.0,0.0,0.0,0.0,0.3,0.60
10.2,170.9,6.19,59.8,40,189.2,190.0,189.3,500.0,500.0,0.0,0.0,0.0,0.3,0.61
9.9,171.3,6.19,60.0,41,189.2,190.0,189.3,500.0,500.0,0.0,0.0,0.0,0.3,0.62
9.8,171.8,6.19,60.0,42,189.2,190.0,189.2,500.0,500.0,0.0,0.0,0.0,0.3,0.63
9.7,172.3,6.19,60.0,43,189.2,190.0,189.2,500.0,500.0,0.0,0.0,0.0,0.3,0.64
9.3,173.0,6.19,60.0,44,189.2,190.0,189.2,500.0,500.0,0.0,0.0,0.0,0.3,0.65
9.0,173.6,6.19,60.0,45,189.2,190.0,189.2,500.0,500.0,0.0,0.0,0.0,0.3,0.66
9.1,174.2,6.19,60.0,46,189.2,190.0,189.2,500.0,500.0,0.0,0.0,0.0,0.3,0.67
9.0,174.7,6.19,60.0,47,189.2,190.0,189.2,500.0,500.0,0.0,0.0,0.0,0.3,0.68
8.9,175.2,6.19,60.0,48,189.2,190.0,189.2,500.0,500.0,0.0,0.0,0.0,0.3,0.69
8.9,175.6,6.19,60.0,49,189.3,190.0,189.2,500.0,500.0,0.0,0.0,0.0,0.3,0.70
9.0,176.1,6.19,59.8,50,189.3,190.0,189.2,500.0,500.0,0.0,0.0,0.0,0.3,0.71
9.1,176.5,6.19,59.8,51,189.3,190.0,189.2,500.0,500.0,0.0,0.0,0.0,0.3,0.72
9.2,177.0,6.19,59.8,52,189.3,190.0,189.2,500.0,500.0,0.0,0.0,0.0,0.3,0.73
9.3,177.5,6.19,59.8,53,189.3,190.0,189.2,500.0,500.0,0.0,0.0,0.0,0.3,0.73
9.2,178.0,6.19,59.8,54,189.4,190.0,189.2,500.0,500.0,0.0,0.0,0.0,0.3,0.74
9.2,178.3,6.19,59.8,55,189.4,190.0,189.2,500.0,500.0,0.0,0.0,0.0,0.3,0.75
9.2,178.6,6.19,59.8,56,189.4,190.0,189.2,500.0,500.0,0.0,0.0,0.0,0.3,0.76
9.3,178.8,6.19,59.8,57,189.4,190.0,189.2,500.0,500.0,0.0,0.0,0.0,0.3,0.77
9.4,179.2,6.19,59.8,58,189.5,190.0,189.2,500.0,500.0,0.0,0.0,0.0,0.3,0.78
9.6,179.5,6.19,59.8,59,189.6,190.0,189.2,500.0,500.0,0.0,0.0,0.0,0.3,0.79
9.8,179.9,6.19,60.0,60,189.6,190.0,189.2,500.0,500.0,0.0,0.0,0.0,0.3,0.80
9.8,180.2,6.19,60.0,61,189.6,189.9,189.3,500.0,500.0,0.0,0.0,0.0,0.3,0.81
9.8,180.6,6.19,60.0,62,189.6,189.9,189.3,500.0,500.0,0.0,0.0,0.0,0.3,0.82
9.8,180.9,6.19,59.8,63,189.6,189.9,189.3,500.0,500.0,0.0,0.0,0.0,0.3,0.83
9.8,181.2,6.19,59.8,64,189.7,189.8,189.3,500.0,500.0,0.0,0.0,0.0,0.3,0.84
9.8,181.5,6.19,59.6,65,189.8,189.7,189.3,500.0,500.0,0.0,0.0,0.0,0.3,0.85
9.7,181.8,6.19,59.6,66,189.8,189.7,189.4,500.0,500.0,0.0,0.0,0.0,0.3,0.86
9.8,182.1,6.19,59.6,67,189.9,189.6,189.5,500.0,500.0,0.0,0.0,0.0,0.3,0.87
9.8,182.4,6.19,59.8,68,190.0,189.5,189.5,500.0,500.0,0.0,0.0,0.0,0.3,0.88
9.9,182.6,6.19,59.8,69,190.0,189.5,189.5,500.0,500.0,0.0,0.0,0.0,0.3,0.89
10.1,182.8,6.19,60.0,70,190.0,189.5,189.5,500.0,500.0,0.0,0.0,0.0,0.3,0.90
10.6,183.1,6.19,60.0,71,190.0,189.5,189.6,500.0,500.0,0.0,0.0,0.0,0.3,0.91
10.9,183.4,6.19,59.8,72,190.0,189.5,189.7,500.0,500.0,0.0,0.0,0.0,0.3,0.92
11.2,183.6,6.19,59.8,73,190.0,189.5,189.7,500.0,500.0,0.0,0.0,0.0,0.3,0.93
11.3,183.9,6.19,59.8,74,190.0,189.5,189.7,500.0,500.0,0.0,0.0,0.0,0.3,0.94
11.3,184.1,6.19,59.8,75,190.0,189.5,189.7,500.0,500.0,0.0,0.0,0.0,0.3,0.95
11.1,184.3,6.19,59.8,76,190.0,189.5,189.8,500.0,500.0,0.0,0.0,0.0,0.3,0.96
11.0,184.5,6.19,59.8,77,190.0,189.5,189.9,500.0,500.0,0.0,0.0,0.0,0.3,0.97
10.9,184.7,6.19,59.8,78,190.0,189.6,189.9,500.0,500.0,0.0,0.0,0.0,0.3,0.99
10.9,184.9,6.19,59.8,79,190.0,189.7,189.9,500.0,500.0,0.0,0.0,0.0,0.3,1.00
10.9,185.1,6.19,59.8,80,190.0,189.8,190.0,500.0,500.0,0.0,0.0,0.0,0.3,1.01
11.0,185.3,6.19,59.8,81,190.0,189.8,190.0,500.0,500.0,0.0,0.0,0.0,0.3,1.02
11.1,185.5,6.19,59.8,82,190.0,189.8,190.0,500.0,500.0,0.0,0.0,0.0,0.3,1.03
11.4,185.7,6.19,59.8,83,190.0,189.9,190.0,500.0,500.0,0.0,0.0,0.0,0.3,1.04
11.7,185.9,6.19,59.8,84,190.0,190.0,190.0,500.0,500.0,0.0,0.0,0.0,0.3,1.05
11.9,186.1,6.19,59.8,85,190.0,190.0,190.0,500.0,500.0,0.0,0.0,0.0,0.3,1.06
11.9,186.3,6.19,59.6,86,190.0,190.0,190.0,500.0,500.0,0.0,0.0,0.0,0.3,1.08
12.0,186.5,6.19,59.8,87,190.0,190.0,190.0,500.0,500.0,0.0,0.0,0.0,0.3,1.09
11.9,186.7,6.19,59.8,88,190.0,190.0,190.0,500.0,500.0,0.0,0.0,0.0,0.3,1.10
11.6,186.8,6.19,59.8,89,190.0,190.0,190.0,500.0,500.0,0.0,0.0,0.0,0.3,1.11
11.6,187.0,6.19,59.6,90,190.0,190.0,190.0,500.0,500.0,0.0,0.0,0.0,0.3,1.12
11.5,187.2,6.19,59.8,91,190.0,190.0,190.0,500.0,500.0,0.0,0.0,0.0,0.3,1.13
11.3,187.4,6.19,59.8,92,190.0,190.0,190.0,500.0,500.0,0.0,0.0,0.0,0.3,1.15
11.3,187.5,6.19,59.8,93,190.0,190.0,190.0,500.0,500.0,0.0,0.0,0.0,0.3,1.16
11.3,187.6,6.19,59.8,94,190.0,190.0,190.0,500.0,500.0,0.0,0.0,0.0,0.3,1.17
11.3,187.8,6.19,59.8,95,190.0,190.0,190.0,500.0,500.0,0.0,0.0,0.0,0.3,1.18
11.4,188.0,6.19,59.8,96,190.0,190.1,190.0,500.0,500.0,0.0,0.0,0.0,0.3,1.19
11.5,188.1,6.19,59.8,97,190.1,190.2,190.0,500.0,500.0,0.0,0.0,0.0,0.3,1.20
11.4,188.3,6.19,59.8,98,190.1,190.2,190.0,500.0,500.0,0.0,0.0,0.0,0.3,1.21
11.4,188.4,6.19,59.8,99,190.1,190.2,190.0,500.0,500.0,0.0,0.0,0.0,0.3,1.23
11.5,188.5,6.19,59.8,100,190.1,190.2,190.0,500.0,500.0,0.0,0.0,0.0,0.3,1.24
11.7,188.7,6.19,59.8,101,190.1,190.2,190.0,500.0,500.0,0.0,0.0,0.0,0.3,1.25
11.7,188.8,6.19,59.8,102,190.1,190.2,190.0,500.0,500.0,0.0,0.0,0.0,0.3,1.26
11.6,188.9,6.19,59.8,103,190.1,190.2,190.0,500.0,500.0,0.0,0.0,0.0,0.3,1.27
11.4,189.0,6.19,59.6,104,190.1,190.1,190.0,500.0,500.0,0.0,0.0,0.0,0.3,1.28
11.2,189.2,6.19,59.8,105,190.1,190.1,190.0,500.0,500.0,0.0,0.0,0.0,0.3,1.29
11.0,189.4,6.19,59.8,106,190.1,190.1,190.0,500.0,500.0,0.0,0.0,0.0,0.3,1.30
11.1,189.5,6.19,59.8,107,190.1,190.1,190.0,500.0,500.0,0.0,0.0,0.0,0.3,1.32
11.1,189.7,6.19,59.6,108,190.2,190.0,190.0,500.0,500.0,0.0,0.0,0.0,0.3,1.33
11.2,189.8,6.19,59.6,109,190.3,190.0,190.1,500.0,500.0,0.0,0.0,0.0,0.3,1.34
11.1,189.9,6.19,59.6,110,190.3,190.0,190.1,500.0,500.0,0.0,0.0,0.0,0.3,1.35
11.0,190.1,6.19,59.6,111,190.3,190.0,190.1,500.0,500.0,0.0,0.0,0.0,0.3,1.36
10.7,190.2,6.19,59.6,112,190.3,190.0,190.1,500.0,500.0,0.0,0.0,0.0,0.3,1.37
10.8,190.3,6.19,59.6,113,190.3,190.0,190.1,500.0,500.0,0.0,0.0,0.0,0.3,1.38
10.8,190.4,6.19,59.8,114,190.3,190.0,190.1,500.0,500.0,0.0,0.0,0.0,0.3,1.39
10.7,190.5,6.19,59.8,115,190.3,190.0,190.1,500.0,500.0,0.0,0.0,0.0,0.3,1.40
10.7,190.7,6.19,59.8,116,190.3,190.0,190.1,500.0,500.0,0.0,0.0,0.0,0.3,1.41
10.9,190.8,6.19,59.6,117,190.3,190.0,190.2,500.0,500.0,0.0,0.0,0.0,0.3,1.42
11.1,190.9,6.19,59.8,118,190.3,190.0,190.2,500.0,500.0,0.0,0.0,0.0,0.3,1.44
11.3,191.0,6.19,59.8,119,190.3,190.0,190.2,500.0,500.0,0.0,0.0,0.0,0.3,1.45
11.6,191.2,6.19,59.8,120,190.3,190.0,190.2,500.0,500.0,0.0,0.0,0.0,0.3,1.46
11.7,191.3,6.19,59.8,121,190.3,190.0,190.2,500.0,500.0,0.0,0.0,0.0,0.3,1.47
11.7,191.4,6.19,59.8,122,190.3,190.0,190.2,500.0,500.0,0.0,0.0,0.0,0.3,1.48
11.6,191.5,6.19,59.8,123,190.3,190.0,190.2,500.0,500.0,0.0,0.0,0.0,0.3,1.49
11.5,191.6,6.19,59.8,124,190.3,190.0,190.2,500.0,500.0,0.0,0.0,0.0,0.3,1.50
11.5,191.7,6.19,59.8,125,190.3,190.0,190.2,500.0,500.0,0.0,0.0,0.0,0.3,1.52
11.4,191.8,6.19,59.8,126,190.3,190.0,190.2,500.0,500.0,0.0,0.0,0.0,0.3,1.53
11.4,191.9,6.19,59.8,127,190.3,190.0,190.2,500.0,500.0,0.0,0.0,0.0,0.3,1.54
11.4,192.0,6.19,59.8,128,190.3,190.0,190.2,500.0,500.0,0.0,0.0,0.0,0.3,1.55
11.4,192.1,6.19,59.8,129,190.3,190.0,190.2,500.0,500.0,0.0,0.0,0.0,0.3,1.56
11.4,192.2,6.19,59.8,130,190.3,190.0,190.2,500.0,500.0,0.0,0.0,0.0,0.3,1.57
11.4,192.4,6.19,59.6,131,190.3,190.0,190.1,500.0,500.0,0.0,0.0,0.0,0.3,1.58
11.3,192.5,6.19,59.8,132,190.2,190.0,190.1,500.0,500.0,0.0,0.0,0.0,0.3,1.60
11.2,192.6,6.19,59.8,133,190.2,190.0,190.1,500.0,500.0,0.0,0.0,0.0,0.3,1.61
11.2,192.7,6.19,59.8,134,190.2,190.0,190.1,500.0,500.0,0.0,0.0,0.0,0.3,1.62
11.2,192.8,6.19,59.8,135,190.2,190.0,190.1,500.0,500.0,0.0,0.0,0.0,0.3,1.63
11.1,192.9,6.19,59.8,136,190.2,190.0,190.1,500.0,500.0,0.0,0.0,0.0,0.3,1.64
11.1,193.0,6.19,59.8,137,190.2,190.0,190.1,500.0,500.0,0.0,0.0,0.0,0.3,1.65
11.3,193.1,6.19,59.8,138,190.2,190.0,190.1,500.0,500.0,0.0,0.0,0.0,0.3,1.66
11.4,193.2,6.19,59.8,139,190.2,190.0,190.1,500.0,500.0,0.0,0.0,0.0,0.3,1.67
11.4,193.3,6.19,59.6,140,190.2,190.0,190.1,500.0,500.0,0.0,0.0,0.0,0.3,1.69
11.4,193.3,6.19,59.8,141,190.2,190.0,190.0,500.0,500.0,0.0,0.0,0.0,0.3,1.70
11.4,193.4,6.19,59.8,142,190.2,190.0,190.0,500.0,500.0,0.0,0.0,0.0,0.3,1.71
11.2,193.5,6.19,59.8,143,190.2,190.0,190.0,500.0,500.0,0.0,0.0,0.0,0.3,1.72
11.2,193.6,6.19,59.8,144,190.2,190.0,190.0,500.0,500.0,0.0,0.0,0.0,0.3,1.73
11.1,193.6,6.19,59.8,145,190.2,190.0,190.0,500.0,500.0,0.0,0.0,0.0,0.3,1.74
11.0,193.7,6.19,59.8,146,190.2,190.1,190.0,500.0,500.0,0.0,0.0,0.0,0.3,1.75
10.9,193.8,6.19,59.8,147,190.2,190.2,190.0,500.0,500.0,0.0,0.0,0.0,0.3,1.76
10.9,193.9,6.19,59.8,148,190.2,190.2,190.0,500.0,500.0,0.0,0.0,0.0,0.3,1.77
10.7,193.9,6.19,59.6,149,190.2,190.2,190.0,500.0,500.0,0.0,0.0,0.0,0.3,1.78
10.8,194.0,6.19,59.8,150,190.2,190.2,190.0,500.0,500.0,0.0,0.0,0.0,0.3,1.80
10.9,194.1,6.19,59.8,151,190.2,190.2,190.0,500.0,500.0,0.0,0.0,0.0,0.3,1.81
11.0,194.2,6.19,59.8,152,190.2,190.2,190.0,500.0,500.0,0.0,0.0,0.0,0.3,1.82
10.9,194.2,6.19,59.6,153,190.2,190.2,190.0,500.0,500.0,0.0,0.0,0.0,0.3,1.83
10.9,194.3,6.19,59.8,154,190.2,190.2,190.0,500.0,500.0,0.0,0.0,0.0,0.3,1.84
10.9,194.3,6.19,59.8,155,190.3,190.2,190.0,500.0,500.0,0.0,0.0,0.0,0.3,1.85
10.9,194.4,6.19,59.8,156,190.3,190.2,190.0,500.0,500.0,0.0,0.0,0.0,0.3,1.86
10.8,194.5,6.19,59.6,157,190.3,190.2,190.0,500.0,500.0,0.0,0.0,0.0,0.3,1.87
10.9,194.6,6.19,59.6,158,190.3,190.2,190.0,500.0,500.0,0.0,0.0,0.0,0.3,1.88
11.0,194.7,6.19,59.6,159,190.3,190.2,190.0,500.0,500.0,0.0,0.0,0.0,0.3,1.89
11.2,194.7,6.19,59.6,160,190.3,190.1,190.0,500.0,500.0,0.0,0.0,0.0,0.3,1.90
11.2,194.8,6.19,59.6,161,190.3,190.0,190.0,500.0,500.0,0.0,0.0,0.0,0.3,1.92
11.4,194.9,6.19,59.6,162,190.3,190.0,190.0,500.0,500.0,0.0,0.0,0.0,0.3,1.93
11.4,194.9,6.19,59.8,163,190.3,190.0,190.0,500.0,500.0,0.0,0.0,0.0,0.3,1.94
11.3,195.0,6.19,59.8,164,190.3,190.0,190.0,500.0,500.0,0.0,0.0,0.0,0.3,1.95
11.3,195.1,6.19,59.8,165,190.3,190.0,190.0,500.0,500.0,0.0,0.0,0.0,0.3,1.96
11.3,195.1,6.19,59.6,166,190.3,190.0,190.0,500.0,500.0,0.0,0.0,0.0,0.3,1.97
11.3,195.2,6.19,59.8,167,190.4,190.0,190.0,500.0,500.0,0.0,0.0,0.0,0.3,1.98
11.4,195.3,6.19,59.8,168,190.4,190.0,190.0,500.0,500.0,0.0,0.0,0.0,0.3,1.99
11.4,195.4,6.19,59.8,169,190.4,190.0,190.0,500.0,500.0,0.0,0.0,0.0,0.3,2.01
11.3,195.5,6.19,59.8,170,190.4,190.0,190.0,500.0,500.0,0.0,0.0,0.0,0.3,2.02
11.2,195.6,6.19,59.8,171,190.4,190.0,190.0,500.0,500.0,0.0,0.0,0.0,0.3,2.03
11.1,195.7,6.19,59.8,172,190.4,190.0,190.1,500.0,500.0,0.0,0.0,0.0,0.3,2.04
11.2,195.7,6.19,59.8,173,190.5,190.0,190.1,500.0,500.0,0.0,0.0,0.0,0.3,2.05
11.2,195.8,6.19,59.8,174,190.5,190.0,190.1,500.0,500.0,0.0,0.0,0.0,0.3,2.06
11.3,195.8,6.19,59.6,175,190.5,190.0,190.1,500.0,500.0,0.0,0.0,0.0,0.3,2.07
11.5,195.9,6.19,59.8,176,190.5,190.0,190.1,500.0,500.0,0.0,0.0,0.0,0.3,2.08
11.5,195.9,6.19,59.8,177,190.6,190.0,190.1,500.0,500.0,0.0,0.0,0.0,0.3,2.10
11.5,195.9,6.19,59.8,178,190.6,190.0,190.1,500.0,500.0,0.0,0.0,0.0,0.3,2.11
11.4,196.0,6.19,59.6,179,190.6,190.0,190.1,500.0,500.0,0.0,0.0,0.0,0.3,2.12
11.4,196.1,6.19,59.8,180,190.6,190.0,190.2,500.0,500.0,0.0,0.0,0.0,0.3,2.13
11.2,196.2,6.19,59.8,181,190.6,190.0,190.2,500.0,500.0,0.0,0.0,0.0,0.3,2.14
10.9,196.2,6.19,59.8,182,190.6,190.0,190.2,500.0,500.0,0.0,0.0,0.0,0.3,2.15
10.8,196.3,6.19,59.8,183,190.6,190.0,190.2,500.0,500.0,0.0,0.0,0.0,0.3,2.16
10.8,196.4,6.19,59.8,184,190.7,190.0,190.2,500.0,500.0,0.0,0.0,0.0,0.3,2.17
10.7,196.4,6.19,59.8,185,190.7,190.0,190.2,500.0,500.0,0.0,0.0,0.0,0.3,2.18
10.8,196.5,6.19,59.8,186,190.7,190.0,190.3,500.0,500.0,0.0,0.0,0.0,0.3,2.19
11.1,196.6,6.19,59.8,187,190.7,190.0,190.3,500.0,500.0,0.0,0.0,0.0,0.3,2.21
11.1,196.6,6.19,59.6,188,190.7,190.0,190.4,500.0,500.0,0.0,0.0,0.0,0.3,2.22
11.1,196.7,6.19,59.8,189,190.7,190.0,190.4,500.0,500.0,0.0,0.0,0.0,0.3,2.23
10.9,196.8,6.19,59.8,190,190.7,190.0,190.4,500.0,500.0,0.0,0.0,0.0,0.3,2.24
10.6,196.8,6.19,59.8,191,190.7,190.0,190.4,500.0,500.0,0.0,0.0,0.0,0.3,2.25
10.3,196.8,6.19,59.8,192,190.8,190.0,190.4,500.0,500.0,0.0,0.0,0.0,0.3,2.26
10.2,196.8,6.19,59.8,193,190.8,190.0,190.4,500.0,500.0,0.0,0.0,0.0,0.3,2.27
10.0,196.9,6.19,59.8,194,190.8,190.0,190.4,500.0,500.0,0.0,0.0,0.0,0.3,2.28
10.0,196.9,6.19,59.8,195,190.8,190.0,190.5,500.0,500.0,0.0,0.0,0.0,0.3,2.29
10.2,196.9,6.19,59.8,196,190.8,190.0,190.5,500.0,500.0,0.0,0.0,0.0,0.3,2.30
10.4,197.0,6.19,59.8,197,190.8,190.0,190.5,500.0,500.0,0.0,0.0,0.0,0.3,2.31
10.3,197.0,6.19,59.8,198,190.8,190.0,190.6,500.0,500.0,0.0,0.0,0.0,0.3,2.32
10.3,197.1,6.19,59.8,199,190.8,190.0,190.6,500.0,500.0,0.0,0.0,0.0,0.3,2.33
10.5,197.2,6.19,59.8,200,190.8,190.0,190.6,500.0,500.0,0.0,0.0,0.0,0.3,2.34
10.6,197.2,6.19,59.8,201,190.8,190.0,190.6,500.0,500.0,0.0,0.0,0.0,0.3,2.35
10.6,197.2,6.19,59.6,202,190.8,190.0,190.7,500.0,500.0,0.0,0.0,0.0,0.3,2.36
10.8,197.3,6.19,59.8,203,190.8,190.0,190.7,500.0,500.0,0.0,0.0,0.0,0.3,2.37
11.1,197.4,6.19,59.8,204,190.8,190.1,190.7,500.0,500.0,0.0,0.0,0.0,0.3,2.38
11.1,197.4,6.19,59.8,205,190.8,190.1,190.7,500.0,500.0,0.0,0.0,0.0,0.3,2.40
11.2,197.5,6.19,59.6,206,190.8,190.1,190.7,500.0,500.0,0.0,0.0,0.0,0.3,2.41
11.4,197.6,6.19,59.6,207,190.8,190.1,190.8,500.0,500.0,0.0,0.0,0.0,0.3,2.42
11.5,197.6,6.19,59.6,208,190.8,190.0,190.8,500.0,500.0,0.0,0.0,0.0,0.3,2.43
11.4,197.6,6.19,59.6,209,190.8,190.0,190.8,500.0,500.0,0.0,0.0,0.0,0.3,2.44
11.2,197.6,6.19,59.6,210,190.9,190.0,190.8,500.0,500.0,0.0,0.0,0.0,0.3,2.45
11.0,197.7,6.19,59.6,211,190.9,190.0,190.8,500.0,500.0,0.0,0.0,0.0,0.3,2.46
10.8,197.7,6.19,59.6,212,190.9,190.0,190.8,500.0,500.0,0.0,0.0,0.0,0.3,2.47
10.8,197.7,6.19,59.6,213,190.9,190.0,190.8,500.0,500.0,0.0,0.0,0.0,0.3,2.48
10.8,197.8,6.19,59.6,214,190.9,190.0,190.8,500.0,500.0,0.0,0.0,0.0,0.3,2.49
10.8,197.9,6.19,59.6,215,190.9,190.0,190.9,500.0,500.0,0.0,0.0,0.0,0.3,2.51
10.7,197.9,6.19,59.6,216,190.9,190.0,190.9,500.0,500.0,0.0,0.0,0.0,0.3,2.52
10.7,198.0,6.19,59.8,217,190.9,190.0,190.9,500.0,500.0,0.0,0.0,0.0,0.3,2.53
10.6,198.0,6.19,59.8,218,190.9,190.0,190.9,500.0,500.0,0.0,0.0,0.0,0.3,2.54
10.4,198.0,6.18,59.8,219,190.9,190.0,190.9,500.0,500.0,0.0,0.0,0.0,0.3,2.55
10.3,198.0,6.18,59.6,220,190.9,190.0,190.9,500.0,500.0,0.0,0.0,0.0,0.3,2.56
10.1,198.1,6.18,59.8,221,190.9,190.0,190.9,500.0,500.0,0.0,0.0,0.0,0.3,2.57
10.0,198.1,6.18,59.8,222,190.9,190.0,190.9,500.0,500.0,0.0,0.0,0.0,0.3,2.58
9.9,198.1,6.18,59.8,223,190.9,190.0,190.9,500.0,500.0,0.0,0.0,0.0,0.3,2.59
9.9,198.2,6.19,59.8,224,190.9,190.0,190.9,500.0,500.0,0.0,0.0,0.0,0.3,2.60
9.8,198.2,6.19,59.8,225,190.9,190.0,190.9,500.0,500.0,0.0,0.0,0.0,0.3,2.61
9.7,198.3,6.19,59.8,226,190.9,190.0,190.9,500.0,500.0,0.0,0.0,0.0,0.3,2.62
9.7,198.3,6.19,59.8,227,190.9,190.0,190.9,500.0,500.0,0.0,0.0,0.0,0.3,2.63
9.7,198.3,6.19,59.8,228,190.9,190.0,190.9,500.0,500.0,0.0,0.0,0.0,0.3,2.64
9.7,198.4,6.19,59.8,229,190.9,190.0,190.9,500.0,500.0,0.0,0.0,0.0,0.3,2.65
9.8,198.4,6.19,59.8,230,190.9,190.0,190.9,500.0,500.0,0.0,0.0,0.0,0.3,2.66
9.8,198.4,6.19,59.8,231,190.9,190.0,190.9,500.0,500.0,0.0,0.0,0.0,0.3,2.67
9.7,198.4,6.19,59.8,232,190.9,190.0,190.9,500.0,500.0,0.0,0.0,0.0,0.3,2.68
9.7,198.5,6.19,59.6,233,190.8,190.0,190.9,500.0,500.0,0.0,0.0,0.0,0.3,2.68
9.8,198.6,6.19,59.6,234,190.8,190.0,190.9,500.0,500.0,0.0,0.0,0.0,0.3,2.69
9.8,198.6,6.19,59.8,235,190.8,190.0,190.9,500.0,500.0,0.0,0.0,0.0,0.3,2.70
9.9,198.6,6.19,59.8,236,190.8,190.0,190.9,500.0,500.0,0.0,0.0,0.0,0.3,2.71
10.1,198.7,6.19,59.8,237,190.8,190.0,190.9,500.0,500.0,0.0,0.0,0.0,0.3,2.72
10.3,198.7,6.19,60.0,238,190.8,190.0,190.8,500.0,500.0,0.0,0.0,0.0,0.3,2.73
10.3,198.7,6.19,59.8,239,190.8,190.0,190.8,500.0,500.0,0.0,0.0,0.0,0.3,2.74
10.4,198.7,6.19,59.8,240,190.8,190.0,190.8,500.0,500.0,0.0,0.0,0.0,0.3,2.76
10.6,198.8,6.19,59.8,241,190.8,190.0,190.8,500.0,500.0,0.0,0.0,0.0,0.3,2.77
10.6,198.8,6.19,59.8,242,190.8,190.0,190.8,500.0,500.0,0.0,0.0,0.0,0.3,2.78
10.6,198.9,6.19,59.6,243,190.8,190.0,190.8,500.0,500.0,0.0,0.0,0.0,0.3,2.79
10.6,199.0,6.19,59.8,244,190.8,190.0,190.8,500.0,500.0,0.0,0.0,0.0,0.3,2.80
10.7,199.0,6.19,59.8,245,190.8,190.0,190.8,500.0,500.0,0.0,0.0,0.0,0.3,2.81
10.6,199.0,6.19,59.8,246,190.8,190.0,190.8,500.0,500.0,0.0,0.0,0.0,0.3,2.82
10.5,199.0,6.19,59.6,247,190.8,190.0,190.7,500.0,500.0,0.0,0.0,0.0,0.3,2.83
10.6,199.0,6.19,59.8,248,190.8,190.0,190.7,500.0,500.0,0.0,0.0,0.0,0.3,2.84
10.6,199.0,6.19,59.8,249,190.8,190.0,190.7,500.0,500.0,0.0,0.0,0.0,0.3,2.85
10.6,199.0,6.19,59.8,250,190.8,190.0,190.7,500.0,500.0,0.0,0.0,0.0,0.3,2.86
10.7,199.1,6.19,59.6,251,190.8,190.0,190.7,500.0,500.0,0.0,0.0,0.0,0.3,2.87
10.8,199.1,6.19,59.8,252,190.8,190.0,190.7,500.0,500.0,0.0,0.0,0.0,0.3,2.88
10.8,199.2,6.19,59.8,253,190.7,190.0,190.7,500.0,500.0,0.0,0.0,0.0,0.3,2.89
10.5,199.2,6.19,59.8,254,190.7,190.0,190.6,500.0,500.0,0.0,0.0,0.0,0.3,2.90
10.4,199.3,6.19,59.8,255,190.7,190.0,190.6,500.0,500.0,0.0,0.0,0.0,0.3,2.91
10.1,199.3,6.19,60.0,256,190.7,190.0,190.6,500.0,500.0,0.0,0.0,0.0,0.3,2.92
10.0,199.3,6.19,60.0,257,190.7,190.0,190.6,500.0,500.0,0.0,0.0,0.0,0.3,2.93
9.7,199.3,6.19,60.0,258,190.7,190.0,190.5,500.0,500.0,0.0,0.0,0.0,0.3,2.94
9.8,199.4,6.19,60.0,259,190.7,190.0,190.5,500.0,500.0,0.0,0.0,0.0,0.3,2.95
9.7,199.4,6.19,59.8,260,190.7,190.0,190.5,500.0,500.0,0.0,0.0,0.0,0.3,2.96
9.7,199.4,6.19,59.8,261,190.7,190.0,190.5,500.0,500.0,0.0,0.0,0.0,0.3,2.97
9.8,199.5,6.19,59.8,262,190.7,190.0,190.5,500.0,500.0,0.0,0.0,0.0,0.3,2.98
9.9,199.5,6.19,59.8,263,190.7,190.0,190.5,500.0,500.0,0.0,0.0,0.0,0.3,2.99
9.9,199.6,6.19,59.6,264,190.7,190.0,190.5,500.0,500.0,0.0,0.0,0.0,0.3,3.00
10.0,199.6,6.19,59.8,265,190.7,190.0,190.5,500.0,500.0,0.0,0.0,0.0,0.3,3.01
10.0,199.6,6.19,59.8,266,190.7,190.0,190.4,500.0,500.0,0.0,0.0,0.0,0.3,3.02
9.8,199.6,6.19,59.8,267,190.7,190.0,190.4,500.0,500.0,0.0,0.0,0.0,0.3,3.03
9.8,199.6,6.19,59.6,268,190.7,190.0,190.4,500.0,500.0,0.0,0.0,0.0,0.3,3.04
9.7,199.7,6.19,59.8,269,190.7,190.0,190.4,500.0,500.0,0.0,0.0,0.0,0.3,3.05
9.7,199.7,6.19,59.8,270,190.7,190.0,190.4,500.0,500.0,0.0,0.0,0.0,0.3,3.06
9.7,199.8,6.19,59.8,271,190.7,190.0,190.4,500.0,500.0,0.0,0.0,0.0,0.3,3.07
9.9,199.8,6.19,59.8,272,190.7,190.0,190.4,500.0,500.0,0.0,0.0,0.0,0.3,3.08
10.1,199.8,6.19,60.0,273,190.7,190.0,190.4,500.0,500.0,0.0,0.0,0.0,0.3,3.09
10.2,199.9,6.19,60.0,274,190.7,190.0,190.4,500.0,500.0,0.0,0.0,0.0,0.3,3.10
10.4,199.9,6.19,60.0,275,190.7,190.0,190.3,500.0,500.0,0.0,0.0,0.0,0.3,3.11
10.6,199.9,6.19,60.0,276,190.6,190.0,190.3,500.0,500.0,0.0,0.0,0.0,0.3,3.12
10.5,199.9,6.19,59.8,277,190.6,190.0,190.3,500.0,500.0,0.0,0.0,0.0,0.3,3.13
10.4,199.9,6.19,59.8,278,190.6,190.0,190.3,500.0,500.0,0.0,0.0,0.0,0.3,3.14
10.3,199.9,6.19,59.8,279,190.6,190.0,190.3,500.0,500.0,0.0,0.0,0.0,0.3,3.15
10.1,199.9,6.19,59.8,280,190.6,190.0,190.3,500.0,500.0,0.0,0.0,0.0,0.3,3.16
9.9,200.0,6.19,59.8,281,190.6,190.0,190.3,500.0,500.0,0.0,0.0,0.0,0.3,3.17
10.0,200.1,6.19,59.8,282,190.6,190.0,190.3,500.0,500.0,0.0,0.0,0.0,0.3,3.18
10.0,200.1,6.19,59.8,283,190.6,190.0,190.3,500.0,500.0,0.0,0.0,0.0,0.3,3.19
10.1,200.1,6.19,59.8,284,190.6,190.0,190.3,500.0,500.0,0.0,0.0,0.0,0.3,3.20
10.1,200.1,6.19,59.8,285,190.6,190.0,190.3,500.0,500.0,0.0,0.0,0.0,0.3,3.21
10.2,200.1,6.19,59.8,286,190.6,190.0,190.3,500.0,500.0,0.0,0.0,0.0,0.3,3.22
10.2,200.1,6.19,59.8,287,190.6,190.0,190.3,500.0,500.0,0.0,0.0,0.0,0.3,3.23
10.2,200.2,6.19,59.8,288,190.6,190.0,190.3,500.0,500.0,0.0,0.0,0.0,0.3,3.24
10.2,200.2,6.19,59.8,289,190.6,190.0,190.3,500.0,500.0,0.0,0.0,0.0,0.3,3.25
10.3,200.2,6.19,59.8,290,190.6,190.0,190.3,500.0,500.0,0.0,0.0,0.0,0.3,3.26
10.3,200.3,6.19,59.6,291,190.6,190.0,190.3,500.0,500.0,0.0,0.0,0.0,0.3,3.27
10.3,200.3,6.19,59.8,292,190.6,190.0,190.3,500.0,500.0,0.0,0.0,0.0,0.3,3.28
10.4,200.3,6.19,59.8,293,190.6,190.0,190.3,500.0,500.0,0.0,0.0,0.0,0.3,3.29
10.4,200.4,6.19,59.8,294,190.6,190.0,190.3,500.0,500.0,0.0,0.0,0.0,0.3,3.30
10.4,200.4,6.19,59.8,295,190.6,190.0,190.3,500.0,500.0,0.0,0.0,0.0,0.3,3.32
10.5,200.5,6.19,59.8,296,190.6,190.0,190.3,500.0,500.0,0.0,0.0,0.0,0.3,3.33
10.4,200.5,6.19,59.8,297,190.6,190.0,190.3,500.0,500.0,0.0,0.0,0.0,0.3,3.34
10.2,200.6,6.19,59.8,298,190.6,190.0,190.3,500.0,500.0,0.0,0.0,0.0,0.3,3.35
10.1,200.6,6.19,59.8,299,190.6,190.0,190.4,500.0,500.0,0.0,0.0,0.0,0.3,3.36
10.0,200.7,6.19,59.6,300,190.7,190.1,190.5,500.0,500.0,0.0,0.0,0.0,0.3,3.37
9.8,200.7,6.19,59.8,301,190.7,190.1,190.5,500.0,500.0,0.0,0.0,0.0,0.3,3.38
9.6,200.7,6.19,59.8,302,190.7,190.1,190.5,500.0,500.0,0.0,0.0,0.0,0.3,3.39
9.6,200.7,6.19,59.8,303,190.7,190.1,190.5,500.0,500.0,0.0,0.0,0.0,0.3,3.39
9.6,200.7,6.19,59.8,304,190.7,190.1,190.5,500.0,500.0,0.0,0.0,0.0,0.3,3.40
9.5,200.7,6.19,59.8,305,190.7,190.1,190.5,500.0,500.0,0.0,0.0,0.0,0.3,3.41
9.4,200.7,6.19,59.8,306,190.7,190.1,190.5,500.0,500.0,0.0,0.0,0.0,0.3,3.42
9.5,200.7,6.19,59.8,307,190.7,190.1,190.5,500.0,500.0,0.0,0.0,0.0,0.3,3.43
9.5,200.7,6.19,59.8,308,190.7,190.1,190.5,500.0,500.0,0.0,0.0,0.0,0.3,3.44
9.4,200.8,6.19,59.8,309,190.7,190.1,190.5,500.0,500.0,0.0,0.0,0.0,0.3,3.45
9.5,200.8,6.19,59.8,310,190.7,190.1,190.5,500.0,500.0,0.0,0.0,0.0,0.3,3.46
9.5,200.8,6.19,59.8,311,190.7,190.0,190.5,500.0,500.0,0.0,0.0,0.0,0.3,3.47
9.6,200.8,6.19,59.8,312,190.7,190.0,190.5,500.0,500.0,0.0,0.0,0.0,0.3,3.48
9.8,200.8,6.19,59.8,313,190.7,190.0,190.5,500.0,500.0,0.0,0.0,0.0,0.3,3.49
10.1,200.9,6.19,59.6,314,190.7,190.0,190.5,500.0,500.0,0.0,0.0,0.0,0.3,3.50
10.2,200.9,6.19,59.8,315,190.7,190.0,190.6,500.0,500.0,0.0,0.0,0.0,0.3,3.51
10.5,200.9,6.19,59.8,316,190.7,190.0,190.6,500.0,500.0,0.0,0.0,0.0,0.3,3.52
10.5,201.0,6.19,59.8,317,190.7,190.0,190.6,500.0,500.0,0.0,0.0,0.0,0.3,3.53
10.5,201.0,6.19,59.8,318,190.7,190.0,190.6,500.0,500.0,0.0,0.0,0.0,0.3,3.54
10.4,201.0,6.19,59.8,319,190.7,190.0,190.6,500.0,500.0,0.0,0.0,0.0,0.3,3.55
10.2,201.0,6.19,59.8,320,190.7,190.0,190.6,500.0,500.0,0.0,0.0,0.0,0.3,3.56
10.1,201.0,6.19,59.8,321,190.7,190.0,190.6,500.0,500.0,0.0,0.0,0.0,0.3,3.57
10.0,201.0,6.19,59.8,322,190.7,190.0,190.6,500.0,500.0,0.0,0.0,0.0,0.3,3.58
10.0,201.0,6.19,59.6,323,190.6,190.0,190.6,500.0,500.0,0.0,0.0,0.0,0.3,3.59
10.0,201.1,6.19,59.8,324,190.6,190.0,190.6,500.0,500.0,0.0,0.0,0.0,0.3,3.60
10.0,201.1,6.19,59.8,325,190.6,190.0,190.6,500.0,500.0,0.0,0.0,0.0,0.3,3.61
9.9,201.1,6.19,59.8,326,190.6,190.0,190.6,500.0,500.0,0.0,0.0,0.0,0.3,3.62
9.8,201.2,6.19,59.8,327,190.6,190.0,190.6,500.0,500.0,0.0,0.0,0.0,0.3,3.63
9.9,201.2,6.19,59.8,328,190.6,190.0,190.7,500.0,500.0,0.0,0.0,0.0,0.3,3.64
10.0,201.2,6.19,59.8,329,190.6,190.0,190.7,500.0,500.0,0.0,0.0,0.0,0.3,3.65
9.9,201.3,6.19,59.8,330,190.6,190.0,190.7,500.0,500.0,0.0,0.0,0.0,0.3,3.66
10.0,201.3,6.19,59.8,331,190.6,190.0,190.7,500.0,500.0,0.0,0.0,0.0,0.3,3.67
10.1,201.3,6.19,59.6,332,190.6,190.0,190.7,500.0,500.0,0.0,0.0,0.0,0.3,3.68
10.1,201.3,6.19,59.8,333,190.6,190.0,190.7,500.0,500.0,0.0,0.0,0.0,0.3,3.69
10.1,201.3,6.19,59.8,334,190.6,190.0,190.7,500.0,500.0,0.0,0.0,0.0,0.3,3.70
10.2,201.3,6.19,59.8,335,190.6,190.0,190.7,500.0,500.0,0.0,0.0,0.0,0.3,3.71
10.2,201.3,6.19,59.8,336,190.6,190.0,190.7,500.0,500.0,0.0,0.0,0.0,0.3,3.72
9.9,201.4,6.19,59.8,337,190.6,190.0,190.7,500.0,500.0,0.0,0.0,0.0,0.3,3.73
9.8,201.4,6.19,59.8,338,190.6,190.0,190.7,500.0,500.0,0.0,0.0,0.0,0.3,3.74
9.7,201.4,6.19,59.8,339,190.6,190.0,190.7,500.0,500.0,0.0,0.0,0.0,0.3,3.75
9.5,201.4,6.19,59.8,340,190.6,190.0,190.7,500.0,500.0,0.0,0.0,0.0,0.3,3.76
9.3,201.4,6.19,59.6,341,190.6,190.0,190.7,500.0,500.0,0.0,0.0,0.0,0.3,3.77
9.4,201.4,6.19,59.8,342,190.6,190.0,190.7,500.0,500.0,0.0,0.0,0.0,0.3,3.78
9.3,201.4,6.19,59.8,343,190.6,190.0,190.7,500.0,500.0,0.0,0.0,0.0,0.3,3.79
9.3,201.4,6.19,59.8,344,190.6,190.0,190.7,500.0,500.0,0.0,0.0,0.0,0.3,3.80
9.5,201.4,6.19,59.8,345,190.5,190.0,190.7,500.0,500.0,0.0,0.0,0.0,0.3,3.81
9.6,201.5,6.19,60.0,346,190.5,190.0,190.7,500.0,500.0,0.0,0.0,0.0,0.3,3.82
9.6,201.5,6.19,60.0,347,190.5,190.0,190.7,500.0,500.0,0.0,0.0,0.0,0.3,3.83
9.7,201.5,6.19,60.0,348,190.5,190.0,190.7,500.0,500.0,0.0,0.0,0.0,0.3,3.84
9.6,201.6,6.19,59.8,349,190.5,190.0,190.7,500.0,500.0,0.0,0.0,0.0,0.3,3.85
9.5,201.6,6.19,59.8,350,190.5,190.0,190.7,500.0,500.0,0.0,0.0,0.0,0.3,3.86
9.4,201.6,6.19,59.8,351,190.5,190.0,190.7,500.0,500.0,0.0,0.0,0.0,0.3,3.86
9.4,201.6,6.19,59.8,352,190.5,190.0,190.7,500.0,500.0,0.0,0.0,0.0,0.3,3.87
9.5,201.6,6.19,59.8,353,190.5,190.0,190.7,500.0,500.0,0.0,0.0,0.0,0.3,3.88
9.7,201.7,6.19,60.0,354,190.5,190.0,190.7,500.0,500.0,0.0,0.0,0.0,0.3,3.89
9.9,201.7,6.19,59.8,355,190.5,190.0,190.6,500.0,500.0,0.0,0.0,0.0,0.3,3.90
10.1,201.7,6.19,59.8,356,190.5,190.0,190.6,500.0,500.0,0.0,0.0,0.0,0.3,3.91
10.3,201.7,6.19,59.8,357,190.5,190.0,190.6,500.0,500.0,0.0,0.0,0.0,0.3,3.92
10.2,201.7,6.19,59.8,358,190.5,190.0,190.6,500.0,500.0,0.0,0.0,0.0,0.3,3.93
10.2,201.7,6.19,59.8,359,190.5,190.0,190.6,500.0,500.0,0.0,0.0,0.0,0.3,3.94
10.1,201.7,6.19,60.0,360,190.5,190.0,190.6,500.0,500.0,0.0,0.0,0.0,0.3,3.95
10.1,201.7,6.19,60.0,361,190.5,190.0,190.6,500.0,500.0,0.0,0.0,0.0,0.3,3.96
10.2,201.7,6.19,59.8,362,190.5,190.0,190.6,500.0,500.0,0.0,0.0,0.0,0.3,3.97
10.3,201.7,6.19,59.8,363,190.5,190.0,190.6,500.0,500.0,0.0,0.0,0.0,0.3,3.98
10.3,201.8,6.19,59.8,364,190.5,190.0,190.6,500.0,500.0,0.0,0.0,0.0,0.3,3.99
10.4,201.8,6.19,59.8,365,190.5,190.0,190.6,500.0,500.0,0.0,0.0,0.0,0.3,4.00
10.4,201.8,6.19,59.8,366,190.5,190.0,190.6,500.0,500.0,0.0,0.0,0.0,0.3,4.02
10.3,201.8,6.19,59.8,367,190.4,190.0,190.6,500.0,500.0,0.0,0.0,0.0,0.3,4.03
10.2,201.8,6.19,59.8,368,190.4,190.0,190.6,500.0,500.0,0.0,0.0,0.0,0.3,4.04
10.3,201.8,6.19,59.8,369,190.4,190.0,190.6,500.0,500.0,0.0,0.0,0.0,0.3,4.05
10.2,201.8,6.19,59.8,370,190.4,190.0,190.6,500.0,500.0,0.0,0.0,0.0,0.3,4.06
10.0,201.8,6.19,59.8,371,190.4,190.0,190.6,500.0,500.0,0.0,0.0,0.0,0.3,4.07
9.7,201.9,6.19,59.8,372,190.4,190.0,190.5,500.0,500.0,0.0,0.0,0.0,0.3,4.08
9.7,201.9,6.19,59.8,373,190.4,190.0,190.5,500.0,500.0,0.0,0.0,0.0,0.3,4.09
9.5,201.9,6.19,59.8,374,190.4,190.0,190.5,500.0,500.0,0.0,0.0,0.0,0.3,4.09
9.3,201.9,6.19,59.8,375,190.4,190.0,190.5,500.0,500.0,0.0,0.0,0.0,0.3,4.10
9.4,201.9,6.19,59.6,376,190.4,190.0,190.5,500.0,500.0,0.0,0.0,0.0,0.3,4.11
9.4,202.0,6.19,59.8,377,190.4,190.0,190.5,500.0,500.0,0.0,0.0,0.0,0.3,4.12
9.3,202.0,6.19,59.8,378,190.4,190.0,190.5,500.0,500.0,0.0,0.0,0.0,0.3,4.13
9.2,202.0,6.19,59.8,379,190.4,190.0,190.5,500.0,500.0,0.0,0.0,0.0,0.3,4.14
9.2,202.0,6.19,59.6,380,190.4,190.0,190.5,500.0,500.0,0.0,0.0,0.0,0.3,4.15
9.3,202.0,6.19,59.8,381,190.4,190.0,190.5,500.0,500.0,0.0,0.0,0.0,0.3,4.16
9.3,202.0,6.19,59.8,382,190.4,190.0,190.5,500.0,500.0,0.0,0.0,0.0,0.3,4.17
9.4,202.0,6.19,59.8,383,190.4,190.0,190.5,500.0,500.0,0.0,0.0,0.0,0.3,4.18
9.4,202.0,6.19,59.8,384,190.4,190.0,190.5,500.0,500.0,0.0,0.0,0.0,0.3,4.19
9.4,202.0,6.19,59.8,385,190.4,190.0,190.5,500.0,500.0,0.0,0.0,0.0,0.3,4.20
9.4,202.0,6.19,59.8,386,190.4,190.0,190.5,500.0,500.0,0.0,0.0,0.0,0.3,4.21
9.4,202.1,6.19,59.8,387,190.4,190.0,190.5,500.0,500.0,0.0,0.0,0.0,0.3,4.22
9.3,202.1,6.19,59.8,388,190.4,190.0,190.5,500.0,500.0,0.0,0.0,0.0,0.3,4.23
9.2,202.1,6.19,59.8,389,190.4,190.0,190.5,500.0,500.0,0.0,0.0,0.0,0.3,4.23
9.2,202.1,6.19,59.8,390,190.4,190.0,190.5,500.0,500.0,0.0,0.0,0.0,0.3,4.24
9.5,202.1,6.19,59.8,391,190.4,190.0,190.5,500.0,500.0,0.0,0.0,0.0,0.3,4.25
9.5,202.1,6.19,59.8,392,190.4,190.0,190.5,500.0,500.0,0.0,0.0,0.0,0.3,4.26
9.8,202.1,6.19,59.8,393,190.4,190.0,190.5,500.0,500.0,0.0,0.0,0.0,0.3,4.27
10.1,202.1,6.19,59.6,394,190.4,190.0,190.5,500.0,500.0,0.0,0.0,0.0,0.3,4.28
10.3,202.1,6.19,59.8,395,190.4,190.0,190.5,500.0,500.0,0.0,0.0,0.0,0.3,4.29
10.1,202.1,6.19,59.8,396,190.4,190.0,190.4,500.0,500.0,0.0,0.0,0.0,0.3,4.30
10.2,202.1,6.19,59.8,397,190.4,190.0,190.4,500.0,500.0,0.0,0.0,0.0,0.3,4.31
10.2,202.1,6.19,59.6,398,190.4,190.0,190.4,500.0,500.0,0.0,0.0,0.0,0.3,4.32
10.1,202.2,6.19,59.6,399,190.4,190.0,190.4,500.0,500.0,0.0,0.0,0.0,0.3,4.33
10.1,202.2,6.19,59.6,400,190.4,190.0,190.4,500.0,500.0,0.0,0.0,0.0,0.3,4.34
10.1,202.2,6.19,59.6,401,190.4,190.0,190.4,500.0,500.0,0.0,0.0,0.0,0.3,4.35
10.1,202.2,6.19,59.6,402,190.4,190.0,190.4,500.0,500.0,0.0,0.0,0.0,0.3,4.36
10.1,202.2,6.19,59.6,403,190.4,190.0,190.4,500.0,500.0,0.0,0.0,0.0,0.3,4.37
10.1,202.2,6.19,59.8,404,190.4,190.0,190.4,500.0,500.0,0.0,0.0,0.0,0.3,4.38
10.1,202.2,6.19,59.8,405,190.4,190.0,190.4,500.0,500.0,0.0,0.0,0.0,0.3,4.39
10.1,202.2,6.19,59.8,406,190.4,190.0,190.4,500.0,500.0,0.0,0.0,0.0,0.3,4.40
10.0,202.2,6.19,59.8,407,190.4,190.0,190.4,500.0,500.0,0.0,0.0,0.0,0.3,4.41
9.9,202.2,6.19,60.0,408,190.4,190.0,190.4,500.0,500.0,0.0,0.0,0.0,0.3,4.42
9.7,202.2,6.19,60.0,409,190.4,190.1,190.4,500.0,500.0,0.0,0.0,0.0,0.3,4.43
9.5,202.2,6.19,60.0,410,190.4,190.1,190.4,500.0,500.0,0.0,0.0,0.0,0.3,4.44
9.5,202.3,6.19,60.0,411,190.4,190.1,190.4,500.0,500.0,0.0,0.0,0.0,0.3,4.45
9.4,202.3,6.19,59.8,412,190.4,190.1,190.4,500.0,500.0,0.0,0.0,0.0,0.3,4.46
9.4,202.3,6.19,59.8,413,190.4,190.1,190.4,500.0,500.0,0.0,0.0,0.0,0.3,4.47
9.3,202.3,6.19,59.8,414,190.3,190.1,190.4,500.0,500.0,0.0,0.0,0.0,0.3,4.48
9.3,202.3,6.19,59.8,415,190.3,190.1,190.4,500.0,500.0,0.0,0.0,0.0,0.3,4.49
9.2,202.3,6.19,59.6,416,190.3,190.0,190.4,500.0,500.0,0.0,0.0,0.0,0.3,4.50
9.1,202.3,6.19,59.8,417,190.3,190.0,190.4,500.0,500.0,0.0,0.0,0.0,0.3,4.51
9.1,202.3,6.19,59.8,418,190.3,190.0,190.4,500.0,500.0,0.0,0.0,0.0,0.3,4.52
9.2,202.3,6.19,59.8,419,190.3,190.0,190.4,500.0,500.0,0.0,0.0,0.0,0.3,4.53
9.3,202.3,6.19,59.6,420,190.3,190.0,190.4,500.0,500.0,0.0,0.0,0.0,0.3,4.53
9.2,202.3,6.19,59.8,421,190.3,190.0,190.4,500.0,500.0,0.0,0.0,0.0,0.3,4.54
9.3,202.3,6.19,59.8,422,190.3,190.0,190.4,500.0,500.0,0.0,0.0,0.0,0.3,4.55
9.2,202.3,6.19,59.8,423,190.3,190.0,190.4,500.0,500.0,0.0,0.0,0.0,0.3,4.56
9.3,202.4,6.19,59.8,424,190.3,190.0,190.4,500.0,500.0,0.0,0.0,0.0,0.3,4.57
9.3,202.4,6.19,59.8,425,190.3,190.0,190.3,500.0,500.0,0.0,0.0,0.0,0.3,4.58
9.6,202.5,6.19,59.8,426,190.3,190.0,190.3,500.0,500.0,0.0,0.0,0.0,0.3,4.59
9.6,202.5,6.19,59.8,427,190.3,190.0,190.4,500.0,500.0,0.0,0.0,0.0,0.3,4.60
9.7,202.5,6.19,59.8,428,190.4,190.0,190.4,500.0,500.0,0.0,0.0,0.0,0.3,4.61
9.8,202.5,6.19,59.8,429,190.4,190.0,190.4,500.0,500.0,0.0,0.0,0.0,0.3,4.62
9.9,202.5,6.19,59.8,430,190.4,190.0,190.4,500.0,500.0,0.0,0.0,0.0,0.3,4.63
9.8,202.5,6.19,59.8,431,190.4,190.0,190.4,500.0,500.0,0.0,0.0,0.0,0.3,4.64
9.9,202.5,6.19,59.8,432,190.4,190.0,190.4,500.0,500.0,0.0,0.0,0.0,0.3,4.65
9.8,202.5,6.19,59.8,433,190.4,190.0,190.4,500.0,500.0,0.0,0.0,0.0,0.3,4.66
9.6,202.5,6.19,59.6,434,190.4,190.0,190.4,500.0,500.0,0.0,0.0,0.0,0.3,4.67
9.5,202.5,6.19,59.8,435,190.4,190.0,190.4,500.0,500.0,0.0,0.0,0.0,0.3,4.68
9.5,202.5,6.19,59.8,436,190.4,190.0,190.4,500.0,500.0,0.0,0.0,0.0,0.3,4.69
9.4,202.5,6.19,59.6,437,190.4,190.0,190.4,500.0,500.0,0.0,0.0,0.0,0.3,4.70
9.5,202.6,6.19,59.6,438,190.4,190.0,190.4,500.0,500.0,0.0,0.0,0.0,0.3,4.71
9.5,202.6,6.19,59.6,439,190.4,190.0,190.4,500.0,500.0,0.0,0.0,0.0,0.3,4.72
9.6,202.6,6.19,59.6,440,190.4,190.0,190.4,500.0,500.0,0.0,0.0,0.0,0.3,4.72
9.6,202.6,6.19,59.6,441,190.4,190.0,190.4,500.0,500.0,0.0,0.0,0.0,0.3,4.73
9.8,202.6,6.19,59.8,442,190.4,190.0,190.4,500.0,500.0,0.0,0.0,0.0,0.3,4.74
9.7,202.6,6.19,59.6,443,190.4,190.0,190.4,500.0,500.0,0.0,0.0,0.0,0.3,4.75
9.7,202.6,6.19,59.8,444,190.4,190.0,190.4,500.0,500.0,0.0,0.0,0.0,0.3,4.76
9.7,202.6,6.19,59.8,445,190.4,190.0,190.4,500.0,500.0,0.0,0.0,0.0,0.3,4.77
9.7,202.6,6.19,59.8,446,190.4,190.0,190.3,500.0,500.0,0.0,0.0,0.0,0.3,4.78
9.7,202.6,6.19,59.6,447,190.4,190.0,190.3,500.0,500.0,0.0,0.0,0.0,0.3,4.79
9.7,202.6,6.19,59.8,448,190.4,190.0,190.3,500.0,500.0,0.0,0.0,0.0,0.3,4.80
9.8,202.6,6.19,59.8,449,190.3,190.0,190.3,500.0,500.0,0.0,0.0,0.0,0.3,4.81
9.9,202.6,6.19,59.6,450,190.3,190.0,190.3,500.0,500.0,0.0,0.0,0.0,0.3,4.82
9.9,202.6,6.19,59.6,451,190.3,190.0,190.3,500.0,500.0,0.0,0.0,0.0,0.3,4.83
10.0,202.6,6.19,59.8,452,190.3,190.0,190.3,500.0,500.0,0.0,0.0,0.0,0.3,4.84
9.9,202.6,6.19,59.8,453,190.3,190.0,190.3,500.0,500.0,0.0,0.0,0.0,0.3,4.85
9.8,202.6,6.19,59.8,454,190.3,190.0,190.3,500.0,500.0,0.0,0.0,0.0,0.3,4.86
9.7,202.6,6.19,60.0,455,190.3,190.0,190.3,500.0,500.0,0.0,0.0,0.0,0.3,4.87
9.7,202.6,6.19,59.8,456,190.3,190.0,190.3,500.0,500.0,0.0,0.0,0.0,0.3,4.88
9.5,202.7,6.19,59.8,457,190.3,190.0,190.3,500.0,500.0,0.0,0.0,0.0,0.3,4.89
9.4,202.7,6.19,59.8,458,190.3,190.0,190.2,500.0,500.0,0.0,0.0,0.0,0.3,4.90
9.4,202.7,6.19,59.8,459,190.3,190.0,190.2,500.0,500.0,0.0,0.0,0.0,0.3,4.91
9.4,202.7,6.19,59.8,460,190.3,190.0,190.2,500.0,500.0,0.0,0.0,0.0,0.3,4.92
9.2,202.7,6.19,60.0,461,190.3,190.0,190.2,500.0,500.0,0.0,0.0,0.0,0.3,4.93
9.2,202.7,6.19,60.0,462,190.3,190.0,190.2,500.0,500.0,0.0,0.0,0.0,0.3,4.94
9.3,202.7,6.19,60.0,463,190.3,190.0,190.2,500.0,500.0,0.0,0.0,0.0,0.3,4.95
9.1,202.7,6.19,59.8,464,190.3,190.0,190.2,500.0,500.0,0.0,0.0,0.0,0.3,4.95
9.1,202.7,6.19,59.8,465,190.3,190.0,190.2,500.0,500.0,0.0,0.0,0.0,0.3,4.96
9.3,202.7,6.19,59.8,466,190.3,190.0,190.2,500.0,500.0,0.0,0.0,0.0,0.3,4.97
9.3,202.7,6.19,59.8,467,190.3,190.0,190.2,500.0,500.0,0.0,0.0,0.0,0.3,4.98
9.4,202.7,6.19,59.6,468,190.3,190.0,190.1,500.0,500.0,0.0,0.0,0.0,0.3,4.99
9.4,202.7,6.19,59.8,469,190.3,190.0,190.1,500.0,500.0,0.0,0.0,0.0,0.3,5.00
9.4,202.7,6.19,59.8,470,190.3,190.0,190.1,500.0,500.0,0.0,0.0,0.0,0.3,5.01
9.3,202.7,6.19,59.8,471,190.3,190.0,190.1,500.0,500.0,0.0,0.0,0.0,0.3,5.02
9.3,202.7,6.19,59.8,472,190.3,190.0,190.1,500.0,500.0,0.0,0.0,0.0,0.3,5.03
9.3,202.7,6.19,59.8,473,190.3,190.0,190.1,500.0,500.0,0.0,0.0,0.0,0.3,5.04
9.3,202.7,6.19,59.8,474,190.3,190.0,190.1,500.0,500.0,0.0,0.0,0.0,0.3,5.05
9.3,202.7,6.19,59.8,475,190.3,190.0,190.1,500.0,500.0,0.0,0.0,0.0,0.3,5.06
9.5,202.7,6.19,59.8,476,190.2,190.0,190.1,500.0,500.0,0.0,0.0,0.0,0.3,5.07
9.5,202.7,6.19,59.6,477,190.2,190.0,190.1,500.0,500.0,0.0,0.0,0.0,0.3,5.08
9.7,202.7,6.19,59.8,478,190.2,190.0,190.0,500.0,500.0,0.0,0.0,0.0,0.3,5.09
9.7,202.7,6.19,59.8,479,190.2,190.0,190.0,500.0,500.0,0.0,0.0,0.0,0.3,5.10
9.9,202.7,6.19,59.8,480,190.2,190.0,190.0,500.0,500.0,0.0,0.0,0.0,0.3,5.11
9.9,202.7,6.19,59.6,481,190.2,190.0,190.0,500.0,500.0,0.0,0.0,0.0,0.3,5.11
10.0,202.7,6.19,59.8,482,190.2,190.0,190.0,500.0,500.0,0.0,0.0,0.0,0.3,5.12
9.9,202.7,6.19,59.8,483,190.2,190.0,190.0,500.0,500.0,0.0,0.0,0.0,0.3,5.13
9.9,202.7,6.19,59.8,484,190.2,190.0,190.0,500.0,500.0,0.0,0.0,0.0,0.3,5.14
9.9,202.7,6.19,59.8,485,190.2,190.0,190.0,500.0,500.0,0.0,0.0,0.0,0.3,5.15
9.9,202.7,6.19,59.8,486,190.2,190.0,190.0,500.0,500.0,0.0,0.0,0.0,0.3,5.16
9.9,202.7,6.19,59.8,487,190.2,190.0,190.0,500.0,500.0,0.0,0.0,0.0,0.3,5.17
10.0,202.7,6.19,59.8,488,190.2,190.0,190.0,500.0,500.0,0.0,0.0,0.0,0.3,5.18
9.8,202.7,6.19,59.8,489,190.2,190.0,190.0,500.0,500.0,0.0,0.0,0.0,0.3,5.19
9.5,202.7,6.19,59.6,490,190.2,190.0,190.0,500.0,500.0,0.0,0.0,0.0,0.3,5.20
9.4,202.7,6.19,59.8,491,190.2,190.0,190.0,500.0,500.0,0.0,0.0,0.0,0.3,5.21
9.3,202.7,6.19,59.8,492,190.2,190.0,190.0,500.0,500.0,0.0,0.0,0.0,0.3,5.22
9.2,202.8,6.19,59.8,493,190.2,190.0,190.0,500.0,500.0,0.0,0.0,0.0,0.3,5.23
9.3,202.8,6.19,59.6,494,190.2,190.0,190.0,500.0,500.0,0.0,0.0,0.0,0.3,5.24
9.4,202.8,6.19,59.8,495,190.2,190.0,190.0,500.0,500.0,0.0,0.0,0.0,0.3,5.25
9.4,202.9,6.19,59.8,496,190.2,190.0,190.0,500.0,500.0,0.0,0.0,0.0,0.3,5.26
9.3,202.9,6.19,59.8,497,190.3,190.0,190.0,500.0,500.0,0.0,0.0,0.0,0.3,5.27
9.1,202.9,6.19,59.8,498,190.3,190.0,190.0,500.0,500.0,0.0,0.0,0.0,0.3,5.28
8.9,202.9,6.19,59.8,499,190.3,190.0,190.0,500.0,500.0,0.0,0.0,0.0,0.3,5.29
8.9,202.9,6.19,59.8,500,190.3,190.0,190.0,500.0,500.0,0.0,0.0,0.0,0.3,5.30
8.9,202.9,6.19,59.8,501,190.3,190.0,190.0,500.0,500.0,0.0,0.0,0.0,0.3,5.30
9.1,202.9,6.19,59.8,502,190.3,190.0,190.0,500.0,500.0,0.0,0.0,0.0,0.3,5.31
9.1,202.9,6.19,59.8,503,190.3,190.0,190.0,500.0,500.0,0.0,0.0,0.0,0.3,5.32
9.1,202.9,6.19,59.8,504,190.3,190.0,190.0,500.0,500.0,0.0,0.0,0.0,0.3,5.33
9.1,202.9,6.19,59.8,505,190.3,190.0,190.0,500.0,500.0,0.0,0.0,0.0,0.3,5.34
9.3,202.9,6.19,59.8,506,190.3,190.0,190.0,500.0,500.0,0.0,0.0,0.0,0.3,5.35
9.4,202.9,6.19,59.8,507,190.3,190.0,190.0,500.0,500.0,0.0,0.0,0.0,0.3,5.36
9.6,202.9,6.19,59.6,508,190.3,190.0,190.0,500.0,500.0,0.0,0.0,0.0,0.3,5.37
9.8,202.9,6.19,59.8,509,190.3,190.0,190.0,500.0,500.0,0.0,0.0,0.0,0.3,5.38
9.8,202.9,6.19,59.8,510,190.3,190.0,190.0,500.0,500.0,0.0,0.0,0.0,0.3,5.39
9.8,202.9,6.19,59.8,511,190.3,190.0,190.0,500.0,500.0,0.0,0.0,0.0,0.3,5.40
9.9,202.9,6.19,59.6,512,190.3,190.0,190.0,500.0,500.0,0.0,0.0,0.0,0.3,5.41
9.9,202.9,6.19,59.6,513,190.3,190.0,190.0,500.0,500.0,0.0,0.0,0.0,0.3,5.42
9.8,202.9,6.19,59.6,514,190.3,190.0,190.0,500.0,500.0,0.0,0.0,0.0,0.3,5.43
9.9,202.9,6.19,59.6,515,190.3,190.0,190.0,500.0,500.0,0.0,0.0,0.0,0.3,5.44
10.0,202.9,6.19,59.6,516,190.3,190.0,190.0,500.0,500.0,0.0,0.0,0.0,0.3,5.45
9.9,202.9,6.19,59.6,517,190.3,190.0,190.0,500.0,500.0,0.0,0.0,0.0,0.3,5.46
9.9,202.9,6.19,59.8,518,190.3,190.0,190.0,500.0,500.0,0.0,0.0,0.0,0.3,5.47
10.1,202.9,6.19,59.8,519,190.3,190.0,190.0,500.0,500.0,0.0,0.0,0.0,0.3,5.48
10.0,202.9,6.19,59.8,520,190.3,190.0,190.0,500.0,500.0,0.0,0.0,0.0,0.3,5.49
10.0,202.9,6.19,59.6,521,190.3,190.0,190.0,500.0,500.0,0.0,0.0,0.0,0.3,5.50
10.0,202.9,6.19,59.8,522,190.3,190.0,190.0,500.0,500.0,0.0,0.0,0.0,0.3,5.51
10.0,202.9,6.19,59.8,523,190.3,190.0,190.0,500.0,500.0,0.0,0.0,0.0,0.3,5.52
9.7,202.9,6.19,59.8,524,190.2,190.0,190.0,500.0,500.0,0.0,0.0,0.0,0.3,5.53
9.6,202.9,6.19,59.8,525,190.2,190.0,190.0,500.0,500.0,0.0,0.0,0.0,0.3,5.54
9.4,202.9,6.19,59.8,526,190.2,190.0,190.0,500.0,500.0,0.0,0.0,0.0,0.3,5.55
9.2,203.0,6.19,59.8,527,190.2,190.0,190.0,500.0,500.0,0.0,0.0,0.0,0.3,5.55
9.0,203.0,6.19,59.8,528,190.2,190.0,190.0,500.0,500.0,0.0,0.0,0.0,0.3,5.56
9.0,202.9,6.19,59.8,529,190.2,190.0,190.0,500.0,500.0,0.0,0.0,0.0,0.3,5.57
9.1,202.9,6.19,59.6,530,190.2,189.9,190.0,500.0,500.0,0.0,0.0,0.0,0.3,5.58
9.2,202.9,6.19,59.8,531,190.2,189.9,190.0,500.0,500.0,0.0,0.0,0.0,0.3,5.59
9.1,202.9,6.19,59.8,532,190.2,189.9,190.0,500.0,500.0,0.0,0.0,0.0,0.3,5.60
9.1,202.9,6.19,59.8,533,190.2,189.9,190.0,500.0,500.0,0.0,0.0,0.0,0.3,5.61
9.0,202.9,6.19,59.6,534,190.2,189.9,190.0,500.0,500.0,0.0,0.0,0.0,0.3,5.62
8.9,202.9,6.19,59.8,535,190.2,189.9,190.0,500.0,500.0,0.0,0.0,0.0,0.3,5.63
8.9,202.9,6.19,59.8,536,190.2,189.9,190.0,500.0,500.0,0.0,0.0,0.0,0.3,5.64
9.1,202.9,6.19,59.8,537,190.2,189.9,190.0,500.0,500.0,0.0,0.0,0.0,0.3,5.64
9.1,202.9,6.19,59.8,538,190.2,190.0,190.0,500.0,500.0,0.0,0.0,0.0,0.3,5.65
9.3,202.9,6.19,60.0,539,190.2,190.0,190.0,500.0,500.0,0.0,0.0,0.0,0.3,5.66
9.4,202.9,6.19,60.0,540,190.2,190.0,190.0,500.0,500.0,0.0,0.0,0.0,0.3,5.67
9.6,202.9,6.19,60.0,541,190.2,190.0,190.0,500.0,500.0,0.0,0.0,0.0,0.3,5.68
9.7,202.9,6.19,60.0,542,190.2,190.0,190.0,500.0,500.0,0.0,0.0,0.0,0.3,5.69
9.8,202.9,6.19,59.8,543,190.2,190.0,190.0,500.0,500.0,0.0,0.0,0.0,0.3,5.70
9.8,202.9,6.19,59.8,544,190.2,190.0,190.0,500.0,500.0,0.0,0.0,0.0,0.3,5.71
9.9,202.9,6.19,59.8,545,190.2,190.0,190.0,500.0,500.0,0.0,0.0,0.0,0.3,5.72
9.9,202.9,6.19,59.8,546,190.2,190.0,190.0,500.0,500.0,0.0,0.0,0.0,0.3,5.73
9.9,202.9,6.19,59.6,547,190.2,190.0,190.0,500.0,500.0,0.0,0.0,0.0,0.3,5.74
9.9,202.9,6.19,59.8,548,190.2,190.0,190.0,500.0,500.0,0.0,0.0,0.0,0.3,5.75
10.0,203.0,6.19,59.8,549,190.1,190.0,190.0,500.0,500.0,0.0,0.0,0.0,0.3,5.76
10.0,203.0,6.19,59.8,550,190.1,190.0,190.0,500.0,500.0,0.0,0.0,0.0,0.3,5.77
10.0,203.0,6.19,59.8,551,190.1,190.0,190.0,500.0,500.0,0.0,0.0,0.0,0.3,5.78
10.0,203.0,6.19,60.0,552,190.1,190.0,190.0,500.0,500.0,0.0,0.0,0.0,0.3,5.79
10.0,203.0,6.19,60.0,553,190.1,190.0,190.0,500.0,500.0,0.0,0.0,0.0,0.3,5.80
9.9,203.0,6.19,59.8,554,190.1,190.0,190.0,500.0,500.0,0.0,0.0,0.0,0.3,5.81
9.9,203.0,6.19,59.8,555,190.1,190.0,190.0,500.0,500.0,0.0,0.0,0.0,0.3,5.82
9.8,202.9,6.19,59.8,556,190.1,190.0,190.0,500.0,500.0,0.0,0.0,0.0,0.3,5.83
9.9,202.9,6.19,59.8,557,190.1,190.0,190.0,500.0,500.0,0.0,0.0,0.0,0.3,5.84
10.0,202.9,6.19,59.8,558,190.1,190.0,190.0,500.0,500.0,0.0,0.0,0.0,0.3,5.85
9.9,202.9,6.19,59.8,559,190.1,190.0,190.0,500.0,500.0,0.0,0.0,0.0,0.3,5.86
9.9,202.9,6.19,59.8,560,190.1,190.0,190.0,500.0,500.0,0.0,0.0,0.0,0.3,5.87
9.7,203.0,6.19,59.8,561,190.1,190.0,190.0,500.0,500.0,0.0,0.0,0.0,0.3,5.88
9.5,203.0,6.19,59.8,562,190.1,190.0,190.0,500.0,500.0,0.0,0.0,0.0,0.3,5.89
9.1,203.0,6.19,59.8,563,190.1,190.0,190.0,500.0,500.0,0.0,0.0,0.0,0.3,5.90
9.2,202.9,6.19,59.8,564,190.1,190.0,190.0,500.0,500.0,0.0,0.0,0.0,0.3,5.91
9.1,203.0,6.19,59.8,565,190.1,190.0,190.0,500.0,500.0,0.0,0.0,0.0,0.3,5.92
9.2,203.0,6.19,59.8,566,190.1,190.0,190.0,500.0,500.0,0.0,0.0,0.0,0.3,5.92
9.4,203.0,6.19,59.8,567,190.1,190.0,190.0,500.0,500.0,0.0,0.0,0.0,0.3,5.93
9.6,203.0,6.19,59.6,568,190.1,190.0,190.0,500.0,500.0,0.0,0.0,0.0,0.3,5.94
9.6,203.0,6.19,59.8,569,190.1,190.0,190.0,500.0,500.0,0.0,0.0,0.0,0.3,5.95
9.6,203.0,6.19,59.8,570,190.1,190.0,190.0,500.0,500.0,0.0,0.0,0.0,0.3,5.96
9.5,203.0,6.19,59.8,571,190.1,190.0,190.0,500.0,500.0,0.0,0.0,0.0,0.3,5.97
9.3,203.0,6.19,59.6,572,190.1,190.0,190.0,500.0,500.0,0.0,0.0,0.0,0.3,5.98
9.3,203.0,6.19,59.8,573,190.1,190.0,190.0,500.0,500.0,0.0,0.0,0.0,0.3,5.99
9.4,203.0,6.19,59.8,574,190.1,190.0,190.0,500.0,500.0,0.0,0.0,0.0,0.3,6.00
9.2,203.0,6.19,59.8,575,190.1,190.0,190.0,500.0,500.0,0.0,0.0,0.0,0.3,6.01
9.2,203.0,6.19,59.8,576,190.1,190.0,190.0,500.0,500.0,0.0,0.0,0.0,0.3,6.02
9.3,203.0,6.19,59.8,577,190.1,190.0,190.0,500.0,500.0,0.0,0.0,0.0,0.3,6.03
9.4,203.0,6.19,59.8,578,190.1,190.0,190.0,500.0,500.0,0.0,0.0,0.0,0.3,6.04
9.4,203.0,6.19,59.8,579,190.1,190.0,190.0,500.0,500.0,0.0,0.0,0.0,0.3,6.05
9.5,203.0,6.19,59.8,580,190.1,190.0,190.0,500.0,500.0,0.0,0.0,0.0,0.3,6.06
9.4,203.0,6.19,59.8,581,190.1,190.0,190.0,500.0,500.0,0.0,0.0,0.0,0.3,6.07
9.5,203.0,6.19,60.0,582,190.1,190.0,190.0,500.0,500.0,0.0,0.0,0.0,0.3,6.07
9.4,203.0,6.19,60.0,583,190.1,190.0,190.0,500.0,500.0,0.0,0.0,0.0,0.3,6.08
9.4,203.0,6.19,60.0,584,190.1,190.0,190.0,500.0,500.0,0.0,0.0,0.0,0.3,6.09
9.6,203.0,6.19,59.8,585,190.1,190.0,190.0,500.0,500.0,0.0,0.0,0.0,0.3,6.10
9.7,203.0,6.19,59.8,586,190.1,190.0,190.0,500.0,500.0,0.0,0.0,0.0,0.3,6.11
9.7,203.0,6.19,59.8,587,190.1,190.0,190.0,500.0,500.0,0.0,0.0,0.0,0.3,6.12
9.9,203.0,6.19,59.8,588,190.1,190.0,190.0,500.0,500.0,0.0,0.0,0.0,0.3,6.13
9.8,203.0,6.19,59.8,589,190.1,190.0,190.0,500.0,500.0,0.0,0.0,0.0,0.3,6.14
9.6,203.0,6.19,59.8,590,190.1,190.0,190.0,500.0,500.0,0.0,0.0,0.0,0.3,6.15
9.5,202.9,6.19,59.8,591,190.1,190.0,190.0,500.0,500.0,0.0,0.0,0.0,0.3,6.16
9.5,202.9,6.19,59.8,592,190.1,190.0,190.0,500.0,500.0,0.0,0.0,0.0,0.3,6.17
9.3,202.9,6.19,59.6,593,190.1,190.0,190.0,500.0,500.0,0.0,0.0,0.0,0.3,6.18
9.3,202.9,6.19,59.6,594,190.1,190.0,190.0,500.0,500.0,0.0,0.0,0.0,0.3,6.19
9.4,202.9,6.19,59.8,595,190.1,190.0,190.0,500.0,500.0,0.0,0.0,0.0,0.3,6.20
9.5,202.9,6.19,59.8,596,190.1,190.0,190.0,500.0,500.0,0.0,0.0,0.0,0.3,6.21
9.3,202.9,6.19,59.8,597,190.1,190.0,190.0,500.0,500.0,0.0,0.0,0.0,0.3,6.22
9.3,202.9,6.19,59.8,598,190.1,190.0,190.0,500.0,500.0,0.0,0.0,0.0,0.3,6.23
9.5,202.9,6.19,59.8,599,190.1,190.0,190.0,500.0,500.0,0.0,0.0,0.0,0.3,6.24
