扭矩,料温,压力,转速,时间,温度1,温度2,温度3,温度4,温度5,温度6,温度7,温度8,顶栓,能量
1.7,185.4,6.19,1.4,0,189.7,190.0,190.0,500.0,500.0,0.0,0.0,0.0,0.2,0.00
1.6,185.4,6.19,7.0,1,189.7,190.0,190.0,500.0,500.0,0.0,0.0,0.0,0.2,0.00
1.5,185.5,6.19,12.8,2,189.7,190.0,190.0,500.0,500.0,0.0,0.0,0.0,0.3,0.00
1.4,185.3,6.19,18.6,3,189.7,190.0,190.0,500.0,500.0,0.0,0.0,0.0,0.3,0.00
1.3,185.0,6.19,24.6,4,189.7,190.0,190.0,500.0,500.0,0.0,0.0,0.0,0.3,0.00
1.2,184.3,6.19,29.2,5,189.8,190.0,190.0,500.0,500.0,0.0,0.0,0.0,0.3,0.00
1.1,183.7,6.19,29.6,6,189.8,190.0,190.0,500.0,500.0,0.0,0.0,0.0,0.3,0.00
1.1,182.9,6.19,29.8,7,189.8,190.0,190.0,500.0,500.0,0.0,0.0,0.0,0.3,0.00
0.9,182.3,6.19,29.8,8,189.8,189.9,190.0,500.0,500.0,0.0,0.0,0.0,0.3,0.00
2.1,181.6,6.19,29.8,9,189.8,189.8,189.9,500.0,500.0,0.0,0.0,0.0,0.3,0.00
6.3,181.2,6.19,29.6,10,189.8,189.8,189.9,500.0,500.0,0.0,0.0,0.0,0.3,0.01
11.2,180.3,6.19,29.6,11,189.8,189.8,189.9,500.0,500.0,0.0,0.0,0.0,0.3,0.01
15.0,178.2,6.19,29.6,12,189.9,189.8,189.7,500.0,500.0,0.0,0.0,0.0,0.3,0.02
18.9,175.2,6.19,29.8,13,189.9,189.8,189.6,500.0,500.0,0.0,0.0,0.0,0.3,0.03
21.7,172.0,6.19,29.6,14,189.9,189.8,189.6,500.0,500.0,0.0,0.0,0.0,0.3,0.04
21.0,169.9,6.19,29.8,15,189.9,189.8,189.6,500.0,500.0,0.0,0.0,0.0,0.3,0.05
20.9,168.2,6.19,29.6,16,189.9,189.8,189.6,500.0,500.0,0.0,0.0,0.0,0.3,0.06
22.1,167.0,6.19,29.6,17,189.9,189.8,189.5,500.0,500.0,0.0,0.0,0.0,0.3,0.07
22.2,165.9,6.19,29.4,18,189.9,189.8,189.4,500.0,500.0,0.0,0.0,0.0,0.3,0.08
23.3,165.0,6.19,29.6,19,189.9,189.8,189.4,500.0,500.0,0.0,0.0,0.0,0.3,0.09
24.1,164.2,6.19,29.6,20,189.9,189.8,189.4,500.0,500.0,0.0,0.0,0.0,0.3,0.11
24.8,163.6,6.19,29.6,21,189.9,189.9,189.4,500.0,500.0,0.0,0.0,0.0,0.3,0.12
23.8,163.0,6.19,29.6,22,189.9,189.9,189.3,500.0,500.0,0.0,0.0,0.0,0.3,0.13
24.0,162.8,6.19,29.8,23,189.9,189.9,189.1,500.0,500.0,0.0,0.0,0.0,0.3,0.14
23.3,162.7,6.19,29.6,24,189.8,189.9,189.1,500.0,500.0,0.0,0.0,0.0,0.3,0.15
22.9,162.9,6.19,29.6,25,189.8,190.0,189.1,500.0,500.0,0.0,0.0,0.0,0.3,0.17
21.0,163.0,6.19,29.8,26,189.8,190.0,189.1,500.0,500.0,0.0,0.0,0.0,0.3,0.18
20.8,163.1,6.19,29.8,27,189.8,190.0,189.1,500.0,500.0,0.0,0.0,0.0,0.3,0.19
20.3,163.2,6.19,29.6,28,189.7,190.0,188.9,500.0,500.0,0.0,0.0,0.0,0.3,0.20
19.5,163.3,6.19,29.8,29,189.7,190.0,188.9,500.0,500.0,0.0,0.0,0.0,0.3,0.21
18.2,163.6,6.19,29.8,30,189.7,190.0,188.9,500.0,500.0,0.0,0.0,0.0,0.3,0.22
17.6,164.1,6.19,29.8,31,189.6,190.0,188.9,500.0,500.0,0.0,0.0,0.0,0.3,0.22
16.0,164.5,6.19,29.8,32,189.5,190.0,188.8,500.0,500.0,0.0,0.0,0.0,0.3,0.23
14.3,165.1,6.19,30.0,33,189.5,190.0,188.7,500.0,500.0,0.0,0.0,0.0,0.3,0.24
12.9,165.6,6.19,29.8,34,189.5,190.0,188.7,500.0,500.0,0.0,0.0,0.0,0.3,0.25
12.1,166.1,6.19,29.8,35,189.5,190.0,188.7,500.0,500.0,0.0,0.0,0.0,0.3,0.25
10.9,166.6,6.19,29.8,36,189.5,190.0,188.7,500.0,500.0,0.0,0.0,0.0,0.3,0.26
10.8,167.0,6.19,29.8,37,189.5,190.0,188.7,500.0,500.0,0.0,0.0,0.0,0.3,0.26
10.7,167.3,6.19,29.6,38,189.5,190.0,188.6,500.0,500.0,0.0,0.0,0.0,0.3,0.27
10.8,167.6,6.19,29.8,39,189.4,190.0,188.6,500.0,500.0,0.0,0.0,0.0,0.3,0.27
10.5,168.2,6.19,29.8,40,189.4,190.0,188.6,500.0,500.0,0.0,0.0,0.0,0.3,0.28
10.6,168.7,6.19,29.8,41,189.4,190.0,188.6,500.0,500.0,0.0,0.0,0.0,0.3,0.28
10.0,169.3,6.19,29.6,42,189.4,190.0,188.6,500.0,500.0,0.0,0.0,0.0,0.3,0.29
9.7,169.8,6.19,29.8,43,189.4,190.0,188.6,500.0,500.0,0.0,0.0,0.0,0.3,0.29
9.2,170.3,6.19,29.8,44,189.4,190.0,188.6,500.0,500.0,0.0,0.0,0.0,0.3,0.30
9.2,170.6,6.19,29.8,45,189.4,190.0,188.7,500.0,500.0,0.0,0.0,0.0,0.3,0.30
9.2,170.9,6.19,29.6,46,189.5,190.0,188.7,500.0,500.0,0.0,0.0,0.0,0.3,0.31
9.4,171.2,6.19,30.0,47,189.5,190.0,188.7,500.0,500.0,0.0,0.0,0.0,0.3,0.31
9.4,171.4,6.19,30.0,48,189.5,190.0,188.7,500.0,500.0,0.0,0.0,0.0,0.3,0.32
9.6,171.8,6.19,30.0,49,189.5,189.9,188.7,500.0,500.0,0.0,0.0,0.0,0.3,0.32
9.4,172.1,6.19,29.8,50,189.4,189.9,188.7,500.0,500.0,0.0,0.0,0.0,0.3,0.33
9.3,172.5,6.19,30.0,51,189.4,189.9,188.7,500.0,500.0,0.0,0.0,0.0,0.3,0.33
8.8,172.9,6.19,29.8,52,189.4,189.8,188.7,500.0,500.0,0.0,0.0,0.0,0.3,0.33
8.9,173.3,6.19,29.8,53,189.4,189.7,188.7,500.0,500.0,0.0,0.0,0.0,0.3,0.34
8.4,173.8,6.19,29.8,54,189.4,189.7,188.7,500.0,500.0,0.0,0.0,0.0,0.3,0.34
8.6,174.2,6.19,30.0,55,189.5,189.7,188.8,500.0,500.0,0.0,0.0,0.0,0.3,0.35
8.8,174.6,6.19,29.8,56,189.5,189.7,188.9,500.0,500.0,0.0,0.0,0.0,0.3,0.35
9.2,174.9,6.19,29.8,57,189.5,189.7,188.9,500.0,500.0,0.0,0.0,0.0,0.3,0.36
9.1,175.2,6.19,29.8,58,189.6,189.7,188.9,500.0,500.0,0.0,0.0,0.0,0.3,0.36
9.2,175.5,6.19,29.8,59,189.7,189.7,188.9,500.0,500.0,0.0,0.0,0.0,0.3,0.37
9.5,175.7,6.19,29.6,60,189.8,189.7,189.0,500.0,500.0,0.0,0.0,0.0,0.3,0.37
9.1,176.0,6.19,29.8,61,189.8,189.7,189.3,500.0,500.0,0.0,0.0,0.0,0.3,0.37
9.3,176.3,6.19,29.8,62,189.8,189.7,189.3,500.0,500.0,0.0,0.0,0.0,0.3,0.38
9.2,176.6,6.19,29.8,63,189.8,189.7,189.3,500.0,500.0,0.0,0.0,0.0,0.3,0.38
9.4,176.9,6.19,29.6,64,189.9,189.7,189.4,500.0,500.0,0.0,0.0,0.0,0.3,0.39
9.0,177.0,6.19,29.8,65,189.9,189.7,189.4,500.0,500.0,0.0,0.0,0.0,0.3,0.39
9.1,177.2,6.19,29.8,66,190.0,189.7,189.6,500.0,500.0,0.0,0.0,0.0,0.3,0.40
9.0,177.3,6.19,29.8,67,190.0,189.7,189.6,500.0,500.0,0.0,0.0,0.0,0.3,0.40
9.1,177.6,6.19,29.6,68,190.0,189.7,189.6,500.0,500.0,0.0,0.0,0.0,0.3,0.41
9.0,177.9,6.19,29.8,69,190.0,189.8,189.6,500.0,500.0,0.0,0.0,0.0,0.3,0.41
9.1,178.2,6.19,29.8,70,190.0,189.9,189.7,500.0,500.0,0.0,0.0,0.0,0.3,0.42
9.2,178.5,6.19,29.8,71,190.0,189.9,189.8,500.0,500.0,0.0,0.0,0.0,0.3,0.42
9.2,178.7,6.19,29.8,72,190.0,189.9,189.9,500.0,500.0,0.0,0.0,0.0,0.3,0.42
9.3,179.0,6.19,29.8,73,190.0,189.9,189.9,500.0,500.0,0.0,0.0,0.0,0.3,0.43
9.3,179.2,6.19,29.6,74,190.0,190.0,189.9,500.0,500.0,0.0,0.0,0.0,0.3,0.43
9.3,179.5,6.19,29.6,75,190.0,190.0,190.0,500.0,500.0,0.0,0.0,0.0,0.3,0.44
9.2,179.7,6.19,29.6,76,190.0,190.0,190.0,500.0,500.0,0.0,0.0,0.0,0.3,0.44
9.3,180.0,6.19,29.6,77,190.0,190.0,190.0,500.0,500.0,0.0,0.0,0.0,0.3,0.45
9.2,180.2,6.19,29.6,78,190.0,190.0,190.0,500.0,500.0,0.0,0.0,0.0,0.3,0.45
9.3,180.4,6.19,29.8,79,190.0,190.0,190.0,500.0,500.0,0.0,0.0,0.0,0.3,0.46
9.4,180.5,6.19,29.8,80,190.0,190.0,190.0,500.0,500.0,0.0,0.0,0.0,0.3,0.46
9.8,180.7,6.19,29.8,81,190.0,190.0,190.0,500.0,500.0,0.0,0.0,0.0,0.3,0.47
9.8,180.9,6.19,29.6,82,190.0,190.0,190.0,500.0,500.0,0.0,0.0,0.0,0.3,0.47
10.2,181.0,6.19,29.8,83,190.0,190.0,190.0,500.0,500.0,0.0,0.0,0.0,0.3,0.48
10.2,181.2,6.19,29.8,84,190.0,190.0,190.0,500.0,500.0,0.0,0.0,0.0,0.3,0.48
10.4,181.3,6.19,29.8,85,190.0,190.0,190.0,500.0,500.0,0.0,0.0,0.0,0.3,0.49
10.3,181.5,6.19,29.6,86,190.0,190.0,190.0,500.0,500.0,0.0,0.0,0.0,0.3,0.49
10.3,181.8,6.19,29.6,87,190.0,190.0,190.0,500.0,500.0,0.0,0.0,0.0,0.3,0.50
10.2,182.0,6.19,29.6,88,190.0,190.0,190.0,500.0,500.0,0.0,0.0,0.0,0.3,0.50
10.1,182.1,6.19,29.6,89,190.0,190.0,190.0,500.0,500.0,0.0,0.0,0.0,0.3,0.51
9.9,182.2,6.19,29.6,90,190.0,190.0,190.0,500.0,500.0,0.0,0.0,0.0,0.3,0.51
9.8,182.4,6.19,29.8,91,190.0,190.0,190.0,500.0,500.0,0.0,0.0,0.0,0.3,0.52
9.6,182.6,6.19,29.8,92,190.0,190.0,190.0,500.0,500.0,0.0,0.0,0.0,0.3,0.52
9.5,182.7,6.19,29.8,93,190.0,190.0,190.0,500.0,500.0,0.0,0.0,0.0,0.3,0.53
9.4,182.9,6.19,29.8,94,190.0,190.0,190.1,500.0,500.0,0.0,0.0,0.0,0.3,0.53
9.7,183.0,6.19,29.8,95,190.0,190.0,190.2,500.0,500.0,0.0,0.0,0.0,0.3,0.54
9.7,183.2,6.19,29.6,96,190.0,190.0,190.2,500.0,500.0,0.0,0.0,0.0,0.3,0.54
10.0,183.4,6.19,29.8,97,190.0,190.0,190.2,500.0,500.0,0.0,0.0,0.0,0.3,0.54
9.8,183.5,6.19,29.8,98,190.0,190.0,190.2,500.0,500.0,0.0,0.0,0.0,0.3,0.55
10.0,183.6,6.19,29.8,99,190.0,190.0,190.2,500.0,500.0,0.0,0.0,0.0,0.3,0.55
9.6,183.8,6.19,29.6,100,190.0,190.0,190.2,500.0,500.0,0.0,0.0,0.0,0.3,0.56
9.8,183.9,6.19,29.8,101,190.0,190.0,190.2,500.0,500.0,0.0,0.0,0.0,0.3,0.56
9.6,183.9,6.19,29.8,102,190.0,190.0,190.2,500.0,500.0,0.0,0.0,0.0,0.3,0.57
9.8,184.0,6.19,29.8,103,190.1,190.0,190.3,500.0,500.0,0.0,0.0,0.0,0.3,0.57
9.5,184.1,6.19,29.8,104,190.1,190.0,190.3,500.0,500.0,0.0,0.0,0.0,0.3,0.58
9.5,184.3,6.19,29.8,105,190.1,190.0,190.3,500.0,500.0,0.0,0.0,0.0,0.3,0.58
9.2,184.4,6.19,29.8,106,190.1,190.0,190.3,500.0,500.0,0.0,0.0,0.0,0.3,0.59
9.2,184.5,6.19,29.8,107,190.1,190.0,190.3,500.0,500.0,0.0,0.0,0.0,0.3,0.59
9.1,184.7,6.19,29.8,108,190.1,190.0,190.3,500.0,500.0,0.0,0.0,0.0,0.3,0.60
9.3,184.8,6.19,29.6,109,190.1,190.0,190.3,500.0,500.0,0.0,0.0,0.0,0.3,0.60
9.3,185.0,6.19,29.8,110,190.1,190.0,190.3,500.0,500.0,0.0,0.0,0.0,0.3,0.61
9.4,185.1,6.19,29.8,111,190.2,190.0,190.3,500.0,500.0,0.0,0.0,0.0,0.3,0.61
9.2,185.2,6.19,29.8,112,190.2,190.0,190.3,500.0,500.0,0.0,0.0,0.0,0.3,0.62
9.3,185.3,6.19,29.8,113,190.2,190.0,190.3,500.0,500.0,0.0,0.0,0.0,0.3,0.62
9.2,185.4,6.19,29.8,114,190.2,190.0,190.3,500.0,500.0,0.0,0.0,0.0,0.3,0.62
9.3,185.6,6.19,29.8,115,190.2,190.0,190.3,500.0,500.0,0.0,0.0,0.0,0.3,0.63
9.3,185.7,6.19,29.8,116,190.2,190.0,190.3,500.0,500.0,0.0,0.0,0.0,0.3,0.63
9.7,185.8,6.19,29.8,117,190.2,190.0,190.3,500.0,500.0,0.0,0.0,0.0,0.3,0.64
9.7,185.9,6.19,29.8,118,190.2,190.0,190.3,500.0,500.0,0.0,0.0,0.0,0.3,0.64
9.7,186.0,6.19,29.8,119,190.2,190.0,190.3,500.0,500.0,0.0,0.0,0.0,0.3,0.65
9.8,186.1,6.19,29.8,120,190.2,190.0,190.2,500.0,500.0,0.0,0.0,0.0,0.3,0.65
9.8,186.2,6.19,29.8,121,190.2,190.0,190.2,500.0,500.0,0.0,0.0,0.0,0.3,0.66
9.7,186.3,6.19,29.8,122,190.2,190.0,190.2,500.0,500.0,0.0,0.0,0.0,0.3,0.66
9.7,186.4,6.19,29.6,123,190.2,190.0,190.2,500.0,500.0,0.0,0.0,0.0,0.3,0.67
9.7,186.5,6.19,29.8,124,190.2,190.0,190.2,500.0,500.0,0.0,0.0,0.0,0.3,0.67
9.7,186.6,6.19,29.8,125,190.2,190.0,190.1,500.0,500.0,0.0,0.0,0.0,0.3,0.68
9.6,186.7,6.19,29.8,126,190.2,190.0,190.1,500.0,500.0,0.0,0.0,0.0,0.3,0.68
9.6,186.8,6.19,29.6,127,190.2,190.0,190.1,500.0,500.0,0.0,0.0,0.0,0.3,0.69
9.3,186.9,6.19,29.6,128,190.2,190.0,190.1,500.0,500.0,0.0,0.0,0.0,0.3,0.69
9.3,186.9,6.19,29.6,129,190.2,190.0,190.1,500.0,500.0,0.0,0.0,0.0,0.3,0.70
9.1,187.0,6.19,29.6,130,190.2,190.0,190.1,500.0,500.0,0.0,0.0,0.0,0.3,0.70
9.1,187.1,6.19,29.6,131,190.2,190.0,190.1,500.0,500.0,0.0,0.0,0.0,0.3,0.70
9.2,187.2,6.19,29.8,132,190.2,190.0,190.1,500.0,500.0,0.0,0.0,0.0,0.3,0.71
9.4,187.3,6.19,29.8,133,190.3,190.0,190.1,500.0,500.0,0.0,0.0,0.0,0.3,0.71
9.5,187.4,6.19,29.8,134,190.3,190.0,190.1,500.0,500.0,0.0,0.0,0.0,0.3,0.72
9.3,187.5,6.19,29.8,135,190.3,190.0,190.1,500.0,500.0,0.0,0.0,0.0,0.3,0.72
9.5,187.6,6.19,29.8,136,190.3,190.0,190.1,500.0,500.0,0.0,0.0,0.0,0.3,0.73
9.4,187.6,6.19,29.6,137,190.3,190.0,190.1,500.0,500.0,0.0,0.0,0.0,0.3,0.73
9.5,187.6,6.19,29.8,138,190.3,190.0,190.1,500.0,500.0,0.0,0.0,0.0,0.3,0.74
9.2,187.7,6.19,29.8,139,190.3,190.0,190.1,500.0,500.0,0.0,0.0,0.0,0.3,0.74
9.4,187.8,6.19,29.8,140,190.2,190.0,190.0,500.0,500.0,0.0,0.0,0.0,0.3,0.75
9.1,187.8,6.19,29.6,141,190.2,190.0,190.0,500.0,500.0,0.0,0.0,0.0,0.3,0.75
9.1,187.9,6.19,29.8,142,190.2,190.0,190.0,500.0,500.0,0.0,0.0,0.0,0.3,0.76
9.0,188.0,6.19,29.8,143,190.2,190.0,190.0,500.0,500.0,0.0,0.0,0.0,0.3,0.76
9.0,188.1,6.19,29.8,144,190.2,190.0,190.0,500.0,500.0,0.0,0.0,0.0,0.3,0.76
9.2,188.1,6.19,29.8,145,190.2,190.0,190.0,500.0,500.0,0.0,0.0,0.0,0.3,0.77
9.4,188.2,6.19,30.0,146,190.2,190.0,190.0,500.0,500.0,0.0,0.0,0.0,0.3,0.77
9.5,188.3,6.19,29.8,147,190.2,190.0,190.0,500.0,500.0,0.0,0.0,0.0,0.3,0.78
9.5,188.3,6.19,29.8,148,190.2,190.0,190.0,500.0,500.0,0.0,0.0,0.0,0.3,0.78
9.5,188.4,6.19,29.8,149,190.2,190.0,190.0,500.0,500.0,0.0,0.0,0.0,0.3,0.79
9.3,188.5,6.19,29.8,150,190.2,190.0,190.0,500.0,500.0,0.0,0.0,0.0,0.3,0.79
9.1,188.5,6.19,29.6,151,190.2,190.0,190.0,500.0,500.0,0.0,0.0,0.0,0.3,0.80
9.0,188.6,6.19,29.8,152,190.2,190.0,190.0,500.0,500.0,0.0,0.0,0.0,0.3,0.80
8.8,188.7,6.19,29.8,153,190.2,190.0,190.0,500.0,500.0,0.0,0.0,0.0,0.3,0.81
8.9,188.8,6.19,29.8,154,190.2,190.0,190.0,500.0,500.0,0.0,0.0,0.0,0.3,0.81
8.9,188.9,6.19,29.6,155,190.2,190.0,190.0,500.0,500.0,0.0,0.0,0.0,0.3,0.81
8.9,188.9,6.19,29.8,156,190.2,190.0,190.0,500.0,500.0,0.0,0.0,0.0,0.3,0.82
9.0,188.9,6.19,29.8,157,190.1,190.0,190.0,500.0,500.0,0.0,0.0,0.0,0.3,0.82
9.2,189.0,6.19,29.8,158,190.1,190.0,190.0,500.0,500.0,0.0,0.0,0.0,0.3,0.83
9.2,189.1,6.19,29.8,159,190.1,190.0,190.0,500.0,500.0,0.0,0.0,0.0,0.3,0.83
9.1,189.1,6.19,29.8,160,190.1,190.0,190.0,500.0,500.0,0.0,0.0,0.0,0.3,0.84
9.1,189.2,6.19,29.6,161,190.1,190.0,190.0,500.0,500.0,0.0,0.0,0.0,0.3,0.84
8.8,189.3,6.19,29.6,162,190.1,190.0,190.1,500.0,500.0,0.0,0.0,0.0,0.3,0.85
8.7,189.3,6.19,29.6,163,190.1,190.0,190.1,500.0,500.0,0.0,0.0,0.0,0.3,0.85
8.9,189.4,6.19,29.6,164,190.1,190.0,190.1,500.0,500.0,0.0,0.0,0.0,0.3,0.85
9.3,189.4,6.19,29.6,165,190.1,190.0,190.1,500.0,500.0,0.0,0.0,0.0,0.3,0.86
9.3,189.4,6.19,29.8,166,190.1,190.0,190.1,500.0,500.0,0.0,0.0,0.0,0.3,0.86
9.6,189.4,6.19,29.8,167,190.1,190.0,190.1,500.0,500.0,0.0,0.0,0.0,0.3,0.87
9.4,189.5,6.19,29.8,168,190.1,190.0,190.1,500.0,500.0,0.0,0.0,0.0,0.3,0.87
9.5,189.6,6.19,29.6,169,190.1,190.0,190.2,500.0,500.0,0.0,0.0,0.0,0.3,0.88
9.0,189.6,6.19,29.8,170,190.1,190.0,190.2,500.0,500.0,0.0,0.0,0.0,0.3,0.88
9.2,189.6,6.19,29.8,171,190.1,190.0,190.2,500.0,500.0,0.0,0.0,0.0,0.3,0.89
9.0,189.7,6.19,29.8,172,190.1,190.0,190.2,500.0,500.0,0.0,0.0,0.0,0.3,0.89
9.2,189.8,6.19,29.8,173,190.1,190.0,190.2,500.0,500.0,0.0,0.0,0.0,0.3,0.90
9.0,189.8,6.19,29.8,174,190.1,190.0,190.3,500.0,500.0,0.0,0.0,0.0,0.3,0.90
9.3,189.9,6.19,29.8,175,190.1,190.0,190.3,500.0,500.0,0.0,0.0,0.0,0.3,0.91
9.1,189.9,6.19,29.8,176,190.1,190.0,190.3,500.0,500.0,0.0,0.0,0.0,0.3,0.91
9.3,190.0,6.19,29.8,177,190.1,190.0,190.3,500.0,500.0,0.0,0.0,0.0,0.3,0.91
9.0,190.1,6.19,29.8,178,190.1,190.0,190.4,500.0,500.0,0.0,0.0,0.0,0.3,0.92
9.2,190.1,6.19,29.8,179,190.1,190.0,190.4,500.0,500.0,0.0,0.0,0.0,0.3,0.92
8.8,190.1,6.19,29.8,180,190.1,190.0,190.4,500.0,500.0,0.0,0.0,0.0,0.3,0.93
8.9,190.2,6.19,29.8,181,190.1,190.0,190.4,500.0,500.0,0.0,0.0,0.0,0.3,0.93
8.5,190.2,6.19,29.8,182,190.1,190.0,190.5,500.0,500.0,0.0,0.0,0.0,0.3,0.94
8.6,190.3,6.19,29.6,183,190.1,190.0,190.6,500.0,500.0,0.0,0.0,0.0,0.3,0.94
8.3,190.3,6.19,29.8,184,190.1,190.0,190.6,500.0,500.0,0.0,0.0,0.0,0.3,0.94
8.4,190.4,6.19,29.8,185,190.1,190.0,190.6,500.0,500.0,0.0,0.0,0.0,0.3,0.95
8.3,190.4,6.19,29.8,186,190.2,190.0,190.6,500.0,500.0,0.0,0.0,0.0,0.3,0.95
8.6,190.4,6.19,29.8,187,190.2,190.0,190.6,500.0,500.0,0.0,0.0,0.0,0.3,0.96
8.6,190.5,6.19,30.0,188,190.2,190.0,190.7,500.0,500.0,0.0,0.0,0.0,0.3,0.96
8.8,190.5,6.19,30.0,189,190.2,190.0,190.7,500.0,500.0,0.0,0.0,0.0,0.3,0.97
8.7,190.5,6.19,30.0,190,190.2,190.0,190.7,500.0,500.0,0.0,0.0,0.0,0.3,0.97
8.6,190.6,6.19,30.0,191,190.2,190.0,190.7,500.0,500.0,0.0,0.0,0.0,0.3,0.97
8.4,190.7,6.19,30.0,192,190.2,190.0,190.7,500.0,500.0,0.0,0.0,0.0,0.3,0.98
8.4,190.7,6.19,29.8,193,190.2,190.0,190.7,500.0,500.0,0.0,0.0,0.0,0.3,0.98
8.3,190.7,6.19,29.8,194,190.2,190.0,190.7,500.0,500.0,0.0,0.0,0.0,0.3,0.99
8.4,190.8,6.19,29.8,195,190.2,190.0,190.8,500.0,500.0,0.0,0.0,0.0,0.3,0.99
8.5,190.8,6.19,29.8,196,190.2,190.0,190.8,500.0,500.0,0.0,0.0,0.0,0.3,1.00
8.7,190.9,6.19,29.6,197,190.2,190.0,190.8,500.0,500.0,0.0,0.0,0.0,0.3,1.00
8.8,190.9,6.19,29.8,198,190.2,190.0,190.9,500.0,500.0,0.0,0.0,0.0,0.3,1.00
8.7,190.9,6.19,29.8,199,190.2,190.0,190.9,500.0,500.0,0.0,0.0,0.0,0.3,1.01
8.7,191.0,6.19,29.8,200,190.3,190.0,190.9,500.0,500.0,0.0,0.0,0.0,0.3,1.01
8.5,191.0,6.19,29.6,201,190.3,190.0,190.9,500.0,500.0,0.0,0.0,0.0,0.3,1.02
8.4,191.0,6.19,29.8,202,190.3,190.0,190.9,500.0,500.0,0.0,0.0,0.0,0.3,1.02
8.1,191.1,6.19,29.8,203,190.3,190.0,191.0,500.0,500.0,0.0,0.0,0.0,0.3,1.03
8.2,191.1,6.19,29.8,204,190.3,190.0,191.0,500.0,500.0,0.0,0.0,0.0,0.3,1.03
8.2,191.2,6.19,29.6,205,190.3,190.0,191.0,500.0,500.0,0.0,0.0,0.0,0.3,1.03
8.6,191.2,6.19,29.8,206,190.3,190.0,191.0,500.0,500.0,0.0,0.0,0.0,0.3,1.04
8.5,191.3,6.19,29.8,207,190.3,190.0,191.0,500.0,500.0,0.0,0.0,0.0,0.3,1.04
8.9,191.3,6.19,29.8,208,190.3,190.0,191.1,500.0,500.0,0.0,0.0,0.0,0.3,1.05
8.9,191.3,6.19,29.8,209,190.3,190.0,191.1,500.0,500.0,0.0,0.0,0.0,0.3,1.05
9.1,191.4,6.19,30.0,210,190.3,190.0,191.1,500.0,500.0,0.0,0.0,0.0,0.3,1.06
8.8,191.4,6.19,29.8,211,190.3,190.0,191.1,500.0,500.0,0.0,0.0,0.0,0.3,1.06
9.0,191.5,6.19,29.8,212,190.3,190.0,191.1,500.0,500.0,0.0,0.0,0.0,0.3,1.06
8.7,191.5,6.19,29.8,213,190.3,190.0,191.1,500.0,500.0,0.0,0.0,0.0,0.3,1.07
8.9,191.6,6.19,29.8,214,190.4,190.0,191.1,500.0,500.0,0.0,0.0,0.0,0.3,1.07
8.7,191.6,6.19,29.6,215,190.4,190.0,191.2,500.0,500.0,0.0,0.0,0.0,0.3,1.08
8.9,191.6,6.19,29.8,216,190.4,190.0,191.2,500.0,500.0,0.0,0.0,0.0,0.3,1.08
8.8,191.7,6.19,29.8,217,190.4,190.0,191.2,500.0,500.0,0.0,0.0,0.0,0.3,1.09
8.9,191.7,6.19,29.8,218,190.4,190.0,191.2,500.0,500.0,0.0,0.0,0.0,0.3,1.09
8.8,191.7,6.19,29.6,219,190.4,190.0,191.2,500.0,500.0,0.0,0.0,0.0,0.3,1.09
8.9,191.8,6.19,29.8,220,190.4,190.0,191.2,500.0,500.0,0.0,0.0,0.0,0.3,1.10
8.9,191.8,6.19,29.8,221,190.4,190.0,191.2,500.0,500.0,0.0,0.0,0.0,0.3,1.10
9.0,191.8,6.19,29.8,222,190.4,190.0,191.2,500.0,500.0,0.0,0.0,0.0,0.3,1.11
8.8,191.8,6.19,29.6,223,190.4,190.0,191.2,500.0,500.0,0.0,0.0,0.0,0.3,1.11
8.6,191.9,6.19,29.8,224,190.4,190.0,191.2,500.0,500.0,0.0,0.0,0.0,0.3,1.12
8.4,191.9,6.19,29.8,225,190.4,190.0,191.2,500.0,500.0,0.0,0.0,0.0,0.3,1.12
8.3,192.0,6.19,29.8,226,190.4,190.0,191.2,500.0,500.0,0.0,0.0,0.0,0.3,1.13
8.1,192.1,6.19,29.8,227,190.4,190.0,191.2,500.0,500.0,0.0,0.0,0.0,0.3,1.13
8.2,192.1,6.19,30.0,228,190.4,190.0,191.2,500.0,500.0,0.0,0.0,0.0,0.3,1.13
8.2,192.2,6.19,30.0,229,190.5,190.0,191.2,500.0,500.0,0.0,0.0,0.0,0.3,1.14
8.2,192.2,6.19,30.0,230,190.5,190.0,191.2,500.0,500.0,0.0,0.0,0.0,0.3,1.14
8.2,192.2,6.19,30.0,231,190.5,190.0,191.2,500.0,500.0,0.0,0.0,0.0,0.3,1.15
8.0,192.2,6.19,30.0,232,190.5,190.0,191.2,500.0,500.0,0.0,0.0,0.0,0.3,1.15
8.1,192.2,6.19,29.8,233,190.5,190.0,191.2,500.0,500.0,0.0,0.0,0.0,0.3,1.15
8.2,192.3,6.19,29.8,234,190.4,190.0,191.0,500.0,500.0,0.0,0.0,0.0,0.3,1.16
8.1,192.3,6.19,29.8,235,190.4,190.0,191.0,500.0,500.0,0.0,0.0,0.0,0.3,1.16
8.1,192.4,6.19,29.8,236,190.4,190.0,191.1,500.0,500.0,0.0,0.0,0.0,0.3,1.17
8.3,192.5,6.19,29.6,237,190.4,190.0,191.1,500.0,500.0,0.0,0.0,0.0,0.3,1.17
8.0,192.5,6.19,29.8,238,190.4,190.0,191.1,500.0,500.0,0.0,0.0,0.0,0.3,1.17
8.1,192.6,6.19,29.8,239,190.5,190.0,191.1,500.0,500.0,0.0,0.0,0.0,0.3,1.18
7.9,192.6,6.19,29.8,240,190.5,190.0,191.1,500.0,500.0,0.0,0.0,0.0,0.3,1.18
8.0,192.6,6.19,29.8,241,190.5,190.0,191.1,500.0,500.0,0.0,0.0,0.0,0.3,1.19
8.0,192.6,6.19,30.0,242,190.5,190.0,191.1,500.0,500.0,0.0,0.0,0.0,0.3,1.19
8.3,192.6,6.19,29.8,243,190.5,190.0,191.0,500.0,500.0,0.0,0.0,0.0,0.3,1.19
8.3,192.7,6.19,29.8,244,190.5,190.0,191.0,500.0,500.0,0.0,0.0,0.0,0.3,1.20
8.7,192.7,6.19,29.8,245,190.5,190.0,191.0,500.0,500.0,0.0,0.0,0.0,0.3,1.20
8.5,192.7,6.19,29.8,246,190.5,190.0,191.0,500.0,500.0,0.0,0.0,0.0,0.3,1.21
8.7,192.8,6.19,29.6,247,190.5,190.0,190.9,500.0,500.0,0.0,0.0,0.0,0.3,1.21
8.6,192.8,6.19,29.8,248,190.5,190.0,190.9,500.0,500.0,0.0,0.0,0.0,0.3,1.21
8.7,192.8,6.19,29.8,249,190.5,190.0,190.9,500.0,500.0,0.0,0.0,0.0,0.3,1.22
8.5,192.9,6.19,29.8,250,190.5,190.0,190.9,500.0,500.0,0.0,0.0,0.0,0.3,1.22
8.6,193.0,6.19,29.8,251,190.5,190.0,190.8,500.0,500.0,0.0,0.0,0.0,0.3,1.23
8.5,193.0,6.19,30.0,252,190.5,190.0,190.8,500.0,500.0,0.0,0.0,0.0,0.3,1.23
8.5,193.0,6.19,29.8,253,190.5,190.0,190.8,500.0,500.0,0.0,0.0,0.0,0.3,1.24
8.5,193.0,6.19,29.8,254,190.4,190.0,190.8,500.0,500.0,0.0,0.0,0.0,0.3,1.24
8.7,193.0,6.19,29.8,255,190.4,190.0,190.7,500.0,500.0,0.0,0.0,0.0,0.3,1.24
8.9,193.0,6.19,29.8,256,190.4,190.0,190.7,500.0,500.0,0.0,0.0,0.0,0.3,1.25
8.9,193.0,6.19,29.6,257,190.4,190.0,190.7,500.0,500.0,0.0,0.0,0.0,0.3,1.25
8.9,193.1,6.19,29.8,258,190.4,190.0,190.6,500.0,500.0,0.0,0.0,0.0,0.3,1.26
8.9,193.1,6.19,29.8,259,190.4,190.0,190.6,500.0,500.0,0.0,0.0,0.0,0.3,1.26
8.7,193.1,6.19,29.8,260,190.4,190.0,190.6,500.0,500.0,0.0,0.0,0.0,0.3,1.27
8.6,193.1,6.19,29.8,261,190.4,190.0,190.6,500.0,500.0,0.0,0.0,0.0,0.3,1.27
8.4,193.2,6.19,29.8,262,190.4,190.0,190.6,500.0,500.0,0.0,0.0,0.0,0.3,1.28
8.4,193.2,6.19,29.8,263,190.4,190.0,190.6,500.0,500.0,0.0,0.0,0.0,0.3,1.28
8.3,193.2,6.19,29.8,264,190.4,190.0,190.5,500.0,500.0,0.0,0.0,0.0,0.3,1.28
8.1,193.2,6.19,29.8,265,190.3,190.0,190.5,500.0,500.0,0.0,0.0,0.0,0.3,1.29
8.0,193.3,6.19,29.6,266,190.3,190.0,190.5,500.0,500.0,0.0,0.0,0.0,0.3,1.29
8.0,193.3,6.19,29.8,267,190.3,190.0,190.5,500.0,500.0,0.0,0.0,0.0,0.3,1.30
8.1,193.3,6.19,29.8,268,190.3,190.0,190.4,500.0,500.0,0.0,0.0,0.0,0.3,1.30
8.1,193.3,6.19,29.8,269,190.3,190.0,190.4,500.0,500.0,0.0,0.0,0.0,0.3,1.30
8.4,193.4,6.19,29.8,270,190.3,190.0,190.4,500.0,500.0,0.0,0.0,0.0,0.3,1.31
8.4,193.5,6.19,29.8,271,190.3,190.0,190.4,500.0,500.0,0.0,0.0,0.0,0.3,1.31
8.4,193.5,6.18,29.8,272,190.3,190.0,190.4,500.0,500.0,0.0,0.0,0.0,0.3,1.32
8.3,193.5,6.18,29.8,273,190.4,190.0,190.4,500.0,500.0,0.0,0.0,0.0,0.3,1.32
8.3,193.6,6.18,29.8,274,190.4,190.0,190.4,500.0,500.0,0.0,0.0,0.0,0.3,1.32
8.1,193.6,6.18,29.6,275,190.4,190.0,190.4,500.0,500.0,0.0,0.0,0.0,0.3,1.33
8.2,193.6,6.18,29.6,276,190.3,190.0,190.4,500.0,500.0,0.0,0.0,0.0,0.3,1.33
7.9,193.6,6.19,29.6,277,190.3,190.0,190.4,500.0,500.0,0.0,0.0,0.0,0.3,1.34
8.1,193.6,6.19,29.6,278,190.3,190.0,190.3,500.0,500.0,0.0,0.0,0.0,0.3,1.34
8.0,193.6,6.19,29.6,279,190.3,190.0,190.3,500.0,500.0,0.0,0.0,0.0,0.3,1.34
8.2,193.6,6.19,29.6,280,190.3,190.0,190.3,500.0,500.0,0.0,0.0,0.0,0.3,1.35
8.1,193.6,6.19,29.8,281,190.3,190.0,190.3,500.0,500.0,0.0,0.0,0.0,0.3,1.35
8.5,193.7,6.19,29.8,282,190.3,190.0,190.3,500.0,500.0,0.0,0.0,0.0,0.3,1.36
8.2,193.7,6.19,29.8,283,190.3,190.0,190.3,500.0,500.0,0.0,0.0,0.0,0.3,1.36
8.6,193.7,6.19,29.6,284,190.3,190.0,190.3,500.0,500.0,0.0,0.0,0.0,0.3,1.36
8.5,193.7,6.19,29.6,285,190.3,190.0,190.2,500.0,500.0,0.0,0.0,0.0,0.3,1.37
8.5,193.8,6.19,29.6,286,190.3,190.0,190.2,500.0,500.0,0.0,0.0,0.0,0.3,1.37
8.5,193.8,6.19,29.6,287,190.3,190.0,190.2,500.0,500.0,0.0,0.0,0.0,0.3,1.38
8.6,193.9,6.19,29.6,288,190.3,190.0,190.2,500.0,500.0,0.0,0.0,0.0,0.3,1.38
8.4,193.9,6.19,29.8,289,190.3,190.0,190.2,500.0,500.0,0.0,0.0,0.0,0.3,1.39
8.5,193.9,6.19,29.8,290,190.3,190.0,190.2,500.0,500.0,0.0,0.0,0.0,0.3,1.39
8.6,193.9,6.19,29.8,291,190.2,190.0,190.2,500.0,500.0,0.0,0.0,0.0,0.3,1.39
8.6,193.9,6.19,29.8,292,190.2,190.0,190.2,500.0,500.0,0.0,0.0,0.0,0.3,1.40
8.7,193.9,6.19,29.8,293,190.2,190.0,190.2,500.0,500.0,0.0,0.0,0.0,0.3,1.40
8.8,193.9,6.19,29.6,294,190.2,190.0,190.2,500.0,500.0,0.0,0.0,0.0,0.3,1.41
8.7,194.0,6.19,29.8,295,190.2,190.1,190.2,500.0,500.0,0.0,0.0,0.0,0.3,1.41
8.7,194.0,6.19,29.8,296,190.2,190.1,190.2,500.0,500.0,0.0,0.0,0.0,0.3,1.42
8.5,194.0,6.19,29.8,297,190.2,190.0,190.2,500.0,500.0,0.0,0.0,0.0,0.3,1.42
8.5,194.0,6.19,29.6,298,190.2,190.0,190.1,500.0,500.0,0.0,0.0,0.0,0.3,1.42
8.2,194.0,6.19,29.8,299,190.2,190.0,190.1,500.0,500.0,0.0,0.0,0.0,0.3,1.43
8.0,194.0,6.19,29.8,300,190.2,190.0,190.1,500.0,500.0,0.0,0.0,0.0,0.3,1.43
8.1,194.0,6.19,29.8,301,190.2,190.0,190.1,500.0,500.0,0.0,0.0,0.0,0.3,1.44
8.0,194.1,6.19,29.8,302,190.2,190.0,190.1,500.0,500.0,0.0,0.0,0.0,0.3,1.44
8.2,194.1,6.19,30.0,303,190.2,190.0,190.1,500.0,500.0,0.0,0.0,0.0,0.3,1.44
8.2,194.1,6.19,29.8,304,190.2,190.0,190.1,500.0,500.0,0.0,0.0,0.0,0.3,1.45
8.5,194.2,6.19,29.8,305,190.2,190.0,190.1,500.0,500.0,0.0,0.0,0.0,0.3,1.45
8.4,194.2,6.19,29.8,306,190.2,190.0,190.1,500.0,500.0,0.0,0.0,0.0,0.3,1.46
8.6,194.2,6.19,29.8,307,190.2,190.0,190.1,500.0,500.0,0.0,0.0,0.0,0.3,1.46
8.1,194.3,6.19,29.6,308,190.1,190.0,190.1,500.0,500.0,0.0,0.0,0.0,0.3,1.47
8.2,194.3,6.19,29.8,309,190.1,190.0,190.1,500.0,500.0,0.0,0.0,0.0,0.3,1.47
7.9,194.3,6.19,29.8,310,190.1,190.0,190.1,500.0,500.0,0.0,0.0,0.0,0.3,1.47
7.9,194.3,6.19,29.8,311,190.1,190.0,190.1,500.0,500.0,0.0,0.0,0.0,0.3,1.48
7.8,194.3,6.19,29.6,312,190.1,190.0,190.1,500.0,500.0,0.0,0.0,0.0,0.3,1.48
8.1,194.3,6.19,29.8,313,190.1,190.0,190.1,500.0,500.0,0.0,0.0,0.0,0.3,1.48
8.0,194.3,6.19,29.8,314,190.1,190.0,190.1,500.0,500.0,0.0,0.0,0.0,0.3,1.49
8.1,194.3,6.19,29.8,315,190.1,190.0,190.1,500.0,500.0,0.0,0.0,0.0,0.3,1.49
8.0,194.3,6.19,29.6,316,190.1,190.0,190.1,500.0,500.0,0.0,0.0,0.0,0.3,1.50
8.0,194.3,6.19,29.8,317,190.1,190.0,190.1,500.0,500.0,0.0,0.0,0.0,0.3,1.50
7.8,194.4,6.19,29.8,318,190.1,190.0,190.1,500.0,500.0,0.0,0.0,0.0,0.3,1.50
7.8,194.4,6.19,29.8,319,190.1,190.0,190.1,500.0,500.0,0.0,0.0,0.0,0.3,1.51
7.7,194.4,6.19,29.6,320,190.1,190.0,190.1,500.0,500.0,0.0,0.0,0.0,0.3,1.51
7.8,194.4,6.19,29.8,321,190.1,190.0,190.1,500.0,500.0,0.0,0.0,0.0,0.3,1.52
7.9,194.4,6.19,29.8,322,190.1,190.0,190.1,500.0,500.0,0.0,0.0,0.0,0.3,1.52
8.1,194.4,6.19,29.8,323,190.1,190.0,190.1,500.0,500.0,0.0,0.0,0.0,0.3,1.52
8.3,194.4,6.19,29.6,324,190.1,190.0,190.1,500.0,500.0,0.0,0.0,0.0,0.3,1.53
8.4,194.5,6.19,29.8,325,190.1,190.0,190.1,500.0,500.0,0.0,0.0,0.0,0.3,1.53
8.7,194.5,6.19,29.8,326,190.1,190.0,190.1,500.0,500.0,0.0,0.0,0.0,0.3,1.54
8.7,194.5,6.19,29.8,327,190.1,190.0,190.1,500.0,500.0,0.0,0.0,0.0,0.3,1.54
8.6,194.5,6.19,29.8,328,190.1,190.0,190.1,500.0,500.0,0.0,0.0,0.0,0.3,1.55
8.5,194.5,6.19,30.0,329,190.1,190.0,190.1,500.0,500.0,0.0,0.0,0.0,0.3,1.55
8.4,194.5,6.19,29.8,330,190.1,190.0,190.1,500.0,500.0,0.0,0.0,0.0,0.3,1.55
8.2,194.5,6.19,29.8,331,190.1,190.0,190.1,500.0,500.0,0.0,0.0,0.0,0.3,1.56
8.3,194.6,6.19,29.8,332,190.0,190.0,190.1,500.0,500.0,0.0,0.0,0.0,0.3,1.56
8.2,194.6,6.19,29.8,333,190.0,190.0,190.1,500.0,500.0,0.0,0.0,0.0,0.3,1.57
8.5,194.6,6.19,29.6,334,190.0,190.0,190.1,500.0,500.0,0.0,0.0,0.0,0.3,1.57
8.5,194.6,6.19,29.8,335,190.0,190.0,190.0,500.0,500.0,0.0,0.0,0.0,0.3,1.57
8.6,194.6,6.19,29.8,336,190.0,190.0,190.0,500.0,500.0,0.0,0.0,0.0,0.3,1.58
8.3,194.6,6.19,29.8,337,190.0,190.0,190.0,500.0,500.0,0.0,0.0,0.0,0.3,1.58
8.4,194.6,6.19,29.6,338,190.0,190.0,190.0,500.0,500.0,0.0,0.0,0.0,0.3,1.59
8.2,194.6,6.19,29.8,339,190.0,190.0,190.0,500.0,500.0,0.0,0.0,0.0,0.3,1.59
8.1,194.7,6.19,29.8,340,190.0,190.0,190.0,500.0,500.0,0.0,0.0,0.0,0.3,1.60
7.9,194.7,6.19,29.8,341,190.0,190.1,190.0,500.0,500.0,0.0,0.0,0.0,0.3,1.60
8.2,194.7,6.19,29.8,342,190.0,190.1,190.0,500.0,500.0,0.0,0.0,0.0,0.3,1.60
8.1,194.7,6.19,30.0,343,190.0,190.1,190.0,500.0,500.0,0.0,0.0,0.0,0.3,1.61
8.3,194.8,6.19,29.8,344,190.0,190.1,190.0,500.0,500.0,0.0,0.0,0.0,0.3,1.61
8.3,194.8,6.19,29.8,345,190.0,190.1,190.0,500.0,500.0,0.0,0.0,0.0,0.3,1.62
8.6,194.8,6.19,29.8,346,190.0,190.1,190.0,500.0,500.0,0.0,0.0,0.0,0.3,1.62
8.3,194.8,6.19,29.8,347,190.0,190.1,190.0,500.0,500.0,0.0,0.0,0.0,0.3,1.62
8.4,194.8,6.19,29.6,348,190.0,190.1,190.0,500.0,500.0,0.0,0.0,0.0,0.3,1.63
8.0,194.8,6.19,29.8,349,190.0,190.1,190.0,500.0,500.0,0.0,0.0,0.0,0.3,1.63
8.0,194.8,6.19,29.8,350,190.0,190.0,190.0,500.0,500.0,0.0,0.0,0.0,0.3,1.64
7.8,194.9,6.19,29.8,351,190.0,190.0,190.0,500.0,500.0,0.0,0.0,0.0,0.3,1.64
7.9,194.9,6.19,29.6,352,190.0,190.0,190.0,500.0,500.0,0.0,0.0,0.0,0.3,1.64
7.8,194.9,6.19,29.8,353,190.0,190.0,190.0,500.0,500.0,0.0,0.0,0.0,0.3,1.65
7.9,194.9,6.19,29.8,354,190.0,190.0,190.0,500.0,500.0,0.0,0.0,0.0,0.3,1.65
7.9,194.9,6.19,29.8,355,190.0,190.0,190.0,500.0,500.0,0.0,0.0,0.0,0.3,1.66
7.8,194.9,6.19,29.8,356,190.0,190.0,190.0,500.0,500.0,0.0,0.0,0.0,0.3,1.66
7.8,194.9,6.19,30.0,357,190.0,190.0,190.0,500.0,500.0,0.0,0.0,0.0,0.3,1.66
7.8,194.9,6.19,29.8,358,190.0,190.0,190.0,500.0,500.0,0.0,0.0,0.0,0.3,1.67
7.8,195.0,6.19,29.8,359,190.0,190.0,190.0,500.0,500.0,0.0,0.0,0.0,0.3,1.67
7.8,195.0,6.19,29.8,360,190.0,190.0,190.0,500.0,500.0,0.0,0.0,0.0,0.3,1.67
8.0,195.1,6.19,29.8,361,190.0,190.0,190.0,500.0,500.0,0.0,0.0,0.0,0.3,1.68
8.1,195.1,6.19,29.6,362,190.1,190.0,190.0,500.0,500.0,0.0,0.0,0.0,0.3,1.68
8.4,195.1,6.19,29.8,363,190.1,190.0,190.0,500.0,500.0,0.0,0.0,0.0,0.3,1.69
8.5,195.1,6.19,29.8,364,190.1,190.0,190.0,500.0,500.0,0.0,0.0,0.0,0.3,1.69
8.8,195.1,6.19,29.8,365,190.1,190.0,190.0,500.0,500.0,0.0,0.0,0.0,0.3,1.70
8.8,195.1,6.19,29.6,366,190.1,190.0,190.0,500.0,500.0,0.0,0.0,0.0,0.3,1.70
9.0,195.1,6.19,29.8,367,190.1,190.0,190.0,500.0,500.0,0.0,0.0,0.0,0.3,1.70
8.7,195.1,6.19,29.6,368,190.1,190.0,190.0,500.0,500.0,0.0,0.0,0.0,0.3,1.71
8.7,195.1,6.19,29.6,369,190.1,190.0,190.0,500.0,500.0,0.0,0.0,0.0,0.3,1.71
8.4,195.1,6.19,29.6,370,190.1,190.0,190.0,500.0,500.0,0.0,0.0,0.0,0.3,1.72
8.4,195.1,6.19,29.8,371,190.1,190.0,190.0,500.0,500.0,0.0,0.0,0.0,0.3,1.72
8.2,195.1,6.19,29.6,372,190.1,190.0,190.0,500.0,500.0,0.0,0.0,0.0,0.3,1.73
8.5,195.1,6.19,29.8,373,190.1,190.0,190.0,500.0,500.0,0.0,0.0,0.0,0.3,1.73
8.3,195.1,6.19,29.8,374,190.1,190.0,190.0,500.0,500.0,0.0,0.0,0.0,0.3,1.73
8.6,195.1,6.19,29.8,375,190.1,190.0,190.0,500.0,500.0,0.0,0.0,0.0,0.3,1.74
8.4,195.1,6.19,29.6,376,190.1,190.0,190.0,500.0,500.0,0.0,0.0,0.0,0.3,1.74
8.6,195.2,6.19,29.8,377,190.1,190.0,190.0,500.0,500.0,0.0,0.0,0.0,0.3,1.75
8.3,195.2,6.18,29.8,378,190.1,190.0,190.0,500.0,500.0,0.0,0.0,0.0,0.3,1.75
8.6,195.2,6.18,29.8,379,190.1,190.0,190.0,500.0,500.0,0.0,0.0,0.0,0.3,1.75
8.3,195.2,6.18,29.6,380,190.0,190.0,190.0,500.0,500.0,0.0,0.0,0.0,0.3,1.76
8.4,195.2,6.18,29.8,381,190.0,190.0,190.0,500.0,500.0,0.0,0.0,0.0,0.3,1.76
8.0,195.2,6.18,29.8,382,190.0,190.0,190.0,500.0,500.0,0.0,0.0,0.0,0.3,1.77
8.1,195.2,6.19,29.8,383,190.0,190.0,190.0,500.0,500.0,0.0,0.0,0.0,0.3,1.77
7.8,195.2,6.19,29.8,384,190.0,190.0,190.0,500.0,500.0,0.0,0.0,0.0,0.3,1.77
7.8,195.3,6.19,29.8,385,190.0,190.0,190.0,500.0,500.0,0.0,0.0,0.0,0.3,1.78
7.8,195.3,6.19,29.6,386,190.0,190.0,190.0,500.0,500.0,0.0,0.0,0.0,0.3,1.78
7.9,195.3,6.19,29.6,387,190.0,190.0,190.0,500.0,500.0,0.0,0.0,0.0,0.3,1.79
8.1,195.3,6.19,29.6,388,190.0,190.0,190.0,500.0,500.0,0.0,0.0,0.0,0.3,1.79
8.2,195.3,6.19,29.6,389,190.0,190.0,190.0,500.0,500.0,0.0,0.0,0.0,0.3,1.79
8.1,195.3,6.19,29.6,390,190.0,190.0,190.0,500.0,500.0,0.0,0.0,0.0,0.3,1.80
8.0,195.3,6.19,29.8,391,190.0,190.0,190.0,500.0,500.0,0.0,0.0,0.0,0.3,1.80
8.0,195.3,6.19,29.8,392,190.0,190.0,190.0,500.0,500.0,0.0,0.0,0.0,0.3,1.81
7.9,195.3,6.19,29.8,393,190.0,190.0,190.0,500.0,500.0,0.0,0.0,0.0,0.3,1.81
7.9,195.3,6.19,29.6,394,190.0,190.0,190.0,500.0,500.0,0.0,0.0,0.0,0.3,1.81
8.0,195.3,6.19,29.8,395,190.0,190.0,190.0,500.0,500.0,0.0,0.0,0.0,0.3,1.82
7.9,195.3,6.19,29.8,396,190.0,190.0,190.0,500.0,500.0,0.0,0.0,0.0,0.3,1.82
7.9,195.3,6.19,29.8,397,190.0,190.0,190.0,500.0,500.0,0.0,0.0,0.0,0.3,1.83
8.0,195.4,6.19,29.6,398,190.0,190.0,190.0,500.0,500.0,0.0,0.0,0.0,0.3,1.83
8.0,195.4,6.19,29.8,399,190.0,190.0,190.0,500.0,500.0,0.0,0.0,0.0,0.3,1.83
8.1,195.4,6.19,29.8,400,190.0,190.0,190.0,500.0,500.0,0.0,0.0,0.0,0.3,1.84
8.2,195.4,6.19,29.8,401,190.0,190.0,190.0,500.0,500.0,0.0,0.0,0.0,0.3,1.84
8.3,195.4,6.19,29.8,402,190.0,190.0,190.0,500.0,500.0,0.0,0.0,0.0,0.3,1.85
8.3,195.4,6.19,29.8,403,190.0,190.0,190.0,500.0,500.0,0.0,0.0,0.0,0.3,1.85
8.4,195.5,6.19,29.8,404,190.0,190.0,190.0,500.0,500.0,0.0,0.0,0.0,0.3,1.85
8.3,195.5,6.19,29.8,405,190.0,190.0,190.0,500.0,500.0,0.0,0.0,0.0,0.3,1.86
8.1,195.5,6.19,29.8,406,190.0,190.0,190.0,500.0,500.0,0.0,0.0,0.0,0.3,1.86
8.1,195.5,6.19,29.8,407,190.0,190.0,190.0,500.0,500.0,0.0,0.0,0.0,0.3,1.87
8.1,195.6,6.19,29.8,408,190.0,190.0,190.0,500.0,500.0,0.0,0.0,0.0,0.3,1.87
7.9,195.6,6.19,29.8,409,190.0,190.0,190.0,500.0,500.0,0.0,0.0,0.0,0.3,1.87
8.0,195.6,6.19,29.8,410,190.0,190.0,190.0,500.0,500.0,0.0,0.0,0.0,0.3,1.88
8.0,195.6,6.19,29.8,411,190.0,190.0,190.0,500.0,500.0,0.0,0.0,0.0,0.3,1.88
8.0,195.6,6.19,29.6,412,190.0,190.0,190.0,500.0,500.0,0.0,0.0,0.0,0.3,1.89
8.0,195.6,6.19,29.8,413,190.0,190.0,190.0,500.0,500.0,0.0,0.0,0.0,0.3,1.89
8.2,195.6,6.19,29.8,414,190.0,190.0,190.0,500.0,500.0,0.0,0.0,0.0,0.3,1.89
8.2,195.6,6.19,29.8,415,190.0,190.0,190.0,500.0,500.0,0.0,0.0,0.0,0.3,1.90
8.4,195.6,6.19,29.8,416,190.0,190.0,190.0,500.0,500.0,0.0,0.0,0.0,0.3,1.90
8.5,195.6,6.19,29.8,417,190.0,190.0,190.0,500.0,500.0,0.0,0.0,0.0,0.3,1.91
8.7,195.6,6.19,29.8,418,190.0,190.0,190.0,500.0,500.0,0.0,0.0,0.0,0.3,1.91
8.4,195.6,6.19,29.8,419,190.0,190.0,190.0,500.0,500.0,0.0,0.0,0.0,0.3,1.92
8.5,195.6,6.19,29.8,420,190.0,190.0,190.0,500.0,500.0,0.0,0.0,0.0,0.3,1.92
8.2,195.6,6.19,29.6,421,190.0,190.0,190.0,500.0,500.0,0.0,0.0,0.0,0.3,1.92
8.2,195.7,6.19,29.8,422,190.0,190.0,190.0,500.0,500.0,0.0,0.0,0.0,0.3,1.93
7.9,195.7,6.19,29.8,423,190.0,190.0,190.0,500.0,500.0,0.0,0.0,0.0,0.3,1.93
8.0,195.7,6.19,29.8,424,190.0,190.0,190.0,500.0,500.0,0.0,0.0,0.0,0.3,1.94
8.2,195.7,6.19,29.8,425,190.0,190.0,190.0,500.0,500.0,0.0,0.0,0.0,0.3,1.94
8.2,195.7,6.19,29.8,426,190.0,190.0,190.0,500.0,500.0,0.0,0.0,0.0,0.3,1.94
8.2,195.6,6.19,29.8,427,190.0,190.0,190.0,500.0,500.0,0.0,0.0,0.0,0.3,1.95
8.2,195.6,6.19,29.8,428,190.0,190.0,190.0,500.0,500.0,0.0,0.0,0.0,0.3,1.95
8.3,195.6,6.19,29.8,429,190.0,190.0,190.0,500.0,500.0,0.0,0.0,0.0,0.3,1.96
7.9,195.6,6.19,29.8,430,190.0,190.0,190.0,500.0,500.0,0.0,0.0,0.0,0.3,1.96
7.9,195.6,6.19,29.8,431,190.0,190.0,190.0,500.0,500.0,0.0,0.0,0.0,0.3,1.96
7.7,195.7,6.19,29.8,432,190.0,190.0,190.0,500.0,500.0,0.0,0.0,0.0,0.3,1.97
7.8,195.7,6.19,29.8,433,190.0,190.0,190.0,500.0,500.0,0.0,0.0,0.0,0.3,1.97
7.7,195.7,6.19,29.8,434,190.0,190.0,190.0,500.0,500.0,0.0,0.0,0.0,0.3,1.98
7.8,195.7,6.19,29.6,435,190.0,190.0,190.0,500.0,500.0,0.0,0.0,0.0,0.3,1.98
7.8,195.7,6.19,29.8,436,190.0,190.0,190.0,500.0,500.0,0.0,0.0,0.0,0.3,1.98
8.0,195.7,6.19,29.8,437,190.0,190.0,190.0,500.0,500.0,0.0,0.0,0.0,0.3,1.99
8.0,195.7,6.19,29.8,438,190.0,190.0,190.0,500.0,500.0,0.0,0.0,0.0,0.3,1.99
8.1,195.7,6.19,29.6,439,190.0,190.0,190.0,500.0,500.0,0.0,0.0,0.0,0.3,2.00
8.1,195.7,6.19,29.8,440,190.0,190.0,190.0,500.0,500.0,0.0,0.0,0.0,0.3,2.00
8.1,195.7,6.19,29.8,441,190.0,190.0,190.0,500.0,500.0,0.0,0.0,0.0,0.3,2.00
8.0,195.7,6.19,29.8,442,190.0,190.0,190.0,500.0,500.0,0.0,0.0,0.0,0.3,2.01
8.0,195.7,6.19,29.8,443,190.0,190.0,190.0,500.0,500.0,0.0,0.0,0.0,0.3,2.01
7.8,195.7,6.19,30.0,444,190.0,190.0,190.0,500.0,500.0,0.0,0.0,0.0,0.3,2.01
7.8,195.7,6.19,29.8,445,190.0,190.0,190.0,500.0,500.0,0.0,0.0,0.0,0.3,2.02
7.7,195.7,6.19,29.8,446,190.0,190.0,190.0,500.0,500.0,0.0,0.0,0.0,0.3,2.02
7.8,195.7,6.19,29.8,447,190.0,190.0,190.0,500.0,500.0,0.0,0.0,0.0,0.3,2.03
7.7,195.7,6.19,29.8,448,190.0,190.0,190.0,500.0,500.0,0.0,0.0,0.0,0.3,2.03
8.0,195.7,6.19,29.6,449,190.0,190.0,190.0,500.0,500.0,0.0,0.0,0.0,0.3,2.03
7.9,195.7,6.19,29.8,450,190.0,190.0,190.0,500.0,500.0,0.0,0.0,0.0,0.3,2.04
8.2,195.7,6.19,29.8,451,190.0,190.0,190.0,500.0,500.0,0.0,0.0,0.0,0.3,2.04
8.2,195.7,6.19,29.8,452,190.0,190.0,190.0,500.0,500.0,0.0,0.0,0.0,0.3,2.05
8.4,195.7,6.19,29.6,453,190.0,190.0,190.0,500.0,500.0,0.0,0.0,0.0,0.3,2.05
8.1,195.7,6.19,29.8,454,190.0,190.0,190.0,500.0,500.0,0.0,0.0,0.0,0.3,2.05
8.2,195.7,6.19,29.8,455,190.0,190.0,190.0,500.0,500.0,0.0,0.0,0.0,0.3,2.06
8.1,195.8,6.19,29.8,456,190.0,190.0,190.0,500.0,500.0,0.0,0.0,0.0,0.3,2.06
8.3,195.8,6.19,29.8,457,190.0,190.0,190.0,500.0,500.0,0.0,0.0,0.0,0.3,2.07
8.3,195.8,6.19,29.8,458,190.0,190.0,190.0,500.0,500.0,0.0,0.0,0.0,0.3,2.07
8.5,195.8,6.19,29.8,459,190.0,190.0,190.0,500.0,500.0,0.0,0.0,0.0,0.3,2.08
8.6,195.8,6.19,29.8,460,190.0,190.0,190.0,500.0,500.0,0.0,0.0,0.0,0.3,2.08
8.6,195.8,6.19,29.8,461,190.0,190.0,190.0,500.0,500.0,0.0,0.0,0.0,0.3,2.08
8.6,195.8,6.19,29.8,462,190.0,190.0,190.0,500.0,500.0,0.0,0.0,0.0,0.3,2.09
8.5,195.8,6.19,29.8,463,190.0,190.0,190.0,500.0,500.0,0.0,0.0,0.0,0.3,2.09
8.4,195.8,6.19,29.8,464,190.0,190.0,190.0,500.0,500.0,0.0,0.0,0.0,0.3,2.10
8.2,195.8,6.19,29.8,465,190.0,190.0,190.0,500.0,500.0,0.0,0.0,0.0,0.3,2.10
8.0,195.8,6.19,29.8,466,190.0,190.0,190.0,500.0,500.0,0.0,0.0,0.0,0.3,2.10
7.8,195.8,6.19,29.6,467,190.0,190.0,190.0,500.0,500.0,0.0,0.0,0.0,0.3,2.11
7.7,195.8,6.19,29.8,468,190.0,190.0,190.0,500.0,500.0,0.0,0.0,0.0,0.3,2.11
7.6,195.8,6.19,29.8,469,190.0,190.0,190.0,500.0,500.0,0.0,0.0,0.0,0.3,2.12
7.8,195.8,6.19,29.8,470,190.0,190.0,190.0,500.0,500.0,0.0,0.0,0.0,0.3,2.12
7.9,195.9,6.19,29.6,471,190.0,190.0,190.0,500.0,500.0,0.0,0.0,0.0,0.3,2.12
8.1,195.9,6.19,29.8,472,190.0,190.0,190.0,500.0,500.0,0.0,0.0,0.0,0.3,2.13
8.1,195.9,6.19,29.8,473,190.0,190.0,190.0,500.0,500.0,0.0,0.0,0.0,0.3,2.13
8.2,195.9,6.19,29.8,474,190.0,190.0,190.0,500.0,500.0,0.0,0.0,0.0,0.3,2.14
7.9,195.9,6.19,29.8,475,190.0,190.0,190.0,500.0,500.0,0.0,0.0,0.0,0.3,2.14
7.9,195.9,6.19,30.0,476,190.0,190.0,190.0,500.0,500.0,0.0,0.0,0.0,0.3,2.14
7.7,195.8,6.19,29.8,477,190.0,190.0,190.0,500.0,500.0,0.0,0.0,0.0,0.3,2.15
7.8,195.8,6.19,29.8,478,190.0,190.0,190.0,500.0,500.0,0.0,0.0,0.0,0.3,2.15
7.7,195.9,6.19,29.8,479,190.0,190.0,190.0,500.0,500.0,0.0,0.0,0.0,0.3,2.16
8.0,195.9,6.19,29.8,480,190.0,190.0,190.0,500.0,500.0,0.0,0.0,0.0,0.3,2.16
8.1,195.9,6.19,29.6,481,190.0,190.0,190.0,500.0,500.0,0.0,0.0,0.0,0.3,2.16
8.3,195.9,6.19,29.8,482,190.0,190.0,190.0,500.0,500.0,0.0,0.0,0.0,0.3,2.17
8.1,195.9,6.19,29.8,483,190.0,190.0,190.0,500.0,500.0,0.0,0.0,0.0,0.3,2.17
8.1,195.9,6.19,29.8,484,190.0,190.0,190.0,500.0,500.0,0.0,0.0,0.0,0.3,2.18
7.8,195.9,6.19,29.6,485,190.0,190.0,190.0,500.0,500.0,0.0,0.0,0.0,0.3,2.18
7.8,195.9,6.19,29.8,486,190.0,190.0,190.0,500.0,500.0,0.0,0.0,0.0,0.3,2.18
7.6,195.9,6.19,29.8,487,190.0,190.0,190.0,500.0,500.0,0.0,0.0,0.0,0.3,2.19
7.7,195.9,6.19,29.8,488,190.0,190.0,190.0,500.0,500.0,0.0,0.0,0.0,0.3,2.19
7.8,195.9,6.19,29.8,489,190.0,190.0,190.0,500.0,500.0,0.0,0.0,0.0,0.3,2.19
8.0,195.9,6.19,30.0,490,190.0,190.0,190.0,500.0,500.0,0.0,0.0,0.0,0.3,2.20
8.1,195.9,6.19,29.8,491,190.0,190.0,190.0,500.0,500.0,0.0,0.0,0.0,0.3,2.20
8.3,195.9,6.19,29.8,492,190.0,190.0,190.0,500.0,500.0,0.0,0.0,0.0,0.3,2.21
8.3,195.9,6.19,29.8,493,190.0,190.0,190.0,500.0,500.0,0.0,0.0,0.0,0.3,2.21
8.4,195.9,6.19,29.8,494,190.0,190.0,190.0,500.0,500.0,0.0,0.0,0.0,0.3,2.21
8.1,195.9,6.19,29.6,495,190.0,190.0,190.0,500.0,500.0,0.0,0.0,0.0,0.3,2.22
8.1,195.9,6.19,29.8,496,190.0,190.0,190.0,500.0,500.0,0.0,0.0,0.0,0.3,2.22
8.1,196.0,6.19,29.8,497,190.0,190.0,190.0,500.0,500.0,0.0,0.0,0.0,0.3,2.23
8.0,196.0,6.19,29.8,498,190.0,190.0,190.0,500.0,500.0,0.0,0.0,0.0,0.3,2.23
8.2,196.0,6.19,29.6,499,190.0,190.0,190.0,500.0,500.0,0.0,0.0,0.0,0.3,2.23
8.3,196.0,6.19,29.8,500,190.0,190.0,190.0,500.0,500.0,0.0,0.0,0.0,0.3,2.24
8.5,196.0,6.19,29.8,501,190.0,190.0,190.0,500.0,500.0,0.0,0.0,0.0,0.3,2.24
8.2,196.0,6.19,29.8,502,190.0,190.0,190.0,500.0,500.0,0.0,0.0,0.0,0.3,2.25
8.3,196.0,6.19,29.6,503,190.0,190.0,190.0,500.0,500.0,0.0,0.0,0.0,0.3,2.25
8.0,196.0,6.19,29.8,504,190.0,190.0,190.0,500.0,500.0,0.0,0.0,0.0,0.3,2.26
7.8,196.0,6.19,29.8,505,190.0,190.0,190.0,500.0,500.0,0.0,0.0,0.0,0.3,2.26
7.6,196.0,6.19,29.8,506,190.0,190.0,190.0,500.0,500.0,0.0,0.0,0.0,0.3,2.26
7.6,196.0,6.19,29.8,507,190.0,190.0,190.0,500.0,500.0,0.0,0.0,0.0,0.3,2.27
7.6,196.0,6.19,30.0,508,190.0,190.0,190.0,500.0,500.0,0.0,0.0,0.0,0.3,2.27
7.8,196.0,6.19,29.8,509,190.0,190.0,190.0,500.0,500.0,0.0,0.0,0.0,0.3,2.27
7.8,196.0,6.19,29.8,510,190.0,190.0,190.0,500.0,500.0,0.0,0.0,0.0,0.3,2.28
7.9,196.0,6.19,29.8,511,190.0,190.0,190.0,500.0,500.0,0.0,0.0,0.0,0.3,2.28
8.0,196.0,6.19,29.8,512,190.0,190.0,190.0,500.0,500.0,0.0,0.0,0.0,0.3,2.29
8.0,196.0,6.19,29.6,513,190.0,190.0,190.0,500.0,500.0,0.0,0.0,0.0,0.3,2.29
7.7,196.0,6.19,29.8,514,190.0,190.0,190.0,500.0,500.0,0.0,0.0,0.0,0.3,2.29
7.9,196.0,6.19,29.8,515,190.0,190.0,190.0,500.0,500.0,0.0,0.0,0.0,0.3,2.30
7.7,196.0,6.19,29.8,516,190.0,190.0,190.0,500.0,500.0,0.0,0.0,0.0,0.3,2.30
7.7,196.1,6.19,29.6,517,190.0,190.0,190.0,500.0,500.0,0.0,0.0,0.0,0.3,2.31
7.7,196.1,6.19,29.8,518,190.0,190.0,190.0,500.0,500.0,0.0,0.0,0.0,0.3,2.31
7.9,196.1,6.19,29.8,519,190.0,190.0,190.0,500.0,500.0,0.0,0.0,0.0,0.3,2.31
7.8,196.1,6.19,29.8,520,190.0,190.0,190.0,500.0,500.0,0.0,0.0,0.0,0.3,2.32
7.9,196.1,6.19,29.8,521,190.0,190.0,190.0,500.0,500.0,0.0,0.0,0.0,0.3,2.32
7.8,196.1,6.19,30.0,522,190.0,190.0,190.0,500.0,500.0,0.0,0.0,0.0,0.3,2.33
7.8,196.1,6.19,29.8,523,190.0,190.0,190.0,500.0,500.0,0.0,0.0,0.0,0.3,2.33
7.6,196.1,6.19,29.8,524,190.0,190.0,190.0,500.0,500.0,0.0,0.0,0.0,0.3,2.33
7.5,196.1,6.19,29.8,525,190.0,190.0,190.0,500.0,500.0,0.0,0.0,0.0,0.3,2.34
7.6,196.1,6.19,29.8,526,190.0,190.0,190.0,500.0,500.0,0.0,0.0,0.0,0.3,2.34
7.7,196.1,6.19,29.6,527,190.0,190.0,190.0,500.0,500.0,0.0,0.0,0.0,0.3,2.34
7.8,196.1,6.19,29.8,528,190.0,190.0,190.0,500.0,500.0,0.0,0.0,0.0,0.3,2.35
7.9,196.1,6.19,29.8,529,190.0,190.0,190.0,500.0,500.0,0.0,0.0,0.0,0.3,2.35
8.0,196.1,6.19,29.8,530,190.0,190.0,190.0,500.0,500.0,0.0,0.0,0.0,0.3,2.36
8.2,196.1,6.19,29.6,531,190.0,190.0,190.0,500.0,500.0,0.0,0.0,0.0,0.3,2.36
8.3,196.1,6.19,29.8,532,190.0,190.0,190.0,500.0,500.0,0.0,0.0,0.0,0.3,2.36
8.2,196.1,6.19,29.8,533,190.0,190.0,190.0,500.0,500.0,0.0,0.0,0.0,0.3,2.37
8.4,196.1,6.19,29.8,534,190.0,190.0,190.0,500.0,500.0,0.0,0.0,0.0,0.3,2.37
8.4,196.1,6.19,29.6,535,190.0,190.0,190.0,500.0,500.0,0.0,0.0,0.0,0.3,2.38
8.4,196.1,6.19,29.8,536,190.0,190.0,190.0,500.0,500.0,0.0,0.0,0.0,0.3,2.38
8.2,196.1,6.19,29.8,537,190.0,190.0,190.0,500.0,500.0,0.0,0.0,0.0,0.3,2.38
8.3,196.1,6.19,29.8,538,190.0,190.0,190.0,500.0,500.0,0.0,0.0,0.0,0.3,2.39
8.0,196.1,6.19,29.8,539,190.0,190.0,190.0,500.0,500.0,0.0,0.0,0.0,0.3,2.39
8.1,196.1,6.19,30.0,540,190.0,190.0,190.0,500.0,500.0,0.0,0.0,0.0,0.3,2.40
7.9,196.1,6.19,29.8,541,190.0,190.0,190.0,500.0,500.0,0.0,0.0,0.0,0.3,2.40
8.1,196.1,6.19,29.8,542,190.0,190.0,190.0,500.0,500.0,0.0,0.0,0.0,0.3,2.40
8.0,196.1,6.19,29.8,543,190.0,190.0,190.0,500.0,500.0,0.0,0.0,0.0,0.3,2.41
8.3,196.1,6.19,29.8,544,190.0,190.0,190.0,500.0,500.0,0.0,0.0,0.0,0.3,2.41
8.0,196.1,6.19,29.6,545,190.0,190.0,190.0,500.0,500.0,0.0,0.0,0.0,0.3,2.42
8.2,196.1,6.19,29.8,546,190.0,190.0,190.0,500.0,500.0,0.0,0.0,0.0,0.3,2.42
8.0,196.1,6.19,29.8,547,190.0,190.0,190.0,500.0,500.0,0.0,0.0,0.0,0.3,2.42
8.2,196.1,6.19,29.8,548,190.0,190.0,190.0,500.0,500.0,0.0,0.0,0.0,0.3,2.43
8.0,196.1,6.19,29.6,549,190.0,190.0,190.0,500.0,500.0,0.0,0.0,0.0,0.3,2.43
8.1,196.1,6.19,29.8,550,190.0,190.0,190.0,500.0,500.0,0.0,0.0,0.0,0.3,2.44
7.7,196.1,6.19,29.8,551,190.0,190.0,190.0,500.0,500.0,0.0,0.0,0.0,0.3,2.44
7.7,196.1,6.19,29.8,552,190.0,190.0,190.0,500.0,500.0,0.0,0.0,0.0,0.3,2.44
7.6,196.1,6.19,29.8,553,190.0,190.0,190.0,500.0,500.0,0.0,0.0,0.0,0.3,2.45
7.6,196.1,6.19,29.8,554,190.0,190.0,190.0,500.0,500.0,0.0,0.0,0.0,0.3,2.45
7.5,196.1,6.19,29.8,555,190.0,190.0,190.0,500.0,500.0,0.0,0.0,0.0,0.3,2.46
7.7,196.1,6.19,29.8,556,190.0,190.0,190.0,500.0,500.0,0.0,0.0,0.0,0.3,2.46
7.7,196.1,6.19,29.8,557,190.0,190.0,190.0,500.0,500.0,0.0,0.0,0.0,0.3,2.46
7.8,196.1,6.19,29.6,558,190.0,190.0,190.0,500.0,500.0,0.0,0.0,0.0,0.3,2.47
7.7,196.1,6.19,29.8,559,190.0,190.0,190.0,500.0,500.0,0.0,0.0,0.0,0.3,2.47
7.7,196.1,6.19,29.8,560,190.0,190.0,190.0,500.0,500.0,0.0,0.0,0.0,0.3,2.47
7.6,196.1,6.19,29.8,561,190.0,190.0,190.0,500.0,500.0,0.0,0.0,0.0,0.3,2.48
7.6,196.1,6.19,29.8,562,190.0,190.0,190.0,500.0,500.0,0.0,0.0,0.0,0.3,2.48
7.5,196.1,6.19,29.8,563,190.0,190.0,190.0,500.0,500.0,0.0,0.0,0.0,0.3,2.49
7.6,196.1,6.19,29.6,564,190.0,190.0,190.0,500.0,500.0,0.0,0.0,0.0,0.3,2.49
7.6,196.1,6.19,29.6,565,190.0,190.0,190.0,500.0,500.0,0.0,0.0,0.0,0.3,2.49
7.6,196.1,6.19,29.6,566,190.0,190.0,190.0,500.0,500.0,0.0,0.0,0.0,0.3,2.50
7.7,196.1,6.19,29.6,567,190.0,190.0,190.0,500.0,500.0,0.0,0.0,0.0,0.3,2.50
7.9,196.1,6.19,29.6,568,190.0,190.0,190.0,500.0,500.0,0.0,0.0,0.0,0.3,2.50
8.1,196.1,6.19,29.8,569,190.0,190.0,190.0,500.0,500.0,0.0,0.0,0.0,0.3,2.51
8.2,196.1,6.19,29.8,570,190.0,190.0,190.0,500.0,500.0,0.0,0.0,0.0,0.3,2.51
8.5,196.1,6.19,29.8,571,190.0,190.0,190.0,500.0,500.0,0.0,0.0,0.0,0.3,2.52
8.6,196.2,6.19,29.8,572,190.0,190.0,190.0,500.0,500.0,0.0,0.0,0.0,0.3,2.52
8.7,196.2,6.19,30.0,573,190.0,190.0,190.0,500.0,500.0,0.0,0.0,0.0,0.3,2.53
8.7,196.2,6.19,30.0,574,190.0,190.0,190.0,500.0,500.0,0.0,0.0,0.0,0.3,2.53
8.8,196.2,6.19,30.0,575,190.0,190.0,190.0,500.0,500.0,0.0,0.0,0.0,0.3,2.53
8.6,196.2,6.19,30.0,576,190.0,190.0,190.0,500.0,500.0,0.0,0.0,0.0,0.3,2.54
8.6,196.1,6.19,30.0,577,190.0,190.0,190.0,500.0,500.0,0.0,0.0,0.0,0.3,2.54
8.4,196.1,6.19,29.8,578,190.0,190.0,190.0,500.0,500.0,0.0,0.0,0.0,0.3,2.55
8.2,196.1,6.19,29.8,579,190.0,190.0,190.0,500.0,500.0,0.0,0.0,0.0,0.3,2.55
8.0,196.2,6.19,29.8,580,190.0,190.0,190.0,500.0,500.0,0.0,0.0,0.0,0.3,2.56
8.2,196.2,6.19,29.8,581,190.0,190.0,190.0,500.0,500.0,0.0,0.0,0.0,0.3,2.56
8.2,196.2,6.19,29.8,582,190.0,190.0,190.0,500.0,500.0,0.0,0.0,0.0,0.3,2.56
8.3,196.2,6.19,30.0,583,190.0,190.0,190.0,500.0,500.0,0.0,0.0,0.0,0.3,2.57
8.4,196.2,6.19,30.0,584,190.0,190.0,190.0,500.0,500.0,0.0,0.0,0.0,0.3,2.57
8.5,196.2,6.19,30.0,585,190.0,190.0,190.0,500.0,500.0,0.0,0.0,0.0,0.3,2.58
8.3,196.3,6.19,30.0,586,190.0,190.0,190.0,500.0,500.0,0.0,0.0,0.0,0.3,2.58
8.2,196.3,6.19,30.0,587,190.0,190.0,190.0,500.0,500.0,0.0,0.0,0.0,0.3,2.58
8.1,196.3,6.19,29.8,588,190.0,190.0,190.0,500.0,500.0,0.0,0.0,0.0,0.3,2.59
8.0,196.3,6.19,29.8,589,190.0,190.0,190.0,500.0,500.0,0.0,0.0,0.0,0.3,2.59
7.8,196.3,6.19,29.8,590,190.0,190.0,190.0,500.0,500.0,0.0,0.0,0.0,0.3,2.60
7.7,196.2,6.19,29.8,591,190.0,190.0,190.0,500.0,500.0,0.0,0.0,0.0,0.3,2.60
7.6,196.2,6.19,29.6,592,190.0,190.0,190.0,500.0,500.0,0.0,0.0,0.0,0.3,2.60
7.5,196.2,6.19,29.8,593,190.0,190.0,190.0,500.0,500.0,0.0,0.0,0.0,0.3,2.61
7.4,196.2,6.19,29.8,594,190.0,190.0,190.0,500.0,500.0,0.0,0.0,0.0,0.3,2.61
7.4,196.3,6.19,29.8,595,190.0,190.0,190.0,500.0,500.0,0.0,0.0,0.0,0.3,2.61
7.5,196.3,6.19,29.6,596,190.0,190.0,190.0,500.0,500.0,0.0,0.0,0.0,0.3,2.62
7.5,196.3,6.19,29.8,597,190.0,190.0,190.0,500.0,500.0,0.0,0.0,0.0,0.3,2.62
7.6,196.3,6.19,29.8,598,190.0,190.0,190.0,500.0,500.0,0.0,0.0,0.0,0.3,2.63
7.5,196.3,6.19,29.8,599,190.0,190.0,190.0,500.0,500.0,0.0,0.0,0.0,0.3,2.63
