扭矩,料温,压力,转速,时间,温度1,温度2,温度3,温度4,温度5,温度6,温度7,温度8,顶栓,能量
1.8,190.7,6.19,0.0,0,190.0,190.0,190.0,500.0,500.0,0.0,0.0,0.0,0.3,0.00
1.8,190.7,6.19,2.6,1,190.0,190.0,190.0,500.0,500.0,0.0,0.0,0.0,0.3,0.00
1.7,190.7,6.19,10.8,2,190.0,190.0,190.0,500.0,500.0,0.0,0.0,0.0,0.3,0.00
1.6,190.6,6.19,20.6,3,190.0,190.0,190.0,500.0,500.0,0.0,0.0,0.0,0.3,0.00
1.6,190.5,6.19,30.6,4,190.0,190.0,190.0,500.0,500.0,0.0,0.0,0.0,0.3,0.00
1.5,190.1,6.19,40.6,5,190.0,190.0,190.0,500.0,500.0,0.0,0.0,0.0,0.3,0.00
1.4,189.5,6.19,48.0,6,190.0,190.1,190.0,500.0,500.0,0.0,0.0,0.0,0.3,0.00
1.3,188.8,6.19,49.8,7,190.0,190.1,190.0,500.0,500.0,0.0,0.0,0.0,0.3,0.00
1.2,188.1,6.19,50.0,8,190.0,190.1,190.0,500.0,500.0,0.0,0.0,0.0,0.3,0.01
1.1,187.7,6.19,49.8,9,190.0,190.1,190.0,500.0,500.0,0.0,0.0,0.0,0.3,0.01
1.0,187.3,6.19,49.8,10,190.0,190.1,190.0,500.0,500.0,0.0,0.0,0.0,0.3,0.01
0.9,186.9,6.19,49.8,11,190.0,190.1,190.0,500.0,500.0,0.0,0.0,0.0,0.3,0.01
0.8,186.2,6.19,49.8,12,190.0,190.1,190.0,500.0,500.0,0.0,0.0,0.0,0.3,0.01
0.8,185.6,6.19,49.8,13,190.0,190.1,190.0,500.0,500.0,0.0,0.0,0.0,0.3,0.01
0.7,185.0,6.19,50.0,14,190.0,190.1,190.0,500.0,500.0,0.0,0.0,0.0,0.3,0.01
0.6,184.6,6.19,49.8,15,190.0,190.1,190.0,500.0,500.0,0.0,0.0,0.0,0.3,0.01
0.5,184.0,6.19,49.8,16,190.0,190.0,190.0,500.0,500.0,0.0,0.0,0.0,0.3,0.01
0.5,183.5,6.19,49.8,17,190.0,190.0,190.0,500.0,500.0,0.0,0.0,0.0,0.3,0.01
0.4,183.0,6.19,49.8,18,190.0,190.0,190.0,500.0,500.0,0.0,0.0,0.0,0.3,0.01
0.3,182.6,6.19,49.8,19,190.0,190.0,190.0,500.0,500.0,0.0,0.0,0.0,0.3,0.01
0.4,182.1,6.19,50.0,20,190.0,190.0,190.0,500.0,500.0,0.0,0.0,0.0,0.3,0.01
0.5,181.4,6.19,50.0,21,190.0,190.0,190.0,500.0,500.0,0.0,0.0,0.0,0.3,0.01
0.5,180.6,6.19,50.0,22,190.0,190.0,190.0,500.0,500.0,0.0,0.0,0.0,0.3,0.01
0.6,179.9,6.19,50.0,23,190.0,190.0,190.0,500.0,500.0,0.0,0.0,0.0,0.3,0.01
0.8,179.3,6.19,49.8,24,190.0,190.0,190.0,500.0,500.0,0.0,0.0,0.0,0.3,0.01
0.9,178.8,6.19,50.0,25,190.0,190.0,190.0,500.0,500.0,0.0,0.0,0.0,0.3,0.02
1.0,178.4,6.19,50.2,26,190.0,190.0,190.0,500.0,500.0,0.0,0.0,0.0,0.3,0.02
1.2,178.1,6.19,50.0,27,190.0,190.0,190.0,500.0,500.0,0.0,0.0,0.0,0.3,0.02
1.3,177.9,6.19,50.0,28,190.0,190.0,190.0,500.0,500.0,0.0,0.0,0.0,0.3,0.02
1.4,177.8,6.19,50.2,29,190.0,190.0,190.0,500.0,500.0,0.0,0.0,0.0,0.3,0.02
1.4,177.8,6.19,50.0,30,190.0,189.7,190.0,500.0,500.0,0.0,0.0,0.0,0.3,0.02
1.4,177.8,6.19,49.6,31,190.0,189.7,190.0,500.0,500.0,0.0,0.0,0.0,0.3,0.02
1.4,177.8,6.19,49.8,32,190.0,189.7,190.0,500.0,500.0,0.0,0.0,0.0,0.3,0.02
1.4,177.9,6.19,49.6,33,190.0,189.7,190.0,500.0,500.0,0.0,0.0,0.0,0.3,0.02
1.4,177.9,6.19,49.6,34,190.0,189.6,190.0,500.0,500.0,0.0,0.0,0.0,0.3,0.03
1.4,178.0,6.19,49.6,35,190.0,189.6,190.0,500.0,500.0,0.0,0.0,0.0,0.3,0.03
1.4,178.0,6.19,49.8,36,190.0,189.6,190.0,500.0,500.0,0.0,0.0,0.0,0.3,0.03
1.4,178.0,6.19,49.8,37,190.0,189.6,190.0,500.0,500.0,0.0,0.0,0.0,0.3,0.03
1.4,178.1,6.19,50.0,38,190.0,189.6,190.0,500.0,500.0,0.0,0.0,0.0,0.3,0.03
1.3,178.1,6.19,49.8,39,190.0,189.6,190.0,500.0,500.0,0.0,0.0,0.0,0.3,0.03
1.3,178.1,6.19,49.8,40,190.0,189.6,190.0,500.0,500.0,0.0,0.0,0.0,0.3,0.03
1.3,178.1,6.19,49.8,41,189.9,189.7,190.0,500.0,500.0,0.0,0.0,0.0,0.3,0.03
1.3,178.1,6.19,49.6,42,189.9,189.8,190.0,500.0,500.0,0.0,0.0,0.0,0.3,0.03
1.3,178.2,6.19,49.6,43,189.9,189.9,190.0,500.0,500.0,0.0,0.0,0.0,0.3,0.04
1.3,178.2,6.19,49.8,44,189.9,189.9,190.0,500.0,500.0,0.0,0.0,0.0,0.3,0.04
1.3,178.2,6.19,49.8,45,189.9,189.9,190.0,500.0,500.0,0.0,0.0,0.0,0.3,0.04
1.3,178.3,6.19,49.8,46,189.9,190.0,190.0,500.0,500.0,0.0,0.0,0.0,0.3,0.04
1.3,178.3,6.19,50.0,47,189.9,190.0,190.0,500.0,500.0,0.0,0.0,0.0,0.3,0.04
1.3,178.4,6.19,49.8,48,189.8,190.0,190.0,500.0,500.0,0.0,0.0,0.0,0.3,0.04
1.3,178.4,6.19,49.8,49,189.8,190.0,190.0,500.0,500.0,0.0,0.0,0.0,0.3,0.04
1.3,178.5,6.19,49.8,50,189.8,190.0,190.0,500.0,500.0,0.0,0.0,0.0,0.3,0.04
1.3,178.5,6.19,49.8,51,189.8,190.0,190.0,500.0,500.0,0.0,0.0,0.0,0.3,0.04
1.4,178.6,6.19,49.8,52,189.8,190.0,190.0,500.0,500.0,0.0,0.0,0.0,0.3,0.05
1.3,178.6,6.19,50.0,53,189.8,190.0,190.0,500.0,500.0,0.0,0.0,0.0,0.3,0.05
1.3,178.7,6.19,49.8,54,189.8,190.0,190.0,500.0,500.0,0.0,0.0,0.0,0.3,0.05
1.2,178.7,6.19,49.8,55,189.8,190.0,190.0,500.0,500.0,0.0,0.0,0.0,0.3,0.05
1.1,178.6,6.19,49.8,56,189.8,190.0,190.0,500.0,500.0,0.0,0.0,0.0,0.3,0.05
1.1,178.5,6.19,49.8,57,189.8,190.0,190.0,500.0,500.0,0.0,0.0,0.0,0.3,0.05
1.1,178.4,6.19,49.8,58,189.8,190.0,190.0,500.0,500.0,0.0,0.0,0.0,0.3,0.05
1.0,178.3,6.19,49.8,59,189.8,190.1,190.0,500.0,500.0,0.0,0.0,0.0,0.3,0.05
1.0,178.2,6.19,49.8,60,189.8,190.2,190.0,500.0,500.0,0.0,0.0,0.0,0.3,0.05
1.0,178.1,6.19,49.8,61,189.8,190.2,190.0,500.0,500.0,0.0,0.0,0.0,0.3,0.05
1.0,178.0,6.19,49.8,62,189.8,190.2,190.0,500.0,500.0,0.0,0.0,0.0,0.3,0.05
0.8,177.9,6.19,49.8,63,189.8,190.2,190.0,500.0,500.0,0.0,0.0,0.0,0.3,0.06
0.8,177.8,6.19,49.8,64,189.8,190.2,190.0,500.0,500.0,0.0,0.0,0.0,0.3,0.06
0.6,177.7,6.19,49.8,65,189.8,190.1,190.0,500.0,500.0,0.0,0.0,0.0,0.3,0.06
0.5,177.6,6.19,49.8,66,189.8,190.0,190.0,500.0,500.0,0.0,0.0,0.0,0.3,0.06
0.2,177.5,6.19,49.6,67,189.8,190.0,190.0,500.0,500.0,0.0,0.0,0.0,0.3,0.06
0.2,177.5,6.19,49.6,68,189.8,190.0,190.0,500.0,500.0,0.0,0.0,0.0,0.3,0.06
0.1,177.5,6.19,49.8,69,189.8,190.0,190.0,500.0,500.0,0.0,0.0,0.0,0.3,0.06
0.4,177.5,6.19,49.8,70,189.8,190.0,190.0,500.0,500.0,0.0,0.0,0.0,0.3,0.06
0.8,177.4,6.19,49.8,71,189.9,190.0,190.0,500.0,500.0,0.0,0.0,0.0,0.3,0.06
1.1,177.4,6.19,50.0,72,189.9,190.0,190.0,500.0,500.0,0.0,0.0,0.0,0.3,0.06
1.4,177.5,6.19,49.8,73,189.9,190.0,190.0,500.0,500.0,0.0,0.0,0.0,0.3,0.06
1.7,177.5,6.19,49.8,74,189.9,190.0,190.0,500.0,500.0,0.0,0.0,0.0,0.3,0.06
2.0,177.5,6.19,49.8,75,189.9,190.0,190.0,500.0,500.0,0.0,0.0,0.0,0.3,0.06
2.4,177.5,6.19,49.8,76,189.9,190.0,190.0,500.0,500.0,0.0,0.0,0.0,0.3,0.07
4.4,177.6,6.19,49.6,77,189.9,190.0,190.0,500.0,500.0,0.0,0.0,0.0,0.3,0.07
8.0,177.3,6.19,49.8,78,189.9,190.0,190.0,500.0,500.0,0.0,0.0,0.0,0.3,0.08
12.1,176.0,6.19,49.8,79,190.0,190.0,190.0,500.0,500.0,0.0,0.0,0.0,0.3,0.09
15.5,173.0,6.19,49.6,80,190.0,190.0,190.0,500.0,500.0,0.0,0.0,0.0,0.3,0.10
19.0,169.3,6.19,49.6,81,190.0,189.8,190.0,500.0,500.0,0.0,0.0,0.0,0.3,0.11
21.0,166.2,6.19,49.8,82,190.0,189.8,190.0,500.0,500.0,0.0,0.0,0.0,0.3,0.13
21.8,164.7,6.19,49.8,83,190.0,189.8,190.0,500.0,500.0,0.0,0.0,0.0,0.3,0.15
21.4,164.5,6.19,49.8,84,190.0,189.8,190.0,500.0,500.0,0.0,0.0,0.0,0.3,0.17
21.0,164.8,6.19,49.8,85,190.0,189.8,190.0,500.0,500.0,0.0,0.0,0.0,0.3,0.18
20.2,165.3,6.19,49.8,86,190.0,189.8,190.0,500.0,500.0,0.0,0.0,0.0,0.3,0.20
19.1,165.9,6.19,49.8,87,190.0,189.8,190.0,500.0,500.0,0.0,0.0,0.0,0.3,0.22
17.7,166.5,6.19,49.8,88,190.0,189.8,190.0,500.0,500.0,0.0,0.0,0.0,0.3,0.23
16.8,167.2,6.19,49.8,89,190.0,189.8,190.0,500.0,500.0,0.0,0.0,0.0,0.3,0.25
16.0,167.9,6.20,49.8,90,190.0,189.8,190.0,500.0,500.0,0.0,0.0,0.0,0.3,0.26
15.5,168.6,6.20,49.8,91,190.0,189.8,190.0,500.0,500.0,0.0,0.0,0.0,0.3,0.27
15.1,169.4,6.19,49.8,92,190.0,189.9,190.0,500.0,500.0,0.0,0.0,0.0,0.3,0.28
14.6,169.8,6.19,49.8,93,190.0,189.9,190.0,500.0,500.0,0.0,0.0,0.0,0.3,0.30
14.0,170.3,6.20,49.6,94,190.0,190.0,190.0,500.0,500.0,0.0,0.0,0.0,0.3,0.31
13.7,170.8,6.19,49.8,95,190.0,190.0,190.0,500.0,500.0,0.0,0.0,0.0,0.3,0.32
13.3,171.6,6.19,49.8,96,190.0,190.0,190.0,500.0,500.0,0.0,0.0,0.0,0.3,0.33
12.8,172.3,6.19,49.8,97,190.0,190.0,190.0,500.0,500.0,0.0,0.0,0.0,0.3,0.34
12.4,172.8,6.19,49.8,98,190.0,190.0,190.0,500.0,500.0,0.0,0.0,0.0,0.3,0.35
12.3,173.3,6.19,49.8,99,190.0,190.0,190.0,500.0,500.0,0.0,0.0,0.0,0.3,0.36
12.1,173.8,6.19,49.8,100,190.0,190.0,190.0,500.0,500.0,0.0,0.0,0.0,0.3,0.37
11.9,174.4,6.19,49.8,101,190.0,190.0,190.0,500.0,500.0,0.0,0.0,0.0,0.3,0.38
12.0,175.0,6.19,49.8,102,190.0,190.0,190.0,500.0,500.0,0.0,0.0,0.0,0.3,0.39
12.0,175.5,6.19,49.8,103,190.0,190.0,190.0,500.0,500.0,0.0,0.0,0.0,0.3,0.40
11.7,176.0,6.19,49.8,104,190.0,190.0,190.0,500.0,500.0,0.0,0.0,0.0,0.3,0.41
11.4,176.5,6.19,49.8,105,190.0,190.0,190.0,500.0,500.0,0.0,0.0,0.0,0.3,0.42
11.2,177.0,6.19,49.8,106,190.0,190.0,190.0,500.0,500.0,0.0,0.0,0.0,0.3,0.43
11.0,177.5,6.19,49.8,107,190.0,190.1,190.0,500.0,500.0,0.0,0.0,0.0,0.3,0.44
11.0,177.9,6.19,49.8,108,190.0,190.2,190.0,500.0,500.0,0.0,0.0,0.0,0.3,0.45
11.2,178.4,6.19,50.0,109,190.0,190.2,190.0,500.0,500.0,0.0,0.0,0.0,0.3,0.46
11.4,178.8,6.19,49.8,110,190.0,190.2,190.0,500.0,500.0,0.0,0.0,0.0,0.3,0.47
11.6,179.3,6.19,49.8,111,190.0,190.2,190.0,500.0,500.0,0.0,0.0,0.0,0.3,0.48
11.4,179.6,6.19,49.8,112,190.0,190.3,190.0,500.0,500.0,0.0,0.0,0.0,0.3,0.49
11.1,180.1,6.19,49.6,113,190.0,190.3,190.0,500.0,500.0,0.0,0.0,0.0,0.3,0.50
10.9,180.5,6.19,49.6,114,190.0,190.3,190.0,500.0,500.0,0.0,0.0,0.0,0.3,0.50
11.0,181.0,6.19,49.8,115,190.0,190.3,190.0,500.0,500.0,0.0,0.0,0.0,0.3,0.51
11.1,181.3,6.19,49.8,116,190.0,190.3,190.0,500.0,500.0,0.0,0.0,0.0,0.3,0.52
11.3,181.7,6.19,49.8,117,190.0,190.3,190.0,500.0,500.0,0.0,0.0,0.0,0.3,0.53
11.6,182.0,6.19,50.0,118,190.0,190.3,190.0,500.0,500.0,0.0,0.0,0.0,0.3,0.54
11.8,182.4,6.19,49.8,119,190.0,190.2,190.0,500.0,500.0,0.0,0.0,0.0,0.3,0.55
11.9,182.6,6.19,49.8,120,190.0,190.0,190.0,500.0,500.0,0.0,0.0,0.0,0.3,0.56
11.6,183.0,6.19,49.8,121,190.0,190.0,190.0,500.0,500.0,0.0,0.0,0.0,0.3,0.57
11.4,183.3,6.19,49.8,122,190.0,190.0,190.0,500.0,500.0,0.0,0.0,0.0,0.3,0.58
11.3,183.6,6.19,49.6,123,190.0,190.0,190.0,500.0,500.0,0.0,0.0,0.0,0.3,0.59
11.0,183.8,6.19,49.8,124,190.0,190.0,190.0,500.0,500.0,0.0,0.0,0.0,0.3,0.60
11.0,184.1,6.19,49.8,125,190.0,190.0,190.0,500.0,500.0,0.0,0.0,0.0,0.3,0.61
11.1,184.2,6.19,49.8,126,190.0,190.0,190.0,500.0,500.0,0.0,0.0,0.0,0.3,0.62
10.9,184.4,6.19,49.8,127,190.0,190.0,190.0,500.0,500.0,0.0,0.0,0.0,0.3,0.63
10.8,184.6,6.19,50.0,128,190.0,190.0,190.0,500.0,500.0,0.0,0.0,0.0,0.3,0.64
10.7,184.9,6.19,49.8,129,190.0,190.0,190.0,500.0,500.0,0.0,0.0,0.0,0.3,0.64
10.7,185.1,6.19,49.8,130,190.0,190.0,190.0,500.0,500.0,0.0,0.0,0.0,0.3,0.65
11.2,185.3,6.19,49.8,131,190.0,190.0,190.0,500.0,500.0,0.0,0.0,0.0,0.3,0.66
11.5,185.5,6.19,49.8,132,190.0,190.0,190.0,500.0,500.0,0.0,0.0,0.0,0.3,0.67
11.6,185.8,6.19,49.8,133,190.0,190.0,190.0,500.0,500.0,0.0,0.0,0.0,0.3,0.68
11.5,186.0,6.19,50.0,134,190.0,190.0,190.0,500.0,500.0,0.0,0.0,0.0,0.3,0.69
11.3,186.2,6.19,50.0,135,190.0,190.0,190.0,500.0,500.0,0.0,0.0,0.0,0.3,0.70
10.9,186.4,6.19,50.0,136,190.0,190.0,190.0,500.0,500.0,0.0,0.0,0.0,0.3,0.71
10.7,186.6,6.19,50.0,137,190.0,190.0,190.0,500.0,500.0,0.0,0.0,0.0,0.3,0.72
10.7,186.8,6.19,50.0,138,190.0,190.0,190.0,500.0,500.0,0.0,0.0,0.0,0.3,0.73
11.0,186.9,6.19,49.8,139,190.0,190.0,190.0,500.0,500.0,0.0,0.0,0.0,0.3,0.74
11.1,187.1,6.19,49.8,140,190.0,190.0,190.0,500.0,500.0,0.0,0.0,0.0,0.3,0.75
11.6,187.3,6.19,49.8,141,190.0,190.0,190.0,500.0,500.0,0.0,0.0,0.0,0.3,0.76
11.8,187.5,6.19,49.8,142,190.0,190.0,190.0,500.0,500.0,0.0,0.0,0.0,0.3,0.77
11.8,187.7,6.19,49.6,143,190.0,190.0,190.0,500.0,500.0,0.0,0.0,0.0,0.3,0.77
11.5,187.9,6.19,49.8,144,190.0,190.0,190.0,500.0,500.0,0.0,0.0,0.0,0.3,0.78
11.4,188.1,6.19,49.8,145,190.0,190.0,190.0,500.0,500.0,0.0,0.0,0.0,0.3,0.79
11.3,188.2,6.19,49.8,146,190.0,190.0,190.0,500.0,500.0,0.0,0.0,0.0,0.3,0.80
11.3,188.3,6.19,49.8,147,190.0,190.1,190.0,500.0,500.0,0.0,0.0,0.0,0.3,0.81
11.1,188.4,6.19,50.0,148,190.0,190.2,190.0,500.0,500.0,0.0,0.0,0.0,0.3,0.82
11.0,188.6,6.19,49.8,149,190.0,190.2,190.0,500.0,500.0,0.0,0.0,0.0,0.3,0.83
10.9,188.8,6.19,49.8,150,190.0,190.2,190.0,500.0,500.0,0.0,0.0,0.0,0.3,0.84
10.8,188.9,6.19,49.8,151,190.0,190.3,190.0,500.0,500.0,0.0,0.0,0.0,0.3,0.85
11.1,189.1,6.19,49.8,152,190.0,190.5,190.0,500.0,500.0,0.0,0.0,0.0,0.3,0.86
10.9,189.3,6.19,49.6,153,190.0,190.5,190.0,500.0,500.0,0.0,0.0,0.0,0.3,0.87
11.2,189.4,6.19,49.8,154,190.0,190.5,190.0,500.0,500.0,0.0,0.0,0.0,0.3,0.88
11.4,189.5,6.19,49.8,155,190.0,190.5,190.0,500.0,500.0,0.0,0.0,0.0,0.3,0.89
11.5,189.7,6.19,49.8,156,190.0,190.6,190.0,500.0,500.0,0.0,0.0,0.0,0.3,0.90
11.1,189.8,6.19,49.8,157,190.0,190.7,190.0,500.0,500.0,0.0,0.0,0.0,0.3,0.90
11.3,189.9,6.19,50.0,158,190.0,190.7,190.0,500.0,500.0,0.0,0.0,0.0,0.3,0.91
11.3,190.1,6.19,49.8,159,190.0,190.7,190.0,500.0,500.0,0.0,0.0,0.0,0.3,0.92
11.1,190.2,6.19,49.8,160,190.0,190.7,190.0,500.0,500.0,0.0,0.0,0.0,0.3,0.93
11.1,190.3,6.19,49.8,161,190.0,190.7,190.0,500.0,500.0,0.0,0.0,0.0,0.3,0.94
11.5,190.4,6.19,49.6,162,190.0,190.7,190.0,500.0,500.0,0.0,0.0,0.0,0.3,0.95
11.8,190.5,6.19,49.6,163,190.0,190.7,190.0,500.0,500.0,0.0,0.0,0.0,0.3,0.96
11.8,190.6,6.19,49.8,164,190.0,190.6,190.0,500.0,500.0,0.0,0.0,0.0,0.3,0.97
11.7,190.6,6.19,49.8,165,190.0,190.5,190.0,500.0,500.0,0.0,0.0,0.0,0.3,0.98
11.4,190.8,6.19,49.8,166,190.0,190.5,190.0,500.0,500.0,0.0,0.0,0.0,0.3,0.99
11.2,190.9,6.19,50.0,167,190.0,190.5,190.0,500.0,500.0,0.0,0.0,0.0,0.3,1.00
11.2,191.0,6.19,49.8,168,190.0,190.4,190.0,500.0,500.0,0.0,0.0,0.0,0.3,1.01
11.2,191.1,6.19,49.8,169,190.0,190.2,190.0,500.0,500.0,0.0,0.0,0.0,0.3,1.02
11.3,191.2,6.19,49.8,170,190.0,190.1,190.0,500.0,500.0,0.0,0.0,0.0,0.3,1.03
11.5,191.3,6.19,49.8,171,190.0,190.1,190.0,500.0,500.0,0.0,0.0,0.0,0.3,1.04
11.6,191.4,6.19,49.8,172,190.0,190.1,190.0,500.0,500.0,0.0,0.0,0.0,0.3,1.05
11.6,191.5,6.19,49.8,173,190.0,190.1,190.0,500.0,500.0,0.0,0.0,0.0,0.3,1.06
11.5,191.6,6.19,49.8,174,190.0,190.0,190.0,500.0,500.0,0.0,0.0,0.0,0.3,1.07
11.3,191.7,6.19,49.8,175,190.0,190.0,190.0,500.0,500.0,0.0,0.0,0.0,0.3,1.08
11.2,191.8,6.19,49.8,176,190.0,190.0,190.0,500.0,500.0,0.0,0.0,0.0,0.3,1.08
11.2,191.9,6.19,49.8,177,190.0,190.0,190.0,500.0,500.0,0.0,0.0,0.0,0.3,1.09
11.1,192.0,6.19,49.8,178,190.0,190.0,190.0,500.0,500.0,0.0,0.0,0.0,0.3,1.10
11.1,192.1,6.19,49.8,179,190.0,190.0,190.0,500.0,500.0,0.0,0.0,0.0,0.3,1.11
11.1,192.1,6.19,49.8,180,190.0,190.0,190.0,500.0,500.0,0.0,0.0,0.0,0.3,1.12
11.1,192.2,6.19,49.8,181,190.0,190.0,190.0,500.0,500.0,0.0,0.0,0.0,0.3,1.13
10.9,192.3,6.19,49.6,182,190.0,190.0,190.0,500.0,500.0,0.0,0.0,0.0,0.3,1.14
11.0,192.4,6.19,49.8,183,190.0,190.0,190.0,500.0,500.0,0.0,0.0,0.0,0.3,1.15
11.4,192.5,6.19,49.8,184,190.0,190.0,190.0,500.0,500.0,0.0,0.0,0.0,0.3,1.16
11.4,192.6,6.19,49.8,185,190.0,190.0,190.0,500.0,500.0,0.0,0.0,0.0,0.3,1.17
11.6,192.7,6.19,49.8,186,190.0,190.0,190.0,500.0,500.0,0.0,0.0,0.0,0.3,1.18
11.8,192.8,6.19,49.8,187,190.0,190.0,190.0,500.0,500.0,0.0,0.0,0.0,0.3,1.19
11.7,192.9,6.19,49.8,188,190.0,190.0,190.0,500.0,500.0,0.0,0.0,0.0,0.3,1.20
11.6,193.0,6.19,49.8,189,190.0,190.0,190.0,500.0,500.0,0.0,0.0,0.0,0.3,1.21
11.8,193.0,6.19,49.8,190,190.0,190.0,190.0,500.0,500.0,0.0,0.0,0.0,0.3,1.22
11.7,193.1,6.19,49.8,191,190.0,190.0,190.0,500.0,500.0,0.0,0.0,0.0,0.3,1.23
11.4,193.2,6.19,49.8,192,190.0,190.0,190.0,500.0,500.0,0.0,0.0,0.0,0.3,1.24
11.4,193.2,6.19,49.8,193,190.0,190.0,190.0,500.0,500.0,0.0,0.0,0.0,0.3,1.24
11.4,193.2,6.19,49.8,194,190.0,190.0,190.0,500.0,500.0,0.0,0.0,0.0,0.3,1.25
11.7,193.3,6.19,49.8,195,190.0,190.0,190.0,500.0,500.0,0.0,0.0,0.0,0.3,1.26
11.5,193.4,6.19,49.8,196,190.0,190.0,190.0,500.0,500.0,0.0,0.0,0.0,0.3,1.27
11.4,193.5,6.19,50.0,197,190.0,190.0,190.0,500.0,500.0,0.0,0.0,0.0,0.3,1.28
11.1,193.5,6.19,50.0,198,190.0,190.0,190.0,500.0,500.0,0.0,0.0,0.0,0.3,1.29
11.0,193.6,6.19,50.0,199,190.0,190.0,190.0,500.0,500.0,0.0,0.0,0.0,0.3,1.30
10.8,193.7,6.19,50.0,200,190.0,190.0,190.0,500.0,500.0,0.0,0.0,0.0,0.3,1.31
10.8,193.7,6.19,50.0,201,190.0,190.0,190.0,500.0,500.0,0.0,0.0,0.0,0.3,1.32
11.1,193.8,6.19,50.0,202,190.0,190.1,190.0,500.0,500.0,0.0,0.0,0.0,0.3,1.33
11.3,193.9,6.19,49.8,203,190.0,190.3,190.0,500.0,500.0,0.0,0.0,0.0,0.3,1.34
11.4,193.9,6.19,49.8,204,190.0,190.3,190.0,500.0,500.0,0.0,0.0,0.0,0.3,1.35
11.3,194.0,6.19,49.8,205,190.0,190.3,190.0,500.0,500.0,0.0,0.0,0.0,0.3,1.36
11.2,194.0,6.19,49.6,206,190.0,190.3,190.0,500.0,500.0,0.0,0.0,0.0,0.3,1.37
11.1,194.2,6.19,49.6,207,190.0,190.4,190.0,500.0,500.0,0.0,0.0,0.0,0.3,1.38
11.0,194.3,6.19,49.8,208,190.0,190.5,190.0,500.0,500.0,0.0,0.0,0.0,0.3,1.38
10.9,194.4,6.19,49.8,209,190.0,190.6,190.0,500.0,500.0,0.0,0.0,0.0,0.3,1.39
11.1,194.4,6.19,49.8,210,190.0,190.6,190.0,500.0,500.0,0.0,0.0,0.0,0.3,1.40
11.3,194.5,6.19,50.0,211,190.1,190.6,190.1,500.0,500.0,0.0,0.0,0.0,0.3,1.41
11.5,194.5,6.19,49.8,212,190.1,190.6,190.1,500.0,500.0,0.0,0.0,0.0,0.3,1.42
11.5,194.6,6.19,49.8,213,190.1,190.6,190.1,500.0,500.0,0.0,0.0,0.0,0.3,1.43
11.3,194.7,6.19,49.8,214,190.1,190.6,190.1,500.0,500.0,0.0,0.0,0.0,0.3,1.44
11.1,194.7,6.19,49.8,215,190.1,190.6,190.1,500.0,500.0,0.0,0.0,0.0,0.3,1.45
10.9,194.8,6.19,49.8,216,190.1,190.5,190.0,500.0,500.0,0.0,0.0,0.0,0.3,1.46
10.8,194.9,6.19,49.8,217,190.1,190.4,190.0,500.0,500.0,0.0,0.0,0.0,0.3,1.47
10.9,194.9,6.19,49.8,218,190.1,190.4,190.0,500.0,500.0,0.0,0.0,0.0,0.3,1.48
11.1,195.0,6.19,49.8,219,190.1,190.2,190.0,500.0,500.0,0.0,0.0,0.0,0.3,1.49
11.4,195.1,6.19,49.8,220,190.1,190.0,190.0,500.0,500.0,0.0,0.0,0.0,0.3,1.50
11.8,195.1,6.19,49.8,221,190.1,190.0,190.0,500.0,500.0,0.0,0.0,0.0,0.3,1.51
12.1,195.2,6.19,50.0,222,190.1,190.0,190.0,500.0,500.0,0.0,0.0,0.0,0.3,1.52
12.0,195.2,6.19,50.0,223,190.1,190.0,190.0,500.0,500.0,0.0,0.0,0.0,0.3,1.53
11.7,195.2,6.19,50.0,224,190.1,190.0,190.0,500.0,500.0,0.0,0.0,0.0,0.3,1.54
11.5,195.3,6.19,50.0,225,190.1,190.0,190.0,500.0,500.0,0.0,0.0,0.0,0.3,1.54
11.6,195.4,6.19,49.8,226,190.1,190.0,190.0,500.0,500.0,0.0,0.0,0.0,0.3,1.55
11.6,195.4,6.19,49.8,227,190.1,190.0,190.0,500.0,500.0,0.0,0.0,0.0,0.3,1.56
11.8,195.4,6.19,49.8,228,190.1,190.0,190.0,500.0,500.0,0.0,0.0,0.0,0.3,1.57
12.1,195.5,6.19,49.8,229,190.1,190.0,190.0,500.0,500.0,0.0,0.0,0.0,0.3,1.58
12.3,195.6,6.19,49.8,230,190.1,190.0,190.0,500.0,500.0,0.0,0.0,0.0,0.3,1.59
12.3,195.6,6.19,49.8,231,190.1,190.0,190.0,500.0,500.0,0.0,0.0,0.0,0.3,1.60
12.3,195.7,6.19,49.8,232,190.1,190.0,190.0,500.0,500.0,0.0,0.0,0.0,0.3,1.61
12.1,195.7,6.19,49.8,233,190.1,190.0,190.0,500.0,500.0,0.0,0.0,0.0,0.3,1.62
11.7,195.8,6.19,49.8,234,190.1,190.0,190.0,500.0,500.0,0.0,0.0,0.0,0.3,1.63
11.5,195.8,6.19,49.8,235,190.1,190.0,190.0,500.0,500.0,0.0,0.0,0.0,0.3,1.64
11.4,195.8,6.19,50.0,236,190.1,190.0,190.0,500.0,500.0,0.0,0.0,0.0,0.3,1.65
11.4,195.9,6.19,49.8,237,190.1,190.0,190.0,500.0,500.0,0.0,0.0,0.0,0.3,1.66
11.4,195.9,6.19,49.8,238,190.1,190.0,190.0,500.0,500.0,0.0,0.0,0.0,0.3,1.67
11.3,196.0,6.19,49.8,239,190.1,190.0,190.0,500.0,500.0,0.0,0.0,0.0,0.3,1.68
11.2,196.0,6.19,49.8,240,190.1,190.0,190.0,500.0,500.0,0.0,0.0,0.0,0.3,1.69
11.2,196.1,6.19,49.6,241,190.1,190.0,190.0,500.0,500.0,0.0,0.0,0.0,0.3,1.70
11.2,196.2,6.19,49.8,242,190.1,190.0,190.0,500.0,500.0,0.0,0.0,0.0,0.3,1.71
11.1,196.3,6.19,49.8,243,190.1,190.0,190.0,500.0,500.0,0.0,0.0,0.0,0.3,1.72
11.3,196.3,6.19,49.8,244,190.1,190.0,190.0,500.0,500.0,0.0,0.0,0.0,0.3,1.73
11.5,196.4,6.19,49.8,245,190.2,190.0,190.1,500.0,500.0,0.0,0.0,0.0,0.3,1.74
11.5,196.4,6.19,50.0,246,190.2,190.0,190.1,500.0,500.0,0.0,0.0,0.0,0.3,1.75
11.4,196.4,6.19,49.8,247,190.2,190.1,190.1,500.0,500.0,0.0,0.0,0.0,0.3,1.76
11.4,196.5,6.19,49.8,248,190.2,190.1,190.1,500.0,500.0,0.0,0.0,0.0,0.3,1.77
11.3,196.6,6.19,49.8,249,190.2,190.1,190.1,500.0,500.0,0.0,0.0,0.0,0.3,1.78
11.3,196.6,6.19,49.6,250,190.2,190.2,190.1,500.0,500.0,0.0,0.0,0.0,0.3,1.78
11.4,196.6,6.19,49.6,251,190.2,190.4,190.1,500.0,500.0,0.0,0.0,0.0,0.3,1.79
11.6,196.7,6.19,49.8,252,190.2,190.4,190.1,500.0,500.0,0.0,0.0,0.0,0.3,1.80
12.1,196.7,6.19,49.8,253,190.2,190.4,190.1,500.0,500.0,0.0,0.0,0.0,0.3,1.81
12.4,196.7,6.19,49.8,254,190.2,190.5,190.1,500.0,500.0,0.0,0.0,0.0,0.3,1.82
12.2,196.8,6.19,50.0,255,190.2,190.6,190.1,500.0,500.0,0.0,0.0,0.0,0.3,1.83
11.8,196.9,6.19,49.8,256,190.2,190.6,190.1,500.0,500.0,0.0,0.0,0.0,0.3,1.84
11.6,196.9,6.19,49.8,257,190.2,190.6,190.1,500.0,500.0,0.0,0.0,0.0,0.3,1.85
11.5,196.9,6.19,49.8,258,190.2,190.6,190.1,500.0,500.0,0.0,0.0,0.0,0.3,1.86
11.6,197.0,6.19,49.8,259,190.2,190.6,190.1,500.0,500.0,0.0,0.0,0.0,0.3,1.87
11.6,197.0,6.19,49.8,260,190.2,190.7,190.1,500.0,500.0,0.0,0.0,0.0,0.3,1.88
11.9,197.0,6.19,49.8,261,190.2,190.7,190.1,500.0,500.0,0.0,0.0,0.0,0.3,1.89
12.1,197.0,6.19,49.8,262,190.2,190.7,190.1,500.0,500.0,0.0,0.0,0.0,0.3,1.90
12.2,197.1,6.19,49.8,263,190.2,190.7,190.1,500.0,500.0,0.0,0.0,0.0,0.3,1.91
12.3,197.2,6.19,49.8,264,190.2,190.6,190.1,500.0,500.0,0.0,0.0,0.0,0.3,1.92
12.1,197.2,6.19,49.8,265,190.2,190.5,190.1,500.0,500.0,0.0,0.0,0.0,0.3,1.93
12.0,197.3,6.19,49.8,266,190.2,190.5,190.1,500.0,500.0,0.0,0.0,0.0,0.3,1.94
11.7,197.3,6.19,49.8,267,190.2,190.5,190.1,500.0,500.0,0.0,0.0,0.0,0.3,1.95
11.7,197.3,6.19,49.8,268,190.2,190.4,190.1,500.0,500.0,0.0,0.0,0.0,0.3,1.96
11.6,197.4,6.19,49.8,269,190.2,190.2,190.1,500.0,500.0,0.0,0.0,0.0,0.3,1.97
11.7,197.4,6.19,49.6,270,190.2,190.0,190.1,500.0,500.0,0.0,0.0,0.0,0.3,1.98
11.7,197.4,6.19,49.8,271,190.2,190.0,190.1,500.0,500.0,0.0,0.0,0.0,0.3,1.99
11.6,197.5,6.19,49.8,272,190.2,190.0,190.1,500.0,500.0,0.0,0.0,0.0,0.3,2.00
11.6,197.5,6.19,49.8,273,190.2,190.0,190.1,500.0,500.0,0.0,0.0,0.0,0.3,2.01
11.7,197.5,6.19,49.8,274,190.2,190.0,190.1,500.0,500.0,0.0,0.0,0.0,0.3,2.02
12.0,197.6,6.19,49.8,275,190.2,190.0,190.1,500.0,500.0,0.0,0.0,0.0,0.3,2.03
12.2,197.6,6.19,49.8,276,190.2,190.0,190.1,500.0,500.0,0.0,0.0,0.0,0.3,2.04
12.1,197.6,6.19,49.8,277,190.2,190.0,190.1,500.0,500.0,0.0,0.0,0.0,0.3,2.05
11.9,197.7,6.19,49.8,278,190.2,190.0,190.1,500.0,500.0,0.0,0.0,0.0,0.3,2.06
11.7,197.8,6.19,49.8,279,190.2,190.0,190.1,500.0,500.0,0.0,0.0,0.0,0.3,2.07
11.6,197.8,6.19,49.8,280,190.2,190.0,190.1,500.0,500.0,0.0,0.0,0.0,0.3,2.08
11.4,197.8,6.19,49.8,281,190.2,190.0,190.1,500.0,500.0,0.0,0.0,0.0,0.3,2.09
11.5,197.8,6.19,49.8,282,190.2,190.0,190.1,500.0,500.0,0.0,0.0,0.0,0.3,2.10
11.8,197.9,6.19,49.8,283,190.2,190.0,190.1,500.0,500.0,0.0,0.0,0.0,0.3,2.11
12.0,197.9,6.19,49.8,284,190.2,190.0,190.1,500.0,500.0,0.0,0.0,0.0,0.3,2.12
12.2,197.9,6.19,49.8,285,190.2,190.0,190.1,500.0,500.0,0.0,0.0,0.0,0.3,2.13
12.1,198.0,6.19,49.8,286,190.2,190.0,190.1,500.0,500.0,0.0,0.0,0.0,0.3,2.14
11.9,198.0,6.19,49.8,287,190.2,190.0,190.1,500.0,500.0,0.0,0.0,0.0,0.3,2.15
11.7,198.0,6.19,49.8,288,190.2,190.0,190.1,500.0,500.0,0.0,0.0,0.0,0.3,2.16
11.6,198.1,6.19,49.6,289,190.2,190.0,190.1,500.0,500.0,0.0,0.0,0.0,0.3,2.17
11.5,198.1,6.19,49.8,290,190.2,190.0,190.1,500.0,500.0,0.0,0.0,0.0,0.3,2.18
11.7,198.1,6.19,49.8,291,190.2,190.0,190.1,500.0,500.0,0.0,0.0,0.0,0.3,2.19
11.8,198.1,6.19,49.8,292,190.2,190.0,190.1,500.0,500.0,0.0,0.0,0.0,0.3,2.20
11.7,198.2,6.19,49.8,293,190.2,190.0,190.1,500.0,500.0,0.0,0.0,0.0,0.3,2.21
11.5,198.2,6.19,50.0,294,190.2,190.0,190.1,500.0,500.0,0.0,0.0,0.0,0.3,2.22
11.6,198.2,6.19,49.8,295,190.2,190.0,190.1,500.0,500.0,0.0,0.0,0.0,0.3,2.23
11.6,198.2,6.19,49.8,296,190.2,190.0,190.1,500.0,500.0,0.0,0.0,0.0,0.3,2.24
11.6,198.3,6.19,49.8,297,190.2,190.0,190.1,500.0,500.0,0.0,0.0,0.0,0.3,2.25
11.6,198.3,6.19,49.8,298,190.2,190.2,190.1,500.0,500.0,0.0,0.0,0.0,0.3,2.25
11.8,198.3,6.19,49.6,299,190.2,190.2,190.2,500.0,500.0,0.0,0.0,0.0,0.3,2.26
11.7,198.4,6.19,49.8,300,190.2,190.2,190.2,500.0,500.0,0.0,0.0,0.0,0.3,2.27
11.9,198.4,6.19,49.8,301,190.2,190.3,190.2,500.0,500.0,0.0,0.0,0.0,0.3,2.28
11.9,198.4,6.19,49.8,302,190.1,190.4,190.2,500.0,500.0,0.0,0.0,0.0,0.3,2.29
11.8,198.4,6.19,49.8,303,190.1,190.4,190.2,500.0,500.0,0.0,0.0,0.0,0.3,2.30
11.8,198.4,6.19,49.8,304,190.1,190.4,190.2,500.0,500.0,0.0,0.0,0.0,0.3,2.31
11.8,198.5,6.19,49.8,305,190.1,190.4,190.2,500.0,500.0,0.0,0.0,0.0,0.3,2.32
12.0,198.5,6.19,49.8,306,190.1,190.5,190.2,500.0,500.0,0.0,0.0,0.0,0.3,2.33
12.1,198.5,6.19,49.8,307,190.1,190.5,190.2,500.0,500.0,0.0,0.0,0.0,0.3,2.34
12.0,198.5,6.19,49.6,308,190.1,190.5,190.2,500.0,500.0,0.0,0.0,0.0,0.3,2.35
11.9,198.6,6.19,49.8,309,190.1,190.5,190.2,500.0,500.0,0.0,0.0,0.0,0.3,2.36
11.7,198.6,6.19,49.8,310,190.1,190.5,190.2,500.0,500.0,0.0,0.0,0.0,0.3,2.37
11.6,198.7,6.19,49.8,311,190.1,190.5,190.2,500.0,500.0,0.0,0.0,0.0,0.3,2.38
11.6,198.7,6.19,49.8,312,190.1,190.4,190.2,500.0,500.0,0.0,0.0,0.0,0.3,2.39
11.8,198.7,6.19,49.8,313,190.1,190.3,190.2,500.0,500.0,0.0,0.0,0.0,0.3,2.40
11.9,198.8,6.19,49.8,314,190.1,190.3,190.2,500.0,500.0,0.0,0.0,0.0,0.3,2.41
12.1,198.8,6.19,49.8,315,190.1,190.3,190.2,500.0,500.0,0.0,0.0,0.0,0.3,2.42
12.1,198.8,6.19,49.8,316,190.1,190.1,190.2,500.0,500.0,0.0,0.0,0.0,0.3,2.43
11.8,198.9,6.19,49.8,317,190.1,190.0,190.2,500.0,500.0,0.0,0.0,0.0,0.3,2.44
11.8,198.9,6.19,49.8,318,190.1,190.0,190.2,500.0,500.0,0.0,0.0,0.0,0.3,2.45
11.6,198.9,6.18,49.8,319,190.1,190.0,190.2,500.0,500.0,0.0,0.0,0.0,0.3,2.46
11.6,198.9,6.18,49.8,320,190.1,190.0,190.2,500.0,500.0,0.0,0.0,0.0,0.3,2.47
11.7,198.9,6.18,49.8,321,190.1,190.0,190.2,500.0,500.0,0.0,0.0,0.0,0.3,2.48
11.9,199.0,6.18,49.8,322,190.1,190.0,190.2,500.0,500.0,0.0,0.0,0.0,0.3,2.49
12.1,199.0,6.18,50.0,323,190.1,190.0,190.2,500.0,500.0,0.0,0.0,0.0,0.3,2.50
12.1,199.0,6.19,49.8,324,190.1,190.0,190.2,500.0,500.0,0.0,0.0,0.0,0.3,2.51
12.0,199.0,6.19,49.8,325,190.1,190.0,190.2,500.0,500.0,0.0,0.0,0.0,0.3,2.52
12.0,199.0,6.19,49.8,326,190.1,190.0,190.2,500.0,500.0,0.0,0.0,0.0,0.3,2.53
12.0,199.1,6.19,49.6,327,190.1,190.0,190.2,500.0,500.0,0.0,0.0,0.0,0.3,2.54
12.2,199.1,6.19,49.6,328,190.1,190.0,190.2,500.0,500.0,0.0,0.0,0.0,0.3,2.55
12.3,199.1,6.19,49.8,329,190.1,190.0,190.2,500.0,500.0,0.0,0.0,0.0,0.3,2.56
12.1,199.2,6.19,49.8,330,190.1,190.0,190.2,500.0,500.0,0.0,0.0,0.0,0.3,2.57
12.2,199.2,6.19,49.8,331,190.2,190.0,190.2,500.0,500.0,0.0,0.0,0.0,0.3,2.58
12.2,199.2,6.19,50.0,332,190.2,190.0,190.2,500.0,500.0,0.0,0.0,0.0,0.3,2.59
12.0,199.2,6.19,49.8,333,190.2,190.0,190.2,500.0,500.0,0.0,0.0,0.0,0.3,2.60
11.8,199.2,6.19,49.8,334,190.2,190.0,190.2,500.0,500.0,0.0,0.0,0.0,0.3,2.61
12.0,199.3,6.19,49.8,335,190.2,190.0,190.3,500.0,500.0,0.0,0.0,0.0,0.3,2.62
11.9,199.3,6.19,49.8,336,190.2,190.0,190.3,500.0,500.0,0.0,0.0,0.0,0.3,2.63
12.0,199.3,6.19,49.8,337,190.2,190.0,190.3,500.0,500.0,0.0,0.0,0.0,0.3,2.64
12.0,199.3,6.19,49.8,338,190.2,190.0,190.3,500.0,500.0,0.0,0.0,0.0,0.3,2.65
11.9,199.3,6.19,49.8,339,190.2,190.0,190.3,500.0,500.0,0.0,0.0,0.0,0.3,2.66
11.8,199.4,6.19,49.8,340,190.2,190.0,190.3,500.0,500.0,0.0,0.0,0.0,0.3,2.67
11.7,199.4,6.19,49.8,341,190.2,190.0,190.3,500.0,500.0,0.0,0.0,0.0,0.3,2.68
11.6,199.4,6.19,49.8,342,190.2,190.0,190.3,500.0,500.0,0.0,0.0,0.0,0.3,2.69
11.6,199.5,6.19,49.8,343,190.2,190.0,190.3,500.0,500.0,0.0,0.0,0.0,0.3,2.70
11.8,199.5,6.19,49.8,344,190.2,190.0,190.3,500.0,500.0,0.0,0.0,0.0,0.3,2.71
12.1,199.5,6.19,49.8,345,190.2,190.0,190.3,500.0,500.0,0.0,0.0,0.0,0.3,2.72
12.0,199.5,6.19,49.6,346,190.2,190.0,190.3,500.0,500.0,0.0,0.0,0.0,0.3,2.73
12.0,199.5,6.19,49.6,347,190.2,190.0,190.3,500.0,500.0,0.0,0.0,0.0,0.3,2.74
11.8,199.5,6.19,49.6,348,190.2,190.0,190.3,500.0,500.0,0.0,0.0,0.0,0.3,2.75
11.7,199.6,6.19,49.6,349,190.2,190.0,190.3,500.0,500.0,0.0,0.0,0.0,0.3,2.76
11.6,199.6,6.19,49.6,350,190.2,190.0,190.3,500.0,500.0,0.0,0.0,0.0,0.3,2.77
11.7,199.6,6.19,49.6,351,190.2,190.1,190.3,500.0,500.0,0.0,0.0,0.0,0.3,2.78
11.8,199.6,6.19,49.6,352,190.2,190.1,190.3,500.0,500.0,0.0,0.0,0.0,0.3,2.79
12.1,199.7,6.19,49.8,353,190.2,190.1,190.3,500.0,500.0,0.0,0.0,0.0,0.3,2.80
12.4,199.7,6.19,49.8,354,190.2,190.1,190.3,500.0,500.0,0.0,0.0,0.0,0.3,2.81
12.6,199.7,6.19,49.8,355,190.2,190.1,190.3,500.0,500.0,0.0,0.0,0.0,0.3,2.82
12.5,199.7,6.19,50.0,356,190.2,190.3,190.3,500.0,500.0,0.0,0.0,0.0,0.3,2.83
12.3,199.7,6.19,49.8,357,190.2,190.3,190.3,500.0,500.0,0.0,0.0,0.0,0.3,2.84
12.2,199.7,6.19,49.8,358,190.2,190.3,190.3,500.0,500.0,0.0,0.0,0.0,0.3,2.85
12.2,199.7,6.19,49.8,359,190.2,190.3,190.3,500.0,500.0,0.0,0.0,0.0,0.3,2.86
12.2,199.8,6.19,49.8,360,190.2,190.3,190.3,500.0,500.0,0.0,0.0,0.0,0.3,2.87
12.0,199.8,6.19,49.8,361,190.2,190.3,190.3,500.0,500.0,0.0,0.0,0.0,0.3,2.88
12.0,199.8,6.19,50.0,362,190.2,190.2,190.3,500.0,500.0,0.0,0.0,0.0,0.3,2.89
12.1,199.8,6.19,50.0,363,190.2,190.1,190.3,500.0,500.0,0.0,0.0,0.0,0.3,2.90
12.1,199.9,6.19,50.0,364,190.2,190.1,190.3,500.0,500.0,0.0,0.0,0.0,0.3,2.91
12.0,199.9,6.19,50.0,365,190.2,190.1,190.3,500.0,500.0,0.0,0.0,0.0,0.3,2.92
12.2,200.0,6.19,50.0,366,190.2,190.0,190.3,500.0,500.0,0.0,0.0,0.0,0.3,2.93
12.3,200.0,6.19,49.8,367,190.2,190.0,190.3,500.0,500.0,0.0,0.0,0.0,0.3,2.94
12.1,200.0,6.19,49.8,368,190.2,190.0,190.3,500.0,500.0,0.0,0.0,0.0,0.3,2.95
12.1,200.0,6.19,49.8,369,190.3,190.0,190.4,500.0,500.0,0.0,0.0,0.0,0.3,2.96
12.1,200.1,6.19,49.6,370,190.3,190.0,190.4,500.0,500.0,0.0,0.0,0.0,0.3,2.97
12.0,200.1,6.19,49.6,371,190.3,190.0,190.4,500.0,500.0,0.0,0.0,0.0,0.3,2.98
11.8,200.1,6.19,49.8,372,190.3,190.0,190.4,500.0,500.0,0.0,0.0,0.0,0.3,2.99
11.8,200.1,6.19,49.8,373,190.3,190.0,190.4,500.0,500.0,0.0,0.0,0.0,0.3,3.00
11.7,200.2,6.19,49.8,374,190.3,190.0,190.4,500.0,500.0,0.0,0.0,0.0,0.3,3.01
11.9,200.2,6.19,50.0,375,190.3,190.0,190.4,500.0,500.0,0.0,0.0,0.0,0.3,3.02
12.1,200.2,6.19,49.8,376,190.3,190.0,190.4,500.0,500.0,0.0,0.0,0.0,0.3,3.03
12.2,200.2,6.19,49.8,377,190.3,190.0,190.4,500.0,500.0,0.0,0.0,0.0,0.3,3.04
12.3,200.2,6.19,49.8,378,190.3,190.0,190.4,500.0,500.0,0.0,0.0,0.0,0.3,3.05
12.3,200.2,6.19,49.8,379,190.3,190.0,190.4,500.0,500.0,0.0,0.0,0.0,0.3,3.06
12.2,200.3,6.19,49.8,380,190.3,190.0,190.4,500.0,500.0,0.0,0.0,0.0,0.3,3.07
12.0,200.3,6.19,49.8,381,190.3,190.0,190.4,500.0,500.0,0.0,0.0,0.0,0.3,3.08
12.0,200.3,6.19,49.8,382,190.3,190.0,190.4,500.0,500.0,0.0,0.0,0.0,0.3,3.09
12.0,200.3,6.19,49.8,383,190.3,190.0,190.4,500.0,500.0,0.0,0.0,0.0,0.3,3.10
12.1,200.3,6.19,49.8,384,190.3,190.0,190.4,500.0,500.0,0.0,0.0,0.0,0.3,3.11
12.3,200.3,6.19,49.6,385,190.3,190.0,190.4,500.0,500.0,0.0,0.0,0.0,0.3,3.12
12.7,200.3,6.19,49.8,386,190.3,190.0,190.4,500.0,500.0,0.0,0.0,0.0,0.3,3.13
12.7,200.4,6.19,49.8,387,190.3,190.0,190.4,500.0,500.0,0.0,0.0,0.0,0.3,3.14
12.5,200.4,6.19,49.8,388,190.3,190.0,190.4,500.0,500.0,0.0,0.0,0.0,0.3,3.15
12.3,200.4,6.19,49.8,389,190.2,190.0,190.4,500.0,500.0,0.0,0.0,0.0,0.3,3.16
12.2,200.4,6.19,49.8,390,190.2,190.0,190.3,500.0,500.0,0.0,0.0,0.0,0.3,3.17
12.0,200.5,6.19,49.8,391,190.2,190.0,190.3,500.0,500.0,0.0,0.0,0.0,0.3,3.18
11.8,200.5,6.19,49.8,392,190.2,190.0,190.4,500.0,500.0,0.0,0.0,0.0,0.3,3.19
12.0,200.5,6.19,49.8,393,190.3,190.0,190.4,500.0,500.0,0.0,0.0,0.0,0.3,3.20
12.1,200.5,6.19,49.6,394,190.3,190.0,190.4,500.0,500.0,0.0,0.0,0.0,0.3,3.21
12.3,200.5,6.19,49.8,395,190.3,190.0,190.4,500.0,500.0,0.0,0.0,0.0,0.3,3.22
12.5,200.5,6.19,49.8,396,190.3,190.0,190.4,500.0,500.0,0.0,0.0,0.0,0.3,3.23
12.6,200.5,6.19,49.8,397,190.3,190.0,190.4,500.0,500.0,0.0,0.0,0.0,0.3,3.24
12.5,200.6,6.19,49.8,398,190.3,190.0,190.4,500.0,500.0,0.0,0.0,0.0,0.3,3.25
12.4,200.6,6.19,50.0,399,190.3,190.0,190.4,500.0,500.0,0.0,0.0,0.0,0.3,3.26
12.3,200.6,6.19,49.8,400,190.3,190.0,190.4,500.0,500.0,0.0,0.0,0.0,0.3,3.27
12.2,200.6,6.19,49.8,401,190.3,190.0,190.4,500.0,500.0,0.0,0.0,0.0,0.3,3.28
12.1,200.6,6.19,49.8,402,190.2,190.1,190.4,500.0,500.0,0.0,0.0,0.0,0.3,3.29
12.1,200.6,6.19,49.6,403,190.2,190.1,190.4,500.0,500.0,0.0,0.0,0.0,0.3,3.30
12.1,200.6,6.19,49.6,404,190.2,190.1,190.4,500.0,500.0,0.0,0.0,0.0,0.3,3.31
12.0,200.6,6.19,49.8,405,190.2,190.1,190.4,500.0,500.0,0.0,0.0,0.0,0.3,3.32
12.0,200.7,6.19,49.8,406,190.2,190.1,190.3,500.0,500.0,0.0,0.0,0.0,0.3,3.33
12.1,200.7,6.19,49.8,407,190.2,190.1,190.3,500.0,500.0,0.0,0.0,0.0,0.3,3.34
12.2,200.7,6.19,50.0,408,190.2,190.1,190.3,500.0,500.0,0.0,0.0,0.0,0.3,3.35
12.2,200.7,6.19,49.8,409,190.2,190.1,190.3,500.0,500.0,0.0,0.0,0.0,0.3,3.36
12.3,200.7,6.19,49.8,410,190.2,190.1,190.3,500.0,500.0,0.0,0.0,0.0,0.3,3.37
12.3,200.7,6.19,49.8,411,190.2,190.1,190.3,500.0,500.0,0.0,0.0,0.0,0.3,3.38
12.1,200.7,6.19,49.8,412,190.2,190.1,190.3,500.0,500.0,0.0,0.0,0.0,0.3,3.39
12.2,200.8,6.19,49.8,413,190.2,190.0,190.3,500.0,500.0,0.0,0.0,0.0,0.3,3.40
12.2,200.8,6.19,49.8,414,190.2,190.0,190.3,500.0,500.0,0.0,0.0,0.0,0.3,3.41
12.1,200.8,6.19,49.8,415,190.2,190.0,190.2,500.0,500.0,0.0,0.0,0.0,0.3,3.42
12.3,200.8,6.19,49.8,416,190.2,190.0,190.2,500.0,500.0,0.0,0.0,0.0,0.3,3.43
12.4,200.8,6.19,49.8,417,190.2,190.0,190.2,500.0,500.0,0.0,0.0,0.0,0.3,3.44
12.6,200.8,6.19,49.8,418,190.2,190.0,190.2,500.0,500.0,0.0,0.0,0.0,0.3,3.46
12.6,200.8,6.19,49.8,419,190.2,190.0,190.2,500.0,500.0,0.0,0.0,0.0,0.3,3.47
12.5,200.8,6.19,49.8,420,190.2,190.0,190.2,500.0,500.0,0.0,0.0,0.0,0.3,3.48
12.4,200.8,6.19,49.8,421,190.2,190.0,190.2,500.0,500.0,0.0,0.0,0.0,0.3,3.49
12.3,200.8,6.19,49.8,422,190.1,190.0,190.2,500.0,500.0,0.0,0.0,0.0,0.3,3.50
12.2,200.9,6.19,49.8,423,190.1,190.0,190.2,500.0,500.0,0.0,0.0,0.0,0.3,3.51
12.3,200.9,6.19,50.0,424,190.1,190.0,190.2,500.0,500.0,0.0,0.0,0.0,0.3,3.52
12.3,200.9,6.19,50.0,425,190.1,190.0,190.2,500.0,500.0,0.0,0.0,0.0,0.3,3.53
12.4,200.9,6.19,50.0,426,190.1,190.0,190.2,500.0,500.0,0.0,0.0,0.0,0.3,3.54
12.4,200.9,6.19,50.0,427,190.1,190.0,190.1,500.0,500.0,0.0,0.0,0.0,0.3,3.55
12.2,200.9,6.19,49.8,428,190.1,190.0,190.1,500.0,500.0,0.0,0.0,0.0,0.3,3.56
12.1,200.9,6.19,49.8,429,190.1,190.0,190.1,500.0,500.0,0.0,0.0,0.0,0.3,3.57
12.2,200.9,6.19,49.8,430,190.1,190.0,190.1,500.0,500.0,0.0,0.0,0.0,0.3,3.58
12.1,200.9,6.19,49.8,431,190.1,190.0,190.1,500.0,500.0,0.0,0.0,0.0,0.3,3.59
12.1,200.9,6.19,49.6,432,190.1,190.0,190.1,500.0,500.0,0.0,0.0,0.0,0.3,3.60
12.3,200.9,6.19,49.6,433,190.1,190.0,190.1,500.0,500.0,0.0,0.0,0.0,0.3,3.61
12.4,200.9,6.19,49.6,434,190.1,190.0,190.1,500.0,500.0,0.0,0.0,0.0,0.3,3.62
12.5,200.9,6.19,49.6,435,190.1,190.0,190.1,500.0,500.0,0.0,0.0,0.0,0.3,3.63
12.3,200.9,6.19,49.6,436,190.0,190.0,190.0,500.0,500.0,0.0,0.0,0.0,0.3,3.64
12.2,200.9,6.19,49.8,437,190.0,190.0,190.0,500.0,500.0,0.0,0.0,0.0,0.3,3.65
12.3,200.9,6.19,49.8,438,190.0,190.0,190.0,500.0,500.0,0.0,0.0,0.0,0.3,3.66
12.5,200.9,6.19,49.8,439,190.0,190.0,190.0,500.0,500.0,0.0,0.0,0.0,0.3,3.67
12.6,200.9,6.19,49.8,440,190.0,190.0,190.0,500.0,500.0,0.0,0.0,0.0,0.3,3.68
12.5,200.9,6.19,49.8,441,190.0,190.0,190.0,500.0,500.0,0.0,0.0,0.0,0.3,3.69
12.5,200.9,6.19,49.8,442,190.0,190.0,190.0,500.0,500.0,0.0,0.0,0.0,0.3,3.70
12.4,200.9,6.19,50.0,443,190.0,190.0,190.0,500.0,500.0,0.0,0.0,0.0,0.3,3.71
12.3,201.0,6.19,50.0,444,190.0,190.0,190.0,500.0,500.0,0.0,0.0,0.0,0.3,3.72
12.2,201.0,6.19,50.0,445,190.0,190.0,190.0,500.0,500.0,0.0,0.0,0.0,0.3,3.73
12.4,201.0,6.19,50.0,446,190.0,190.0,190.0,500.0,500.0,0.0,0.0,0.0,0.3,3.74
12.4,201.0,6.19,49.8,447,190.0,190.0,190.0,500.0,500.0,0.0,0.0,0.0,0.3,3.75
12.5,201.0,6.19,49.8,448,190.0,190.0,190.0,500.0,500.0,0.0,0.0,0.0,0.3,3.76
12.4,201.0,6.19,49.8,449,190.0,190.0,190.0,500.0,500.0,0.0,0.0,0.0,0.3,3.77
12.2,201.0,6.19,49.8,450,190.0,190.0,190.0,500.0,500.0,0.0,0.0,0.0,0.3,3.78
12.2,201.0,6.19,49.6,451,190.0,190.0,190.0,500.0,500.0,0.0,0.0,0.0,0.3,3.79
12.1,201.0,6.19,49.6,452,190.0,190.0,190.0,500.0,500.0,0.0,0.0,0.0,0.3,3.80
12.1,201.0,6.19,49.6,453,190.0,190.0,190.0,500.0,500.0,0.0,0.0,0.0,0.3,3.81
12.3,201.1,6.19,49.6,454,190.0,190.0,190.0,500.0,500.0,0.0,0.0,0.0,0.3,3.82
12.6,201.1,6.19,49.6,455,190.0,190.0,190.0,500.0,500.0,0.0,0.0,0.0,0.3,3.83
12.8,201.1,6.19,49.8,456,190.0,190.0,190.0,500.0,500.0,0.0,0.0,0.0,0.3,3.84
12.8,201.1,6.19,49.8,457,190.0,190.0,190.0,500.0,500.0,0.0,0.0,0.0,0.3,3.86
12.8,201.1,6.19,49.8,458,190.0,190.0,190.0,500.0,500.0,0.0,0.0,0.0,0.3,3.87
12.8,201.1,6.19,49.8,459,190.0,190.0,190.0,500.0,500.0,0.0,0.0,0.0,0.3,3.88
12.8,201.1,6.19,49.6,460,190.0,190.0,190.0,500.0,500.0,0.0,0.0,0.0,0.3,3.89
12.8,201.1,6.19,49.6,461,190.0,190.0,190.0,500.0,500.0,0.0,0.0,0.0,0.3,3.90
12.7,201.1,6.19,49.8,462,190.0,190.0,190.0,500.0,500.0,0.0,0.0,0.0,0.3,3.91
12.8,201.1,6.19,49.8,463,190.0,190.0,190.0,500.0,500.0,0.0,0.0,0.0,0.3,3.92
12.9,201.1,6.19,49.8,464,190.0,190.0,190.0,500.0,500.0,0.0,0.0,0.0,0.3,3.93
13.0,201.1,6.19,49.8,465,190.0,190.0,190.0,500.0,500.0,0.0,0.0,0.0,0.3,3.94
12.9,201.1,6.19,49.8,466,190.0,190.0,190.0,500.0,500.0,0.0,0.0,0.0,0.3,3.95
12.9,201.1,6.19,49.8,467,190.0,190.0,190.0,500.0,500.0,0.0,0.0,0.0,0.3,3.96
12.7,201.1,6.19,49.8,468,190.0,190.0,190.0,500.0,500.0,0.0,0.0,0.0,0.3,3.97
12.5,201.1,6.19,49.8,469,190.0,190.0,190.0,500.0,500.0,0.0,0.0,0.0,0.3,3.98
12.4,201.1,6.19,49.8,470,190.0,190.0,190.0,500.0,500.0,0.0,0.0,0.0,0.3,3.99
12.2,201.1,6.19,49.8,471,190.0,190.0,190.0,500.0,500.0,0.0,0.0,0.0,0.3,4.00
12.1,201.1,6.19,49.8,472,190.0,190.0,190.0,500.0,500.0,0.0,0.0,0.0,0.3,4.01
12.1,201.1,6.19,49.8,473,190.0,190.0,190.0,500.0,500.0,0.0,0.0,0.0,0.3,4.02
12.1,201.2,6.19,49.8,474,190.0,190.0,190.0,500.0,500.0,0.0,0.0,0.0,0.3,4.03
12.2,201.2,6.19,50.0,475,190.0,190.0,190.0,500.0,500.0,0.0,0.0,0.0,0.3,4.04
12.4,201.2,6.19,49.8,476,190.0,190.0,190.0,500.0,500.0,0.0,0.0,0.0,0.3,4.05
12.7,201.2,6.19,49.8,477,190.0,190.0,190.0,500.0,500.0,0.0,0.0,0.0,0.3,4.06
12.8,201.2,6.19,49.8,478,190.0,190.0,190.0,500.0,500.0,0.0,0.0,0.0,0.3,4.08
12.6,201.2,6.19,49.6,479,190.0,190.0,190.0,500.0,500.0,0.0,0.0,0.0,0.3,4.09
12.6,201.2,6.19,49.6,480,190.0,190.0,190.0,500.0,500.0,0.0,0.0,0.0,0.3,4.10
12.6,201.3,6.19,49.8,481,190.0,189.9,190.0,500.0,500.0,0.0,0.0,0.0,0.3,4.11
12.7,201.3,6.19,49.8,482,190.0,189.9,190.0,500.0,500.0,0.0,0.0,0.0,0.3,4.12
12.6,201.3,6.19,49.8,483,190.0,190.0,190.0,500.0,500.0,0.0,0.0,0.0,0.3,4.13
12.9,201.3,6.19,50.0,484,190.0,190.0,190.0,500.0,500.0,0.0,0.0,0.0,0.3,4.14
13.1,201.4,6.19,49.8,485,190.0,190.0,190.0,500.0,500.0,0.0,0.0,0.0,0.3,4.15
13.2,201.3,6.19,49.8,486,190.0,190.0,190.0,500.0,500.0,0.0,0.0,0.0,0.3,4.16
13.1,201.3,6.19,49.8,487,190.0,190.0,190.1,500.0,500.0,0.0,0.0,0.0,0.3,4.17
13.0,201.4,6.19,49.8,488,190.0,190.0,190.1,500.0,500.0,0.0,0.0,0.0,0.3,4.18
12.9,201.4,6.19,49.6,489,190.0,190.0,190.1,500.0,500.0,0.0,0.0,0.0,0.3,4.19
12.7,201.4,6.19,49.8,490,190.0,190.0,190.1,500.0,500.0,0.0,0.0,0.0,0.3,4.20
12.6,201.4,6.19,49.8,491,190.0,190.0,190.1,500.0,500.0,0.0,0.0,0.0,0.3,4.21
12.5,201.4,6.19,49.8,492,190.0,190.0,190.1,500.0,500.0,0.0,0.0,0.0,0.3,4.22
12.4,201.4,6.19,49.8,493,190.0,190.0,190.1,500.0,500.0,0.0,0.0,0.0,0.3,4.23
12.3,201.4,6.19,50.0,494,190.0,190.0,190.1,500.0,500.0,0.0,0.0,0.0,0.3,4.24
12.3,201.4,6.19,49.8,495,190.0,190.0,190.1,500.0,500.0,0.0,0.0,0.0,0.3,4.25
12.3,201.4,6.19,49.8,496,190.0,190.0,190.1,500.0,500.0,0.0,0.0,0.0,0.3,4.26
12.5,201.4,6.19,49.8,497,190.0,190.0,190.1,500.0,500.0,0.0,0.0,0.0,0.3,4.27
12.4,201.4,6.19,49.8,498,190.0,190.0,190.1,500.0,500.0,0.0,0.0,0.0,0.3,4.29
12.6,201.4,6.19,49.8,499,190.0,190.0,190.1,500.0,500.0,0.0,0.0,0.0,0.3,4.30
12.6,201.4,6.19,49.8,500,190.0,190.0,190.1,500.0,500.0,0.0,0.0,0.0,0.3,4.31
12.6,201.4,6.19,49.8,501,190.0,190.0,190.1,500.0,500.0,0.0,0.0,0.0,0.3,4.32
12.4,201.4,6.19,49.8,502,190.0,190.0,190.1,500.0,500.0,0.0,0.0,0.0,0.3,4.33
12.5,201.4,6.19,49.8,503,190.0,190.0,190.2,500.0,500.0,0.0,0.0,0.0,0.3,4.34
12.4,201.4,6.19,49.8,504,190.0,190.0,190.2,500.0,500.0,0.0,0.0,0.0,0.3,4.35
12.3,201.4,6.19,50.0,505,190.0,190.0,190.2,500.0,500.0,0.0,0.0,0.0,0.3,4.36
12.3,201.4,6.19,50.0,506,190.0,190.0,190.2,500.0,500.0,0.0,0.0,0.0,0.3,4.37
12.5,201.4,6.19,50.0,507,190.0,190.1,190.2,500.0,500.0,0.0,0.0,0.0,0.3,4.38
12.7,201.5,6.19,50.0,508,190.0,190.1,190.2,500.0,500.0,0.0,0.0,0.0,0.3,4.39
13.0,201.5,6.19,49.8,509,190.0,190.1,190.2,500.0,500.0,0.0,0.0,0.0,0.3,4.40
13.0,201.5,6.19,49.8,510,190.0,190.0,190.2,500.0,500.0,0.0,0.0,0.0,0.3,4.41
12.9,201.5,6.19,49.8,511,190.0,190.0,190.2,500.0,500.0,0.0,0.0,0.0,0.3,4.42
12.8,201.5,6.19,49.8,512,190.0,190.0,190.2,500.0,500.0,0.0,0.0,0.0,0.3,4.43
12.7,201.5,6.19,49.8,513,190.0,190.0,190.2,500.0,500.0,0.0,0.0,0.0,0.3,4.44
12.5,201.5,6.19,49.8,514,190.0,190.0,190.2,500.0,500.0,0.0,0.0,0.0,0.3,4.45
12.6,201.5,6.19,49.8,515,190.0,190.0,190.2,500.0,500.0,0.0,0.0,0.0,0.3,4.46
12.8,201.5,6.19,49.8,516,190.0,190.0,190.1,500.0,500.0,0.0,0.0,0.0,0.3,4.47
12.9,201.5,6.19,49.8,517,190.0,190.0,190.1,500.0,500.0,0.0,0.0,0.0,0.3,4.48
13.0,201.5,6.19,49.8,518,190.0,190.0,190.1,500.0,500.0,0.0,0.0,0.0,0.3,4.50
13.0,201.5,6.19,49.8,519,190.0,190.0,190.1,500.0,500.0,0.0,0.0,0.0,0.3,4.51
12.9,201.5,6.19,49.8,520,190.0,190.0,190.1,500.0,500.0,0.0,0.0,0.0,0.3,4.52
12.7,201.5,6.19,49.8,521,190.0,190.0,190.1,500.0,500.0,0.0,0.0,0.0,0.3,4.53
12.6,201.5,6.19,49.8,522,190.0,190.0,190.1,500.0,500.0,0.0,0.0,0.0,0.3,4.54
12.6,201.5,6.19,49.6,523,190.0,190.0,190.1,500.0,500.0,0.0,0.0,0.0,0.3,4.55
12.6,201.5,6.19,49.8,524,190.0,190.0,190.1,500.0,500.0,0.0,0.0,0.0,0.3,4.56
12.6,201.6,6.19,49.8,525,190.0,190.0,190.1,500.0,500.0,0.0,0.0,0.0,0.3,4.57
12.4,201.6,6.19,49.8,526,190.0,190.0,190.1,500.0,500.0,0.0,0.0,0.0,0.3,4.58
12.5,201.6,6.19,49.8,527,190.0,190.0,190.1,500.0,500.0,0.0,0.0,0.0,0.3,4.59
12.5,201.6,6.19,50.0,528,190.0,190.0,190.1,500.0,500.0,0.0,0.0,0.0,0.3,4.60
12.4,201.6,6.19,50.0,529,190.0,190.0,190.1,500.0,500.0,0.0,0.0,0.0,0.3,4.61
12.3,201.6,6.19,50.0,530,190.0,189.9,190.1,500.0,500.0,0.0,0.0,0.0,0.3,4.62
12.5,201.6,6.19,50.0,531,190.0,189.9,190.0,500.0,500.0,0.0,0.0,0.0,0.3,4.63
12.4,201.6,6.19,50.0,532,190.0,189.9,190.0,500.0,500.0,0.0,0.0,0.0,0.3,4.64
12.4,201.5,6.19,49.8,533,190.0,189.9,190.0,500.0,500.0,0.0,0.0,0.0,0.3,4.65
12.5,201.5,6.19,49.8,534,190.0,189.9,190.0,500.0,500.0,0.0,0.0,0.0,0.3,4.66
12.6,201.5,6.19,49.8,535,190.0,190.0,190.0,500.0,500.0,0.0,0.0,0.0,0.3,4.67
12.7,201.5,6.19,49.8,536,190.0,190.0,190.0,500.0,500.0,0.0,0.0,0.0,0.3,4.68
12.6,201.5,6.19,49.8,537,190.0,190.0,190.0,500.0,500.0,0.0,0.0,0.0,0.3,4.69
12.4,201.6,6.19,50.0,538,190.0,190.0,190.0,500.0,500.0,0.0,0.0,0.0,0.3,4.70
12.5,201.6,6.19,50.0,539,190.0,190.0,190.0,500.0,500.0,0.0,0.0,0.0,0.3,4.71
12.8,201.6,6.19,50.0,540,190.0,190.0,190.0,500.0,500.0,0.0,0.0,0.0,0.3,4.73
12.7,201.6,6.19,50.0,541,190.0,190.0,190.0,500.0,500.0,0.0,0.0,0.0,0.3,4.74
12.8,201.6,6.19,50.0,542,190.0,190.0,190.0,500.0,500.0,0.0,0.0,0.0,0.3,4.75
12.9,201.6,6.19,49.8,543,190.0,190.0,190.0,500.0,500.0,0.0,0.0,0.0,0.3,4.76
12.8,201.6,6.19,49.8,544,190.0,190.0,190.0,500.0,500.0,0.0,0.0,0.0,0.3,4.77
12.7,201.6,6.19,49.8,545,190.0,190.0,190.0,500.0,500.0,0.0,0.0,0.0,0.3,4.78
12.8,201.6,6.19,49.8,546,190.0,190.0,190.0,500.0,500.0,0.0,0.0,0.0,0.3,4.79
12.7,201.6,6.19,49.6,547,190.0,190.0,190.0,500.0,500.0,0.0,0.0,0.0,0.3,4.80
12.6,201.6,6.19,49.8,548,190.0,190.0,190.0,500.0,500.0,0.0,0.0,0.0,0.3,4.81
12.8,201.6,6.19,49.8,549,190.0,190.0,190.0,500.0,500.0,0.0,0.0,0.0,0.3,4.82
12.8,201.6,6.19,49.8,550,190.0,190.0,190.0,500.0,500.0,0.0,0.0,0.0,0.3,4.83
12.9,201.6,6.19,49.8,551,190.0,190.0,190.0,500.0,500.0,0.0,0.0,0.0,0.3,4.84
12.8,201.6,6.19,49.8,552,190.0,190.0,190.0,500.0,500.0,0.0,0.0,0.0,0.3,4.85
12.7,201.6,6.19,49.8,553,190.0,190.0,190.0,500.0,500.0,0.0,0.0,0.0,0.3,4.86
12.6,201.6,6.19,49.8,554,190.0,190.0,190.0,500.0,500.0,0.0,0.0,0.0,0.3,4.87
12.7,201.6,6.19,49.6,555,190.0,190.0,190.0,500.0,500.0,0.0,0.0,0.0,0.3,4.88
12.5,201.6,6.19,49.6,556,190.0,190.1,190.0,500.0,500.0,0.0,0.0,0.0,0.3,4.89
12.6,201.6,6.19,49.6,557,190.0,190.1,190.0,500.0,500.0,0.0,0.0,0.0,0.3,4.90
12.8,201.7,6.19,49.6,558,190.0,190.1,190.0,500.0,500.0,0.0,0.0,0.0,0.3,4.92
12.8,201.7,6.19,49.6,559,190.0,190.1,190.0,500.0,500.0,0.0,0.0,0.0,0.3,4.93
12.9,201.7,6.19,49.6,560,190.0,190.1,190.0,500.0,500.0,0.0,0.0,0.0,0.3,4.94
12.8,201.8,6.19,49.6,561,190.0,190.1,190.0,500.0,500.0,0.0,0.0,0.0,0.3,4.95
12.8,201.8,6.19,49.8,562,190.0,190.1,190.0,500.0,500.0,0.0,0.0,0.0,0.3,4.96
12.8,201.7,6.19,49.8,563,190.0,190.1,190.0,500.0,500.0,0.0,0.0,0.0,0.3,4.97
12.8,201.7,6.19,49.8,564,190.0,190.0,190.0,500.0,500.0,0.0,0.0,0.0,0.3,4.98
12.8,201.7,6.19,49.8,565,190.0,190.0,190.0,500.0,500.0,0.0,0.0,0.0,0.3,4.99
13.0,201.7,6.19,49.8,566,190.0,190.0,190.0,500.0,500.0,0.0,0.0,0.0,0.3,5.00
13.1,201.7,6.19,49.8,567,190.0,190.0,190.0,500.0,500.0,0.0,0.0,0.0,0.3,5.01
13.1,201.7,6.19,49.8,568,190.0,190.0,190.0,500.0,500.0,0.0,0.0,0.0,0.3,5.02
12.9,201.7,6.19,49.8,569,190.0,190.0,190.0,500.0,500.0,0.0,0.0,0.0,0.3,5.03
12.8,201.7,6.19,49.8,570,190.0,190.0,190.0,500.0,500.0,0.0,0.0,0.0,0.3,5.04
12.7,201.7,6.19,49.8,571,190.0,190.0,190.0,500.0,500.0,0.0,0.0,0.0,0.3,5.05
12.8,201.7,6.19,49.8,572,190.0,190.0,190.0,500.0,500.0,0.0,0.0,0.0,0.3,5.06
12.8,201.7,6.19,49.8,573,190.0,190.0,190.0,500.0,500.0,0.0,0.0,0.0,0.3,5.08
13.0,201.7,6.19,49.8,574,190.0,190.0,190.0,500.0,500.0,0.0,0.0,0.0,0.3,5.09
12.9,201.7,6.19,49.8,575,190.0,190.0,190.0,500.0,500.0,0.0,0.0,0.0,0.3,5.10
13.1,201.8,6.19,49.8,576,190.0,190.0,190.0,500.0,500.0,0.0,0.0,0.0,0.3,5.11
13.0,201.8,6.19,49.8,577,190.0,190.0,190.0,500.0,500.0,0.0,0.0,0.0,0.3,5.12
13.1,201.8,6.19,49.8,578,190.0,190.0,190.0,500.0,500.0,0.0,0.0,0.0,0.3,5.13
12.9,201.8,6.19,49.6,579,190.0,190.0,190.0,500.0,500.0,0.0,0.0,0.0,0.3,5.14
13.0,201.8,6.19,49.8,580,190.0,190.0,190.0,500.0,500.0,0.0,0.0,0.0,0.3,5.15
12.9,201.8,6.19,49.8,581,190.0,190.0,190.0,500.0,500.0,0.0,0.0,0.0,0.3,5.16
12.7,201.8,6.19,49.8,582,190.0,190.0,190.0,500.0,500.0,0.0,0.0,0.0,0.3,5.17
12.6,201.8,6.19,49.8,583,190.0,190.0,190.0,500.0,500.0,0.0,0.0,0.0,0.3,5.18
12.6,201.8,6.19,49.8,584,190.0,190.0,190.0,500.0,500.0,0.0,0.0,0.0,0.3,5.19
12.5,201.8,6.19,49.8,585,190.0,190.0,190.0,500.0,500.0,0.0,0.0,0.0,0.3,5.20
12.5,201.8,6.19,49.8,586,190.0,190.0,190.0,500.0,500.0,0.0,0.0,0.0,0.3,5.21
12.7,201.8,6.19,49.8,587,190.0,190.0,190.0,500.0,500.0,0.0,0.0,0.0,0.3,5.22
13.0,201.8,6.19,49.8,588,190.0,190.0,190.0,500.0,500.0,0.0,0.0,0.0,0.3,5.24
13.2,201.8,6.19,49.8,589,190.0,190.0,190.0,500.0,500.0,0.0,0.0,0.0,0.3,5.25
13.2,201.8,6.19,49.8,590,190.0,190.0,190.0,500.0,500.0,0.0,0.0,0.0,0.3,5.26
13.2,201.8,6.19,49.8,591,190.0,190.0,190.0,500.0,500.0,0.0,0.0,0.0,0.3,5.27
12.9,201.8,6.19,49.8,592,190.0,190.0,190.0,500.0,500.0,0.0,0.0,0.0,0.3,5.28
12.7,201.8,6.19,49.8,593,190.0,190.0,190.0,500.0,500.0,0.0,0.0,0.0,0.3,5.29
12.6,201.8,6.19,49.8,594,190.0,190.0,190.0,500.0,500.0,0.0,0.0,0.0,0.3,5.30
12.6,201.8,6.19,49.8,595,190.0,190.0,190.0,500.0,500.0,0.0,0.0,0.0,0.3,5.31
12.7,201.8,6.19,49.8,596,190.0,190.0,190.0,500.0,500.0,0.0,0.0,0.0,0.3,5.32
13.0,201.8,6.19,49.8,597,190.0,190.0,190.0,500.0,500.0,0.0,0.0,0.0,0.3,5.33
13.3,201.8,6.19,49.6,598,190.0,190.0,190.0,500.0,500.0,0.0,0.0,0.0,0.3,5.34
13.3,201.8,6.19,49.8,599,190.0,190.1,190.0,500.0,500.0,0.0,0.0,0.0,0.3,5.35
