扭矩,料温,压力,转速,时间,温度1,温度2,温度3,温度4,温度5,温度6,温度7,温度8,顶栓,能量
1.8,185.4,6.19,0.0,0,190.0,190.0,189.9,500.0,500.0,0.0,0.0,0.0,0.2,0.00
1.8,185.5,6.19,2.4,1,190.0,190.0,189.9,500.0,500.0,0.0,0.0,0.0,0.2,0.00
1.7,185.5,6.19,9.6,2,190.0,190.0,189.9,500.0,500.0,0.0,0.0,0.0,0.2,0.00
1.6,185.5,6.19,17.6,3,190.0,190.0,189.8,500.0,500.0,0.0,0.0,0.0,0.3,0.00
1.5,185.3,6.19,25.6,4,190.0,190.0,189.7,500.0,500.0,0.0,0.0,0.0,0.3,0.00
1.4,184.8,6.19,33.6,5,190.0,190.0,189.7,500.0,500.0,0.0,0.0,0.0,0.3,0.00
1.3,184.1,6.19,39.0,6,190.0,190.0,189.7,500.0,500.0,0.0,0.0,0.0,0.3,0.00
1.3,183.2,6.19,40.0,7,190.0,190.0,189.7,500.0,500.0,0.0,0.0,0.0,0.3,0.00
1.3,182.4,6.19,40.0,8,190.0,190.0,189.7,500.0,500.0,0.0,0.0,0.0,0.3,0.00
3.5,181.5,6.19,40.0,9,190.0,190.0,189.7,500.0,500.0,0.0,0.0,0.0,0.3,0.01
8.6,180.4,6.19,39.8,10,190.0,190.0,189.7,500.0,500.0,0.0,0.0,0.0,0.3,0.01
14.7,178.2,6.19,40.0,11,190.0,190.0,189.6,500.0,500.0,0.0,0.0,0.0,0.3,0.02
18.9,174.9,6.19,39.8,12,190.0,190.0,189.6,500.0,500.0,0.0,0.0,0.0,0.3,0.04
23.6,171.5,6.19,39.8,13,190.0,190.0,189.6,500.0,500.0,0.0,0.0,0.0,0.3,0.05
26.3,168.7,6.19,39.8,14,190.0,190.0,189.6,500.0,500.0,0.0,0.0,0.0,0.3,0.07
25.1,166.8,6.19,40.0,15,190.0,190.0,189.6,500.0,500.0,0.0,0.0,0.0,0.3,0.08
23.8,165.1,6.19,40.0,16,190.0,189.9,189.6,500.0,500.0,0.0,0.0,0.0,0.3,0.10
24.2,163.8,6.19,39.8,17,190.0,189.8,189.6,500.0,500.0,0.0,0.0,0.0,0.3,0.12
24.0,163.0,6.19,39.8,18,190.0,189.8,189.6,500.0,500.0,0.0,0.0,0.0,0.3,0.13
24.0,162.4,6.19,39.8,19,190.0,189.8,189.5,500.0,500.0,0.0,0.0,0.0,0.3,0.15
25.2,162.2,6.19,39.8,20,190.0,189.8,189.5,500.0,500.0,0.0,0.0,0.0,0.3,0.17
24.6,161.8,6.19,39.8,21,190.0,189.7,189.5,500.0,500.0,0.0,0.0,0.0,0.3,0.18
25.2,161.5,6.19,40.0,22,190.0,189.6,189.4,500.0,500.0,0.0,0.0,0.0,0.3,0.20
26.1,161.4,6.20,39.8,23,190.0,189.6,189.3,500.0,500.0,0.0,0.0,0.0,0.3,0.22
24.8,161.3,6.20,39.8,24,190.0,189.6,189.3,500.0,500.0,0.0,0.0,0.0,0.3,0.23
24.4,161.4,6.19,39.8,25,190.0,189.6,189.3,500.0,500.0,0.0,0.0,0.0,0.3,0.25
24.5,161.5,6.19,39.8,26,190.0,189.5,189.3,500.0,500.0,0.0,0.0,0.0,0.3,0.26
23.7,161.8,6.19,39.8,27,189.9,189.4,189.3,500.0,500.0,0.0,0.0,0.0,0.3,0.28
22.1,162.2,6.19,40.0,28,189.8,189.4,189.3,500.0,500.0,0.0,0.0,0.0,0.3,0.30
22.0,162.7,6.19,39.8,29,189.8,189.4,189.3,500.0,500.0,0.0,0.0,0.0,0.3,0.31
20.7,163.2,6.19,39.8,30,189.8,189.4,189.3,500.0,500.0,0.0,0.0,0.0,0.3,0.32
19.5,163.6,6.19,39.8,31,189.8,189.4,189.3,500.0,500.0,0.0,0.0,0.0,0.3,0.34
17.6,163.9,6.19,39.8,32,189.8,189.4,189.3,500.0,500.0,0.0,0.0,0.0,0.3,0.35
16.3,164.4,6.19,39.8,33,189.8,189.4,189.3,500.0,500.0,0.0,0.0,0.0,0.3,0.36
15.9,164.9,6.19,40.0,34,189.7,189.4,189.2,500.0,500.0,0.0,0.0,0.0,0.3,0.37
14.4,165.4,6.19,40.0,35,189.6,189.3,189.2,500.0,500.0,0.0,0.0,0.0,0.3,0.38
13.8,165.7,6.19,40.0,36,189.6,189.3,189.2,500.0,500.0,0.0,0.0,0.0,0.3,0.39
13.3,166.0,6.19,40.0,37,189.6,189.3,189.2,500.0,500.0,0.0,0.0,0.0,0.3,0.40
12.7,166.5,6.19,40.0,38,189.6,189.3,189.2,500.0,500.0,0.0,0.0,0.0,0.3,0.41
11.6,166.9,6.19,39.8,39,189.5,189.3,189.2,500.0,500.0,0.0,0.0,0.0,0.3,0.41
11.6,167.6,6.19,39.8,40,189.5,189.3,189.1,500.0,500.0,0.0,0.0,0.0,0.3,0.42
11.3,168.1,6.19,39.8,41,189.5,189.3,189.1,500.0,500.0,0.0,0.0,0.0,0.3,0.43
10.8,168.6,6.19,39.8,42,189.5,189.3,189.1,500.0,500.0,0.0,0.0,0.0,0.3,0.44
10.9,169.1,6.19,39.8,43,189.4,189.3,189.1,500.0,500.0,0.0,0.0,0.0,0.3,0.44
10.3,169.5,6.19,40.0,44,189.4,189.3,189.1,500.0,500.0,0.0,0.0,0.0,0.3,0.45
10.0,169.9,6.19,40.0,45,189.4,189.4,189.1,500.0,500.0,0.0,0.0,0.0,0.3,0.46
9.4,170.4,6.19,40.0,46,189.4,189.4,189.1,500.0,500.0,0.0,0.0,0.0,0.3,0.46
9.3,170.8,6.19,39.8,47,189.4,189.4,189.1,500.0,500.0,0.0,0.0,0.0,0.3,0.47
9.3,171.4,6.19,39.8,48,189.4,189.4,189.1,500.0,500.0,0.0,0.0,0.0,0.3,0.48
9.3,171.9,6.19,39.8,49,189.4,189.5,189.1,500.0,500.0,0.0,0.0,0.0,0.3,0.48
9.3,172.3,6.19,39.8,50,189.4,189.6,189.2,500.0,500.0,0.0,0.0,0.0,0.3,0.49
9.6,172.6,6.19,39.8,51,189.4,189.6,189.2,500.0,500.0,0.0,0.0,0.0,0.3,0.49
9.4,172.8,6.19,40.0,52,189.4,189.6,189.2,500.0,500.0,0.0,0.0,0.0,0.3,0.50
9.2,173.1,6.19,40.0,53,189.4,189.6,189.2,500.0,500.0,0.0,0.0,0.0,0.3,0.51
9.3,173.5,6.19,39.8,54,189.4,189.6,189.2,500.0,500.0,0.0,0.0,0.0,0.3,0.51
9.2,174.0,6.19,39.8,55,189.5,189.6,189.2,500.0,500.0,0.0,0.0,0.0,0.3,0.52
9.0,174.5,6.19,39.8,56,189.5,189.6,189.3,500.0,500.0,0.0,0.0,0.0,0.3,0.52
9.1,174.9,6.19,39.8,57,189.5,189.8,189.3,500.0,500.0,0.0,0.0,0.0,0.3,0.53
8.9,175.4,6.19,39.8,58,189.5,189.8,189.3,500.0,500.0,0.0,0.0,0.0,0.3,0.54
9.1,175.8,6.19,40.0,59,189.6,189.8,189.3,500.0,500.0,0.0,0.0,0.0,0.3,0.54
8.9,176.2,6.19,40.0,60,189.6,189.8,189.4,500.0,500.0,0.0,0.0,0.0,0.3,0.55
9.2,176.5,6.19,40.0,61,189.6,189.8,189.4,500.0,500.0,0.0,0.0,0.0,0.3,0.55
9.7,176.8,6.19,40.0,62,189.6,189.9,189.4,500.0,500.0,0.0,0.0,0.0,0.3,0.56
9.7,177.1,6.19,39.8,63,189.7,189.9,189.5,500.0,500.0,0.0,0.0,0.0,0.3,0.57
9.8,177.4,6.19,39.8,64,189.8,189.9,189.6,500.0,500.0,0.0,0.0,0.0,0.3,0.57
10.1,177.7,6.19,39.8,65,189.8,189.9,189.6,500.0,500.0,0.0,0.0,0.0,0.3,0.58
10.3,178.0,6.19,39.8,66,189.8,190.0,189.6,500.0,500.0,0.0,0.0,0.0,0.3,0.59
10.1,178.2,6.19,39.8,67,189.8,190.0,189.6,500.0,500.0,0.0,0.0,0.0,0.3,0.59
10.4,178.5,6.19,40.0,68,189.9,190.0,189.7,500.0,500.0,0.0,0.0,0.0,0.3,0.60
10.3,178.8,6.19,40.0,69,190.0,190.0,189.8,500.0,500.0,0.0,0.0,0.0,0.3,0.61
10.2,179.0,6.19,40.0,70,190.0,190.0,189.8,500.0,500.0,0.0,0.0,0.0,0.3,0.61
10.2,179.3,6.19,40.0,71,190.0,190.0,189.8,500.0,500.0,0.0,0.0,0.0,0.3,0.62
10.2,179.6,6.19,39.8,72,190.0,190.0,189.8,500.0,500.0,0.0,0.0,0.0,0.3,0.63
10.2,179.8,6.19,39.8,73,190.0,190.0,189.9,500.0,500.0,0.0,0.0,0.0,0.3,0.64
10.1,180.1,6.19,39.8,74,190.0,190.0,190.0,500.0,500.0,0.0,0.0,0.0,0.3,0.64
10.1,180.3,6.19,39.8,75,190.0,190.0,190.0,500.0,500.0,0.0,0.0,0.0,0.3,0.65
10.0,180.5,6.19,39.8,76,190.0,190.0,190.0,500.0,500.0,0.0,0.0,0.0,0.3,0.66
10.0,180.8,6.19,40.0,77,190.0,190.0,190.0,500.0,500.0,0.0,0.0,0.0,0.3,0.66
9.8,181.0,6.19,40.0,78,190.0,190.0,190.0,500.0,500.0,0.0,0.0,0.0,0.3,0.67
9.9,181.1,6.19,39.8,79,190.0,190.0,190.0,500.0,500.0,0.0,0.0,0.0,0.3,0.67
9.9,181.3,6.19,40.0,80,190.0,190.0,190.0,500.0,500.0,0.0,0.0,0.0,0.3,0.68
9.7,181.4,6.19,39.8,81,190.0,190.0,190.0,500.0,500.0,0.0,0.0,0.0,0.3,0.69
9.8,181.6,6.19,39.8,82,190.0,190.0,190.0,500.0,500.0,0.0,0.0,0.0,0.3,0.69
10.1,181.8,6.19,39.8,83,190.0,190.0,190.0,500.0,500.0,0.0,0.0,0.0,0.3,0.70
10.2,182.0,6.19,40.0,84,190.0,190.0,190.0,500.0,500.0,0.0,0.0,0.0,0.3,0.71
10.3,182.2,6.19,39.8,85,190.0,190.0,190.0,500.0,500.0,0.0,0.0,0.0,0.3,0.71
10.4,182.4,6.19,40.0,86,190.0,190.0,190.0,500.0,500.0,0.0,0.0,0.0,0.3,0.72
10.4,182.6,6.19,40.0,87,190.0,190.0,190.0,500.0,500.0,0.0,0.0,0.0,0.3,0.73
10.4,182.8,6.19,39.8,88,190.0,190.0,190.0,500.0,500.0,0.0,0.0,0.0,0.3,0.74
10.1,182.9,6.19,40.0,89,190.0,190.0,190.0,500.0,500.0,0.0,0.0,0.0,0.3,0.74
10.0,183.1,6.19,39.8,90,190.0,190.0,190.0,500.0,500.0,0.0,0.0,0.0,0.3,0.75
10.1,183.2,6.19,39.8,91,190.0,190.0,190.0,500.0,500.0,0.0,0.0,0.0,0.3,0.76
9.9,183.4,6.19,39.8,92,190.0,190.0,190.0,500.0,500.0,0.0,0.0,0.0,0.3,0.76
9.9,183.6,6.19,40.0,93,190.0,190.0,190.0,500.0,500.0,0.0,0.0,0.0,0.3,0.77
9.9,183.8,6.19,39.8,94,190.1,190.0,190.0,500.0,500.0,0.0,0.0,0.0,0.3,0.78
9.8,184.0,6.19,40.0,95,190.1,190.0,190.0,500.0,500.0,0.0,0.0,0.0,0.3,0.78
9.7,184.2,6.19,40.0,96,190.1,190.0,190.0,500.0,500.0,0.0,0.0,0.0,0.3,0.79
9.9,184.3,6.19,39.8,97,190.1,190.0,190.0,500.0,500.0,0.0,0.0,0.0,0.3,0.79
9.8,184.5,6.19,39.8,98,190.1,190.0,190.0,500.0,500.0,0.0,0.0,0.0,0.3,0.80
9.9,184.6,6.19,39.8,99,190.1,190.0,190.0,500.0,500.0,0.0,0.0,0.0,0.3,0.81
9.9,184.8,6.19,39.8,100,190.1,190.0,190.0,500.0,500.0,0.0,0.0,0.0,0.3,0.81
10.0,184.9,6.19,39.8,101,190.2,190.0,190.0,500.0,500.0,0.0,0.0,0.0,0.3,0.82
10.3,185.0,6.19,40.0,102,190.2,190.0,190.0,500.0,500.0,0.0,0.0,0.0,0.3,0.83
10.3,185.2,6.19,39.8,103,190.2,190.0,190.0,500.0,500.0,0.0,0.0,0.0,0.3,0.84
10.5,185.3,6.19,39.8,104,190.2,190.0,190.0,500.0,500.0,0.0,0.0,0.0,0.3,0.84
10.6,185.3,6.19,39.8,105,190.2,190.0,190.1,500.0,500.0,0.0,0.0,0.0,0.3,0.85
10.6,185.4,6.19,39.8,106,190.2,190.0,190.1,500.0,500.0,0.0,0.0,0.0,0.3,0.86
10.2,185.5,6.19,39.8,107,190.3,190.0,190.1,500.0,500.0,0.0,0.0,0.0,0.3,0.86
10.3,185.6,6.19,40.0,108,190.3,190.0,190.1,500.0,500.0,0.0,0.0,0.0,0.3,0.87
10.3,185.7,6.19,40.0,109,190.3,190.0,190.1,500.0,500.0,0.0,0.0,0.0,0.3,0.88
10.5,185.8,6.19,40.0,110,190.3,190.0,190.1,500.0,500.0,0.0,0.0,0.0,0.3,0.88
10.5,185.9,6.19,40.0,111,190.3,190.0,190.1,500.0,500.0,0.0,0.0,0.0,0.3,0.89
10.6,186.0,6.19,39.8,112,190.3,190.0,190.1,500.0,500.0,0.0,0.0,0.0,0.3,0.90
10.7,186.2,6.19,39.8,113,190.3,190.0,190.1,500.0,500.0,0.0,0.0,0.0,0.3,0.90
10.5,186.3,6.19,39.8,114,190.3,190.0,190.1,500.0,500.0,0.0,0.0,0.0,0.3,0.91
10.1,186.4,6.19,39.8,115,190.3,190.0,190.1,500.0,500.0,0.0,0.0,0.0,0.3,0.92
10.1,186.6,6.19,39.8,116,190.3,190.0,190.1,500.0,500.0,0.0,0.0,0.0,0.3,0.92
10.1,186.7,6.19,40.0,117,190.4,190.0,190.1,500.0,500.0,0.0,0.0,0.0,0.3,0.93
9.7,186.8,6.19,40.0,118,190.4,190.0,190.1,500.0,500.0,0.0,0.0,0.0,0.3,0.94
9.8,186.8,6.19,39.8,119,190.4,190.0,190.1,500.0,500.0,0.0,0.0,0.0,0.3,0.94
9.9,186.9,6.19,40.0,120,190.4,190.0,190.1,500.0,500.0,0.0,0.0,0.0,0.3,0.95
9.8,187.0,6.19,39.8,121,190.4,190.0,190.1,500.0,500.0,0.0,0.0,0.0,0.3,0.96
9.8,187.1,6.19,39.8,122,190.4,190.0,190.1,500.0,500.0,0.0,0.0,0.0,0.3,0.96
9.9,187.2,6.19,39.8,123,190.4,190.0,190.0,500.0,500.0,0.0,0.0,0.0,0.3,0.97
9.8,187.3,6.19,40.0,124,190.3,190.0,190.0,500.0,500.0,0.0,0.0,0.0,0.3,0.98
9.7,187.4,6.19,39.8,125,190.3,190.0,190.0,500.0,500.0,0.0,0.0,0.0,0.3,0.98
9.8,187.5,6.19,40.0,126,190.3,190.0,190.0,500.0,500.0,0.0,0.0,0.0,0.3,0.99
9.7,187.6,6.19,39.8,127,190.3,190.0,190.0,500.0,500.0,0.0,0.0,0.0,0.3,1.00
9.7,187.7,6.19,39.8,128,190.3,190.0,190.0,500.0,500.0,0.0,0.0,0.0,0.3,1.00
9.8,187.8,6.19,39.8,129,190.3,190.0,190.0,500.0,500.0,0.0,0.0,0.0,0.3,1.01
9.8,187.9,6.19,39.8,130,190.3,190.0,190.0,500.0,500.0,0.0,0.0,0.0,0.3,1.02
9.8,188.0,6.19,39.8,131,190.3,190.0,190.0,500.0,500.0,0.0,0.0,0.0,0.3,1.02
9.7,188.1,6.19,40.0,132,190.3,190.0,190.0,500.0,500.0,0.0,0.0,0.0,0.3,1.03
9.8,188.2,6.19,40.0,133,190.3,190.0,190.0,500.0,500.0,0.0,0.0,0.0,0.3,1.04
9.8,188.3,6.19,40.0,134,190.3,190.0,190.0,500.0,500.0,0.0,0.0,0.0,0.3,1.04
9.6,188.3,6.19,40.0,135,190.3,190.0,190.0,500.0,500.0,0.0,0.0,0.0,0.3,1.05
9.7,188.4,6.19,40.0,136,190.3,190.0,190.0,500.0,500.0,0.0,0.0,0.0,0.3,1.06
9.8,188.4,6.19,39.8,137,190.3,190.0,190.0,500.0,500.0,0.0,0.0,0.0,0.3,1.06
9.6,188.5,6.19,39.8,138,190.3,190.0,190.0,500.0,500.0,0.0,0.0,0.0,0.3,1.07
9.8,188.6,6.19,39.8,139,190.2,190.0,190.0,500.0,500.0,0.0,0.0,0.0,0.3,1.07
10.0,188.7,6.19,39.8,140,190.2,190.0,190.0,500.0,500.0,0.0,0.0,0.0,0.3,1.08
9.9,188.8,6.19,39.8,141,190.2,190.0,190.0,500.0,500.0,0.0,0.0,0.0,0.3,1.09
10.0,188.9,6.19,40.0,142,190.2,190.0,190.0,500.0,500.0,0.0,0.0,0.0,0.3,1.09
9.9,189.0,6.19,39.8,143,190.2,190.0,190.0,500.0,500.0,0.0,0.0,0.0,0.3,1.10
9.8,189.1,6.19,40.0,144,190.2,190.0,190.0,500.0,500.0,0.0,0.0,0.0,0.3,1.11
9.9,189.1,6.19,39.8,145,190.2,190.0,190.0,500.0,500.0,0.0,0.0,0.0,0.3,1.11
9.8,189.2,6.19,39.8,146,190.2,190.0,190.0,500.0,500.0,0.0,0.0,0.0,0.3,1.12
9.9,189.3,6.19,39.8,147,190.2,190.0,190.0,500.0,500.0,0.0,0.0,0.0,0.3,1.13
10.0,189.3,6.19,40.0,148,190.2,190.0,190.0,500.0,500.0,0.0,0.0,0.0,0.3,1.13
10.0,189.4,6.19,39.8,149,190.2,190.0,190.0,500.0,500.0,0.0,0.0,0.0,0.3,1.14
10.0,189.5,6.19,40.0,150,190.2,190.0,190.0,500.0,500.0,0.0,0.0,0.0,0.3,1.15
10.2,189.6,6.19,40.0,151,190.1,190.0,190.0,500.0,500.0,0.0,0.0,0.0,0.3,1.15
10.0,189.7,6.19,39.8,152,190.1,190.0,190.0,500.0,500.0,0.0,0.0,0.0,0.3,1.16
10.0,189.8,6.19,39.8,153,190.1,190.0,190.0,500.0,500.0,0.0,0.0,0.0,0.3,1.17
9.9,189.9,6.19,39.8,154,190.1,190.0,190.0,500.0,500.0,0.0,0.0,0.0,0.3,1.17
9.7,189.9,6.19,39.8,155,190.1,190.0,190.0,500.0,500.0,0.0,0.0,0.0,0.3,1.18
9.7,189.9,6.19,39.8,156,190.1,190.0,190.0,500.0,500.0,0.0,0.0,0.0,0.3,1.19
9.8,190.0,6.19,40.0,157,190.1,190.0,190.0,500.0,500.0,0.0,0.0,0.0,0.3,1.19
9.7,190.1,6.19,40.0,158,190.1,190.0,190.0,500.0,500.0,0.0,0.0,0.0,0.3,1.20
9.9,190.1,6.19,39.8,159,190.1,190.0,190.0,500.0,500.0,0.0,0.0,0.0,0.3,1.21
10.2,190.2,6.19,39.8,160,190.1,190.0,190.0,500.0,500.0,0.0,0.0,0.0,0.3,1.21
10.3,190.3,6.19,39.8,161,190.1,190.0,190.0,500.0,500.0,0.0,0.0,0.0,0.3,1.22
10.4,190.4,6.19,39.8,162,190.1,190.0,190.0,500.0,500.0,0.0,0.0,0.0,0.3,1.23
10.3,190.5,6.19,39.8,163,190.1,190.0,190.0,500.0,500.0,0.0,0.0,0.0,0.3,1.23
10.2,190.5,6.19,40.0,164,190.1,190.0,190.0,500.0,500.0,0.0,0.0,0.0,0.3,1.24
9.9,190.6,6.19,40.0,165,190.1,190.0,190.0,500.0,500.0,0.0,0.0,0.0,0.3,1.25
9.5,190.6,6.19,40.0,166,190.1,190.0,190.0,500.0,500.0,0.0,0.0,0.0,0.3,1.25
9.3,190.7,6.19,39.8,167,190.1,190.0,190.0,500.0,500.0,0.0,0.0,0.0,0.3,1.26
9.5,190.7,6.19,39.8,168,190.1,190.0,190.0,500.0,500.0,0.0,0.0,0.0,0.3,1.27
9.2,190.8,6.19,39.8,169,190.1,190.0,190.0,500.0,500.0,0.0,0.0,0.0,0.3,1.27
9.2,190.9,6.19,39.8,170,190.1,190.0,190.0,500.0,500.0,0.0,0.0,0.0,0.3,1.28
9.4,190.9,6.19,39.8,171,190.1,190.0,190.0,500.0,500.0,0.0,0.0,0.0,0.3,1.28
9.2,190.9,6.19,40.0,172,190.1,190.0,190.0,500.0,500.0,0.0,0.0,0.0,0.3,1.29
9.2,190.9,6.19,40.0,173,190.1,190.0,190.0,500.0,500.0,0.0,0.0,0.0,0.3,1.30
9.5,191.0,6.19,39.8,174,190.2,190.0,190.0,500.0,500.0,0.0,0.0,0.0,0.3,1.30
9.5,191.1,6.19,39.8,175,190.2,190.0,190.0,500.0,500.0,0.0,0.0,0.0,0.3,1.31
9.5,191.1,6.19,39.8,176,190.2,190.0,190.0,500.0,500.0,0.0,0.0,0.0,0.3,1.32
9.6,191.1,6.19,39.8,177,190.2,190.0,190.0,500.0,500.0,0.0,0.0,0.0,0.3,1.32
9.7,191.2,6.19,39.8,178,190.2,190.0,190.0,500.0,500.0,0.0,0.0,0.0,0.3,1.33
9.6,191.3,6.19,40.0,179,190.2,190.0,190.0,500.0,500.0,0.0,0.0,0.0,0.3,1.33
9.6,191.4,6.19,40.0,180,190.2,190.0,190.0,500.0,500.0,0.0,0.0,0.0,0.3,1.34
9.7,191.5,6.19,40.0,181,190.2,190.0,190.0,500.0,500.0,0.0,0.0,0.0,0.3,1.35
9.7,191.5,6.19,40.0,182,190.3,190.0,190.0,500.0,500.0,0.0,0.0,0.0,0.3,1.35
10.0,191.5,6.19,39.8,183,190.3,190.0,190.0,500.0,500.0,0.0,0.0,0.0,0.3,1.36
10.1,191.5,6.19,39.8,184,190.4,190.0,190.0,500.0,500.0,0.0,0.0,0.0,0.3,1.37
10.2,191.6,6.19,39.8,185,190.4,190.0,190.0,500.0,500.0,0.0,0.0,0.0,0.3,1.37
10.1,191.7,6.19,39.8,186,190.3,190.0,190.0,500.0,500.0,0.0,0.0,0.0,0.3,1.38
9.9,191.8,6.19,39.8,187,190.3,190.0,190.0,500.0,500.0,0.0,0.0,0.0,0.3,1.39
9.8,191.9,6.19,40.0,188,190.3,190.0,190.1,500.0,500.0,0.0,0.0,0.0,0.3,1.39
9.6,191.9,6.19,39.8,189,190.3,190.0,190.2,500.0,500.0,0.0,0.0,0.0,0.3,1.40
9.4,192.0,6.19,40.0,190,190.3,190.0,190.3,500.0,500.0,0.0,0.0,0.0,0.3,1.41
9.3,192.0,6.19,40.0,191,190.4,190.0,190.3,500.0,500.0,0.0,0.0,0.0,0.3,1.41
9.3,192.1,6.19,40.0,192,190.4,190.0,190.3,500.0,500.0,0.0,0.0,0.0,0.3,1.42
9.1,192.1,6.19,40.0,193,190.4,190.0,190.3,500.0,500.0,0.0,0.0,0.0,0.3,1.42
9.1,192.2,6.19,40.2,194,190.4,190.0,190.3,500.0,500.0,0.0,0.0,0.0,0.3,1.43
9.0,192.3,6.19,40.0,195,190.4,190.0,190.3,500.0,500.0,0.0,0.0,0.0,0.3,1.44
9.0,192.3,6.19,40.0,196,190.5,190.0,190.4,500.0,500.0,0.0,0.0,0.0,0.3,1.44
9.0,192.4,6.19,40.0,197,190.5,190.0,190.5,500.0,500.0,0.0,0.0,0.0,0.3,1.45
9.0,192.4,6.19,39.8,198,190.5,190.0,190.5,500.0,500.0,0.0,0.0,0.0,0.3,1.45
9.1,192.4,6.19,40.0,199,190.5,190.0,190.5,500.0,500.0,0.0,0.0,0.0,0.3,1.46
9.2,192.5,6.19,40.0,200,190.5,190.0,190.5,500.0,500.0,0.0,0.0,0.0,0.3,1.47
9.2,192.5,6.19,40.0,201,190.5,190.0,190.5,500.0,500.0,0.0,0.0,0.0,0.3,1.47
9.3,192.6,6.19,40.0,202,190.5,190.0,190.5,500.0,500.0,0.0,0.0,0.0,0.3,1.48
9.3,192.7,6.19,40.2,203,190.5,190.0,190.6,500.0,500.0,0.0,0.0,0.0,0.3,1.49
9.2,192.7,6.19,40.0,204,190.5,190.0,190.6,500.0,500.0,0.0,0.0,0.0,0.3,1.49
9.3,192.7,6.19,40.0,205,190.5,190.0,190.6,500.0,500.0,0.0,0.0,0.0,0.3,1.50
9.1,192.7,6.19,40.0,206,190.5,190.0,190.6,500.0,500.0,0.0,0.0,0.0,0.3,1.50
9.0,192.8,6.19,39.8,207,190.5,190.0,190.6,500.0,500.0,0.0,0.0,0.0,0.3,1.51
9.1,192.8,6.19,39.8,208,190.5,190.0,190.7,500.0,500.0,0.0,0.0,0.0,0.3,1.52
9.2,192.8,6.19,39.8,209,190.5,190.0,190.7,500.0,500.0,0.0,0.0,0.0,0.3,1.52
9.1,192.9,6.19,39.8,210,190.5,190.0,190.7,500.0,500.0,0.0,0.0,0.0,0.3,1.53
9.0,193.0,6.19,39.8,211,190.5,190.0,190.7,500.0,500.0,0.0,0.0,0.0,0.3,1.53
9.1,193.0,6.19,40.0,212,190.5,190.0,190.7,500.0,500.0,0.0,0.0,0.0,0.3,1.54
9.1,193.1,6.19,40.0,213,190.5,190.0,190.7,500.0,500.0,0.0,0.0,0.0,0.3,1.55
9.0,193.1,6.19,40.0,214,190.5,190.0,190.7,500.0,500.0,0.0,0.0,0.0,0.3,1.55
9.0,193.1,6.19,40.2,215,190.5,190.0,190.7,500.0,500.0,0.0,0.0,0.0,0.3,1.56
9.2,193.2,6.19,40.0,216,190.6,190.0,190.7,500.0,500.0,0.0,0.0,0.0,0.3,1.56
9.1,193.2,6.19,40.0,217,190.6,190.0,190.8,500.0,500.0,0.0,0.0,0.0,0.3,1.57
8.9,193.2,6.19,40.0,218,190.6,190.0,190.8,500.0,500.0,0.0,0.0,0.0,0.3,1.58
9.1,193.3,6.19,40.0,219,190.6,190.0,190.8,500.0,500.0,0.0,0.0,0.0,0.3,1.58
9.2,193.4,6.19,39.8,220,190.6,190.0,190.8,500.0,500.0,0.0,0.0,0.0,0.3,1.59
9.0,193.4,6.19,40.0,221,190.6,190.0,190.8,500.0,500.0,0.0,0.0,0.0,0.3,1.59
9.2,193.4,6.19,40.0,222,190.6,190.0,190.8,500.0,500.0,0.0,0.0,0.0,0.3,1.60
9.3,193.4,6.19,39.8,223,190.6,190.0,190.8,500.0,500.0,0.0,0.0,0.0,0.3,1.61
9.1,193.5,6.19,39.8,224,190.6,190.0,190.8,500.0,500.0,0.0,0.0,0.0,0.3,1.61
9.0,193.5,6.19,39.8,225,190.6,190.0,190.8,500.0,500.0,0.0,0.0,0.0,0.3,1.62
9.1,193.6,6.19,39.8,226,190.6,190.0,190.8,500.0,500.0,0.0,0.0,0.0,0.3,1.62
9.0,193.6,6.19,39.8,227,190.6,190.0,190.8,500.0,500.0,0.0,0.0,0.0,0.3,1.63
9.0,193.6,6.19,40.0,228,190.6,190.0,190.8,500.0,500.0,0.0,0.0,0.0,0.3,1.64
9.0,193.7,6.19,40.0,229,190.5,190.0,190.8,500.0,500.0,0.0,0.0,0.0,0.3,1.64
9.2,193.8,6.19,40.0,230,190.5,190.0,190.8,500.0,500.0,0.0,0.0,0.0,0.3,1.65
9.2,193.8,6.19,39.8,231,190.5,190.0,190.8,500.0,500.0,0.0,0.0,0.0,0.3,1.66
9.1,193.9,6.19,39.6,232,190.5,190.0,190.8,500.0,500.0,0.0,0.0,0.0,0.3,1.66
9.2,193.9,6.19,39.6,233,190.5,190.0,190.8,500.0,500.0,0.0,0.0,0.0,0.3,1.67
9.4,194.0,6.19,39.6,234,190.5,190.0,190.8,500.0,500.0,0.0,0.0,0.0,0.3,1.67
9.3,194.0,6.19,39.6,235,190.5,190.0,190.8,500.0,500.0,0.0,0.0,0.0,0.3,1.68
9.3,194.0,6.19,39.8,236,190.5,190.0,190.8,500.0,500.0,0.0,0.0,0.0,0.3,1.69
9.3,194.1,6.19,40.0,237,190.6,190.0,190.8,500.0,500.0,0.0,0.0,0.0,0.3,1.69
9.2,194.1,6.19,39.8,238,190.6,190.0,190.8,500.0,500.0,0.0,0.0,0.0,0.3,1.70
9.3,194.2,6.19,40.0,239,190.6,190.0,190.8,500.0,500.0,0.0,0.0,0.0,0.3,1.70
9.3,194.2,6.19,39.8,240,190.6,190.0,190.8,500.0,500.0,0.0,0.0,0.0,0.3,1.71
9.3,194.3,6.19,39.8,241,190.6,190.0,190.8,500.0,500.0,0.0,0.0,0.0,0.3,1.72
9.5,194.3,6.19,39.8,242,190.6,190.0,190.8,500.0,500.0,0.0,0.0,0.0,0.3,1.72
9.5,194.3,6.19,40.0,243,190.6,190.0,190.7,500.0,500.0,0.0,0.0,0.0,0.3,1.73
9.6,194.4,6.19,39.8,244,190.6,190.0,190.7,500.0,500.0,0.0,0.0,0.0,0.3,1.74
9.6,194.4,6.19,40.0,245,190.6,190.0,190.7,500.0,500.0,0.0,0.0,0.0,0.3,1.74
9.6,194.4,6.19,40.0,246,190.6,190.0,190.7,500.0,500.0,0.0,0.0,0.0,0.3,1.75
9.5,194.5,6.19,39.8,247,190.6,190.0,190.7,500.0,500.0,0.0,0.0,0.0,0.3,1.75
9.4,194.5,6.19,39.8,248,190.6,190.0,190.7,500.0,500.0,0.0,0.0,0.0,0.3,1.76
9.0,194.5,6.19,39.8,249,190.6,190.0,190.7,500.0,500.0,0.0,0.0,0.0,0.3,1.77
8.9,194.5,6.19,39.8,250,190.6,190.0,190.7,500.0,500.0,0.0,0.0,0.0,0.3,1.77
9.0,194.6,6.19,39.8,251,190.5,190.0,190.6,500.0,500.0,0.0,0.0,0.0,0.3,1.78
8.8,194.6,6.19,40.0,252,190.5,190.0,190.6,500.0,500.0,0.0,0.0,0.0,0.3,1.78
8.9,194.6,6.19,40.0,253,190.5,190.0,190.6,500.0,500.0,0.0,0.0,0.0,0.3,1.79
8.9,194.7,6.19,40.0,254,190.5,190.0,190.6,500.0,500.0,0.0,0.0,0.0,0.3,1.80
8.8,194.7,6.19,40.2,255,190.5,190.0,190.6,500.0,500.0,0.0,0.0,0.0,0.3,1.80
8.8,194.8,6.19,40.0,256,190.5,190.0,190.6,500.0,500.0,0.0,0.0,0.0,0.3,1.81
9.0,194.8,6.19,40.0,257,190.5,190.0,190.6,500.0,500.0,0.0,0.0,0.0,0.3,1.81
8.9,194.8,6.19,40.0,258,190.5,190.0,190.6,500.0,500.0,0.0,0.0,0.0,0.3,1.82
8.9,194.8,6.19,40.0,259,190.5,190.0,190.6,500.0,500.0,0.0,0.0,0.0,0.3,1.83
9.1,194.8,6.19,39.8,260,190.5,190.0,190.6,500.0,500.0,0.0,0.0,0.0,0.3,1.83
8.8,194.9,6.19,40.0,261,190.5,190.0,190.5,500.0,500.0,0.0,0.0,0.0,0.3,1.84
8.9,194.9,6.19,40.0,262,190.5,190.0,190.5,500.0,500.0,0.0,0.0,0.0,0.3,1.84
8.8,194.9,6.19,39.8,263,190.4,190.0,190.5,500.0,500.0,0.0,0.0,0.0,0.3,1.85
8.8,194.9,6.19,39.8,264,190.4,190.0,190.5,500.0,500.0,0.0,0.0,0.0,0.3,1.86
8.7,194.9,6.19,39.8,265,190.4,190.0,190.5,500.0,500.0,0.0,0.0,0.0,0.3,1.86
8.8,195.0,6.19,39.8,266,190.4,190.0,190.5,500.0,500.0,0.0,0.0,0.0,0.3,1.87
8.8,195.0,6.19,39.8,267,190.4,190.0,190.5,500.0,500.0,0.0,0.0,0.0,0.3,1.87
8.9,195.0,6.19,40.0,268,190.4,190.0,190.5,500.0,500.0,0.0,0.0,0.0,0.3,1.88
8.8,195.1,6.19,40.0,269,190.4,190.0,190.5,500.0,500.0,0.0,0.0,0.0,0.3,1.89
8.8,195.1,6.19,40.2,270,190.4,190.0,190.5,500.0,500.0,0.0,0.0,0.0,0.3,1.89
8.9,195.1,6.19,40.0,271,190.4,190.0,190.5,500.0,500.0,0.0,0.0,0.0,0.3,1.90
8.8,195.2,6.19,40.0,272,190.4,190.0,190.5,500.0,500.0,0.0,0.0,0.0,0.3,1.90
8.7,195.2,6.19,40.0,273,190.4,190.0,190.4,500.0,500.0,0.0,0.0,0.0,0.3,1.91
8.8,195.2,6.19,40.0,274,190.4,190.0,190.4,500.0,500.0,0.0,0.0,0.0,0.3,1.91
8.7,195.2,6.19,39.8,275,190.4,190.0,190.4,500.0,500.0,0.0,0.0,0.0,0.3,1.92
8.7,195.3,6.19,40.0,276,190.3,190.0,190.4,500.0,500.0,0.0,0.0,0.0,0.3,1.93
8.8,195.3,6.19,40.0,277,190.3,190.0,190.4,500.0,500.0,0.0,0.0,0.0,0.3,1.93
8.7,195.3,6.19,39.8,278,190.3,190.0,190.4,500.0,500.0,0.0,0.0,0.0,0.3,1.94
8.7,195.3,6.19,39.8,279,190.3,190.0,190.4,500.0,500.0,0.0,0.0,0.0,0.3,1.94
8.8,195.3,6.19,39.8,280,190.3,190.0,190.4,500.0,500.0,0.0,0.0,0.0,0.3,1.95
8.6,195.3,6.19,39.8,281,190.3,190.0,190.4,500.0,500.0,0.0,0.0,0.0,0.3,1.96
8.7,195.3,6.19,39.8,282,190.3,190.0,190.4,500.0,500.0,0.0,0.0,0.0,0.3,1.96
8.5,195.4,6.19,40.0,283,190.3,190.0,190.4,500.0,500.0,0.0,0.0,0.0,0.3,1.97
8.5,195.4,6.19,40.0,284,190.3,190.0,190.4,500.0,500.0,0.0,0.0,0.0,0.3,1.97
8.7,195.4,6.19,40.0,285,190.3,190.0,190.4,500.0,500.0,0.0,0.0,0.0,0.3,1.98
8.6,195.5,6.19,40.0,286,190.3,190.0,190.4,500.0,500.0,0.0,0.0,0.0,0.3,1.98
8.5,195.5,6.19,39.8,287,190.3,190.0,190.4,500.0,500.0,0.0,0.0,0.0,0.3,1.99
8.8,195.5,6.19,39.8,288,190.3,190.0,190.4,500.0,500.0,0.0,0.0,0.0,0.3,2.00
8.7,195.5,6.19,39.8,289,190.3,190.0,190.4,500.0,500.0,0.0,0.0,0.0,0.3,2.00
8.7,195.6,6.19,39.8,290,190.3,190.0,190.4,500.0,500.0,0.0,0.0,0.0,0.3,2.01
9.0,195.6,6.19,39.8,291,190.3,190.0,190.4,500.0,500.0,0.0,0.0,0.0,0.3,2.01
9.0,195.6,6.19,40.0,292,190.3,190.0,190.5,500.0,500.0,0.0,0.0,0.0,0.3,2.02
8.9,195.6,6.19,39.8,293,190.3,190.0,190.5,500.0,500.0,0.0,0.0,0.0,0.3,2.02
9.1,195.6,6.19,39.6,294,190.3,190.0,190.5,500.0,500.0,0.0,0.0,0.0,0.3,2.03
8.9,195.6,6.19,39.6,295,190.3,190.0,190.5,500.0,500.0,0.0,0.0,0.0,0.3,2.04
8.7,195.7,6.19,39.6,296,190.3,190.0,190.5,500.0,500.0,0.0,0.0,0.0,0.3,2.04
8.6,195.7,6.19,39.6,297,190.3,190.0,190.5,500.0,500.0,0.0,0.0,0.0,0.3,2.05
8.6,195.7,6.19,39.8,298,190.3,190.0,190.5,500.0,500.0,0.0,0.0,0.0,0.3,2.05
8.6,195.8,6.19,40.0,299,190.3,190.0,190.5,500.0,500.0,0.0,0.0,0.0,0.3,2.06
8.6,195.8,6.19,40.0,300,190.3,190.0,190.5,500.0,500.0,0.0,0.0,0.0,0.3,2.07
8.7,195.8,6.19,40.0,301,190.3,190.0,190.5,500.0,500.0,0.0,0.0,0.0,0.3,2.07
8.9,195.8,6.19,39.8,302,190.3,190.0,190.5,500.0,500.0,0.0,0.0,0.0,0.3,2.08
8.9,195.9,6.19,39.8,303,190.3,190.0,190.5,500.0,500.0,0.0,0.0,0.0,0.3,2.08
8.7,195.9,6.19,39.8,304,190.3,190.0,190.5,500.0,500.0,0.0,0.0,0.0,0.3,2.09
8.8,195.9,6.19,39.8,305,190.2,190.0,190.5,500.0,500.0,0.0,0.0,0.0,0.3,2.09
8.8,195.9,6.19,39.8,306,190.2,190.0,190.5,500.0,500.0,0.0,0.0,0.0,0.3,2.10
8.7,195.9,6.19,40.0,307,190.2,190.0,190.5,500.0,500.0,0.0,0.0,0.0,0.3,2.11
8.8,196.0,6.19,40.0,308,190.2,190.0,190.5,500.0,500.0,0.0,0.0,0.0,0.3,2.11
8.7,196.0,6.19,39.8,309,190.2,190.0,190.5,500.0,500.0,0.0,0.0,0.0,0.3,2.12
8.6,196.0,6.19,39.8,310,190.2,190.0,190.6,500.0,500.0,0.0,0.0,0.0,0.3,2.12
8.7,196.0,6.19,39.8,311,190.2,190.0,190.6,500.0,500.0,0.0,0.0,0.0,0.3,2.13
8.5,196.1,6.19,39.8,312,190.2,190.0,190.6,500.0,500.0,0.0,0.0,0.0,0.3,2.13
8.4,196.1,6.19,39.8,313,190.2,190.0,190.6,500.0,500.0,0.0,0.0,0.0,0.3,2.14
8.6,196.1,6.19,40.0,314,190.2,190.0,190.6,500.0,500.0,0.0,0.0,0.0,0.3,2.15
8.7,196.1,6.19,39.8,315,190.2,190.0,190.6,500.0,500.0,0.0,0.0,0.0,0.3,2.15
8.5,196.2,6.19,39.8,316,190.2,190.0,190.6,500.0,500.0,0.0,0.0,0.0,0.3,2.16
8.6,196.3,6.19,39.6,317,190.2,190.0,190.6,500.0,500.0,0.0,0.0,0.0,0.3,2.16
8.6,196.3,6.19,39.6,318,190.2,190.0,190.7,500.0,500.0,0.0,0.0,0.0,0.3,2.17
8.5,196.3,6.19,39.6,319,190.3,190.0,190.7,500.0,500.0,0.0,0.0,0.0,0.3,2.17
8.4,196.4,6.19,39.8,320,190.3,190.0,190.7,500.0,500.0,0.0,0.0,0.0,0.3,2.18
8.4,196.4,6.19,39.8,321,190.3,190.0,190.7,500.0,500.0,0.0,0.0,0.0,0.3,2.19
8.6,196.4,6.19,40.0,322,190.3,190.0,190.7,500.0,500.0,0.0,0.0,0.0,0.3,2.19
8.5,196.4,6.19,40.0,323,190.3,190.0,190.7,500.0,500.0,0.0,0.0,0.0,0.3,2.20
8.5,196.4,6.19,39.8,324,190.3,190.0,190.7,500.0,500.0,0.0,0.0,0.0,0.3,2.20
8.9,196.4,6.19,39.8,325,190.3,190.0,190.7,500.0,500.0,0.0,0.0,0.0,0.3,2.21
8.9,196.4,6.19,39.8,326,190.3,190.0,190.7,500.0,500.0,0.0,0.0,0.0,0.3,2.21
8.9,196.4,6.19,39.8,327,190.3,190.0,190.7,500.0,500.0,0.0,0.0,0.0,0.3,2.22
9.0,196.5,6.19,39.8,328,190.3,190.0,190.7,500.0,500.0,0.0,0.0,0.0,0.3,2.23
9.0,196.5,6.19,40.0,329,190.3,190.0,190.7,500.0,500.0,0.0,0.0,0.0,0.3,2.23
8.8,196.5,6.19,39.8,330,190.3,190.0,190.7,500.0,500.0,0.0,0.0,0.0,0.3,2.24
8.8,196.5,6.19,39.8,331,190.3,190.0,190.7,500.0,500.0,0.0,0.0,0.0,0.3,2.24
8.6,196.5,6.18,39.8,332,190.3,190.0,190.7,500.0,500.0,0.0,0.0,0.0,0.3,2.25
8.6,196.5,6.18,39.8,333,190.3,190.0,190.7,500.0,500.0,0.0,0.0,0.0,0.3,2.26
8.5,196.5,6.18,39.8,334,190.3,190.0,190.7,500.0,500.0,0.0,0.0,0.0,0.3,2.26
8.4,196.5,6.18,40.0,335,190.3,190.0,190.7,500.0,500.0,0.0,0.0,0.0,0.3,2.27
8.5,196.5,6.18,40.0,336,190.3,190.0,190.6,500.0,500.0,0.0,0.0,0.0,0.3,2.27
8.5,196.6,6.19,40.0,337,190.3,190.0,190.6,500.0,500.0,0.0,0.0,0.0,0.3,2.28
8.5,196.6,6.19,40.0,338,190.3,190.0,190.6,500.0,500.0,0.0,0.0,0.0,0.3,2.28
8.7,196.6,6.19,39.8,339,190.3,190.0,190.6,500.0,500.0,0.0,0.0,0.0,0.3,2.29
8.7,196.6,6.19,39.8,340,190.3,190.0,190.6,500.0,500.0,0.0,0.0,0.0,0.3,2.30
8.7,196.7,6.19,39.8,341,190.2,190.0,190.6,500.0,500.0,0.0,0.0,0.0,0.3,2.30
8.7,196.7,6.19,39.8,342,190.2,190.0,190.6,500.0,500.0,0.0,0.0,0.0,0.3,2.31
8.7,196.7,6.19,39.8,343,190.2,190.0,190.6,500.0,500.0,0.0,0.0,0.0,0.3,2.31
8.6,196.8,6.19,40.0,344,190.2,190.0,190.6,500.0,500.0,0.0,0.0,0.0,0.3,2.32
8.8,196.8,6.19,40.0,345,190.2,190.0,190.5,500.0,500.0,0.0,0.0,0.0,0.3,2.32
8.6,196.8,6.19,39.8,346,190.2,190.0,190.5,500.0,500.0,0.0,0.0,0.0,0.3,2.33
8.5,196.8,6.19,40.0,347,190.2,190.0,190.5,500.0,500.0,0.0,0.0,0.0,0.3,2.34
8.7,196.8,6.19,40.0,348,190.2,190.0,190.5,500.0,500.0,0.0,0.0,0.0,0.3,2.34
8.6,196.8,6.19,40.0,349,190.2,190.0,190.5,500.0,500.0,0.0,0.0,0.0,0.3,2.35
8.6,196.9,6.19,40.0,350,190.2,190.0,190.4,500.0,500.0,0.0,0.0,0.0,0.3,2.35
8.5,196.9,6.19,40.2,351,190.2,190.0,190.4,500.0,500.0,0.0,0.0,0.0,0.3,2.36
8.6,196.9,6.19,40.0,352,190.2,190.0,190.4,500.0,500.0,0.0,0.0,0.0,0.3,2.36
8.6,196.9,6.19,40.0,353,190.2,190.0,190.4,500.0,500.0,0.0,0.0,0.0,0.3,2.37
8.6,196.9,6.19,39.8,354,190.2,190.0,190.4,500.0,500.0,0.0,0.0,0.0,0.3,2.38
8.4,196.9,6.19,39.8,355,190.2,190.0,190.4,500.0,500.0,0.0,0.0,0.0,0.3,2.38
8.7,196.9,6.19,39.8,356,190.2,190.0,190.3,500.0,500.0,0.0,0.0,0.0,0.3,2.39
8.8,197.0,6.19,39.8,357,190.1,190.0,190.3,500.0,500.0,0.0,0.0,0.0,0.3,2.39
8.6,197.0,6.19,39.8,358,190.1,190.0,190.3,500.0,500.0,0.0,0.0,0.0,0.3,2.40
8.8,197.0,6.19,40.0,359,190.1,190.0,190.3,500.0,500.0,0.0,0.0,0.0,0.3,2.40
8.8,197.0,6.19,40.0,360,190.1,190.0,190.3,500.0,500.0,0.0,0.0,0.0,0.3,2.41
8.8,197.0,6.19,39.8,361,190.1,190.0,190.2,500.0,500.0,0.0,0.0,0.0,0.3,2.42
8.8,197.0,6.19,40.0,362,190.1,190.0,190.2,500.0,500.0,0.0,0.0,0.0,0.3,2.42
8.8,197.0,6.19,40.0,363,190.1,190.0,190.2,500.0,500.0,0.0,0.0,0.0,0.3,2.43
8.7,197.0,6.19,40.0,364,190.1,190.0,190.2,500.0,500.0,0.0,0.0,0.0,0.3,2.43
8.6,197.0,6.19,40.0,365,190.1,190.0,190.2,500.0,500.0,0.0,0.0,0.0,0.3,2.44
8.5,197.0,6.19,40.2,366,190.1,190.0,190.1,500.0,500.0,0.0,0.0,0.0,0.3,2.44
8.4,197.0,6.19,40.0,367,190.1,190.0,190.1,500.0,500.0,0.0,0.0,0.0,0.3,2.45
8.6,197.0,6.19,40.0,368,190.1,190.0,190.1,500.0,500.0,0.0,0.0,0.0,0.3,2.46
8.5,197.0,6.19,40.0,369,190.1,190.0,190.1,500.0,500.0,0.0,0.0,0.0,0.3,2.46
8.8,197.0,6.19,39.8,370,190.1,190.0,190.1,500.0,500.0,0.0,0.0,0.0,0.3,2.47
8.9,197.1,6.19,39.8,371,190.1,190.0,190.0,500.0,500.0,0.0,0.0,0.0,0.3,2.47
8.7,197.1,6.19,39.8,372,190.1,190.0,190.0,500.0,500.0,0.0,0.0,0.0,0.3,2.48
8.8,197.1,6.19,39.8,373,190.1,190.0,190.0,500.0,500.0,0.0,0.0,0.0,0.3,2.49
8.9,197.1,6.19,39.8,374,190.0,190.0,190.0,500.0,500.0,0.0,0.0,0.0,0.3,2.49
8.8,197.1,6.19,40.0,375,190.0,190.0,190.0,500.0,500.0,0.0,0.0,0.0,0.3,2.50
8.8,197.1,6.19,40.0,376,190.0,190.0,190.0,500.0,500.0,0.0,0.0,0.0,0.3,2.50
8.8,197.1,6.19,39.8,377,190.0,190.0,190.0,500.0,500.0,0.0,0.0,0.0,0.3,2.51
8.5,197.1,6.19,40.0,378,190.0,190.0,190.0,500.0,500.0,0.0,0.0,0.0,0.3,2.51
8.5,197.1,6.19,39.8,379,190.0,190.0,190.0,500.0,500.0,0.0,0.0,0.0,0.3,2.52
8.3,197.1,6.19,39.8,380,190.0,190.0,190.0,500.0,500.0,0.0,0.0,0.0,0.3,2.53
8.4,197.1,6.19,39.8,381,190.0,190.0,190.0,500.0,500.0,0.0,0.0,0.0,0.3,2.53
8.6,197.2,6.19,40.0,382,190.0,190.0,190.0,500.0,500.0,0.0,0.0,0.0,0.3,2.54
8.7,197.2,6.19,39.8,383,190.0,190.0,190.0,500.0,500.0,0.0,0.0,0.0,0.3,2.54
8.8,197.2,6.19,40.0,384,190.0,190.0,190.0,500.0,500.0,0.0,0.0,0.0,0.3,2.55
9.0,197.2,6.19,39.8,385,190.0,190.0,190.0,500.0,500.0,0.0,0.0,0.0,0.3,2.55
8.8,197.2,6.19,39.8,386,190.0,190.0,190.0,500.0,500.0,0.0,0.0,0.0,0.3,2.56
8.7,197.2,6.19,39.8,387,190.0,190.0,190.0,500.0,500.0,0.0,0.0,0.0,0.3,2.57
8.7,197.2,6.19,39.8,388,190.0,190.0,190.0,500.0,500.0,0.0,0.0,0.0,0.3,2.57
8.6,197.2,6.19,39.8,389,190.0,190.0,190.0,500.0,500.0,0.0,0.0,0.0,0.3,2.58
8.5,197.2,6.19,40.0,390,190.0,190.0,190.0,500.0,500.0,0.0,0.0,0.0,0.3,2.58
8.6,197.2,6.19,40.0,391,190.0,190.0,190.0,500.0,500.0,0.0,0.0,0.0,0.3,2.59
8.4,197.3,6.19,39.8,392,190.0,190.0,190.0,500.0,500.0,0.0,0.0,0.0,0.3,2.59
8.5,197.3,6.19,40.0,393,190.0,190.0,190.0,500.0,500.0,0.0,0.0,0.0,0.3,2.60
8.7,197.3,6.19,39.8,394,190.0,190.0,190.0,500.0,500.0,0.0,0.0,0.0,0.3,2.61
8.7,197.3,6.19,39.8,395,190.0,190.0,190.0,500.0,500.0,0.0,0.0,0.0,0.3,2.61
8.9,197.3,6.19,39.8,396,190.0,190.0,190.0,500.0,500.0,0.0,0.0,0.0,0.3,2.62
8.9,197.3,6.19,40.0,397,190.0,190.0,190.0,500.0,500.0,0.0,0.0,0.0,0.3,2.62
9.0,197.3,6.19,39.8,398,190.0,190.0,190.0,500.0,500.0,0.0,0.0,0.0,0.3,2.63
8.8,197.3,6.19,40.0,399,190.0,190.0,190.0,500.0,500.0,0.0,0.0,0.0,0.3,2.64
8.8,197.3,6.19,39.8,400,190.0,190.0,190.0,500.0,500.0,0.0,0.0,0.0,0.3,2.64
8.6,197.3,6.19,39.8,401,190.0,190.0,190.0,500.0,500.0,0.0,0.0,0.0,0.3,2.65
8.7,197.3,6.19,39.8,402,190.0,190.0,190.0,500.0,500.0,0.0,0.0,0.0,0.3,2.65
8.4,197.3,6.19,39.8,403,190.0,190.0,190.0,500.0,500.0,0.0,0.0,0.0,0.3,2.66
8.2,197.3,6.19,39.8,404,190.0,190.0,190.0,500.0,500.0,0.0,0.0,0.0,0.3,2.66
8.4,197.3,6.19,40.0,405,190.0,190.0,190.0,500.0,500.0,0.0,0.0,0.0,0.3,2.67
8.3,197.3,6.19,40.0,406,190.0,190.0,190.0,500.0,500.0,0.0,0.0,0.0,0.3,2.67
8.2,197.4,6.19,39.8,407,190.0,190.0,190.0,500.0,500.0,0.0,0.0,0.0,0.3,2.68
8.2,197.4,6.19,39.8,408,190.0,190.0,190.0,500.0,500.0,0.0,0.0,0.0,0.3,2.69
8.4,197.4,6.19,39.6,409,190.0,190.0,190.0,500.0,500.0,0.0,0.0,0.0,0.3,2.69
8.3,197.5,6.19,39.6,410,190.0,190.0,190.0,500.0,500.0,0.0,0.0,0.0,0.3,2.70
8.5,197.5,6.19,39.6,411,190.0,190.0,190.0,500.0,500.0,0.0,0.0,0.0,0.3,2.70
8.5,197.5,6.19,39.8,412,190.0,190.0,190.0,500.0,500.0,0.0,0.0,0.0,0.3,2.71
8.7,197.5,6.19,39.8,413,190.0,190.0,190.0,500.0,500.0,0.0,0.0,0.0,0.3,2.71
8.7,197.5,6.19,40.0,414,190.0,190.0,190.0,500.0,500.0,0.0,0.0,0.0,0.3,2.72
8.5,197.5,6.19,40.0,415,190.0,190.0,190.0,500.0,500.0,0.0,0.0,0.0,0.3,2.73
8.7,197.5,6.19,39.8,416,190.0,190.0,190.0,500.0,500.0,0.0,0.0,0.0,0.3,2.73
8.7,197.5,6.19,39.8,417,190.0,190.0,190.0,500.0,500.0,0.0,0.0,0.0,0.3,2.74
8.4,197.5,6.19,39.8,418,190.0,190.0,190.0,500.0,500.0,0.0,0.0,0.0,0.3,2.74
8.4,197.6,6.19,39.8,419,190.0,190.0,190.0,500.0,500.0,0.0,0.0,0.0,0.3,2.75
8.5,197.6,6.19,39.8,420,190.0,190.0,190.0,500.0,500.0,0.0,0.0,0.0,0.3,2.75
8.3,197.6,6.19,40.0,421,190.0,190.0,190.0,500.0,500.0,0.0,0.0,0.0,0.3,2.76
8.5,197.6,6.19,39.8,422,190.0,190.0,190.0,500.0,500.0,0.0,0.0,0.0,0.3,2.76
8.4,197.6,6.19,40.0,423,190.0,190.0,190.0,500.0,500.0,0.0,0.0,0.0,0.3,2.77
8.4,197.6,6.19,40.0,424,190.0,190.0,190.0,500.0,500.0,0.0,0.0,0.0,0.3,2.78
8.5,197.6,6.19,40.0,425,190.0,190.0,190.0,500.0,500.0,0.0,0.0,0.0,0.3,2.78
8.4,197.6,6.19,40.0,426,190.0,190.0,190.0,500.0,500.0,0.0,0.0,0.0,0.3,2.79
8.4,197.6,6.19,40.2,427,190.0,190.0,190.0,500.0,500.0,0.0,0.0,0.0,0.3,2.79
8.5,197.7,6.19,40.0,428,190.0,190.0,190.0,500.0,500.0,0.0,0.0,0.0,0.3,2.80
8.5,197.7,6.19,40.0,429,190.0,190.0,190.0,500.0,500.0,0.0,0.0,0.0,0.3,2.80
8.5,197.7,6.19,40.0,430,190.0,190.0,190.0,500.0,500.0,0.0,0.0,0.0,0.3,2.81
8.7,197.6,6.19,39.8,431,190.0,190.0,190.0,500.0,500.0,0.0,0.0,0.0,0.3,2.82
8.5,197.6,6.19,39.8,432,190.0,190.0,190.0,500.0,500.0,0.0,0.0,0.0,0.3,2.82
8.5,197.7,6.19,39.8,433,190.0,190.0,190.0,500.0,500.0,0.0,0.0,0.0,0.3,2.83
8.2,197.7,6.19,39.8,434,190.0,190.0,190.0,500.0,500.0,0.0,0.0,0.0,0.3,2.83
8.1,197.7,6.19,39.8,435,190.0,190.0,190.0,500.0,500.0,0.0,0.0,0.0,0.3,2.84
8.2,197.7,6.19,40.0,436,190.0,190.0,190.0,500.0,500.0,0.0,0.0,0.0,0.3,2.84
8.2,197.7,6.19,39.8,437,190.0,190.0,190.0,500.0,500.0,0.0,0.0,0.0,0.3,2.85
8.2,197.8,6.19,40.0,438,190.0,190.0,190.0,500.0,500.0,0.0,0.0,0.0,0.3,2.85
8.5,197.8,6.19,39.8,439,190.0,190.0,190.0,500.0,500.0,0.0,0.0,0.0,0.3,2.86
8.5,197.8,6.19,39.8,440,190.0,190.0,190.0,500.0,500.0,0.0,0.0,0.0,0.3,2.87
8.4,197.7,6.19,39.8,441,190.0,190.0,190.0,500.0,500.0,0.0,0.0,0.0,0.3,2.87
8.6,197.7,6.19,40.0,442,190.0,190.0,190.0,500.0,500.0,0.0,0.0,0.0,0.3,2.88
8.6,197.8,6.19,39.8,443,190.0,190.0,190.0,500.0,500.0,0.0,0.0,0.0,0.3,2.88
8.4,197.8,6.19,40.0,444,190.0,190.0,190.0,500.0,500.0,0.0,0.0,0.0,0.3,2.89
8.5,197.8,6.19,40.0,445,190.0,190.0,190.0,500.0,500.0,0.0,0.0,0.0,0.3,2.89
8.3,197.8,6.19,39.8,446,190.0,190.0,190.0,500.0,500.0,0.0,0.0,0.0,0.3,2.90
8.2,197.8,6.19,39.8,447,190.0,190.0,190.0,500.0,500.0,0.0,0.0,0.0,0.3,2.90
8.4,197.8,6.19,39.8,448,190.0,190.0,190.0,500.0,500.0,0.0,0.0,0.0,0.3,2.91
8.3,197.8,6.19,39.8,449,190.0,190.0,190.0,500.0,500.0,0.0,0.0,0.0,0.3,2.92
8.3,197.8,6.19,39.8,450,190.0,190.0,190.0,500.0,500.0,0.0,0.0,0.0,0.3,2.92
8.4,197.8,6.19,40.0,451,190.0,190.0,190.0,500.0,500.0,0.0,0.0,0.0,0.3,2.93
8.6,197.8,6.19,40.0,452,190.0,190.0,190.0,500.0,500.0,0.0,0.0,0.0,0.3,2.93
8.6,197.8,6.19,40.0,453,190.0,190.0,190.0,500.0,500.0,0.0,0.0,0.0,0.3,2.94
8.7,197.8,6.19,40.2,454,190.0,190.0,190.0,500.0,500.0,0.0,0.0,0.0,0.3,2.94
8.7,197.9,6.19,40.0,455,190.0,190.0,190.0,500.0,500.0,0.0,0.0,0.0,0.3,2.95
8.6,197.9,6.19,40.0,456,190.0,190.0,190.0,500.0,500.0,0.0,0.0,0.0,0.3,2.96
8.5,197.9,6.19,40.0,457,190.0,190.0,190.0,500.0,500.0,0.0,0.0,0.0,0.3,2.96
8.3,197.9,6.19,40.0,458,190.0,190.0,190.0,500.0,500.0,0.0,0.0,0.0,0.3,2.97
8.5,197.9,6.19,39.8,459,190.0,190.0,190.0,500.0,500.0,0.0,0.0,0.0,0.3,2.97
8.2,198.0,6.19,40.0,460,190.0,190.0,190.0,500.0,500.0,0.0,0.0,0.0,0.3,2.98
8.1,198.0,6.19,40.0,461,190.0,190.0,190.0,500.0,500.0,0.0,0.0,0.0,0.3,2.98
8.3,198.0,6.19,39.8,462,190.0,190.0,190.0,500.0,500.0,0.0,0.0,0.0,0.3,2.99
8.2,198.0,6.19,39.8,463,190.0,190.0,190.0,500.0,500.0,0.0,0.0,0.0,0.3,2.99
8.1,198.0,6.19,39.8,464,190.0,190.0,190.0,500.0,500.0,0.0,0.0,0.0,0.3,3.00
8.4,197.9,6.19,39.8,465,190.0,190.0,190.0,500.0,500.0,0.0,0.0,0.0,0.3,3.00
8.5,197.9,6.19,39.8,466,190.0,190.0,190.0,500.0,500.0,0.0,0.0,0.0,0.3,3.01
8.4,198.0,6.19,40.0,467,190.0,190.0,190.0,500.0,500.0,0.0,0.0,0.0,0.3,3.02
8.6,198.0,6.19,39.8,468,190.0,190.0,190.0,500.0,500.0,0.0,0.0,0.0,0.3,3.02
8.6,198.0,6.19,39.8,469,190.0,190.0,190.0,500.0,500.0,0.0,0.0,0.0,0.3,3.03
8.6,198.0,6.19,39.8,470,190.0,190.0,190.0,500.0,500.0,0.0,0.0,0.0,0.3,3.03
8.6,198.0,6.19,39.8,471,190.0,190.0,190.0,500.0,500.0,0.0,0.0,0.0,0.3,3.04
8.5,198.0,6.19,39.8,472,190.0,190.0,190.0,500.0,500.0,0.0,0.0,0.0,0.3,3.04
8.6,198.0,6.19,40.0,473,190.0,190.0,190.0,500.0,500.0,0.0,0.0,0.0,0.3,3.05
8.5,198.0,6.19,40.0,474,190.0,190.0,190.0,500.0,500.0,0.0,0.0,0.0,0.3,3.06
8.4,198.0,6.19,40.0,475,190.0,190.0,190.0,500.0,500.0,0.0,0.0,0.0,0.3,3.06
8.5,198.0,6.19,40.0,476,190.0,190.0,190.0,500.0,500.0,0.0,0.0,0.0,0.3,3.07
8.4,198.0,6.19,39.8,477,190.0,190.0,190.0,500.0,500.0,0.0,0.0,0.0,0.3,3.07
8.5,198.0,6.19,39.8,478,190.0,190.0,190.0,500.0,500.0,0.0,0.0,0.0,0.3,3.08
8.6,198.0,6.19,39.8,479,190.0,190.0,190.0,500.0,500.0,0.0,0.0,0.0,0.3,3.08
8.6,198.0,6.19,39.8,480,190.0,190.0,190.0,500.0,500.0,0.0,0.0,0.0,0.3,3.09
8.6,198.0,6.19,39.8,481,190.0,190.0,190.0,500.0,500.0,0.0,0.0,0.0,0.3,3.10
8.7,198.0,6.19,40.0,482,190.0,190.0,190.0,500.0,500.0,0.0,0.0,0.0,0.3,3.10
8.6,198.0,6.19,39.8,483,190.0,190.0,190.0,500.0,500.0,0.0,0.0,0.0,0.3,3.11
8.5,198.1,6.19,39.8,484,190.0,190.0,190.0,500.0,500.0,0.0,0.0,0.0,0.3,3.11
8.5,198.1,6.19,39.8,485,190.0,190.0,190.0,500.0,500.0,0.0,0.0,0.0,0.3,3.12
8.4,198.1,6.19,39.8,486,190.0,190.0,190.0,500.0,500.0,0.0,0.0,0.0,0.3,3.12
8.3,198.1,6.19,39.8,487,190.0,190.0,190.0,500.0,500.0,0.0,0.0,0.0,0.3,3.13
8.4,198.1,6.19,40.0,488,190.0,190.0,190.0,500.0,500.0,0.0,0.0,0.0,0.3,3.14
8.5,198.1,6.19,40.0,489,190.0,190.0,190.0,500.0,500.0,0.0,0.0,0.0,0.3,3.14
8.6,198.1,6.19,40.0,490,190.0,190.0,190.0,500.0,500.0,0.0,0.0,0.0,0.3,3.15
8.6,198.1,6.19,40.0,491,190.0,190.0,190.0,500.0,500.0,0.0,0.0,0.0,0.3,3.15
8.8,198.1,6.19,39.8,492,190.0,190.0,190.0,500.0,500.0,0.0,0.0,0.0,0.3,3.16
8.7,198.1,6.19,39.8,493,190.0,190.0,190.0,500.0,500.0,0.0,0.0,0.0,0.3,3.16
8.6,198.1,6.19,39.8,494,190.0,190.0,190.0,500.0,500.0,0.0,0.0,0.0,0.3,3.17
8.4,198.1,6.19,39.8,495,190.0,190.0,190.0,500.0,500.0,0.0,0.0,0.0,0.3,3.18
8.5,198.1,6.19,39.8,496,190.0,190.0,190.0,500.0,500.0,0.0,0.0,0.0,0.3,3.18
8.3,198.1,6.19,40.0,497,190.0,190.0,190.0,500.0,500.0,0.0,0.0,0.0,0.3,3.19
8.2,198.1,6.19,40.0,498,190.0,190.0,190.0,500.0,500.0,0.0,0.0,0.0,0.3,3.19
8.4,198.1,6.19,39.8,499,190.0,190.0,190.0,500.0,500.0,0.0,0.0,0.0,0.3,3.20
8.3,198.1,6.19,39.8,500,190.0,190.0,190.0,500.0,500.0,0.0,0.0,0.0,0.3,3.20
8.2,198.1,6.19,39.8,501,190.0,190.0,190.0,500.0,500.0,0.0,0.0,0.0,0.3,3.21
8.5,198.1,6.19,39.8,502,190.0,190.0,190.0,500.0,500.0,0.0,0.0,0.0,0.3,3.21
8.6,198.1,6.19,39.8,503,190.0,190.0,190.0,500.0,500.0,0.0,0.0,0.0,0.3,3.22
8.4,198.1,6.19,40.0,504,190.0,190.0,190.0,500.0,500.0,0.0,0.0,0.0,0.3,3.23
8.6,198.0,6.19,39.8,505,190.0,190.0,190.0,500.0,500.0,0.0,0.0,0.0,0.3,3.23
8.6,198.0,6.19,39.8,506,190.0,190.0,190.0,500.0,500.0,0.0,0.0,0.0,0.3,3.24
8.4,198.1,6.19,39.6,507,190.0,190.0,190.0,500.0,500.0,0.0,0.0,0.0,0.3,3.24
8.6,198.1,6.19,39.6,508,190.0,190.0,190.0,500.0,500.0,0.0,0.0,0.0,0.3,3.25
8.5,198.1,6.19,39.6,509,190.0,190.0,190.0,500.0,500.0,0.0,0.0,0.0,0.3,3.25
8.6,198.1,6.19,39.8,510,190.0,190.0,190.0,500.0,500.0,0.0,0.0,0.0,0.3,3.26
8.7,198.1,6.19,39.8,511,190.0,190.0,190.0,500.0,500.0,0.0,0.0,0.0,0.3,3.26
8.6,198.1,6.19,40.0,512,190.0,190.0,190.0,500.0,500.0,0.0,0.0,0.0,0.3,3.27
8.6,198.1,6.19,40.0,513,190.0,190.0,190.0,500.0,500.0,0.0,0.0,0.0,0.3,3.28
8.6,198.1,6.19,39.8,514,190.0,190.0,190.0,500.0,500.0,0.0,0.0,0.0,0.3,3.28
8.4,198.1,6.19,39.8,515,190.0,190.0,190.0,500.0,500.0,0.0,0.0,0.0,0.3,3.29
8.5,198.1,6.19,39.8,516,190.0,190.0,190.0,500.0,500.0,0.0,0.0,0.0,0.3,3.29
8.4,198.1,6.19,39.8,517,190.0,190.0,190.0,500.0,500.0,0.0,0.0,0.0,0.3,3.30
8.5,198.1,6.19,39.8,518,190.0,190.0,190.0,500.0,500.0,0.0,0.0,0.0,0.3,3.30
8.6,198.1,6.19,40.0,519,190.0,190.0,190.0,500.0,500.0,0.0,0.0,0.0,0.3,3.31
8.7,198.1,6.19,40.0,520,190.0,190.0,190.0,500.0,500.0,0.0,0.0,0.0,0.3,3.32
8.6,198.1,6.19,40.0,521,190.0,190.0,190.0,500.0,500.0,0.0,0.0,0.0,0.3,3.32
8.7,198.1,6.19,39.8,522,190.0,190.0,190.0,500.0,500.0,0.0,0.0,0.0,0.3,3.33
8.6,198.1,6.19,39.8,523,190.0,190.0,190.0,500.0,500.0,0.0,0.0,0.0,0.3,3.33
8.6,198.1,6.19,39.8,524,190.0,190.0,190.0,500.0,500.0,0.0,0.0,0.0,0.3,3.34
8.5,198.1,6.19,39.8,525,190.0,190.0,190.0,500.0,500.0,0.0,0.0,0.0,0.3,3.34
8.3,198.1,6.19,39.8,526,190.0,190.0,190.0,500.0,500.0,0.0,0.0,0.0,0.3,3.35
8.3,198.1,6.19,40.0,527,190.0,190.0,190.0,500.0,500.0,0.0,0.0,0.0,0.3,3.36
8.2,198.1,6.19,40.0,528,190.0,190.0,190.0,500.0,500.0,0.0,0.0,0.0,0.3,3.36
8.0,198.1,6.19,39.8,529,190.0,190.0,190.0,500.0,500.0,0.0,0.0,0.0,0.3,3.37
8.1,198.1,6.19,39.8,530,190.0,190.0,190.0,500.0,500.0,0.0,0.0,0.0,0.3,3.37
8.4,198.1,6.19,39.8,531,190.0,190.0,190.0,500.0,500.0,0.0,0.0,0.0,0.3,3.38
8.2,198.1,6.19,39.8,532,190.0,190.0,190.0,500.0,500.0,0.0,0.0,0.0,0.3,3.38
8.4,198.1,6.19,39.8,533,190.0,190.0,190.0,500.0,500.0,0.0,0.0,0.0,0.3,3.39
8.6,198.1,6.19,40.0,534,190.0,190.0,190.0,500.0,500.0,0.0,0.0,0.0,0.3,3.39
8.5,198.1,6.19,40.0,535,190.0,190.0,190.0,500.0,500.0,0.0,0.0,0.0,0.3,3.40
8.4,198.1,6.19,40.0,536,190.0,190.0,190.0,500.0,500.0,0.0,0.0,0.0,0.3,3.41
8.4,198.1,6.19,40.0,537,190.0,190.0,190.0,500.0,500.0,0.0,0.0,0.0,0.3,3.41
8.5,198.1,6.19,39.8,538,190.0,190.0,190.0,500.0,500.0,0.0,0.0,0.0,0.3,3.42
8.4,198.1,6.19,39.8,539,190.0,190.0,190.0,500.0,500.0,0.0,0.0,0.0,0.3,3.42
8.3,198.1,6.19,39.8,540,190.0,190.0,190.0,500.0,500.0,0.0,0.0,0.0,0.3,3.43
8.3,198.1,6.19,39.8,541,190.0,190.0,190.0,500.0,500.0,0.0,0.0,0.0,0.3,3.43
8.5,198.1,6.19,39.8,542,190.0,190.0,190.0,500.0,500.0,0.0,0.0,0.0,0.3,3.44
8.1,198.1,6.19,40.0,543,190.0,190.0,190.0,500.0,500.0,0.0,0.0,0.0,0.3,3.44
8.0,198.2,6.19,40.0,544,190.0,190.0,190.0,500.0,500.0,0.0,0.0,0.0,0.3,3.45
8.2,198.2,6.19,39.8,545,190.0,190.0,190.0,500.0,500.0,0.0,0.0,0.0,0.3,3.46
8.1,198.1,6.19,39.8,546,190.0,190.0,190.0,500.0,500.0,0.0,0.0,0.0,0.3,3.46
8.1,198.1,6.19,39.8,547,190.0,190.0,190.0,500.0,500.0,0.0,0.0,0.0,0.3,3.47
8.4,198.1,6.19,39.8,548,190.0,190.0,190.0,500.0,500.0,0.0,0.0,0.0,0.3,3.47
8.6,198.1,6.19,39.8,549,190.0,190.0,190.0,500.0,500.0,0.0,0.0,0.0,0.3,3.48
8.4,198.1,6.19,40.0,550,190.0,190.0,190.0,500.0,500.0,0.0,0.0,0.0,0.3,3.48
8.5,198.1,6.19,39.8,551,190.0,190.0,190.0,500.0,500.0,0.0,0.0,0.0,0.3,3.49
8.4,198.2,6.19,40.0,552,190.0,190.0,190.0,500.0,500.0,0.0,0.0,0.0,0.3,3.49
8.5,198.2,6.19,39.8,553,190.0,190.0,190.0,500.0,500.0,0.0,0.0,0.0,0.3,3.50
8.4,198.2,6.19,39.8,554,190.0,190.0,190.0,500.0,500.0,0.0,0.0,0.0,0.3,3.51
8.4,198.2,6.19,39.8,555,190.0,190.0,190.0,500.0,500.0,0.0,0.0,0.0,0.3,3.51
8.6,198.2,6.19,40.0,556,190.0,190.0,190.0,500.0,500.0,0.0,0.0,0.0,0.3,3.52
8.5,198.2,6.19,39.8,557,190.0,190.0,190.0,500.0,500.0,0.0,0.0,0.0,0.3,3.52
8.2,198.3,6.19,40.0,558,190.0,190.0,190.0,500.0,500.0,0.0,0.0,0.0,0.3,3.53
8.2,198.3,6.19,40.0,559,190.0,190.0,190.0,500.0,500.0,0.0,0.0,0.0,0.3,3.53
8.4,198.3,6.19,39.8,560,190.0,190.0,190.0,500.0,500.0,0.0,0.0,0.0,0.3,3.54
8.2,198.3,6.19,39.8,561,190.0,190.0,190.0,500.0,500.0,0.0,0.0,0.0,0.3,3.54
8.5,198.3,6.19,39.8,562,190.0,190.0,190.0,500.0,500.0,0.0,0.0,0.0,0.3,3.55
8.4,198.3,6.19,39.8,563,190.0,190.0,190.0,500.0,500.0,0.0,0.0,0.0,0.3,3.56
8.6,198.3,6.19,39.8,564,190.0,190.0,190.0,500.0,500.0,0.0,0.0,0.0,0.3,3.56
8.6,198.3,6.19,40.0,565,190.0,190.0,190.0,500.0,500.0,0.0,0.0,0.0,0.3,3.57
8.4,198.3,6.19,39.8,566,190.0,190.0,190.0,500.0,500.0,0.0,0.0,0.0,0.3,3.57
8.5,198.3,6.19,39.8,567,190.0,190.0,190.0,500.0,500.0,0.0,0.0,0.0,0.3,3.58
8.6,198.3,6.19,39.8,568,190.0,190.0,190.0,500.0,500.0,0.0,0.0,0.0,0.3,3.58
8.3,198.3,6.19,39.8,569,190.0,190.0,190.0,500.0,500.0,0.0,0.0,0.0,0.3,3.59
8.3,198.3,6.19,39.8,570,190.0,190.0,190.0,500.0,500.0,0.0,0.0,0.0,0.3,3.59
8.5,198.3,6.19,40.0,571,190.0,190.0,190.0,500.0,500.0,0.0,0.0,0.0,0.3,3.60
8.2,198.3,6.19,40.0,572,190.0,190.0,190.0,500.0,500.0,0.0,0.0,0.0,0.3,3.61
8.3,198.3,6.19,40.0,573,190.0,190.0,190.0,500.0,500.0,0.0,0.0,0.0,0.3,3.61
8.2,198.3,6.19,40.0,574,190.0,190.0,190.0,500.0,500.0,0.0,0.0,0.0,0.3,3.62
8.3,198.3,6.19,39.8,575,190.0,190.0,190.0,500.0,500.0,0.0,0.0,0.0,0.3,3.62
8.3,198.3,6.19,39.8,576,190.0,190.0,190.0,500.0,500.0,0.0,0.0,0.0,0.3,3.63
8.3,198.3,6.19,39.8,577,190.0,190.0,190.0,500.0,500.0,0.0,0.0,0.0,0.3,3.63
8.3,198.3,6.19,39.8,578,190.0,190.0,190.0,500.0,500.0,0.0,0.0,0.0,0.3,3.64
8.5,198.3,6.19,39.8,579,190.0,190.0,190.0,500.0,500.0,0.0,0.0,0.0,0.3,3.64
8.2,198.3,6.19,40.0,580,190.0,190.0,190.0,500.0,500.0,0.0,0.0,0.0,0.3,3.65
8.2,198.3,6.19,39.8,581,190.0,190.0,190.0,500.0,500.0,0.0,0.0,0.0,0.3,3.66
8.5,198.3,6.19,39.8,582,190.0,190.0,190.0,500.0,500.0,0.0,0.0,0.0,0.3,3.66
8.4,198.3,6.19,39.8,583,190.0,190.0,190.0,500.0,500.0,0.0,0.0,0.0,0.3,3.67
8.3,198.3,6.19,39.8,584,190.0,190.0,190.0,500.0,500.0,0.0,0.0,0.0,0.3,3.67
8.5,198.3,6.19,39.8,585,190.0,190.0,190.0,500.0,500.0,0.0,0.0,0.0,0.3,3.68
8.4,198.3,6.19,40.0,586,190.0,190.0,190.0,500.0,500.0,0.0,0.0,0.0,0.3,3.68
8.2,198.3,6.19,40.0,587,190.0,190.0,190.0,500.0,500.0,0.0,0.0,0.0,0.3,3.69
8.3,198.4,6.19,39.8,588,190.0,190.0,190.0,500.0,500.0,0.0,0.0,0.0,0.3,3.69
8.3,198.4,6.19,39.8,589,190.0,190.0,190.0,500.0,500.0,0.0,0.0,0.0,0.3,3.70
8.4,198.3,6.19,39.8,590,190.0,190.0,190.0,500.0,500.0,0.0,0.0,0.0,0.3,3.71
8.5,198.3,6.19,39.8,591,190.0,190.0,190.0,500.0,500.0,0.0,0.0,0.0,0.3,3.71
8.7,198.3,6.19,39.8,592,190.0,190.0,190.0,500.0,500.0,0.0,0.0,0.0,0.3,3.72
8.7,198.3,6.19,40.0,593,190.0,190.0,190.0,500.0,500.0,0.0,0.0,0.0,0.3,3.72
8.7,198.3,6.19,40.0,594,190.0,190.0,190.0,500.0,500.0,0.0,0.0,0.0,0.3,3.73
8.6,198.3,6.19,40.0,595,190.0,190.0,190.0,500.0,500.0,0.0,0.0,0.0,0.3,3.73
8.5,198.4,6.19,40.0,596,190.0,190.0,190.0,500.0,500.0,0.0,0.0,0.0,0.3,3.74
8.4,198.4,6.19,39.8,597,190.0,190.0,190.0,500.0,500.0,0.0,0.0,0.0,0.3,3.75
8.2,198.5,6.19,39.8,598,190.0,190.0,190.0,500.0,500.0,0.0,0.0,0.0,0.3,3.75
8.2,198.5,6.19,39.8,599,190.0,190.0,190.0,500.0,500.0,0.0,0.0,0.0,0.3,3.76
