扭矩,料温,压力,转速,时间,温度1,温度2,温度3,温度4,温度5,温度6,温度7,温度8,顶栓,能量
1.9,189.6,6.20,0.6,0,190.0,190.0,190.0,500.0,500.0,0.0,0.0,0.0,0.3,0.00
1.8,189.6,6.20,6.2,1,190.0,190.0,190.0,500.0,500.0,0.0,0.0,0.0,0.3,0.00
1.7,189.6,6.20,14.2,2,190.0,190.0,190.0,500.0,500.0,0.0,0.0,0.0,0.3,0.00
1.7,189.6,6.20,22.2,3,190.0,190.0,190.0,500.0,500.0,0.0,0.0,0.0,0.3,0.00
1.5,189.4,6.20,30.2,4,190.0,190.0,190.0,500.0,500.0,0.0,0.0,0.0,0.3,0.00
1.4,188.9,6.20,37.6,5,190.0,190.0,190.0,500.0,500.0,0.0,0.0,0.0,0.3,0.00
1.2,188.3,6.20,40.0,6,190.0,190.0,190.0,500.0,500.0,0.0,0.0,0.0,0.3,0.00
1.1,188.0,6.20,39.8,7,190.0,190.0,190.0,500.0,500.0,0.0,0.0,0.0,0.3,0.00
0.9,187.5,6.20,39.8,8,190.0,190.0,190.0,500.0,500.0,0.0,0.0,0.0,0.3,0.01
0.9,187.1,6.20,40.0,9,190.0,190.0,190.0,500.0,500.0,0.0,0.0,0.0,0.3,0.01
0.8,186.3,6.20,40.0,10,190.0,190.0,190.1,500.0,500.0,0.0,0.0,0.0,0.3,0.01
0.8,185.6,6.20,40.0,11,190.0,190.0,190.1,500.0,500.0,0.0,0.0,0.0,0.3,0.01
0.7,184.9,6.20,40.2,12,190.0,190.0,190.1,500.0,500.0,0.0,0.0,0.0,0.3,0.01
0.6,184.2,6.20,40.2,13,190.0,190.0,190.1,500.0,500.0,0.0,0.0,0.0,0.3,0.01
0.5,183.7,6.20,40.0,14,190.0,190.0,190.1,500.0,500.0,0.0,0.0,0.0,0.3,0.01
0.3,183.1,6.20,40.0,15,190.0,190.0,190.2,500.0,500.0,0.0,0.0,0.0,0.3,0.01
0.2,182.5,6.20,39.8,16,190.0,190.0,190.2,500.0,500.0,0.0,0.0,0.0,0.3,0.01
0.2,181.8,6.20,39.8,17,190.0,190.0,190.2,500.0,500.0,0.0,0.0,0.0,0.3,0.01
0.1,181.2,6.20,40.0,18,190.0,190.0,190.2,500.0,500.0,0.0,0.0,0.0,0.3,0.01
0.4,180.6,6.20,39.8,19,190.0,190.0,190.2,500.0,500.0,0.0,0.0,0.0,0.3,0.01
0.5,180.0,6.20,39.8,20,190.0,190.0,190.2,500.0,500.0,0.0,0.0,0.0,0.3,0.01
0.5,179.4,6.20,40.0,21,190.0,190.0,190.3,500.0,500.0,0.0,0.0,0.0,0.3,0.01
0.6,178.9,6.20,40.0,22,190.0,190.0,190.3,500.0,500.0,0.0,0.0,0.0,0.3,0.01
0.6,178.3,6.20,39.8,23,190.0,190.0,190.3,500.0,500.0,0.0,0.0,0.0,0.3,0.01
0.4,177.8,6.20,40.0,24,190.0,190.0,190.3,500.0,500.0,0.0,0.0,0.0,0.3,0.01
0.4,177.3,6.20,40.0,25,190.0,190.0,190.3,500.0,500.0,0.0,0.0,0.0,0.3,0.01
0.4,176.7,6.20,39.8,26,190.0,190.0,190.3,500.0,500.0,0.0,0.0,0.0,0.3,0.01
0.3,176.1,6.20,40.0,27,190.0,190.0,190.3,500.0,500.0,0.0,0.0,0.0,0.3,0.01
0.4,175.6,6.20,40.0,28,190.0,190.0,190.3,500.0,500.0,0.0,0.0,0.0,0.3,0.01
0.5,175.2,6.20,39.8,29,190.0,190.0,190.4,500.0,500.0,0.0,0.0,0.0,0.3,0.01
0.6,174.9,6.20,39.8,30,190.0,190.0,190.4,500.0,500.0,0.0,0.0,0.0,0.3,0.01
0.7,174.7,6.20,40.2,31,190.0,190.0,190.4,500.0,500.0,0.0,0.0,0.0,0.3,0.01
0.9,174.8,6.20,40.0,32,190.0,190.0,190.4,500.0,500.0,0.0,0.0,0.0,0.3,0.01
0.9,175.0,6.20,40.0,33,190.0,190.0,190.4,500.0,500.0,0.0,0.0,0.0,0.3,0.01
1.0,175.3,6.20,40.2,34,190.0,190.0,190.4,500.0,500.0,0.0,0.0,0.0,0.3,0.01
1.1,175.5,6.20,40.2,35,190.0,190.0,190.4,500.0,500.0,0.0,0.0,0.0,0.3,0.02
1.2,175.7,6.20,40.0,36,190.0,190.0,190.4,500.0,500.0,0.0,0.0,0.0,0.3,0.02
1.2,175.8,6.20,40.0,37,190.0,190.0,190.4,500.0,500.0,0.0,0.0,0.0,0.3,0.02
1.3,175.9,6.20,40.0,38,190.0,190.0,190.4,500.0,500.0,0.0,0.0,0.0,0.3,0.02
1.3,176.2,6.20,40.0,39,190.0,190.0,190.4,500.0,500.0,0.0,0.0,0.0,0.3,0.02
1.3,176.4,6.20,40.0,40,190.0,190.0,190.4,500.0,500.0,0.0,0.0,0.0,0.3,0.02
1.3,176.6,6.20,40.0,41,190.0,190.0,190.4,500.0,500.0,0.0,0.0,0.0,0.3,0.02
1.3,176.7,6.20,40.0,42,190.0,190.0,190.4,500.0,500.0,0.0,0.0,0.0,0.3,0.02
1.2,176.9,6.20,40.0,43,190.0,190.0,190.4,500.0,500.0,0.0,0.0,0.0,0.3,0.02
1.2,177.0,6.20,40.0,44,190.0,190.0,190.4,500.0,500.0,0.0,0.0,0.0,0.3,0.02
1.0,177.0,6.20,39.8,45,190.0,190.0,190.4,500.0,500.0,0.0,0.0,0.0,0.3,0.02
0.9,176.9,6.20,39.8,46,190.0,190.0,190.4,500.0,500.0,0.0,0.0,0.0,0.3,0.02
0.9,176.8,6.20,39.8,47,190.0,190.0,190.4,500.0,500.0,0.0,0.0,0.0,0.3,0.02
0.7,176.7,6.20,39.8,48,190.0,190.0,190.4,500.0,500.0,0.0,0.0,0.0,0.3,0.03
0.6,176.7,6.19,39.8,49,190.0,190.0,190.4,500.0,500.0,0.0,0.0,0.0,0.3,0.03
0.7,176.6,6.19,40.0,50,190.0,190.0,190.4,500.0,500.0,0.0,0.0,0.0,0.3,0.03
0.6,176.6,6.19,40.0,51,190.0,190.0,190.4,500.0,500.0,0.0,0.0,0.0,0.3,0.03
0.4,176.5,6.19,40.0,52,190.0,190.0,190.4,500.0,500.0,0.0,0.0,0.0,0.3,0.03
0.5,176.5,6.19,39.8,53,190.0,190.0,190.4,500.0,500.0,0.0,0.0,0.0,0.3,0.03
0.3,176.5,6.20,39.8,54,190.0,190.0,190.4,500.0,500.0,0.0,0.0,0.0,0.3,0.03
0.2,176.5,6.20,39.8,55,190.0,190.0,190.4,500.0,500.0,0.0,0.0,0.0,0.3,0.03
0.3,176.5,6.20,39.8,56,190.0,190.0,190.4,500.0,500.0,0.0,0.0,0.0,0.3,0.03
0.4,176.5,6.20,39.8,57,190.0,190.0,190.4,500.0,500.0,0.0,0.0,0.0,0.3,0.03
0.3,176.4,6.20,40.0,58,190.0,190.0,190.4,500.0,500.0,0.0,0.0,0.0,0.3,0.03
0.4,176.4,6.20,40.0,59,190.0,190.0,190.4,500.0,500.0,0.0,0.0,0.0,0.3,0.03
0.7,176.3,6.20,39.8,60,190.0,190.0,190.3,500.0,500.0,0.0,0.0,0.0,0.3,0.03
0.7,176.2,6.20,39.8,61,190.0,190.0,190.3,500.0,500.0,0.0,0.0,0.0,0.3,0.03
1.0,176.2,6.20,39.6,62,190.0,190.0,190.3,500.0,500.0,0.0,0.0,0.0,0.3,0.03
1.3,176.2,6.20,39.6,63,190.0,190.0,190.3,500.0,500.0,0.0,0.0,0.0,0.3,0.03
1.5,176.2,6.20,39.6,64,190.0,190.0,190.3,500.0,500.0,0.0,0.0,0.0,0.3,0.03
1.7,176.2,6.20,39.8,65,190.0,190.0,190.3,500.0,500.0,0.0,0.0,0.0,0.3,0.03
2.1,176.2,6.20,39.8,66,190.0,190.0,190.3,500.0,500.0,0.0,0.0,0.0,0.3,0.03
2.2,176.1,6.20,40.0,67,190.0,190.0,190.3,500.0,500.0,0.0,0.0,0.0,0.3,0.04
2.5,176.1,6.20,40.0,68,190.0,190.0,190.3,500.0,500.0,0.0,0.0,0.0,0.3,0.04
2.8,176.1,6.20,39.8,69,190.0,190.0,190.2,500.0,500.0,0.0,0.0,0.0,0.3,0.04
2.8,176.2,6.20,39.8,70,190.0,190.0,190.2,500.0,500.0,0.0,0.0,0.0,0.3,0.04
3.0,176.2,6.20,39.8,71,190.0,190.0,190.2,500.0,500.0,0.0,0.0,0.0,0.3,0.04
3.2,176.2,6.20,39.8,72,190.0,190.0,190.2,500.0,500.0,0.0,0.0,0.0,0.3,0.05
3.5,176.1,6.20,39.8,73,190.0,190.0,190.2,500.0,500.0,0.0,0.0,0.0,0.3,0.05
5.0,176.0,6.20,40.0,74,190.0,190.0,190.2,500.0,500.0,0.0,0.0,0.0,0.3,0.05
7.6,176.0,6.20,39.8,75,190.0,190.0,190.2,500.0,500.0,0.0,0.0,0.0,0.3,0.06
11.3,175.4,6.20,39.8,76,190.0,190.0,190.2,500.0,500.0,0.0,0.0,0.0,0.3,0.06
14.4,174.0,6.20,39.8,77,190.0,190.0,190.1,500.0,500.0,0.0,0.0,0.0,0.3,0.07
17.4,171.1,6.20,39.8,78,190.0,190.0,190.1,500.0,500.0,0.0,0.0,0.0,0.3,0.08
18.7,168.0,6.20,39.8,79,190.0,190.0,190.1,500.0,500.0,0.0,0.0,0.0,0.3,0.10
19.7,165.6,6.20,40.0,80,190.0,190.0,190.1,500.0,500.0,0.0,0.0,0.0,0.3,0.11
18.2,164.4,6.20,40.0,81,190.0,190.0,190.1,500.0,500.0,0.0,0.0,0.0,0.3,0.12
17.5,164.0,6.20,40.0,82,190.0,190.0,190.1,500.0,500.0,0.0,0.0,0.0,0.3,0.13
16.9,163.9,6.20,40.0,83,190.0,190.0,190.1,500.0,500.0,0.0,0.0,0.0,0.3,0.15
16.1,164.3,6.20,39.8,84,190.0,190.0,190.1,500.0,500.0,0.0,0.0,0.0,0.3,0.16
14.8,164.9,6.20,39.8,85,190.0,190.0,190.1,500.0,500.0,0.0,0.0,0.0,0.3,0.17
14.5,165.6,6.20,39.8,86,190.0,190.0,190.1,500.0,500.0,0.0,0.0,0.0,0.3,0.18
13.9,166.3,6.20,39.8,87,190.0,190.0,190.1,500.0,500.0,0.0,0.0,0.0,0.3,0.18
13.3,167.1,6.20,39.8,88,190.0,190.0,190.1,500.0,500.0,0.0,0.0,0.0,0.3,0.19
12.8,167.9,6.20,40.0,89,190.0,190.0,190.1,500.0,500.0,0.0,0.0,0.0,0.3,0.20
12.0,168.7,6.20,40.0,90,190.0,190.0,190.1,500.0,500.0,0.0,0.0,0.0,0.3,0.21
11.9,169.3,6.20,40.0,91,190.0,190.0,190.1,500.0,500.0,0.0,0.0,0.0,0.3,0.22
11.5,170.0,6.20,40.0,92,190.0,190.0,190.1,500.0,500.0,0.0,0.0,0.0,0.3,0.23
11.0,170.6,6.20,39.8,93,190.0,190.0,190.1,500.0,500.0,0.0,0.0,0.0,0.3,0.23
11.0,171.0,6.20,39.8,94,190.0,190.0,190.1,500.0,500.0,0.0,0.0,0.0,0.3,0.24
11.0,171.3,6.20,39.8,95,190.0,190.0,190.1,500.0,500.0,0.0,0.0,0.0,0.3,0.25
10.5,171.7,6.20,39.8,96,190.0,190.0,190.1,500.0,500.0,0.0,0.0,0.0,0.3,0.25
10.5,172.2,6.20,39.8,97,190.0,190.0,190.0,500.0,500.0,0.0,0.0,0.0,0.3,0.26
10.4,172.7,6.20,40.0,98,190.0,190.0,190.0,500.0,500.0,0.0,0.0,0.0,0.3,0.27
10.0,173.2,6.20,40.0,99,190.0,190.0,190.0,500.0,500.0,0.0,0.0,0.0,0.3,0.28
10.0,173.7,6.20,39.8,100,190.0,190.0,190.0,500.0,500.0,0.0,0.0,0.0,0.3,0.28
9.9,174.2,6.20,39.8,101,190.0,190.0,190.0,500.0,500.0,0.0,0.0,0.0,0.3,0.29
9.9,174.7,6.20,39.6,102,190.0,190.0,190.0,500.0,500.0,0.0,0.0,0.0,0.3,0.29
9.9,175.2,6.20,39.6,103,190.0,190.0,190.0,500.0,500.0,0.0,0.0,0.0,0.3,0.30
9.7,175.7,6.20,39.6,104,190.0,190.0,190.0,500.0,500.0,0.0,0.0,0.0,0.3,0.31
9.4,176.2,6.20,39.8,105,190.0,190.0,190.0,500.0,500.0,0.0,0.0,0.0,0.3,0.31
9.5,176.6,6.20,39.8,106,190.0,190.0,190.0,500.0,500.0,0.0,0.0,0.0,0.3,0.32
8.9,177.1,6.20,40.0,107,190.0,190.0,190.0,500.0,500.0,0.0,0.0,0.0,0.3,0.33
8.7,177.5,6.19,40.0,108,190.0,190.0,190.0,500.0,500.0,0.0,0.0,0.0,0.3,0.33
8.9,177.9,6.19,39.8,109,190.0,190.0,190.0,500.0,500.0,0.0,0.0,0.0,0.3,0.34
8.7,178.3,6.19,40.0,110,190.0,190.0,190.0,500.0,500.0,0.0,0.0,0.0,0.3,0.34
8.5,178.5,6.20,39.8,111,190.0,190.0,190.0,500.0,500.0,0.0,0.0,0.0,0.3,0.35
8.7,178.9,6.20,39.8,112,190.0,190.0,190.0,500.0,500.0,0.0,0.0,0.0,0.3,0.36
8.6,179.2,6.20,39.8,113,190.0,190.0,190.0,500.0,500.0,0.0,0.0,0.0,0.3,0.36
8.4,179.5,6.20,40.0,114,190.0,190.0,190.0,500.0,500.0,0.0,0.0,0.0,0.3,0.37
8.3,179.8,6.20,39.8,115,190.0,190.0,190.0,500.0,500.0,0.0,0.0,0.0,0.3,0.37
8.3,180.0,6.20,40.0,116,190.0,190.0,190.0,500.0,500.0,0.0,0.0,0.0,0.3,0.38
8.4,180.3,6.20,40.0,117,190.0,190.0,190.0,500.0,500.0,0.0,0.0,0.0,0.3,0.38
8.3,180.5,6.20,39.8,118,190.0,190.0,190.0,500.0,500.0,0.0,0.0,0.0,0.3,0.39
8.4,180.8,6.19,40.0,119,190.0,190.0,190.0,500.0,500.0,0.0,0.0,0.0,0.3,0.39
8.8,181.0,6.20,39.8,120,190.0,190.0,190.0,500.0,500.0,0.0,0.0,0.0,0.3,0.40
8.7,181.2,6.19,39.8,121,190.0,190.0,190.0,500.0,500.0,0.0,0.0,0.0,0.3,0.41
8.5,181.5,6.19,39.8,122,190.0,190.0,190.0,500.0,500.0,0.0,0.0,0.0,0.3,0.41
8.8,181.6,6.19,40.0,123,190.0,190.0,190.0,500.0,500.0,0.0,0.0,0.0,0.3,0.42
8.8,181.8,6.20,39.8,124,190.0,190.0,190.0,500.0,500.0,0.0,0.0,0.0,0.3,0.42
8.7,181.9,6.20,40.0,125,190.0,190.0,190.0,500.0,500.0,0.0,0.0,0.0,0.3,0.43
8.9,182.1,6.20,40.0,126,190.0,190.0,190.0,500.0,500.0,0.0,0.0,0.0,0.3,0.43
8.7,182.3,6.20,39.8,127,190.0,190.0,190.0,500.0,500.0,0.0,0.0,0.0,0.3,0.44
8.6,182.5,6.20,39.8,128,190.0,190.0,190.0,500.0,500.0,0.0,0.0,0.0,0.3,0.45
8.6,182.7,6.19,39.8,129,190.0,190.1,190.0,500.0,500.0,0.0,0.0,0.0,0.3,0.45
8.3,182.9,6.19,39.8,130,190.0,190.2,190.0,500.0,500.0,0.0,0.0,0.0,0.3,0.46
8.1,183.0,6.19,39.8,131,190.0,190.2,190.0,500.0,500.0,0.0,0.0,0.0,0.3,0.46
7.8,183.2,6.19,40.0,132,190.0,190.2,190.0,500.0,500.0,0.0,0.0,0.0,0.3,0.47
8.0,183.4,6.19,40.0,133,190.0,190.2,190.0,500.0,500.0,0.0,0.0,0.0,0.3,0.47
8.0,183.5,6.20,40.0,134,190.0,190.3,190.0,500.0,500.0,0.0,0.0,0.0,0.3,0.48
8.3,183.7,6.20,40.0,135,190.0,190.3,190.0,500.0,500.0,0.0,0.0,0.0,0.3,0.48
8.4,183.9,6.20,39.8,136,190.0,190.3,190.0,500.0,500.0,0.0,0.0,0.0,0.3,0.49
8.9,184.0,6.20,39.8,137,190.0,190.3,190.1,500.0,500.0,0.0,0.0,0.0,0.3,0.50
9.0,184.1,6.20,39.8,138,190.0,190.3,190.1,500.0,500.0,0.0,0.0,0.0,0.3,0.50
8.7,184.3,6.20,39.8,139,190.0,190.2,190.1,500.0,500.0,0.0,0.0,0.0,0.3,0.51
8.9,184.5,6.20,39.8,140,190.0,190.1,190.1,500.0,500.0,0.0,0.0,0.0,0.3,0.51
8.9,184.7,6.20,40.0,141,190.0,190.1,190.1,500.0,500.0,0.0,0.0,0.0,0.3,0.52
8.6,184.8,6.20,40.0,142,190.0,190.1,190.1,500.0,500.0,0.0,0.0,0.0,0.3,0.53
8.7,185.0,6.20,40.0,143,190.0,190.1,190.2,500.0,500.0,0.0,0.0,0.0,0.3,0.53
8.6,185.1,6.20,40.0,144,190.0,190.0,190.2,500.0,500.0,0.0,0.0,0.0,0.3,0.54
8.5,185.2,6.20,40.0,145,190.0,190.0,190.2,500.0,500.0,0.0,0.0,0.0,0.3,0.54
8.7,185.4,6.20,39.8,146,190.0,190.0,190.2,500.0,500.0,0.0,0.0,0.0,0.3,0.55
8.7,185.5,6.20,39.8,147,190.0,190.0,190.2,500.0,500.0,0.0,0.0,0.0,0.3,0.55
8.6,185.6,6.20,39.8,148,190.0,190.0,190.2,500.0,500.0,0.0,0.0,0.0,0.3,0.56
8.8,185.7,6.20,39.8,149,190.0,190.0,190.2,500.0,500.0,0.0,0.0,0.0,0.3,0.57
8.8,185.9,6.20,39.8,150,190.0,190.0,190.3,500.0,500.0,0.0,0.0,0.0,0.3,0.57
8.6,186.0,6.20,40.0,151,190.0,190.0,190.3,500.0,500.0,0.0,0.0,0.0,0.3,0.58
8.7,186.1,6.20,40.0,152,190.0,190.0,190.3,500.0,500.0,0.0,0.0,0.0,0.3,0.58
8.5,186.2,6.19,40.0,153,190.0,190.0,190.3,500.0,500.0,0.0,0.0,0.0,0.3,0.59
8.6,186.3,6.19,39.8,154,190.0,190.0,190.3,500.0,500.0,0.0,0.0,0.0,0.3,0.59
8.5,186.4,6.19,39.8,155,190.0,190.0,190.3,500.0,500.0,0.0,0.0,0.0,0.3,0.60
8.3,186.6,6.19,39.8,156,190.0,190.0,190.3,500.0,500.0,0.0,0.0,0.0,0.3,0.61
8.5,186.7,6.19,39.8,157,190.0,190.0,190.4,500.0,500.0,0.0,0.0,0.0,0.3,0.61
8.3,186.7,6.20,39.8,158,190.0,190.0,190.4,500.0,500.0,0.0,0.0,0.0,0.3,0.62
8.2,186.8,6.20,40.0,159,190.0,190.0,190.4,500.0,500.0,0.0,0.0,0.0,0.3,0.62
8.4,186.9,6.20,40.0,160,190.0,190.0,190.4,500.0,500.0,0.0,0.0,0.0,0.3,0.63
8.3,187.0,6.20,40.0,161,190.0,190.0,190.4,500.0,500.0,0.0,0.0,0.0,0.3,0.63
8.2,187.0,6.20,40.0,162,190.0,190.0,190.5,500.0,500.0,0.0,0.0,0.0,0.3,0.64
8.5,187.1,6.20,40.0,163,190.0,190.0,190.5,500.0,500.0,0.0,0.0,0.0,0.3,0.64
8.4,187.3,6.19,39.8,164,190.0,190.0,190.5,500.0,500.0,0.0,0.0,0.0,0.3,0.65
8.2,187.4,6.19,39.8,165,190.0,190.0,190.5,500.0,500.0,0.0,0.0,0.0,0.3,0.65
8.3,187.5,6.19,39.8,166,190.0,190.0,190.5,500.0,500.0,0.0,0.0,0.0,0.3,0.66
8.3,187.6,6.19,39.8,167,190.0,190.0,190.5,500.0,500.0,0.0,0.0,0.0,0.3,0.67
8.1,187.7,6.19,39.8,168,190.0,190.0,190.5,500.0,500.0,0.0,0.0,0.0,0.3,0.67
7.9,187.8,6.19,40.0,169,190.0,190.0,190.6,500.0,500.0,0.0,0.0,0.0,0.3,0.68
7.9,187.9,6.19,40.0,170,190.0,190.0,190.7,500.0,500.0,0.0,0.0,0.0,0.3,0.68
8.1,188.0,6.19,40.0,171,190.0,190.0,190.7,500.0,500.0,0.0,0.0,0.0,0.3,0.69
7.9,188.1,6.19,40.0,172,190.0,190.0,190.7,500.0,500.0,0.0,0.0,0.0,0.3,0.69
8.0,188.2,6.19,39.8,173,190.0,190.0,190.7,500.0,500.0,0.0,0.0,0.0,0.3,0.70
8.3,188.3,6.19,39.8,174,190.0,190.0,190.7,500.0,500.0,0.0,0.0,0.0,0.3,0.70
8.3,188.4,6.19,39.8,175,190.0,190.0,190.7,500.0,500.0,0.0,0.0,0.0,0.3,0.71
8.0,188.5,6.19,39.8,176,190.0,190.1,190.7,500.0,500.0,0.0,0.0,0.0,0.3,0.71
8.2,188.6,6.20,39.8,177,190.0,190.1,190.7,500.0,500.0,0.0,0.0,0.0,0.3,0.72
8.5,188.7,6.20,40.0,178,190.0,190.2,190.7,500.0,500.0,0.0,0.0,0.0,0.3,0.73
8.3,188.8,6.19,40.0,179,190.0,190.3,190.7,500.0,500.0,0.0,0.0,0.0,0.3,0.73
8.5,188.8,6.20,39.8,180,190.0,190.3,190.7,500.0,500.0,0.0,0.0,0.0,0.3,0.74
8.7,188.9,6.19,40.0,181,190.0,190.3,190.7,500.0,500.0,0.0,0.0,0.0,0.3,0.74
8.6,189.0,6.19,39.8,182,190.0,190.3,190.8,500.0,500.0,0.0,0.0,0.0,0.3,0.75
8.5,189.2,6.19,39.8,183,190.0,190.4,190.8,500.0,500.0,0.0,0.0,0.0,0.3,0.75
8.6,189.3,6.19,39.8,184,190.0,190.4,190.8,500.0,500.0,0.0,0.0,0.0,0.3,0.76
8.5,189.3,6.19,40.0,185,190.0,190.4,190.8,500.0,500.0,0.0,0.0,0.0,0.3,0.77
8.2,189.4,6.19,39.8,186,190.0,190.3,190.8,500.0,500.0,0.0,0.0,0.0,0.3,0.77
8.3,189.5,6.19,40.0,187,190.0,190.2,190.8,500.0,500.0,0.0,0.0,0.0,0.3,0.78
8.2,189.6,6.19,40.0,188,190.0,190.2,190.8,500.0,500.0,0.0,0.0,0.0,0.3,0.78
8.6,189.6,6.19,40.0,189,190.0,190.2,190.8,500.0,500.0,0.0,0.0,0.0,0.3,0.79
8.3,189.7,6.19,40.0,190,190.0,190.2,190.8,500.0,500.0,0.0,0.0,0.0,0.3,0.79
8.6,189.9,6.19,39.8,191,190.0,190.1,190.8,500.0,500.0,0.0,0.0,0.0,0.3,0.80
8.9,190.0,6.19,39.8,192,190.0,190.0,190.8,500.0,500.0,0.0,0.0,0.0,0.3,0.80
8.6,190.1,6.19,39.8,193,190.0,190.0,190.8,500.0,500.0,0.0,0.0,0.0,0.3,0.81
8.5,190.1,6.19,39.8,194,190.0,190.0,190.8,500.0,500.0,0.0,0.0,0.0,0.3,0.82
8.6,190.1,6.19,39.8,195,190.0,190.0,190.8,500.0,500.0,0.0,0.0,0.0,0.3,0.82
8.5,190.2,6.19,40.0,196,190.0,190.0,190.8,500.0,500.0,0.0,0.0,0.0,0.3,0.83
8.4,190.3,6.19,40.0,197,190.0,190.0,190.8,500.0,500.0,0.0,0.0,0.0,0.3,0.83
8.6,190.3,6.19,39.8,198,190.0,190.0,190.8,500.0,500.0,0.0,0.0,0.0,0.3,0.84
8.5,190.4,6.19,39.8,199,190.0,190.0,190.8,500.0,500.0,0.0,0.0,0.0,0.3,0.84
8.6,190.5,6.19,39.6,200,190.0,190.0,190.8,500.0,500.0,0.0,0.0,0.0,0.3,0.85
8.6,190.5,6.19,39.6,201,190.0,190.0,190.8,500.0,500.0,0.0,0.0,0.0,0.3,0.86
8.5,190.6,6.19,39.6,202,190.0,190.0,190.8,500.0,500.0,0.0,0.0,0.0,0.3,0.86
8.7,190.6,6.19,39.8,203,190.0,190.0,190.8,500.0,500.0,0.0,0.0,0.0,0.3,0.87
8.4,190.7,6.19,39.8,204,190.0,190.0,190.8,500.0,500.0,0.0,0.0,0.0,0.3,0.87
8.4,190.8,6.19,40.0,205,190.0,190.0,190.7,500.0,500.0,0.0,0.0,0.0,0.3,0.88
8.5,190.8,6.19,40.0,206,190.0,190.0,190.7,500.0,500.0,0.0,0.0,0.0,0.3,0.88
8.4,190.9,6.19,39.8,207,190.0,190.0,190.7,500.0,500.0,0.0,0.0,0.0,0.3,0.89
8.3,191.0,6.19,39.8,208,190.0,190.0,190.7,500.0,500.0,0.0,0.0,0.0,0.3,0.89
8.4,191.0,6.19,39.8,209,190.0,190.0,190.7,500.0,500.0,0.0,0.0,0.0,0.3,0.90
8.2,191.1,6.19,39.8,210,190.0,190.0,190.6,500.0,500.0,0.0,0.0,0.0,0.3,0.91
8.1,191.2,6.19,39.8,211,190.0,190.0,190.6,500.0,500.0,0.0,0.0,0.0,0.3,0.91
8.3,191.2,6.19,40.0,212,190.0,190.0,190.6,500.0,500.0,0.0,0.0,0.0,0.3,0.92
8.0,191.3,6.19,40.0,213,190.0,190.0,190.6,500.0,500.0,0.0,0.0,0.0,0.3,0.92
8.3,191.3,6.19,40.0,214,190.0,190.0,190.6,500.0,500.0,0.0,0.0,0.0,0.3,0.93
8.1,191.4,6.19,40.0,215,190.0,190.0,190.6,500.0,500.0,0.0,0.0,0.0,0.3,0.93
8.2,191.5,6.19,39.8,216,190.0,190.0,190.5,500.0,500.0,0.0,0.0,0.0,0.3,0.94
8.3,191.5,6.19,40.0,217,190.0,190.0,190.5,500.0,500.0,0.0,0.0,0.0,0.3,0.94
8.6,191.5,6.19,40.0,218,190.0,190.0,190.5,500.0,500.0,0.0,0.0,0.0,0.3,0.95
8.5,191.6,6.19,40.0,219,190.0,190.0,190.5,500.0,500.0,0.0,0.0,0.0,0.3,0.96
8.7,191.7,6.19,40.0,220,190.0,190.0,190.5,500.0,500.0,0.0,0.0,0.0,0.3,0.96
8.7,191.7,6.19,40.2,221,190.0,190.0,190.5,500.0,500.0,0.0,0.0,0.0,0.3,0.97
8.5,191.7,6.19,40.0,222,190.0,190.0,190.5,500.0,500.0,0.0,0.0,0.0,0.3,0.97
8.6,191.8,6.19,40.0,223,190.0,190.0,190.4,500.0,500.0,0.0,0.0,0.0,0.3,0.98
8.5,191.8,6.19,40.0,224,190.0,190.0,190.4,500.0,500.0,0.0,0.0,0.0,0.3,0.98
8.3,191.9,6.19,39.8,225,190.0,190.0,190.4,500.0,500.0,0.0,0.0,0.0,0.3,0.99
8.4,191.9,6.19,39.8,226,190.0,190.0,190.4,500.0,500.0,0.0,0.0,0.0,0.3,0.99
8.3,192.0,6.19,39.8,227,190.0,190.0,190.4,500.0,500.0,0.0,0.0,0.0,0.3,1.00
8.4,192.0,6.19,39.8,228,190.0,190.0,190.4,500.0,500.0,0.0,0.0,0.0,0.3,1.01
8.3,192.0,6.19,39.8,229,190.0,190.0,190.4,500.0,500.0,0.0,0.0,0.0,0.3,1.01
8.5,192.1,6.19,40.0,230,190.0,190.0,190.3,500.0,500.0,0.0,0.0,0.0,0.3,1.02
8.4,192.2,6.19,40.0,231,190.0,190.1,190.3,500.0,500.0,0.0,0.0,0.0,0.3,1.02
8.7,192.2,6.19,40.0,232,190.0,190.1,190.3,500.0,500.0,0.0,0.0,0.0,0.3,1.03
8.4,192.3,6.19,40.2,233,190.0,190.1,190.3,500.0,500.0,0.0,0.0,0.0,0.3,1.03
8.6,192.3,6.19,40.0,234,190.0,190.2,190.3,500.0,500.0,0.0,0.0,0.0,0.3,1.04
8.7,192.3,6.19,40.0,235,190.0,190.2,190.3,500.0,500.0,0.0,0.0,0.0,0.3,1.05
8.5,192.4,6.19,40.0,236,190.0,190.2,190.3,500.0,500.0,0.0,0.0,0.0,0.3,1.05
8.5,192.4,6.19,40.0,237,190.0,190.2,190.3,500.0,500.0,0.0,0.0,0.0,0.3,1.06
8.6,192.5,6.19,39.8,238,190.0,190.2,190.3,500.0,500.0,0.0,0.0,0.0,0.3,1.06
8.5,192.6,6.19,40.0,239,190.0,190.2,190.3,500.0,500.0,0.0,0.0,0.0,0.3,1.07
8.4,192.6,6.19,40.0,240,190.0,190.1,190.3,500.0,500.0,0.0,0.0,0.0,0.3,1.07
8.5,192.6,6.19,40.0,241,190.0,190.0,190.3,500.0,500.0,0.0,0.0,0.0,0.3,1.08
8.3,192.7,6.19,40.2,242,190.0,190.0,190.3,500.0,500.0,0.0,0.0,0.0,0.3,1.09
8.5,192.7,6.19,40.0,243,190.0,190.0,190.3,500.0,500.0,0.0,0.0,0.0,0.3,1.09
8.3,192.7,6.19,40.0,244,190.0,190.0,190.2,500.0,500.0,0.0,0.0,0.0,0.3,1.10
8.4,192.8,6.19,40.0,245,190.0,190.0,190.2,500.0,500.0,0.0,0.0,0.0,0.3,1.10
8.5,192.8,6.19,40.0,246,190.0,190.0,190.2,500.0,500.0,0.0,0.0,0.0,0.3,1.11
8.4,192.8,6.19,39.8,247,190.0,190.0,190.3,500.0,500.0,0.0,0.0,0.0,0.3,1.11
8.3,192.9,6.19,40.0,248,190.0,190.0,190.3,500.0,500.0,0.0,0.0,0.0,0.3,1.12
8.5,192.9,6.19,40.0,249,190.0,190.0,190.3,500.0,500.0,0.0,0.0,0.0,0.3,1.12
8.5,193.0,6.19,39.8,250,190.0,190.0,190.3,500.0,500.0,0.0,0.0,0.0,0.3,1.13
8.3,193.0,6.19,39.8,251,190.0,190.0,190.3,500.0,500.0,0.0,0.0,0.0,0.3,1.14
8.4,193.1,6.19,39.6,252,190.0,190.0,190.3,500.0,500.0,0.0,0.0,0.0,0.3,1.14
8.2,193.1,6.19,39.6,253,190.0,190.0,190.3,500.0,500.0,0.0,0.0,0.0,0.3,1.15
8.4,193.2,6.19,39.6,254,190.0,190.0,190.3,500.0,500.0,0.0,0.0,0.0,0.3,1.15
8.2,193.2,6.19,39.8,255,190.0,190.0,190.3,500.0,500.0,0.0,0.0,0.0,0.3,1.16
8.2,193.3,6.19,39.8,256,190.0,190.0,190.3,500.0,500.0,0.0,0.0,0.0,0.3,1.16
8.4,193.3,6.19,40.0,257,190.0,190.0,190.3,500.0,500.0,0.0,0.0,0.0,0.3,1.17
8.5,193.3,6.19,40.0,258,190.0,190.0,190.3,500.0,500.0,0.0,0.0,0.0,0.3,1.17
8.4,193.4,6.19,39.8,259,190.0,189.9,190.3,500.0,500.0,0.0,0.0,0.0,0.3,1.18
8.5,193.4,6.19,39.8,260,190.0,190.0,190.3,500.0,500.0,0.0,0.0,0.0,0.3,1.19
8.7,193.4,6.19,39.8,261,190.0,190.0,190.3,500.0,500.0,0.0,0.0,0.0,0.3,1.19
8.4,193.5,6.19,39.8,262,190.0,190.0,190.3,500.0,500.0,0.0,0.0,0.0,0.3,1.20
8.5,193.5,6.19,39.8,263,190.0,190.0,190.3,500.0,500.0,0.0,0.0,0.0,0.3,1.20
8.6,193.5,6.19,40.0,264,190.0,190.0,190.3,500.0,500.0,0.0,0.0,0.0,0.3,1.21
8.4,193.6,6.19,40.0,265,190.0,190.0,190.4,500.0,500.0,0.0,0.0,0.0,0.3,1.21
8.4,193.6,6.19,40.0,266,190.0,190.0,190.4,500.0,500.0,0.0,0.0,0.0,0.3,1.22
8.5,193.6,6.19,40.0,267,190.0,190.0,190.4,500.0,500.0,0.0,0.0,0.0,0.3,1.23
8.6,193.6,6.19,39.8,268,190.0,190.0,190.4,500.0,500.0,0.0,0.0,0.0,0.3,1.23
8.4,193.7,6.19,39.8,269,190.0,190.0,190.4,500.0,500.0,0.0,0.0,0.0,0.3,1.24
8.6,193.8,6.19,39.8,270,190.0,190.0,190.4,500.0,500.0,0.0,0.0,0.0,0.3,1.24
8.5,193.8,6.19,39.8,271,190.0,190.0,190.5,500.0,500.0,0.0,0.0,0.0,0.3,1.25
8.6,193.9,6.19,39.8,272,190.0,190.0,190.6,500.0,500.0,0.0,0.0,0.0,0.3,1.25
8.3,193.9,6.19,40.0,273,190.0,190.0,190.6,500.0,500.0,0.0,0.0,0.0,0.3,1.26
8.6,193.9,6.19,40.0,274,190.0,190.0,190.6,500.0,500.0,0.0,0.0,0.0,0.3,1.26
8.7,194.0,6.19,40.0,275,190.0,190.0,190.6,500.0,500.0,0.0,0.0,0.0,0.3,1.27
8.6,194.0,6.19,40.0,276,190.0,190.0,190.6,500.0,500.0,0.0,0.0,0.0,0.3,1.28
8.7,194.0,6.19,39.8,277,190.0,190.0,190.6,500.0,500.0,0.0,0.0,0.0,0.3,1.28
8.8,194.0,6.19,39.8,278,190.0,190.1,190.6,500.0,500.0,0.0,0.0,0.0,0.3,1.29
8.6,194.1,6.19,39.8,279,190.0,190.2,190.6,500.0,500.0,0.0,0.0,0.0,0.3,1.29
8.6,194.1,6.19,39.8,280,190.0,190.2,190.6,500.0,500.0,0.0,0.0,0.0,0.3,1.30
8.5,194.1,6.19,39.8,281,190.0,190.2,190.6,500.0,500.0,0.0,0.0,0.0,0.3,1.30
8.4,194.2,6.19,40.0,282,190.0,190.2,190.6,500.0,500.0,0.0,0.0,0.0,0.3,1.31
8.4,194.2,6.19,40.0,283,190.0,190.2,190.6,500.0,500.0,0.0,0.0,0.0,0.3,1.32
8.4,194.3,6.19,39.8,284,190.0,190.3,190.6,500.0,500.0,0.0,0.0,0.0,0.3,1.32
8.3,194.3,6.19,39.8,285,190.0,190.4,190.6,500.0,500.0,0.0,0.0,0.0,0.3,1.33
8.5,194.4,6.19,39.6,286,190.0,190.4,190.6,500.0,500.0,0.0,0.0,0.0,0.3,1.33
8.4,194.4,6.19,39.6,287,190.0,190.4,190.7,500.0,500.0,0.0,0.0,0.0,0.3,1.34
8.3,194.4,6.19,39.6,288,190.0,190.3,190.7,500.0,500.0,0.0,0.0,0.0,0.3,1.34
8.6,194.5,6.19,39.8,289,190.0,190.2,190.7,500.0,500.0,0.0,0.0,0.0,0.3,1.35
8.4,194.5,6.19,39.8,290,190.0,190.2,190.7,500.0,500.0,0.0,0.0,0.0,0.3,1.36
8.5,194.5,6.19,40.0,291,190.0,190.2,190.7,500.0,500.0,0.0,0.0,0.0,0.3,1.36
8.6,194.6,6.19,40.0,292,190.0,190.2,190.7,500.0,500.0,0.0,0.0,0.0,0.3,1.37
8.5,194.6,6.19,39.8,293,190.0,190.0,190.7,500.0,500.0,0.0,0.0,0.0,0.3,1.37
8.5,194.6,6.19,39.8,294,190.0,190.0,190.7,500.0,500.0,0.0,0.0,0.0,0.3,1.38
8.5,194.7,6.19,39.8,295,190.0,190.0,190.7,500.0,500.0,0.0,0.0,0.0,0.3,1.38
8.3,194.7,6.19,39.8,296,190.0,190.0,190.7,500.0,500.0,0.0,0.0,0.0,0.3,1.39
8.4,194.8,6.19,39.8,297,190.0,190.0,190.7,500.0,500.0,0.0,0.0,0.0,0.3,1.39
8.5,194.8,6.19,40.0,298,190.0,190.0,190.7,500.0,500.0,0.0,0.0,0.0,0.3,1.40
8.3,194.8,6.19,40.0,299,190.0,190.0,190.7,500.0,500.0,0.0,0.0,0.0,0.3,1.41
8.4,194.9,6.19,40.0,300,190.0,190.0,190.7,500.0,500.0,0.0,0.0,0.0,0.3,1.41
8.6,194.9,6.19,40.0,301,190.0,190.0,190.7,500.0,500.0,0.0,0.0,0.0,0.3,1.42
8.4,194.9,6.19,39.8,302,190.0,190.0,190.7,500.0,500.0,0.0,0.0,0.0,0.3,1.42
8.4,195.0,6.19,39.8,303,190.0,190.0,190.7,500.0,500.0,0.0,0.0,0.0,0.3,1.43
8.7,195.0,6.19,39.8,304,190.0,190.0,190.7,500.0,500.0,0.0,0.0,0.0,0.3,1.43
8.8,195.0,6.19,39.8,305,190.0,190.0,190.7,500.0,500.0,0.0,0.0,0.0,0.3,1.44
8.7,195.0,6.19,39.8,306,190.0,190.0,190.7,500.0,500.0,0.0,0.0,0.0,0.3,1.45
8.8,195.1,6.19,40.0,307,190.0,189.9,190.7,500.0,500.0,0.0,0.0,0.0,0.3,1.45
8.9,195.1,6.19,40.0,308,190.0,189.9,190.7,500.0,500.0,0.0,0.0,0.0,0.3,1.46
8.7,195.1,6.19,40.0,309,190.0,189.9,190.7,500.0,500.0,0.0,0.0,0.0,0.3,1.46
8.7,195.1,6.19,40.0,310,190.0,189.9,190.6,500.0,500.0,0.0,0.0,0.0,0.3,1.47
8.7,195.1,6.19,39.8,311,190.0,189.9,190.6,500.0,500.0,0.0,0.0,0.0,0.3,1.47
8.7,195.1,6.19,39.8,312,190.0,189.9,190.6,500.0,500.0,0.0,0.0,0.0,0.3,1.48
8.6,195.2,6.19,39.8,313,190.0,189.9,190.6,500.0,500.0,0.0,0.0,0.0,0.3,1.49
8.8,195.2,6.19,39.8,314,190.0,190.0,190.6,500.0,500.0,0.0,0.0,0.0,0.3,1.49
8.9,195.2,6.19,39.8,315,190.0,190.0,190.6,500.0,500.0,0.0,0.0,0.0,0.3,1.50
8.8,195.2,6.19,40.0,316,190.0,190.0,190.6,500.0,500.0,0.0,0.0,0.0,0.3,1.50
9.0,195.3,6.19,40.0,317,190.0,190.0,190.6,500.0,500.0,0.0,0.0,0.0,0.3,1.51
9.1,195.3,6.19,39.8,318,190.0,190.0,190.6,500.0,500.0,0.0,0.0,0.0,0.3,1.52
8.9,195.3,6.19,40.0,319,190.0,190.0,190.6,500.0,500.0,0.0,0.0,0.0,0.3,1.52
8.9,195.3,6.19,40.0,320,190.0,190.0,190.6,500.0,500.0,0.0,0.0,0.0,0.3,1.53
9.0,195.3,6.19,40.0,321,190.0,190.0,190.5,500.0,500.0,0.0,0.0,0.0,0.3,1.53
8.8,195.3,6.19,40.0,322,190.0,190.0,190.5,500.0,500.0,0.0,0.0,0.0,0.3,1.54
8.8,195.3,6.19,40.2,323,190.0,190.0,190.5,500.0,500.0,0.0,0.0,0.0,0.3,1.55
8.9,195.4,6.19,40.0,324,190.0,190.0,190.5,500.0,500.0,0.0,0.0,0.0,0.3,1.55
8.6,195.4,6.19,40.0,325,190.0,190.0,190.5,500.0,500.0,0.0,0.0,0.0,0.3,1.56
8.6,195.4,6.19,39.8,326,190.0,190.0,190.5,500.0,500.0,0.0,0.0,0.0,0.3,1.56
8.5,195.5,6.19,39.8,327,190.0,190.0,190.5,500.0,500.0,0.0,0.0,0.0,0.3,1.57
8.5,195.5,6.19,39.8,328,190.0,190.1,190.5,500.0,500.0,0.0,0.0,0.0,0.3,1.57
8.6,195.5,6.19,39.8,329,190.0,190.1,190.5,500.0,500.0,0.0,0.0,0.0,0.3,1.58
8.5,195.6,6.19,39.8,330,190.0,190.2,190.4,500.0,500.0,0.0,0.0,0.0,0.3,1.59
8.5,195.6,6.19,40.0,331,190.0,190.3,190.4,500.0,500.0,0.0,0.0,0.0,0.3,1.59
8.6,195.6,6.19,40.0,332,190.0,190.3,190.4,500.0,500.0,0.0,0.0,0.0,0.3,1.60
8.5,195.6,6.19,40.0,333,190.0,190.3,190.4,500.0,500.0,0.0,0.0,0.0,0.3,1.60
8.5,195.7,6.19,40.0,334,190.0,190.3,190.4,500.0,500.0,0.0,0.0,0.0,0.3,1.61
8.5,195.7,6.19,40.0,335,190.0,190.3,190.4,500.0,500.0,0.0,0.0,0.0,0.3,1.61
8.6,195.7,6.19,39.8,336,190.0,190.3,190.4,500.0,500.0,0.0,0.0,0.0,0.3,1.62
8.6,195.7,6.19,39.8,337,190.0,190.3,190.4,500.0,500.0,0.0,0.0,0.0,0.3,1.63
8.9,195.7,6.19,39.8,338,190.0,190.3,190.4,500.0,500.0,0.0,0.0,0.0,0.3,1.63
8.6,195.8,6.19,39.8,339,190.0,190.3,190.3,500.0,500.0,0.0,0.0,0.0,0.3,1.64
9.0,195.8,6.19,39.8,340,190.0,190.2,190.3,500.0,500.0,0.0,0.0,0.0,0.3,1.64
8.7,195.8,6.19,40.0,341,190.0,190.0,190.3,500.0,500.0,0.0,0.0,0.0,0.3,1.65
8.7,195.9,6.19,40.0,342,190.0,190.0,190.3,500.0,500.0,0.0,0.0,0.0,0.3,1.65
8.9,195.9,6.19,40.0,343,190.0,190.0,190.3,500.0,500.0,0.0,0.0,0.0,0.3,1.66
8.8,196.0,6.19,39.8,344,190.0,190.0,190.3,500.0,500.0,0.0,0.0,0.0,0.3,1.67
8.7,196.0,6.19,39.6,345,190.0,190.0,190.3,500.0,500.0,0.0,0.0,0.0,0.3,1.67
9.0,196.1,6.19,39.6,346,190.0,190.0,190.3,500.0,500.0,0.0,0.0,0.0,0.3,1.68
9.0,196.1,6.19,39.6,347,190.0,190.0,190.3,500.0,500.0,0.0,0.0,0.0,0.3,1.68
8.9,196.1,6.19,39.6,348,190.0,190.0,190.3,500.0,500.0,0.0,0.0,0.0,0.3,1.69
9.1,196.1,6.19,39.8,349,190.0,190.0,190.3,500.0,500.0,0.0,0.0,0.0,0.3,1.70
9.1,196.1,6.19,40.0,350,190.0,190.0,190.3,500.0,500.0,0.0,0.0,0.0,0.3,1.70
9.3,196.1,6.19,39.8,351,190.0,190.0,190.3,500.0,500.0,0.0,0.0,0.0,0.3,1.71
9.4,196.1,6.19,39.8,352,190.0,190.0,190.3,500.0,500.0,0.0,0.0,0.0,0.3,1.71
9.1,196.1,6.19,39.8,353,190.0,190.0,190.3,500.0,500.0,0.0,0.0,0.0,0.3,1.72
9.2,196.2,6.19,39.8,354,190.0,190.0,190.3,500.0,500.0,0.0,0.0,0.0,0.3,1.73
8.9,196.2,6.19,39.8,355,190.0,190.0,190.3,500.0,500.0,0.0,0.0,0.0,0.3,1.73
9.0,196.2,6.19,40.0,356,190.0,190.0,190.3,500.0,500.0,0.0,0.0,0.0,0.3,1.74
8.9,196.2,6.19,40.0,357,190.0,189.9,190.3,500.0,500.0,0.0,0.0,0.0,0.3,1.74
9.0,196.2,6.19,40.0,358,190.0,189.8,190.3,500.0,500.0,0.0,0.0,0.0,0.3,1.75
9.1,196.2,6.19,40.0,359,190.0,189.8,190.3,500.0,500.0,0.0,0.0,0.0,0.3,1.76
9.2,196.2,6.19,39.8,360,190.0,189.8,190.3,500.0,500.0,0.0,0.0,0.0,0.3,1.76
9.1,196.3,6.19,39.8,361,190.0,189.8,190.3,500.0,500.0,0.0,0.0,0.0,0.3,1.77
9.0,196.3,6.19,39.8,362,190.0,189.8,190.3,500.0,500.0,0.0,0.0,0.0,0.3,1.77
9.2,196.3,6.19,39.8,363,190.0,189.8,190.3,500.0,500.0,0.0,0.0,0.0,0.3,1.78
8.9,196.3,6.19,39.8,364,190.0,189.8,190.3,500.0,500.0,0.0,0.0,0.0,0.3,1.79
8.9,196.3,6.19,40.0,365,190.0,189.8,190.3,500.0,500.0,0.0,0.0,0.0,0.3,1.79
8.9,196.3,6.19,40.0,366,190.0,189.8,190.3,500.0,500.0,0.0,0.0,0.0,0.3,1.80
8.7,196.4,6.19,40.0,367,190.0,189.9,190.3,500.0,500.0,0.0,0.0,0.0,0.3,1.80
8.6,196.4,6.19,40.2,368,190.0,190.0,190.3,500.0,500.0,0.0,0.0,0.0,0.3,1.81
8.6,196.4,6.19,40.2,369,190.0,190.0,190.3,500.0,500.0,0.0,0.0,0.0,0.3,1.82
8.7,196.4,6.19,40.2,370,190.0,190.0,190.3,500.0,500.0,0.0,0.0,0.0,0.3,1.82
8.6,196.4,6.19,40.2,371,190.0,190.0,190.3,500.0,500.0,0.0,0.0,0.0,0.3,1.83
8.8,196.4,6.19,40.2,372,190.0,190.0,190.3,500.0,500.0,0.0,0.0,0.0,0.3,1.83
8.8,196.5,6.19,40.0,373,190.0,190.0,190.3,500.0,500.0,0.0,0.0,0.0,0.3,1.84
8.8,196.6,6.19,40.0,374,190.0,190.0,190.3,500.0,500.0,0.0,0.0,0.0,0.3,1.84
8.7,196.6,6.19,40.0,375,190.0,190.0,190.3,500.0,500.0,0.0,0.0,0.0,0.3,1.85
8.6,196.6,6.19,39.8,376,190.0,190.0,190.3,500.0,500.0,0.0,0.0,0.0,0.3,1.86
8.7,196.6,6.19,39.8,377,190.0,190.0,190.3,500.0,500.0,0.0,0.0,0.0,0.3,1.86
8.5,196.6,6.19,39.8,378,190.0,190.0,190.3,500.0,500.0,0.0,0.0,0.0,0.3,1.87
8.6,196.6,6.19,39.8,379,190.0,190.0,190.3,500.0,500.0,0.0,0.0,0.0,0.3,1.87
8.7,196.7,6.19,39.8,380,190.0,190.0,190.3,500.0,500.0,0.0,0.0,0.0,0.3,1.88
8.7,196.7,6.19,40.0,381,190.0,190.0,190.3,500.0,500.0,0.0,0.0,0.0,0.3,1.88
8.5,196.7,6.19,40.0,382,190.0,190.1,190.3,500.0,500.0,0.0,0.0,0.0,0.3,1.89
8.7,196.7,6.19,40.0,383,190.0,190.2,190.3,500.0,500.0,0.0,0.0,0.0,0.3,1.90
8.7,196.7,6.19,39.8,384,190.0,190.3,190.3,500.0,500.0,0.0,0.0,0.0,0.3,1.90
8.6,196.7,6.19,39.8,385,190.0,190.3,190.3,500.0,500.0,0.0,0.0,0.0,0.3,1.91
9.1,196.7,6.19,39.8,386,190.0,190.3,190.3,500.0,500.0,0.0,0.0,0.0,0.3,1.91
9.0,196.8,6.19,39.8,387,190.0,190.3,190.3,500.0,500.0,0.0,0.0,0.0,0.3,1.92
9.2,196.8,6.19,39.8,388,190.0,190.3,190.3,500.0,500.0,0.0,0.0,0.0,0.3,1.93
9.4,196.8,6.19,40.0,389,190.0,190.3,190.3,500.0,500.0,0.0,0.0,0.0,0.3,1.93
9.4,196.8,6.19,40.0,390,190.0,190.2,190.3,500.0,500.0,0.0,0.0,0.0,0.3,1.94
9.2,196.8,6.19,40.0,391,190.0,190.1,190.3,500.0,500.0,0.0,0.0,0.0,0.3,1.94
9.2,196.8,6.19,39.8,392,190.0,190.1,190.3,500.0,500.0,0.0,0.0,0.0,0.3,1.95
9.1,196.9,6.19,39.8,393,190.0,190.1,190.3,500.0,500.0,0.0,0.0,0.0,0.3,1.96
9.1,196.9,6.19,39.8,394,190.0,190.0,190.3,500.0,500.0,0.0,0.0,0.0,0.3,1.96
9.2,196.9,6.19,39.8,395,190.0,190.0,190.3,500.0,500.0,0.0,0.0,0.0,0.3,1.97
9.2,196.9,6.19,39.8,396,190.0,190.0,190.3,500.0,500.0,0.0,0.0,0.0,0.3,1.97
9.6,196.9,6.19,40.0,397,190.0,190.0,190.3,500.0,500.0,0.0,0.0,0.0,0.3,1.98
9.4,196.9,6.19,40.0,398,190.0,190.0,190.3,500.0,500.0,0.0,0.0,0.0,0.3,1.99
9.6,197.0,6.19,40.0,399,190.0,190.0,190.2,500.0,500.0,0.0,0.0,0.0,0.3,1.99
9.5,197.0,6.19,39.8,400,190.0,190.0,190.2,500.0,500.0,0.0,0.0,0.0,0.3,2.00
9.5,197.0,6.19,39.8,401,190.0,190.0,190.2,500.0,500.0,0.0,0.0,0.0,0.3,2.01
9.3,197.0,6.19,39.8,402,190.0,190.0,190.2,500.0,500.0,0.0,0.0,0.0,0.3,2.01
9.6,197.0,6.19,39.8,403,190.0,190.0,190.2,500.0,500.0,0.0,0.0,0.0,0.3,2.02
9.3,197.0,6.19,39.8,404,190.0,190.0,190.2,500.0,500.0,0.0,0.0,0.0,0.3,2.03
9.2,197.0,6.19,40.0,405,190.0,190.0,190.2,500.0,500.0,0.0,0.0,0.0,0.3,2.03
9.2,197.1,6.19,40.0,406,190.0,190.0,190.2,500.0,500.0,0.0,0.0,0.0,0.3,2.04
9.0,197.1,6.19,39.8,407,190.0,190.0,190.2,500.0,500.0,0.0,0.0,0.0,0.3,2.04
8.9,197.1,6.19,39.8,408,190.0,189.9,190.2,500.0,500.0,0.0,0.0,0.0,0.3,2.05
8.8,197.1,6.19,39.6,409,190.0,189.9,190.2,500.0,500.0,0.0,0.0,0.0,0.3,2.06
9.0,197.1,6.19,39.6,410,190.0,189.9,190.2,500.0,500.0,0.0,0.0,0.0,0.3,2.06
8.8,197.1,6.19,39.6,411,190.0,189.9,190.2,500.0,500.0,0.0,0.0,0.0,0.3,2.07
9.1,197.1,6.19,39.8,412,190.0,189.9,190.2,500.0,500.0,0.0,0.0,0.0,0.3,2.07
9.0,197.1,6.19,39.8,413,190.0,189.9,190.2,500.0,500.0,0.0,0.0,0.0,0.3,2.08
9.3,197.1,6.19,40.0,414,190.0,190.0,190.1,500.0,500.0,0.0,0.0,0.0,0.3,2.09
9.3,197.1,6.19,40.0,415,190.0,190.0,190.1,500.0,500.0,0.0,0.0,0.0,0.3,2.09
9.2,197.1,6.19,39.8,416,190.0,190.0,190.1,500.0,500.0,0.0,0.0,0.0,0.3,2.10
9.2,197.2,6.19,40.0,417,190.0,190.0,190.1,500.0,500.0,0.0,0.0,0.0,0.3,2.10
9.1,197.2,6.19,39.8,418,190.0,190.0,190.1,500.0,500.0,0.0,0.0,0.0,0.3,2.11
9.0,197.2,6.19,39.8,419,190.0,190.0,190.1,500.0,500.0,0.0,0.0,0.0,0.3,2.12
9.1,197.2,6.19,39.8,420,190.0,190.0,190.1,500.0,500.0,0.0,0.0,0.0,0.3,2.12
9.2,197.2,6.19,40.0,421,190.0,190.0,190.1,500.0,500.0,0.0,0.0,0.0,0.3,2.13
9.1,197.2,6.19,39.8,422,190.0,190.0,190.0,500.0,500.0,0.0,0.0,0.0,0.3,2.13
9.4,197.2,6.19,40.0,423,190.0,190.0,190.0,500.0,500.0,0.0,0.0,0.0,0.3,2.14
9.4,197.2,6.19,39.8,424,190.0,190.1,190.0,500.0,500.0,0.0,0.0,0.0,0.3,2.15
9.4,197.3,6.19,39.8,425,190.0,190.1,190.0,500.0,500.0,0.0,0.0,0.0,0.3,2.15
9.8,197.3,6.19,39.8,426,190.0,190.1,190.0,500.0,500.0,0.0,0.0,0.0,0.3,2.16
9.7,197.2,6.19,39.8,427,190.0,190.2,190.0,500.0,500.0,0.0,0.0,0.0,0.3,2.17
9.7,197.2,6.19,39.8,428,190.0,190.4,190.0,500.0,500.0,0.0,0.0,0.0,0.3,2.17
9.8,197.3,6.19,40.0,429,190.0,190.5,190.0,500.0,500.0,0.0,0.0,0.0,0.3,2.18
9.6,197.3,6.19,40.0,430,190.0,190.5,190.0,500.0,500.0,0.0,0.0,0.0,0.3,2.18
9.6,197.3,6.19,39.8,431,190.0,190.5,190.0,500.0,500.0,0.0,0.0,0.0,0.3,2.19
9.6,197.3,6.19,40.0,432,190.0,190.5,190.0,500.0,500.0,0.0,0.0,0.0,0.3,2.20
9.6,197.3,6.19,40.0,433,190.0,190.5,190.0,500.0,500.0,0.0,0.0,0.0,0.3,2.20
9.7,197.3,6.19,40.0,434,190.0,190.6,190.0,500.0,500.0,0.0,0.0,0.0,0.3,2.21
9.8,197.4,6.19,40.0,435,190.0,190.6,190.0,500.0,500.0,0.0,0.0,0.0,0.3,2.22
9.7,197.4,6.19,40.2,436,190.0,190.6,190.0,500.0,500.0,0.0,0.0,0.0,0.3,2.22
9.7,197.4,6.19,40.0,437,190.0,190.6,190.0,500.0,500.0,0.0,0.0,0.0,0.3,2.23
9.8,197.4,6.19,40.0,438,190.0,190.6,190.0,500.0,500.0,0.0,0.0,0.0,0.3,2.24
9.5,197.4,6.19,40.0,439,190.0,190.6,190.0,500.0,500.0,0.0,0.0,0.0,0.3,2.24
9.6,197.5,6.19,39.8,440,190.0,190.4,190.0,500.0,500.0,0.0,0.0,0.0,0.3,2.25
9.4,197.5,6.19,39.8,441,190.0,190.2,190.0,500.0,500.0,0.0,0.0,0.0,0.3,2.26
9.5,197.5,6.19,39.8,442,190.0,190.2,190.0,500.0,500.0,0.0,0.0,0.0,0.3,2.26
9.4,197.5,6.19,39.8,443,190.0,190.2,190.0,500.0,500.0,0.0,0.0,0.0,0.3,2.27
9.5,197.5,6.19,39.8,444,190.0,190.2,190.0,500.0,500.0,0.0,0.0,0.0,0.3,2.27
9.6,197.5,6.19,40.0,445,190.0,190.0,190.0,500.0,500.0,0.0,0.0,0.0,0.3,2.28
9.6,197.5,6.19,40.0,446,190.0,190.0,190.0,500.0,500.0,0.0,0.0,0.0,0.3,2.29
9.5,197.5,6.19,40.0,447,190.0,190.0,190.0,500.0,500.0,0.0,0.0,0.0,0.3,2.29
9.3,197.5,6.19,40.0,448,190.0,190.0,190.0,500.0,500.0,0.0,0.0,0.0,0.3,2.30
9.3,197.5,6.19,39.8,449,190.0,190.0,190.0,500.0,500.0,0.0,0.0,0.0,0.3,2.31
9.0,197.5,6.19,39.8,450,190.0,190.0,190.0,500.0,500.0,0.0,0.0,0.0,0.3,2.31
9.1,197.6,6.19,39.8,451,190.0,190.0,190.0,500.0,500.0,0.0,0.0,0.0,0.3,2.32
9.2,197.6,6.19,39.8,452,190.0,190.0,190.0,500.0,500.0,0.0,0.0,0.0,0.3,2.32
9.2,197.7,6.19,39.8,453,190.0,190.0,190.0,500.0,500.0,0.0,0.0,0.0,0.3,2.33
9.3,197.7,6.19,40.0,454,190.0,190.0,190.0,500.0,500.0,0.0,0.0,0.0,0.3,2.34
9.5,197.7,6.19,40.0,455,190.0,190.0,190.0,500.0,500.0,0.0,0.0,0.0,0.3,2.34
9.4,197.7,6.19,39.8,456,190.0,190.0,190.0,500.0,500.0,0.0,0.0,0.0,0.3,2.35
9.5,197.7,6.19,39.8,457,190.0,190.0,190.0,500.0,500.0,0.0,0.0,0.0,0.3,2.36
9.6,197.7,6.19,39.8,458,190.0,190.0,190.0,500.0,500.0,0.0,0.0,0.0,0.3,2.36
9.6,197.7,6.19,39.8,459,190.0,190.0,190.0,500.0,500.0,0.0,0.0,0.0,0.3,2.37
9.4,197.8,6.19,39.8,460,190.0,190.0,190.0,500.0,500.0,0.0,0.0,0.0,0.3,2.37
9.6,197.8,6.19,40.0,461,190.0,190.0,190.0,500.0,500.0,0.0,0.0,0.0,0.3,2.38
9.5,197.8,6.19,40.0,462,190.0,190.0,190.1,500.0,500.0,0.0,0.0,0.0,0.3,2.39
9.6,197.8,6.19,40.0,463,190.0,190.0,190.1,500.0,500.0,0.0,0.0,0.0,0.3,2.39
9.5,197.8,6.19,39.8,464,190.0,190.0,190.1,500.0,500.0,0.0,0.0,0.0,0.3,2.40
9.7,197.8,6.19,39.8,465,190.0,190.0,190.1,500.0,500.0,0.0,0.0,0.0,0.3,2.41
9.8,197.8,6.19,39.8,466,190.0,190.0,190.1,500.0,500.0,0.0,0.0,0.0,0.3,2.41
9.7,197.8,6.19,39.8,467,190.0,190.1,190.1,500.0,500.0,0.0,0.0,0.0,0.3,2.42
9.9,197.8,6.19,39.8,468,190.0,190.3,190.1,500.0,500.0,0.0,0.0,0.0,0.3,2.43
10.1,197.9,6.19,40.0,469,190.0,190.4,190.1,500.0,500.0,0.0,0.0,0.0,0.3,2.43
9.8,197.9,6.19,40.0,470,190.0,190.4,190.1,500.0,500.0,0.0,0.0,0.0,0.3,2.44
9.9,197.9,6.19,39.8,471,190.0,190.4,190.1,500.0,500.0,0.0,0.0,0.0,0.3,2.45
10.0,197.9,6.19,40.0,472,190.0,190.4,190.1,500.0,500.0,0.0,0.0,0.0,0.3,2.45
9.9,197.9,6.19,40.0,473,190.0,190.5,190.1,500.0,500.0,0.0,0.0,0.0,0.3,2.46
9.9,197.9,6.19,40.0,474,190.0,190.7,190.1,500.0,500.0,0.0,0.0,0.0,0.3,2.47
10.0,197.9,6.19,40.0,475,190.0,190.7,190.1,500.0,500.0,0.0,0.0,0.0,0.3,2.47
9.8,197.9,6.19,40.2,476,190.0,190.7,190.1,500.0,500.0,0.0,0.0,0.0,0.3,2.48
9.8,198.0,6.19,40.0,477,190.0,190.7,190.1,500.0,500.0,0.0,0.0,0.0,0.3,2.48
9.8,198.0,6.19,40.0,478,190.0,190.7,190.1,500.0,500.0,0.0,0.0,0.0,0.3,2.49
9.7,198.0,6.19,40.0,479,190.0,190.7,190.1,500.0,500.0,0.0,0.0,0.0,0.3,2.50
10.0,198.0,6.19,39.8,480,190.0,190.7,190.1,500.0,500.0,0.0,0.0,0.0,0.3,2.50
9.7,198.0,6.19,39.8,481,190.0,190.7,190.2,500.0,500.0,0.0,0.0,0.0,0.3,2.51
9.8,198.0,6.19,39.8,482,190.0,190.7,190.2,500.0,500.0,0.0,0.0,0.0,0.3,2.52
9.9,198.0,6.19,39.8,483,190.0,190.7,190.2,500.0,500.0,0.0,0.0,0.0,0.3,2.52
9.8,198.1,6.19,39.8,484,190.0,190.5,190.2,500.0,500.0,0.0,0.0,0.0,0.3,2.53
9.7,198.1,6.19,40.0,485,190.0,190.4,190.2,500.0,500.0,0.0,0.0,0.0,0.3,2.54
9.9,198.1,6.19,40.0,486,190.0,190.4,190.2,500.0,500.0,0.0,0.0,0.0,0.3,2.54
9.9,198.2,6.19,40.0,487,190.0,190.4,190.2,500.0,500.0,0.0,0.0,0.0,0.3,2.55
9.7,198.2,6.19,40.0,488,190.0,190.3,190.2,500.0,500.0,0.0,0.0,0.0,0.3,2.56
9.8,198.2,6.19,39.8,489,190.0,190.1,190.2,500.0,500.0,0.0,0.0,0.0,0.3,2.56
9.6,198.3,6.19,39.8,490,190.0,190.0,190.3,500.0,500.0,0.0,0.0,0.0,0.3,2.57
9.7,198.3,6.19,39.8,491,190.0,190.0,190.3,500.0,500.0,0.0,0.0,0.0,0.3,2.58
9.8,198.3,6.19,39.8,492,190.0,190.0,190.3,500.0,500.0,0.0,0.0,0.0,0.3,2.58
9.6,198.3,6.19,39.8,493,190.0,190.0,190.3,500.0,500.0,0.0,0.0,0.0,0.3,2.59
9.9,198.3,6.19,40.0,494,190.0,190.0,190.3,500.0,500.0,0.0,0.0,0.0,0.3,2.60
9.7,198.3,6.19,39.8,495,190.0,190.0,190.3,500.0,500.0,0.0,0.0,0.0,0.3,2.60
9.8,198.3,6.19,40.0,496,190.0,190.0,190.3,500.0,500.0,0.0,0.0,0.0,0.3,2.61
9.6,198.3,6.19,39.8,497,190.0,190.0,190.3,500.0,500.0,0.0,0.0,0.0,0.3,2.61
9.8,198.4,6.19,39.8,498,190.0,190.0,190.3,500.0,500.0,0.0,0.0,0.0,0.3,2.62
9.7,198.4,6.19,39.8,499,190.0,190.0,190.3,500.0,500.0,0.0,0.0,0.0,0.3,2.63
9.8,198.4,6.19,40.0,500,190.0,190.0,190.3,500.0,500.0,0.0,0.0,0.0,0.3,2.63
9.7,198.4,6.19,39.8,501,190.0,190.0,190.3,500.0,500.0,0.0,0.0,0.0,0.3,2.64
9.7,198.4,6.19,40.0,502,190.0,190.0,190.3,500.0,500.0,0.0,0.0,0.0,0.3,2.65
9.9,198.4,6.19,40.0,503,190.0,190.0,190.3,500.0,500.0,0.0,0.0,0.0,0.3,2.65
9.7,198.4,6.19,39.8,504,190.0,190.0,190.3,500.0,500.0,0.0,0.0,0.0,0.3,2.66
9.9,198.4,6.19,39.8,505,190.0,190.0,190.2,500.0,500.0,0.0,0.0,0.0,0.3,2.67
10.0,198.4,6.19,39.8,506,190.0,190.0,190.2,500.0,500.0,0.0,0.0,0.0,0.3,2.67
9.8,198.4,6.19,39.8,507,190.0,190.0,190.2,500.0,500.0,0.0,0.0,0.0,0.3,2.68
9.9,198.4,6.19,39.8,508,190.0,190.0,190.2,500.0,500.0,0.0,0.0,0.0,0.3,2.69
10.2,198.4,6.19,40.0,509,190.0,190.0,190.2,500.0,500.0,0.0,0.0,0.0,0.3,2.69
10.3,198.4,6.19,40.0,510,190.0,190.0,190.2,500.0,500.0,0.0,0.0,0.0,0.3,2.70
10.2,198.4,6.19,40.0,511,190.0,190.0,190.2,500.0,500.0,0.0,0.0,0.0,0.3,2.71
10.4,198.4,6.19,40.0,512,190.0,190.0,190.2,500.0,500.0,0.0,0.0,0.0,0.3,2.71
10.2,198.4,6.19,39.8,513,190.0,190.0,190.2,500.0,500.0,0.0,0.0,0.0,0.3,2.72
10.1,198.4,6.19,39.8,514,190.0,190.0,190.2,500.0,500.0,0.0,0.0,0.0,0.3,2.73
9.9,198.4,6.19,39.8,515,190.0,190.0,190.2,500.0,500.0,0.0,0.0,0.0,0.3,2.73
9.8,198.4,6.19,39.8,516,190.0,190.0,190.2,500.0,500.0,0.0,0.0,0.0,0.3,2.74
10.0,198.5,6.19,39.8,517,190.0,190.0,190.2,500.0,500.0,0.0,0.0,0.0,0.3,2.75
9.8,198.5,6.19,40.0,518,190.0,190.0,190.1,500.0,500.0,0.0,0.0,0.0,0.3,2.75
9.9,198.5,6.19,40.0,519,190.0,190.0,190.1,500.0,500.0,0.0,0.0,0.0,0.3,2.76
10.1,198.5,6.19,39.8,520,190.0,190.0,190.1,500.0,500.0,0.0,0.0,0.0,0.3,2.77
10.1,198.5,6.19,39.8,521,190.0,190.0,190.1,500.0,500.0,0.0,0.0,0.0,0.3,2.77
10.0,198.5,6.19,39.8,522,190.0,190.0,190.1,500.0,500.0,0.0,0.0,0.0,0.3,2.78
10.1,198.5,6.19,39.8,523,190.0,190.0,190.1,500.0,500.0,0.0,0.0,0.0,0.3,2.79
10.0,198.5,6.19,39.8,524,190.0,190.1,190.1,500.0,500.0,0.0,0.0,0.0,0.3,2.79
9.9,198.5,6.19,40.0,525,190.0,190.2,190.0,500.0,500.0,0.0,0.0,0.0,0.3,2.80
10.0,198.5,6.19,40.0,526,190.0,190.2,190.0,500.0,500.0,0.0,0.0,0.0,0.3,2.81
10.0,198.5,6.19,40.2,527,190.0,190.2,190.0,500.0,500.0,0.0,0.0,0.0,0.3,2.81
10.1,198.5,6.19,40.0,528,190.0,190.2,190.0,500.0,500.0,0.0,0.0,0.0,0.3,2.82
10.0,198.5,6.19,40.0,529,190.0,190.2,190.0,500.0,500.0,0.0,0.0,0.0,0.3,2.83
9.9,198.5,6.19,40.0,530,190.0,190.2,190.0,500.0,500.0,0.0,0.0,0.0,0.3,2.83
9.9,198.5,6.19,40.0,531,190.0,190.2,190.0,500.0,500.0,0.0,0.0,0.0,0.3,2.84
9.7,198.5,6.19,39.8,532,190.0,190.2,190.0,500.0,500.0,0.0,0.0,0.0,0.3,2.85
9.6,198.5,6.19,40.0,533,190.0,190.2,190.0,500.0,500.0,0.0,0.0,0.0,0.3,2.85
9.7,198.6,6.19,40.0,534,190.0,190.2,190.0,500.0,500.0,0.0,0.0,0.0,0.3,2.86
9.8,198.6,6.19,39.8,535,190.0,190.1,190.0,500.0,500.0,0.0,0.0,0.0,0.3,2.87
9.8,198.6,6.19,39.8,536,190.0,190.0,190.0,500.0,500.0,0.0,0.0,0.0,0.3,2.87
10.0,198.6,6.19,39.8,537,190.0,190.0,190.0,500.0,500.0,0.0,0.0,0.0,0.3,2.88
9.9,198.6,6.19,39.8,538,190.0,190.0,190.0,500.0,500.0,0.0,0.0,0.0,0.3,2.89
10.0,198.6,6.19,39.8,539,190.0,190.0,190.0,500.0,500.0,0.0,0.0,0.0,0.3,2.89
9.9,198.6,6.19,40.0,540,190.0,190.0,190.0,500.0,500.0,0.0,0.0,0.0,0.3,2.90
10.0,198.6,6.19,40.0,541,190.0,190.0,190.0,500.0,500.0,0.0,0.0,0.0,0.3,2.91
10.0,198.6,6.19,40.0,542,190.0,190.0,190.0,500.0,500.0,0.0,0.0,0.0,0.3,2.91
10.1,198.7,6.19,40.0,543,190.0,190.0,190.0,500.0,500.0,0.0,0.0,0.0,0.3,2.92
10.1,198.7,6.19,39.8,544,190.0,190.0,190.0,500.0,500.0,0.0,0.0,0.0,0.3,2.93
10.2,198.7,6.19,39.8,545,190.0,190.0,190.0,500.0,500.0,0.0,0.0,0.0,0.3,2.93
10.3,198.7,6.19,39.8,546,190.0,190.0,190.0,500.0,500.0,0.0,0.0,0.0,0.3,2.94
10.0,198.7,6.19,39.8,547,190.0,190.0,190.0,500.0,500.0,0.0,0.0,0.0,0.3,2.95
10.2,198.7,6.19,39.8,548,190.0,190.0,190.0,500.0,500.0,0.0,0.0,0.0,0.3,2.95
10.4,198.7,6.19,40.0,549,190.0,190.0,190.0,500.0,500.0,0.0,0.0,0.0,0.3,2.96
10.2,198.6,6.19,40.0,550,190.0,190.0,190.0,500.0,500.0,0.0,0.0,0.0,0.3,2.97
10.2,198.6,6.19,40.0,551,190.0,190.0,190.0,500.0,500.0,0.0,0.0,0.0,0.3,2.97
10.5,198.6,6.19,40.0,552,190.0,190.0,190.0,500.0,500.0,0.0,0.0,0.0,0.3,2.98
10.3,198.6,6.19,40.0,553,190.0,189.9,190.0,500.0,500.0,0.0,0.0,0.0,0.3,2.99
10.1,198.6,6.19,40.0,554,190.0,189.9,190.0,500.0,500.0,0.0,0.0,0.0,0.3,2.99
10.3,198.6,6.19,40.0,555,190.0,189.9,190.0,500.0,500.0,0.0,0.0,0.0,0.3,3.00
10.1,198.7,6.19,40.0,556,190.0,189.9,190.0,500.0,500.0,0.0,0.0,0.0,0.3,3.01
10.1,198.7,6.19,40.0,557,190.0,189.9,190.0,500.0,500.0,0.0,0.0,0.0,0.3,3.01
9.9,198.7,6.19,40.2,558,190.0,189.9,190.0,500.0,500.0,0.0,0.0,0.0,0.3,3.02
10.0,198.7,6.19,40.0,559,190.0,189.9,190.0,500.0,500.0,0.0,0.0,0.0,0.3,3.03
10.2,198.7,6.19,40.0,560,190.0,189.9,190.0,500.0,500.0,0.0,0.0,0.0,0.3,3.03
10.0,198.7,6.19,40.0,561,190.0,189.9,190.0,500.0,500.0,0.0,0.0,0.0,0.3,3.04
10.1,198.7,6.19,40.0,562,190.0,190.0,190.0,500.0,500.0,0.0,0.0,0.0,0.3,3.05
10.2,198.7,6.19,39.8,563,190.0,190.0,190.0,500.0,500.0,0.0,0.0,0.0,0.3,3.05
10.1,198.7,6.19,40.0,564,190.0,190.0,190.0,500.0,500.0,0.0,0.0,0.0,0.3,3.06
10.0,198.7,6.19,39.8,565,190.0,190.0,190.0,500.0,500.0,0.0,0.0,0.0,0.3,3.07
10.1,198.7,6.19,39.8,566,190.0,190.0,190.0,500.0,500.0,0.0,0.0,0.0,0.3,3.07
10.0,198.7,6.19,39.8,567,190.0,190.0,190.0,500.0,500.0,0.0,0.0,0.0,0.3,3.08
10.0,198.7,6.19,39.8,568,190.0,190.0,190.0,500.0,500.0,0.0,0.0,0.0,0.3,3.09
10.0,198.7,6.19,39.8,569,190.0,190.0,190.0,500.0,500.0,0.0,0.0,0.0,0.3,3.09
9.9,198.7,6.19,40.0,570,190.0,190.0,190.0,500.0,500.0,0.0,0.0,0.0,0.3,3.10
10.0,198.8,6.19,40.0,571,190.0,190.0,190.0,500.0,500.0,0.0,0.0,0.0,0.3,3.11
9.8,198.8,6.19,39.8,572,190.0,190.0,190.0,500.0,500.0,0.0,0.0,0.0,0.3,3.11
9.8,198.8,6.19,40.0,573,190.0,190.0,190.0,500.0,500.0,0.0,0.0,0.0,0.3,3.12
9.8,198.8,6.19,40.0,574,190.0,190.0,190.0,500.0,500.0,0.0,0.0,0.0,0.3,3.13
9.8,198.8,6.19,40.0,575,190.0,190.0,190.0,500.0,500.0,0.0,0.0,0.0,0.3,3.13
9.7,198.9,6.19,40.0,576,190.0,190.0,190.0,500.0,500.0,0.0,0.0,0.0,0.3,3.14
9.9,198.9,6.19,40.2,577,190.0,190.0,190.0,500.0,500.0,0.0,0.0,0.0,0.3,3.15
10.0,198.9,6.19,40.0,578,190.0,190.0,190.0,500.0,500.0,0.0,0.0,0.0,0.3,3.15
9.9,198.9,6.19,40.0,579,190.0,190.0,190.0,500.0,500.0,0.0,0.0,0.0,0.3,3.16
10.0,198.9,6.19,40.0,580,190.0,190.0,190.0,500.0,500.0,0.0,0.0,0.0,0.3,3.17
10.0,198.9,6.19,39.8,581,190.0,190.0,190.0,500.0,500.0,0.0,0.0,0.0,0.3,3.17
10.1,198.9,6.19,39.8,582,190.0,190.0,190.0,500.0,500.0,0.0,0.0,0.0,0.3,3.18
9.9,198.9,6.19,39.8,583,190.0,190.0,190.0,500.0,500.0,0.0,0.0,0.0,0.3,3.19
10.0,198.9,6.19,39.8,584,190.0,190.0,190.0,500.0,500.0,0.0,0.0,0.0,0.3,3.19
10.2,198.9,6.19,39.8,585,190.0,190.0,190.0,500.0,500.0,0.0,0.0,0.0,0.3,3.20
10.1,198.9,6.19,40.0,586,190.0,190.0,190.0,500.0,500.0,0.0,0.0,0.0,0.3,3.21
10.0,198.9,6.19,40.0,587,190.0,190.0,190.0,500.0,500.0,0.0,0.0,0.0,0.3,3.21
10.2,198.9,6.19,40.0,588,190.0,190.0,190.0,500.0,500.0,0.0,0.0,0.0,0.3,3.22
10.3,198.9,6.19,40.0,589,190.0,190.0,190.0,500.0,500.0,0.0,0.0,0.0,0.3,3.23
9.9,198.9,6.19,39.8,590,190.0,190.0,190.0,500.0,500.0,0.0,0.0,0.0,0.3,3.23
10.2,198.9,6.19,39.8,591,190.0,190.0,190.0,500.0,500.0,0.0,0.0,0.0,0.3,3.24
10.3,198.9,6.19,39.8,592,190.0,190.0,190.0,500.0,500.0,0.0,0.0,0.0,0.3,3.25
10.2,199.0,6.19,39.8,593,190.0,190.0,190.0,500.0,500.0,0.0,0.0,0.0,0.3,3.25
10.1,199.0,6.19,39.8,594,190.0,190.0,190.0,500.0,500.0,0.0,0.0,0.0,0.3,3.26
10.3,198.9,6.19,40.0,595,190.0,190.0,190.0,500.0,500.0,0.0,0.0,0.0,0.3,3.27
10.1,198.9,6.19,40.0,596,190.0,190.0,190.0,500.0,500.0,0.0,0.0,0.0,0.3,3.27
10.1,198.9,6.19,39.8,597,190.0,190.0,190.0,500.0,500.0,0.0,0.0,0.0,0.3,3.28
10.0,198.9,6.19,39.8,598,190.0,190.0,190.0,500.0,500.0,0.0,0.0,0.0,0.3,3.29
10.2,198.9,6.19,39.8,599,190.0,190.0,190.0,500.0,500.0,0.0,0.0,0.0,0.3,3.29
10.0,199.0,6.19,39.8,600,190.0,190.0,190.0,500.0,500.0,0.0,0.0,0.0,0.3,3.30
10.0,199.0,6.19,39.8,601,190.0,190.0,190.1,500.0,500.0,0.0,0.0,0.0,0.3,3.31
