扭矩,料温,压力,转速,时间,温度1,温度2,温度3,温度4,温度5,温度6,温度7,温度8,顶栓,能量
1.7,188.1,6.19,0.0,0,189.9,190.0,189.6,500.0,500.0,0.0,0.0,0.0,0.3,0.00
1.6,188.2,6.19,0.4,1,189.9,190.0,189.6,500.0,500.0,0.0,0.0,0.0,0.3,0.00
1.6,188.2,6.19,5.0,2,189.9,190.0,189.6,500.0,500.0,0.0,0.0,0.0,0.3,0.00
1.5,188.2,6.19,16.4,3,189.9,189.9,189.6,500.0,500.0,0.0,0.0,0.0,0.3,0.00
1.4,188.1,6.19,32.2,4,189.9,189.9,189.6,500.0,500.0,0.0,0.0,0.0,0.3,0.00
1.3,187.6,6.19,48.2,5,189.9,189.9,189.5,500.0,500.0,0.0,0.0,0.0,0.3,0.00
1.2,186.8,6.19,63.6,6,189.9,189.8,189.5,500.0,500.0,0.0,0.0,0.0,0.3,0.00
1.3,186.1,6.19,74.8,7,189.9,189.8,189.5,500.0,500.0,0.0,0.0,0.0,0.3,0.01
4.9,185.6,6.19,79.2,8,190.0,189.8,189.5,500.0,500.0,0.0,0.0,0.0,0.3,0.01
12.6,184.8,6.19,79.4,9,190.0,189.8,189.5,500.0,500.0,0.0,0.0,0.0,0.3,0.03
17.9,182.5,6.19,79.2,10,190.0,189.8,189.5,500.0,500.0,0.0,0.0,0.0,0.3,0.05
22.8,179.1,6.19,79.4,11,190.0,189.8,189.5,500.0,500.0,0.0,0.0,0.0,0.3,0.08
26.9,174.7,6.19,79.6,12,190.0,189.9,189.5,500.0,500.0,0.0,0.0,0.0,0.3,0.12
27.4,171.2,6.19,79.6,13,190.0,190.0,189.5,500.0,500.0,0.0,0.0,0.0,0.3,0.15
24.5,168.3,6.19,79.6,14,190.0,190.0,189.5,500.0,500.0,0.0,0.0,0.0,0.3,0.19
24.1,166.5,6.20,79.8,15,190.0,190.0,189.5,500.0,500.0,0.0,0.0,0.0,0.3,0.22
24.6,165.1,6.20,79.8,16,190.0,190.0,189.5,500.0,500.0,0.0,0.0,0.0,0.3,0.25
25.1,164.1,6.20,79.6,17,190.0,190.0,189.5,500.0,500.0,0.0,0.0,0.0,0.3,0.28
26.6,163.5,6.20,79.8,18,190.0,190.0,189.5,500.0,500.0,0.0,0.0,0.0,0.3,0.32
26.9,163.0,6.20,79.8,19,190.0,190.0,189.5,500.0,500.0,0.0,0.0,0.0,0.3,0.36
26.8,162.9,6.20,79.6,20,190.0,190.0,189.5,500.0,500.0,0.0,0.0,0.0,0.3,0.39
25.9,163.0,6.20,79.6,21,190.0,190.0,189.5,500.0,500.0,0.0,0.0,0.0,0.3,0.43
25.9,163.4,6.20,79.8,22,189.9,190.0,189.4,500.0,500.0,0.0,0.0,0.0,0.3,0.46
24.5,163.8,6.20,79.6,23,189.8,190.0,189.4,500.0,500.0,0.0,0.0,0.0,0.3,0.49
23.2,164.3,6.20,79.6,24,189.8,190.0,189.4,500.0,500.0,0.0,0.0,0.0,0.3,0.52
21.9,164.9,6.19,79.8,25,189.8,190.0,189.4,500.0,500.0,0.0,0.0,0.0,0.3,0.55
20.1,165.5,6.19,79.8,26,189.8,190.0,189.4,500.0,500.0,0.0,0.0,0.0,0.3,0.58
18.0,166.2,6.19,79.6,27,189.8,190.0,189.4,500.0,500.0,0.0,0.0,0.0,0.3,0.60
16.6,166.8,6.19,79.8,28,189.7,190.0,189.3,500.0,500.0,0.0,0.0,0.0,0.3,0.63
15.1,167.5,6.20,79.8,29,189.6,190.0,189.3,500.0,500.0,0.0,0.0,0.0,0.3,0.65
14.1,168.2,6.20,79.6,30,189.6,190.0,189.2,500.0,500.0,0.0,0.0,0.0,0.3,0.66
13.5,168.8,6.20,79.6,31,189.6,190.0,189.2,500.0,500.0,0.0,0.0,0.0,0.3,0.68
12.8,169.5,6.20,79.8,32,189.5,190.0,189.2,500.0,500.0,0.0,0.0,0.0,0.3,0.70
11.9,170.3,6.20,79.8,33,189.5,190.0,189.2,500.0,500.0,0.0,0.0,0.0,0.3,0.71
11.5,171.2,6.19,79.6,34,189.5,190.0,189.2,500.0,500.0,0.0,0.0,0.0,0.3,0.73
10.7,171.9,6.19,79.8,35,189.5,190.0,189.2,500.0,500.0,0.0,0.0,0.0,0.3,0.74
10.5,172.4,6.19,79.8,36,189.4,190.0,189.1,500.0,500.0,0.0,0.0,0.0,0.3,0.76
10.4,173.0,6.20,79.6,37,189.4,190.0,189.1,500.0,500.0,0.0,0.0,0.0,0.3,0.77
10.3,173.7,6.19,79.6,38,189.4,190.0,189.1,500.0,500.0,0.0,0.0,0.0,0.3,0.79
10.2,174.4,6.20,79.8,39,189.4,190.0,189.1,500.0,500.0,0.0,0.0,0.0,0.3,0.80
10.1,175.2,6.19,79.6,40,189.4,189.9,189.1,500.0,500.0,0.0,0.0,0.0,0.3,0.81
9.9,175.9,6.19,79.6,41,189.4,189.9,189.1,500.0,500.0,0.0,0.0,0.0,0.3,0.83
10.0,176.6,6.19,79.8,42,189.4,189.9,189.1,500.0,500.0,0.0,0.0,0.0,0.3,0.84
10.0,177.1,6.19,79.6,43,189.4,189.9,189.1,500.0,500.0,0.0,0.0,0.0,0.3,0.85
10.0,177.5,6.19,79.6,44,189.4,189.9,189.1,500.0,500.0,0.0,0.0,0.0,0.3,0.87
10.1,177.9,6.19,79.8,45,189.5,189.9,189.1,500.0,500.0,0.0,0.0,0.0,0.3,0.88
10.1,178.5,6.19,79.6,46,189.6,189.9,189.2,500.0,500.0,0.0,0.0,0.0,0.3,0.89
10.0,179.0,6.19,79.6,47,189.6,189.8,189.2,500.0,500.0,0.0,0.0,0.0,0.3,0.91
10.1,179.5,6.19,79.8,48,189.6,189.7,189.2,500.0,500.0,0.0,0.0,0.0,0.3,0.92
10.2,180.0,6.19,79.8,49,189.6,189.7,189.2,500.0,500.0,0.0,0.0,0.0,0.3,0.93
10.3,180.5,6.19,79.6,50,189.6,189.7,189.2,500.0,500.0,0.0,0.0,0.0,0.3,0.95
10.5,180.9,6.19,79.8,51,189.6,189.6,189.2,500.0,500.0,0.0,0.0,0.0,0.3,0.96
10.5,181.3,6.19,79.8,52,189.7,189.6,189.2,500.0,500.0,0.0,0.0,0.0,0.3,0.97
10.4,181.7,6.19,79.6,53,189.7,189.6,189.2,500.0,500.0,0.0,0.0,0.0,0.3,0.99
10.3,182.1,6.19,79.6,54,189.7,189.6,189.2,500.0,500.0,0.0,0.0,0.0,0.3,1.00
10.5,182.5,6.19,79.8,55,189.7,189.6,189.2,500.0,500.0,0.0,0.0,0.0,0.3,1.02
10.5,182.9,6.19,79.8,56,189.7,189.6,189.2,500.0,500.0,0.0,0.0,0.0,0.3,1.03
10.7,183.2,6.19,79.6,57,189.8,189.6,189.2,500.0,500.0,0.0,0.0,0.0,0.3,1.04
10.7,183.5,6.19,79.8,58,189.8,189.6,189.2,500.0,500.0,0.0,0.0,0.0,0.3,1.06
10.8,183.8,6.19,79.8,59,189.8,189.6,189.2,500.0,500.0,0.0,0.0,0.0,0.3,1.07
10.8,184.2,6.19,79.6,60,189.9,189.7,189.2,500.0,500.0,0.0,0.0,0.0,0.3,1.09
10.8,184.5,6.19,79.6,61,190.0,189.8,189.2,500.0,500.0,0.0,0.0,0.0,0.3,1.10
11.0,184.9,6.19,79.8,62,190.0,189.9,189.2,500.0,500.0,0.0,0.0,0.0,0.3,1.12
11.0,185.2,6.19,79.6,63,190.0,189.9,189.3,500.0,500.0,0.0,0.0,0.0,0.3,1.13
11.1,185.5,6.19,79.6,64,190.0,189.9,189.4,500.0,500.0,0.0,0.0,0.0,0.3,1.15
11.4,185.8,6.19,79.8,65,190.0,190.0,189.4,500.0,500.0,0.0,0.0,0.0,0.3,1.16
11.7,186.1,6.19,79.6,66,190.0,190.0,189.4,500.0,500.0,0.0,0.0,0.0,0.3,1.18
11.7,186.4,6.19,79.6,67,190.0,190.0,189.4,500.0,500.0,0.0,0.0,0.0,0.3,1.19
12.0,186.6,6.19,79.8,68,190.0,190.0,189.5,500.0,500.0,0.0,0.0,0.0,0.3,1.21
12.0,186.9,6.19,79.8,69,190.0,190.0,189.6,500.0,500.0,0.0,0.0,0.0,0.3,1.22
11.9,187.1,6.19,79.6,70,190.0,190.0,189.6,500.0,500.0,0.0,0.0,0.0,0.3,1.24
11.9,187.3,6.19,79.8,71,190.0,190.0,189.6,500.0,500.0,0.0,0.0,0.0,0.3,1.26
11.8,187.5,6.19,79.8,72,190.0,190.0,189.6,500.0,500.0,0.0,0.0,0.0,0.3,1.27
11.7,187.8,6.19,79.6,73,190.0,190.0,189.7,500.0,500.0,0.0,0.0,0.0,0.3,1.29
11.7,188.0,6.19,79.6,74,190.0,190.0,189.8,500.0,500.0,0.0,0.0,0.0,0.3,1.30
11.8,188.2,6.19,79.8,75,190.0,190.0,189.8,500.0,500.0,0.0,0.0,0.0,0.3,1.32
11.8,188.4,6.19,79.8,76,190.0,190.0,189.8,500.0,500.0,0.0,0.0,0.0,0.3,1.33
11.9,188.6,6.19,79.6,77,190.0,190.0,189.8,500.0,500.0,0.0,0.0,0.0,0.3,1.35
11.9,188.9,6.19,79.8,78,190.0,190.0,189.8,500.0,500.0,0.0,0.0,0.0,0.3,1.37
12.2,189.1,6.19,79.8,79,190.0,190.0,189.8,500.0,500.0,0.0,0.0,0.0,0.3,1.38
12.1,189.3,6.19,79.6,80,190.0,190.0,189.8,500.0,500.0,0.0,0.0,0.0,0.3,1.40
12.1,189.5,6.19,79.6,81,190.0,190.0,189.9,500.0,500.0,0.0,0.0,0.0,0.3,1.41
12.2,189.6,6.19,79.8,82,190.0,190.0,190.0,500.0,500.0,0.0,0.0,0.0,0.3,1.43
12.1,189.8,6.19,79.6,83,190.0,190.0,190.0,500.0,500.0,0.0,0.0,0.0,0.3,1.45
11.9,190.0,6.19,79.6,84,190.0,190.0,190.0,500.0,500.0,0.0,0.0,0.0,0.3,1.46
11.9,190.1,6.19,79.8,85,190.0,190.0,190.0,500.0,500.0,0.0,0.0,0.0,0.3,1.48
11.7,190.3,6.19,79.6,86,190.0,190.0,190.0,500.0,500.0,0.0,0.0,0.0,0.3,1.49
11.6,190.5,6.19,79.6,87,190.1,190.0,190.0,500.0,500.0,0.0,0.0,0.0,0.3,1.51
11.5,190.6,6.19,79.8,88,190.1,190.0,190.0,500.0,500.0,0.0,0.0,0.0,0.3,1.52
11.4,190.8,6.19,79.8,89,190.1,190.0,190.0,500.0,500.0,0.0,0.0,0.0,0.3,1.54
11.5,190.9,6.18,79.6,90,190.1,190.0,190.0,500.0,500.0,0.0,0.0,0.0,0.3,1.55
11.5,191.1,6.18,79.8,91,190.1,190.0,190.0,500.0,500.0,0.0,0.0,0.0,0.3,1.57
11.5,191.3,6.18,79.8,92,190.1,190.0,190.0,500.0,500.0,0.0,0.0,0.0,0.3,1.58
11.6,191.4,6.18,79.6,93,190.2,190.0,190.0,500.0,500.0,0.0,0.0,0.0,0.3,1.60
11.7,191.6,6.18,79.6,94,190.2,190.0,190.0,500.0,500.0,0.0,0.0,0.0,0.3,1.62
11.8,191.7,6.19,79.8,95,190.2,190.0,190.0,500.0,500.0,0.0,0.0,0.0,0.3,1.63
12.0,191.9,6.19,79.8,96,190.2,190.0,190.0,500.0,500.0,0.0,0.0,0.0,0.3,1.65
12.0,192.1,6.19,79.8,97,190.2,190.0,190.0,500.0,500.0,0.0,0.0,0.0,0.3,1.66
12.2,192.2,6.19,80.0,98,190.2,190.0,190.0,500.0,500.0,0.0,0.0,0.0,0.3,1.68
12.2,192.4,6.19,80.0,99,190.3,190.0,190.0,500.0,500.0,0.0,0.0,0.0,0.3,1.70
12.0,192.6,6.19,80.0,100,190.3,190.0,190.0,500.0,500.0,0.0,0.0,0.0,0.3,1.71
12.0,192.7,6.19,80.0,101,190.3,190.0,190.0,500.0,500.0,0.0,0.0,0.0,0.3,1.73
12.0,192.9,6.19,79.8,102,190.3,190.0,190.0,500.0,500.0,0.0,0.0,0.0,0.3,1.74
11.9,193.0,6.19,79.6,103,190.3,190.0,190.0,500.0,500.0,0.0,0.0,0.0,0.3,1.76
11.8,193.1,6.19,79.6,104,190.3,190.0,190.0,500.0,500.0,0.0,0.0,0.0,0.3,1.77
11.8,193.2,6.19,79.6,105,190.3,190.0,190.0,500.0,500.0,0.0,0.0,0.0,0.3,1.79
11.8,193.3,6.19,79.4,106,190.3,190.0,190.0,500.0,500.0,0.0,0.0,0.0,0.3,1.81
11.9,193.5,6.19,79.6,107,190.3,190.0,190.0,500.0,500.0,0.0,0.0,0.0,0.3,1.82
11.7,193.6,6.19,79.8,108,190.3,190.0,190.0,500.0,500.0,0.0,0.0,0.0,0.3,1.84
11.8,193.7,6.19,79.6,109,190.4,190.0,190.0,500.0,500.0,0.0,0.0,0.0,0.3,1.85
11.7,193.8,6.19,79.6,110,190.4,190.0,190.0,500.0,500.0,0.0,0.0,0.0,0.3,1.87
11.6,193.9,6.19,79.8,111,190.4,190.0,190.0,500.0,500.0,0.0,0.0,0.0,0.3,1.88
11.6,194.0,6.19,79.6,112,190.4,190.0,190.0,500.0,500.0,0.0,0.0,0.0,0.3,1.90
11.6,194.1,6.19,79.6,113,190.4,190.0,190.0,500.0,500.0,0.0,0.0,0.0,0.3,1.92
11.7,194.2,6.19,79.8,114,190.4,190.0,190.0,500.0,500.0,0.0,0.0,0.0,0.3,1.93
11.8,194.3,6.19,79.6,115,190.4,190.0,190.0,500.0,500.0,0.0,0.0,0.0,0.3,1.95
11.8,194.5,6.19,79.4,116,190.4,190.0,190.0,500.0,500.0,0.0,0.0,0.0,0.3,1.96
11.8,194.6,6.19,79.6,117,190.4,190.0,190.0,500.0,500.0,0.0,0.0,0.0,0.3,1.98
11.9,194.7,6.19,79.6,118,190.4,190.0,190.0,500.0,500.0,0.0,0.0,0.0,0.3,1.99
11.8,194.9,6.19,79.4,119,190.4,190.0,190.0,500.0,500.0,0.0,0.0,0.0,0.3,2.01
11.7,195.0,6.19,79.6,120,190.4,190.0,190.0,500.0,500.0,0.0,0.0,0.0,0.3,2.02
11.7,195.1,6.19,79.8,121,190.4,190.0,190.0,500.0,500.0,0.0,0.0,0.0,0.3,2.04
11.6,195.2,6.19,79.6,122,190.4,190.0,190.0,500.0,500.0,0.0,0.0,0.0,0.3,2.06
11.7,195.3,6.19,79.6,123,190.4,190.0,190.0,500.0,500.0,0.0,0.0,0.0,0.3,2.07
11.7,195.4,6.19,79.8,124,190.4,190.0,190.0,500.0,500.0,0.0,0.0,0.0,0.3,2.09
11.8,195.6,6.19,79.8,125,190.4,190.0,190.0,500.0,500.0,0.0,0.0,0.0,0.3,2.10
11.9,195.7,6.19,79.8,126,190.4,190.0,190.0,500.0,500.0,0.0,0.0,0.0,0.3,2.12
11.8,195.8,6.19,80.0,127,190.4,190.0,190.0,500.0,500.0,0.0,0.0,0.0,0.3,2.13
11.8,195.9,6.19,79.8,128,190.3,190.0,190.0,500.0,500.0,0.0,0.0,0.0,0.3,2.15
11.8,196.0,6.19,79.8,129,190.3,190.0,190.0,500.0,500.0,0.0,0.0,0.0,0.3,2.17
11.6,196.1,6.19,79.8,130,190.3,190.1,190.0,500.0,500.0,0.0,0.0,0.0,0.3,2.18
11.6,196.2,6.19,79.8,131,190.3,190.1,190.0,500.0,500.0,0.0,0.0,0.0,0.3,2.20
11.6,196.3,6.19,79.6,132,190.3,190.1,190.0,500.0,500.0,0.0,0.0,0.0,0.3,2.21
11.6,196.4,6.19,79.8,133,190.3,190.1,190.0,500.0,500.0,0.0,0.0,0.0,0.3,2.23
11.6,196.5,6.19,79.8,134,190.3,190.1,190.0,500.0,500.0,0.0,0.0,0.0,0.3,2.24
11.7,196.6,6.19,79.6,135,190.3,190.1,190.0,500.0,500.0,0.0,0.0,0.0,0.3,2.26
11.8,196.7,6.19,79.6,136,190.3,190.1,190.0,500.0,500.0,0.0,0.0,0.0,0.3,2.27
11.8,196.7,6.19,79.8,137,190.3,190.1,190.0,500.0,500.0,0.0,0.0,0.0,0.3,2.29
11.8,196.8,6.19,79.6,138,190.3,190.0,190.0,500.0,500.0,0.0,0.0,0.0,0.3,2.30
11.8,196.9,6.19,79.6,139,190.3,190.0,190.0,500.0,500.0,0.0,0.0,0.0,0.3,2.32
11.7,197.0,6.19,79.8,140,190.3,190.0,190.0,500.0,500.0,0.0,0.0,0.0,0.3,2.34
11.7,197.1,6.19,79.8,141,190.3,190.0,190.0,500.0,500.0,0.0,0.0,0.0,0.3,2.35
11.7,197.2,6.19,79.6,142,190.3,190.0,190.0,500.0,500.0,0.0,0.0,0.0,0.3,2.37
11.7,197.3,6.19,79.8,143,190.3,190.0,190.0,500.0,500.0,0.0,0.0,0.0,0.3,2.38
11.7,197.4,6.19,79.8,144,190.3,190.0,190.0,500.0,500.0,0.0,0.0,0.0,0.3,2.40
11.7,197.5,6.19,79.6,145,190.3,190.0,190.0,500.0,500.0,0.0,0.0,0.0,0.3,2.41
11.7,197.6,6.19,79.6,146,190.3,190.0,190.0,500.0,500.0,0.0,0.0,0.0,0.3,2.43
11.6,197.7,6.19,79.8,147,190.3,190.0,190.0,500.0,500.0,0.0,0.0,0.0,0.3,2.44
11.5,197.8,6.19,79.6,148,190.3,190.0,190.0,500.0,500.0,0.0,0.0,0.0,0.3,2.46
11.5,197.9,6.19,79.6,149,190.4,190.0,190.0,500.0,500.0,0.0,0.0,0.0,0.3,2.48
11.5,198.0,6.19,79.8,150,190.4,190.0,190.0,500.0,500.0,0.0,0.0,0.0,0.3,2.49
11.3,198.1,6.19,79.6,151,190.4,190.0,190.0,500.0,500.0,0.0,0.0,0.0,0.3,2.51
11.6,198.2,6.19,79.6,152,190.4,190.0,190.0,500.0,500.0,0.0,0.0,0.0,0.3,2.52
11.7,198.2,6.19,79.8,153,190.4,190.0,190.0,500.0,500.0,0.0,0.0,0.0,0.3,2.54
11.7,198.3,6.19,79.6,154,190.4,190.0,190.0,500.0,500.0,0.0,0.0,0.0,0.3,2.55
11.6,198.4,6.19,79.4,155,190.4,190.0,190.0,500.0,500.0,0.0,0.0,0.0,0.3,2.57
11.7,198.5,6.19,79.6,156,190.4,190.0,190.0,500.0,500.0,0.0,0.0,0.0,0.3,2.58
11.6,198.6,6.19,79.6,157,190.4,190.0,190.0,500.0,500.0,0.0,0.0,0.0,0.3,2.60
11.6,198.6,6.19,79.4,158,190.4,190.0,190.0,500.0,500.0,0.0,0.0,0.0,0.3,2.61
11.8,198.7,6.19,79.6,159,190.4,190.0,190.0,500.0,500.0,0.0,0.0,0.0,0.3,2.63
11.8,198.8,6.19,79.8,160,190.4,190.0,190.0,500.0,500.0,0.0,0.0,0.0,0.3,2.64
11.8,198.9,6.19,79.6,161,190.4,190.0,190.0,500.0,500.0,0.0,0.0,0.0,0.3,2.66
11.7,198.9,6.19,79.6,162,190.4,190.0,190.0,500.0,500.0,0.0,0.0,0.0,0.3,2.68
11.7,198.9,6.19,79.8,163,190.4,190.0,190.0,500.0,500.0,0.0,0.0,0.0,0.3,2.69
11.5,199.0,6.19,79.6,164,190.4,190.0,190.0,500.0,500.0,0.0,0.0,0.0,0.3,2.71
11.6,199.1,6.19,79.6,165,190.4,190.0,190.0,500.0,500.0,0.0,0.0,0.0,0.3,2.72
11.6,199.2,6.19,79.8,166,190.4,190.0,190.0,500.0,500.0,0.0,0.0,0.0,0.3,2.74
11.6,199.2,6.19,79.8,167,190.4,190.0,190.0,500.0,500.0,0.0,0.0,0.0,0.3,2.75
11.6,199.3,6.19,79.6,168,190.4,190.0,190.0,500.0,500.0,0.0,0.0,0.0,0.3,2.77
11.6,199.3,6.19,79.8,169,190.4,190.0,190.0,500.0,500.0,0.0,0.0,0.0,0.3,2.78
11.6,199.4,6.19,79.8,170,190.4,190.0,190.0,500.0,500.0,0.0,0.0,0.0,0.3,2.80
11.5,199.5,6.19,79.6,171,190.4,190.0,190.0,500.0,500.0,0.0,0.0,0.0,0.3,2.81
11.5,199.6,6.19,79.6,172,190.4,190.0,190.0,500.0,500.0,0.0,0.0,0.0,0.3,2.83
11.4,199.6,6.19,79.8,173,190.4,190.0,190.0,500.0,500.0,0.0,0.0,0.0,0.3,2.85
11.4,199.7,6.19,79.6,174,190.4,190.0,190.0,500.0,500.0,0.0,0.0,0.0,0.3,2.86
11.4,199.8,6.19,79.6,175,190.4,190.0,190.0,500.0,500.0,0.0,0.0,0.0,0.3,2.88
11.5,199.8,6.19,79.8,176,190.4,190.0,190.0,500.0,500.0,0.0,0.0,0.0,0.3,2.89
11.5,199.9,6.19,79.8,177,190.4,190.0,190.0,500.0,500.0,0.0,0.0,0.0,0.3,2.91
11.5,200.0,6.19,79.6,178,190.4,190.0,190.0,500.0,500.0,0.0,0.0,0.0,0.3,2.92
11.6,200.0,6.19,79.8,179,190.4,190.1,190.0,500.0,500.0,0.0,0.0,0.0,0.3,2.94
11.6,200.1,6.19,79.8,180,190.4,190.1,190.0,500.0,500.0,0.0,0.0,0.0,0.3,2.95
11.5,200.1,6.19,79.6,181,190.4,190.1,190.0,500.0,500.0,0.0,0.0,0.0,0.3,2.97
11.5,200.2,6.19,79.6,182,190.4,190.1,190.0,500.0,500.0,0.0,0.0,0.0,0.3,2.98
11.5,200.3,6.19,79.8,183,190.4,190.1,190.0,500.0,500.0,0.0,0.0,0.0,0.3,3.00
11.4,200.4,6.19,79.8,184,190.4,190.1,190.0,500.0,500.0,0.0,0.0,0.0,0.3,3.01
11.5,200.4,6.19,79.8,185,190.4,190.1,190.0,500.0,500.0,0.0,0.0,0.0,0.3,3.03
11.4,200.5,6.19,79.8,186,190.4,190.1,190.0,500.0,500.0,0.0,0.0,0.0,0.3,3.04
11.5,200.5,6.19,79.8,187,190.4,190.1,190.0,500.0,500.0,0.0,0.0,0.0,0.3,3.06
11.4,200.6,6.19,79.8,188,190.4,190.1,190.0,500.0,500.0,0.0,0.0,0.0,0.3,3.07
11.4,200.7,6.19,79.8,189,190.5,190.1,190.0,500.0,500.0,0.0,0.0,0.0,0.3,3.09
11.3,200.7,6.19,79.6,190,190.5,190.0,190.0,500.0,500.0,0.0,0.0,0.0,0.3,3.10
11.3,200.8,6.19,79.8,191,190.5,190.0,190.0,500.0,500.0,0.0,0.0,0.0,0.3,3.12
11.1,200.8,6.19,79.8,192,190.5,190.0,190.0,500.0,500.0,0.0,0.0,0.0,0.3,3.13
11.2,200.9,6.19,79.6,193,190.5,190.0,190.0,500.0,500.0,0.0,0.0,0.0,0.3,3.15
11.1,200.9,6.19,79.6,194,190.5,190.0,190.0,500.0,500.0,0.0,0.0,0.0,0.3,3.16
11.2,201.0,6.19,79.8,195,190.5,190.0,190.0,500.0,500.0,0.0,0.0,0.0,0.3,3.18
11.1,201.0,6.19,79.6,196,190.5,190.0,190.0,500.0,500.0,0.0,0.0,0.0,0.3,3.19
11.1,201.0,6.19,79.6,197,190.5,190.0,190.0,500.0,500.0,0.0,0.0,0.0,0.3,3.21
11.2,201.0,6.19,79.8,198,190.5,190.0,190.0,500.0,500.0,0.0,0.0,0.0,0.3,3.22
11.2,201.1,6.19,79.8,199,190.5,190.0,190.0,500.0,500.0,0.0,0.0,0.0,0.3,3.24
11.1,201.1,6.19,79.6,200,190.5,190.0,190.0,500.0,500.0,0.0,0.0,0.0,0.3,3.25
11.2,201.1,6.19,79.8,201,190.5,190.0,190.0,500.0,500.0,0.0,0.0,0.0,0.3,3.27
11.3,201.2,6.19,79.8,202,190.5,190.0,190.0,500.0,500.0,0.0,0.0,0.0,0.3,3.28
11.3,201.2,6.19,79.6,203,190.5,190.0,190.0,500.0,500.0,0.0,0.0,0.0,0.3,3.30
11.2,201.3,6.19,79.6,204,190.5,190.0,190.0,500.0,500.0,0.0,0.0,0.0,0.3,3.31
11.3,201.4,6.19,79.8,205,190.6,190.0,190.0,500.0,500.0,0.0,0.0,0.0,0.3,3.33
11.4,201.4,6.19,79.8,206,190.6,190.0,190.0,500.0,500.0,0.0,0.0,0.0,0.3,3.34
11.3,201.4,6.19,79.6,207,190.6,190.0,190.0,500.0,500.0,0.0,0.0,0.0,0.3,3.36
11.3,201.5,6.19,79.8,208,190.6,190.0,190.0,500.0,500.0,0.0,0.0,0.0,0.3,3.37
11.3,201.6,6.19,79.8,209,190.6,190.0,190.0,500.0,500.0,0.0,0.0,0.0,0.3,3.39
11.3,201.6,6.19,79.6,210,190.6,190.0,190.0,500.0,500.0,0.0,0.0,0.0,0.3,3.40
11.1,201.7,6.19,79.6,211,190.6,190.0,190.0,500.0,500.0,0.0,0.0,0.0,0.3,3.42
11.1,201.7,6.19,79.8,212,190.6,190.0,190.0,500.0,500.0,0.0,0.0,0.0,0.3,3.43
11.2,201.8,6.19,79.6,213,190.6,190.0,190.0,500.0,500.0,0.0,0.0,0.0,0.3,3.45
11.2,201.8,6.19,79.6,214,190.6,190.0,190.0,500.0,500.0,0.0,0.0,0.0,0.3,3.46
11.2,201.9,6.19,79.8,215,190.6,190.0,190.0,500.0,500.0,0.0,0.0,0.0,0.3,3.48
11.3,201.9,6.19,79.6,216,190.6,190.0,190.0,500.0,500.0,0.0,0.0,0.0,0.3,3.49
11.3,201.9,6.19,79.6,217,190.6,190.0,190.0,500.0,500.0,0.0,0.0,0.0,0.3,3.51
11.2,202.0,6.19,79.8,218,190.6,190.0,190.0,500.0,500.0,0.0,0.0,0.0,0.3,3.52
11.2,202.0,6.19,79.6,219,190.6,190.0,190.0,500.0,500.0,0.0,0.0,0.0,0.3,3.54
11.1,202.0,6.19,79.6,220,190.6,190.0,190.0,500.0,500.0,0.0,0.0,0.0,0.3,3.55
11.2,202.0,6.19,79.8,221,190.6,190.0,190.0,500.0,500.0,0.0,0.0,0.0,0.3,3.57
11.3,202.1,6.19,79.8,222,190.7,190.0,190.0,500.0,500.0,0.0,0.0,0.0,0.3,3.58
11.5,202.1,6.19,79.6,223,190.7,190.0,190.0,500.0,500.0,0.0,0.0,0.0,0.3,3.60
11.5,202.2,6.19,79.8,224,190.7,190.0,190.0,500.0,500.0,0.0,0.0,0.0,0.3,3.61
11.6,202.2,6.19,79.6,225,190.7,190.0,190.0,500.0,500.0,0.0,0.0,0.0,0.3,3.63
11.6,202.2,6.19,79.6,226,190.7,190.0,190.0,500.0,500.0,0.0,0.0,0.0,0.3,3.64
11.5,202.2,6.19,79.6,227,190.7,190.0,190.0,500.0,500.0,0.0,0.0,0.0,0.3,3.66
11.2,202.2,6.19,79.8,228,190.7,190.0,190.0,500.0,500.0,0.0,0.0,0.0,0.3,3.67
11.1,202.2,6.19,79.6,229,190.7,190.0,190.0,500.0,500.0,0.0,0.0,0.0,0.3,3.69
10.9,202.3,6.19,79.8,230,190.7,190.0,190.0,500.0,500.0,0.0,0.0,0.0,0.3,3.70
10.7,202.3,6.19,79.8,231,190.7,190.0,190.0,500.0,500.0,0.0,0.0,0.0,0.3,3.72
10.7,202.3,6.19,79.6,232,190.7,190.0,190.0,500.0,500.0,0.0,0.0,0.0,0.3,3.73
10.8,202.3,6.19,79.6,233,190.7,190.0,190.0,500.0,500.0,0.0,0.0,0.0,0.3,3.74
10.7,202.3,6.19,79.8,234,190.7,190.0,190.0,500.0,500.0,0.0,0.0,0.0,0.3,3.76
10.7,202.3,6.19,79.6,235,190.7,190.0,190.0,500.0,500.0,0.0,0.0,0.0,0.3,3.77
10.8,202.3,6.19,79.6,236,190.7,190.1,190.0,500.0,500.0,0.0,0.0,0.0,0.3,3.79
10.8,202.3,6.19,79.8,237,190.7,190.1,190.0,500.0,500.0,0.0,0.0,0.0,0.3,3.80
10.9,202.4,6.19,79.6,238,190.7,190.1,190.0,500.0,500.0,0.0,0.0,0.0,0.3,3.82
11.1,202.5,6.19,79.6,239,190.7,190.1,190.0,500.0,500.0,0.0,0.0,0.0,0.3,3.83
11.1,202.5,6.19,79.8,240,190.7,190.1,190.0,500.0,500.0,0.0,0.0,0.0,0.3,3.85
11.1,202.5,6.19,79.8,241,190.7,190.0,190.0,500.0,500.0,0.0,0.0,0.0,0.3,3.86
11.1,202.6,6.19,79.6,242,190.7,190.0,190.0,500.0,500.0,0.0,0.0,0.0,0.3,3.87
11.2,202.6,6.19,79.8,243,190.7,190.0,190.0,500.0,500.0,0.0,0.0,0.0,0.3,3.89
11.2,202.6,6.19,79.8,244,190.7,190.0,190.0,500.0,500.0,0.0,0.0,0.0,0.3,3.90
11.2,202.7,6.19,79.6,245,190.7,190.0,190.0,500.0,500.0,0.0,0.0,0.0,0.3,3.92
11.2,202.8,6.19,79.6,246,190.7,190.0,190.0,500.0,500.0,0.0,0.0,0.0,0.3,3.93
11.1,202.8,6.19,79.8,247,190.6,190.0,190.0,500.0,500.0,0.0,0.0,0.0,0.3,3.95
11.0,202.8,6.19,79.6,248,190.6,190.0,190.0,500.0,500.0,0.0,0.0,0.0,0.3,3.96
11.0,202.9,6.19,79.6,249,190.6,190.0,190.0,500.0,500.0,0.0,0.0,0.0,0.3,3.98
11.0,203.0,6.19,79.8,250,190.6,190.0,190.0,500.0,500.0,0.0,0.0,0.0,0.3,3.99
11.0,203.0,6.19,79.6,251,190.6,190.0,190.0,500.0,500.0,0.0,0.0,0.0,0.3,4.01
11.0,203.1,6.19,79.4,252,190.6,190.0,190.0,500.0,500.0,0.0,0.0,0.0,0.3,4.02
11.1,203.1,6.19,79.6,253,190.6,190.0,190.0,500.0,500.0,0.0,0.0,0.0,0.3,4.04
11.1,203.1,6.19,79.6,254,190.6,190.0,190.0,500.0,500.0,0.0,0.0,0.0,0.3,4.05
11.1,203.1,6.19,79.4,255,190.6,190.0,190.0,500.0,500.0,0.0,0.0,0.0,0.3,4.07
11.1,203.1,6.19,79.6,256,190.6,190.0,190.0,500.0,500.0,0.0,0.0,0.0,0.3,4.08
11.1,203.1,6.19,79.8,257,190.6,190.0,190.0,500.0,500.0,0.0,0.0,0.0,0.3,4.09
11.0,203.1,6.19,79.6,258,190.6,190.0,190.0,500.0,500.0,0.0,0.0,0.0,0.3,4.11
10.9,203.2,6.19,79.6,259,190.6,190.0,190.0,500.0,500.0,0.0,0.0,0.0,0.3,4.12
10.9,203.2,6.19,79.8,260,190.6,190.0,190.0,500.0,500.0,0.0,0.0,0.0,0.3,4.14
10.8,203.2,6.19,79.8,261,190.6,190.0,190.0,500.0,500.0,0.0,0.0,0.0,0.3,4.15
10.8,203.2,6.19,79.8,262,190.6,190.0,190.0,500.0,500.0,0.0,0.0,0.0,0.3,4.17
10.9,203.2,6.19,80.0,263,190.6,190.0,190.0,500.0,500.0,0.0,0.0,0.0,0.3,4.18
11.0,203.2,6.19,79.8,264,190.6,190.0,190.0,500.0,500.0,0.0,0.0,0.0,0.3,4.20
10.9,203.2,6.19,79.8,265,190.6,190.0,190.0,500.0,500.0,0.0,0.0,0.0,0.3,4.21
11.0,203.3,6.19,79.8,266,190.6,190.0,190.0,500.0,500.0,0.0,0.0,0.0,0.3,4.23
11.0,203.3,6.19,79.6,267,190.6,190.0,190.0,500.0,500.0,0.0,0.0,0.0,0.3,4.24
11.0,203.3,6.19,79.6,268,190.6,190.0,190.0,500.0,500.0,0.0,0.0,0.0,0.3,4.25
10.9,203.3,6.19,79.8,269,190.6,190.0,190.0,500.0,500.0,0.0,0.0,0.0,0.3,4.27
10.9,203.3,6.19,79.8,270,190.6,190.0,190.0,500.0,500.0,0.0,0.0,0.0,0.3,4.28
10.8,203.4,6.19,79.6,271,190.6,190.0,190.0,500.0,500.0,0.0,0.0,0.0,0.3,4.30
10.8,203.4,6.19,79.8,272,190.6,190.0,190.0,500.0,500.0,0.0,0.0,0.0,0.3,4.31
10.8,203.4,6.19,79.8,273,190.6,190.0,190.0,500.0,500.0,0.0,0.0,0.0,0.3,4.33
10.9,203.5,6.19,79.6,274,190.6,190.0,190.0,500.0,500.0,0.0,0.0,0.0,0.3,4.34
10.7,203.6,6.19,79.6,275,190.6,190.0,190.0,500.0,500.0,0.0,0.0,0.0,0.3,4.36
10.8,203.6,6.19,79.8,276,190.6,190.0,190.0,500.0,500.0,0.0,0.0,0.0,0.3,4.37
10.9,203.6,6.19,79.6,277,190.6,190.0,190.0,500.0,500.0,0.0,0.0,0.0,0.3,4.38
10.9,203.7,6.19,79.6,278,190.6,190.0,190.0,500.0,500.0,0.0,0.0,0.0,0.3,4.40
10.9,203.7,6.19,79.8,279,190.6,190.0,190.0,500.0,500.0,0.0,0.0,0.0,0.3,4.41
11.0,203.7,6.19,79.8,280,190.6,190.0,190.0,500.0,500.0,0.0,0.0,0.0,0.3,4.43
10.9,203.7,6.19,79.6,281,190.6,190.0,190.0,500.0,500.0,0.0,0.0,0.0,0.3,4.44
10.8,203.7,6.19,79.8,282,190.6,190.0,190.0,500.0,500.0,0.0,0.0,0.0,0.3,4.46
10.7,203.6,6.19,79.8,283,190.6,190.0,190.0,500.0,500.0,0.0,0.0,0.0,0.3,4.47
10.8,203.6,6.19,79.8,284,190.6,190.1,190.0,500.0,500.0,0.0,0.0,0.0,0.3,4.48
10.8,203.7,6.19,79.8,285,190.6,190.1,190.0,500.0,500.0,0.0,0.0,0.0,0.3,4.50
10.8,203.7,6.19,80.0,286,190.6,190.1,190.0,500.0,500.0,0.0,0.0,0.0,0.3,4.51
10.8,203.8,6.19,79.8,287,190.6,190.1,190.0,500.0,500.0,0.0,0.0,0.0,0.3,4.53
10.8,203.9,6.19,79.8,288,190.6,190.1,190.0,500.0,500.0,0.0,0.0,0.0,0.3,4.54
10.8,203.9,6.19,79.8,289,190.6,190.1,190.0,500.0,500.0,0.0,0.0,0.0,0.3,4.56
11.0,203.9,6.19,79.6,290,190.6,190.1,190.0,500.0,500.0,0.0,0.0,0.0,0.3,4.57
11.0,203.9,6.19,79.6,291,190.6,190.1,190.0,500.0,500.0,0.0,0.0,0.0,0.3,4.59
11.1,203.9,6.19,79.8,292,190.6,190.0,190.0,500.0,500.0,0.0,0.0,0.0,0.3,4.60
11.1,203.9,6.19,79.6,293,190.6,190.0,190.0,500.0,500.0,0.0,0.0,0.0,0.3,4.62
11.1,203.9,6.19,79.6,294,190.6,190.0,190.0,500.0,500.0,0.0,0.0,0.0,0.3,4.63
10.9,203.9,6.19,79.8,295,190.6,190.0,190.0,500.0,500.0,0.0,0.0,0.0,0.3,4.64
10.9,203.9,6.19,79.8,296,190.6,190.0,190.0,500.0,500.0,0.0,0.0,0.0,0.3,4.66
10.9,203.9,6.19,79.6,297,190.6,190.0,190.0,500.0,500.0,0.0,0.0,0.0,0.3,4.67
10.8,203.9,6.19,79.8,298,190.6,190.0,190.0,500.0,500.0,0.0,0.0,0.0,0.3,4.69
10.9,203.9,6.19,79.8,299,190.6,190.0,190.0,500.0,500.0,0.0,0.0,0.0,0.3,4.70
10.8,204.0,6.19,79.8,300,190.6,190.0,190.0,500.0,500.0,0.0,0.0,0.0,0.3,4.72
10.6,204.0,6.19,79.8,301,190.6,190.0,190.1,500.0,500.0,0.0,0.0,0.0,0.3,4.73
10.6,204.0,6.19,79.8,302,190.6,190.0,190.1,500.0,500.0,0.0,0.0,0.0,0.3,4.75
10.8,204.0,6.19,79.8,303,190.6,190.0,190.1,500.0,500.0,0.0,0.0,0.0,0.3,4.76
10.7,204.0,6.19,79.8,304,190.6,190.0,190.1,500.0,500.0,0.0,0.0,0.0,0.3,4.77
10.7,204.0,6.19,79.8,305,190.6,190.0,190.1,500.0,500.0,0.0,0.0,0.0,0.3,4.79
10.8,204.0,6.19,79.6,306,190.6,190.0,190.1,500.0,500.0,0.0,0.0,0.0,0.3,4.80
10.7,204.0,6.19,79.8,307,190.6,190.0,190.1,500.0,500.0,0.0,0.0,0.0,0.3,4.82
10.6,204.1,6.19,79.8,308,190.6,190.0,190.1,500.0,500.0,0.0,0.0,0.0,0.3,4.83
10.6,204.1,6.19,79.6,309,190.6,190.0,190.1,500.0,500.0,0.0,0.0,0.0,0.3,4.84
10.6,204.1,6.19,79.6,310,190.6,190.0,190.1,500.0,500.0,0.0,0.0,0.0,0.3,4.86
10.6,204.1,6.19,79.8,311,190.6,190.0,190.1,500.0,500.0,0.0,0.0,0.0,0.3,4.87
10.6,204.1,6.19,79.8,312,190.6,190.0,190.1,500.0,500.0,0.0,0.0,0.0,0.3,4.89
10.6,204.1,6.19,79.6,313,190.6,190.0,190.1,500.0,500.0,0.0,0.0,0.0,0.3,4.90
10.7,204.2,6.19,79.8,314,190.6,190.0,190.1,500.0,500.0,0.0,0.0,0.0,0.3,4.92
10.7,204.2,6.19,79.8,315,190.6,190.0,190.1,500.0,500.0,0.0,0.0,0.0,0.3,4.93
10.7,204.2,6.19,79.6,316,190.6,190.0,190.1,500.0,500.0,0.0,0.0,0.0,0.3,4.94
10.6,204.2,6.19,79.6,317,190.6,190.0,190.1,500.0,500.0,0.0,0.0,0.0,0.3,4.96
10.7,204.2,6.19,79.8,318,190.6,190.0,190.1,500.0,500.0,0.0,0.0,0.0,0.3,4.97
10.7,204.3,6.19,79.6,319,190.6,190.0,190.1,500.0,500.0,0.0,0.0,0.0,0.3,4.99
10.6,204.3,6.19,79.6,320,190.5,190.0,190.1,500.0,500.0,0.0,0.0,0.0,0.3,5.00
10.6,204.4,6.19,79.6,321,190.5,190.0,190.1,500.0,500.0,0.0,0.0,0.0,0.3,5.01
10.8,204.4,6.19,79.6,322,190.5,190.0,190.1,500.0,500.0,0.0,0.0,0.0,0.3,5.03
10.7,204.4,6.19,79.6,323,190.5,190.0,190.1,500.0,500.0,0.0,0.0,0.0,0.3,5.04
10.6,204.3,6.19,79.8,324,190.5,190.0,190.1,500.0,500.0,0.0,0.0,0.0,0.3,5.06
10.6,204.3,6.19,79.8,325,190.5,190.0,190.1,500.0,500.0,0.0,0.0,0.0,0.3,5.07
10.6,204.3,6.19,80.0,326,190.5,190.0,190.1,500.0,500.0,0.0,0.0,0.0,0.3,5.08
10.4,204.3,6.19,80.0,327,190.5,190.0,190.1,500.0,500.0,0.0,0.0,0.0,0.3,5.10
10.4,204.3,6.19,79.8,328,190.5,190.0,190.2,500.0,500.0,0.0,0.0,0.0,0.3,5.11
10.4,204.3,6.19,79.8,329,190.5,190.0,190.2,500.0,500.0,0.0,0.0,0.0,0.3,5.13
10.6,204.3,6.19,79.8,330,190.5,190.0,190.2,500.0,500.0,0.0,0.0,0.0,0.3,5.14
10.5,204.3,6.19,79.6,331,190.5,190.0,190.2,500.0,500.0,0.0,0.0,0.0,0.3,5.15
10.6,204.3,6.19,79.6,332,190.5,190.0,190.2,500.0,500.0,0.0,0.0,0.0,0.3,5.17
10.6,204.3,6.19,79.8,333,190.5,190.0,190.2,500.0,500.0,0.0,0.0,0.0,0.3,5.18
10.6,204.3,6.19,79.8,334,190.5,190.0,190.2,500.0,500.0,0.0,0.0,0.0,0.3,5.20
10.5,204.3,6.19,79.6,335,190.5,190.0,190.2,500.0,500.0,0.0,0.0,0.0,0.3,5.21
10.7,204.3,6.19,79.8,336,190.5,190.1,190.2,500.0,500.0,0.0,0.0,0.0,0.3,5.23
10.7,204.3,6.19,79.8,337,190.5,190.1,190.2,500.0,500.0,0.0,0.0,0.0,0.3,5.24
10.7,204.3,6.19,79.6,338,190.5,190.1,190.2,500.0,500.0,0.0,0.0,0.0,0.3,5.25
10.7,204.3,6.19,79.6,339,190.5,190.1,190.2,500.0,500.0,0.0,0.0,0.0,0.3,5.27
10.6,204.3,6.19,79.8,340,190.5,190.1,190.2,500.0,500.0,0.0,0.0,0.0,0.3,5.28
10.6,204.4,6.19,79.6,341,190.5,190.1,190.2,500.0,500.0,0.0,0.0,0.0,0.3,5.30
10.5,204.4,6.19,79.6,342,190.5,190.1,190.2,500.0,500.0,0.0,0.0,0.0,0.3,5.31
10.6,204.4,6.19,79.8,343,190.5,190.1,190.2,500.0,500.0,0.0,0.0,0.0,0.3,5.32
10.7,204.5,6.19,79.8,344,190.5,190.0,190.2,500.0,500.0,0.0,0.0,0.0,0.3,5.34
10.7,204.5,6.19,79.6,345,190.5,190.0,190.2,500.0,500.0,0.0,0.0,0.0,0.3,5.35
10.7,204.4,6.19,79.8,346,190.5,190.0,190.2,500.0,500.0,0.0,0.0,0.0,0.3,5.37
10.6,204.4,6.19,79.8,347,190.5,190.0,190.2,500.0,500.0,0.0,0.0,0.0,0.3,5.38
10.6,204.5,6.19,79.6,348,190.5,190.0,190.2,500.0,500.0,0.0,0.0,0.0,0.3,5.39
10.6,204.5,6.19,79.6,349,190.5,190.0,190.2,500.0,500.0,0.0,0.0,0.0,0.3,5.41
10.7,204.5,6.19,79.8,350,190.5,190.0,190.2,500.0,500.0,0.0,0.0,0.0,0.3,5.42
10.6,204.6,6.19,79.6,351,190.5,190.0,190.2,500.0,500.0,0.0,0.0,0.0,0.3,5.44
10.7,204.6,6.19,79.6,352,190.5,190.0,190.2,500.0,500.0,0.0,0.0,0.0,0.3,5.45
10.7,204.6,6.19,79.8,353,190.5,190.0,190.2,500.0,500.0,0.0,0.0,0.0,0.3,5.47
10.6,204.6,6.19,79.6,354,190.5,190.0,190.2,500.0,500.0,0.0,0.0,0.0,0.3,5.48
10.6,204.6,6.19,79.6,355,190.6,190.0,190.2,500.0,500.0,0.0,0.0,0.0,0.3,5.49
10.6,204.7,6.19,79.8,356,190.7,190.0,190.3,500.0,500.0,0.0,0.0,0.0,0.3,5.51
10.5,204.7,6.19,79.6,357,190.7,190.0,190.3,500.0,500.0,0.0,0.0,0.0,0.3,5.52
10.4,204.6,6.19,79.6,358,190.7,190.0,190.3,500.0,500.0,0.0,0.0,0.0,0.3,5.54
10.3,204.6,6.19,79.8,359,190.7,190.0,190.3,500.0,500.0,0.0,0.0,0.0,0.3,5.55
10.3,204.5,6.19,79.8,360,190.6,190.0,190.2,500.0,500.0,0.0,0.0,0.0,0.3,5.56
10.3,204.5,6.19,79.6,361,190.6,190.0,190.1,500.0,500.0,0.0,0.0,0.0,0.3,5.58
10.4,204.6,6.19,79.8,362,190.6,190.0,190.1,500.0,500.0,0.0,0.0,0.0,0.3,5.59
10.5,204.7,6.19,79.6,363,190.6,190.0,190.2,500.0,500.0,0.0,0.0,0.0,0.3,5.60
10.5,204.7,6.19,79.6,364,190.6,190.0,190.2,500.0,500.0,0.0,0.0,0.0,0.3,5.62
10.5,204.7,6.19,79.6,365,190.6,190.0,190.2,500.0,500.0,0.0,0.0,0.0,0.3,5.63
10.5,204.7,6.19,79.8,366,190.7,190.0,190.2,500.0,500.0,0.0,0.0,0.0,0.3,5.65
10.5,204.7,6.19,79.6,367,190.7,190.0,190.2,500.0,500.0,0.0,0.0,0.0,0.3,5.66
10.5,204.7,6.19,79.8,368,190.7,190.0,190.2,500.0,500.0,0.0,0.0,0.0,0.3,5.67
10.5,204.7,6.19,79.8,369,190.7,190.0,190.2,500.0,500.0,0.0,0.0,0.0,0.3,5.69
10.6,204.7,6.19,79.6,370,190.7,190.0,190.2,500.0,500.0,0.0,0.0,0.0,0.3,5.70
10.5,204.8,6.19,79.6,371,190.7,190.0,190.2,500.0,500.0,0.0,0.0,0.0,0.3,5.72
10.6,204.8,6.19,79.8,372,190.7,190.0,190.2,500.0,500.0,0.0,0.0,0.0,0.3,5.73
10.7,204.7,6.19,79.6,373,190.7,190.0,190.2,500.0,500.0,0.0,0.0,0.0,0.3,5.74
10.6,204.7,6.19,79.6,374,190.7,190.0,190.2,500.0,500.0,0.0,0.0,0.0,0.3,5.76
10.6,204.7,6.19,79.8,375,190.7,190.0,190.2,500.0,500.0,0.0,0.0,0.0,0.3,5.77
10.6,204.7,6.19,79.6,376,190.7,190.0,190.2,500.0,500.0,0.0,0.0,0.0,0.3,5.79
10.5,204.8,6.19,79.6,377,190.7,190.0,190.2,500.0,500.0,0.0,0.0,0.0,0.3,5.80
10.4,204.8,6.19,79.8,378,190.7,190.0,190.2,500.0,500.0,0.0,0.0,0.0,0.3,5.81
10.4,204.8,6.19,79.8,379,190.7,190.0,190.2,500.0,500.0,0.0,0.0,0.0,0.3,5.83
10.4,204.7,6.19,79.6,380,190.7,190.0,190.2,500.0,500.0,0.0,0.0,0.0,0.3,5.84
10.5,204.7,6.19,79.8,381,190.7,190.0,190.2,500.0,500.0,0.0,0.0,0.0,0.3,5.86
10.6,204.7,6.19,79.8,382,190.7,190.0,190.2,500.0,500.0,0.0,0.0,0.0,0.3,5.87
10.6,204.7,6.19,79.6,383,190.7,190.0,190.2,500.0,500.0,0.0,0.0,0.0,0.3,5.88
10.7,204.7,6.19,79.6,384,190.7,190.0,190.2,500.0,500.0,0.0,0.0,0.0,0.3,5.90
10.6,204.8,6.19,79.8,385,190.7,190.0,190.2,500.0,500.0,0.0,0.0,0.0,0.3,5.91
10.5,204.8,6.19,79.6,386,190.7,190.0,190.2,500.0,500.0,0.0,0.0,0.0,0.3,5.93
10.4,204.8,6.19,79.6,387,190.7,190.0,190.2,500.0,500.0,0.0,0.0,0.0,0.3,5.94
10.5,204.7,6.19,79.8,388,190.7,190.0,190.2,500.0,500.0,0.0,0.0,0.0,0.3,5.95
10.4,204.7,6.19,79.6,389,190.7,190.0,190.2,500.0,500.0,0.0,0.0,0.0,0.3,5.97
10.5,204.8,6.19,79.6,390,190.7,190.1,190.2,500.0,500.0,0.0,0.0,0.0,0.3,5.98
10.4,204.8,6.19,79.8,391,190.7,190.1,190.2,500.0,500.0,0.0,0.0,0.0,0.3,5.99
10.5,204.8,6.19,79.8,392,190.7,190.1,190.2,500.0,500.0,0.0,0.0,0.0,0.3,6.01
10.4,204.8,6.19,79.6,393,190.7,190.0,190.2,500.0,500.0,0.0,0.0,0.0,0.3,6.02
10.5,204.8,6.19,79.8,394,190.7,190.0,190.2,500.0,500.0,0.0,0.0,0.0,0.3,6.04
10.5,204.8,6.19,79.8,395,190.7,190.0,190.2,500.0,500.0,0.0,0.0,0.0,0.3,6.05
10.6,204.8,6.19,79.6,396,190.7,190.0,190.2,500.0,500.0,0.0,0.0,0.0,0.3,6.06
10.5,204.9,6.19,79.6,397,190.8,190.0,190.2,500.0,500.0,0.0,0.0,0.0,0.3,6.08
10.5,204.9,6.19,79.8,398,190.8,190.0,190.2,500.0,500.0,0.0,0.0,0.0,0.3,6.09
10.3,204.9,6.19,79.6,399,190.8,190.0,190.2,500.0,500.0,0.0,0.0,0.0,0.3,6.11
10.3,204.9,6.19,79.6,400,190.8,190.0,190.2,500.0,500.0,0.0,0.0,0.0,0.3,6.12
10.3,204.9,6.19,79.8,401,190.8,190.0,190.1,500.0,500.0,0.0,0.0,0.0,0.3,6.13
10.3,204.8,6.19,79.6,402,190.8,190.0,190.1,500.0,500.0,0.0,0.0,0.0,0.3,6.15
10.4,204.8,6.19,79.6,403,190.8,190.0,190.1,500.0,500.0,0.0,0.0,0.0,0.3,6.16
10.5,204.8,6.19,79.8,404,190.8,190.0,190.1,500.0,500.0,0.0,0.0,0.0,0.3,6.17
10.5,204.9,6.19,79.6,405,190.8,190.0,190.1,500.0,500.0,0.0,0.0,0.0,0.3,6.19
10.6,204.9,6.19,79.6,406,190.8,190.0,190.1,500.0,500.0,0.0,0.0,0.0,0.3,6.20
10.6,204.9,6.19,79.8,407,190.9,190.0,190.1,500.0,500.0,0.0,0.0,0.0,0.3,6.22
10.5,204.9,6.19,79.6,408,190.9,190.0,190.1,500.0,500.0,0.0,0.0,0.0,0.3,6.23
10.7,204.9,6.19,79.6,409,190.9,190.0,190.1,500.0,500.0,0.0,0.0,0.0,0.3,6.25
10.7,204.9,6.19,79.8,410,190.9,190.0,190.1,500.0,500.0,0.0,0.0,0.0,0.3,6.26
10.5,204.9,6.19,79.8,411,190.9,190.0,190.1,500.0,500.0,0.0,0.0,0.0,0.3,6.27
10.5,205.0,6.19,79.6,412,190.9,190.0,190.1,500.0,500.0,0.0,0.0,0.0,0.3,6.29
10.6,205.0,6.19,79.8,413,190.9,190.0,190.1,500.0,500.0,0.0,0.0,0.0,0.3,6.30
10.5,204.9,6.19,79.8,414,190.9,190.0,190.1,500.0,500.0,0.0,0.0,0.0,0.3,6.32
10.5,204.9,6.19,79.6,415,190.9,190.0,190.1,500.0,500.0,0.0,0.0,0.0,0.3,6.33
10.5,204.9,6.19,79.6,416,191.0,190.0,190.1,500.0,500.0,0.0,0.0,0.0,0.3,6.34
10.6,204.9,6.19,79.8,417,191.0,190.0,190.1,500.0,500.0,0.0,0.0,0.0,0.3,6.36
10.5,204.9,6.19,79.6,418,191.0,190.0,190.1,500.0,500.0,0.0,0.0,0.0,0.3,6.37
10.5,204.9,6.19,79.6,419,191.0,190.0,190.1,500.0,500.0,0.0,0.0,0.0,0.3,6.39
10.5,204.9,6.19,79.8,420,191.0,190.0,190.1,500.0,500.0,0.0,0.0,0.0,0.3,6.40
10.4,204.9,6.19,79.8,421,191.0,190.0,190.1,500.0,500.0,0.0,0.0,0.0,0.3,6.41
10.3,204.9,6.19,79.6,422,191.0,190.0,190.1,500.0,500.0,0.0,0.0,0.0,0.3,6.43
10.3,204.9,6.19,79.8,423,191.0,190.0,190.1,500.0,500.0,0.0,0.0,0.0,0.3,6.44
10.3,204.9,6.19,79.8,424,191.0,190.0,190.1,500.0,500.0,0.0,0.0,0.0,0.3,6.45
10.2,204.9,6.19,79.8,425,191.0,190.0,190.1,500.0,500.0,0.0,0.0,0.0,0.3,6.47
10.3,204.9,6.19,79.8,426,191.0,190.0,190.1,500.0,500.0,0.0,0.0,0.0,0.3,6.48
10.5,204.9,6.19,80.0,427,191.1,190.0,190.1,500.0,500.0,0.0,0.0,0.0,0.3,6.50
10.4,204.9,6.19,79.8,428,191.1,190.0,190.1,500.0,500.0,0.0,0.0,0.0,0.3,6.51
10.4,205.0,6.19,79.8,429,191.1,190.0,190.1,500.0,500.0,0.0,0.0,0.0,0.3,6.52
10.4,205.0,6.19,79.8,430,191.1,190.0,190.1,500.0,500.0,0.0,0.0,0.0,0.3,6.54
10.4,205.0,6.19,79.6,431,191.1,190.0,190.1,500.0,500.0,0.0,0.0,0.0,0.3,6.55
10.3,205.1,6.19,79.6,432,191.1,190.0,190.1,500.0,500.0,0.0,0.0,0.0,0.3,6.56
10.3,205.1,6.19,79.8,433,191.1,190.0,190.1,500.0,500.0,0.0,0.0,0.0,0.3,6.58
10.2,205.1,6.19,79.6,434,191.1,190.0,190.1,500.0,500.0,0.0,0.0,0.0,0.3,6.59
10.2,205.1,6.19,79.6,435,191.1,190.0,190.1,500.0,500.0,0.0,0.0,0.0,0.3,6.61
10.3,205.1,6.19,79.8,436,191.1,190.0,190.1,500.0,500.0,0.0,0.0,0.0,0.3,6.62
10.3,205.0,6.19,79.6,437,191.1,190.0,190.1,500.0,500.0,0.0,0.0,0.0,0.3,6.63
10.2,205.0,6.19,79.6,438,191.1,190.0,190.1,500.0,500.0,0.0,0.0,0.0,0.3,6.65
10.3,205.0,6.19,79.8,439,191.1,190.0,190.1,500.0,500.0,0.0,0.0,0.0,0.3,6.66
10.3,205.0,6.19,79.8,440,191.1,190.0,190.1,500.0,500.0,0.0,0.0,0.0,0.3,6.67
10.4,205.0,6.19,79.6,441,191.1,190.0,190.1,500.0,500.0,0.0,0.0,0.0,0.3,6.69
10.3,205.0,6.19,79.8,442,191.1,190.0,190.2,500.0,500.0,0.0,0.0,0.0,0.3,6.70
10.3,205.0,6.19,79.8,443,191.1,190.0,190.2,500.0,500.0,0.0,0.0,0.0,0.3,6.71
10.3,205.0,6.19,79.8,444,191.1,190.0,190.2,500.0,500.0,0.0,0.0,0.0,0.3,6.73
10.2,205.0,6.19,79.8,445,191.1,190.0,190.2,500.0,500.0,0.0,0.0,0.0,0.3,6.74
10.2,205.0,6.19,79.8,446,191.1,190.0,190.2,500.0,500.0,0.0,0.0,0.0,0.3,6.76
10.3,205.0,6.19,79.8,447,191.1,190.0,190.2,500.0,500.0,0.0,0.0,0.0,0.3,6.77
10.2,205.1,6.19,79.8,448,191.1,190.0,190.2,500.0,500.0,0.0,0.0,0.0,0.3,6.78
10.2,205.1,6.19,79.8,449,191.1,190.0,190.2,500.0,500.0,0.0,0.0,0.0,0.3,6.80
10.2,205.1,6.19,79.6,450,191.1,190.0,190.2,500.0,500.0,0.0,0.0,0.0,0.3,6.81
10.2,205.1,6.19,79.8,451,191.1,190.0,190.2,500.0,500.0,0.0,0.0,0.0,0.3,6.82
10.1,205.1,6.19,79.8,452,191.1,190.0,190.2,500.0,500.0,0.0,0.0,0.0,0.3,6.84
10.2,205.1,6.19,79.6,453,191.1,190.0,190.2,500.0,500.0,0.0,0.0,0.0,0.3,6.85
10.2,205.2,6.19,79.6,454,191.1,190.0,190.2,500.0,500.0,0.0,0.0,0.0,0.3,6.86
10.2,205.1,6.19,79.8,455,191.1,190.0,190.2,500.0,500.0,0.0,0.0,0.0,0.3,6.88
10.1,205.1,6.19,79.8,456,191.1,190.0,190.2,500.0,500.0,0.0,0.0,0.0,0.3,6.89
10.2,205.1,6.19,79.6,457,191.1,190.0,190.2,500.0,500.0,0.0,0.0,0.0,0.3,6.90
10.2,205.1,6.19,79.8,458,191.1,190.0,190.2,500.0,500.0,0.0,0.0,0.0,0.3,6.92
10.1,205.1,6.19,79.8,459,191.1,190.0,190.2,500.0,500.0,0.0,0.0,0.0,0.3,6.93
10.1,205.1,6.19,79.6,460,191.1,190.0,190.2,500.0,500.0,0.0,0.0,0.0,0.3,6.95
10.1,205.1,6.19,79.6,461,191.1,190.0,190.2,500.0,500.0,0.0,0.0,0.0,0.3,6.96
10.1,205.1,6.19,79.8,462,191.1,190.0,190.2,500.0,500.0,0.0,0.0,0.0,0.3,6.97
10.1,205.0,6.19,79.8,463,191.1,190.0,190.2,500.0,500.0,0.0,0.0,0.0,0.3,6.99
10.1,205.0,6.19,79.6,464,191.1,190.0,190.2,500.0,500.0,0.0,0.0,0.0,0.3,7.00
10.1,205.0,6.19,79.8,465,191.1,190.0,190.2,500.0,500.0,0.0,0.0,0.0,0.3,7.01
10.1,205.0,6.19,79.6,466,191.1,190.0,190.2,500.0,500.0,0.0,0.0,0.0,0.3,7.03
10.1,205.1,6.19,79.6,467,191.1,190.0,190.2,500.0,500.0,0.0,0.0,0.0,0.3,7.04
10.2,205.1,6.19,79.6,468,191.1,190.0,190.2,500.0,500.0,0.0,0.0,0.0,0.3,7.05
10.1,205.1,6.19,79.6,469,191.1,190.0,190.2,500.0,500.0,0.0,0.0,0.0,0.3,7.07
10.2,205.1,6.19,79.6,470,191.0,190.0,190.2,500.0,500.0,0.0,0.0,0.0,0.3,7.08
10.2,205.1,6.19,79.8,471,191.0,190.0,190.2,500.0,500.0,0.0,0.0,0.0,0.3,7.09
10.1,205.1,6.19,79.6,472,191.0,190.0,190.2,500.0,500.0,0.0,0.0,0.0,0.3,7.11
10.2,205.1,6.19,79.6,473,191.0,190.0,190.2,500.0,500.0,0.0,0.0,0.0,0.3,7.12
10.2,205.1,6.19,79.8,474,191.0,190.0,190.2,500.0,500.0,0.0,0.0,0.0,0.3,7.13
10.2,205.2,6.19,79.6,475,191.0,190.0,190.2,500.0,500.0,0.0,0.0,0.0,0.3,7.15
10.3,205.2,6.19,79.6,476,191.0,190.0,190.2,500.0,500.0,0.0,0.0,0.0,0.3,7.16
10.3,205.2,6.19,79.8,477,191.0,190.0,190.2,500.0,500.0,0.0,0.0,0.0,0.3,7.17
10.2,205.1,6.19,79.8,478,191.0,190.0,190.2,500.0,500.0,0.0,0.0,0.0,0.3,7.19
10.2,205.1,6.19,79.6,479,191.0,190.0,190.2,500.0,500.0,0.0,0.0,0.0,0.3,7.20
10.1,205.1,6.19,79.8,480,191.0,190.0,190.2,500.0,500.0,0.0,0.0,0.0,0.3,7.21
10.1,205.2,6.19,79.8,481,190.9,190.0,190.2,500.0,500.0,0.0,0.0,0.0,0.3,7.23
10.1,205.2,6.19,79.6,482,190.9,190.0,190.2,500.0,500.0,0.0,0.0,0.0,0.3,7.24
10.0,205.2,6.19,79.6,483,190.9,190.0,190.2,500.0,500.0,0.0,0.0,0.0,0.3,7.25
10.2,205.2,6.19,79.8,484,190.9,190.0,190.2,500.0,500.0,0.0,0.0,0.0,0.3,7.27
10.2,205.2,6.19,79.6,485,190.9,190.0,190.2,500.0,500.0,0.0,0.0,0.0,0.3,7.28
10.2,205.2,6.19,79.4,486,190.9,190.0,190.2,500.0,500.0,0.0,0.0,0.0,0.3,7.30
10.4,205.2,6.19,79.6,487,190.9,190.0,190.2,500.0,500.0,0.0,0.0,0.0,0.3,7.31
10.4,205.2,6.19,79.6,488,190.9,190.0,190.2,500.0,500.0,0.0,0.0,0.0,0.3,7.32
10.3,205.2,6.19,79.4,489,190.9,190.0,190.2,500.0,500.0,0.0,0.0,0.0,0.3,7.34
10.4,205.1,6.19,79.6,490,190.9,190.0,190.2,500.0,500.0,0.0,0.0,0.0,0.3,7.35
10.3,205.1,6.19,79.8,491,190.9,190.0,190.2,500.0,500.0,0.0,0.0,0.0,0.3,7.36
10.2,205.1,6.19,79.6,492,190.9,190.0,190.2,500.0,500.0,0.0,0.0,0.0,0.3,7.38
10.2,205.1,6.19,79.6,493,190.8,190.0,190.2,500.0,500.0,0.0,0.0,0.0,0.3,7.39
10.2,205.1,6.19,79.8,494,190.8,190.0,190.2,500.0,500.0,0.0,0.0,0.0,0.3,7.40
10.1,205.1,6.19,79.6,495,190.8,190.0,190.2,500.0,500.0,0.0,0.0,0.0,0.3,7.42
10.1,205.1,6.19,79.6,496,190.8,190.0,190.2,500.0,500.0,0.0,0.0,0.0,0.3,7.43
10.1,205.1,6.19,79.8,497,190.8,190.0,190.2,500.0,500.0,0.0,0.0,0.0,0.3,7.45
10.2,205.1,6.19,79.8,498,190.8,190.0,190.2,500.0,500.0,0.0,0.0,0.0,0.3,7.46
10.2,205.0,6.19,79.6,499,190.8,190.0,190.2,500.0,500.0,0.0,0.0,0.0,0.3,7.47
10.2,205.0,6.19,79.8,500,190.8,190.0,190.2,500.0,500.0,0.0,0.0,0.0,0.3,7.49
10.2,205.1,6.19,79.8,501,190.7,190.0,190.2,500.0,500.0,0.0,0.0,0.0,0.3,7.50
10.3,205.1,6.19,79.6,502,190.7,190.0,190.2,500.0,500.0,0.0,0.0,0.0,0.3,7.51
10.1,205.1,6.19,79.6,503,190.7,190.0,190.2,500.0,500.0,0.0,0.0,0.0,0.3,7.53
10.2,205.1,6.19,79.8,504,190.7,190.0,190.2,500.0,500.0,0.0,0.0,0.0,0.3,7.54
10.1,205.1,6.19,79.8,505,190.7,190.0,190.2,500.0,500.0,0.0,0.0,0.0,0.3,7.55
10.0,205.1,6.19,79.8,506,190.7,190.0,190.2,500.0,500.0,0.0,0.0,0.0,0.3,7.57
10.0,205.1,6.19,79.8,507,190.7,190.0,190.2,500.0,500.0,0.0,0.0,0.0,0.3,7.58
10.1,205.2,6.19,79.8,508,190.7,190.0,190.2,500.0,500.0,0.0,0.0,0.0,0.3,7.59
10.1,205.2,6.19,79.8,509,190.8,190.0,190.3,500.0,500.0,0.0,0.0,0.0,0.3,7.61
10.2,205.1,6.19,79.8,510,190.8,190.0,190.3,500.0,500.0,0.0,0.0,0.0,0.3,7.62
10.3,205.1,6.19,79.6,511,190.8,190.0,190.3,500.0,500.0,0.0,0.0,0.0,0.3,7.63
10.3,205.1,6.19,79.8,512,190.7,190.0,190.3,500.0,500.0,0.0,0.0,0.0,0.3,7.65
10.4,205.1,6.19,79.8,513,190.7,190.0,190.3,500.0,500.0,0.0,0.0,0.0,0.3,7.66
10.4,205.1,6.19,79.6,514,190.7,190.0,190.3,500.0,500.0,0.0,0.0,0.0,0.3,7.68
10.3,205.1,6.19,79.6,515,190.7,190.0,190.3,500.0,500.0,0.0,0.0,0.0,0.3,7.69
10.3,205.2,6.19,79.8,516,190.7,190.0,190.3,500.0,500.0,0.0,0.0,0.0,0.3,7.70
10.3,205.2,6.19,79.6,517,190.7,190.0,190.3,500.0,500.0,0.0,0.0,0.0,0.3,7.72
10.3,205.2,6.19,79.4,518,190.7,190.0,190.3,500.0,500.0,0.0,0.0,0.0,0.3,7.73
10.3,205.2,6.19,79.6,519,190.7,190.0,190.3,500.0,500.0,0.0,0.0,0.0,0.3,7.74
10.5,205.1,6.19,79.6,520,190.7,190.0,190.3,500.0,500.0,0.0,0.0,0.0,0.3,7.76
10.6,205.1,6.19,79.4,521,190.6,190.0,190.3,500.0,500.0,0.0,0.0,0.0,0.3,7.77
10.5,205.2,6.19,79.6,522,190.6,190.0,190.3,500.0,500.0,0.0,0.0,0.0,0.3,7.79
10.4,205.2,6.19,79.8,523,190.6,190.0,190.3,500.0,500.0,0.0,0.0,0.0,0.3,7.80
10.3,205.2,6.19,79.6,524,190.6,190.0,190.3,500.0,500.0,0.0,0.0,0.0,0.3,7.81
10.3,205.2,6.19,79.6,525,190.6,190.0,190.3,500.0,500.0,0.0,0.0,0.0,0.3,7.83
10.1,205.1,6.19,79.8,526,190.6,190.0,190.3,500.0,500.0,0.0,0.0,0.0,0.3,7.84
10.1,205.1,6.19,79.6,527,190.6,190.0,190.3,500.0,500.0,0.0,0.0,0.0,0.3,7.85
10.1,205.1,6.19,79.6,528,190.5,190.0,190.3,500.0,500.0,0.0,0.0,0.0,0.3,7.87
10.1,205.1,6.19,79.8,529,190.5,190.0,190.3,500.0,500.0,0.0,0.0,0.0,0.3,7.88
10.1,205.2,6.19,79.6,530,190.5,190.0,190.3,500.0,500.0,0.0,0.0,0.0,0.3,7.89
10.2,205.2,6.19,79.6,531,190.5,190.0,190.3,500.0,500.0,0.0,0.0,0.0,0.3,7.91
10.2,205.1,6.19,79.8,532,190.5,190.0,190.3,500.0,500.0,0.0,0.0,0.0,0.3,7.92
10.3,205.1,6.19,79.6,533,190.5,190.0,190.3,500.0,500.0,0.0,0.0,0.0,0.3,7.93
10.4,205.1,6.19,79.6,534,190.5,190.0,190.3,500.0,500.0,0.0,0.0,0.0,0.3,7.95
10.3,205.1,6.19,79.8,535,190.5,190.0,190.3,500.0,500.0,0.0,0.0,0.0,0.3,7.96
10.3,205.1,6.19,79.8,536,190.5,190.0,190.3,500.0,500.0,0.0,0.0,0.0,0.3,7.98
10.2,205.1,6.19,79.6,537,190.5,190.0,190.2,500.0,500.0,0.0,0.0,0.0,0.3,7.99
10.1,205.1,6.19,79.8,538,190.5,190.0,190.2,500.0,500.0,0.0,0.0,0.0,0.3,8.00
10.1,205.1,6.19,79.8,539,190.5,190.0,190.2,500.0,500.0,0.0,0.0,0.0,0.3,8.02
10.1,205.0,6.19,79.8,540,190.5,190.0,190.2,500.0,500.0,0.0,0.0,0.0,0.3,8.03
10.1,205.0,6.19,79.8,541,190.5,190.0,190.2,500.0,500.0,0.0,0.0,0.0,0.3,8.04
10.3,205.1,6.19,80.0,542,190.5,190.0,190.2,500.0,500.0,0.0,0.0,0.0,0.3,8.06
10.3,205.1,6.19,79.8,543,190.5,190.0,190.2,500.0,500.0,0.0,0.0,0.0,0.3,8.07
10.3,205.1,6.19,79.8,544,190.5,190.0,190.2,500.0,500.0,0.0,0.0,0.0,0.3,8.08
10.3,205.1,6.19,79.8,545,190.5,190.0,190.2,500.0,500.0,0.0,0.0,0.0,0.3,8.10
10.3,205.1,6.19,79.6,546,190.5,190.0,190.2,500.0,500.0,0.0,0.0,0.0,0.3,8.11
10.4,205.1,6.19,79.6,547,190.5,190.0,190.2,500.0,500.0,0.0,0.0,0.0,0.3,8.13
10.3,205.0,6.19,79.8,548,190.5,190.0,190.2,500.0,500.0,0.0,0.0,0.0,0.3,8.14
10.2,205.0,6.19,79.6,549,190.5,190.0,190.2,500.0,500.0,0.0,0.0,0.0,0.3,8.15
10.2,205.0,6.19,79.6,550,190.5,190.0,190.2,500.0,500.0,0.0,0.0,0.0,0.3,8.17
10.1,205.0,6.19,79.8,551,190.5,190.0,190.2,500.0,500.0,0.0,0.0,0.0,0.3,8.18
10.0,205.0,6.19,79.6,552,190.5,190.0,190.2,500.0,500.0,0.0,0.0,0.0,0.3,8.19
10.0,205.0,6.19,79.6,553,190.5,190.0,190.2,500.0,500.0,0.0,0.0,0.0,0.3,8.21
10.1,205.0,6.19,79.8,554,190.5,190.0,190.2,500.0,500.0,0.0,0.0,0.0,0.3,8.22
10.2,205.0,6.19,79.8,555,190.5,190.0,190.2,500.0,500.0,0.0,0.0,0.0,0.3,8.23
10.2,205.0,6.19,79.6,556,190.5,190.0,190.1,500.0,500.0,0.0,0.0,0.0,0.3,8.25
10.3,205.0,6.19,79.8,557,190.5,190.0,190.1,500.0,500.0,0.0,0.0,0.0,0.3,8.26
10.3,205.0,6.19,79.8,558,190.5,190.0,190.1,500.0,500.0,0.0,0.0,0.0,0.3,8.27
10.2,205.0,6.19,79.6,559,190.5,190.0,190.1,500.0,500.0,0.0,0.0,0.0,0.3,8.29
10.2,205.0,6.19,79.6,560,190.5,190.0,190.1,500.0,500.0,0.0,0.0,0.0,0.3,8.30
10.2,204.9,6.19,79.8,561,190.5,190.0,190.1,500.0,500.0,0.0,0.0,0.0,0.3,8.32
10.1,204.9,6.19,79.6,562,190.5,190.0,190.1,500.0,500.0,0.0,0.0,0.0,0.3,8.33
10.1,204.9,6.19,79.6,563,190.5,190.0,190.1,500.0,500.0,0.0,0.0,0.0,0.3,8.34
10.2,204.9,6.19,79.8,564,190.5,190.0,190.1,500.0,500.0,0.0,0.0,0.0,0.3,8.36
10.0,204.9,6.19,79.6,565,190.5,190.0,190.1,500.0,500.0,0.0,0.0,0.0,0.3,8.37
10.0,204.9,6.19,79.4,566,190.5,190.0,190.1,500.0,500.0,0.0,0.0,0.0,0.3,8.38
10.1,204.9,6.19,79.6,567,190.5,190.0,190.1,500.0,500.0,0.0,0.0,0.0,0.3,8.40
10.0,204.9,6.19,79.6,568,190.5,190.0,190.1,500.0,500.0,0.0,0.0,0.0,0.3,8.41
10.0,204.9,6.19,79.6,569,190.5,190.0,190.1,500.0,500.0,0.0,0.0,0.0,0.3,8.42
10.0,204.9,6.19,79.8,570,190.5,190.0,190.1,500.0,500.0,0.0,0.0,0.0,0.3,8.43
10.0,204.9,6.19,79.8,571,190.5,190.0,190.1,500.0,500.0,0.0,0.0,0.0,0.3,8.45
10.0,204.9,6.19,79.8,572,190.5,190.0,190.1,500.0,500.0,0.0,0.0,0.0,0.3,8.46
10.0,204.9,6.19,79.8,573,190.6,190.0,190.1,500.0,500.0,0.0,0.0,0.0,0.3,8.47
10.0,204.9,6.19,79.8,574,190.6,190.0,190.1,500.0,500.0,0.0,0.0,0.0,0.3,8.49
10.0,204.9,6.19,79.6,575,190.6,190.0,190.1,500.0,500.0,0.0,0.0,0.0,0.3,8.50
9.9,204.9,6.19,79.8,576,190.6,190.0,190.1,500.0,500.0,0.0,0.0,0.0,0.3,8.51
9.9,204.9,6.19,79.8,577,190.6,190.0,190.1,500.0,500.0,0.0,0.0,0.0,0.3,8.53
10.0,204.9,6.19,79.6,578,190.6,190.0,190.1,500.0,500.0,0.0,0.0,0.0,0.3,8.54
10.0,204.9,6.19,79.6,579,190.6,190.0,190.1,500.0,500.0,0.0,0.0,0.0,0.3,8.55
10.2,204.9,6.19,79.8,580,190.6,190.0,190.1,500.0,500.0,0.0,0.0,0.0,0.3,8.57
10.3,204.9,6.19,79.6,581,190.6,190.0,190.1,500.0,500.0,0.0,0.0,0.0,0.3,8.58
10.2,204.9,6.19,79.4,582,190.6,190.0,190.1,500.0,500.0,0.0,0.0,0.0,0.3,8.60
10.2,204.9,6.19,79.6,583,190.6,190.0,190.1,500.0,500.0,0.0,0.0,0.0,0.3,8.61
10.2,204.9,6.19,79.6,584,190.6,190.0,190.1,500.0,500.0,0.0,0.0,0.0,0.3,8.62
10.1,204.9,6.19,79.4,585,190.6,190.0,190.1,500.0,500.0,0.0,0.0,0.0,0.3,8.64
10.0,204.9,6.19,79.6,586,190.7,190.0,190.1,500.0,500.0,0.0,0.0,0.0,0.3,8.65
10.1,204.9,6.19,79.8,587,190.7,190.0,190.1,500.0,500.0,0.0,0.0,0.0,0.3,8.66
10.1,204.9,6.19,79.6,588,190.7,190.0,190.1,500.0,500.0,0.0,0.0,0.0,0.3,8.68
10.0,204.9,6.19,79.6,589,190.7,190.0,190.1,500.0,500.0,0.0,0.0,0.0,0.3,8.69
10.1,204.9,6.19,79.8,590,190.7,190.0,190.1,500.0,500.0,0.0,0.0,0.0,0.3,8.70
10.1,204.9,6.19,79.6,591,190.7,190.0,190.1,500.0,500.0,0.0,0.0,0.0,0.3,8.72
10.0,204.9,6.19,79.6,592,190.7,190.0,190.1,500.0,500.0,0.0,0.0,0.0,0.3,8.73
10.0,205.0,6.19,79.8,593,190.7,190.0,190.1,500.0,500.0,0.0,0.0,0.0,0.3,8.74
10.1,204.9,6.19,79.6,594,190.7,190.0,190.1,500.0,500.0,0.0,0.0,0.0,0.3,8.76
10.1,204.9,6.19,79.6,595,190.7,190.0,190.1,500.0,500.0,0.0,0.0,0.0,0.3,8.77
10.0,204.9,6.19,79.8,596,190.7,190.0,190.1,500.0,500.0,0.0,0.0,0.0,0.3,8.78
10.1,204.9,6.19,79.6,597,190.7,190.0,190.1,500.0,500.0,0.0,0.0,0.0,0.3,8.80
10.0,204.8,6.19,79.6,598,190.7,190.0,190.1,500.0,500.0,0.0,0.0,0.0,0.3,8.81
10.0,204.8,6.19,79.8,599,190.7,190.0,190.1,500.0,500.0,0.0,0.0,0.0,0.3,8.82
