扭矩,料温,压力,转速,时间,温度1,温度2,温度3,温度4,温度5,温度6,温度7,温度8,顶栓,能量
1.7,186.1,6.19,0.8,0,189.5,190.1,190.0,500.0,500.0,0.0,0.0,0.0,0.3,0.00
1.7,186.2,6.19,7.2,1,189.5,190.0,190.0,500.0,500.0,0.0,0.0,0.0,0.3,0.00
1.6,186.3,6.19,17.0,2,189.5,190.0,190.0,500.0,500.0,0.0,0.0,0.0,0.3,0.00
1.5,186.2,6.19,26.8,3,189.5,190.0,190.0,500.0,500.0,0.0,0.0,0.0,0.3,0.00
1.4,186.0,6.19,36.8,4,189.5,190.0,190.0,500.0,500.0,0.0,0.0,0.0,0.3,0.00
1.4,185.3,6.19,46.0,5,189.5,190.0,190.0,500.0,500.0,0.0,0.0,0.0,0.3,0.00
1.3,184.5,6.19,49.6,6,189.6,190.0,190.0,500.0,500.0,0.0,0.0,0.0,0.3,0.00
1.3,183.6,6.19,49.8,7,189.6,190.0,190.0,500.0,500.0,0.0,0.0,0.0,0.3,0.01
1.3,183.0,6.19,49.8,8,189.6,190.0,190.0,500.0,500.0,0.0,0.0,0.0,0.3,0.01
1.9,182.3,6.19,49.6,9,189.6,190.0,190.0,500.0,500.0,0.0,0.0,0.0,0.3,0.01
7.1,181.6,6.19,49.6,10,189.7,190.0,190.0,500.0,500.0,0.0,0.0,0.0,0.3,0.01
11.6,179.6,6.19,49.6,11,189.7,190.0,190.0,500.0,500.0,0.0,0.0,0.0,0.3,0.02
15.6,176.6,6.19,49.6,12,189.7,190.0,189.9,500.0,500.0,0.0,0.0,0.0,0.3,0.04
19.7,172.9,6.19,49.8,13,189.7,190.0,189.9,500.0,500.0,0.0,0.0,0.0,0.3,0.05
23.3,169.9,6.19,50.0,14,189.7,190.0,189.9,500.0,500.0,0.0,0.0,0.0,0.3,0.07
22.5,167.6,6.19,49.8,15,189.8,189.9,189.9,500.0,500.0,0.0,0.0,0.0,0.3,0.09
22.9,166.0,6.19,49.8,16,189.8,189.9,189.8,500.0,500.0,0.0,0.0,0.0,0.3,0.11
22.9,165.2,6.19,49.8,17,189.8,189.9,189.8,500.0,500.0,0.0,0.0,0.0,0.3,0.13
22.9,164.6,6.19,49.8,18,189.8,189.9,189.7,500.0,500.0,0.0,0.0,0.0,0.3,0.15
23.3,164.2,6.19,49.8,19,189.8,189.8,189.7,500.0,500.0,0.0,0.0,0.0,0.3,0.17
23.9,163.5,6.19,49.8,20,189.8,189.7,189.7,500.0,500.0,0.0,0.0,0.0,0.3,0.19
24.5,162.9,6.20,49.8,21,189.8,189.7,189.7,500.0,500.0,0.0,0.0,0.0,0.3,0.21
25.4,162.4,6.20,49.8,22,189.8,189.7,189.7,500.0,500.0,0.0,0.0,0.0,0.3,0.23
25.8,162.2,6.20,49.6,23,189.7,189.7,189.6,500.0,500.0,0.0,0.0,0.0,0.3,0.25
25.5,162.1,6.20,49.6,24,189.7,189.7,189.5,500.0,500.0,0.0,0.0,0.0,0.3,0.27
24.8,162.1,6.20,49.6,25,189.7,189.7,189.5,500.0,500.0,0.0,0.0,0.0,0.3,0.29
23.5,162.3,6.20,49.6,26,189.7,189.7,189.5,500.0,500.0,0.0,0.0,0.0,0.3,0.31
22.3,162.6,6.20,49.6,27,189.6,189.7,189.4,500.0,500.0,0.0,0.0,0.0,0.3,0.33
21.0,163.1,6.20,49.6,28,189.5,189.7,189.3,500.0,500.0,0.0,0.0,0.0,0.3,0.35
19.7,163.7,6.20,49.6,29,189.5,189.7,189.3,500.0,500.0,0.0,0.0,0.0,0.3,0.36
18.1,164.2,6.20,49.8,30,189.5,189.7,189.3,500.0,500.0,0.0,0.0,0.0,0.3,0.38
16.7,164.9,6.19,49.8,31,189.5,189.7,189.2,500.0,500.0,0.0,0.0,0.0,0.3,0.39
15.4,165.5,6.19,49.8,32,189.5,189.9,189.1,500.0,500.0,0.0,0.0,0.0,0.3,0.40
14.9,166.2,6.19,50.0,33,189.5,189.9,189.1,500.0,500.0,0.0,0.0,0.0,0.3,0.42
13.9,166.7,6.19,49.8,34,189.4,189.9,189.1,500.0,500.0,0.0,0.0,0.0,0.3,0.43
13.2,167.2,6.19,49.8,35,189.3,190.0,189.0,500.0,500.0,0.0,0.0,0.0,0.3,0.44
11.9,167.7,6.19,49.8,36,189.3,190.0,188.9,500.0,500.0,0.0,0.0,0.0,0.3,0.45
11.4,168.2,6.19,49.8,37,189.3,190.0,188.9,500.0,500.0,0.0,0.0,0.0,0.3,0.46
10.3,168.8,6.19,49.8,38,189.3,190.0,188.9,500.0,500.0,0.0,0.0,0.0,0.3,0.47
10.0,169.4,6.19,49.8,39,189.3,190.0,188.8,500.0,500.0,0.0,0.0,0.0,0.3,0.48
9.7,169.8,6.19,49.8,40,189.3,190.0,188.7,500.0,500.0,0.0,0.0,0.0,0.3,0.48
9.9,170.2,6.19,49.8,41,189.3,190.0,188.7,500.0,500.0,0.0,0.0,0.0,0.3,0.49
9.8,170.5,6.19,49.8,42,189.2,190.0,188.7,500.0,500.0,0.0,0.0,0.0,0.3,0.50
9.9,170.8,6.19,49.8,43,189.2,190.0,188.7,500.0,500.0,0.0,0.0,0.0,0.3,0.51
9.8,171.2,6.19,50.0,44,189.2,190.0,188.7,500.0,500.0,0.0,0.0,0.0,0.3,0.52
9.5,171.5,6.19,50.0,45,189.2,190.0,188.7,500.0,500.0,0.0,0.0,0.0,0.3,0.52
9.0,172.1,6.19,50.0,46,189.2,190.0,188.7,500.0,500.0,0.0,0.0,0.0,0.3,0.53
8.7,172.6,6.19,50.0,47,189.2,190.0,188.7,500.0,500.0,0.0,0.0,0.0,0.3,0.54
8.4,173.1,6.19,49.8,48,189.2,190.0,188.6,500.0,500.0,0.0,0.0,0.0,0.3,0.55
8.1,173.6,6.19,49.8,49,189.2,190.0,188.6,500.0,500.0,0.0,0.0,0.0,0.3,0.55
7.9,174.1,6.19,49.6,50,189.2,190.0,188.6,500.0,500.0,0.0,0.0,0.0,0.3,0.56
7.9,174.5,6.19,49.6,51,189.2,190.0,188.6,500.0,500.0,0.0,0.0,0.0,0.3,0.57
7.9,175.0,6.19,49.6,52,189.2,190.0,188.6,500.0,500.0,0.0,0.0,0.0,0.3,0.57
8.0,175.4,6.19,49.6,53,189.3,190.0,188.6,500.0,500.0,0.0,0.0,0.0,0.3,0.58
8.1,175.9,6.19,49.6,54,189.3,190.0,188.6,500.0,500.0,0.0,0.0,0.0,0.3,0.59
8.2,176.3,6.19,49.8,55,189.3,190.0,188.6,500.0,500.0,0.0,0.0,0.0,0.3,0.59
8.0,176.7,6.19,49.8,56,189.3,190.0,188.6,500.0,500.0,0.0,0.0,0.0,0.3,0.60
8.0,177.1,6.19,49.8,57,189.3,190.0,188.6,500.0,500.0,0.0,0.0,0.0,0.3,0.61
7.9,177.6,6.19,50.0,58,189.4,190.0,188.6,500.0,500.0,0.0,0.0,0.0,0.3,0.61
7.8,178.0,6.19,49.8,59,189.5,190.0,188.6,500.0,500.0,0.0,0.0,0.0,0.3,0.62
7.6,178.4,6.19,49.8,60,189.5,190.0,188.7,500.0,500.0,0.0,0.0,0.0,0.3,0.63
7.7,178.7,6.19,49.8,61,189.5,190.0,188.8,500.0,500.0,0.0,0.0,0.0,0.3,0.63
7.7,179.1,6.19,49.8,62,189.6,190.0,188.9,500.0,500.0,0.0,0.0,0.0,0.3,0.64
8.0,179.4,6.19,49.8,63,189.7,190.0,188.9,500.0,500.0,0.0,0.0,0.0,0.3,0.64
8.0,179.7,6.19,49.8,64,189.7,189.9,188.9,500.0,500.0,0.0,0.0,0.0,0.3,0.65
8.1,179.9,6.19,49.8,65,189.7,189.9,188.9,500.0,500.0,0.0,0.0,0.0,0.3,0.66
8.3,180.2,6.19,49.8,66,189.7,189.9,188.9,500.0,500.0,0.0,0.0,0.0,0.3,0.66
8.4,180.4,6.19,49.8,67,189.7,189.9,188.9,500.0,500.0,0.0,0.0,0.0,0.3,0.67
8.3,180.6,6.19,49.8,68,189.7,189.9,189.0,500.0,500.0,0.0,0.0,0.0,0.3,0.68
8.2,180.8,6.19,50.0,69,189.8,189.8,189.1,500.0,500.0,0.0,0.0,0.0,0.3,0.69
8.3,181.1,6.19,49.8,70,189.9,189.8,189.1,500.0,500.0,0.0,0.0,0.0,0.3,0.69
8.3,181.4,6.19,49.8,71,189.9,189.8,189.1,500.0,500.0,0.0,0.0,0.0,0.3,0.70
8.4,181.5,6.19,49.8,72,189.9,189.8,189.1,500.0,500.0,0.0,0.0,0.0,0.3,0.71
8.4,181.7,6.19,49.8,73,189.9,189.8,189.2,500.0,500.0,0.0,0.0,0.0,0.3,0.71
8.7,181.9,6.19,49.6,74,189.9,189.8,189.4,500.0,500.0,0.0,0.0,0.0,0.3,0.72
8.9,182.2,6.19,49.8,75,190.0,189.8,189.5,500.0,500.0,0.0,0.0,0.0,0.3,0.73
9.0,182.4,6.19,49.8,76,190.0,189.8,189.5,500.0,500.0,0.0,0.0,0.0,0.3,0.74
8.9,182.6,6.19,49.8,77,190.0,189.8,189.5,500.0,500.0,0.0,0.0,0.0,0.3,0.74
8.9,182.8,6.19,49.8,78,190.0,189.8,189.6,500.0,500.0,0.0,0.0,0.0,0.3,0.75
9.0,183.0,6.19,49.8,79,190.0,189.8,189.7,500.0,500.0,0.0,0.0,0.0,0.3,0.76
9.0,183.2,6.19,49.8,80,190.0,189.8,189.7,500.0,500.0,0.0,0.0,0.0,0.3,0.76
9.2,183.4,6.19,49.8,81,190.0,189.9,189.7,500.0,500.0,0.0,0.0,0.0,0.3,0.77
9.4,183.6,6.19,49.8,82,190.0,190.0,189.8,500.0,500.0,0.0,0.0,0.0,0.3,0.78
9.8,183.8,6.19,49.8,83,190.0,190.0,189.9,500.0,500.0,0.0,0.0,0.0,0.3,0.79
9.8,184.0,6.19,49.8,84,190.0,190.0,190.0,500.0,500.0,0.0,0.0,0.0,0.3,0.80
10.2,184.2,6.19,49.8,85,190.0,190.0,190.0,500.0,500.0,0.0,0.0,0.0,0.3,0.81
10.3,184.3,6.19,49.8,86,190.0,190.0,190.0,500.0,500.0,0.0,0.0,0.0,0.3,0.81
10.2,184.5,6.19,49.8,87,190.0,190.0,190.0,500.0,500.0,0.0,0.0,0.0,0.3,0.82
10.2,184.7,6.19,49.8,88,190.0,190.0,190.0,500.0,500.0,0.0,0.0,0.0,0.3,0.83
10.2,184.9,6.19,50.0,89,190.0,190.0,190.0,500.0,500.0,0.0,0.0,0.0,0.3,0.84
10.0,185.0,6.19,49.8,90,190.0,190.0,190.0,500.0,500.0,0.0,0.0,0.0,0.3,0.85
9.9,185.2,6.19,49.8,91,190.0,190.0,190.0,500.0,500.0,0.0,0.0,0.0,0.3,0.86
10.0,185.3,6.19,49.8,92,190.0,190.0,190.0,500.0,500.0,0.0,0.0,0.0,0.3,0.86
10.0,185.4,6.19,49.8,93,190.0,190.0,190.0,500.0,500.0,0.0,0.0,0.0,0.3,0.87
9.9,185.6,6.19,49.6,94,190.0,190.0,190.0,500.0,500.0,0.0,0.0,0.0,0.3,0.88
10.0,185.8,6.19,49.8,95,190.0,190.0,190.0,500.0,500.0,0.0,0.0,0.0,0.3,0.89
10.0,186.0,6.19,49.8,96,190.0,190.0,190.0,500.0,500.0,0.0,0.0,0.0,0.3,0.90
10.1,186.2,6.19,49.8,97,190.0,190.0,190.0,500.0,500.0,0.0,0.0,0.0,0.3,0.91
10.1,186.3,6.19,49.8,98,190.0,190.0,190.0,500.0,500.0,0.0,0.0,0.0,0.3,0.91
10.1,186.5,6.19,49.8,99,190.0,190.0,190.0,500.0,500.0,0.0,0.0,0.0,0.3,0.92
10.0,186.6,6.19,49.6,100,190.0,190.0,190.0,500.0,500.0,0.0,0.0,0.0,0.3,0.93
10.3,186.8,6.19,49.6,101,190.0,190.0,190.0,500.0,500.0,0.0,0.0,0.0,0.3,0.94
10.3,186.9,6.19,49.6,102,190.0,190.0,190.0,500.0,500.0,0.0,0.0,0.0,0.3,0.95
10.3,187.0,6.19,49.6,103,190.0,190.0,190.0,500.0,500.0,0.0,0.0,0.0,0.3,0.96
10.5,187.2,6.19,49.6,104,190.0,190.0,190.0,500.0,500.0,0.0,0.0,0.0,0.3,0.96
10.7,187.3,6.19,49.8,105,190.0,190.0,190.0,500.0,500.0,0.0,0.0,0.0,0.3,0.97
10.6,187.4,6.19,49.8,106,190.0,190.0,190.1,500.0,500.0,0.0,0.0,0.0,0.3,0.98
10.5,187.5,6.19,49.8,107,190.0,190.0,190.1,500.0,500.0,0.0,0.0,0.0,0.3,0.99
10.5,187.6,6.19,49.8,108,190.0,190.0,190.1,500.0,500.0,0.0,0.0,0.0,0.3,1.00
10.4,187.7,6.19,49.8,109,190.0,190.0,190.1,500.0,500.0,0.0,0.0,0.0,0.3,1.01
10.2,187.8,6.19,49.8,110,190.0,190.0,190.1,500.0,500.0,0.0,0.0,0.0,0.3,1.02
10.1,187.9,6.19,49.8,111,190.0,190.0,190.1,500.0,500.0,0.0,0.0,0.0,0.3,1.03
10.2,187.9,6.19,49.8,112,190.1,190.0,190.1,500.0,500.0,0.0,0.0,0.0,0.3,1.03
10.3,188.0,6.19,49.8,113,190.1,190.0,190.2,500.0,500.0,0.0,0.0,0.0,0.3,1.04
10.2,188.1,6.19,50.0,114,190.1,190.0,190.2,500.0,500.0,0.0,0.0,0.0,0.3,1.05
10.1,188.2,6.19,49.8,115,190.1,190.0,190.2,500.0,500.0,0.0,0.0,0.0,0.3,1.06
10.1,188.3,6.19,49.8,116,190.1,190.0,190.2,500.0,500.0,0.0,0.0,0.0,0.3,1.07
10.2,188.4,6.19,49.8,117,190.1,190.0,190.2,500.0,500.0,0.0,0.0,0.0,0.3,1.08
10.4,188.6,6.19,49.8,118,190.1,190.0,190.2,500.0,500.0,0.0,0.0,0.0,0.3,1.08
10.4,188.7,6.19,49.8,119,190.1,190.0,190.2,500.0,500.0,0.0,0.0,0.0,0.3,1.09
10.6,188.8,6.19,49.8,120,190.2,190.0,190.3,500.0,500.0,0.0,0.0,0.0,0.3,1.10
10.5,188.9,6.19,49.8,121,190.2,190.0,190.3,500.0,500.0,0.0,0.0,0.0,0.3,1.11
10.3,189.0,6.19,49.8,122,190.2,190.0,190.3,500.0,500.0,0.0,0.0,0.0,0.3,1.12
10.2,189.1,6.19,49.8,123,190.2,190.0,190.3,500.0,500.0,0.0,0.0,0.0,0.3,1.13
10.1,189.2,6.19,49.6,124,190.2,190.0,190.3,500.0,500.0,0.0,0.0,0.0,0.3,1.14
10.0,189.3,6.19,49.8,125,190.2,190.0,190.3,500.0,500.0,0.0,0.0,0.0,0.3,1.14
10.1,189.4,6.19,49.8,126,190.2,190.0,190.3,500.0,500.0,0.0,0.0,0.0,0.3,1.15
10.2,189.5,6.19,49.8,127,190.2,190.0,190.3,500.0,500.0,0.0,0.0,0.0,0.3,1.16
10.3,189.6,6.19,49.8,128,190.2,190.0,190.3,500.0,500.0,0.0,0.0,0.0,0.3,1.17
10.3,189.8,6.19,49.8,129,190.2,190.0,190.3,500.0,500.0,0.0,0.0,0.0,0.3,1.18
10.1,189.9,6.19,49.8,130,190.2,190.0,190.3,500.0,500.0,0.0,0.0,0.0,0.3,1.19
10.0,190.0,6.19,49.8,131,190.3,190.0,190.3,500.0,500.0,0.0,0.0,0.0,0.3,1.20
10.0,190.1,6.19,49.8,132,190.3,190.0,190.3,500.0,500.0,0.0,0.0,0.0,0.3,1.20
10.0,190.2,6.19,49.8,133,190.3,190.0,190.3,500.0,500.0,0.0,0.0,0.0,0.3,1.21
10.2,190.2,6.19,49.8,134,190.3,190.0,190.3,500.0,500.0,0.0,0.0,0.0,0.3,1.22
10.4,190.3,6.19,49.8,135,190.3,190.0,190.3,500.0,500.0,0.0,0.0,0.0,0.3,1.23
10.4,190.4,6.19,49.8,136,190.3,190.0,190.3,500.0,500.0,0.0,0.0,0.0,0.3,1.24
10.4,190.5,6.19,49.8,137,190.3,190.0,190.3,500.0,500.0,0.0,0.0,0.0,0.3,1.25
10.3,190.6,6.19,49.8,138,190.3,190.0,190.3,500.0,500.0,0.0,0.0,0.0,0.3,1.25
10.2,190.7,6.19,50.0,139,190.3,190.0,190.3,500.0,500.0,0.0,0.0,0.0,0.3,1.26
10.1,190.8,6.19,49.8,140,190.3,190.0,190.2,500.0,500.0,0.0,0.0,0.0,0.3,1.27
10.1,190.9,6.19,49.8,141,190.3,190.0,190.2,500.0,500.0,0.0,0.0,0.0,0.3,1.28
10.1,190.9,6.19,49.8,142,190.3,190.0,190.2,500.0,500.0,0.0,0.0,0.0,0.3,1.29
10.1,191.0,6.19,49.8,143,190.3,190.0,190.2,500.0,500.0,0.0,0.0,0.0,0.3,1.30
10.1,191.1,6.19,49.6,144,190.3,190.0,190.2,500.0,500.0,0.0,0.0,0.0,0.3,1.31
10.1,191.1,6.19,49.8,145,190.3,190.0,190.2,500.0,500.0,0.0,0.0,0.0,0.3,1.31
10.0,191.2,6.19,49.8,146,190.3,190.0,190.2,500.0,500.0,0.0,0.0,0.0,0.3,1.32
9.9,191.3,6.19,49.8,147,190.3,190.0,190.2,500.0,500.0,0.0,0.0,0.0,0.3,1.33
10.0,191.4,6.19,49.8,148,190.3,190.0,190.2,500.0,500.0,0.0,0.0,0.0,0.3,1.34
10.1,191.4,6.19,49.8,149,190.3,190.0,190.1,500.0,500.0,0.0,0.0,0.0,0.3,1.35
10.3,191.5,6.19,49.8,150,190.3,190.0,190.1,500.0,500.0,0.0,0.0,0.0,0.3,1.36
10.4,191.6,6.19,49.8,151,190.3,190.0,190.1,500.0,500.0,0.0,0.0,0.0,0.3,1.36
10.5,191.7,6.19,49.8,152,190.3,190.0,190.1,500.0,500.0,0.0,0.0,0.0,0.3,1.37
10.5,191.8,6.19,49.8,153,190.3,190.0,190.1,500.0,500.0,0.0,0.0,0.0,0.3,1.38
10.4,191.9,6.19,49.8,154,190.3,190.0,190.1,500.0,500.0,0.0,0.0,0.0,0.3,1.39
10.2,192.0,6.19,49.8,155,190.3,190.0,190.1,500.0,500.0,0.0,0.0,0.0,0.3,1.40
10.1,192.0,6.19,49.8,156,190.3,190.0,190.1,500.0,500.0,0.0,0.0,0.0,0.3,1.41
10.0,192.1,6.19,49.8,157,190.3,190.0,190.1,500.0,500.0,0.0,0.0,0.0,0.3,1.42
10.0,192.2,6.19,49.8,158,190.3,190.0,190.1,500.0,500.0,0.0,0.0,0.0,0.3,1.42
10.1,192.3,6.19,50.0,159,190.3,190.0,190.1,500.0,500.0,0.0,0.0,0.0,0.3,1.43
10.0,192.3,6.19,49.8,160,190.3,190.0,190.1,500.0,500.0,0.0,0.0,0.0,0.3,1.44
10.1,192.4,6.19,49.8,161,190.3,190.0,190.1,500.0,500.0,0.0,0.0,0.0,0.3,1.45
10.2,192.5,6.19,49.8,162,190.3,190.0,190.1,500.0,500.0,0.0,0.0,0.0,0.3,1.46
10.2,192.6,6.19,49.8,163,190.3,190.0,190.1,500.0,500.0,0.0,0.0,0.0,0.3,1.47
10.2,192.6,6.19,49.6,164,190.3,190.0,190.1,500.0,500.0,0.0,0.0,0.0,0.3,1.47
10.3,192.7,6.19,49.8,165,190.4,190.0,190.1,500.0,500.0,0.0,0.0,0.0,0.3,1.48
10.3,192.8,6.19,49.8,166,190.4,190.0,190.1,500.0,500.0,0.0,0.0,0.0,0.3,1.49
10.3,192.9,6.19,49.8,167,190.4,190.0,190.1,500.0,500.0,0.0,0.0,0.0,0.3,1.50
10.3,192.9,6.19,49.8,168,190.4,190.0,190.1,500.0,500.0,0.0,0.0,0.0,0.3,1.51
10.0,193.0,6.19,50.0,169,190.4,190.0,190.1,500.0,500.0,0.0,0.0,0.0,0.3,1.52
9.9,193.0,6.19,49.8,170,190.4,190.0,190.1,500.0,500.0,0.0,0.0,0.0,0.3,1.52
10.0,193.1,6.19,49.8,171,190.4,190.0,190.1,500.0,500.0,0.0,0.0,0.0,0.3,1.53
9.9,193.2,6.19,49.8,172,190.4,190.0,190.1,500.0,500.0,0.0,0.0,0.0,0.3,1.54
10.0,193.2,6.19,49.8,173,190.4,190.0,190.1,500.0,500.0,0.0,0.0,0.0,0.3,1.55
10.1,193.3,6.19,49.6,174,190.4,190.0,190.1,500.0,500.0,0.0,0.0,0.0,0.3,1.56
10.2,193.3,6.19,49.8,175,190.4,190.0,190.1,500.0,500.0,0.0,0.0,0.0,0.3,1.57
10.2,193.4,6.19,49.8,176,190.4,190.0,190.2,500.0,500.0,0.0,0.0,0.0,0.3,1.57
10.2,193.4,6.19,49.8,177,190.4,190.0,190.2,500.0,500.0,0.0,0.0,0.0,0.3,1.58
9.9,193.5,6.19,49.8,178,190.4,190.0,190.2,500.0,500.0,0.0,0.0,0.0,0.3,1.59
9.9,193.6,6.19,49.8,179,190.4,190.0,190.2,500.0,500.0,0.0,0.0,0.0,0.3,1.60
9.9,193.6,6.19,49.8,180,190.4,190.0,190.2,500.0,500.0,0.0,0.0,0.0,0.3,1.61
9.8,193.7,6.19,49.8,181,190.4,190.0,190.2,500.0,500.0,0.0,0.0,0.0,0.3,1.62
9.8,193.7,6.19,49.8,182,190.4,190.0,190.2,500.0,500.0,0.0,0.0,0.0,0.3,1.62
9.9,193.8,6.19,49.8,183,190.5,190.0,190.3,500.0,500.0,0.0,0.0,0.0,0.3,1.63
10.0,193.8,6.19,49.8,184,190.5,190.0,190.3,500.0,500.0,0.0,0.0,0.0,0.3,1.64
9.9,193.9,6.19,49.6,185,190.5,190.0,190.3,500.0,500.0,0.0,0.0,0.0,0.3,1.65
10.0,193.9,6.19,49.6,186,190.5,190.0,190.4,500.0,500.0,0.0,0.0,0.0,0.3,1.66
10.3,194.0,6.19,49.6,187,190.5,190.0,190.4,500.0,500.0,0.0,0.0,0.0,0.3,1.67
10.3,194.1,6.19,49.6,188,190.5,190.0,190.4,500.0,500.0,0.0,0.0,0.0,0.3,1.67
10.1,194.1,6.19,49.6,189,190.5,190.0,190.4,500.0,500.0,0.0,0.0,0.0,0.3,1.68
10.0,194.2,6.19,49.8,190,190.5,190.0,190.4,500.0,500.0,0.0,0.0,0.0,0.3,1.69
10.0,194.3,6.19,49.8,191,190.5,190.0,190.5,500.0,500.0,0.0,0.0,0.0,0.3,1.70
9.9,194.3,6.19,49.8,192,190.5,190.0,190.5,500.0,500.0,0.0,0.0,0.0,0.3,1.71
10.0,194.4,6.19,49.8,193,190.5,190.0,190.5,500.0,500.0,0.0,0.0,0.0,0.3,1.72
10.2,194.5,6.19,50.0,194,190.5,190.0,190.6,500.0,500.0,0.0,0.0,0.0,0.3,1.72
10.3,194.5,6.19,49.8,195,190.6,190.0,190.6,500.0,500.0,0.0,0.0,0.0,0.3,1.73
10.2,194.6,6.19,49.8,196,190.6,190.0,190.6,500.0,500.0,0.0,0.0,0.0,0.3,1.74
10.1,194.7,6.19,49.8,197,190.6,190.0,190.6,500.0,500.0,0.0,0.0,0.0,0.3,1.75
10.0,194.7,6.19,49.6,198,190.6,190.0,190.6,500.0,500.0,0.0,0.0,0.0,0.3,1.76
9.8,194.8,6.19,49.6,199,190.6,190.0,190.6,500.0,500.0,0.0,0.0,0.0,0.3,1.77
9.8,194.8,6.19,49.8,200,190.6,190.0,190.7,500.0,500.0,0.0,0.0,0.0,0.3,1.77
9.9,194.8,6.19,49.8,201,190.6,190.0,190.7,500.0,500.0,0.0,0.0,0.0,0.3,1.78
9.9,194.9,6.19,49.8,202,190.6,190.0,190.7,500.0,500.0,0.0,0.0,0.0,0.3,1.79
10.0,194.9,6.19,50.0,203,190.6,190.0,190.8,500.0,500.0,0.0,0.0,0.0,0.3,1.80
9.9,195.0,6.19,49.8,204,190.6,190.0,190.8,500.0,500.0,0.0,0.0,0.0,0.3,1.81
10.0,195.0,6.19,49.8,205,190.6,190.0,190.8,500.0,500.0,0.0,0.0,0.0,0.3,1.82
9.9,195.1,6.19,49.8,206,190.6,190.0,190.8,500.0,500.0,0.0,0.0,0.0,0.3,1.82
10.0,195.2,6.19,49.8,207,190.6,190.0,190.9,500.0,500.0,0.0,0.0,0.0,0.3,1.83
10.0,195.2,6.19,49.8,208,190.6,190.0,190.9,500.0,500.0,0.0,0.0,0.0,0.3,1.84
10.0,195.3,6.19,49.8,209,190.6,190.0,190.9,500.0,500.0,0.0,0.0,0.0,0.3,1.85
9.8,195.3,6.19,49.8,210,190.6,190.0,190.9,500.0,500.0,0.0,0.0,0.0,0.3,1.86
9.8,195.4,6.19,49.8,211,190.6,190.0,191.0,500.0,500.0,0.0,0.0,0.0,0.3,1.86
9.8,195.4,6.19,49.8,212,190.6,190.0,191.0,500.0,500.0,0.0,0.0,0.0,0.3,1.87
9.9,195.5,6.19,49.8,213,190.7,190.0,191.0,500.0,500.0,0.0,0.0,0.0,0.3,1.88
9.9,195.5,6.19,49.8,214,190.7,190.0,191.0,500.0,500.0,0.0,0.0,0.0,0.3,1.89
9.8,195.5,6.19,49.8,215,190.7,190.0,191.0,500.0,500.0,0.0,0.0,0.0,0.3,1.90
9.8,195.6,6.19,49.8,216,190.7,190.0,191.1,500.0,500.0,0.0,0.0,0.0,0.3,1.91
9.9,195.6,6.19,49.8,217,190.7,190.0,191.1,500.0,500.0,0.0,0.0,0.0,0.3,1.91
9.9,195.7,6.19,49.6,218,190.7,190.0,191.1,500.0,500.0,0.0,0.0,0.0,0.3,1.92
10.1,195.7,6.19,49.8,219,190.7,190.0,191.1,500.0,500.0,0.0,0.0,0.0,0.3,1.93
10.1,195.8,6.19,49.8,220,190.7,190.0,191.1,500.0,500.0,0.0,0.0,0.0,0.3,1.94
10.2,195.9,6.19,49.8,221,190.7,190.0,191.1,500.0,500.0,0.0,0.0,0.0,0.3,1.95
10.1,195.9,6.19,49.8,222,190.7,190.0,191.2,500.0,500.0,0.0,0.0,0.0,0.3,1.96
9.9,196.0,6.19,49.8,223,190.7,190.0,191.2,500.0,500.0,0.0,0.0,0.0,0.3,1.96
9.6,196.0,6.19,49.8,224,190.7,190.0,191.2,500.0,500.0,0.0,0.0,0.0,0.3,1.97
9.6,196.0,6.19,49.8,225,190.7,190.0,191.2,500.0,500.0,0.0,0.0,0.0,0.3,1.98
9.7,196.1,6.19,49.8,226,190.7,190.0,191.2,500.0,500.0,0.0,0.0,0.0,0.3,1.99
9.7,196.2,6.19,49.8,227,190.7,190.0,191.2,500.0,500.0,0.0,0.0,0.0,0.3,2.00
9.8,196.2,6.19,50.0,228,190.7,190.0,191.2,500.0,500.0,0.0,0.0,0.0,0.3,2.00
10.0,196.2,6.19,49.8,229,190.7,190.0,191.2,500.0,500.0,0.0,0.0,0.0,0.3,2.01
9.9,196.2,6.19,49.8,230,190.7,190.0,191.2,500.0,500.0,0.0,0.0,0.0,0.3,2.02
9.7,196.3,6.19,49.8,231,190.7,190.0,191.2,500.0,500.0,0.0,0.0,0.0,0.3,2.03
9.6,196.3,6.19,49.8,232,190.7,190.0,191.2,500.0,500.0,0.0,0.0,0.0,0.3,2.04
9.6,196.3,6.19,49.8,233,190.7,190.0,191.2,500.0,500.0,0.0,0.0,0.0,0.3,2.04
9.5,196.4,6.19,49.8,234,190.7,190.0,191.2,500.0,500.0,0.0,0.0,0.0,0.3,2.05
9.6,196.4,6.19,49.8,235,190.7,190.0,191.2,500.0,500.0,0.0,0.0,0.0,0.3,2.06
9.6,196.4,6.19,49.8,236,190.7,190.0,191.2,500.0,500.0,0.0,0.0,0.0,0.3,2.07
9.6,196.5,6.19,49.8,237,190.7,190.0,191.2,500.0,500.0,0.0,0.0,0.0,0.3,2.08
9.7,196.5,6.19,49.8,238,190.7,190.0,191.2,500.0,500.0,0.0,0.0,0.0,0.3,2.08
9.5,196.5,6.19,50.0,239,190.7,190.0,191.2,500.0,500.0,0.0,0.0,0.0,0.3,2.09
9.4,196.5,6.19,49.8,240,190.7,190.0,191.2,500.0,500.0,0.0,0.0,0.0,0.3,2.10
9.5,196.6,6.19,49.8,241,190.7,190.0,191.2,500.0,500.0,0.0,0.0,0.0,0.3,2.11
9.7,196.6,6.19,49.8,242,190.7,190.0,191.2,500.0,500.0,0.0,0.0,0.0,0.3,2.12
9.9,196.7,6.19,49.6,243,190.7,190.0,191.2,500.0,500.0,0.0,0.0,0.0,0.3,2.12
10.1,196.7,6.19,49.6,244,190.7,190.0,191.2,500.0,500.0,0.0,0.0,0.0,0.3,2.13
10.1,196.7,6.19,49.8,245,190.7,190.0,191.1,500.0,500.0,0.0,0.0,0.0,0.3,2.14
9.9,196.8,6.19,49.8,246,190.7,190.0,191.1,500.0,500.0,0.0,0.0,0.0,0.3,2.15
9.6,196.8,6.19,49.8,247,190.7,190.0,191.2,500.0,500.0,0.0,0.0,0.0,0.3,2.16
9.2,196.9,6.19,50.0,248,190.7,190.0,191.2,500.0,500.0,0.0,0.0,0.0,0.3,2.16
9.2,196.9,6.19,49.8,249,190.7,190.0,191.2,500.0,500.0,0.0,0.0,0.0,0.3,2.17
9.3,196.9,6.19,49.8,250,190.8,190.0,191.2,500.0,500.0,0.0,0.0,0.0,0.3,2.18
9.4,197.0,6.19,49.8,251,190.8,190.0,191.2,500.0,500.0,0.0,0.0,0.0,0.3,2.19
9.3,197.0,6.19,49.8,252,190.8,190.0,191.1,500.0,500.0,0.0,0.0,0.0,0.3,2.20
9.3,197.0,6.19,49.8,253,190.8,190.0,191.1,500.0,500.0,0.0,0.0,0.0,0.3,2.20
9.1,197.1,6.19,49.8,254,190.8,190.0,191.1,500.0,500.0,0.0,0.0,0.0,0.3,2.21
9.0,197.1,6.19,49.8,255,190.8,190.0,191.1,500.0,500.0,0.0,0.0,0.0,0.3,2.22
8.9,197.1,6.19,49.8,256,190.8,190.0,191.1,500.0,500.0,0.0,0.0,0.0,0.3,2.23
9.0,197.1,6.19,49.8,257,190.8,190.0,191.0,500.0,500.0,0.0,0.0,0.0,0.3,2.23
9.0,197.1,6.19,49.8,258,190.8,190.0,191.0,500.0,500.0,0.0,0.0,0.0,0.3,2.24
9.1,197.2,6.19,50.0,259,190.8,190.0,191.0,500.0,500.0,0.0,0.0,0.0,0.3,2.25
9.0,197.2,6.19,49.8,260,190.8,190.0,190.9,500.0,500.0,0.0,0.0,0.0,0.3,2.26
9.0,197.2,6.19,49.8,261,190.8,190.0,190.9,500.0,500.0,0.0,0.0,0.0,0.3,2.26
9.1,197.2,6.19,49.8,262,190.8,190.0,190.9,500.0,500.0,0.0,0.0,0.0,0.3,2.27
9.1,197.2,6.19,49.8,263,190.8,190.0,190.9,500.0,500.0,0.0,0.0,0.0,0.3,2.28
9.2,197.3,6.19,49.6,264,190.8,190.0,190.9,500.0,500.0,0.0,0.0,0.0,0.3,2.29
9.3,197.3,6.19,49.8,265,190.8,190.0,190.8,500.0,500.0,0.0,0.0,0.0,0.3,2.29
9.5,197.3,6.19,49.8,266,190.8,190.0,190.8,500.0,500.0,0.0,0.0,0.0,0.3,2.30
9.6,197.3,6.19,49.8,267,190.8,190.0,190.8,500.0,500.0,0.0,0.0,0.0,0.3,2.31
9.4,197.4,6.19,49.6,268,190.8,190.0,190.8,500.0,500.0,0.0,0.0,0.0,0.3,2.32
9.4,197.4,6.19,49.8,269,190.7,190.0,190.8,500.0,500.0,0.0,0.0,0.0,0.3,2.32
9.4,197.4,6.19,49.8,270,190.7,190.0,190.7,500.0,500.0,0.0,0.0,0.0,0.3,2.33
9.5,197.5,6.19,49.8,271,190.7,190.0,190.7,500.0,500.0,0.0,0.0,0.0,0.3,2.34
9.4,197.5,6.19,49.8,272,190.7,190.0,190.7,500.0,500.0,0.0,0.0,0.0,0.3,2.35
9.4,197.5,6.19,50.0,273,190.7,190.0,190.7,500.0,500.0,0.0,0.0,0.0,0.3,2.36
9.5,197.5,6.19,49.8,274,190.7,190.0,190.6,500.0,500.0,0.0,0.0,0.0,0.3,2.36
9.5,197.6,6.19,49.8,275,190.7,190.0,190.6,500.0,500.0,0.0,0.0,0.0,0.3,2.37
9.5,197.6,6.19,49.8,276,190.7,190.0,190.6,500.0,500.0,0.0,0.0,0.0,0.3,2.38
9.4,197.6,6.19,49.8,277,190.7,190.0,190.6,500.0,500.0,0.0,0.0,0.0,0.3,2.39
9.4,197.7,6.19,49.8,278,190.7,190.0,190.6,500.0,500.0,0.0,0.0,0.0,0.3,2.40
9.4,197.7,6.19,49.8,279,190.7,190.0,190.5,500.0,500.0,0.0,0.0,0.0,0.3,2.40
9.4,197.7,6.19,49.8,280,190.7,190.0,190.5,500.0,500.0,0.0,0.0,0.0,0.3,2.41
9.4,197.7,6.19,49.8,281,190.7,190.0,190.5,500.0,500.0,0.0,0.0,0.0,0.3,2.42
9.4,197.7,6.19,49.8,282,190.7,190.0,190.4,500.0,500.0,0.0,0.0,0.0,0.3,2.43
9.6,197.7,6.19,49.8,283,190.7,190.0,190.4,500.0,500.0,0.0,0.0,0.0,0.3,2.43
9.6,197.8,6.19,50.0,284,190.7,190.0,190.4,500.0,500.0,0.0,0.0,0.0,0.3,2.44
9.4,197.8,6.19,50.0,285,190.7,190.0,190.4,500.0,500.0,0.0,0.0,0.0,0.3,2.45
9.5,197.8,6.19,50.0,286,190.6,190.0,190.4,500.0,500.0,0.0,0.0,0.0,0.3,2.46
9.6,197.9,6.19,50.0,287,190.6,190.0,190.3,500.0,500.0,0.0,0.0,0.0,0.3,2.47
9.6,197.9,6.19,49.8,288,190.6,190.0,190.3,500.0,500.0,0.0,0.0,0.0,0.3,2.47
9.6,197.9,6.19,49.8,289,190.6,190.0,190.3,500.0,500.0,0.0,0.0,0.0,0.3,2.48
9.6,197.9,6.19,49.8,290,190.6,190.0,190.3,500.0,500.0,0.0,0.0,0.0,0.3,2.49
9.6,197.9,6.19,49.8,291,190.6,190.0,190.3,500.0,500.0,0.0,0.0,0.0,0.3,2.50
9.4,197.9,6.19,49.8,292,190.6,190.0,190.3,500.0,500.0,0.0,0.0,0.0,0.3,2.51
9.2,197.9,6.19,49.8,293,190.6,190.0,190.2,500.0,500.0,0.0,0.0,0.0,0.3,2.51
9.4,198.0,6.19,49.8,294,190.6,190.0,190.2,500.0,500.0,0.0,0.0,0.0,0.3,2.52
9.4,198.0,6.19,49.8,295,190.6,190.0,190.2,500.0,500.0,0.0,0.0,0.0,0.3,2.53
9.5,198.0,6.19,49.8,296,190.6,190.0,190.2,500.0,500.0,0.0,0.0,0.0,0.3,2.54
9.6,198.1,6.19,49.8,297,190.6,190.0,190.2,500.0,500.0,0.0,0.0,0.0,0.3,2.54
9.8,198.1,6.19,50.0,298,190.6,190.0,190.2,500.0,500.0,0.0,0.0,0.0,0.3,2.55
9.7,198.1,6.19,49.8,299,190.6,190.0,190.2,500.0,500.0,0.0,0.0,0.0,0.3,2.56
9.8,198.1,6.19,49.8,300,190.6,190.0,190.2,500.0,500.0,0.0,0.0,0.0,0.3,2.57
9.8,198.1,6.19,49.8,301,190.6,190.0,190.2,500.0,500.0,0.0,0.0,0.0,0.3,2.58
9.7,198.1,6.19,49.8,302,190.6,190.0,190.1,500.0,500.0,0.0,0.0,0.0,0.3,2.59
9.5,198.1,6.19,49.8,303,190.6,190.0,190.1,500.0,500.0,0.0,0.0,0.0,0.3,2.59
9.5,198.1,6.19,49.8,304,190.6,190.0,190.1,500.0,500.0,0.0,0.0,0.0,0.3,2.60
9.1,198.1,6.19,49.8,305,190.6,190.0,190.1,500.0,500.0,0.0,0.0,0.0,0.3,2.61
8.6,198.1,6.19,49.8,306,190.6,190.0,190.1,500.0,500.0,0.0,0.0,0.0,0.3,2.62
8.6,198.1,6.19,49.8,307,190.6,190.0,190.1,500.0,500.0,0.0,0.0,0.0,0.3,2.62
8.5,198.2,6.19,49.8,308,190.6,190.0,190.1,500.0,500.0,0.0,0.0,0.0,0.3,2.63
8.4,198.2,6.19,49.8,309,190.6,190.0,190.1,500.0,500.0,0.0,0.0,0.0,0.3,2.64
8.4,198.2,6.19,49.8,310,190.5,190.0,190.1,500.0,500.0,0.0,0.0,0.0,0.3,2.64
8.6,198.2,6.19,49.8,311,190.5,190.0,190.1,500.0,500.0,0.0,0.0,0.0,0.3,2.65
8.7,198.2,6.19,49.8,312,190.5,190.0,190.1,500.0,500.0,0.0,0.0,0.0,0.3,2.66
8.9,198.2,6.19,49.6,313,190.5,190.0,190.1,500.0,500.0,0.0,0.0,0.0,0.3,2.67
8.9,198.2,6.19,49.8,314,190.5,190.0,190.1,500.0,500.0,0.0,0.0,0.0,0.3,2.67
9.0,198.2,6.19,49.8,315,190.5,190.0,190.1,500.0,500.0,0.0,0.0,0.0,0.3,2.68
8.9,198.2,6.19,49.8,316,190.5,190.0,190.1,500.0,500.0,0.0,0.0,0.0,0.3,2.69
8.8,198.2,6.19,49.8,317,190.5,190.0,190.1,500.0,500.0,0.0,0.0,0.0,0.3,2.70
8.7,198.3,6.19,50.0,318,190.5,190.0,190.1,500.0,500.0,0.0,0.0,0.0,0.3,2.70
8.9,198.3,6.19,49.8,319,190.5,190.0,190.1,500.0,500.0,0.0,0.0,0.0,0.3,2.71
9.1,198.3,6.19,49.8,320,190.5,190.0,190.1,500.0,500.0,0.0,0.0,0.0,0.3,2.72
9.3,198.3,6.19,49.8,321,190.5,190.0,190.1,500.0,500.0,0.0,0.0,0.0,0.3,2.73
9.4,198.3,6.19,49.8,322,190.5,190.0,190.1,500.0,500.0,0.0,0.0,0.0,0.3,2.73
9.2,198.3,6.19,49.8,323,190.5,190.0,190.1,500.0,500.0,0.0,0.0,0.0,0.3,2.74
9.1,198.4,6.19,49.8,324,190.5,190.0,190.2,500.0,500.0,0.0,0.0,0.0,0.3,2.75
9.0,198.4,6.19,49.8,325,190.5,190.0,190.2,500.0,500.0,0.0,0.0,0.0,0.3,2.76
8.9,198.3,6.19,49.8,326,190.5,190.0,190.2,500.0,500.0,0.0,0.0,0.0,0.3,2.76
8.7,198.3,6.19,49.8,327,190.5,190.0,190.2,500.0,500.0,0.0,0.0,0.0,0.3,2.77
8.8,198.4,6.19,49.8,328,190.5,190.0,190.2,500.0,500.0,0.0,0.0,0.0,0.3,2.78
8.9,198.4,6.19,49.8,329,190.5,190.0,190.2,500.0,500.0,0.0,0.0,0.0,0.3,2.78
8.9,198.4,6.19,49.8,330,190.5,190.0,190.2,500.0,500.0,0.0,0.0,0.0,0.3,2.79
8.9,198.4,6.19,49.8,331,190.5,190.0,190.2,500.0,500.0,0.0,0.0,0.0,0.3,2.80
9.0,198.4,6.19,49.8,332,190.5,190.0,190.2,500.0,500.0,0.0,0.0,0.0,0.3,2.81
8.9,198.4,6.19,49.6,333,190.5,190.0,190.2,500.0,500.0,0.0,0.0,0.0,0.3,2.81
8.8,198.4,6.19,49.8,334,190.5,190.0,190.2,500.0,500.0,0.0,0.0,0.0,0.3,2.82
8.7,198.4,6.19,49.6,335,190.5,190.0,190.2,500.0,500.0,0.0,0.0,0.0,0.3,2.83
8.7,198.4,6.19,49.6,336,190.5,190.0,190.2,500.0,500.0,0.0,0.0,0.0,0.3,2.84
8.8,198.4,6.19,49.6,337,190.5,190.0,190.2,500.0,500.0,0.0,0.0,0.0,0.3,2.84
8.9,198.4,6.19,49.8,338,190.5,190.0,190.2,500.0,500.0,0.0,0.0,0.0,0.3,2.85
9.0,198.5,6.19,49.8,339,190.5,190.0,190.2,500.0,500.0,0.0,0.0,0.0,0.3,2.86
9.1,198.5,6.19,50.0,340,190.5,190.0,190.3,500.0,500.0,0.0,0.0,0.0,0.3,2.87
9.1,198.5,6.19,50.0,341,190.5,190.0,190.3,500.0,500.0,0.0,0.0,0.0,0.3,2.87
9.1,198.5,6.19,50.0,342,190.5,190.0,190.3,500.0,500.0,0.0,0.0,0.0,0.3,2.88
9.0,198.5,6.19,50.0,343,190.5,190.0,190.3,500.0,500.0,0.0,0.0,0.0,0.3,2.89
8.9,198.6,6.19,49.8,344,190.5,190.0,190.3,500.0,500.0,0.0,0.0,0.0,0.3,2.90
8.9,198.6,6.19,49.8,345,190.5,190.0,190.3,500.0,500.0,0.0,0.0,0.0,0.3,2.90
9.0,198.6,6.19,49.8,346,190.5,190.0,190.3,500.0,500.0,0.0,0.0,0.0,0.3,2.91
9.0,198.6,6.19,49.8,347,190.5,190.0,190.3,500.0,500.0,0.0,0.0,0.0,0.3,2.92
9.1,198.6,6.19,49.8,348,190.5,190.0,190.3,500.0,500.0,0.0,0.0,0.0,0.3,2.93
9.2,198.6,6.19,49.8,349,190.5,190.0,190.3,500.0,500.0,0.0,0.0,0.0,0.3,2.93
9.2,198.6,6.19,49.8,350,190.5,190.0,190.3,500.0,500.0,0.0,0.0,0.0,0.3,2.94
9.0,198.6,6.19,49.8,351,190.5,190.0,190.3,500.0,500.0,0.0,0.0,0.0,0.3,2.95
8.8,198.6,6.19,49.8,352,190.5,190.0,190.3,500.0,500.0,0.0,0.0,0.0,0.3,2.96
8.8,198.7,6.19,49.8,353,190.5,190.0,190.3,500.0,500.0,0.0,0.0,0.0,0.3,2.96
8.6,198.7,6.19,50.0,354,190.5,190.0,190.3,500.0,500.0,0.0,0.0,0.0,0.3,2.97
8.5,198.7,6.19,49.8,355,190.5,190.0,190.3,500.0,500.0,0.0,0.0,0.0,0.3,2.98
8.5,198.8,6.19,49.8,356,190.5,190.0,190.3,500.0,500.0,0.0,0.0,0.0,0.3,2.98
8.8,198.8,6.19,49.8,357,190.5,190.0,190.3,500.0,500.0,0.0,0.0,0.0,0.3,2.99
8.9,198.8,6.19,49.6,358,190.5,190.0,190.3,500.0,500.0,0.0,0.0,0.0,0.3,3.00
8.8,198.8,6.19,49.6,359,190.5,190.0,190.4,500.0,500.0,0.0,0.0,0.0,0.3,3.01
8.8,198.8,6.19,49.6,360,190.5,190.0,190.4,500.0,500.0,0.0,0.0,0.0,0.3,3.01
8.8,198.8,6.19,49.6,361,190.5,190.0,190.4,500.0,500.0,0.0,0.0,0.0,0.3,3.02
8.7,198.8,6.19,49.6,362,190.5,190.0,190.4,500.0,500.0,0.0,0.0,0.0,0.3,3.03
8.7,198.8,6.19,49.8,363,190.5,190.0,190.4,500.0,500.0,0.0,0.0,0.0,0.3,3.04
8.7,198.9,6.19,49.8,364,190.5,190.0,190.4,500.0,500.0,0.0,0.0,0.0,0.3,3.04
8.7,198.9,6.19,50.0,365,190.5,190.0,190.4,500.0,500.0,0.0,0.0,0.0,0.3,3.05
8.8,198.9,6.19,50.0,366,190.5,190.0,190.4,500.0,500.0,0.0,0.0,0.0,0.3,3.06
8.9,198.9,6.19,50.0,367,190.5,190.0,190.4,500.0,500.0,0.0,0.0,0.0,0.3,3.06
8.8,198.8,6.19,50.0,368,190.5,190.0,190.4,500.0,500.0,0.0,0.0,0.0,0.3,3.07
8.9,198.8,6.19,49.8,369,190.5,190.0,190.4,500.0,500.0,0.0,0.0,0.0,0.3,3.08
8.8,198.8,6.19,49.8,370,190.5,190.0,190.4,500.0,500.0,0.0,0.0,0.0,0.3,3.09
8.7,198.8,6.19,49.8,371,190.5,190.0,190.4,500.0,500.0,0.0,0.0,0.0,0.3,3.09
8.8,198.8,6.19,49.8,372,190.5,190.0,190.4,500.0,500.0,0.0,0.0,0.0,0.3,3.10
9.0,198.8,6.19,49.8,373,190.5,190.0,190.4,500.0,500.0,0.0,0.0,0.0,0.3,3.11
9.0,198.9,6.19,49.8,374,190.5,190.0,190.3,500.0,500.0,0.0,0.0,0.0,0.3,3.12
9.0,198.9,6.19,49.8,375,190.5,190.0,190.3,500.0,500.0,0.0,0.0,0.0,0.3,3.12
9.1,198.9,6.19,49.8,376,190.5,190.0,190.3,500.0,500.0,0.0,0.0,0.0,0.3,3.13
9.0,198.9,6.19,49.8,377,190.5,190.0,190.3,500.0,500.0,0.0,0.0,0.0,0.3,3.14
8.9,198.9,6.19,49.8,378,190.5,190.0,190.3,500.0,500.0,0.0,0.0,0.0,0.3,3.15
8.8,198.9,6.19,49.8,379,190.5,190.0,190.3,500.0,500.0,0.0,0.0,0.0,0.3,3.15
8.8,198.9,6.19,49.8,380,190.5,190.0,190.3,500.0,500.0,0.0,0.0,0.0,0.3,3.16
8.8,198.9,6.19,49.8,381,190.5,190.0,190.3,500.0,500.0,0.0,0.0,0.0,0.3,3.17
8.8,198.9,6.19,49.8,382,190.5,190.0,190.3,500.0,500.0,0.0,0.0,0.0,0.3,3.17
8.8,198.9,6.19,49.6,383,190.5,190.0,190.2,500.0,500.0,0.0,0.0,0.0,0.3,3.18
8.9,198.9,6.19,49.8,384,190.5,190.0,190.2,500.0,500.0,0.0,0.0,0.0,0.3,3.19
8.7,198.9,6.19,49.8,385,190.5,190.0,190.2,500.0,500.0,0.0,0.0,0.0,0.3,3.20
8.7,198.9,6.19,49.8,386,190.5,190.0,190.2,500.0,500.0,0.0,0.0,0.0,0.3,3.20
8.6,199.0,6.19,49.8,387,190.5,190.0,190.2,500.0,500.0,0.0,0.0,0.0,0.3,3.21
8.6,199.0,6.19,49.8,388,190.5,190.0,190.2,500.0,500.0,0.0,0.0,0.0,0.3,3.22
8.7,199.0,6.19,49.8,389,190.5,190.0,190.2,500.0,500.0,0.0,0.0,0.0,0.3,3.23
8.8,199.0,6.19,49.8,390,190.5,190.0,190.1,500.0,500.0,0.0,0.0,0.0,0.3,3.23
8.8,199.0,6.19,49.8,391,190.4,190.0,190.1,500.0,500.0,0.0,0.0,0.0,0.3,3.24
8.7,199.0,6.19,49.8,392,190.4,190.0,190.1,500.0,500.0,0.0,0.0,0.0,0.3,3.25
8.7,199.0,6.19,50.0,393,190.4,190.0,190.1,500.0,500.0,0.0,0.0,0.0,0.3,3.25
8.7,199.0,6.19,50.0,394,190.4,190.0,190.1,500.0,500.0,0.0,0.0,0.0,0.3,3.26
8.7,199.0,6.19,50.0,395,190.4,190.0,190.1,500.0,500.0,0.0,0.0,0.0,0.3,3.27
8.7,199.0,6.19,50.0,396,190.4,190.0,190.0,500.0,500.0,0.0,0.0,0.0,0.3,3.28
8.8,199.1,6.19,50.0,397,190.4,190.0,190.0,500.0,500.0,0.0,0.0,0.0,0.3,3.28
8.8,199.1,6.19,50.0,398,190.4,190.0,190.0,500.0,500.0,0.0,0.0,0.0,0.3,3.29
8.8,199.1,6.19,49.8,399,190.4,190.0,190.0,500.0,500.0,0.0,0.0,0.0,0.3,3.30
8.7,199.1,6.19,49.8,400,190.4,190.0,190.0,500.0,500.0,0.0,0.0,0.0,0.3,3.31
8.6,199.1,6.18,49.8,401,190.4,190.0,190.0,500.0,500.0,0.0,0.0,0.0,0.3,3.31
8.6,199.1,6.18,49.8,402,190.4,190.0,190.0,500.0,500.0,0.0,0.0,0.0,0.3,3.32
8.6,199.1,6.18,49.8,403,190.4,190.0,190.0,500.0,500.0,0.0,0.0,0.0,0.3,3.33
8.7,199.2,6.18,49.8,404,190.4,190.0,190.0,500.0,500.0,0.0,0.0,0.0,0.3,3.33
8.8,199.2,6.18,49.8,405,190.4,190.0,190.0,500.0,500.0,0.0,0.0,0.0,0.3,3.34
8.9,199.2,6.19,49.8,406,190.4,190.0,190.0,500.0,500.0,0.0,0.0,0.0,0.3,3.35
8.8,199.2,6.19,49.8,407,190.4,190.0,190.0,500.0,500.0,0.0,0.0,0.0,0.3,3.36
8.8,199.2,6.19,49.6,408,190.5,190.0,190.0,500.0,500.0,0.0,0.0,0.0,0.3,3.36
8.7,199.1,6.19,49.8,409,190.5,190.0,190.0,500.0,500.0,0.0,0.0,0.0,0.3,3.37
8.8,199.1,6.19,49.8,410,190.5,190.0,190.0,500.0,500.0,0.0,0.0,0.0,0.3,3.38
8.7,199.2,6.19,49.8,411,190.4,190.0,190.0,500.0,500.0,0.0,0.0,0.0,0.3,3.39
8.6,199.2,6.19,49.8,412,190.4,190.0,190.0,500.0,500.0,0.0,0.0,0.0,0.3,3.39
8.4,199.2,6.19,50.0,413,190.4,190.0,190.0,500.0,500.0,0.0,0.0,0.0,0.3,3.40
8.3,199.3,6.19,49.8,414,190.4,190.0,190.0,500.0,500.0,0.0,0.0,0.0,0.3,3.41
8.2,199.3,6.19,49.8,415,190.4,190.0,190.0,500.0,500.0,0.0,0.0,0.0,0.3,3.41
8.2,199.3,6.19,49.8,416,190.4,190.0,190.0,500.0,500.0,0.0,0.0,0.0,0.3,3.42
8.4,199.3,6.18,49.8,417,190.5,190.0,190.0,500.0,500.0,0.0,0.0,0.0,0.3,3.43
8.7,199.3,6.18,49.8,418,190.5,190.0,190.0,500.0,500.0,0.0,0.0,0.0,0.3,3.43
8.9,199.3,6.18,49.8,419,190.5,190.0,190.0,500.0,500.0,0.0,0.0,0.0,0.3,3.44
9.0,199.3,6.18,49.8,420,190.5,190.0,190.0,500.0,500.0,0.0,0.0,0.0,0.3,3.45
9.0,199.3,6.18,49.8,421,190.5,190.0,190.0,500.0,500.0,0.0,0.0,0.0,0.3,3.46
8.9,199.3,6.19,49.8,422,190.5,190.0,190.0,500.0,500.0,0.0,0.0,0.0,0.3,3.46
8.8,199.3,6.19,49.8,423,190.5,190.0,190.0,500.0,500.0,0.0,0.0,0.0,0.3,3.47
8.7,199.3,6.19,50.0,424,190.5,190.0,190.0,500.0,500.0,0.0,0.0,0.0,0.3,3.48
8.7,199.3,6.19,49.8,425,190.5,190.0,190.0,500.0,500.0,0.0,0.0,0.0,0.3,3.49
8.8,199.3,6.19,49.8,426,190.5,190.0,190.0,500.0,500.0,0.0,0.0,0.0,0.3,3.49
8.8,199.3,6.19,49.8,427,190.5,190.0,190.0,500.0,500.0,0.0,0.0,0.0,0.3,3.50
8.6,199.3,6.19,49.8,428,190.5,190.0,190.0,500.0,500.0,0.0,0.0,0.0,0.3,3.51
8.5,199.4,6.19,49.8,429,190.5,190.0,190.0,500.0,500.0,0.0,0.0,0.0,0.3,3.51
8.5,199.4,6.19,50.0,430,190.5,190.0,190.0,500.0,500.0,0.0,0.0,0.0,0.3,3.52
8.4,199.5,6.19,50.0,431,190.5,190.0,190.0,500.0,500.0,0.0,0.0,0.0,0.3,3.53
8.5,199.5,6.19,50.0,432,190.4,190.0,190.0,500.0,500.0,0.0,0.0,0.0,0.3,3.54
8.6,199.5,6.19,50.0,433,190.4,190.0,190.0,500.0,500.0,0.0,0.0,0.0,0.3,3.54
8.7,199.5,6.19,49.8,434,190.4,190.0,190.0,500.0,500.0,0.0,0.0,0.0,0.3,3.55
8.7,199.5,6.19,49.8,435,190.4,190.0,190.0,500.0,500.0,0.0,0.0,0.0,0.3,3.56
8.7,199.5,6.19,49.8,436,190.4,190.0,190.0,500.0,500.0,0.0,0.0,0.0,0.3,3.56
8.7,199.5,6.19,49.8,437,190.4,190.0,190.0,500.0,500.0,0.0,0.0,0.0,0.3,3.57
8.7,199.5,6.19,49.6,438,190.4,190.0,190.0,500.0,500.0,0.0,0.0,0.0,0.3,3.58
8.6,199.5,6.19,49.8,439,190.4,190.0,190.0,500.0,500.0,0.0,0.0,0.0,0.3,3.59
8.7,199.5,6.19,49.8,440,190.4,190.0,190.0,500.0,500.0,0.0,0.0,0.0,0.3,3.59
8.9,199.5,6.19,49.8,441,190.4,190.0,190.0,500.0,500.0,0.0,0.0,0.0,0.3,3.60
9.0,199.5,6.19,49.8,442,190.4,190.0,190.0,500.0,500.0,0.0,0.0,0.0,0.3,3.61
9.0,199.5,6.19,50.0,443,190.4,190.0,190.0,500.0,500.0,0.0,0.0,0.0,0.3,3.62
9.0,199.6,6.19,49.8,444,190.4,190.0,190.0,500.0,500.0,0.0,0.0,0.0,0.3,3.62
8.9,199.6,6.19,49.8,445,190.4,190.0,190.0,500.0,500.0,0.0,0.0,0.0,0.3,3.63
8.9,199.5,6.19,49.8,446,190.4,190.0,190.0,500.0,500.0,0.0,0.0,0.0,0.3,3.64
8.8,199.5,6.19,49.8,447,190.4,190.0,190.0,500.0,500.0,0.0,0.0,0.0,0.3,3.64
8.7,199.6,6.19,49.8,448,190.4,190.0,190.0,500.0,500.0,0.0,0.0,0.0,0.3,3.65
8.9,199.6,6.19,49.8,449,190.3,190.0,190.0,500.0,500.0,0.0,0.0,0.0,0.3,3.66
8.9,199.6,6.19,49.8,450,190.3,190.0,190.0,500.0,500.0,0.0,0.0,0.0,0.3,3.67
8.9,199.6,6.19,49.8,451,190.3,190.0,190.0,500.0,500.0,0.0,0.0,0.0,0.3,3.67
8.8,199.7,6.19,49.8,452,190.3,190.0,190.0,500.0,500.0,0.0,0.0,0.0,0.3,3.68
8.8,199.7,6.19,49.8,453,190.3,190.0,190.0,500.0,500.0,0.0,0.0,0.0,0.3,3.69
8.7,199.7,6.19,49.8,454,190.3,190.0,190.0,500.0,500.0,0.0,0.0,0.0,0.3,3.70
8.6,199.7,6.19,49.8,455,190.3,190.0,190.0,500.0,500.0,0.0,0.0,0.0,0.3,3.70
8.7,199.7,6.19,49.8,456,190.3,190.0,190.0,500.0,500.0,0.0,0.0,0.0,0.3,3.71
8.7,199.7,6.19,49.8,457,190.3,190.0,190.0,500.0,500.0,0.0,0.0,0.0,0.3,3.72
8.7,199.7,6.19,49.6,458,190.3,190.0,190.0,500.0,500.0,0.0,0.0,0.0,0.3,3.72
8.7,199.7,6.19,49.8,459,190.3,190.0,190.0,500.0,500.0,0.0,0.0,0.0,0.3,3.73
8.6,199.7,6.19,49.8,460,190.3,190.0,190.0,500.0,500.0,0.0,0.0,0.0,0.3,3.74
8.6,199.7,6.19,49.8,461,190.3,190.0,190.0,500.0,500.0,0.0,0.0,0.0,0.3,3.75
8.6,199.7,6.19,49.8,462,190.3,190.0,190.0,500.0,500.0,0.0,0.0,0.0,0.3,3.75
8.5,199.8,6.19,49.8,463,190.3,190.0,190.0,500.0,500.0,0.0,0.0,0.0,0.3,3.76
8.6,199.8,6.19,49.8,464,190.3,190.0,190.0,500.0,500.0,0.0,0.0,0.0,0.3,3.77
8.6,199.8,6.19,49.8,465,190.3,190.0,190.0,500.0,500.0,0.0,0.0,0.0,0.3,3.77
8.6,199.8,6.19,49.8,466,190.3,190.0,190.0,500.0,500.0,0.0,0.0,0.0,0.3,3.78
8.7,199.8,6.19,49.8,467,190.3,190.0,190.0,500.0,500.0,0.0,0.0,0.0,0.3,3.79
8.7,199.8,6.19,50.0,468,190.3,190.0,190.0,500.0,500.0,0.0,0.0,0.0,0.3,3.80
8.6,199.8,6.19,49.8,469,190.3,190.0,190.0,500.0,500.0,0.0,0.0,0.0,0.3,3.80
8.6,199.8,6.19,49.8,470,190.2,190.0,190.0,500.0,500.0,0.0,0.0,0.0,0.3,3.81
8.6,199.8,6.19,49.8,471,190.2,190.0,190.0,500.0,500.0,0.0,0.0,0.0,0.3,3.82
8.6,199.8,6.19,49.8,472,190.2,190.0,190.0,500.0,500.0,0.0,0.0,0.0,0.3,3.82
8.8,199.8,6.19,49.8,473,190.2,190.0,190.0,500.0,500.0,0.0,0.0,0.0,0.3,3.83
9.0,199.8,6.19,50.0,474,190.2,190.0,190.0,500.0,500.0,0.0,0.0,0.0,0.3,3.84
9.0,199.8,6.19,50.0,475,190.2,190.0,190.0,500.0,500.0,0.0,0.0,0.0,0.3,3.85
9.0,199.8,6.19,50.0,476,190.2,190.0,190.0,500.0,500.0,0.0,0.0,0.0,0.3,3.85
8.9,199.8,6.19,50.0,477,190.2,190.0,190.0,500.0,500.0,0.0,0.0,0.0,0.3,3.86
8.7,199.8,6.19,50.0,478,190.2,190.0,190.0,500.0,500.0,0.0,0.0,0.0,0.3,3.87
8.6,199.8,6.19,49.8,479,190.2,190.0,190.0,500.0,500.0,0.0,0.0,0.0,0.3,3.88
8.6,199.8,6.19,49.8,480,190.2,190.0,190.0,500.0,500.0,0.0,0.0,0.0,0.3,3.88
8.5,199.8,6.19,49.8,481,190.2,190.0,190.0,500.0,500.0,0.0,0.0,0.0,0.3,3.89
8.6,199.8,6.19,49.8,482,190.2,190.0,190.0,500.0,500.0,0.0,0.0,0.0,0.3,3.90
8.8,199.8,6.19,49.6,483,190.2,190.0,190.0,500.0,500.0,0.0,0.0,0.0,0.3,3.91
8.9,199.8,6.19,49.8,484,190.2,190.0,190.0,500.0,500.0,0.0,0.0,0.0,0.3,3.91
8.8,199.9,6.19,49.8,485,190.2,190.0,190.0,500.0,500.0,0.0,0.0,0.0,0.3,3.92
8.7,199.9,6.19,49.8,486,190.2,190.0,190.0,500.0,500.0,0.0,0.0,0.0,0.3,3.93
8.7,199.9,6.19,49.8,487,190.2,190.0,190.0,500.0,500.0,0.0,0.0,0.0,0.3,3.93
8.6,199.9,6.19,50.0,488,190.2,190.0,190.0,500.0,500.0,0.0,0.0,0.0,0.3,3.94
8.6,199.9,6.19,49.8,489,190.2,190.0,190.0,500.0,500.0,0.0,0.0,0.0,0.3,3.95
8.7,199.9,6.19,49.8,490,190.2,190.0,190.0,500.0,500.0,0.0,0.0,0.0,0.3,3.96
8.9,200.0,6.19,49.8,491,190.2,190.0,190.0,500.0,500.0,0.0,0.0,0.0,0.3,3.96
8.9,200.0,6.19,49.8,492,190.1,190.0,190.0,500.0,500.0,0.0,0.0,0.0,0.3,3.97
8.8,200.0,6.19,49.8,493,190.1,190.0,190.0,500.0,500.0,0.0,0.0,0.0,0.3,3.98
8.8,200.0,6.19,49.8,494,190.1,190.0,190.0,500.0,500.0,0.0,0.0,0.0,0.3,3.99
8.8,200.0,6.19,49.8,495,190.1,190.0,190.0,500.0,500.0,0.0,0.0,0.0,0.3,3.99
8.6,200.0,6.19,49.8,496,190.1,190.0,190.0,500.0,500.0,0.0,0.0,0.0,0.3,4.00
8.5,200.0,6.19,49.8,497,190.1,190.0,190.0,500.0,500.0,0.0,0.0,0.0,0.3,4.01
8.6,200.0,6.19,49.8,498,190.1,190.0,190.0,500.0,500.0,0.0,0.0,0.0,0.3,4.01
8.6,200.0,6.19,49.8,499,190.1,190.0,190.0,500.0,500.0,0.0,0.0,0.0,0.3,4.02
8.7,200.1,6.19,49.8,500,190.1,190.0,190.0,500.0,500.0,0.0,0.0,0.0,0.3,4.03
8.7,200.1,6.19,49.8,501,190.1,190.0,190.0,500.0,500.0,0.0,0.0,0.0,0.3,4.04
8.8,200.0,6.19,49.8,502,190.1,190.0,190.0,500.0,500.0,0.0,0.0,0.0,0.3,4.04
8.7,200.0,6.19,49.8,503,190.1,190.0,190.0,500.0,500.0,0.0,0.0,0.0,0.3,4.05
8.7,200.0,6.19,50.0,504,190.1,190.0,190.0,500.0,500.0,0.0,0.0,0.0,0.3,4.06
8.5,200.0,6.19,49.8,505,190.1,190.0,190.0,500.0,500.0,0.0,0.0,0.0,0.3,4.06
8.5,200.0,6.19,49.8,506,190.1,190.0,190.0,500.0,500.0,0.0,0.0,0.0,0.3,4.07
8.4,200.0,6.19,49.8,507,190.1,190.0,190.0,500.0,500.0,0.0,0.0,0.0,0.3,4.08
8.4,200.0,6.19,49.8,508,190.1,190.0,190.0,500.0,500.0,0.0,0.0,0.0,0.3,4.09
8.4,200.0,6.19,49.6,509,190.1,190.0,190.0,500.0,500.0,0.0,0.0,0.0,0.3,4.09
8.6,200.1,6.19,49.8,510,190.1,190.0,190.0,500.0,500.0,0.0,0.0,0.0,0.3,4.10
8.7,200.1,6.19,49.8,511,190.1,190.0,190.0,500.0,500.0,0.0,0.0,0.0,0.3,4.11
8.7,200.1,6.19,49.8,512,190.1,190.0,190.0,500.0,500.0,0.0,0.0,0.0,0.3,4.11
8.5,200.1,6.19,49.8,513,190.1,190.0,190.0,500.0,500.0,0.0,0.0,0.0,0.3,4.12
8.5,200.2,6.19,49.8,514,190.1,190.0,190.0,500.0,500.0,0.0,0.0,0.0,0.3,4.13
8.2,200.2,6.19,49.8,515,190.1,190.0,190.0,500.0,500.0,0.0,0.0,0.0,0.3,4.14
8.2,200.2,6.19,49.8,516,190.1,190.0,190.0,500.0,500.0,0.0,0.0,0.0,0.3,4.14
8.2,200.2,6.19,49.8,517,190.1,190.0,190.0,500.0,500.0,0.0,0.0,0.0,0.3,4.15
8.3,200.2,6.19,49.8,518,190.1,190.0,190.0,500.0,500.0,0.0,0.0,0.0,0.3,4.16
8.4,200.2,6.19,49.8,519,190.1,190.0,190.0,500.0,500.0,0.0,0.0,0.0,0.3,4.16
8.7,200.2,6.19,49.8,520,190.1,190.0,190.0,500.0,500.0,0.0,0.0,0.0,0.3,4.17
8.7,200.2,6.19,49.8,521,190.1,190.0,190.0,500.0,500.0,0.0,0.0,0.0,0.3,4.18
8.7,200.2,6.19,49.8,522,190.1,190.0,190.0,500.0,500.0,0.0,0.0,0.0,0.3,4.18
8.7,200.2,6.19,49.8,523,190.1,190.0,190.0,500.0,500.0,0.0,0.0,0.0,0.3,4.19
8.7,200.2,6.19,50.0,524,190.1,190.0,190.0,500.0,500.0,0.0,0.0,0.0,0.3,4.20
8.8,200.2,6.19,49.8,525,190.1,190.0,190.0,500.0,500.0,0.0,0.0,0.0,0.3,4.21
8.7,200.2,6.19,49.8,526,190.1,190.0,190.0,500.0,500.0,0.0,0.0,0.0,0.3,4.21
8.5,200.2,6.19,49.8,527,190.1,190.0,190.0,500.0,500.0,0.0,0.0,0.0,0.3,4.22
8.5,200.2,6.19,49.8,528,190.1,190.0,190.0,500.0,500.0,0.0,0.0,0.0,0.3,4.23
8.4,200.2,6.19,49.8,529,190.1,190.0,190.0,500.0,500.0,0.0,0.0,0.0,0.3,4.23
8.4,200.2,6.19,49.8,530,190.1,190.0,190.0,500.0,500.0,0.0,0.0,0.0,0.3,4.24
8.6,200.2,6.19,49.8,531,190.1,190.0,190.0,500.0,500.0,0.0,0.0,0.0,0.3,4.25
8.8,200.2,6.19,49.8,532,190.1,190.0,190.0,500.0,500.0,0.0,0.0,0.0,0.3,4.26
8.8,200.2,6.19,49.8,533,190.1,190.0,190.0,500.0,500.0,0.0,0.0,0.0,0.3,4.26
8.6,200.2,6.19,49.6,534,190.1,190.0,190.0,500.0,500.0,0.0,0.0,0.0,0.3,4.27
8.6,200.2,6.19,49.8,535,190.1,190.0,190.0,500.0,500.0,0.0,0.0,0.0,0.3,4.28
8.6,200.3,6.19,49.8,536,190.1,190.0,190.0,500.0,500.0,0.0,0.0,0.0,0.3,4.28
8.7,200.3,6.19,49.8,537,190.1,190.0,190.0,500.0,500.0,0.0,0.0,0.0,0.3,4.29
8.6,200.2,6.19,49.8,538,190.1,190.0,190.0,500.0,500.0,0.0,0.0,0.0,0.3,4.30
8.8,200.2,6.19,49.8,539,190.1,190.0,190.0,500.0,500.0,0.0,0.0,0.0,0.3,4.31
8.9,200.2,6.19,49.8,540,190.1,190.0,190.0,500.0,500.0,0.0,0.0,0.0,0.3,4.31
8.9,200.3,6.19,49.8,541,190.1,190.0,190.0,500.0,500.0,0.0,0.0,0.0,0.3,4.32
8.8,200.3,6.19,49.8,542,190.1,190.0,190.0,500.0,500.0,0.0,0.0,0.0,0.3,4.33
8.8,200.3,6.19,49.8,543,190.1,190.0,190.0,500.0,500.0,0.0,0.0,0.0,0.3,4.34
8.7,200.3,6.19,50.0,544,190.1,190.0,190.0,500.0,500.0,0.0,0.0,0.0,0.3,4.34
8.7,200.3,6.19,49.8,545,190.0,190.0,190.0,500.0,500.0,0.0,0.0,0.0,0.3,4.35
8.8,200.3,6.19,49.8,546,190.0,190.0,190.0,500.0,500.0,0.0,0.0,0.0,0.3,4.36
8.8,200.3,6.19,49.8,547,190.0,190.0,190.0,500.0,500.0,0.0,0.0,0.0,0.3,4.36
8.8,200.3,6.19,49.8,548,190.0,190.0,190.0,500.0,500.0,0.0,0.0,0.0,0.3,4.37
8.7,200.3,6.19,49.8,549,190.0,190.0,190.0,500.0,500.0,0.0,0.0,0.0,0.3,4.38
8.5,200.3,6.19,49.8,550,190.0,190.0,190.0,500.0,500.0,0.0,0.0,0.0,0.3,4.39
8.4,200.2,6.19,49.8,551,190.0,190.0,190.0,500.0,500.0,0.0,0.0,0.0,0.3,4.39
8.5,200.2,6.19,49.8,552,190.0,190.0,190.0,500.0,500.0,0.0,0.0,0.0,0.3,4.40
8.7,200.3,6.19,49.8,553,190.0,190.0,190.0,500.0,500.0,0.0,0.0,0.0,0.3,4.41
8.7,200.3,6.19,49.6,554,190.0,190.0,190.0,500.0,500.0,0.0,0.0,0.0,0.3,4.41
8.6,200.3,6.19,49.8,555,190.0,190.0,190.0,500.0,500.0,0.0,0.0,0.0,0.3,4.42
8.6,200.3,6.19,49.8,556,190.0,190.0,190.0,500.0,500.0,0.0,0.0,0.0,0.3,4.43
8.5,200.3,6.19,49.8,557,190.0,190.0,190.0,500.0,500.0,0.0,0.0,0.0,0.3,4.44
8.5,200.3,6.19,49.8,558,190.0,190.0,190.0,500.0,500.0,0.0,0.0,0.0,0.3,4.44
8.4,200.3,6.19,50.0,559,190.0,190.0,190.0,500.0,500.0,0.0,0.0,0.0,0.3,4.45
8.4,200.3,6.19,50.0,560,190.0,190.0,190.0,500.0,500.0,0.0,0.0,0.0,0.3,4.46
8.5,200.3,6.19,50.0,561,190.0,190.0,190.0,500.0,500.0,0.0,0.0,0.0,0.3,4.46
8.6,200.3,6.19,50.0,562,190.0,190.0,190.0,500.0,500.0,0.0,0.0,0.0,0.3,4.47
8.7,200.3,6.19,50.0,563,190.0,190.0,190.0,500.0,500.0,0.0,0.0,0.0,0.3,4.48
8.7,200.3,6.19,49.8,564,190.0,190.0,190.0,500.0,500.0,0.0,0.0,0.0,0.3,4.49
8.8,200.3,6.19,49.6,565,190.0,190.0,190.0,500.0,500.0,0.0,0.0,0.0,0.3,4.49
8.7,200.3,6.19,49.6,566,190.0,190.0,190.0,500.0,500.0,0.0,0.0,0.0,0.3,4.50
8.8,200.3,6.19,49.6,567,190.0,190.0,190.0,500.0,500.0,0.0,0.0,0.0,0.3,4.51
8.7,200.3,6.19,49.6,568,190.0,190.0,190.0,500.0,500.0,0.0,0.0,0.0,0.3,4.51
8.7,200.3,6.19,49.8,569,190.0,190.0,190.0,500.0,500.0,0.0,0.0,0.0,0.3,4.52
8.6,200.3,6.19,49.8,570,190.0,190.0,190.0,500.0,500.0,0.0,0.0,0.0,0.3,4.53
8.5,200.3,6.19,49.8,571,190.0,190.0,190.0,500.0,500.0,0.0,0.0,0.0,0.3,4.54
8.3,200.3,6.19,49.8,572,190.0,190.0,190.0,500.0,500.0,0.0,0.0,0.0,0.3,4.54
8.3,200.3,6.19,49.8,573,190.0,190.0,190.0,500.0,500.0,0.0,0.0,0.0,0.3,4.55
8.4,200.3,6.19,49.8,574,190.0,190.0,190.0,500.0,500.0,0.0,0.0,0.0,0.3,4.56
8.4,200.3,6.19,49.8,575,190.0,190.0,190.0,500.0,500.0,0.0,0.0,0.0,0.3,4.56
8.4,200.3,6.19,49.8,576,190.0,190.0,190.0,500.0,500.0,0.0,0.0,0.0,0.3,4.57
8.6,200.3,6.19,49.8,577,190.0,190.0,190.0,500.0,500.0,0.0,0.0,0.0,0.3,4.58
8.6,200.3,6.19,49.8,578,190.0,190.0,190.0,500.0,500.0,0.0,0.0,0.0,0.3,4.59
8.7,200.3,6.19,49.8,579,190.0,190.0,190.0,500.0,500.0,0.0,0.0,0.0,0.3,4.59
8.7,200.3,6.19,50.0,580,190.0,190.0,190.0,500.0,500.0,0.0,0.0,0.0,0.3,4.60
8.6,200.3,6.19,49.8,581,190.0,190.0,190.0,500.0,500.0,0.0,0.0,0.0,0.3,4.61
8.4,200.4,6.19,49.8,582,190.0,190.0,190.0,500.0,500.0,0.0,0.0,0.0,0.3,4.61
8.4,200.4,6.19,49.8,583,190.0,190.0,190.0,500.0,500.0,0.0,0.0,0.0,0.3,4.62
8.5,200.4,6.19,49.6,584,190.0,190.0,190.0,500.0,500.0,0.0,0.0,0.0,0.3,4.63
8.5,200.4,6.19,49.6,585,190.0,190.0,190.0,500.0,500.0,0.0,0.0,0.0,0.3,4.63
8.7,200.4,6.19,49.8,586,190.0,190.0,190.0,500.0,500.0,0.0,0.0,0.0,0.3,4.64
8.7,200.4,6.19,49.8,587,190.0,190.0,190.0,500.0,500.0,0.0,0.0,0.0,0.3,4.65
8.6,200.4,6.19,49.8,588,190.0,190.0,190.0,500.0,500.0,0.0,0.0,0.0,0.3,4.66
8.6,200.4,6.19,50.0,589,190.0,190.0,190.0,500.0,500.0,0.0,0.0,0.0,0.3,4.66
8.5,200.5,6.19,49.8,590,190.0,190.0,190.0,500.0,500.0,0.0,0.0,0.0,0.3,4.67
8.3,200.5,6.19,49.8,591,190.0,190.0,190.0,500.0,500.0,0.0,0.0,0.0,0.3,4.68
8.5,200.5,6.19,49.8,592,190.0,190.0,190.0,500.0,500.0,0.0,0.0,0.0,0.3,4.68
8.5,200.5,6.19,49.8,593,190.0,190.0,190.0,500.0,500.0,0.0,0.0,0.0,0.3,4.69
8.5,200.5,6.19,49.8,594,190.0,190.0,190.0,500.0,500.0,0.0,0.0,0.0,0.3,4.70
8.6,200.5,6.19,49.8,595,190.0,190.0,190.0,500.0,500.0,0.0,0.0,0.0,0.3,4.71
8.6,200.5,6.19,49.8,596,190.0,190.0,190.0,500.0,500.0,0.0,0.0,0.0,0.3,4.71
8.4,200.5,6.19,49.8,597,190.0,190.0,190.0,500.0,500.0,0.0,0.0,0.0,0.3,4.72
8.5,200.5,6.19,49.8,598,190.0,190.0,190.0,500.0,500.0,0.0,0.0,0.0,0.3,4.73
8.6,200.5,6.19,49.8,599,190.0,190.0,190.0,500.0,500.0,0.0,0.0,0.0,0.3,4.73
