扭矩,料温,压力,转速,时间,温度1,温度2,温度3,温度4,温度5,温度6,温度7,温度8,顶栓,能量
1.7,189.0,6.19,1.6,0,190.0,190.1,190.0,500.0,500.0,0.0,0.0,0.0,0.3,0.00
1.7,189.0,6.19,8.6,1,190.0,190.1,190.0,500.0,500.0,0.0,0.0,0.0,0.3,0.00
1.6,189.1,6.19,20.2,2,190.0,190.1,190.0,500.0,500.0,0.0,0.0,0.0,0.3,0.00
1.5,189.1,6.19,32.2,3,190.0,190.2,190.0,500.0,500.0,0.0,0.0,0.0,0.3,0.00
1.5,189.1,6.19,44.2,4,190.0,190.2,190.0,500.0,500.0,0.0,0.0,0.0,0.3,0.00
1.6,189.1,6.19,54.6,5,190.0,190.2,190.0,500.0,500.0,0.0,0.0,0.0,0.3,0.00
1.5,189.1,6.19,59.4,6,190.0,190.2,190.0,500.0,500.0,0.0,0.0,0.0,0.3,0.01
1.5,189.0,6.19,59.8,7,190.0,190.2,190.0,500.0,500.0,0.0,0.0,0.0,0.3,0.01
1.5,188.8,6.19,59.8,8,190.0,190.2,190.0,500.0,500.0,0.0,0.0,0.0,0.3,0.01
1.4,188.3,6.19,59.8,9,190.0,190.1,190.0,500.0,500.0,0.0,0.0,0.0,0.3,0.01
1.4,187.5,6.19,59.8,10,190.0,190.0,190.0,500.0,500.0,0.0,0.0,0.0,0.3,0.01
1.3,186.6,6.19,59.8,11,190.0,190.0,190.0,500.0,500.0,0.0,0.0,0.0,0.3,0.01
1.3,185.8,6.19,59.8,12,190.0,190.0,190.0,500.0,500.0,0.0,0.0,0.0,0.3,0.01
1.2,185.2,6.19,59.8,13,190.0,190.0,190.0,500.0,500.0,0.0,0.0,0.0,0.3,0.02
1.2,184.5,6.19,59.8,14,190.0,190.0,190.0,500.0,500.0,0.0,0.0,0.0,0.3,0.02
1.2,183.9,6.19,59.6,15,190.0,190.0,190.0,500.0,500.0,0.0,0.0,0.0,0.3,0.02
1.2,183.4,6.19,59.8,16,190.0,190.0,190.0,500.0,500.0,0.0,0.0,0.0,0.3,0.02
1.1,183.0,6.19,59.8,17,190.0,190.0,189.9,500.0,500.0,0.0,0.0,0.0,0.3,0.02
1.1,182.6,6.19,59.8,18,190.0,190.0,189.9,500.0,500.0,0.0,0.0,0.0,0.3,0.02
1.0,182.3,6.19,59.8,19,190.0,190.0,189.9,500.0,500.0,0.0,0.0,0.0,0.3,0.02
1.0,181.9,6.19,60.0,20,190.0,190.0,189.9,500.0,500.0,0.0,0.0,0.0,0.3,0.02
1.0,181.6,6.19,59.8,21,190.0,190.0,189.9,500.0,500.0,0.0,0.0,0.0,0.3,0.02
1.1,181.3,6.19,59.8,22,190.0,190.0,189.9,500.0,500.0,0.0,0.0,0.0,0.3,0.03
1.1,181.1,6.19,59.8,23,190.0,190.0,189.9,500.0,500.0,0.0,0.0,0.0,0.3,0.03
1.1,180.9,6.19,59.8,24,190.0,190.0,189.9,500.0,500.0,0.0,0.0,0.0,0.3,0.03
1.0,180.6,6.19,59.6,25,190.0,190.0,189.8,500.0,500.0,0.0,0.0,0.0,0.3,0.03
1.0,180.4,6.19,59.8,26,190.0,190.0,189.8,500.0,500.0,0.0,0.0,0.0,0.3,0.03
0.9,180.2,6.19,59.8,27,190.0,190.0,189.8,500.0,500.0,0.0,0.0,0.0,0.3,0.03
0.9,180.0,6.19,59.8,28,190.0,190.0,189.8,500.0,500.0,0.0,0.0,0.0,0.3,0.03
0.9,179.9,6.19,59.8,29,190.0,189.9,189.8,500.0,500.0,0.0,0.0,0.0,0.3,0.03
1.0,179.8,6.19,59.8,30,190.0,189.8,189.8,500.0,500.0,0.0,0.0,0.0,0.3,0.03
1.1,179.6,6.19,59.8,31,190.0,189.8,189.8,500.0,500.0,0.0,0.0,0.0,0.3,0.03
1.1,179.5,6.19,59.8,32,190.0,189.8,189.8,500.0,500.0,0.0,0.0,0.0,0.3,0.04
1.1,179.3,6.19,59.8,33,189.9,189.8,189.8,500.0,500.0,0.0,0.0,0.0,0.3,0.04
1.2,179.2,6.19,59.8,34,189.9,189.8,189.8,500.0,500.0,0.0,0.0,0.0,0.3,0.04
1.0,179.1,6.19,59.8,35,189.9,189.8,189.8,500.0,500.0,0.0,0.0,0.0,0.3,0.04
1.2,179.0,6.19,59.8,36,189.8,189.8,189.8,500.0,500.0,0.0,0.0,0.0,0.3,0.04
2.5,178.7,6.19,59.6,37,189.8,189.8,189.8,500.0,500.0,0.0,0.0,0.0,0.3,0.04
5.5,178.2,6.19,59.6,38,189.8,189.8,189.8,500.0,500.0,0.0,0.0,0.0,0.3,0.05
9.2,177.1,6.19,59.4,39,189.8,189.8,189.8,500.0,500.0,0.0,0.0,0.0,0.3,0.06
15.2,175.2,6.19,59.6,40,189.7,189.9,189.8,500.0,500.0,0.0,0.0,0.0,0.3,0.07
22.8,173.1,6.19,59.6,41,189.7,190.0,189.8,500.0,500.0,0.0,0.0,0.0,0.3,0.09
30.2,170.6,6.19,59.6,42,189.7,190.0,189.8,500.0,500.0,0.0,0.0,0.0,0.3,0.12
34.4,167.9,6.19,59.6,43,189.7,190.0,189.8,500.0,500.0,0.0,0.0,0.0,0.3,0.16
37.7,165.5,6.19,59.8,44,189.6,190.0,189.8,500.0,500.0,0.0,0.0,0.0,0.3,0.20
37.3,164.0,6.19,59.8,45,189.5,190.0,189.8,500.0,500.0,0.0,0.0,0.0,0.3,0.23
34.9,163.3,6.19,59.6,46,189.5,190.0,189.8,500.0,500.0,0.0,0.0,0.0,0.3,0.27
31.8,163.0,6.19,59.8,47,189.5,190.0,189.8,500.0,500.0,0.0,0.0,0.0,0.3,0.30
29.7,162.9,6.19,59.8,48,189.5,190.0,189.8,500.0,500.0,0.0,0.0,0.0,0.3,0.33
26.7,162.9,6.19,59.8,49,189.5,190.0,189.8,500.0,500.0,0.0,0.0,0.0,0.3,0.36
25.4,162.8,6.19,59.6,50,189.5,190.0,189.8,500.0,500.0,0.0,0.0,0.0,0.3,0.38
24.3,162.8,6.19,59.8,51,189.4,190.0,189.8,500.0,500.0,0.0,0.0,0.0,0.3,0.41
22.7,163.1,6.19,59.8,52,189.3,190.0,189.8,500.0,500.0,0.0,0.0,0.0,0.3,0.43
21.8,163.5,6.19,59.6,53,189.3,190.0,189.8,500.0,500.0,0.0,0.0,0.0,0.3,0.45
21.7,164.0,6.19,59.6,54,189.2,190.0,189.8,500.0,500.0,0.0,0.0,0.0,0.3,0.47
21.1,164.6,6.19,59.8,55,189.1,190.0,189.8,500.0,500.0,0.0,0.0,0.0,0.3,0.49
20.6,165.1,6.19,59.8,56,189.1,190.0,189.7,500.0,500.0,0.0,0.0,0.0,0.3,0.51
20.2,165.5,6.19,59.8,57,189.1,190.0,189.7,500.0,500.0,0.0,0.0,0.0,0.3,0.53
19.9,166.0,6.19,59.8,58,189.0,190.0,189.7,500.0,500.0,0.0,0.0,0.0,0.3,0.55
19.6,166.5,6.19,59.8,59,188.9,190.0,189.7,500.0,500.0,0.0,0.0,0.0,0.3,0.57
19.7,167.2,6.19,59.8,60,188.9,190.0,189.7,500.0,500.0,0.0,0.0,0.0,0.3,0.59
19.6,167.8,6.19,59.8,61,188.9,190.0,189.7,500.0,500.0,0.0,0.0,0.0,0.3,0.61
19.5,168.4,6.19,59.6,62,188.9,190.0,189.7,500.0,500.0,0.0,0.0,0.0,0.3,0.63
19.3,168.7,6.19,59.8,63,188.9,190.0,189.7,500.0,500.0,0.0,0.0,0.0,0.3,0.65
19.0,169.0,6.19,59.8,64,188.8,190.0,189.6,500.0,500.0,0.0,0.0,0.0,0.3,0.67
18.6,169.4,6.19,59.6,65,188.7,190.0,189.6,500.0,500.0,0.0,0.0,0.0,0.3,0.69
18.2,170.0,6.19,59.6,66,188.7,190.0,189.6,500.0,500.0,0.0,0.0,0.0,0.3,0.71
17.9,170.6,6.19,59.8,67,188.7,190.0,189.6,500.0,500.0,0.0,0.0,0.0,0.3,0.72
17.6,171.1,6.19,59.8,68,188.7,190.0,189.6,500.0,500.0,0.0,0.0,0.0,0.3,0.74
17.3,171.8,6.19,59.6,69,188.7,190.0,189.6,500.0,500.0,0.0,0.0,0.0,0.3,0.76
17.1,172.4,6.19,59.8,70,188.7,190.0,189.6,500.0,500.0,0.0,0.0,0.0,0.3,0.77
16.9,173.1,6.19,59.8,71,188.7,190.0,189.6,500.0,500.0,0.0,0.0,0.0,0.3,0.79
16.7,173.7,6.19,59.8,72,188.7,190.0,189.6,500.0,500.0,0.0,0.0,0.0,0.3,0.81
16.6,174.4,6.19,59.8,73,188.7,189.9,189.6,500.0,500.0,0.0,0.0,0.0,0.3,0.83
16.6,175.0,6.19,59.8,74,188.7,189.9,189.6,500.0,500.0,0.0,0.0,0.0,0.3,0.84
16.5,175.6,6.19,59.8,75,188.8,189.9,189.6,500.0,500.0,0.0,0.0,0.0,0.3,0.86
16.4,176.1,6.19,59.8,76,188.8,189.9,189.6,500.0,500.0,0.0,0.0,0.0,0.3,0.87
16.4,176.7,6.19,59.8,77,188.8,189.8,189.6,500.0,500.0,0.0,0.0,0.0,0.3,0.89
16.3,177.2,6.19,59.8,78,188.9,189.7,189.6,500.0,500.0,0.0,0.0,0.0,0.3,0.91
16.3,177.7,6.19,60.0,79,189.0,189.7,189.6,500.0,500.0,0.0,0.0,0.0,0.3,0.92
16.3,178.3,6.19,60.0,80,189.0,189.7,189.6,500.0,500.0,0.0,0.0,0.0,0.3,0.94
16.3,178.7,6.19,59.8,81,189.0,189.7,189.6,500.0,500.0,0.0,0.0,0.0,0.3,0.96
16.2,179.2,6.19,59.8,82,189.0,189.6,189.6,500.0,500.0,0.0,0.0,0.0,0.3,0.97
16.1,179.7,6.19,59.8,83,189.1,189.6,189.6,500.0,500.0,0.0,0.0,0.0,0.3,0.99
16.0,180.1,6.19,59.8,84,189.2,189.7,189.6,500.0,500.0,0.0,0.0,0.0,0.3,1.00
15.9,180.5,6.19,59.6,85,189.2,189.7,189.6,500.0,500.0,0.0,0.0,0.0,0.3,1.02
15.8,180.8,6.19,59.8,86,189.2,189.7,189.6,500.0,500.0,0.0,0.0,0.0,0.3,1.04
15.7,181.2,6.19,59.8,87,189.3,189.7,189.6,500.0,500.0,0.0,0.0,0.0,0.3,1.05
15.7,181.6,6.19,59.8,88,189.4,189.7,189.6,500.0,500.0,0.0,0.0,0.0,0.3,1.07
15.7,182.0,6.19,59.8,89,189.5,189.8,189.6,500.0,500.0,0.0,0.0,0.0,0.3,1.08
15.7,182.3,6.19,59.8,90,189.5,190.0,189.6,500.0,500.0,0.0,0.0,0.0,0.3,1.10
15.6,182.6,6.19,59.8,91,189.5,190.0,189.6,500.0,500.0,0.0,0.0,0.0,0.3,1.11
15.7,182.9,6.19,59.8,92,189.6,190.0,189.7,500.0,500.0,0.0,0.0,0.0,0.3,1.13
15.6,183.3,6.19,59.6,93,189.8,190.0,189.7,500.0,500.0,0.0,0.0,0.0,0.3,1.14
15.7,183.5,6.19,59.6,94,189.8,190.0,189.7,500.0,500.0,0.0,0.0,0.0,0.3,1.16
15.7,183.8,6.19,59.8,95,189.8,190.0,189.7,500.0,500.0,0.0,0.0,0.0,0.3,1.18
15.7,184.0,6.19,59.8,96,189.8,190.0,189.7,500.0,500.0,0.0,0.0,0.0,0.3,1.19
15.6,184.2,6.19,59.6,97,189.9,190.0,189.7,500.0,500.0,0.0,0.0,0.0,0.3,1.21
15.6,184.4,6.19,59.8,98,190.0,190.0,189.8,500.0,500.0,0.0,0.0,0.0,0.3,1.22
15.6,184.7,6.19,59.8,99,190.0,190.0,189.9,500.0,500.0,0.0,0.0,0.0,0.3,1.24
15.6,185.0,6.19,59.8,100,190.0,190.0,190.0,500.0,500.0,0.0,0.0,0.0,0.3,1.25
15.6,185.2,6.19,59.6,101,190.0,190.0,190.0,500.0,500.0,0.0,0.0,0.0,0.3,1.27
15.6,185.4,6.19,59.6,102,190.0,190.0,190.0,500.0,500.0,0.0,0.0,0.0,0.3,1.28
15.6,185.7,6.19,59.6,103,190.0,190.0,190.0,500.0,500.0,0.0,0.0,0.0,0.3,1.30
15.5,185.9,6.19,59.6,104,190.0,190.0,190.0,500.0,500.0,0.0,0.0,0.0,0.3,1.32
15.5,186.1,6.19,59.4,105,190.0,190.0,190.0,500.0,500.0,0.0,0.0,0.0,0.3,1.33
15.4,186.3,6.19,59.6,106,190.0,190.0,190.0,500.0,500.0,0.0,0.0,0.0,0.3,1.35
15.2,186.6,6.19,59.8,107,190.0,190.0,190.0,500.0,500.0,0.0,0.0,0.0,0.3,1.36
15.2,186.8,6.19,59.8,108,190.0,190.0,190.0,500.0,500.0,0.0,0.0,0.0,0.3,1.38
15.1,187.0,6.19,59.6,109,190.0,190.0,190.0,500.0,500.0,0.0,0.0,0.0,0.3,1.39
15.1,187.2,6.19,59.8,110,190.0,190.0,190.0,500.0,500.0,0.0,0.0,0.0,0.3,1.41
15.0,187.3,6.19,59.8,111,190.0,190.0,190.0,500.0,500.0,0.0,0.0,0.0,0.3,1.42
15.0,187.5,6.19,59.8,112,190.0,190.0,190.0,500.0,500.0,0.0,0.0,0.0,0.3,1.44
15.0,187.6,6.19,59.8,113,190.0,190.0,190.0,500.0,500.0,0.0,0.0,0.0,0.3,1.45
15.0,187.8,6.19,59.8,114,190.0,190.0,190.0,500.0,500.0,0.0,0.0,0.0,0.3,1.47
14.9,188.0,6.19,59.8,115,190.0,190.0,190.0,500.0,500.0,0.0,0.0,0.0,0.3,1.48
14.8,188.2,6.19,59.8,116,190.1,190.0,190.0,500.0,500.0,0.0,0.0,0.0,0.3,1.50
14.8,188.3,6.19,59.8,117,190.2,190.0,190.0,500.0,500.0,0.0,0.0,0.0,0.3,1.51
14.7,188.5,6.19,59.6,118,190.2,190.0,190.0,500.0,500.0,0.0,0.0,0.0,0.3,1.53
14.8,188.6,6.19,59.8,119,190.2,190.0,190.0,500.0,500.0,0.0,0.0,0.0,0.3,1.54
14.9,188.8,6.19,59.8,120,190.2,190.0,190.0,500.0,500.0,0.0,0.0,0.0,0.3,1.56
15.0,189.0,6.19,59.6,121,190.4,190.0,190.0,500.0,500.0,0.0,0.0,0.0,0.3,1.57
15.0,189.1,6.19,59.6,122,190.4,190.0,190.0,500.0,500.0,0.0,0.0,0.0,0.3,1.58
15.0,189.3,6.19,59.8,123,190.4,190.0,190.0,500.0,500.0,0.0,0.0,0.0,0.3,1.60
15.0,189.4,6.19,59.8,124,190.4,190.0,190.0,500.0,500.0,0.0,0.0,0.0,0.3,1.61
15.0,189.6,6.19,59.6,125,190.4,190.0,190.0,500.0,500.0,0.0,0.0,0.0,0.3,1.63
14.9,189.7,6.19,59.6,126,190.5,190.0,190.0,500.0,500.0,0.0,0.0,0.0,0.3,1.64
15.0,189.8,6.19,59.6,127,190.6,190.0,190.0,500.0,500.0,0.0,0.0,0.0,0.3,1.66
14.9,190.0,6.19,59.6,128,190.6,190.0,190.0,500.0,500.0,0.0,0.0,0.0,0.3,1.67
14.9,190.1,6.19,59.6,129,190.6,190.0,190.0,500.0,500.0,0.0,0.0,0.0,0.3,1.69
14.9,190.3,6.19,59.6,130,190.6,190.0,190.0,500.0,500.0,0.0,0.0,0.0,0.3,1.70
14.9,190.5,6.19,59.8,131,190.6,190.0,190.0,500.0,500.0,0.0,0.0,0.0,0.3,1.72
14.8,190.6,6.19,59.8,132,190.6,190.0,190.0,500.0,500.0,0.0,0.0,0.0,0.3,1.73
14.9,190.7,6.19,59.8,133,190.6,190.0,190.0,500.0,500.0,0.0,0.0,0.0,0.3,1.75
14.9,190.8,6.19,59.6,134,190.7,190.0,190.0,500.0,500.0,0.0,0.0,0.0,0.3,1.76
14.9,190.9,6.19,59.8,135,190.7,190.0,190.0,500.0,500.0,0.0,0.0,0.0,0.3,1.78
14.8,191.1,6.19,59.8,136,190.7,190.0,190.0,500.0,500.0,0.0,0.0,0.0,0.3,1.79
14.8,191.2,6.19,59.8,137,190.8,190.0,190.0,500.0,500.0,0.0,0.0,0.0,0.3,1.81
14.7,191.4,6.19,59.6,138,190.9,190.0,190.0,500.0,500.0,0.0,0.0,0.0,0.3,1.82
14.5,191.5,6.19,59.8,139,190.9,190.0,190.0,500.0,500.0,0.0,0.0,0.0,0.3,1.84
14.5,191.6,6.19,59.8,140,190.9,190.0,190.1,500.0,500.0,0.0,0.0,0.0,0.3,1.85
14.4,191.7,6.19,59.8,141,190.9,190.0,190.1,500.0,500.0,0.0,0.0,0.0,0.3,1.87
14.3,191.8,6.19,59.6,142,190.9,190.0,190.1,500.0,500.0,0.0,0.0,0.0,0.3,1.88
14.3,191.9,6.19,59.8,143,190.9,190.0,190.1,500.0,500.0,0.0,0.0,0.0,0.3,1.89
14.3,192.0,6.19,59.8,144,190.9,190.0,190.0,500.0,500.0,0.0,0.0,0.0,0.3,1.91
14.3,192.1,6.19,59.8,145,190.9,190.0,190.0,500.0,500.0,0.0,0.0,0.0,0.3,1.92
14.3,192.1,6.19,59.6,146,190.9,190.0,190.0,500.0,500.0,0.0,0.0,0.0,0.3,1.94
14.4,192.2,6.19,59.8,147,190.9,190.0,190.0,500.0,500.0,0.0,0.0,0.0,0.3,1.95
14.4,192.4,6.19,59.8,148,190.9,190.0,190.0,500.0,500.0,0.0,0.0,0.0,0.3,1.96
14.4,192.5,6.19,59.6,149,190.9,190.0,190.0,500.0,500.0,0.0,0.0,0.0,0.3,1.98
14.3,192.6,6.19,59.6,150,191.0,190.1,190.0,500.0,500.0,0.0,0.0,0.0,0.3,1.99
14.3,192.7,6.19,59.8,151,191.1,190.1,190.1,500.0,500.0,0.0,0.0,0.0,0.3,2.01
14.3,192.8,6.19,59.6,152,191.1,190.1,190.1,500.0,500.0,0.0,0.0,0.0,0.3,2.02
14.2,192.9,6.19,59.6,153,191.1,190.1,190.1,500.0,500.0,0.0,0.0,0.0,0.3,2.04
14.2,193.0,6.19,59.8,154,191.1,190.2,190.1,500.0,500.0,0.0,0.0,0.0,0.3,2.05
14.3,193.1,6.19,59.8,155,191.1,190.3,190.1,500.0,500.0,0.0,0.0,0.0,0.3,2.06
14.3,193.2,6.19,59.8,156,191.1,190.3,190.1,500.0,500.0,0.0,0.0,0.0,0.3,2.08
14.3,193.3,6.19,60.0,157,191.1,190.3,190.1,500.0,500.0,0.0,0.0,0.0,0.3,2.09
14.3,193.4,6.19,59.8,158,191.1,190.3,190.1,500.0,500.0,0.0,0.0,0.0,0.3,2.11
14.4,193.5,6.19,59.8,159,191.1,190.3,190.1,500.0,500.0,0.0,0.0,0.0,0.3,2.12
14.4,193.5,6.19,59.8,160,191.1,190.3,190.1,500.0,500.0,0.0,0.0,0.0,0.3,2.14
14.4,193.6,6.19,59.6,161,191.1,190.3,190.1,500.0,500.0,0.0,0.0,0.0,0.3,2.15
14.5,193.7,6.19,59.6,162,191.1,190.2,190.1,500.0,500.0,0.0,0.0,0.0,0.3,2.16
14.6,193.8,6.19,59.8,163,191.1,190.1,190.1,500.0,500.0,0.0,0.0,0.0,0.3,2.18
14.6,193.9,6.19,59.8,164,191.1,190.1,190.1,500.0,500.0,0.0,0.0,0.0,0.3,2.19
14.5,194.0,6.19,59.6,165,191.1,190.1,190.1,500.0,500.0,0.0,0.0,0.0,0.3,2.21
14.5,194.1,6.19,59.8,166,191.1,190.0,190.0,500.0,500.0,0.0,0.0,0.0,0.3,2.22
14.5,194.2,6.19,59.8,167,191.1,190.0,190.0,500.0,500.0,0.0,0.0,0.0,0.3,2.24
14.5,194.3,6.19,59.6,168,191.1,190.0,190.0,500.0,500.0,0.0,0.0,0.0,0.3,2.25
14.5,194.3,6.19,59.6,169,191.1,190.0,190.0,500.0,500.0,0.0,0.0,0.0,0.3,2.27
14.5,194.4,6.19,59.8,170,191.1,190.0,190.0,500.0,500.0,0.0,0.0,0.0,0.3,2.28
14.5,194.5,6.19,59.8,171,191.2,190.0,190.0,500.0,500.0,0.0,0.0,0.0,0.3,2.29
14.4,194.5,6.19,59.8,172,191.2,190.0,190.0,500.0,500.0,0.0,0.0,0.0,0.3,2.31
14.4,194.6,6.19,59.8,173,191.2,190.0,190.0,500.0,500.0,0.0,0.0,0.0,0.3,2.32
14.3,194.7,6.19,59.8,174,191.2,190.0,190.0,500.0,500.0,0.0,0.0,0.0,0.3,2.34
14.3,194.7,6.19,59.8,175,191.2,190.0,190.0,500.0,500.0,0.0,0.0,0.0,0.3,2.35
14.2,194.8,6.19,59.6,176,191.2,190.0,190.0,500.0,500.0,0.0,0.0,0.0,0.3,2.37
14.2,194.9,6.19,59.6,177,191.2,190.0,190.0,500.0,500.0,0.0,0.0,0.0,0.3,2.38
14.2,195.0,6.19,59.8,178,191.2,190.0,190.0,500.0,500.0,0.0,0.0,0.0,0.3,2.39
14.1,195.1,6.19,59.6,179,191.2,190.0,190.0,500.0,500.0,0.0,0.0,0.0,0.3,2.41
14.1,195.1,6.19,59.6,180,191.2,190.0,190.0,500.0,500.0,0.0,0.0,0.0,0.3,2.42
14.2,195.1,6.19,59.8,181,191.2,190.0,190.0,500.0,500.0,0.0,0.0,0.0,0.3,2.44
14.2,195.2,6.19,59.8,182,191.2,190.0,190.0,500.0,500.0,0.0,0.0,0.0,0.3,2.45
14.2,195.3,6.19,59.6,183,191.2,190.0,190.0,500.0,500.0,0.0,0.0,0.0,0.3,2.46
14.1,195.3,6.19,59.8,184,191.2,190.0,190.0,500.0,500.0,0.0,0.0,0.0,0.3,2.48
14.1,195.4,6.19,59.8,185,191.2,190.0,190.0,500.0,500.0,0.0,0.0,0.0,0.3,2.49
14.1,195.5,6.19,59.8,186,191.2,190.0,190.0,500.0,500.0,0.0,0.0,0.0,0.3,2.51
14.1,195.5,6.19,59.8,187,191.2,190.0,190.0,500.0,500.0,0.0,0.0,0.0,0.3,2.52
14.0,195.6,6.19,59.8,188,191.2,190.0,190.0,500.0,500.0,0.0,0.0,0.0,0.3,2.53
14.1,195.7,6.19,59.8,189,191.2,190.0,190.0,500.0,500.0,0.0,0.0,0.0,0.3,2.55
14.0,195.7,6.19,59.8,190,191.2,190.0,190.0,500.0,500.0,0.0,0.0,0.0,0.3,2.56
14.0,195.8,6.19,59.6,191,191.2,190.0,190.0,500.0,500.0,0.0,0.0,0.0,0.3,2.58
14.1,195.9,6.19,59.6,192,191.2,190.0,190.0,500.0,500.0,0.0,0.0,0.0,0.3,2.59
14.1,195.9,6.19,59.8,193,191.2,190.0,190.0,500.0,500.0,0.0,0.0,0.0,0.3,2.60
14.1,196.0,6.19,59.8,194,191.2,190.0,190.0,500.0,500.0,0.0,0.0,0.0,0.3,2.62
14.0,196.1,6.19,59.6,195,191.2,190.0,190.0,500.0,500.0,0.0,0.0,0.0,0.3,2.63
14.0,196.2,6.19,59.8,196,191.2,190.0,190.0,500.0,500.0,0.0,0.0,0.0,0.3,2.65
13.9,196.2,6.19,59.8,197,191.2,190.0,190.0,500.0,500.0,0.0,0.0,0.0,0.3,2.66
13.9,196.3,6.19,59.8,198,191.2,190.0,190.0,500.0,500.0,0.0,0.0,0.0,0.3,2.67
13.9,196.3,6.19,59.6,199,191.3,190.2,190.0,500.0,500.0,0.0,0.0,0.0,0.3,2.69
14.0,196.3,6.19,59.8,200,191.3,190.2,190.0,500.0,500.0,0.0,0.0,0.0,0.3,2.70
14.0,196.3,6.19,59.8,201,191.3,190.2,190.0,500.0,500.0,0.0,0.0,0.0,0.3,2.72
14.1,196.4,6.19,59.8,202,191.3,190.2,190.0,500.0,500.0,0.0,0.0,0.0,0.3,2.73
14.1,196.5,6.19,59.6,203,191.3,190.2,190.0,500.0,500.0,0.0,0.0,0.0,0.3,2.74
14.2,196.6,6.19,59.8,204,191.3,190.2,190.0,500.0,500.0,0.0,0.0,0.0,0.3,2.76
14.2,196.6,6.19,59.8,205,191.3,190.2,190.0,500.0,500.0,0.0,0.0,0.0,0.3,2.77
14.2,196.7,6.19,59.8,206,191.3,190.2,190.0,500.0,500.0,0.0,0.0,0.0,0.3,2.79
14.0,196.7,6.19,59.6,207,191.3,190.2,190.0,500.0,500.0,0.0,0.0,0.0,0.3,2.80
14.0,196.8,6.19,59.8,208,191.3,190.2,190.0,500.0,500.0,0.0,0.0,0.0,0.3,2.81
14.0,196.8,6.19,59.8,209,191.3,190.2,190.0,500.0,500.0,0.0,0.0,0.0,0.3,2.83
14.1,196.8,6.19,59.8,210,191.3,190.1,190.0,500.0,500.0,0.0,0.0,0.0,0.3,2.84
14.1,196.8,6.19,59.6,211,191.3,190.0,190.0,500.0,500.0,0.0,0.0,0.0,0.3,2.86
14.1,196.9,6.19,59.8,212,191.3,190.0,190.0,500.0,500.0,0.0,0.0,0.0,0.3,2.87
14.1,197.0,6.19,59.8,213,191.3,190.0,190.0,500.0,500.0,0.0,0.0,0.0,0.3,2.88
14.1,197.0,6.19,59.8,214,191.3,190.0,190.0,500.0,500.0,0.0,0.0,0.0,0.3,2.90
14.0,197.1,6.19,59.6,215,191.3,190.0,190.0,500.0,500.0,0.0,0.0,0.0,0.3,2.91
14.0,197.2,6.19,59.8,216,191.3,190.0,190.0,500.0,500.0,0.0,0.0,0.0,0.3,2.93
14.0,197.2,6.19,59.8,217,191.3,190.0,190.0,500.0,500.0,0.0,0.0,0.0,0.3,2.94
13.9,197.2,6.19,59.6,218,191.3,190.0,190.0,500.0,500.0,0.0,0.0,0.0,0.3,2.95
13.9,197.3,6.19,59.6,219,191.3,190.0,190.0,500.0,500.0,0.0,0.0,0.0,0.3,2.97
13.8,197.3,6.19,59.8,220,191.3,190.0,190.1,500.0,500.0,0.0,0.0,0.0,0.3,2.98
13.7,197.4,6.19,59.8,221,191.3,190.0,190.1,500.0,500.0,0.0,0.0,0.0,0.3,3.00
13.7,197.5,6.19,59.6,222,191.3,190.0,190.1,500.0,500.0,0.0,0.0,0.0,0.3,3.01
13.6,197.5,6.19,59.8,223,191.3,190.0,190.1,500.0,500.0,0.0,0.0,0.0,0.3,3.02
13.6,197.6,6.19,59.8,224,191.3,190.0,190.1,500.0,500.0,0.0,0.0,0.0,0.3,3.04
13.7,197.7,6.19,59.8,225,191.3,190.0,190.1,500.0,500.0,0.0,0.0,0.0,0.3,3.05
13.7,197.7,6.19,59.8,226,191.3,190.0,190.1,500.0,500.0,0.0,0.0,0.0,0.3,3.06
13.7,197.7,6.19,59.8,227,191.3,190.0,190.2,500.0,500.0,0.0,0.0,0.0,0.3,3.08
13.7,197.8,6.19,59.8,228,191.3,190.0,190.2,500.0,500.0,0.0,0.0,0.0,0.3,3.09
13.7,197.8,6.19,59.8,229,191.3,190.0,190.2,500.0,500.0,0.0,0.0,0.0,0.3,3.10
13.6,197.9,6.19,59.6,230,191.3,190.0,190.2,500.0,500.0,0.0,0.0,0.0,0.3,3.12
13.6,198.0,6.19,59.6,231,191.3,190.0,190.2,500.0,500.0,0.0,0.0,0.0,0.3,3.13
13.6,198.1,6.19,59.8,232,191.3,190.0,190.3,500.0,500.0,0.0,0.0,0.0,0.3,3.14
13.6,198.1,6.19,59.8,233,191.3,190.0,190.4,500.0,500.0,0.0,0.0,0.0,0.3,3.16
13.7,198.1,6.19,59.6,234,191.3,190.0,190.4,500.0,500.0,0.0,0.0,0.0,0.3,3.17
13.8,198.2,6.19,59.8,235,191.4,190.0,190.4,500.0,500.0,0.0,0.0,0.0,0.3,3.19
13.8,198.2,6.19,59.8,236,191.4,190.0,190.4,500.0,500.0,0.0,0.0,0.0,0.3,3.20
13.9,198.3,6.19,59.8,237,191.4,190.0,190.4,500.0,500.0,0.0,0.0,0.0,0.3,3.21
14.0,198.3,6.19,59.6,238,191.4,190.0,190.4,500.0,500.0,0.0,0.0,0.0,0.3,3.23
14.0,198.3,6.19,59.8,239,191.4,190.0,190.5,500.0,500.0,0.0,0.0,0.0,0.3,3.24
14.1,198.4,6.19,59.8,240,191.4,190.0,190.5,500.0,500.0,0.0,0.0,0.0,0.3,3.26
14.0,198.4,6.19,59.8,241,191.4,190.0,190.5,500.0,500.0,0.0,0.0,0.0,0.3,3.27
14.0,198.5,6.19,59.6,242,191.4,190.0,190.5,500.0,500.0,0.0,0.0,0.0,0.3,3.28
13.9,198.5,6.19,59.8,243,191.4,190.0,190.5,500.0,500.0,0.0,0.0,0.0,0.3,3.30
13.9,198.5,6.19,59.8,244,191.4,190.0,190.5,500.0,500.0,0.0,0.0,0.0,0.3,3.31
13.9,198.5,6.19,59.8,245,191.4,190.0,190.5,500.0,500.0,0.0,0.0,0.0,0.3,3.32
13.9,198.6,6.19,59.8,246,191.4,190.0,190.6,500.0,500.0,0.0,0.0,0.0,0.3,3.34
14.0,198.6,6.19,60.0,247,191.4,190.0,190.6,500.0,500.0,0.0,0.0,0.0,0.3,3.35
14.0,198.7,6.19,60.0,248,191.4,190.0,190.6,500.0,500.0,0.0,0.0,0.0,0.3,3.37
14.0,198.7,6.19,59.8,249,191.3,190.0,190.6,500.0,500.0,0.0,0.0,0.0,0.3,3.38
14.0,198.8,6.19,59.8,250,191.3,190.0,190.6,500.0,500.0,0.0,0.0,0.0,0.3,3.39
13.9,198.8,6.19,59.8,251,191.3,190.0,190.6,500.0,500.0,0.0,0.0,0.0,0.3,3.41
13.8,198.9,6.19,59.8,252,191.3,190.0,190.6,500.0,500.0,0.0,0.0,0.0,0.3,3.42
13.7,198.9,6.19,59.6,253,191.3,190.1,190.6,500.0,500.0,0.0,0.0,0.0,0.3,3.44
13.6,198.9,6.19,59.8,254,191.3,190.1,190.6,500.0,500.0,0.0,0.0,0.0,0.3,3.45
13.5,199.0,6.19,59.8,255,191.3,190.1,190.6,500.0,500.0,0.0,0.0,0.0,0.3,3.46
13.5,199.0,6.19,59.8,256,191.3,190.1,190.7,500.0,500.0,0.0,0.0,0.0,0.3,3.48
13.5,199.0,6.19,59.6,257,191.3,190.1,190.7,500.0,500.0,0.0,0.0,0.0,0.3,3.49
13.5,199.0,6.19,59.8,258,191.2,190.0,190.7,500.0,500.0,0.0,0.0,0.0,0.3,3.50
13.6,199.1,6.19,59.8,259,191.2,190.0,190.7,500.0,500.0,0.0,0.0,0.0,0.3,3.52
13.6,199.1,6.19,59.6,260,191.2,190.0,190.7,500.0,500.0,0.0,0.0,0.0,0.3,3.53
13.6,199.2,6.19,59.6,261,191.2,190.0,190.7,500.0,500.0,0.0,0.0,0.0,0.3,3.54
13.6,199.3,6.19,59.8,262,191.2,190.0,190.7,500.0,500.0,0.0,0.0,0.0,0.3,3.56
13.6,199.3,6.19,59.6,263,191.2,190.0,190.7,500.0,500.0,0.0,0.0,0.0,0.3,3.57
13.6,199.3,6.19,59.6,264,191.2,190.0,190.7,500.0,500.0,0.0,0.0,0.0,0.3,3.58
13.5,199.3,6.19,59.8,265,191.2,190.0,190.7,500.0,500.0,0.0,0.0,0.0,0.3,3.60
13.6,199.3,6.19,59.8,266,191.2,190.0,190.7,500.0,500.0,0.0,0.0,0.0,0.3,3.61
13.6,199.3,6.19,59.8,267,191.1,190.0,190.7,500.0,500.0,0.0,0.0,0.0,0.3,3.62
13.7,199.4,6.19,59.8,268,191.1,190.0,190.7,500.0,500.0,0.0,0.0,0.0,0.3,3.64
13.7,199.5,6.19,59.8,269,191.1,190.0,190.7,500.0,500.0,0.0,0.0,0.0,0.3,3.65
13.7,199.5,6.19,59.8,270,191.1,190.0,190.7,500.0,500.0,0.0,0.0,0.0,0.3,3.67
13.7,199.6,6.18,59.6,271,191.1,190.0,190.7,500.0,500.0,0.0,0.0,0.0,0.3,3.68
13.7,199.6,6.18,59.6,272,191.1,190.0,190.7,500.0,500.0,0.0,0.0,0.0,0.3,3.69
13.7,199.7,6.18,59.8,273,191.2,190.0,190.8,500.0,500.0,0.0,0.0,0.0,0.3,3.71
13.8,199.7,6.18,59.8,274,191.2,190.0,190.8,500.0,500.0,0.0,0.0,0.0,0.3,3.72
13.8,199.7,6.18,59.6,275,191.2,190.0,190.8,500.0,500.0,0.0,0.0,0.0,0.3,3.73
13.9,199.7,6.19,59.8,276,191.2,190.0,190.8,500.0,500.0,0.0,0.0,0.0,0.3,3.75
13.9,199.8,6.19,59.8,277,191.2,190.0,190.7,500.0,500.0,0.0,0.0,0.0,0.3,3.76
13.8,199.8,6.19,59.6,278,191.1,190.0,190.7,500.0,500.0,0.0,0.0,0.0,0.3,3.78
13.8,199.9,6.19,59.6,279,191.1,190.0,190.7,500.0,500.0,0.0,0.0,0.0,0.3,3.79
13.8,199.9,6.19,59.8,280,191.1,190.0,190.7,500.0,500.0,0.0,0.0,0.0,0.3,3.80
13.7,199.9,6.19,59.8,281,191.1,190.0,190.7,500.0,500.0,0.0,0.0,0.0,0.3,3.82
13.7,200.0,6.19,59.6,282,191.1,190.0,190.7,500.0,500.0,0.0,0.0,0.0,0.3,3.83
13.7,200.0,6.19,59.6,283,191.1,190.0,190.7,500.0,500.0,0.0,0.0,0.0,0.3,3.84
13.7,200.0,6.19,59.6,284,191.1,190.0,190.7,500.0,500.0,0.0,0.0,0.0,0.3,3.86
13.7,200.0,6.19,59.6,285,191.1,190.0,190.7,500.0,500.0,0.0,0.0,0.0,0.3,3.87
13.7,200.1,6.19,59.4,286,191.1,190.0,190.7,500.0,500.0,0.0,0.0,0.0,0.3,3.88
13.6,200.1,6.19,59.6,287,191.1,190.0,190.7,500.0,500.0,0.0,0.0,0.0,0.3,3.90
13.6,200.1,6.19,59.8,288,191.1,190.0,190.6,500.0,500.0,0.0,0.0,0.0,0.3,3.91
13.5,200.2,6.19,59.6,289,191.0,190.0,190.6,500.0,500.0,0.0,0.0,0.0,0.3,3.93
13.4,200.2,6.19,59.6,290,191.0,190.0,190.6,500.0,500.0,0.0,0.0,0.0,0.3,3.94
13.5,200.2,6.19,59.8,291,191.0,190.0,190.6,500.0,500.0,0.0,0.0,0.0,0.3,3.95
13.5,200.2,6.19,59.8,292,191.0,190.0,190.6,500.0,500.0,0.0,0.0,0.0,0.3,3.97
13.5,200.2,6.19,59.6,293,191.0,190.0,190.6,500.0,500.0,0.0,0.0,0.0,0.3,3.98
13.6,200.2,6.19,59.8,294,191.0,190.0,190.6,500.0,500.0,0.0,0.0,0.0,0.3,3.99
13.6,200.2,6.19,59.8,295,191.0,190.0,190.6,500.0,500.0,0.0,0.0,0.0,0.3,4.01
13.6,200.3,6.19,59.6,296,191.0,190.0,190.5,500.0,500.0,0.0,0.0,0.0,0.3,4.02
13.5,200.3,6.19,59.6,297,191.0,190.0,190.5,500.0,500.0,0.0,0.0,0.0,0.3,4.03
13.5,200.3,6.19,59.8,298,191.0,190.0,190.5,500.0,500.0,0.0,0.0,0.0,0.3,4.05
13.5,200.4,6.19,59.8,299,191.0,190.0,190.5,500.0,500.0,0.0,0.0,0.0,0.3,4.06
13.5,200.4,6.19,59.8,300,191.0,190.0,190.5,500.0,500.0,0.0,0.0,0.0,0.3,4.07
13.6,200.4,6.19,60.0,301,191.0,190.0,190.5,500.0,500.0,0.0,0.0,0.0,0.3,4.09
13.7,200.4,6.19,60.0,302,191.0,190.0,190.5,500.0,500.0,0.0,0.0,0.0,0.3,4.10
13.7,200.4,6.19,60.0,303,191.0,190.0,190.4,500.0,500.0,0.0,0.0,0.0,0.3,4.11
13.8,200.4,6.19,59.8,304,190.9,190.0,190.4,500.0,500.0,0.0,0.0,0.0,0.3,4.13
13.8,200.5,6.19,59.8,305,190.9,190.0,190.4,500.0,500.0,0.0,0.0,0.0,0.3,4.14
13.8,200.5,6.19,59.8,306,190.9,190.0,190.4,500.0,500.0,0.0,0.0,0.0,0.3,4.16
13.7,200.6,6.19,59.8,307,190.9,190.0,190.4,500.0,500.0,0.0,0.0,0.0,0.3,4.17
13.6,200.6,6.19,59.6,308,190.9,190.0,190.4,500.0,500.0,0.0,0.0,0.0,0.3,4.18
13.6,200.6,6.19,59.8,309,190.9,190.0,190.4,500.0,500.0,0.0,0.0,0.0,0.3,4.20
13.6,200.6,6.19,59.8,310,190.9,190.0,190.4,500.0,500.0,0.0,0.0,0.0,0.3,4.21
13.6,200.6,6.19,59.6,311,190.9,190.0,190.4,500.0,500.0,0.0,0.0,0.0,0.3,4.22
13.6,200.6,6.19,59.6,312,190.9,190.0,190.3,500.0,500.0,0.0,0.0,0.0,0.3,4.24
13.6,200.6,6.19,59.8,313,190.9,190.0,190.3,500.0,500.0,0.0,0.0,0.0,0.3,4.25
13.6,200.6,6.19,59.8,314,190.9,190.0,190.3,500.0,500.0,0.0,0.0,0.0,0.3,4.26
13.5,200.6,6.19,59.6,315,190.9,190.0,190.3,500.0,500.0,0.0,0.0,0.0,0.3,4.28
13.5,200.7,6.19,59.8,316,190.9,190.0,190.3,500.0,500.0,0.0,0.0,0.0,0.3,4.29
13.5,200.7,6.19,59.8,317,190.9,190.0,190.3,500.0,500.0,0.0,0.0,0.0,0.3,4.30
13.4,200.7,6.19,59.8,318,190.9,190.0,190.3,500.0,500.0,0.0,0.0,0.0,0.3,4.32
13.5,200.8,6.19,59.6,319,190.9,190.0,190.3,500.0,500.0,0.0,0.0,0.0,0.3,4.33
13.6,200.8,6.19,59.8,320,190.9,190.0,190.3,500.0,500.0,0.0,0.0,0.0,0.3,4.34
13.6,200.8,6.19,59.8,321,190.9,190.0,190.2,500.0,500.0,0.0,0.0,0.0,0.3,4.36
13.6,200.8,6.19,59.6,322,190.9,190.0,190.2,500.0,500.0,0.0,0.0,0.0,0.3,4.37
13.7,200.8,6.19,59.6,323,190.9,190.0,190.2,500.0,500.0,0.0,0.0,0.0,0.3,4.39
13.7,200.8,6.19,59.8,324,190.9,190.0,190.2,500.0,500.0,0.0,0.0,0.0,0.3,4.40
13.6,200.9,6.19,59.8,325,190.9,190.0,190.2,500.0,500.0,0.0,0.0,0.0,0.3,4.41
13.6,200.9,6.19,59.6,326,190.9,190.0,190.2,500.0,500.0,0.0,0.0,0.0,0.3,4.43
13.6,200.9,6.19,59.6,327,190.9,190.0,190.2,500.0,500.0,0.0,0.0,0.0,0.3,4.44
13.6,200.9,6.19,59.6,328,190.9,190.0,190.2,500.0,500.0,0.0,0.0,0.0,0.3,4.45
13.5,200.9,6.19,59.6,329,190.9,190.0,190.2,500.0,500.0,0.0,0.0,0.0,0.3,4.47
13.6,200.9,6.19,59.4,330,190.9,190.0,190.2,500.0,500.0,0.0,0.0,0.0,0.3,4.48
13.6,200.9,6.19,59.6,331,190.8,190.0,190.2,500.0,500.0,0.0,0.0,0.0,0.3,4.49
13.7,201.0,6.19,59.8,332,190.8,190.0,190.2,500.0,500.0,0.0,0.0,0.0,0.3,4.51
13.7,201.0,6.19,59.8,333,190.8,190.0,190.2,500.0,500.0,0.0,0.0,0.0,0.3,4.52
13.6,201.0,6.19,59.8,334,190.8,190.0,190.2,500.0,500.0,0.0,0.0,0.0,0.3,4.53
13.6,201.1,6.19,60.0,335,190.8,190.0,190.2,500.0,500.0,0.0,0.0,0.0,0.3,4.55
13.5,201.1,6.19,60.0,336,190.8,190.0,190.2,500.0,500.0,0.0,0.0,0.0,0.3,4.56
13.4,201.1,6.19,59.8,337,190.8,190.0,190.2,500.0,500.0,0.0,0.0,0.0,0.3,4.57
13.4,201.1,6.19,59.8,338,190.8,190.0,190.2,500.0,500.0,0.0,0.0,0.0,0.3,4.59
13.5,201.1,6.19,59.8,339,190.8,190.0,190.2,500.0,500.0,0.0,0.0,0.0,0.3,4.60
13.5,201.1,6.19,59.8,340,190.8,190.0,190.2,500.0,500.0,0.0,0.0,0.0,0.3,4.62
13.5,201.1,6.19,59.6,341,190.8,190.0,190.2,500.0,500.0,0.0,0.0,0.0,0.3,4.63
13.4,201.1,6.19,59.8,342,190.8,190.0,190.2,500.0,500.0,0.0,0.0,0.0,0.3,4.64
13.4,201.2,6.19,59.8,343,190.8,190.0,190.2,500.0,500.0,0.0,0.0,0.0,0.3,4.66
13.4,201.2,6.19,59.8,344,190.8,190.0,190.2,500.0,500.0,0.0,0.0,0.0,0.3,4.67
13.4,201.2,6.19,59.6,345,190.8,190.0,190.2,500.0,500.0,0.0,0.0,0.0,0.3,4.68
13.4,201.2,6.19,59.8,346,190.8,190.0,190.2,500.0,500.0,0.0,0.0,0.0,0.3,4.70
13.5,201.2,6.19,59.8,347,190.8,190.0,190.2,500.0,500.0,0.0,0.0,0.0,0.3,4.71
13.6,201.2,6.19,59.6,348,190.8,190.0,190.2,500.0,500.0,0.0,0.0,0.0,0.3,4.72
13.7,201.3,6.19,59.6,349,190.8,190.0,190.2,500.0,500.0,0.0,0.0,0.0,0.3,4.74
13.7,201.3,6.19,59.8,350,190.8,190.0,190.2,500.0,500.0,0.0,0.0,0.0,0.3,4.75
13.8,201.3,6.19,59.8,351,190.8,190.0,190.2,500.0,500.0,0.0,0.0,0.0,0.3,4.76
13.8,201.4,6.19,59.6,352,190.8,190.0,190.2,500.0,500.0,0.0,0.0,0.0,0.3,4.78
13.7,201.4,6.19,59.8,353,190.8,190.0,190.2,500.0,500.0,0.0,0.0,0.0,0.3,4.79
13.6,201.4,6.19,59.8,354,190.8,190.1,190.2,500.0,500.0,0.0,0.0,0.0,0.3,4.80
13.6,201.5,6.19,59.8,355,190.8,190.2,190.2,500.0,500.0,0.0,0.0,0.0,0.3,4.82
13.6,201.5,6.19,59.8,356,190.8,190.2,190.3,500.0,500.0,0.0,0.0,0.0,0.3,4.83
13.6,201.5,6.19,60.0,357,190.8,190.2,190.4,500.0,500.0,0.0,0.0,0.0,0.3,4.84
13.8,201.5,6.19,60.0,358,190.8,190.2,190.4,500.0,500.0,0.0,0.0,0.0,0.3,4.86
13.8,201.6,6.19,59.8,359,190.8,190.2,190.4,500.0,500.0,0.0,0.0,0.0,0.3,4.87
13.8,201.6,6.19,59.8,360,190.8,190.1,190.4,500.0,500.0,0.0,0.0,0.0,0.3,4.89
13.8,201.6,6.19,59.8,361,190.8,190.0,190.4,500.0,500.0,0.0,0.0,0.0,0.3,4.90
13.6,201.7,6.19,59.8,362,190.8,190.0,190.4,500.0,500.0,0.0,0.0,0.0,0.3,4.91
13.5,201.7,6.19,59.6,363,190.8,190.0,190.4,500.0,500.0,0.0,0.0,0.0,0.3,4.93
13.4,201.7,6.19,59.8,364,190.8,190.0,190.4,500.0,500.0,0.0,0.0,0.0,0.3,4.94
13.3,201.7,6.19,59.8,365,190.8,190.0,190.4,500.0,500.0,0.0,0.0,0.0,0.3,4.95
13.3,201.7,6.19,59.6,366,190.8,190.0,190.4,500.0,500.0,0.0,0.0,0.0,0.3,4.97
13.3,201.7,6.19,59.6,367,190.8,190.0,190.4,500.0,500.0,0.0,0.0,0.0,0.3,4.98
13.3,201.7,6.19,59.8,368,190.8,190.0,190.4,500.0,500.0,0.0,0.0,0.0,0.3,4.99
13.4,201.7,6.19,59.6,369,190.8,190.0,190.4,500.0,500.0,0.0,0.0,0.0,0.3,5.01
13.4,201.7,6.19,59.6,370,190.8,190.0,190.4,500.0,500.0,0.0,0.0,0.0,0.3,5.02
13.5,201.7,6.19,59.8,371,190.8,190.0,190.4,500.0,500.0,0.0,0.0,0.0,0.3,5.03
13.5,201.7,6.19,59.8,372,190.8,190.0,190.4,500.0,500.0,0.0,0.0,0.0,0.3,5.05
13.4,201.8,6.19,59.8,373,190.7,190.0,190.4,500.0,500.0,0.0,0.0,0.0,0.3,5.06
13.4,201.8,6.19,60.0,374,190.7,190.0,190.4,500.0,500.0,0.0,0.0,0.0,0.3,5.07
13.4,201.8,6.19,60.0,375,190.7,190.0,190.4,500.0,500.0,0.0,0.0,0.0,0.3,5.09
13.4,201.8,6.19,59.8,376,190.7,190.0,190.4,500.0,500.0,0.0,0.0,0.0,0.3,5.10
13.5,201.8,6.19,59.8,377,190.7,190.0,190.4,500.0,500.0,0.0,0.0,0.0,0.3,5.11
13.5,201.8,6.19,59.8,378,190.7,190.0,190.4,500.0,500.0,0.0,0.0,0.0,0.3,5.13
13.6,201.8,6.19,59.8,379,190.7,190.0,190.4,500.0,500.0,0.0,0.0,0.0,0.3,5.14
13.6,201.8,6.19,59.6,380,190.7,190.0,190.4,500.0,500.0,0.0,0.0,0.0,0.3,5.15
13.6,201.8,6.19,59.8,381,190.7,190.0,190.4,500.0,500.0,0.0,0.0,0.0,0.3,5.17
13.6,201.8,6.19,59.8,382,190.7,190.0,190.4,500.0,500.0,0.0,0.0,0.0,0.3,5.18
13.7,201.9,6.19,59.8,383,190.7,190.0,190.4,500.0,500.0,0.0,0.0,0.0,0.3,5.19
13.7,201.9,6.19,59.8,384,190.6,190.0,190.4,500.0,500.0,0.0,0.0,0.0,0.3,5.21
13.7,201.9,6.19,60.0,385,190.6,190.0,190.4,500.0,500.0,0.0,0.0,0.0,0.3,5.22
13.8,201.9,6.19,59.8,386,190.6,190.0,190.4,500.0,500.0,0.0,0.0,0.0,0.3,5.24
13.8,201.9,6.19,59.8,387,190.6,190.0,190.4,500.0,500.0,0.0,0.0,0.0,0.3,5.25
13.7,201.9,6.19,59.8,388,190.6,190.0,190.4,500.0,500.0,0.0,0.0,0.0,0.3,5.26
13.7,202.0,6.19,59.8,389,190.6,190.0,190.4,500.0,500.0,0.0,0.0,0.0,0.3,5.28
13.7,202.0,6.19,59.6,390,190.6,190.0,190.4,500.0,500.0,0.0,0.0,0.0,0.3,5.29
13.7,202.0,6.19,59.8,391,190.6,190.0,190.4,500.0,500.0,0.0,0.0,0.0,0.3,5.30
13.7,202.0,6.19,59.8,392,190.6,190.0,190.4,500.0,500.0,0.0,0.0,0.0,0.3,5.32
13.7,202.0,6.19,59.6,393,190.6,190.0,190.4,500.0,500.0,0.0,0.0,0.0,0.3,5.33
13.6,202.0,6.19,59.4,394,190.6,190.0,190.4,500.0,500.0,0.0,0.0,0.0,0.3,5.34
13.6,202.0,6.19,59.6,395,190.6,190.0,190.4,500.0,500.0,0.0,0.0,0.0,0.3,5.36
13.6,202.0,6.19,59.6,396,190.6,190.0,190.4,500.0,500.0,0.0,0.0,0.0,0.3,5.37
13.5,202.0,6.19,59.6,397,190.6,190.0,190.4,500.0,500.0,0.0,0.0,0.0,0.3,5.39
13.5,202.0,6.19,59.8,398,190.6,190.0,190.4,500.0,500.0,0.0,0.0,0.0,0.3,5.40
13.5,202.0,6.19,60.0,399,190.6,190.0,190.4,500.0,500.0,0.0,0.0,0.0,0.3,5.41
13.5,202.0,6.19,60.0,400,190.6,190.0,190.4,500.0,500.0,0.0,0.0,0.0,0.3,5.43
13.5,202.0,6.19,59.8,401,190.5,190.1,190.4,500.0,500.0,0.0,0.0,0.0,0.3,5.44
13.5,202.1,6.19,59.8,402,190.5,190.1,190.4,500.0,500.0,0.0,0.0,0.0,0.3,5.45
13.5,202.1,6.19,59.8,403,190.5,190.1,190.4,500.0,500.0,0.0,0.0,0.0,0.3,5.47
13.5,202.1,6.19,59.6,404,190.5,190.1,190.4,500.0,500.0,0.0,0.0,0.0,0.3,5.48
13.5,202.1,6.19,59.6,405,190.5,190.1,190.4,500.0,500.0,0.0,0.0,0.0,0.3,5.49
13.5,202.1,6.19,59.8,406,190.5,190.1,190.4,500.0,500.0,0.0,0.0,0.0,0.3,5.51
13.5,202.1,6.19,59.8,407,190.5,190.1,190.4,500.0,500.0,0.0,0.0,0.0,0.3,5.52
13.5,202.1,6.19,59.6,408,190.5,190.1,190.4,500.0,500.0,0.0,0.0,0.0,0.3,5.53
13.5,202.1,6.19,59.8,409,190.5,190.1,190.4,500.0,500.0,0.0,0.0,0.0,0.3,5.55
13.6,202.1,6.19,59.8,410,190.5,190.1,190.4,500.0,500.0,0.0,0.0,0.0,0.3,5.56
13.6,202.1,6.19,59.8,411,190.5,190.1,190.4,500.0,500.0,0.0,0.0,0.0,0.3,5.57
13.7,202.1,6.19,59.6,412,190.5,190.1,190.5,500.0,500.0,0.0,0.0,0.0,0.3,5.59
13.7,202.2,6.19,59.8,413,190.4,190.0,190.5,500.0,500.0,0.0,0.0,0.0,0.3,5.60
13.8,202.2,6.19,59.8,414,190.4,190.0,190.5,500.0,500.0,0.0,0.0,0.0,0.3,5.61
13.8,202.2,6.19,59.6,415,190.4,190.0,190.5,500.0,500.0,0.0,0.0,0.0,0.3,5.63
13.8,202.2,6.19,59.6,416,190.4,190.0,190.5,500.0,500.0,0.0,0.0,0.0,0.3,5.64
13.7,202.2,6.19,59.8,417,190.4,190.0,190.5,500.0,500.0,0.0,0.0,0.0,0.3,5.66
13.6,202.2,6.19,59.8,418,190.4,190.0,190.5,500.0,500.0,0.0,0.0,0.0,0.3,5.67
13.6,202.3,6.19,59.6,419,190.4,190.0,190.5,500.0,500.0,0.0,0.0,0.0,0.3,5.68
13.5,202.3,6.19,59.8,420,190.4,190.0,190.5,500.0,500.0,0.0,0.0,0.0,0.3,5.70
13.5,202.3,6.19,59.8,421,190.4,190.0,190.5,500.0,500.0,0.0,0.0,0.0,0.3,5.71
13.6,202.3,6.19,59.8,422,190.4,190.0,190.5,500.0,500.0,0.0,0.0,0.0,0.3,5.72
13.5,202.3,6.19,59.6,423,190.4,190.0,190.5,500.0,500.0,0.0,0.0,0.0,0.3,5.74
13.5,202.3,6.19,59.8,424,190.4,190.0,190.5,500.0,500.0,0.0,0.0,0.0,0.3,5.75
13.6,202.3,6.19,59.8,425,190.4,190.0,190.6,500.0,500.0,0.0,0.0,0.0,0.3,5.76
13.6,202.3,6.19,59.6,426,190.4,190.0,190.6,500.0,500.0,0.0,0.0,0.0,0.3,5.78
13.5,202.3,6.19,59.6,427,190.4,190.0,190.6,500.0,500.0,0.0,0.0,0.0,0.3,5.79
13.6,202.3,6.19,59.8,428,190.4,190.0,190.6,500.0,500.0,0.0,0.0,0.0,0.3,5.80
13.6,202.3,6.19,59.8,429,190.4,190.0,190.6,500.0,500.0,0.0,0.0,0.0,0.3,5.82
13.5,202.3,6.19,59.6,430,190.4,190.0,190.6,500.0,500.0,0.0,0.0,0.0,0.3,5.83
13.6,202.3,6.19,59.8,431,190.4,190.0,190.6,500.0,500.0,0.0,0.0,0.0,0.3,5.84
13.7,202.4,6.19,59.8,432,190.4,190.0,190.6,500.0,500.0,0.0,0.0,0.0,0.3,5.86
13.7,202.4,6.19,59.8,433,190.3,190.0,190.6,500.0,500.0,0.0,0.0,0.0,0.3,5.87
13.7,202.4,6.19,59.6,434,190.3,190.0,190.7,500.0,500.0,0.0,0.0,0.0,0.3,5.89
13.8,202.4,6.19,59.8,435,190.3,190.0,190.7,500.0,500.0,0.0,0.0,0.0,0.3,5.90
13.7,202.4,6.19,59.8,436,190.3,190.0,190.7,500.0,500.0,0.0,0.0,0.0,0.3,5.91
13.6,202.4,6.19,59.6,437,190.3,190.0,190.7,500.0,500.0,0.0,0.0,0.0,0.3,5.93
13.6,202.4,6.19,59.6,438,190.3,190.0,190.7,500.0,500.0,0.0,0.0,0.0,0.3,5.94
13.5,202.5,6.19,59.8,439,190.3,190.0,190.7,500.0,500.0,0.0,0.0,0.0,0.3,5.95
13.4,202.5,6.19,59.8,440,190.3,190.0,190.7,500.0,500.0,0.0,0.0,0.0,0.3,5.97
13.4,202.5,6.19,59.6,441,190.3,190.0,190.8,500.0,500.0,0.0,0.0,0.0,0.3,5.98
13.4,202.5,6.19,59.8,442,190.4,190.0,190.9,500.0,500.0,0.0,0.0,0.0,0.3,5.99
13.3,202.5,6.19,59.8,443,190.4,190.0,190.9,500.0,500.0,0.0,0.0,0.0,0.3,6.01
13.3,202.5,6.19,59.8,444,190.4,190.0,190.9,500.0,500.0,0.0,0.0,0.0,0.3,6.02
13.3,202.5,6.19,59.6,445,190.4,190.0,190.9,500.0,500.0,0.0,0.0,0.0,0.3,6.03
13.3,202.6,6.19,59.8,446,190.4,190.0,190.9,500.0,500.0,0.0,0.0,0.0,0.3,6.05
13.3,202.6,6.19,59.8,447,190.4,190.0,190.9,500.0,500.0,0.0,0.0,0.0,0.3,6.06
13.3,202.5,6.19,59.6,448,190.4,190.1,190.9,500.0,500.0,0.0,0.0,0.0,0.3,6.07
13.2,202.5,6.19,59.6,449,190.4,190.2,190.9,500.0,500.0,0.0,0.0,0.0,0.3,6.09
13.2,202.5,6.19,59.8,450,190.4,190.2,190.9,500.0,500.0,0.0,0.0,0.0,0.3,6.10
13.3,202.5,6.19,59.8,451,190.4,190.2,191.0,500.0,500.0,0.0,0.0,0.0,0.3,6.11
13.3,202.6,6.19,59.6,452,190.4,190.2,191.0,500.0,500.0,0.0,0.0,0.0,0.3,6.13
13.4,202.6,6.19,59.8,453,190.4,190.2,191.0,500.0,500.0,0.0,0.0,0.0,0.3,6.14
13.5,202.6,6.19,59.8,454,190.4,190.3,191.0,500.0,500.0,0.0,0.0,0.0,0.3,6.15
13.5,202.6,6.19,59.6,455,190.3,190.3,191.0,500.0,500.0,0.0,0.0,0.0,0.3,6.17
13.5,202.6,6.19,59.6,456,190.3,190.3,191.0,500.0,500.0,0.0,0.0,0.0,0.3,6.18
13.6,202.6,6.19,59.8,457,190.3,190.3,191.0,500.0,500.0,0.0,0.0,0.0,0.3,6.19
13.6,202.6,6.19,59.8,458,190.3,190.3,191.0,500.0,500.0,0.0,0.0,0.0,0.3,6.21
13.6,202.6,6.19,59.6,459,190.3,190.3,191.0,500.0,500.0,0.0,0.0,0.0,0.3,6.22
13.6,202.6,6.19,59.8,460,190.3,190.2,191.0,500.0,500.0,0.0,0.0,0.0,0.3,6.23
13.6,202.6,6.19,59.8,461,190.3,190.1,191.0,500.0,500.0,0.0,0.0,0.0,0.3,6.25
13.5,202.7,6.19,59.8,462,190.3,190.1,191.0,500.0,500.0,0.0,0.0,0.0,0.3,6.26
13.5,202.7,6.19,59.6,463,190.3,190.1,191.0,500.0,500.0,0.0,0.0,0.0,0.3,6.27
13.5,202.7,6.19,59.8,464,190.3,190.1,191.0,500.0,500.0,0.0,0.0,0.0,0.3,6.29
13.5,202.7,6.19,59.8,465,190.3,190.0,191.0,500.0,500.0,0.0,0.0,0.0,0.3,6.30
13.6,202.7,6.19,59.6,466,190.3,190.0,191.0,500.0,500.0,0.0,0.0,0.0,0.3,6.31
13.7,202.7,6.19,59.6,467,190.3,190.0,191.0,500.0,500.0,0.0,0.0,0.0,0.3,6.33
13.7,202.7,6.19,59.8,468,190.3,190.0,191.0,500.0,500.0,0.0,0.0,0.0,0.3,6.34
13.7,202.7,6.19,59.8,469,190.3,190.0,191.0,500.0,500.0,0.0,0.0,0.0,0.3,6.36
13.7,202.7,6.19,59.6,470,190.3,190.0,191.0,500.0,500.0,0.0,0.0,0.0,0.3,6.37
13.6,202.7,6.19,59.8,471,190.3,190.0,191.0,500.0,500.0,0.0,0.0,0.0,0.3,6.38
13.5,202.8,6.19,59.8,472,190.3,190.0,191.0,500.0,500.0,0.0,0.0,0.0,0.3,6.40
13.4,202.8,6.19,59.8,473,190.3,190.0,191.0,500.0,500.0,0.0,0.0,0.0,0.3,6.41
13.4,202.7,6.19,59.6,474,190.3,190.0,191.0,500.0,500.0,0.0,0.0,0.0,0.3,6.42
13.4,202.7,6.19,59.8,475,190.3,190.0,191.0,500.0,500.0,0.0,0.0,0.0,0.3,6.44
13.4,202.7,6.19,59.8,476,190.3,190.0,191.0,500.0,500.0,0.0,0.0,0.0,0.3,6.45
13.4,202.7,6.19,59.6,477,190.3,190.0,191.0,500.0,500.0,0.0,0.0,0.0,0.3,6.46
13.4,202.7,6.19,59.6,478,190.3,190.0,191.0,500.0,500.0,0.0,0.0,0.0,0.3,6.48
13.5,202.8,6.19,59.8,479,190.3,190.0,191.0,500.0,500.0,0.0,0.0,0.0,0.3,6.49
13.5,202.8,6.19,59.8,480,190.3,190.0,190.9,500.0,500.0,0.0,0.0,0.0,0.3,6.50
13.5,202.8,6.19,59.8,481,190.3,190.0,190.9,500.0,500.0,0.0,0.0,0.0,0.3,6.52
13.5,202.8,6.19,60.0,482,190.3,190.0,190.9,500.0,500.0,0.0,0.0,0.0,0.3,6.53
13.5,202.8,6.19,60.0,483,190.3,190.0,190.9,500.0,500.0,0.0,0.0,0.0,0.3,6.54
13.5,202.8,6.19,59.8,484,190.3,190.0,190.9,500.0,500.0,0.0,0.0,0.0,0.3,6.56
13.5,202.8,6.19,59.8,485,190.3,190.0,190.9,500.0,500.0,0.0,0.0,0.0,0.3,6.57
13.5,202.8,6.19,59.8,486,190.3,190.0,190.9,500.0,500.0,0.0,0.0,0.0,0.3,6.58
13.6,202.8,6.19,59.8,487,190.3,190.0,190.9,500.0,500.0,0.0,0.0,0.0,0.3,6.60
13.6,202.8,6.19,59.6,488,190.3,190.0,190.9,500.0,500.0,0.0,0.0,0.0,0.3,6.61
13.6,202.9,6.19,59.8,489,190.3,190.0,190.9,500.0,500.0,0.0,0.0,0.0,0.3,6.62
13.6,202.9,6.19,59.8,490,190.4,190.0,191.0,500.0,500.0,0.0,0.0,0.0,0.3,6.64
13.6,202.9,6.19,59.8,491,190.4,190.0,191.0,500.0,500.0,0.0,0.0,0.0,0.3,6.65
13.5,202.9,6.19,59.8,492,190.4,190.0,191.0,500.0,500.0,0.0,0.0,0.0,0.3,6.66
13.5,202.9,6.19,60.0,493,190.4,190.1,191.0,500.0,500.0,0.0,0.0,0.0,0.3,6.68
13.5,202.9,6.19,60.0,494,190.4,190.1,191.0,500.0,500.0,0.0,0.0,0.0,0.3,6.69
13.6,202.9,6.19,59.8,495,190.4,190.3,191.0,500.0,500.0,0.0,0.0,0.0,0.3,6.71
13.6,202.9,6.19,59.8,496,190.4,190.3,191.0,500.0,500.0,0.0,0.0,0.0,0.3,6.72
13.7,202.9,6.19,59.8,497,190.4,190.3,191.0,500.0,500.0,0.0,0.0,0.0,0.3,6.73
13.7,202.9,6.19,59.6,498,190.4,190.3,191.0,500.0,500.0,0.0,0.0,0.0,0.3,6.75
13.7,203.0,6.19,59.6,499,190.4,190.3,191.0,500.0,500.0,0.0,0.0,0.0,0.3,6.76
13.6,203.0,6.19,59.8,500,190.4,190.4,191.0,500.0,500.0,0.0,0.0,0.0,0.3,6.77
13.5,203.0,6.19,59.8,501,190.4,190.4,191.0,500.0,500.0,0.0,0.0,0.0,0.3,6.79
13.4,203.0,6.19,59.8,502,190.4,190.4,191.0,500.0,500.0,0.0,0.0,0.0,0.3,6.80
13.4,203.0,6.19,59.8,503,190.4,190.4,191.0,500.0,500.0,0.0,0.0,0.0,0.3,6.81
13.5,202.9,6.19,59.8,504,190.4,190.4,191.0,500.0,500.0,0.0,0.0,0.0,0.3,6.83
13.5,202.9,6.19,59.8,505,190.4,190.4,191.0,500.0,500.0,0.0,0.0,0.0,0.3,6.84
13.6,202.9,6.19,59.6,506,190.4,190.3,191.0,500.0,500.0,0.0,0.0,0.0,0.3,6.85
13.8,202.9,6.19,59.6,507,190.4,190.2,191.0,500.0,500.0,0.0,0.0,0.0,0.3,6.87
13.8,202.9,6.19,59.8,508,190.4,190.2,191.0,500.0,500.0,0.0,0.0,0.0,0.3,6.88
13.8,203.0,6.19,59.6,509,190.4,190.2,191.0,500.0,500.0,0.0,0.0,0.0,0.3,6.90
13.8,203.0,6.19,59.6,510,190.4,190.0,191.0,500.0,500.0,0.0,0.0,0.0,0.3,6.91
13.7,203.0,6.19,59.8,511,190.4,190.0,191.0,500.0,500.0,0.0,0.0,0.0,0.3,6.92
13.6,203.0,6.19,59.8,512,190.4,190.0,191.0,500.0,500.0,0.0,0.0,0.0,0.3,6.94
13.5,203.0,6.19,59.6,513,190.4,190.0,191.0,500.0,500.0,0.0,0.0,0.0,0.3,6.95
13.6,203.0,6.19,59.8,514,190.4,190.0,191.0,500.0,500.0,0.0,0.0,0.0,0.3,6.96
13.7,203.0,6.19,59.8,515,190.4,190.0,191.0,500.0,500.0,0.0,0.0,0.0,0.3,6.98
13.7,203.0,6.19,59.8,516,190.4,190.0,190.9,500.0,500.0,0.0,0.0,0.0,0.3,6.99
13.6,203.0,6.19,59.6,517,190.4,190.0,190.9,500.0,500.0,0.0,0.0,0.0,0.3,7.00
13.6,203.0,6.19,59.8,518,190.4,190.0,190.9,500.0,500.0,0.0,0.0,0.0,0.3,7.02
13.5,203.0,6.19,59.8,519,190.4,190.0,190.9,500.0,500.0,0.0,0.0,0.0,0.3,7.03
13.5,203.0,6.19,59.6,520,190.4,190.0,190.9,500.0,500.0,0.0,0.0,0.0,0.3,7.04
13.5,203.0,6.19,59.6,521,190.4,190.0,190.9,500.0,500.0,0.0,0.0,0.0,0.3,7.06
13.5,203.0,6.19,59.8,522,190.4,190.0,190.9,500.0,500.0,0.0,0.0,0.0,0.3,7.07
13.5,203.0,6.19,59.8,523,190.4,190.0,190.9,500.0,500.0,0.0,0.0,0.0,0.3,7.08
13.5,203.0,6.19,59.6,524,190.4,190.0,190.9,500.0,500.0,0.0,0.0,0.0,0.3,7.10
13.4,203.0,6.19,59.8,525,190.4,190.0,190.9,500.0,500.0,0.0,0.0,0.0,0.3,7.11
13.4,203.1,6.19,59.8,526,190.4,190.0,190.9,500.0,500.0,0.0,0.0,0.0,0.3,7.12
13.4,203.1,6.19,59.8,527,190.4,190.0,190.9,500.0,500.0,0.0,0.0,0.0,0.3,7.14
13.5,203.1,6.19,59.6,528,190.4,190.0,190.9,500.0,500.0,0.0,0.0,0.0,0.3,7.15
13.4,203.1,6.19,59.8,529,190.4,190.0,190.9,500.0,500.0,0.0,0.0,0.0,0.3,7.16
13.5,203.1,6.19,59.8,530,190.4,190.0,190.9,500.0,500.0,0.0,0.0,0.0,0.3,7.18
13.4,203.1,6.19,59.8,531,190.4,190.0,190.9,500.0,500.0,0.0,0.0,0.0,0.3,7.19
13.5,203.1,6.19,59.6,532,190.4,190.0,190.9,500.0,500.0,0.0,0.0,0.0,0.3,7.20
13.6,203.0,6.19,59.8,533,190.4,190.0,190.9,500.0,500.0,0.0,0.0,0.0,0.3,7.22
13.7,203.0,6.19,59.8,534,190.4,190.0,190.9,500.0,500.0,0.0,0.0,0.0,0.3,7.23
13.8,203.0,6.19,59.6,535,190.4,190.0,190.9,500.0,500.0,0.0,0.0,0.0,0.3,7.25
13.8,203.0,6.19,59.6,536,190.4,190.0,190.9,500.0,500.0,0.0,0.0,0.0,0.3,7.26
13.8,203.0,6.19,59.8,537,190.4,190.0,190.9,500.0,500.0,0.0,0.0,0.0,0.3,7.27
13.7,203.0,6.19,59.8,538,190.4,190.0,190.9,500.0,500.0,0.0,0.0,0.0,0.3,7.29
13.7,203.1,6.19,59.6,539,190.4,190.0,190.8,500.0,500.0,0.0,0.0,0.0,0.3,7.30
13.6,203.1,6.19,59.8,540,190.4,190.0,190.8,500.0,500.0,0.0,0.0,0.0,0.3,7.31
13.7,203.1,6.19,59.8,541,190.4,190.0,190.8,500.0,500.0,0.0,0.0,0.0,0.3,7.33
13.7,203.0,6.19,59.8,542,190.4,190.0,190.8,500.0,500.0,0.0,0.0,0.0,0.3,7.34
13.8,203.0,6.19,59.6,543,190.4,190.0,190.8,500.0,500.0,0.0,0.0,0.0,0.3,7.35
13.8,203.0,6.19,59.8,544,190.4,190.1,190.8,500.0,500.0,0.0,0.0,0.0,0.3,7.37
13.7,203.0,6.19,59.8,545,190.4,190.1,190.8,500.0,500.0,0.0,0.0,0.0,0.3,7.38
13.7,203.0,6.19,59.6,546,190.4,190.1,190.8,500.0,500.0,0.0,0.0,0.0,0.3,7.40
13.6,203.1,6.19,59.6,547,190.4,190.1,190.8,500.0,500.0,0.0,0.0,0.0,0.3,7.41
13.5,203.1,6.19,59.8,548,190.4,190.1,190.8,500.0,500.0,0.0,0.0,0.0,0.3,7.42
13.5,203.1,6.19,59.8,549,190.4,190.2,190.8,500.0,500.0,0.0,0.0,0.0,0.3,7.44
13.4,203.1,6.19,59.6,550,190.4,190.2,190.8,500.0,500.0,0.0,0.0,0.0,0.3,7.45
13.5,203.1,6.18,59.8,551,190.4,190.2,190.7,500.0,500.0,0.0,0.0,0.0,0.3,7.46
13.5,203.1,6.18,59.8,552,190.4,190.2,190.7,500.0,500.0,0.0,0.0,0.0,0.3,7.48
13.5,203.1,6.18,59.8,553,190.4,190.2,190.7,500.0,500.0,0.0,0.0,0.0,0.3,7.49
13.5,203.1,6.18,59.6,554,190.4,190.2,190.7,500.0,500.0,0.0,0.0,0.0,0.3,7.50
13.5,203.1,6.18,59.8,555,190.4,190.2,190.7,500.0,500.0,0.0,0.0,0.0,0.3,7.52
13.5,203.1,6.19,59.8,556,190.4,190.2,190.7,500.0,500.0,0.0,0.0,0.0,0.3,7.53
13.4,203.1,6.19,59.8,557,190.4,190.1,190.7,500.0,500.0,0.0,0.0,0.0,0.3,7.54
13.3,203.1,6.18,59.6,558,190.4,190.0,190.7,500.0,500.0,0.0,0.0,0.0,0.3,7.56
13.3,203.1,6.18,59.8,559,190.4,190.0,190.7,500.0,500.0,0.0,0.0,0.0,0.3,7.57
13.3,203.1,6.18,59.8,560,190.4,190.0,190.7,500.0,500.0,0.0,0.0,0.0,0.3,7.58
13.4,203.1,6.18,59.6,561,190.4,190.0,190.7,500.0,500.0,0.0,0.0,0.0,0.3,7.60
13.4,203.1,6.18,59.6,562,190.4,190.0,190.6,500.0,500.0,0.0,0.0,0.0,0.3,7.61
13.5,203.1,6.19,59.8,563,190.4,190.0,190.6,500.0,500.0,0.0,0.0,0.0,0.3,7.62
13.5,203.1,6.19,59.8,564,190.4,190.0,190.6,500.0,500.0,0.0,0.0,0.0,0.3,7.64
13.5,203.1,6.19,59.6,565,190.4,190.0,190.6,500.0,500.0,0.0,0.0,0.0,0.3,7.65
13.5,203.1,6.19,59.8,566,190.4,190.0,190.6,500.0,500.0,0.0,0.0,0.0,0.3,7.66
13.5,203.2,6.19,59.8,567,190.4,190.0,190.6,500.0,500.0,0.0,0.0,0.0,0.3,7.68
13.6,203.2,6.19,59.8,568,190.4,190.0,190.6,500.0,500.0,0.0,0.0,0.0,0.3,7.69
13.5,203.2,6.19,59.6,569,190.4,190.0,190.6,500.0,500.0,0.0,0.0,0.0,0.3,7.70
13.6,203.2,6.19,59.8,570,190.5,190.0,190.6,500.0,500.0,0.0,0.0,0.0,0.3,7.72
13.6,203.2,6.19,59.8,571,190.5,190.0,190.6,500.0,500.0,0.0,0.0,0.0,0.3,7.73
13.6,203.2,6.19,59.6,572,190.5,190.0,190.6,500.0,500.0,0.0,0.0,0.0,0.3,7.75
13.6,203.2,6.19,59.6,573,190.5,190.0,190.6,500.0,500.0,0.0,0.0,0.0,0.3,7.76
13.7,203.2,6.19,59.8,574,190.5,190.0,190.6,500.0,500.0,0.0,0.0,0.0,0.3,7.77
13.6,203.2,6.19,59.6,575,190.5,190.0,190.6,500.0,500.0,0.0,0.0,0.0,0.3,7.79
13.6,203.2,6.19,59.6,576,190.5,190.0,190.6,500.0,500.0,0.0,0.0,0.0,0.3,7.80
13.6,203.2,6.19,59.8,577,190.5,190.0,190.6,500.0,500.0,0.0,0.0,0.0,0.3,7.81
13.6,203.2,6.19,59.8,578,190.5,190.0,190.6,500.0,500.0,0.0,0.0,0.0,0.3,7.83
13.6,203.2,6.19,59.6,579,190.5,190.0,190.6,500.0,500.0,0.0,0.0,0.0,0.3,7.84
13.7,203.2,6.19,59.8,580,190.5,190.0,190.5,500.0,500.0,0.0,0.0,0.0,0.3,7.85
13.6,203.2,6.19,59.8,581,190.5,190.0,190.5,500.0,500.0,0.0,0.0,0.0,0.3,7.87
13.6,203.2,6.19,59.8,582,190.5,190.0,190.5,500.0,500.0,0.0,0.0,0.0,0.3,7.88
13.5,203.2,6.19,59.6,583,190.5,190.0,190.5,500.0,500.0,0.0,0.0,0.0,0.3,7.89
13.5,203.2,6.19,59.8,584,190.5,190.0,190.5,500.0,500.0,0.0,0.0,0.0,0.3,7.91
13.4,203.2,6.19,59.8,585,190.5,190.0,190.5,500.0,500.0,0.0,0.0,0.0,0.3,7.92
13.4,203.2,6.19,59.6,586,190.5,190.0,190.5,500.0,500.0,0.0,0.0,0.0,0.3,7.93
13.4,203.2,6.19,59.6,587,190.5,190.0,190.5,500.0,500.0,0.0,0.0,0.0,0.3,7.95
13.4,203.2,6.19,59.8,588,190.5,190.0,190.5,500.0,500.0,0.0,0.0,0.0,0.3,7.96
13.5,203.2,6.19,59.6,589,190.5,190.0,190.4,500.0,500.0,0.0,0.0,0.0,0.3,7.97
13.6,203.1,6.19,59.6,590,190.5,190.0,190.4,500.0,500.0,0.0,0.0,0.0,0.3,7.99
13.6,203.1,6.19,59.8,591,190.5,190.0,190.4,500.0,500.0,0.0,0.0,0.0,0.3,8.00
13.6,203.2,6.19,59.8,592,190.5,190.0,190.4,500.0,500.0,0.0,0.0,0.0,0.3,8.01
13.7,203.2,6.19,59.6,593,190.5,190.0,190.4,500.0,500.0,0.0,0.0,0.0,0.3,8.03
13.7,203.2,6.19,59.8,594,190.5,190.0,190.4,500.0,500.0,0.0,0.0,0.0,0.3,8.04
13.6,203.2,6.19,59.8,595,190.5,190.0,190.4,500.0,500.0,0.0,0.0,0.0,0.3,8.06
13.6,203.2,6.19,59.8,596,190.5,190.1,190.4,500.0,500.0,0.0,0.0,0.0,0.3,8.07
13.6,203.2,6.19,59.8,597,190.5,190.1,190.4,500.0,500.0,0.0,0.0,0.0,0.3,8.08
13.5,203.2,6.19,59.8,598,190.5,190.1,190.4,500.0,500.0,0.0,0.0,0.0,0.3,8.10
13.5,203.2,6.19,59.8,599,190.5,190.1,190.4,500.0,500.0,0.0,0.0,0.0,0.3,8.11
