扭矩,料温,压力,转速,时间,温度1,温度2,温度3,温度4,温度5,温度6,温度7,温度8,顶栓,能量
1.6,185.9,6.19,0.4,0,189.6,189.7,190.0,500.0,500.0,0.0,0.0,0.0,0.3,0.00
1.6,186.0,6.19,5.6,1,189.6,189.8,190.0,500.0,500.0,0.0,0.0,0.0,0.3,0.00
1.5,186.0,6.19,15.2,2,189.7,189.8,190.0,500.0,500.0,0.0,0.0,0.0,0.3,0.00
1.4,186.1,6.19,25.2,3,189.7,189.8,190.0,500.0,500.0,0.0,0.0,0.0,0.3,0.00
1.3,186.1,6.19,35.0,4,189.7,189.9,190.0,500.0,500.0,0.0,0.0,0.0,0.3,0.00
1.2,186.0,6.19,44.6,5,189.7,190.0,190.0,500.0,500.0,0.0,0.0,0.0,0.3,0.00
1.1,185.7,6.19,49.4,6,189.8,190.0,190.0,500.0,500.0,0.0,0.0,0.0,0.3,0.00
0.9,185.1,6.19,49.8,7,189.8,190.0,190.0,500.0,500.0,0.0,0.0,0.0,0.3,0.00
0.8,184.5,6.19,49.8,8,189.8,190.0,190.0,500.0,500.0,0.0,0.0,0.0,0.3,0.01
0.7,183.9,6.19,50.0,9,189.8,190.0,190.0,500.0,500.0,0.0,0.0,0.0,0.3,0.01
0.6,183.3,6.19,49.8,10,189.9,190.0,190.0,500.0,500.0,0.0,0.0,0.0,0.3,0.01
0.4,182.8,6.19,49.8,11,189.9,190.0,190.0,500.0,500.0,0.0,0.0,0.0,0.3,0.01
0.4,182.2,6.19,49.8,12,189.9,190.0,190.0,500.0,500.0,0.0,0.0,0.0,0.3,0.01
0.2,181.6,6.19,49.8,13,189.9,190.0,190.0,500.0,500.0,0.0,0.0,0.0,0.3,0.01
0.2,181.1,6.19,49.6,14,189.9,190.0,190.0,500.0,500.0,0.0,0.0,0.0,0.3,0.01
0.1,180.6,6.19,49.8,15,189.9,190.0,190.0,500.0,500.0,0.0,0.0,0.0,0.3,0.01
0.1,180.2,6.19,49.8,16,189.9,190.0,190.0,500.0,500.0,0.0,0.0,0.0,0.3,0.01
0.1,179.8,6.19,49.8,17,189.9,190.0,190.0,500.0,500.0,0.0,0.0,0.0,0.3,0.01
0.1,179.4,6.19,49.8,18,189.9,190.0,190.0,500.0,500.0,0.0,0.0,0.0,0.3,0.01
0.1,178.9,6.19,50.0,19,189.9,190.0,190.0,500.0,500.0,0.0,0.0,0.0,0.3,0.01
0.1,178.6,6.19,50.0,20,189.9,190.0,190.0,500.0,500.0,0.0,0.0,0.0,0.3,0.01
0.2,178.4,6.19,50.0,21,189.9,190.0,190.0,500.0,500.0,0.0,0.0,0.0,0.3,0.01
0.2,178.1,6.19,50.0,22,189.9,190.0,190.0,500.0,500.0,0.0,0.0,0.0,0.3,0.01
0.2,177.7,6.19,49.8,23,189.9,190.0,190.0,500.0,500.0,0.0,0.0,0.0,0.3,0.01
0.4,177.1,6.19,49.8,24,189.9,190.0,190.0,500.0,500.0,0.0,0.0,0.0,0.3,0.01
0.5,176.5,6.19,49.8,25,189.9,190.0,190.0,500.0,500.0,0.0,0.0,0.0,0.3,0.01
0.6,175.9,6.19,49.8,26,189.9,190.0,190.0,500.0,500.0,0.0,0.0,0.0,0.3,0.01
0.7,175.4,6.19,49.8,27,189.9,190.0,190.0,500.0,500.0,0.0,0.0,0.0,0.3,0.01
0.9,175.1,6.19,50.0,28,189.9,190.0,190.0,500.0,500.0,0.0,0.0,0.0,0.3,0.01
0.9,174.8,6.19,50.0,29,189.9,190.0,190.0,500.0,500.0,0.0,0.0,0.0,0.3,0.01
0.9,174.5,6.19,50.0,30,189.9,190.0,190.0,500.0,500.0,0.0,0.0,0.0,0.3,0.01
0.9,174.4,6.19,50.2,31,189.9,189.9,190.0,500.0,500.0,0.0,0.0,0.0,0.3,0.01
0.9,174.4,6.19,50.0,32,189.9,189.9,190.0,500.0,500.0,0.0,0.0,0.0,0.3,0.01
1.0,174.5,6.19,50.0,33,189.9,189.9,190.0,500.0,500.0,0.0,0.0,0.0,0.3,0.01
1.0,174.7,6.19,50.0,34,189.9,189.9,190.0,500.0,500.0,0.0,0.0,0.0,0.3,0.02
1.0,174.8,6.19,49.8,35,189.9,189.8,190.0,500.0,500.0,0.0,0.0,0.0,0.3,0.02
1.1,174.8,6.19,49.4,36,189.9,189.6,190.0,500.0,500.0,0.0,0.0,0.0,0.3,0.02
1.1,174.9,6.19,49.6,37,189.9,189.5,190.0,500.0,500.0,0.0,0.0,0.0,0.3,0.02
1.1,175.0,6.19,49.6,38,189.7,189.5,190.0,500.0,500.0,0.0,0.0,0.0,0.3,0.02
1.0,175.0,6.19,49.6,39,189.7,189.5,190.0,500.0,500.0,0.0,0.0,0.0,0.3,0.02
1.0,175.1,6.19,49.8,40,189.7,189.5,190.0,500.0,500.0,0.0,0.0,0.0,0.3,0.02
0.8,175.2,6.19,49.8,41,189.7,189.4,190.0,500.0,500.0,0.0,0.0,0.0,0.3,0.02
0.9,175.2,6.19,49.8,42,189.7,189.4,190.0,500.0,500.0,0.0,0.0,0.0,0.3,0.02
0.9,175.3,6.19,49.8,43,189.7,189.4,190.0,500.0,500.0,0.0,0.0,0.0,0.3,0.02
0.9,175.4,6.19,49.8,44,189.7,189.4,190.0,500.0,500.0,0.0,0.0,0.0,0.3,0.02
1.0,175.5,6.19,49.8,45,189.7,189.5,190.0,500.0,500.0,0.0,0.0,0.0,0.3,0.02
1.1,175.5,6.19,50.0,46,189.7,189.6,190.0,500.0,500.0,0.0,0.0,0.0,0.3,0.03
1.0,175.6,6.19,49.8,47,189.6,189.6,190.0,500.0,500.0,0.0,0.0,0.0,0.3,0.03
0.9,175.6,6.19,49.8,48,189.6,189.6,190.0,500.0,500.0,0.0,0.0,0.0,0.3,0.03
0.9,175.6,6.19,49.8,49,189.6,189.6,190.0,500.0,500.0,0.0,0.0,0.0,0.3,0.03
0.9,175.7,6.19,49.8,50,189.6,189.6,190.0,500.0,500.0,0.0,0.0,0.0,0.3,0.03
0.9,175.8,6.19,49.8,51,189.6,189.8,190.0,500.0,500.0,0.0,0.0,0.0,0.3,0.03
1.0,175.9,6.19,49.8,52,189.6,190.0,190.0,500.0,500.0,0.0,0.0,0.0,0.3,0.03
1.0,176.0,6.19,49.8,53,189.6,190.0,190.0,500.0,500.0,0.0,0.0,0.0,0.3,0.03
1.0,176.0,6.19,49.8,54,189.6,190.0,190.0,500.0,500.0,0.0,0.0,0.0,0.3,0.03
1.0,176.0,6.19,49.8,55,189.7,190.0,190.0,500.0,500.0,0.0,0.0,0.0,0.3,0.03
1.0,176.0,6.19,49.8,56,189.7,190.0,190.0,500.0,500.0,0.0,0.0,0.0,0.3,0.03
0.9,176.0,6.19,50.0,57,189.7,190.0,190.0,500.0,500.0,0.0,0.0,0.0,0.3,0.03
0.8,176.1,6.19,49.8,58,189.7,190.0,190.0,500.0,500.0,0.0,0.0,0.0,0.3,0.03
1.8,176.2,6.19,49.6,59,189.7,190.0,190.0,500.0,500.0,0.0,0.0,0.0,0.3,0.04
3.6,176.0,6.19,49.6,60,189.7,190.0,190.0,500.0,500.0,0.0,0.0,0.0,0.3,0.04
5.4,175.3,6.19,49.6,61,189.7,190.0,190.0,500.0,500.0,0.0,0.0,0.0,0.3,0.04
11.3,173.3,6.19,49.4,62,189.7,190.0,190.0,500.0,500.0,0.0,0.0,0.0,0.3,0.05
16.8,170.5,6.19,49.6,63,189.7,190.0,190.0,500.0,500.0,0.0,0.0,0.0,0.3,0.07
20.3,167.4,6.19,49.8,64,189.7,190.0,190.0,500.0,500.0,0.0,0.0,0.0,0.3,0.08
22.7,164.7,6.19,49.8,65,189.7,190.0,190.0,500.0,500.0,0.0,0.0,0.0,0.3,0.10
25.4,162.8,6.19,49.6,66,189.7,190.0,190.0,500.0,500.0,0.0,0.0,0.0,0.3,0.12
23.9,161.8,6.19,49.8,67,189.7,190.0,190.0,500.0,500.0,0.0,0.0,0.0,0.3,0.14
22.0,161.7,6.19,49.8,68,189.7,190.0,190.0,500.0,500.0,0.0,0.0,0.0,0.3,0.16
21.6,162.1,6.19,49.8,69,189.7,190.0,190.0,500.0,500.0,0.0,0.0,0.0,0.3,0.18
21.5,162.8,6.19,49.8,70,189.7,190.0,190.0,500.0,500.0,0.0,0.0,0.0,0.3,0.20
20.9,163.5,6.19,50.0,71,189.7,190.0,190.0,500.0,500.0,0.0,0.0,0.0,0.3,0.21
19.9,164.0,6.19,50.0,72,189.7,190.0,190.0,500.0,500.0,0.0,0.0,0.0,0.3,0.23
19.9,164.6,6.19,50.0,73,189.7,190.0,190.0,500.0,500.0,0.0,0.0,0.0,0.3,0.25
19.3,165.2,6.19,50.0,74,189.7,190.0,190.0,500.0,500.0,0.0,0.0,0.0,0.3,0.26
18.5,165.9,6.19,50.0,75,189.6,190.0,190.0,500.0,500.0,0.0,0.0,0.0,0.3,0.28
17.7,166.4,6.19,49.8,76,189.6,190.0,190.0,500.0,500.0,0.0,0.0,0.0,0.3,0.29
16.7,166.9,6.19,49.8,77,189.6,190.0,190.0,500.0,500.0,0.0,0.0,0.0,0.3,0.31
15.7,167.4,6.19,49.8,78,189.6,190.0,190.0,500.0,500.0,0.0,0.0,0.0,0.3,0.32
14.7,167.9,6.19,49.6,79,189.6,190.0,190.0,500.0,500.0,0.0,0.0,0.0,0.3,0.33
13.5,168.3,6.19,49.6,80,189.6,190.0,190.0,500.0,500.0,0.0,0.0,0.0,0.3,0.34
12.9,168.7,6.19,49.8,81,189.6,190.0,190.0,500.0,500.0,0.0,0.0,0.0,0.3,0.35
12.5,169.1,6.19,49.8,82,189.6,190.0,190.0,500.0,500.0,0.0,0.0,0.0,0.3,0.37
12.0,169.6,6.19,49.8,83,189.6,190.0,190.0,500.0,500.0,0.0,0.0,0.0,0.3,0.38
11.6,170.3,6.19,50.0,84,189.5,189.8,190.0,500.0,500.0,0.0,0.0,0.0,0.3,0.38
11.2,170.8,6.19,49.8,85,189.5,189.8,190.0,500.0,500.0,0.0,0.0,0.0,0.3,0.39
10.9,171.4,6.19,49.8,86,189.5,189.8,189.9,500.0,500.0,0.0,0.0,0.0,0.3,0.40
10.7,171.9,6.19,49.8,87,189.5,189.8,189.9,500.0,500.0,0.0,0.0,0.0,0.3,0.41
10.7,172.4,6.19,49.8,88,189.5,189.7,189.9,500.0,500.0,0.0,0.0,0.0,0.3,0.42
10.7,172.9,6.19,49.8,89,189.5,189.6,189.9,500.0,500.0,0.0,0.0,0.0,0.3,0.43
10.9,173.4,6.19,49.8,90,189.5,189.6,189.9,500.0,500.0,0.0,0.0,0.0,0.3,0.44
10.8,173.9,6.19,49.8,91,189.5,189.6,189.9,500.0,500.0,0.0,0.0,0.0,0.3,0.45
10.9,174.4,6.19,49.8,92,189.5,189.6,189.9,500.0,500.0,0.0,0.0,0.0,0.3,0.46
10.6,174.7,6.19,49.8,93,189.5,189.6,189.9,500.0,500.0,0.0,0.0,0.0,0.3,0.47
10.5,175.2,6.19,49.8,94,189.6,189.6,189.9,500.0,500.0,0.0,0.0,0.0,0.3,0.47
10.3,175.6,6.19,49.8,95,189.6,189.7,189.8,500.0,500.0,0.0,0.0,0.0,0.3,0.48
10.4,176.1,6.19,49.8,96,189.6,189.8,189.8,500.0,500.0,0.0,0.0,0.0,0.3,0.49
10.5,176.5,6.19,49.8,97,189.6,189.9,189.8,500.0,500.0,0.0,0.0,0.0,0.3,0.50
10.4,176.9,6.19,49.6,98,189.6,189.9,189.8,500.0,500.0,0.0,0.0,0.0,0.3,0.51
10.2,177.3,6.19,49.4,99,189.7,189.9,189.8,500.0,500.0,0.0,0.0,0.0,0.3,0.52
10.1,177.6,6.19,49.6,100,189.7,190.0,189.8,500.0,500.0,0.0,0.0,0.0,0.3,0.53
10.1,178.0,6.19,49.6,101,189.7,190.0,189.8,500.0,500.0,0.0,0.0,0.0,0.3,0.53
10.1,178.3,6.19,49.6,102,189.7,190.0,189.8,500.0,500.0,0.0,0.0,0.0,0.3,0.54
10.3,178.6,6.19,49.8,103,189.8,190.0,189.8,500.0,500.0,0.0,0.0,0.0,0.3,0.55
10.5,179.0,6.19,49.8,104,189.8,190.0,189.8,500.0,500.0,0.0,0.0,0.0,0.3,0.56
10.4,179.3,6.19,49.8,105,189.8,190.0,189.8,500.0,500.0,0.0,0.0,0.0,0.3,0.57
10.5,179.6,6.19,49.8,106,189.9,190.0,189.8,500.0,500.0,0.0,0.0,0.0,0.3,0.58
10.3,179.9,6.19,49.8,107,190.0,190.0,189.8,500.0,500.0,0.0,0.0,0.0,0.3,0.59
10.1,180.1,6.19,49.8,108,190.0,190.0,189.8,500.0,500.0,0.0,0.0,0.0,0.3,0.59
9.9,180.4,6.19,49.8,109,190.0,190.0,189.8,500.0,500.0,0.0,0.0,0.0,0.3,0.60
9.8,180.7,6.19,49.8,110,190.0,190.1,189.8,500.0,500.0,0.0,0.0,0.0,0.3,0.61
9.8,181.0,6.19,49.8,111,190.0,190.1,189.8,500.0,500.0,0.0,0.0,0.0,0.3,0.62
10.0,181.3,6.19,49.8,112,190.0,190.1,189.9,500.0,500.0,0.0,0.0,0.0,0.3,0.63
10.2,181.5,6.19,49.8,113,190.0,190.1,189.9,500.0,500.0,0.0,0.0,0.0,0.3,0.64
10.4,181.7,6.19,50.0,114,190.0,190.1,189.9,500.0,500.0,0.0,0.0,0.0,0.3,0.64
10.6,181.8,6.19,50.0,115,190.0,190.2,189.9,500.0,500.0,0.0,0.0,0.0,0.3,0.65
10.4,182.0,6.19,50.0,116,190.0,190.2,189.9,500.0,500.0,0.0,0.0,0.0,0.3,0.66
10.2,182.2,6.19,50.0,117,190.0,190.2,189.9,500.0,500.0,0.0,0.0,0.0,0.3,0.67
10.2,182.4,6.19,49.8,118,190.0,190.2,189.9,500.0,500.0,0.0,0.0,0.0,0.3,0.68
10.4,182.7,6.19,49.8,119,190.0,190.1,189.9,500.0,500.0,0.0,0.0,0.0,0.3,0.69
10.8,182.9,6.19,49.8,120,190.0,190.0,189.9,500.0,500.0,0.0,0.0,0.0,0.3,0.70
10.9,183.2,6.19,49.8,121,190.0,190.0,190.0,500.0,500.0,0.0,0.0,0.0,0.3,0.71
11.2,183.4,6.19,49.8,122,190.0,190.0,190.0,500.0,500.0,0.0,0.0,0.0,0.3,0.71
11.2,183.6,6.19,49.8,123,190.0,190.0,190.0,500.0,500.0,0.0,0.0,0.0,0.3,0.72
11.1,183.7,6.19,49.8,124,190.0,190.0,190.0,500.0,500.0,0.0,0.0,0.0,0.3,0.73
10.8,183.9,6.19,49.8,125,190.0,190.0,190.0,500.0,500.0,0.0,0.0,0.0,0.3,0.74
10.6,184.1,6.19,49.8,126,190.0,190.0,190.0,500.0,500.0,0.0,0.0,0.0,0.3,0.75
10.4,184.3,6.19,49.8,127,190.0,190.0,190.0,500.0,500.0,0.0,0.0,0.0,0.3,0.76
10.3,184.4,6.19,49.8,128,190.0,190.0,190.0,500.0,500.0,0.0,0.0,0.0,0.3,0.77
10.6,184.6,6.19,49.8,129,190.0,190.0,190.0,500.0,500.0,0.0,0.0,0.0,0.3,0.78
10.6,184.8,6.19,49.8,130,190.0,190.0,190.0,500.0,500.0,0.0,0.0,0.0,0.3,0.79
10.2,185.0,6.19,49.8,131,190.0,190.0,190.0,500.0,500.0,0.0,0.0,0.0,0.3,0.79
10.1,185.2,6.19,49.6,132,190.0,190.0,190.0,500.0,500.0,0.0,0.0,0.0,0.3,0.80
10.0,185.4,6.19,49.8,133,190.0,190.0,190.0,500.0,500.0,0.0,0.0,0.0,0.3,0.81
9.9,185.5,6.19,49.8,134,190.0,190.0,190.0,500.0,500.0,0.0,0.0,0.0,0.3,0.82
10.2,185.6,6.19,49.8,135,190.0,190.0,190.0,500.0,500.0,0.0,0.0,0.0,0.3,0.83
10.6,185.8,6.19,49.8,136,190.0,190.0,190.0,500.0,500.0,0.0,0.0,0.0,0.3,0.84
10.6,185.9,6.19,50.0,137,190.0,190.0,190.0,500.0,500.0,0.0,0.0,0.0,0.3,0.84
10.9,186.1,6.19,49.8,138,190.0,190.0,190.0,500.0,500.0,0.0,0.0,0.0,0.3,0.85
10.9,186.2,6.19,49.8,139,190.0,190.0,190.0,500.0,500.0,0.0,0.0,0.0,0.3,0.86
10.5,186.3,6.19,49.8,140,190.0,190.0,190.0,500.0,500.0,0.0,0.0,0.0,0.3,0.87
10.2,186.5,6.19,49.8,141,190.0,190.0,190.0,500.0,500.0,0.0,0.0,0.0,0.3,0.88
10.1,186.7,6.19,49.6,142,190.0,190.0,190.0,500.0,500.0,0.0,0.0,0.0,0.3,0.89
9.9,186.8,6.19,49.8,143,190.0,190.0,190.0,500.0,500.0,0.0,0.0,0.0,0.3,0.90
9.9,186.8,6.19,49.8,144,190.0,190.0,190.0,500.0,500.0,0.0,0.0,0.0,0.3,0.91
10.3,186.9,6.19,49.8,145,190.0,190.0,190.0,500.0,500.0,0.0,0.0,0.0,0.3,0.91
10.7,187.1,6.19,49.8,146,190.0,190.0,190.0,500.0,500.0,0.0,0.0,0.0,0.3,0.92
10.9,187.2,6.19,50.0,147,190.0,190.0,190.0,500.0,500.0,0.0,0.0,0.0,0.3,0.93
10.7,187.3,6.19,49.8,148,190.0,190.0,190.0,500.0,500.0,0.0,0.0,0.0,0.3,0.94
10.4,187.4,6.19,49.8,149,190.0,190.0,190.0,500.0,500.0,0.0,0.0,0.0,0.3,0.95
10.1,187.6,6.19,49.8,150,190.0,190.0,190.0,500.0,500.0,0.0,0.0,0.0,0.3,0.96
9.7,187.8,6.19,49.8,151,190.1,190.0,190.0,500.0,500.0,0.0,0.0,0.0,0.3,0.97
9.7,187.9,6.19,49.8,152,190.1,190.0,190.0,500.0,500.0,0.0,0.0,0.0,0.3,0.97
9.8,188.0,6.19,49.8,153,190.1,190.0,190.0,500.0,500.0,0.0,0.0,0.0,0.3,0.98
10.0,188.2,6.19,49.8,154,190.1,190.0,190.0,500.0,500.0,0.0,0.0,0.0,0.3,0.99
10.4,188.3,6.19,49.8,155,190.1,190.0,190.0,500.0,500.0,0.0,0.0,0.0,0.3,1.00
10.7,188.4,6.19,49.6,156,190.1,190.2,190.0,500.0,500.0,0.0,0.0,0.0,0.3,1.01
10.8,188.5,6.19,49.6,157,190.1,190.2,190.0,500.0,500.0,0.0,0.0,0.0,0.3,1.02
10.6,188.6,6.19,49.8,158,190.1,190.2,190.0,500.0,500.0,0.0,0.0,0.0,0.3,1.03
10.4,188.7,6.19,49.8,159,190.1,190.3,190.0,500.0,500.0,0.0,0.0,0.0,0.3,1.03
10.3,188.8,6.19,49.8,160,190.1,190.4,190.0,500.0,500.0,0.0,0.0,0.0,0.3,1.04
10.3,188.9,6.19,50.0,161,190.1,190.4,190.0,500.0,500.0,0.0,0.0,0.0,0.3,1.05
10.3,189.0,6.19,49.8,162,190.1,190.4,190.0,500.0,500.0,0.0,0.0,0.0,0.3,1.06
10.2,189.1,6.19,49.8,163,190.1,190.4,190.0,500.0,500.0,0.0,0.0,0.0,0.3,1.07
10.5,189.3,6.19,49.8,164,190.1,190.4,190.0,500.0,500.0,0.0,0.0,0.0,0.3,1.08
10.5,189.4,6.19,49.8,165,190.1,190.4,190.0,500.0,500.0,0.0,0.0,0.0,0.3,1.09
10.7,189.4,6.19,49.6,166,190.1,190.4,190.0,500.0,500.0,0.0,0.0,0.0,0.3,1.09
10.4,189.5,6.19,49.8,167,190.1,190.4,190.0,500.0,500.0,0.0,0.0,0.0,0.3,1.10
10.4,189.6,6.19,49.8,168,190.1,190.3,190.0,500.0,500.0,0.0,0.0,0.0,0.3,1.11
10.2,189.7,6.19,49.8,169,190.1,190.1,190.0,500.0,500.0,0.0,0.0,0.0,0.3,1.12
10.2,189.8,6.19,49.8,170,190.1,190.1,190.0,500.0,500.0,0.0,0.0,0.0,0.3,1.13
10.0,189.9,6.19,50.0,171,190.1,190.1,190.0,500.0,500.0,0.0,0.0,0.0,0.3,1.14
10.2,189.9,6.19,49.8,172,190.1,190.1,190.0,500.0,500.0,0.0,0.0,0.0,0.3,1.15
10.2,190.0,6.19,49.8,173,190.1,190.1,190.0,500.0,500.0,0.0,0.0,0.0,0.3,1.15
10.1,190.1,6.19,49.8,174,190.1,190.0,190.0,500.0,500.0,0.0,0.0,0.0,0.3,1.16
10.0,190.2,6.19,49.8,175,190.0,190.0,190.0,500.0,500.0,0.0,0.0,0.0,0.3,1.17
10.1,190.2,6.19,49.6,176,190.0,190.0,190.0,500.0,500.0,0.0,0.0,0.0,0.3,1.18
10.3,190.3,6.19,49.8,177,190.0,190.0,190.0,500.0,500.0,0.0,0.0,0.0,0.3,1.19
10.4,190.4,6.19,49.8,178,190.0,190.0,190.0,500.0,500.0,0.0,0.0,0.0,0.3,1.20
10.4,190.5,6.19,49.8,179,190.0,190.0,190.0,500.0,500.0,0.0,0.0,0.0,0.3,1.20
10.6,190.5,6.19,49.8,180,190.0,190.0,190.0,500.0,500.0,0.0,0.0,0.0,0.3,1.21
10.6,190.6,6.19,50.0,181,190.0,190.0,190.0,500.0,500.0,0.0,0.0,0.0,0.3,1.22
10.2,190.7,6.19,50.0,182,190.0,190.0,190.0,500.0,500.0,0.0,0.0,0.0,0.3,1.23
10.4,190.8,6.19,50.0,183,190.0,190.0,190.0,500.0,500.0,0.0,0.0,0.0,0.3,1.24
10.4,190.8,6.19,50.0,184,190.0,190.0,190.0,500.0,500.0,0.0,0.0,0.0,0.3,1.25
10.3,190.9,6.19,50.0,185,190.0,190.0,190.0,500.0,500.0,0.0,0.0,0.0,0.3,1.26
10.3,191.0,6.19,49.8,186,190.0,190.0,190.0,500.0,500.0,0.0,0.0,0.0,0.3,1.27
10.5,191.1,6.19,49.8,187,190.0,190.0,190.0,500.0,500.0,0.0,0.0,0.0,0.3,1.27
10.8,191.1,6.19,49.8,188,190.0,190.0,190.0,500.0,500.0,0.0,0.0,0.0,0.3,1.28
11.0,191.2,6.19,49.8,189,190.0,190.0,190.0,500.0,500.0,0.0,0.0,0.0,0.3,1.29
10.9,191.3,6.19,49.8,190,190.0,190.0,190.0,500.0,500.0,0.0,0.0,0.0,0.3,1.30
10.6,191.3,6.19,50.0,191,190.0,190.0,190.0,500.0,500.0,0.0,0.0,0.0,0.3,1.31
10.4,191.4,6.19,50.0,192,190.0,190.0,190.0,500.0,500.0,0.0,0.0,0.0,0.3,1.32
10.2,191.5,6.19,50.0,193,190.0,190.0,190.0,500.0,500.0,0.0,0.0,0.0,0.3,1.33
10.1,191.5,6.19,50.0,194,190.0,190.0,190.0,500.0,500.0,0.0,0.0,0.0,0.3,1.34
10.2,191.6,6.19,50.0,195,190.0,190.0,190.0,500.0,500.0,0.0,0.0,0.0,0.3,1.34
10.4,191.6,6.19,49.8,196,190.0,190.0,190.0,500.0,500.0,0.0,0.0,0.0,0.3,1.35
10.6,191.7,6.19,49.8,197,190.0,190.0,190.0,500.0,500.0,0.0,0.0,0.0,0.3,1.36
10.8,191.7,6.19,49.8,198,190.0,190.0,190.0,500.0,500.0,0.0,0.0,0.0,0.3,1.37
10.8,191.8,6.19,49.8,199,190.0,190.0,190.0,500.0,500.0,0.0,0.0,0.0,0.3,1.38
10.5,191.9,6.19,49.6,200,190.0,190.0,190.0,500.0,500.0,0.0,0.0,0.0,0.3,1.39
10.5,191.9,6.19,49.8,201,190.0,190.0,190.0,500.0,500.0,0.0,0.0,0.0,0.3,1.40
10.3,191.9,6.19,49.8,202,190.0,190.0,190.0,500.0,500.0,0.0,0.0,0.0,0.3,1.41
10.2,192.0,6.19,49.8,203,190.0,190.1,190.0,500.0,500.0,0.0,0.0,0.0,0.3,1.41
10.3,192.1,6.19,49.8,204,190.0,190.2,190.0,500.0,500.0,0.0,0.0,0.0,0.3,1.42
10.4,192.2,6.19,49.8,205,190.0,190.4,190.0,500.0,500.0,0.0,0.0,0.0,0.3,1.43
10.4,192.2,6.19,49.8,206,190.0,190.4,190.0,500.0,500.0,0.0,0.0,0.0,0.3,1.44
10.3,192.2,6.19,49.8,207,190.0,190.4,190.0,500.0,500.0,0.0,0.0,0.0,0.3,1.45
10.3,192.3,6.19,49.8,208,190.0,190.5,190.0,500.0,500.0,0.0,0.0,0.0,0.3,1.46
10.2,192.4,6.19,49.8,209,190.0,190.6,190.0,500.0,500.0,0.0,0.0,0.0,0.3,1.47
10.1,192.4,6.19,49.8,210,190.0,190.6,190.0,500.0,500.0,0.0,0.0,0.0,0.3,1.47
10.1,192.5,6.19,49.8,211,190.0,190.6,190.0,500.0,500.0,0.0,0.0,0.0,0.3,1.48
10.2,192.5,6.19,49.8,212,190.0,190.6,190.0,500.0,500.0,0.0,0.0,0.0,0.3,1.49
10.4,192.6,6.19,49.8,213,190.0,190.7,190.0,500.0,500.0,0.0,0.0,0.0,0.3,1.50
10.5,192.6,6.19,49.8,214,190.0,190.7,190.0,500.0,500.0,0.0,0.0,0.0,0.3,1.51
10.8,192.7,6.19,49.8,215,190.0,190.7,190.0,500.0,500.0,0.0,0.0,0.0,0.3,1.52
10.8,192.7,6.19,49.8,216,190.0,190.6,190.0,500.0,500.0,0.0,0.0,0.0,0.3,1.53
10.6,192.8,6.19,49.8,217,190.0,190.5,190.0,500.0,500.0,0.0,0.0,0.0,0.3,1.53
10.5,192.9,6.19,49.8,218,190.0,190.5,190.0,500.0,500.0,0.0,0.0,0.0,0.3,1.54
10.6,192.9,6.19,49.6,219,190.0,190.5,190.0,500.0,500.0,0.0,0.0,0.0,0.3,1.55
10.7,193.0,6.19,49.8,220,190.0,190.5,190.0,500.0,500.0,0.0,0.0,0.0,0.3,1.56
11.0,193.0,6.19,49.8,221,190.0,190.3,190.0,500.0,500.0,0.0,0.0,0.0,0.3,1.57
10.9,193.1,6.19,49.8,222,190.0,190.1,190.0,500.0,500.0,0.0,0.0,0.0,0.3,1.58
10.9,193.2,6.19,49.8,223,190.0,190.1,190.0,500.0,500.0,0.0,0.0,0.0,0.3,1.59
10.8,193.2,6.19,49.8,224,190.0,190.1,190.0,500.0,500.0,0.0,0.0,0.0,0.3,1.60
10.7,193.2,6.19,49.8,225,190.0,190.0,190.0,500.0,500.0,0.0,0.0,0.0,0.3,1.61
10.2,193.3,6.19,49.8,226,190.0,190.0,190.0,500.0,500.0,0.0,0.0,0.0,0.3,1.61
10.4,193.4,6.19,49.8,227,190.0,190.0,190.0,500.0,500.0,0.0,0.0,0.0,0.3,1.62
10.4,193.4,6.19,49.8,228,190.0,190.0,190.0,500.0,500.0,0.0,0.0,0.0,0.3,1.63
10.5,193.4,6.19,49.8,229,190.0,190.0,190.0,500.0,500.0,0.0,0.0,0.0,0.3,1.64
10.5,193.5,6.19,49.8,230,190.0,190.0,190.0,500.0,500.0,0.0,0.0,0.0,0.3,1.65
10.5,193.5,6.19,49.8,231,190.0,190.0,190.0,500.0,500.0,0.0,0.0,0.0,0.3,1.66
10.5,193.6,6.19,49.8,232,190.0,190.0,190.0,500.0,500.0,0.0,0.0,0.0,0.3,1.67
10.3,193.6,6.19,49.6,233,190.0,190.0,190.0,500.0,500.0,0.0,0.0,0.0,0.3,1.67
10.3,193.6,6.19,49.8,234,190.0,190.0,190.0,500.0,500.0,0.0,0.0,0.0,0.3,1.68
10.2,193.7,6.19,49.8,235,190.0,190.0,190.0,500.0,500.0,0.0,0.0,0.0,0.3,1.69
10.3,193.7,6.19,49.8,236,190.0,190.0,190.0,500.0,500.0,0.0,0.0,0.0,0.3,1.70
10.5,193.7,6.19,49.8,237,190.0,190.0,190.0,500.0,500.0,0.0,0.0,0.0,0.3,1.71
10.5,193.8,6.19,49.8,238,190.0,190.0,190.0,500.0,500.0,0.0,0.0,0.0,0.3,1.72
10.4,193.8,6.19,49.8,239,190.0,190.0,190.0,500.0,500.0,0.0,0.0,0.0,0.3,1.73
10.3,193.9,6.19,49.8,240,190.0,190.0,190.0,500.0,500.0,0.0,0.0,0.0,0.3,1.74
10.2,193.9,6.19,49.8,241,190.0,190.0,190.0,500.0,500.0,0.0,0.0,0.0,0.3,1.74
10.0,194.0,6.19,49.8,242,190.0,190.0,190.0,500.0,500.0,0.0,0.0,0.0,0.3,1.75
10.1,194.1,6.19,49.8,243,190.0,190.0,190.0,500.0,500.0,0.0,0.0,0.0,0.3,1.76
10.3,194.1,6.19,49.8,244,190.0,190.0,190.0,500.0,500.0,0.0,0.0,0.0,0.3,1.77
10.5,194.2,6.19,49.8,245,190.0,190.0,190.0,500.0,500.0,0.0,0.0,0.0,0.3,1.78
10.8,194.2,6.19,49.8,246,190.1,190.0,190.0,500.0,500.0,0.0,0.0,0.0,0.3,1.79
11.1,194.3,6.19,49.8,247,190.1,190.0,190.0,500.0,500.0,0.0,0.0,0.0,0.3,1.80
10.9,194.3,6.19,49.8,248,190.1,190.0,190.0,500.0,500.0,0.0,0.0,0.0,0.3,1.80
10.6,194.3,6.19,49.8,249,190.1,190.0,190.0,500.0,500.0,0.0,0.0,0.0,0.3,1.81
10.5,194.4,6.19,49.8,250,190.1,190.0,190.0,500.0,500.0,0.0,0.0,0.0,0.3,1.82
10.6,194.4,6.19,49.8,251,190.1,190.0,190.0,500.0,500.0,0.0,0.0,0.0,0.3,1.83
10.6,194.5,6.19,49.6,252,190.1,190.1,190.0,500.0,500.0,0.0,0.0,0.0,0.3,1.84
10.5,194.5,6.19,49.8,253,190.1,190.2,190.0,500.0,500.0,0.0,0.0,0.0,0.3,1.85
10.3,194.6,6.19,49.8,254,190.2,190.2,190.0,500.0,500.0,0.0,0.0,0.0,0.3,1.86
10.2,194.6,6.19,49.8,255,190.2,190.2,190.0,500.0,500.0,0.0,0.0,0.0,0.3,1.87
10.2,194.6,6.19,49.8,256,190.2,190.3,190.0,500.0,500.0,0.0,0.0,0.0,0.3,1.87
10.0,194.7,6.19,50.0,257,190.2,190.5,190.0,500.0,500.0,0.0,0.0,0.0,0.3,1.88
10.1,194.8,6.19,49.8,258,190.2,190.6,190.0,500.0,500.0,0.0,0.0,0.0,0.3,1.89
10.3,194.8,6.19,49.8,259,190.2,190.6,190.0,500.0,500.0,0.0,0.0,0.0,0.3,1.90
10.5,194.9,6.19,49.8,260,190.2,190.6,190.0,500.0,500.0,0.0,0.0,0.0,0.3,1.91
10.5,194.9,6.19,49.8,261,190.2,190.7,190.0,500.0,500.0,0.0,0.0,0.0,0.3,1.92
10.5,194.9,6.19,49.6,262,190.2,190.7,190.1,500.0,500.0,0.0,0.0,0.0,0.3,1.93
10.6,195.0,6.19,49.8,263,190.2,190.7,190.1,500.0,500.0,0.0,0.0,0.0,0.3,1.93
10.5,195.0,6.19,49.8,264,190.2,190.7,190.1,500.0,500.0,0.0,0.0,0.0,0.3,1.94
10.4,195.0,6.19,49.8,265,190.2,190.7,190.1,500.0,500.0,0.0,0.0,0.0,0.3,1.95
10.3,195.0,6.19,49.8,266,190.2,190.7,190.1,500.0,500.0,0.0,0.0,0.0,0.3,1.96
10.5,195.1,6.19,50.0,267,190.2,190.7,190.1,500.0,500.0,0.0,0.0,0.0,0.3,1.97
10.7,195.2,6.19,49.8,268,190.2,190.6,190.1,500.0,500.0,0.0,0.0,0.0,0.3,1.98
10.9,195.2,6.19,49.8,269,190.2,190.4,190.1,500.0,500.0,0.0,0.0,0.0,0.3,1.99
10.9,195.2,6.19,49.8,270,190.2,190.4,190.2,500.0,500.0,0.0,0.0,0.0,0.3,2.00
10.9,195.3,6.19,49.8,271,190.2,190.4,190.2,500.0,500.0,0.0,0.0,0.0,0.3,2.00
10.7,195.3,6.19,49.8,272,190.2,190.4,190.2,500.0,500.0,0.0,0.0,0.0,0.3,2.01
10.5,195.4,6.19,49.8,273,190.2,190.2,190.2,500.0,500.0,0.0,0.0,0.0,0.3,2.02
10.4,195.4,6.19,49.8,274,190.2,190.1,190.2,500.0,500.0,0.0,0.0,0.0,0.3,2.03
10.4,195.4,6.19,49.8,275,190.2,190.1,190.2,500.0,500.0,0.0,0.0,0.0,0.3,2.04
10.5,195.4,6.19,49.6,276,190.2,190.1,190.2,500.0,500.0,0.0,0.0,0.0,0.3,2.05
10.6,195.5,6.19,49.6,277,190.2,190.0,190.2,500.0,500.0,0.0,0.0,0.0,0.3,2.06
10.9,195.5,6.19,49.8,278,190.2,190.0,190.2,500.0,500.0,0.0,0.0,0.0,0.3,2.07
11.1,195.5,6.19,49.8,279,190.2,190.0,190.2,500.0,500.0,0.0,0.0,0.0,0.3,2.08
11.1,195.6,6.19,49.8,280,190.1,190.0,190.2,500.0,500.0,0.0,0.0,0.0,0.3,2.08
10.8,195.6,6.19,49.8,281,190.1,190.0,190.2,500.0,500.0,0.0,0.0,0.0,0.3,2.09
10.7,195.7,6.19,49.6,282,190.1,190.0,190.2,500.0,500.0,0.0,0.0,0.0,0.3,2.10
10.7,195.7,6.19,49.6,283,190.1,190.0,190.2,500.0,500.0,0.0,0.0,0.0,0.3,2.11
10.9,195.7,6.19,49.6,284,190.1,190.0,190.2,500.0,500.0,0.0,0.0,0.0,0.3,2.12
11.0,195.8,6.19,49.6,285,190.1,190.0,190.2,500.0,500.0,0.0,0.0,0.0,0.3,2.13
11.2,195.8,6.19,49.6,286,190.1,190.0,190.2,500.0,500.0,0.0,0.0,0.0,0.3,2.14
11.3,195.9,6.19,49.8,287,190.1,190.0,190.2,500.0,500.0,0.0,0.0,0.0,0.3,2.15
11.4,196.0,6.19,49.8,288,190.1,190.0,190.2,500.0,500.0,0.0,0.0,0.0,0.3,2.16
11.1,196.0,6.19,49.8,289,190.1,190.0,190.2,500.0,500.0,0.0,0.0,0.0,0.3,2.17
10.9,196.0,6.19,49.8,290,190.1,190.0,190.3,500.0,500.0,0.0,0.0,0.0,0.3,2.18
10.7,196.1,6.19,50.0,291,190.2,190.0,190.3,500.0,500.0,0.0,0.0,0.0,0.3,2.18
10.6,196.1,6.19,49.8,292,190.2,190.0,190.3,500.0,500.0,0.0,0.0,0.0,0.3,2.19
10.5,196.1,6.19,49.8,293,190.2,190.0,190.3,500.0,500.0,0.0,0.0,0.0,0.3,2.20
10.5,196.1,6.19,49.8,294,190.2,190.0,190.3,500.0,500.0,0.0,0.0,0.0,0.3,2.21
10.6,196.1,6.19,49.6,295,190.2,190.0,190.3,500.0,500.0,0.0,0.0,0.0,0.3,2.22
10.6,196.2,6.19,49.6,296,190.2,190.0,190.3,500.0,500.0,0.0,0.0,0.0,0.3,2.23
10.6,196.2,6.19,49.8,297,190.2,190.0,190.3,500.0,500.0,0.0,0.0,0.0,0.3,2.24
10.6,196.2,6.19,49.8,298,190.2,190.0,190.3,500.0,500.0,0.0,0.0,0.0,0.3,2.25
10.7,196.2,6.19,49.8,299,190.2,190.0,190.2,500.0,500.0,0.0,0.0,0.0,0.3,2.25
10.7,196.3,6.19,50.0,300,190.2,190.1,190.2,500.0,500.0,0.0,0.0,0.0,0.3,2.26
10.8,196.3,6.19,50.0,301,190.2,190.2,190.2,500.0,500.0,0.0,0.0,0.0,0.3,2.27
10.9,196.4,6.19,50.0,302,190.1,190.3,190.2,500.0,500.0,0.0,0.0,0.0,0.3,2.28
10.8,196.4,6.19,50.0,303,190.1,190.3,190.2,500.0,500.0,0.0,0.0,0.0,0.3,2.29
10.6,196.4,6.19,50.0,304,190.1,190.3,190.2,500.0,500.0,0.0,0.0,0.0,0.3,2.30
10.7,196.4,6.19,50.0,305,190.1,190.5,190.2,500.0,500.0,0.0,0.0,0.0,0.3,2.31
10.7,196.5,6.19,49.8,306,190.1,190.7,190.2,500.0,500.0,0.0,0.0,0.0,0.3,2.32
10.7,196.5,6.19,49.8,307,190.1,190.7,190.2,500.0,500.0,0.0,0.0,0.0,0.3,2.33
10.7,196.5,6.19,49.8,308,190.1,190.7,190.1,500.0,500.0,0.0,0.0,0.0,0.3,2.34
10.9,196.5,6.19,49.8,309,190.1,190.7,190.1,500.0,500.0,0.0,0.0,0.0,0.3,2.34
11.1,196.6,6.19,49.8,310,190.1,190.7,190.1,500.0,500.0,0.0,0.0,0.0,0.3,2.35
11.3,196.6,6.19,49.8,311,190.1,190.7,190.1,500.0,500.0,0.0,0.0,0.0,0.3,2.36
11.1,196.6,6.19,49.8,312,190.1,190.7,190.1,500.0,500.0,0.0,0.0,0.0,0.3,2.37
10.8,196.7,6.19,49.8,313,190.1,190.7,190.1,500.0,500.0,0.0,0.0,0.0,0.3,2.38
10.7,196.7,6.19,49.8,314,190.1,190.7,190.1,500.0,500.0,0.0,0.0,0.0,0.3,2.39
10.5,196.7,6.19,49.8,315,190.1,190.7,190.1,500.0,500.0,0.0,0.0,0.0,0.3,2.40
10.3,196.7,6.19,49.8,316,190.1,190.5,190.1,500.0,500.0,0.0,0.0,0.0,0.3,2.41
10.2,196.8,6.19,49.8,317,190.1,190.5,190.0,500.0,500.0,0.0,0.0,0.0,0.3,2.42
10.6,196.8,6.19,49.8,318,190.1,190.5,190.0,500.0,500.0,0.0,0.0,0.0,0.3,2.42
10.7,196.8,6.19,49.8,319,190.1,190.3,190.0,500.0,500.0,0.0,0.0,0.0,0.3,2.43
10.8,196.8,6.19,49.6,320,190.1,190.1,190.0,500.0,500.0,0.0,0.0,0.0,0.3,2.44
11.1,196.8,6.19,49.8,321,190.1,190.1,190.0,500.0,500.0,0.0,0.0,0.0,0.3,2.45
11.1,196.8,6.19,49.8,322,190.1,190.1,190.0,500.0,500.0,0.0,0.0,0.0,0.3,2.46
10.8,196.8,6.19,49.8,323,190.1,190.1,190.0,500.0,500.0,0.0,0.0,0.0,0.3,2.47
10.6,196.9,6.19,49.8,324,190.1,190.1,190.0,500.0,500.0,0.0,0.0,0.0,0.3,2.48
10.5,196.9,6.19,49.8,325,190.0,190.0,190.0,500.0,500.0,0.0,0.0,0.0,0.3,2.49
10.3,196.9,6.19,49.8,326,190.0,190.0,190.0,500.0,500.0,0.0,0.0,0.0,0.3,2.50
10.5,197.0,6.19,49.8,327,190.0,190.0,190.0,500.0,500.0,0.0,0.0,0.0,0.3,2.50
10.7,197.0,6.19,49.8,328,190.0,190.0,190.0,500.0,500.0,0.0,0.0,0.0,0.3,2.51
10.9,197.0,6.19,49.8,329,190.0,190.0,190.0,500.0,500.0,0.0,0.0,0.0,0.3,2.52
11.0,197.0,6.19,49.8,330,190.0,190.0,190.0,500.0,500.0,0.0,0.0,0.0,0.3,2.53
10.9,197.0,6.19,49.8,331,190.0,190.0,190.0,500.0,500.0,0.0,0.0,0.0,0.3,2.54
10.8,197.0,6.19,49.8,332,190.0,190.0,190.0,500.0,500.0,0.0,0.0,0.0,0.3,2.55
10.6,197.1,6.19,49.8,333,190.0,190.0,190.0,500.0,500.0,0.0,0.0,0.0,0.3,2.56
10.6,197.1,6.19,49.8,334,190.0,190.0,190.0,500.0,500.0,0.0,0.0,0.0,0.3,2.57
10.4,197.1,6.19,50.0,335,190.0,190.0,190.0,500.0,500.0,0.0,0.0,0.0,0.3,2.58
10.5,197.1,6.19,50.0,336,190.0,190.0,190.0,500.0,500.0,0.0,0.0,0.0,0.3,2.58
10.7,197.2,6.19,50.0,337,190.0,190.0,190.0,500.0,500.0,0.0,0.0,0.0,0.3,2.59
10.8,197.2,6.19,50.0,338,190.0,190.0,190.0,500.0,500.0,0.0,0.0,0.0,0.3,2.60
10.7,197.2,6.19,49.8,339,190.0,190.0,190.0,500.0,500.0,0.0,0.0,0.0,0.3,2.61
10.7,197.2,6.19,49.8,340,190.0,190.0,190.0,500.0,500.0,0.0,0.0,0.0,0.3,2.62
10.7,197.2,6.19,49.8,341,190.0,190.0,190.0,500.0,500.0,0.0,0.0,0.0,0.3,2.63
10.6,197.2,6.19,49.8,342,190.0,190.0,190.0,500.0,500.0,0.0,0.0,0.0,0.3,2.64
10.5,197.3,6.19,49.8,343,190.0,190.0,190.0,500.0,500.0,0.0,0.0,0.0,0.3,2.65
10.6,197.3,6.19,49.8,344,190.0,190.1,190.0,500.0,500.0,0.0,0.0,0.0,0.3,2.66
10.6,197.3,6.19,49.8,345,190.0,190.1,190.0,500.0,500.0,0.0,0.0,0.0,0.3,2.66
10.7,197.3,6.19,49.8,346,190.0,190.1,190.0,500.0,500.0,0.0,0.0,0.0,0.3,2.67
11.0,197.4,6.19,49.8,347,190.0,190.2,190.0,500.0,500.0,0.0,0.0,0.0,0.3,2.68
11.1,197.4,6.19,49.8,348,190.0,190.4,190.0,500.0,500.0,0.0,0.0,0.0,0.3,2.69
11.0,197.4,6.19,49.8,349,190.0,190.4,190.0,500.0,500.0,0.0,0.0,0.0,0.3,2.70
10.9,197.4,6.19,49.8,350,190.0,190.5,190.0,500.0,500.0,0.0,0.0,0.0,0.3,2.71
10.9,197.4,6.19,49.8,351,190.0,190.6,190.0,500.0,500.0,0.0,0.0,0.0,0.3,2.72
10.9,197.4,6.19,49.8,352,190.0,190.6,190.0,500.0,500.0,0.0,0.0,0.0,0.3,2.73
10.9,197.4,6.19,49.8,353,190.0,190.7,190.0,500.0,500.0,0.0,0.0,0.0,0.3,2.74
10.9,197.4,6.19,50.0,354,190.0,190.8,190.0,500.0,500.0,0.0,0.0,0.0,0.3,2.75
10.8,197.4,6.19,50.0,355,190.0,190.9,190.0,500.0,500.0,0.0,0.0,0.0,0.3,2.75
10.7,197.5,6.19,50.0,356,190.0,190.9,190.0,500.0,500.0,0.0,0.0,0.0,0.3,2.76
10.7,197.5,6.19,50.0,357,190.0,190.9,190.0,500.0,500.0,0.0,0.0,0.0,0.3,2.77
10.6,197.5,6.19,50.0,358,190.0,190.9,190.0,500.0,500.0,0.0,0.0,0.0,0.3,2.78
10.5,197.5,6.19,49.8,359,190.0,190.9,190.0,500.0,500.0,0.0,0.0,0.0,0.3,2.79
10.6,197.5,6.19,49.8,360,190.0,190.9,190.0,500.0,500.0,0.0,0.0,0.0,0.3,2.80
10.7,197.5,6.19,49.8,361,190.0,190.9,190.0,500.0,500.0,0.0,0.0,0.0,0.3,2.81
10.6,197.5,6.19,49.8,362,190.0,190.9,190.0,500.0,500.0,0.0,0.0,0.0,0.3,2.82
10.7,197.6,6.19,49.6,363,190.0,190.9,190.0,500.0,500.0,0.0,0.0,0.0,0.3,2.83
10.7,197.6,6.19,49.8,364,190.0,190.8,190.0,500.0,500.0,0.0,0.0,0.0,0.3,2.83
10.6,197.6,6.19,49.8,365,190.0,190.6,190.0,500.0,500.0,0.0,0.0,0.0,0.3,2.84
10.6,197.6,6.19,49.8,366,190.0,190.6,190.0,500.0,500.0,0.0,0.0,0.0,0.3,2.85
10.6,197.7,6.19,49.8,367,190.0,190.6,190.0,500.0,500.0,0.0,0.0,0.0,0.3,2.86
10.7,197.7,6.19,49.8,368,190.0,190.6,190.0,500.0,500.0,0.0,0.0,0.0,0.3,2.87
10.9,197.7,6.19,49.8,369,190.0,190.4,190.0,500.0,500.0,0.0,0.0,0.0,0.3,2.88
11.0,197.8,6.19,49.8,370,190.0,190.2,190.0,500.0,500.0,0.0,0.0,0.0,0.3,2.89
10.9,197.8,6.19,49.8,371,190.0,190.2,190.0,500.0,500.0,0.0,0.0,0.0,0.3,2.90
10.8,197.8,6.19,49.6,372,190.0,190.2,190.0,500.0,500.0,0.0,0.0,0.0,0.3,2.91
10.6,197.8,6.19,49.6,373,190.0,190.0,190.0,500.0,500.0,0.0,0.0,0.0,0.3,2.91
10.5,197.8,6.19,49.6,374,190.0,190.0,190.0,500.0,500.0,0.0,0.0,0.0,0.3,2.92
10.4,197.9,6.19,49.6,375,190.0,190.0,190.0,500.0,500.0,0.0,0.0,0.0,0.3,2.93
10.7,197.9,6.19,49.6,376,190.0,190.0,190.0,500.0,500.0,0.0,0.0,0.0,0.3,2.94
10.8,198.0,6.19,49.6,377,190.0,190.0,190.0,500.0,500.0,0.0,0.0,0.0,0.3,2.95
11.0,198.0,6.19,49.8,378,190.0,190.0,190.1,500.0,500.0,0.0,0.0,0.0,0.3,2.96
11.2,198.0,6.19,49.8,379,190.0,190.0,190.2,500.0,500.0,0.0,0.0,0.0,0.3,2.97
11.2,198.0,6.19,49.8,380,190.0,190.0,190.2,500.0,500.0,0.0,0.0,0.0,0.3,2.98
10.9,198.0,6.19,49.8,381,190.0,190.0,190.2,500.0,500.0,0.0,0.0,0.0,0.3,2.99
10.8,198.0,6.19,49.8,382,190.0,190.0,190.2,500.0,500.0,0.0,0.0,0.0,0.3,3.00
10.8,198.0,6.19,49.8,383,190.0,190.0,190.2,500.0,500.0,0.0,0.0,0.0,0.3,3.00
10.8,198.0,6.19,49.8,384,190.0,190.0,190.2,500.0,500.0,0.0,0.0,0.0,0.3,3.01
10.7,198.0,6.19,49.8,385,190.0,190.0,190.2,500.0,500.0,0.0,0.0,0.0,0.3,3.02
10.7,198.0,6.19,49.8,386,190.0,190.0,190.2,500.0,500.0,0.0,0.0,0.0,0.3,3.03
10.6,198.1,6.19,49.8,387,190.0,190.0,190.2,500.0,500.0,0.0,0.0,0.0,0.3,3.04
10.5,198.1,6.19,49.8,388,190.0,190.0,190.3,500.0,500.0,0.0,0.0,0.0,0.3,3.05
10.5,198.1,6.19,49.8,389,190.0,190.0,190.3,500.0,500.0,0.0,0.0,0.0,0.3,3.06
10.5,198.2,6.19,49.8,390,190.0,190.0,190.3,500.0,500.0,0.0,0.0,0.0,0.3,3.07
10.7,198.2,6.19,49.8,391,190.0,190.0,190.3,500.0,500.0,0.0,0.0,0.0,0.3,3.07
10.7,198.2,6.19,49.8,392,190.0,190.0,190.3,500.0,500.0,0.0,0.0,0.0,0.3,3.08
10.7,198.2,6.19,49.8,393,190.0,190.1,190.3,500.0,500.0,0.0,0.0,0.0,0.3,3.09
10.5,198.2,6.19,49.8,394,190.0,190.2,190.3,500.0,500.0,0.0,0.0,0.0,0.3,3.10
10.5,198.2,6.19,49.8,395,190.0,190.3,190.3,500.0,500.0,0.0,0.0,0.0,0.3,3.11
10.5,198.2,6.19,49.6,396,190.0,190.3,190.3,500.0,500.0,0.0,0.0,0.0,0.3,3.12
10.6,198.2,6.19,49.8,397,190.0,190.3,190.3,500.0,500.0,0.0,0.0,0.0,0.3,3.13
10.7,198.2,6.19,49.8,398,190.0,190.4,190.3,500.0,500.0,0.0,0.0,0.0,0.3,3.14
10.9,198.2,6.19,49.8,399,190.0,190.5,190.3,500.0,500.0,0.0,0.0,0.0,0.3,3.15
11.1,198.3,6.19,49.8,400,190.0,190.5,190.4,500.0,500.0,0.0,0.0,0.0,0.3,3.15
11.3,198.3,6.19,49.8,401,190.0,190.5,190.4,500.0,500.0,0.0,0.0,0.0,0.3,3.16
11.2,198.3,6.19,49.8,402,190.0,190.5,190.4,500.0,500.0,0.0,0.0,0.0,0.3,3.17
11.1,198.3,6.19,49.8,403,190.0,190.6,190.4,500.0,500.0,0.0,0.0,0.0,0.3,3.18
11.0,198.3,6.19,49.8,404,190.0,190.6,190.4,500.0,500.0,0.0,0.0,0.0,0.3,3.19
11.0,198.3,6.19,49.8,405,190.0,190.6,190.4,500.0,500.0,0.0,0.0,0.0,0.3,3.20
11.0,198.3,6.19,49.8,406,190.0,190.6,190.4,500.0,500.0,0.0,0.0,0.0,0.3,3.21
11.1,198.4,6.19,49.8,407,190.0,190.6,190.4,500.0,500.0,0.0,0.0,0.0,0.3,3.22
11.2,198.4,6.19,49.8,408,190.0,190.6,190.4,500.0,500.0,0.0,0.0,0.0,0.3,3.23
11.3,198.4,6.19,49.8,409,190.0,190.6,190.4,500.0,500.0,0.0,0.0,0.0,0.3,3.24
11.3,198.4,6.19,49.8,410,190.0,190.5,190.4,500.0,500.0,0.0,0.0,0.0,0.3,3.25
11.3,198.4,6.19,49.8,411,190.0,190.4,190.4,500.0,500.0,0.0,0.0,0.0,0.3,3.26
11.2,198.4,6.19,49.8,412,190.0,190.4,190.4,500.0,500.0,0.0,0.0,0.0,0.3,3.27
11.0,198.5,6.19,49.8,413,190.0,190.4,190.4,500.0,500.0,0.0,0.0,0.0,0.3,3.27
10.9,198.5,6.19,49.8,414,190.0,190.2,190.3,500.0,500.0,0.0,0.0,0.0,0.3,3.28
10.8,198.5,6.19,49.6,415,190.0,190.0,190.3,500.0,500.0,0.0,0.0,0.0,0.3,3.29
10.7,198.5,6.19,49.8,416,190.0,190.0,190.3,500.0,500.0,0.0,0.0,0.0,0.3,3.30
10.8,198.5,6.19,49.8,417,190.0,190.0,190.3,500.0,500.0,0.0,0.0,0.0,0.3,3.31
10.7,198.5,6.19,49.8,418,190.0,190.0,190.3,500.0,500.0,0.0,0.0,0.0,0.3,3.32
10.7,198.5,6.19,49.8,419,190.0,190.0,190.3,500.0,500.0,0.0,0.0,0.0,0.3,3.33
10.7,198.5,6.19,49.8,420,190.0,190.0,190.3,500.0,500.0,0.0,0.0,0.0,0.3,3.34
10.9,198.6,6.19,49.8,421,190.0,190.0,190.3,500.0,500.0,0.0,0.0,0.0,0.3,3.35
11.1,198.6,6.19,49.8,422,190.0,190.0,190.3,500.0,500.0,0.0,0.0,0.0,0.3,3.36
11.2,198.7,6.19,49.8,423,190.0,190.0,190.3,500.0,500.0,0.0,0.0,0.0,0.3,3.36
11.2,198.7,6.19,49.8,424,190.0,190.0,190.3,500.0,500.0,0.0,0.0,0.0,0.3,3.37
11.2,198.7,6.19,49.8,425,190.0,190.0,190.4,500.0,500.0,0.0,0.0,0.0,0.3,3.38
11.1,198.6,6.19,49.8,426,190.0,190.0,190.4,500.0,500.0,0.0,0.0,0.0,0.3,3.39
10.9,198.6,6.19,49.8,427,190.0,190.0,190.4,500.0,500.0,0.0,0.0,0.0,0.3,3.40
10.9,198.6,6.19,49.8,428,190.0,190.0,190.3,500.0,500.0,0.0,0.0,0.0,0.3,3.41
10.8,198.6,6.19,49.8,429,190.0,190.0,190.2,500.0,500.0,0.0,0.0,0.0,0.3,3.42
10.8,198.6,6.19,49.8,430,190.0,190.0,190.2,500.0,500.0,0.0,0.0,0.0,0.3,3.43
10.9,198.7,6.19,49.8,431,190.0,190.0,190.2,500.0,500.0,0.0,0.0,0.0,0.3,3.44
11.0,198.7,6.19,49.8,432,190.0,190.0,190.2,500.0,500.0,0.0,0.0,0.0,0.3,3.45
11.1,198.8,6.19,49.8,433,190.0,190.0,190.3,500.0,500.0,0.0,0.0,0.0,0.3,3.46
11.1,198.8,6.19,49.6,434,190.0,190.0,190.3,500.0,500.0,0.0,0.0,0.0,0.3,3.47
11.0,198.8,6.19,49.8,435,190.0,190.0,190.3,500.0,500.0,0.0,0.0,0.0,0.3,3.47
11.0,198.8,6.19,49.8,436,190.0,190.0,190.3,500.0,500.0,0.0,0.0,0.0,0.3,3.48
10.9,198.8,6.19,49.8,437,190.0,190.0,190.2,500.0,500.0,0.0,0.0,0.0,0.3,3.49
10.8,198.8,6.19,49.8,438,190.0,190.0,190.2,500.0,500.0,0.0,0.0,0.0,0.3,3.50
10.9,198.8,6.19,49.8,439,190.0,190.0,190.2,500.0,500.0,0.0,0.0,0.0,0.3,3.51
11.0,198.8,6.19,49.8,440,190.0,190.0,190.2,500.0,500.0,0.0,0.0,0.0,0.3,3.52
11.1,198.8,6.19,49.8,441,190.0,190.0,190.2,500.0,500.0,0.0,0.0,0.0,0.3,3.53
11.2,198.8,6.19,49.8,442,190.0,190.0,190.2,500.0,500.0,0.0,0.0,0.0,0.3,3.54
11.1,198.8,6.19,49.8,443,190.0,190.0,190.2,500.0,500.0,0.0,0.0,0.0,0.3,3.55
11.0,198.8,6.19,49.8,444,190.0,190.0,190.2,500.0,500.0,0.0,0.0,0.0,0.3,3.56
11.0,198.8,6.19,49.8,445,190.0,190.0,190.2,500.0,500.0,0.0,0.0,0.0,0.3,3.57
10.9,198.8,6.19,49.8,446,190.0,190.0,190.2,500.0,500.0,0.0,0.0,0.0,0.3,3.57
10.9,198.8,6.19,49.8,447,190.0,190.0,190.2,500.0,500.0,0.0,0.0,0.0,0.3,3.58
11.0,198.8,6.19,49.8,448,190.0,190.0,190.1,500.0,500.0,0.0,0.0,0.0,0.3,3.59
11.0,198.8,6.19,49.8,449,190.0,190.0,190.1,500.0,500.0,0.0,0.0,0.0,0.3,3.60
10.9,198.8,6.19,49.8,450,190.0,190.0,190.1,500.0,500.0,0.0,0.0,0.0,0.3,3.61
10.8,198.8,6.19,49.8,451,190.0,190.0,190.1,500.0,500.0,0.0,0.0,0.0,0.3,3.62
10.7,198.8,6.19,49.8,452,190.0,190.0,190.1,500.0,500.0,0.0,0.0,0.0,0.3,3.63
10.9,198.8,6.19,49.6,453,190.0,190.0,190.1,500.0,500.0,0.0,0.0,0.0,0.3,3.64
11.2,198.8,6.19,49.8,454,190.0,190.1,190.1,500.0,500.0,0.0,0.0,0.0,0.3,3.65
11.2,198.8,6.19,49.8,455,190.0,190.1,190.1,500.0,500.0,0.0,0.0,0.0,0.3,3.66
11.4,198.8,6.19,49.8,456,190.0,190.1,190.1,500.0,500.0,0.0,0.0,0.0,0.3,3.67
11.4,198.9,6.19,49.8,457,190.0,190.1,190.1,500.0,500.0,0.0,0.0,0.0,0.3,3.68
11.5,198.9,6.19,49.8,458,190.0,190.1,190.1,500.0,500.0,0.0,0.0,0.0,0.3,3.69
11.3,198.8,6.19,49.8,459,190.0,190.1,190.0,500.0,500.0,0.0,0.0,0.0,0.3,3.69
11.3,198.8,6.19,49.8,460,190.0,190.1,190.0,500.0,500.0,0.0,0.0,0.0,0.3,3.70
11.1,198.9,6.19,49.8,461,190.0,190.1,190.0,500.0,500.0,0.0,0.0,0.0,0.3,3.71
11.1,198.9,6.19,49.8,462,190.0,190.1,190.0,500.0,500.0,0.0,0.0,0.0,0.3,3.72
11.1,198.9,6.19,50.0,463,190.0,190.0,190.0,500.0,500.0,0.0,0.0,0.0,0.3,3.73
11.0,198.9,6.19,49.8,464,190.0,190.0,190.0,500.0,500.0,0.0,0.0,0.0,0.3,3.74
11.0,198.9,6.19,49.8,465,190.0,190.0,190.0,500.0,500.0,0.0,0.0,0.0,0.3,3.75
11.0,198.9,6.19,49.8,466,190.0,190.0,190.0,500.0,500.0,0.0,0.0,0.0,0.3,3.76
10.9,198.9,6.19,49.6,467,190.0,190.0,190.0,500.0,500.0,0.0,0.0,0.0,0.3,3.77
10.8,198.9,6.19,49.6,468,190.0,190.0,190.0,500.0,500.0,0.0,0.0,0.0,0.3,3.78
10.9,198.9,6.19,49.8,469,190.0,190.0,190.0,500.0,500.0,0.0,0.0,0.0,0.3,3.79
10.8,198.9,6.19,49.8,470,190.0,190.0,190.0,500.0,500.0,0.0,0.0,0.0,0.3,3.79
10.9,198.9,6.19,49.8,471,190.0,190.0,190.0,500.0,500.0,0.0,0.0,0.0,0.3,3.80
11.0,199.0,6.19,50.0,472,190.0,190.0,190.0,500.0,500.0,0.0,0.0,0.0,0.3,3.81
10.9,198.9,6.19,50.0,473,190.0,190.0,190.0,500.0,500.0,0.0,0.0,0.0,0.3,3.82
10.8,198.9,6.19,50.0,474,190.0,190.0,190.0,500.0,500.0,0.0,0.0,0.0,0.3,3.83
10.8,198.9,6.19,50.0,475,190.0,190.0,190.0,500.0,500.0,0.0,0.0,0.0,0.3,3.84
10.8,198.9,6.19,50.0,476,190.0,190.0,190.0,500.0,500.0,0.0,0.0,0.0,0.3,3.85
10.7,199.0,6.19,49.8,477,190.0,190.0,190.0,500.0,500.0,0.0,0.0,0.0,0.3,3.86
10.8,199.0,6.19,49.8,478,190.0,190.0,190.0,500.0,500.0,0.0,0.0,0.0,0.3,3.87
10.9,198.9,6.19,49.8,479,190.0,190.0,190.0,500.0,500.0,0.0,0.0,0.0,0.3,3.88
11.0,198.9,6.19,49.8,480,190.0,190.0,190.0,500.0,500.0,0.0,0.0,0.0,0.3,3.89
11.0,198.9,6.19,49.8,481,190.0,189.9,190.0,500.0,500.0,0.0,0.0,0.0,0.3,3.89
10.9,198.9,6.19,49.8,482,190.0,189.8,190.0,500.0,500.0,0.0,0.0,0.0,0.3,3.90
10.7,198.9,6.19,49.8,483,190.0,189.8,190.0,500.0,500.0,0.0,0.0,0.0,0.3,3.91
10.7,198.9,6.19,49.8,484,190.0,189.8,190.0,500.0,500.0,0.0,0.0,0.0,0.3,3.92
10.6,198.9,6.19,49.8,485,190.0,189.8,190.0,500.0,500.0,0.0,0.0,0.0,0.3,3.93
10.6,198.9,6.19,49.8,486,190.0,189.8,190.0,500.0,500.0,0.0,0.0,0.0,0.3,3.94
10.7,198.9,6.19,49.8,487,190.0,189.9,190.0,500.0,500.0,0.0,0.0,0.0,0.3,3.95
10.9,198.9,6.19,49.8,488,190.0,190.0,190.0,500.0,500.0,0.0,0.0,0.0,0.3,3.96
10.9,198.9,6.19,49.8,489,190.0,190.0,190.0,500.0,500.0,0.0,0.0,0.0,0.3,3.97
11.1,199.0,6.19,49.8,490,190.0,190.0,190.0,500.0,500.0,0.0,0.0,0.0,0.3,3.97
11.2,199.0,6.19,49.6,491,190.0,190.0,190.0,500.0,500.0,0.0,0.0,0.0,0.3,3.98
11.2,198.9,6.19,49.8,492,190.0,190.0,190.0,500.0,500.0,0.0,0.0,0.0,0.3,3.99
10.9,198.9,6.19,49.8,493,190.0,190.0,190.0,500.0,500.0,0.0,0.0,0.0,0.3,4.00
10.8,198.9,6.19,49.8,494,190.0,190.0,190.0,500.0,500.0,0.0,0.0,0.0,0.3,4.01
10.9,198.9,6.19,49.8,495,190.0,190.0,190.0,500.0,500.0,0.0,0.0,0.0,0.3,4.02
10.9,198.9,6.19,49.8,496,190.0,190.0,190.0,500.0,500.0,0.0,0.0,0.0,0.3,4.03
11.0,198.9,6.19,49.8,497,190.0,190.0,190.0,500.0,500.0,0.0,0.0,0.0,0.3,4.04
11.3,198.9,6.19,49.8,498,190.0,190.0,190.0,500.0,500.0,0.0,0.0,0.0,0.3,4.05
11.4,198.9,6.19,49.8,499,190.0,190.0,190.0,500.0,500.0,0.0,0.0,0.0,0.3,4.06
11.5,199.0,6.19,49.8,500,190.0,190.0,190.0,500.0,500.0,0.0,0.0,0.0,0.3,4.07
11.4,199.0,6.19,49.8,501,190.0,190.0,190.0,500.0,500.0,0.0,0.0,0.0,0.3,4.08
11.3,199.0,6.19,49.8,502,190.0,190.0,190.0,500.0,500.0,0.0,0.0,0.0,0.3,4.09
11.0,199.0,6.19,49.8,503,190.0,190.0,190.0,500.0,500.0,0.0,0.0,0.0,0.3,4.10
10.9,199.0,6.19,49.8,504,190.0,190.0,190.0,500.0,500.0,0.0,0.0,0.0,0.3,4.10
10.8,199.0,6.19,49.8,505,190.0,190.0,190.0,500.0,500.0,0.0,0.0,0.0,0.3,4.11
10.8,199.0,6.19,49.8,506,190.0,190.1,190.0,500.0,500.0,0.0,0.0,0.0,0.3,4.12
10.8,199.0,6.19,49.8,507,190.0,190.1,190.0,500.0,500.0,0.0,0.0,0.0,0.3,4.13
10.8,199.0,6.19,49.8,508,190.0,190.1,190.0,500.0,500.0,0.0,0.0,0.0,0.3,4.14
10.8,199.0,6.19,49.8,509,190.0,190.1,190.0,500.0,500.0,0.0,0.0,0.0,0.3,4.15
10.7,199.0,6.19,49.6,510,190.0,190.2,190.0,500.0,500.0,0.0,0.0,0.0,0.3,4.16
10.7,199.0,6.19,49.8,511,190.0,190.2,190.0,500.0,500.0,0.0,0.0,0.0,0.3,4.17
10.9,199.0,6.19,49.8,512,190.0,190.2,190.0,500.0,500.0,0.0,0.0,0.0,0.3,4.18
11.1,199.0,6.19,49.8,513,190.0,190.1,190.0,500.0,500.0,0.0,0.0,0.0,0.3,4.18
11.1,199.0,6.19,49.8,514,190.0,190.0,190.0,500.0,500.0,0.0,0.0,0.0,0.3,4.19
11.1,199.0,6.19,49.8,515,190.0,190.0,190.0,500.0,500.0,0.0,0.0,0.0,0.3,4.20
11.0,199.0,6.19,49.8,516,190.0,190.0,190.0,500.0,500.0,0.0,0.0,0.0,0.3,4.21
10.7,199.0,6.19,49.8,517,190.0,190.0,190.0,500.0,500.0,0.0,0.0,0.0,0.3,4.22
10.7,199.0,6.19,49.8,518,190.0,190.0,190.0,500.0,500.0,0.0,0.0,0.0,0.3,4.23
10.7,199.0,6.19,49.8,519,190.0,190.0,190.0,500.0,500.0,0.0,0.0,0.0,0.3,4.24
10.7,199.1,6.19,49.8,520,190.0,190.0,190.0,500.0,500.0,0.0,0.0,0.0,0.3,4.25
10.9,199.1,6.19,49.8,521,190.0,190.0,190.0,500.0,500.0,0.0,0.0,0.0,0.3,4.26
11.3,199.1,6.19,49.8,522,190.0,190.0,190.1,500.0,500.0,0.0,0.0,0.0,0.3,4.27
11.6,199.2,6.19,49.8,523,190.0,190.0,190.1,500.0,500.0,0.0,0.0,0.0,0.3,4.28
11.5,199.2,6.19,49.8,524,190.0,190.0,190.1,500.0,500.0,0.0,0.0,0.0,0.3,4.29
11.4,199.2,6.19,49.8,525,190.0,190.0,190.1,500.0,500.0,0.0,0.0,0.0,0.3,4.29
11.3,199.2,6.19,49.8,526,190.0,190.0,190.1,500.0,500.0,0.0,0.0,0.0,0.3,4.30
11.2,199.2,6.19,49.8,527,190.0,190.0,190.1,500.0,500.0,0.0,0.0,0.0,0.3,4.31
11.0,199.2,6.19,49.8,528,190.0,190.0,190.1,500.0,500.0,0.0,0.0,0.0,0.3,4.32
11.0,199.2,6.19,49.8,529,190.0,190.0,190.1,500.0,500.0,0.0,0.0,0.0,0.3,4.33
11.0,199.2,6.19,49.8,530,190.0,190.0,190.1,500.0,500.0,0.0,0.0,0.0,0.3,4.34
11.0,199.2,6.19,49.8,531,190.0,190.0,190.1,500.0,500.0,0.0,0.0,0.0,0.3,4.35
11.2,199.2,6.19,49.8,532,190.0,190.0,190.1,500.0,500.0,0.0,0.0,0.0,0.3,4.36
11.2,199.2,6.19,49.6,533,190.0,190.0,190.1,500.0,500.0,0.0,0.0,0.0,0.3,4.37
11.1,199.2,6.19,49.6,534,190.0,190.0,190.1,500.0,500.0,0.0,0.0,0.0,0.3,4.38
11.1,199.3,6.19,49.8,535,190.0,190.0,190.1,500.0,500.0,0.0,0.0,0.0,0.3,4.39
11.0,199.2,6.19,49.8,536,190.0,190.0,190.1,500.0,500.0,0.0,0.0,0.0,0.3,4.40
11.0,199.2,6.19,49.8,537,190.0,190.0,190.1,500.0,500.0,0.0,0.0,0.0,0.3,4.41
10.9,199.2,6.19,50.0,538,190.0,190.0,190.1,500.0,500.0,0.0,0.0,0.0,0.3,4.41
10.9,199.2,6.19,49.8,539,190.0,190.0,190.1,500.0,500.0,0.0,0.0,0.0,0.3,4.42
10.8,199.2,6.19,49.8,540,190.0,190.0,190.1,500.0,500.0,0.0,0.0,0.0,0.3,4.43
10.8,199.2,6.19,49.8,541,190.0,190.0,190.1,500.0,500.0,0.0,0.0,0.0,0.3,4.44
10.8,199.2,6.19,49.6,542,190.0,190.0,190.1,500.0,500.0,0.0,0.0,0.0,0.3,4.45
10.9,199.2,6.19,49.6,543,190.0,190.0,190.1,500.0,500.0,0.0,0.0,0.0,0.3,4.46
11.1,199.2,6.19,49.8,544,190.0,190.0,190.1,500.0,500.0,0.0,0.0,0.0,0.3,4.47
11.1,199.2,6.19,49.8,545,190.0,190.0,190.1,500.0,500.0,0.0,0.0,0.0,0.3,4.48
11.2,199.3,6.19,49.8,546,190.0,190.0,190.1,500.0,500.0,0.0,0.0,0.0,0.3,4.49
11.1,199.3,6.19,50.0,547,190.0,190.0,190.1,500.0,500.0,0.0,0.0,0.0,0.3,4.50
10.9,199.3,6.19,49.8,548,190.0,190.0,190.1,500.0,500.0,0.0,0.0,0.0,0.3,4.51
10.8,199.2,6.19,49.8,549,190.0,190.0,190.1,500.0,500.0,0.0,0.0,0.0,0.3,4.51
10.8,199.2,6.19,49.8,550,190.0,190.1,190.1,500.0,500.0,0.0,0.0,0.0,0.3,4.52
10.7,199.2,6.19,49.8,551,190.0,190.2,190.1,500.0,500.0,0.0,0.0,0.0,0.3,4.53
10.8,199.2,6.19,49.6,552,190.0,190.2,190.1,500.0,500.0,0.0,0.0,0.0,0.3,4.54
11.0,199.3,6.19,49.8,553,190.0,190.2,190.1,500.0,500.0,0.0,0.0,0.0,0.3,4.55
11.3,199.3,6.19,49.8,554,190.0,190.2,190.1,500.0,500.0,0.0,0.0,0.0,0.3,4.56
11.4,199.3,6.19,49.8,555,190.0,190.2,190.1,500.0,500.0,0.0,0.0,0.0,0.3,4.57
11.3,199.3,6.19,49.8,556,190.0,190.2,190.1,500.0,500.0,0.0,0.0,0.0,0.3,4.58
11.2,199.3,6.19,50.0,557,190.0,190.2,190.1,500.0,500.0,0.0,0.0,0.0,0.3,4.59
11.0,199.3,6.19,49.8,558,190.0,190.2,190.0,500.0,500.0,0.0,0.0,0.0,0.3,4.60
10.8,199.3,6.19,49.8,559,190.0,190.2,190.0,500.0,500.0,0.0,0.0,0.0,0.3,4.61
10.6,199.3,6.19,49.8,560,190.0,190.2,190.0,500.0,500.0,0.0,0.0,0.0,0.3,4.61
10.7,199.3,6.19,49.6,561,190.0,190.1,190.0,500.0,500.0,0.0,0.0,0.0,0.3,4.62
10.8,199.3,6.19,49.6,562,190.0,190.0,190.0,500.0,500.0,0.0,0.0,0.0,0.3,4.63
11.1,199.3,6.19,49.6,563,190.0,190.0,190.0,500.0,500.0,0.0,0.0,0.0,0.3,4.64
11.2,199.3,6.19,49.6,564,190.0,190.0,190.0,500.0,500.0,0.0,0.0,0.0,0.3,4.65
11.2,199.3,6.19,49.6,565,190.0,190.0,190.0,500.0,500.0,0.0,0.0,0.0,0.3,4.66
11.2,199.3,6.19,49.6,566,190.0,190.0,190.0,500.0,500.0,0.0,0.0,0.0,0.3,4.67
11.1,199.3,6.19,49.6,567,190.0,190.0,190.0,500.0,500.0,0.0,0.0,0.0,0.3,4.68
10.9,199.3,6.19,49.8,568,190.0,190.0,190.0,500.0,500.0,0.0,0.0,0.0,0.3,4.69
10.9,199.3,6.19,49.8,569,190.0,190.0,190.0,500.0,500.0,0.0,0.0,0.0,0.3,4.70
10.9,199.3,6.19,49.8,570,190.0,190.0,190.0,500.0,500.0,0.0,0.0,0.0,0.3,4.71
11.0,199.3,6.19,49.8,571,190.0,190.0,190.0,500.0,500.0,0.0,0.0,0.0,0.3,4.72
10.9,199.3,6.19,49.6,572,190.0,190.0,190.0,500.0,500.0,0.0,0.0,0.0,0.3,4.72
10.9,199.3,6.19,49.6,573,190.0,190.0,190.0,500.0,500.0,0.0,0.0,0.0,0.3,4.73
11.0,199.3,6.19,49.6,574,190.0,190.0,190.0,500.0,500.0,0.0,0.0,0.0,0.3,4.74
11.2,199.3,6.19,49.6,575,190.0,190.0,190.0,500.0,500.0,0.0,0.0,0.0,0.3,4.75
11.3,199.3,6.19,49.8,576,190.0,190.0,190.0,500.0,500.0,0.0,0.0,0.0,0.3,4.76
11.4,199.4,6.19,50.0,577,190.0,190.0,190.0,500.0,500.0,0.0,0.0,0.0,0.3,4.77
11.5,199.4,6.19,50.0,578,190.0,190.0,190.0,500.0,500.0,0.0,0.0,0.0,0.3,4.78
11.4,199.4,6.19,50.0,579,190.0,190.0,190.0,500.0,500.0,0.0,0.0,0.0,0.3,4.79
11.4,199.3,6.19,50.0,580,190.0,190.0,190.0,500.0,500.0,0.0,0.0,0.0,0.3,4.80
11.3,199.3,6.19,50.0,581,190.0,190.0,190.0,500.0,500.0,0.0,0.0,0.0,0.3,4.81
11.0,199.3,6.19,49.8,582,190.0,190.0,190.0,500.0,500.0,0.0,0.0,0.0,0.3,4.82
10.9,199.3,6.19,49.8,583,190.0,190.0,190.0,500.0,500.0,0.0,0.0,0.0,0.3,4.83
11.0,199.3,6.19,49.8,584,190.0,190.0,190.0,500.0,500.0,0.0,0.0,0.0,0.3,4.84
11.0,199.3,6.19,49.6,585,190.0,190.0,190.0,500.0,500.0,0.0,0.0,0.0,0.3,4.84
11.1,199.3,6.19,49.6,586,190.0,190.0,190.0,500.0,500.0,0.0,0.0,0.0,0.3,4.85
11.2,199.3,6.19,49.8,587,190.0,190.0,190.0,500.0,500.0,0.0,0.0,0.0,0.3,4.86
11.2,199.3,6.19,49.8,588,190.0,190.0,190.0,500.0,500.0,0.0,0.0,0.0,0.3,4.87
11.0,199.3,6.19,49.8,589,190.0,190.0,190.0,500.0,500.0,0.0,0.0,0.0,0.3,4.88
10.9,199.3,6.19,50.0,590,190.0,190.0,190.0,500.0,500.0,0.0,0.0,0.0,0.3,4.89
10.9,199.3,6.19,50.0,591,190.0,190.0,190.0,500.0,500.0,0.0,0.0,0.0,0.3,4.90
10.7,199.3,6.19,50.0,592,190.0,190.0,190.0,500.0,500.0,0.0,0.0,0.0,0.3,4.91
10.8,199.3,6.19,50.0,593,190.0,190.0,190.0,500.0,500.0,0.0,0.0,0.0,0.3,4.92
10.9,199.3,6.19,50.0,594,190.0,190.0,190.0,500.0,500.0,0.0,0.0,0.0,0.3,4.93
10.9,199.3,6.19,50.0,595,190.0,190.0,190.0,500.0,500.0,0.0,0.0,0.0,0.3,4.94
10.8,199.3,6.19,49.8,596,190.0,190.0,190.0,500.0,500.0,0.0,0.0,0.0,0.3,4.95
10.8,199.3,6.19,49.8,597,190.0,190.0,190.0,500.0,500.0,0.0,0.0,0.0,0.3,4.95
10.9,199.3,6.19,49.8,598,190.0,190.0,190.0,500.0,500.0,0.0,0.0,0.0,0.3,4.96
11.0,199.3,6.19,49.8,599,190.0,190.0,190.0,500.0,500.0,0.0,0.0,0.0,0.3,4.97
