扭矩,料温,压力,转速,时间,温度1,温度2,温度3,温度4,温度5,温度6,温度7,温度8,顶栓,能量
1.6,190.0,6.19,0.2,0,190.0,190.0,190.0,500.0,500.0,0.0,0.0,0.0,0.3,0.00
1.4,190.0,6.19,4.6,1,190.0,190.0,190.0,500.0,500.0,0.0,0.0,0.0,0.3,0.00
1.4,190.0,6.19,14.0,2,190.0,190.0,190.0,500.0,500.0,0.0,0.0,0.0,0.3,0.00
1.3,190.0,6.19,24.0,3,190.0,190.0,190.0,500.0,500.0,0.0,0.0,0.0,0.3,0.00
1.2,190.0,6.19,33.8,4,190.0,190.0,190.0,500.0,500.0,0.0,0.0,0.0,0.3,0.00
1.2,190.0,6.19,43.6,5,190.0,190.0,190.0,500.0,500.0,0.0,0.0,0.0,0.3,0.00
1.2,190.0,6.19,49.2,6,190.0,190.0,190.0,500.0,500.0,0.0,0.0,0.0,0.3,0.00
1.2,190.0,6.19,49.8,7,190.0,190.0,190.0,500.0,500.0,0.0,0.0,0.0,0.3,0.00
1.2,190.0,6.19,49.8,8,190.0,190.0,190.0,500.0,500.0,0.0,0.0,0.0,0.3,0.01
1.1,189.8,6.19,49.8,9,190.0,190.0,190.0,500.0,500.0,0.0,0.0,0.0,0.3,0.01
0.9,189.3,6.19,49.6,10,190.0,190.0,190.0,500.0,500.0,0.0,0.0,0.0,0.3,0.01
0.9,188.6,6.19,49.6,11,190.0,190.0,190.0,500.0,500.0,0.0,0.0,0.0,0.3,0.01
0.7,187.8,6.19,49.6,12,190.0,190.0,190.0,500.0,500.0,0.0,0.0,0.0,0.3,0.01
0.6,187.0,6.19,49.6,13,190.0,190.0,190.0,500.0,500.0,0.0,0.0,0.0,0.3,0.01
0.5,186.2,6.19,49.8,14,190.0,190.0,190.0,500.0,500.0,0.0,0.0,0.0,0.3,0.01
0.4,185.5,6.19,49.8,15,190.0,190.0,190.0,500.0,500.0,0.0,0.0,0.0,0.3,0.01
0.3,184.9,6.19,49.8,16,190.0,190.0,190.0,500.0,500.0,0.0,0.0,0.0,0.3,0.01
0.3,184.3,6.19,49.8,17,190.0,190.0,190.0,500.0,500.0,0.0,0.0,0.0,0.3,0.01
0.2,183.6,6.19,49.6,18,190.0,190.0,190.0,500.0,500.0,0.0,0.0,0.0,0.3,0.01
0.1,183.1,6.19,49.6,19,190.0,190.0,190.0,500.0,500.0,0.0,0.0,0.0,0.3,0.01
0.2,182.5,6.19,49.8,20,190.0,190.0,190.0,500.0,500.0,0.0,0.0,0.0,0.3,0.01
0.3,181.9,6.19,49.8,21,190.0,190.0,190.0,500.0,500.0,0.0,0.0,0.0,0.3,0.01
0.3,181.2,6.19,49.8,22,190.0,190.0,190.0,500.0,500.0,0.0,0.0,0.0,0.3,0.01
0.5,180.3,6.19,50.0,23,190.0,190.0,190.0,500.0,500.0,0.0,0.0,0.0,0.3,0.01
0.6,179.6,6.19,50.0,24,190.0,190.0,190.0,500.0,500.0,0.0,0.0,0.0,0.3,0.01
0.7,178.9,6.19,50.0,25,190.0,190.0,190.0,500.0,500.0,0.0,0.0,0.0,0.3,0.01
0.8,178.3,6.19,49.8,26,190.0,190.0,190.0,500.0,500.0,0.0,0.0,0.0,0.3,0.01
0.9,177.9,6.19,49.8,27,190.0,190.0,190.0,500.0,500.0,0.0,0.0,0.0,0.3,0.01
0.9,177.5,6.19,49.8,28,190.0,190.0,190.0,500.0,500.0,0.0,0.0,0.0,0.3,0.01
0.9,177.2,6.19,49.6,29,190.0,190.0,190.0,500.0,500.0,0.0,0.0,0.0,0.3,0.02
0.9,177.0,6.19,49.6,30,190.0,190.0,190.0,500.0,500.0,0.0,0.0,0.0,0.3,0.02
1.0,176.9,6.19,49.8,31,190.0,190.0,190.0,500.0,500.0,0.0,0.0,0.0,0.3,0.02
1.0,176.9,6.19,49.8,32,190.0,190.0,190.0,500.0,500.0,0.0,0.0,0.0,0.3,0.02
1.1,176.9,6.19,49.8,33,190.0,190.0,190.0,500.0,500.0,0.0,0.0,0.0,0.3,0.02
1.1,176.9,6.19,50.0,34,190.0,190.0,190.0,500.0,500.0,0.0,0.0,0.0,0.3,0.02
1.1,176.8,6.19,50.0,35,190.0,190.0,190.0,500.0,500.0,0.0,0.0,0.0,0.3,0.02
1.1,176.8,6.19,49.8,36,190.0,190.0,190.0,500.0,500.0,0.0,0.0,0.0,0.3,0.02
1.2,176.9,6.19,49.8,37,190.0,190.0,190.0,500.0,500.0,0.0,0.0,0.0,0.3,0.02
1.0,176.9,6.19,49.8,38,190.0,190.0,190.0,500.0,500.0,0.0,0.0,0.0,0.3,0.02
1.1,176.9,6.19,49.8,39,190.0,190.0,190.0,500.0,500.0,0.0,0.0,0.0,0.3,0.02
1.0,177.0,6.19,49.8,40,190.0,190.0,190.0,500.0,500.0,0.0,0.0,0.0,0.3,0.03
1.0,177.1,6.19,49.8,41,190.0,190.0,190.0,500.0,500.0,0.0,0.0,0.0,0.3,0.03
1.0,177.2,6.19,49.8,42,190.0,190.0,190.0,500.0,500.0,0.0,0.0,0.0,0.3,0.03
1.1,177.2,6.19,49.8,43,190.0,190.0,190.0,500.0,500.0,0.0,0.0,0.0,0.3,0.03
1.0,177.2,6.19,49.8,44,190.0,190.0,190.0,500.0,500.0,0.0,0.0,0.0,0.3,0.03
1.0,177.2,6.19,49.8,45,190.0,190.0,190.0,500.0,500.0,0.0,0.0,0.0,0.3,0.03
1.1,177.2,6.19,50.0,46,190.0,190.0,190.0,500.0,500.0,0.0,0.0,0.0,0.3,0.03
1.1,177.2,6.19,49.8,47,190.0,190.0,190.0,500.0,500.0,0.0,0.0,0.0,0.3,0.03
1.1,177.1,6.19,49.8,48,190.0,190.0,190.0,500.0,500.0,0.0,0.0,0.0,0.3,0.03
1.1,177.1,6.19,49.8,49,189.9,190.0,190.0,500.0,500.0,0.0,0.0,0.0,0.3,0.03
0.9,177.1,6.19,49.8,50,189.9,190.0,190.0,500.0,500.0,0.0,0.0,0.0,0.3,0.03
0.8,177.0,6.19,49.8,51,189.9,190.0,190.0,500.0,500.0,0.0,0.0,0.0,0.3,0.03
0.7,176.8,6.19,49.8,52,189.9,190.0,190.0,500.0,500.0,0.0,0.0,0.0,0.3,0.04
0.7,176.7,6.19,49.8,53,189.9,190.0,190.0,500.0,500.0,0.0,0.0,0.0,0.3,0.04
0.5,176.6,6.19,49.8,54,189.9,190.0,190.0,500.0,500.0,0.0,0.0,0.0,0.3,0.04
0.7,176.5,6.19,49.8,55,189.9,190.0,190.0,500.0,500.0,0.0,0.0,0.0,0.3,0.04
0.7,176.4,6.19,49.6,56,189.9,190.0,190.0,500.0,500.0,0.0,0.0,0.0,0.3,0.04
0.6,176.4,6.19,49.8,57,189.9,190.0,190.0,500.0,500.0,0.0,0.0,0.0,0.3,0.04
0.5,176.3,6.19,49.8,58,189.9,190.0,190.0,500.0,500.0,0.0,0.0,0.0,0.3,0.04
0.5,176.2,6.19,49.8,59,189.9,190.0,190.0,500.0,500.0,0.0,0.0,0.0,0.3,0.04
0.5,176.1,6.19,49.6,60,189.9,190.0,190.0,500.0,500.0,0.0,0.0,0.0,0.3,0.04
1.6,176.2,6.19,49.8,61,189.9,190.0,190.0,500.0,500.0,0.0,0.0,0.0,0.3,0.04
3.4,176.2,6.19,49.8,62,189.9,190.0,190.0,500.0,500.0,0.0,0.0,0.0,0.3,0.04
5.9,175.9,6.19,49.8,63,189.9,190.0,190.0,500.0,500.0,0.0,0.0,0.0,0.3,0.05
11.5,174.8,6.19,49.8,64,189.9,190.0,190.0,500.0,500.0,0.0,0.0,0.0,0.3,0.06
15.4,172.6,6.19,50.0,65,189.9,190.0,190.0,500.0,500.0,0.0,0.0,0.0,0.3,0.07
18.6,170.0,6.19,49.8,66,189.9,190.0,190.0,500.0,500.0,0.0,0.0,0.0,0.3,0.09
22.0,167.4,6.19,49.8,67,189.9,190.0,190.0,500.0,500.0,0.0,0.0,0.0,0.3,0.10
23.8,165.7,6.19,49.8,68,189.9,190.0,190.0,500.0,500.0,0.0,0.0,0.0,0.3,0.12
22.0,164.5,6.19,49.8,69,189.9,190.0,190.0,500.0,500.0,0.0,0.0,0.0,0.3,0.14
21.7,164.0,6.19,49.8,70,189.9,190.0,190.0,500.0,500.0,0.0,0.0,0.0,0.3,0.16
21.2,164.0,6.19,49.8,71,189.9,190.0,190.0,500.0,500.0,0.0,0.0,0.0,0.3,0.18
19.8,164.3,6.19,49.8,72,189.9,190.0,190.0,500.0,500.0,0.0,0.0,0.0,0.3,0.19
18.5,164.8,6.19,49.8,73,189.9,190.0,190.0,500.0,500.0,0.0,0.0,0.0,0.3,0.21
17.5,165.4,6.19,49.6,74,189.9,190.0,190.0,500.0,500.0,0.0,0.0,0.0,0.3,0.22
16.7,166.0,6.19,49.6,75,189.9,190.0,190.0,500.0,500.0,0.0,0.0,0.0,0.3,0.24
15.6,166.7,6.19,49.8,76,189.9,190.0,190.0,500.0,500.0,0.0,0.0,0.0,0.3,0.25
14.3,167.3,6.19,49.8,77,189.9,190.0,190.0,500.0,500.0,0.0,0.0,0.0,0.3,0.26
13.9,167.9,6.19,49.8,78,189.9,190.0,190.0,500.0,500.0,0.0,0.0,0.0,0.3,0.27
13.3,168.5,6.19,50.0,79,189.9,190.0,190.0,500.0,500.0,0.0,0.0,0.0,0.3,0.29
12.9,169.0,6.19,49.8,80,189.8,190.0,190.0,500.0,500.0,0.0,0.0,0.0,0.3,0.30
12.5,169.6,6.19,49.8,81,189.8,190.0,190.0,500.0,500.0,0.0,0.0,0.0,0.3,0.31
12.3,170.1,6.19,49.8,82,189.8,190.0,190.0,500.0,500.0,0.0,0.0,0.0,0.3,0.32
11.5,170.6,6.19,49.8,83,189.8,190.0,190.0,500.0,500.0,0.0,0.0,0.0,0.3,0.33
11.2,171.1,6.19,49.8,84,189.8,190.0,190.0,500.0,500.0,0.0,0.0,0.0,0.3,0.34
10.7,171.6,6.19,49.8,85,189.8,190.0,190.0,500.0,500.0,0.0,0.0,0.0,0.3,0.34
10.4,172.2,6.19,49.8,86,189.8,190.0,190.0,500.0,500.0,0.0,0.0,0.0,0.3,0.35
10.0,172.7,6.19,49.8,87,189.8,190.0,190.0,500.0,500.0,0.0,0.0,0.0,0.3,0.36
10.2,173.2,6.19,49.8,88,189.8,190.0,190.0,500.0,500.0,0.0,0.0,0.0,0.3,0.37
10.4,173.5,6.19,49.8,89,189.8,190.0,190.0,500.0,500.0,0.0,0.0,0.0,0.3,0.38
10.8,173.8,6.19,50.0,90,189.8,190.0,190.0,500.0,500.0,0.0,0.0,0.0,0.3,0.39
10.7,174.3,6.19,50.0,91,189.8,190.0,190.0,500.0,500.0,0.0,0.0,0.0,0.3,0.40
10.3,174.8,6.19,50.0,92,189.9,190.0,190.0,500.0,500.0,0.0,0.0,0.0,0.3,0.41
10.2,175.2,6.19,50.0,93,189.9,190.0,190.0,500.0,500.0,0.0,0.0,0.0,0.3,0.41
10.2,175.7,6.19,49.8,94,189.9,190.0,190.0,500.0,500.0,0.0,0.0,0.0,0.3,0.42
9.8,176.1,6.19,49.6,95,189.9,190.0,190.0,500.0,500.0,0.0,0.0,0.0,0.3,0.43
9.8,176.5,6.19,49.6,96,189.9,190.0,190.0,500.0,500.0,0.0,0.0,0.0,0.3,0.44
10.0,176.9,6.19,49.6,97,189.9,190.0,190.0,500.0,500.0,0.0,0.0,0.0,0.3,0.45
10.1,177.3,6.19,49.6,98,189.9,190.0,190.0,500.0,500.0,0.0,0.0,0.0,0.3,0.45
10.1,177.7,6.19,49.6,99,189.9,190.0,190.0,500.0,500.0,0.0,0.0,0.0,0.3,0.46
10.4,178.1,6.19,49.8,100,190.0,190.0,190.0,500.0,500.0,0.0,0.0,0.0,0.3,0.47
10.3,178.5,6.19,49.8,101,190.0,190.0,190.0,500.0,500.0,0.0,0.0,0.0,0.3,0.48
10.0,178.7,6.19,49.8,102,190.0,190.0,190.0,500.0,500.0,0.0,0.0,0.0,0.3,0.49
9.7,179.1,6.19,49.8,103,190.0,190.0,190.0,500.0,500.0,0.0,0.0,0.0,0.3,0.50
9.6,179.4,6.19,49.8,104,190.0,190.0,190.0,500.0,500.0,0.0,0.0,0.0,0.3,0.50
9.5,179.7,6.19,49.8,105,190.0,190.0,190.0,500.0,500.0,0.0,0.0,0.0,0.3,0.51
9.5,179.9,6.19,49.8,106,190.0,190.0,190.0,500.0,500.0,0.0,0.0,0.0,0.3,0.52
9.6,180.2,6.19,49.8,107,190.0,190.0,190.0,500.0,500.0,0.0,0.0,0.0,0.3,0.53
9.5,180.4,6.19,49.8,108,190.0,190.0,190.0,500.0,500.0,0.0,0.0,0.0,0.3,0.54
9.4,180.7,6.19,50.0,109,190.0,190.0,190.0,500.0,500.0,0.0,0.0,0.0,0.3,0.54
9.2,181.0,6.19,50.0,110,190.0,190.0,190.0,500.0,500.0,0.0,0.0,0.0,0.3,0.55
9.0,181.2,6.19,50.0,111,190.0,190.0,190.0,500.0,500.0,0.0,0.0,0.0,0.3,0.56
9.2,181.5,6.19,50.0,112,190.0,190.0,190.0,500.0,500.0,0.0,0.0,0.0,0.3,0.57
9.4,181.8,6.19,50.0,113,190.0,190.0,190.0,500.0,500.0,0.0,0.0,0.0,0.3,0.57
9.5,182.0,6.19,49.8,114,190.0,190.0,190.0,500.0,500.0,0.0,0.0,0.0,0.3,0.58
9.7,182.2,6.19,49.8,115,190.0,190.0,190.0,500.0,500.0,0.0,0.0,0.0,0.3,0.59
9.8,182.4,6.18,49.8,116,190.0,190.0,190.0,500.0,500.0,0.0,0.0,0.0,0.3,0.60
9.7,182.6,6.18,49.8,117,190.0,190.0,190.0,500.0,500.0,0.0,0.0,0.0,0.3,0.61
9.4,182.7,6.18,49.6,118,190.0,190.0,190.0,500.0,500.0,0.0,0.0,0.0,0.3,0.61
9.4,182.9,6.18,49.8,119,190.0,190.0,190.0,500.0,500.0,0.0,0.0,0.0,0.3,0.62
9.6,183.0,6.18,49.8,120,190.0,190.0,190.0,500.0,500.0,0.0,0.0,0.0,0.3,0.63
10.2,183.3,6.19,49.8,121,190.0,190.0,190.0,500.0,500.0,0.0,0.0,0.0,0.3,0.64
10.2,183.5,6.19,49.8,122,190.0,190.0,190.0,500.0,500.0,0.0,0.0,0.0,0.3,0.65
10.1,183.7,6.19,49.8,123,190.0,190.0,190.0,500.0,500.0,0.0,0.0,0.0,0.3,0.66
9.7,183.9,6.19,49.8,124,190.0,190.0,190.0,500.0,500.0,0.0,0.0,0.0,0.3,0.66
9.6,184.1,6.19,49.8,125,190.0,190.0,190.0,500.0,500.0,0.0,0.0,0.0,0.3,0.67
9.2,184.3,6.19,49.8,126,190.0,190.0,190.0,500.0,500.0,0.0,0.0,0.0,0.3,0.68
9.3,184.4,6.19,49.8,127,190.0,190.0,190.0,500.0,500.0,0.0,0.0,0.0,0.3,0.69
9.5,184.6,6.19,49.8,128,190.0,190.0,190.0,500.0,500.0,0.0,0.0,0.0,0.3,0.69
9.8,184.8,6.19,49.8,129,190.0,190.0,190.0,500.0,500.0,0.0,0.0,0.0,0.3,0.70
9.9,184.9,6.19,49.8,130,190.0,190.0,190.0,500.0,500.0,0.0,0.0,0.0,0.3,0.71
10.1,185.1,6.19,49.8,131,190.0,190.0,190.0,500.0,500.0,0.0,0.0,0.0,0.3,0.72
10.1,185.2,6.19,49.8,132,190.0,190.0,190.0,500.0,500.0,0.0,0.0,0.0,0.3,0.73
9.9,185.4,6.19,50.0,133,190.0,190.0,190.0,500.0,500.0,0.0,0.0,0.0,0.3,0.74
9.7,185.5,6.19,50.0,134,190.0,190.0,190.0,500.0,500.0,0.0,0.0,0.0,0.3,0.74
9.5,185.7,6.19,50.0,135,190.0,190.0,190.0,500.0,500.0,0.0,0.0,0.0,0.3,0.75
9.5,185.8,6.19,50.0,136,190.0,190.0,190.0,500.0,500.0,0.0,0.0,0.0,0.3,0.76
9.6,186.0,6.19,49.8,137,190.0,190.0,190.0,500.0,500.0,0.0,0.0,0.0,0.3,0.77
9.8,186.1,6.19,49.8,138,190.0,190.0,190.0,500.0,500.0,0.0,0.0,0.0,0.3,0.78
9.8,186.2,6.19,49.8,139,190.0,190.0,190.0,500.0,500.0,0.0,0.0,0.0,0.3,0.78
9.8,186.3,6.19,49.8,140,190.0,190.0,190.0,500.0,500.0,0.0,0.0,0.0,0.3,0.79
9.6,186.5,6.19,49.8,141,190.0,190.0,190.0,500.0,500.0,0.0,0.0,0.0,0.3,0.80
9.4,186.6,6.19,49.8,142,190.0,190.0,190.0,500.0,500.0,0.0,0.0,0.0,0.3,0.81
9.4,186.8,6.19,49.8,143,190.0,190.0,190.0,500.0,500.0,0.0,0.0,0.0,0.3,0.82
9.4,186.9,6.19,49.8,144,190.0,190.0,190.0,500.0,500.0,0.0,0.0,0.0,0.3,0.82
9.6,187.0,6.19,49.8,145,190.0,190.0,190.0,500.0,500.0,0.0,0.0,0.0,0.3,0.83
9.8,187.1,6.19,49.8,146,190.0,190.0,190.0,500.0,500.0,0.0,0.0,0.0,0.3,0.84
9.9,187.2,6.19,49.8,147,190.0,190.0,190.0,500.0,500.0,0.0,0.0,0.0,0.3,0.85
10.1,187.4,6.19,49.8,148,190.0,190.0,190.0,500.0,500.0,0.0,0.0,0.0,0.3,0.86
10.2,187.5,6.19,49.8,149,190.0,190.0,190.0,500.0,500.0,0.0,0.0,0.0,0.3,0.87
10.0,187.6,6.19,49.8,150,190.0,190.0,190.0,500.0,500.0,0.0,0.0,0.0,0.3,0.87
9.9,187.7,6.19,49.6,151,190.1,190.0,190.0,500.0,500.0,0.0,0.0,0.0,0.3,0.88
10.1,187.8,6.19,49.8,152,190.1,190.0,190.0,500.0,500.0,0.0,0.0,0.0,0.3,0.89
10.3,187.9,6.19,49.8,153,190.1,190.0,190.0,500.0,500.0,0.0,0.0,0.0,0.3,0.90
10.2,188.1,6.19,49.8,154,190.1,190.0,190.0,500.0,500.0,0.0,0.0,0.0,0.3,0.91
10.0,188.2,6.19,49.8,155,190.1,190.0,190.0,500.0,500.0,0.0,0.0,0.0,0.3,0.92
9.8,188.3,6.19,49.8,156,190.1,190.0,190.0,500.0,500.0,0.0,0.0,0.0,0.3,0.92
9.7,188.4,6.19,49.8,157,190.1,190.0,190.0,500.0,500.0,0.0,0.0,0.0,0.3,0.93
9.6,188.5,6.19,49.8,158,190.1,190.0,190.0,500.0,500.0,0.0,0.0,0.0,0.3,0.94
9.4,188.6,6.19,49.8,159,190.1,190.0,190.0,500.0,500.0,0.0,0.0,0.0,0.3,0.95
9.8,188.7,6.19,49.8,160,190.1,190.0,190.0,500.0,500.0,0.0,0.0,0.0,0.3,0.96
10.0,188.8,6.19,49.8,161,190.1,190.0,190.0,500.0,500.0,0.0,0.0,0.0,0.3,0.96
10.1,188.9,6.19,49.8,162,190.1,190.0,190.0,500.0,500.0,0.0,0.0,0.0,0.3,0.97
10.0,189.0,6.19,49.8,163,190.1,190.0,190.0,500.0,500.0,0.0,0.0,0.0,0.3,0.98
10.0,189.1,6.19,49.8,164,190.1,190.0,190.0,500.0,500.0,0.0,0.0,0.0,0.3,0.99
9.9,189.2,6.19,49.8,165,190.1,190.1,190.0,500.0,500.0,0.0,0.0,0.0,0.3,1.00
9.7,189.3,6.19,49.8,166,190.1,190.1,190.0,500.0,500.0,0.0,0.0,0.0,0.3,1.00
9.8,189.4,6.19,49.8,167,190.1,190.1,190.0,500.0,500.0,0.0,0.0,0.0,0.3,1.01
9.9,189.5,6.19,49.8,168,190.0,190.1,190.0,500.0,500.0,0.0,0.0,0.0,0.3,1.02
10.3,189.6,6.19,49.8,169,190.0,190.1,190.0,500.0,500.0,0.0,0.0,0.0,0.3,1.03
10.5,189.6,6.19,49.6,170,190.0,190.1,190.0,500.0,500.0,0.0,0.0,0.0,0.3,1.04
10.3,189.7,6.19,49.8,171,190.0,190.1,190.0,500.0,500.0,0.0,0.0,0.0,0.3,1.05
10.1,189.8,6.19,49.8,172,190.0,190.0,190.0,500.0,500.0,0.0,0.0,0.0,0.3,1.06
9.9,189.9,6.19,49.8,173,190.0,190.0,190.0,500.0,500.0,0.0,0.0,0.0,0.3,1.06
9.9,190.0,6.19,49.8,174,190.0,190.0,190.0,500.0,500.0,0.0,0.0,0.0,0.3,1.07
9.9,190.1,6.19,49.8,175,190.0,190.0,190.0,500.0,500.0,0.0,0.0,0.0,0.3,1.08
10.1,190.1,6.19,49.6,176,190.0,190.0,190.0,500.0,500.0,0.0,0.0,0.0,0.3,1.09
10.4,190.2,6.19,49.6,177,190.0,190.0,190.0,500.0,500.0,0.0,0.0,0.0,0.3,1.10
10.4,190.3,6.19,49.6,178,190.0,190.0,190.0,500.0,500.0,0.0,0.0,0.0,0.3,1.11
10.6,190.4,6.19,49.6,179,190.0,190.0,190.0,500.0,500.0,0.0,0.0,0.0,0.3,1.11
10.4,190.4,6.19,49.6,180,190.0,190.0,190.0,500.0,500.0,0.0,0.0,0.0,0.3,1.12
10.2,190.5,6.18,49.8,181,190.0,190.0,190.0,500.0,500.0,0.0,0.0,0.0,0.3,1.13
10.1,190.6,6.18,49.8,182,190.0,190.0,190.0,500.0,500.0,0.0,0.0,0.0,0.3,1.14
10.0,190.7,6.18,49.8,183,190.0,190.0,190.0,500.0,500.0,0.0,0.0,0.0,0.3,1.15
9.9,190.7,6.18,49.8,184,190.0,190.0,190.0,500.0,500.0,0.0,0.0,0.0,0.3,1.16
9.9,190.8,6.18,49.8,185,190.0,190.0,190.0,500.0,500.0,0.0,0.0,0.0,0.3,1.16
9.9,190.9,6.19,49.8,186,190.0,190.0,190.0,500.0,500.0,0.0,0.0,0.0,0.3,1.17
9.7,191.0,6.19,49.8,187,190.0,190.0,190.0,500.0,500.0,0.0,0.0,0.0,0.3,1.18
9.7,191.1,6.19,49.8,188,190.0,190.0,190.0,500.0,500.0,0.0,0.0,0.0,0.3,1.19
9.8,191.2,6.19,49.6,189,190.0,190.0,190.0,500.0,500.0,0.0,0.0,0.0,0.3,1.20
10.1,191.3,6.19,49.8,190,190.0,190.0,190.0,500.0,500.0,0.0,0.0,0.0,0.3,1.21
10.4,191.3,6.19,49.8,191,190.0,190.0,190.0,500.0,500.0,0.0,0.0,0.0,0.3,1.21
10.6,191.4,6.19,49.8,192,190.0,190.0,190.0,500.0,500.0,0.0,0.0,0.0,0.3,1.22
10.6,191.4,6.19,49.8,193,190.0,190.0,190.0,500.0,500.0,0.0,0.0,0.0,0.3,1.23
10.6,191.5,6.19,50.0,194,190.0,190.0,190.0,500.0,500.0,0.0,0.0,0.0,0.3,1.24
10.2,191.6,6.19,50.0,195,190.0,190.0,190.0,500.0,500.0,0.0,0.0,0.0,0.3,1.25
10.1,191.6,6.19,50.0,196,190.0,190.0,190.0,500.0,500.0,0.0,0.0,0.0,0.3,1.26
9.9,191.7,6.19,50.0,197,190.0,190.0,190.0,500.0,500.0,0.0,0.0,0.0,0.3,1.27
9.8,191.8,6.19,50.0,198,190.0,190.0,190.0,500.0,500.0,0.0,0.0,0.0,0.3,1.27
9.9,191.8,6.19,49.8,199,190.0,190.0,190.0,500.0,500.0,0.0,0.0,0.0,0.3,1.28
10.3,191.9,6.19,49.8,200,190.0,190.0,190.0,500.0,500.0,0.0,0.0,0.0,0.3,1.29
10.5,191.9,6.19,49.8,201,190.0,190.0,190.0,500.0,500.0,0.0,0.0,0.0,0.3,1.30
10.6,192.0,6.19,49.8,202,190.0,190.0,190.0,500.0,500.0,0.0,0.0,0.0,0.3,1.31
10.5,192.0,6.19,49.8,203,190.0,190.0,190.0,500.0,500.0,0.0,0.0,0.0,0.3,1.32
10.3,192.1,6.19,50.0,204,190.0,190.0,190.0,500.0,500.0,0.0,0.0,0.0,0.3,1.33
10.1,192.2,6.19,49.8,205,190.0,190.0,190.0,500.0,500.0,0.0,0.0,0.0,0.3,1.33
10.1,192.2,6.19,49.8,206,190.0,190.0,190.0,500.0,500.0,0.0,0.0,0.0,0.3,1.34
10.1,192.2,6.19,49.8,207,190.0,190.0,190.0,500.0,500.0,0.0,0.0,0.0,0.3,1.35
10.0,192.3,6.19,49.6,208,190.0,190.0,190.0,500.0,500.0,0.0,0.0,0.0,0.3,1.36
10.2,192.4,6.19,49.6,209,190.0,190.0,190.0,500.0,500.0,0.0,0.0,0.0,0.3,1.37
10.4,192.4,6.19,49.6,210,190.0,190.0,190.0,500.0,500.0,0.0,0.0,0.0,0.3,1.38
10.2,192.5,6.19,49.6,211,190.0,190.0,190.0,500.0,500.0,0.0,0.0,0.0,0.3,1.38
10.1,192.5,6.19,49.6,212,190.0,190.0,190.0,500.0,500.0,0.0,0.0,0.0,0.3,1.39
10.3,192.6,6.19,49.6,213,190.0,190.0,190.0,500.0,500.0,0.0,0.0,0.0,0.3,1.40
10.1,192.7,6.19,49.6,214,190.0,190.0,190.0,500.0,500.0,0.0,0.0,0.0,0.3,1.41
10.1,192.7,6.19,49.8,215,190.0,190.0,190.0,500.0,500.0,0.0,0.0,0.0,0.3,1.42
10.0,192.7,6.19,49.8,216,190.0,190.0,190.0,500.0,500.0,0.0,0.0,0.0,0.3,1.43
10.1,192.8,6.19,49.8,217,190.0,190.0,190.0,500.0,500.0,0.0,0.0,0.0,0.3,1.43
10.1,192.8,6.19,49.8,218,190.0,190.0,190.0,500.0,500.0,0.0,0.0,0.0,0.3,1.44
10.0,192.9,6.19,49.6,219,190.0,190.0,190.0,500.0,500.0,0.0,0.0,0.0,0.3,1.45
10.0,192.9,6.19,49.6,220,190.0,190.0,190.0,500.0,500.0,0.0,0.0,0.0,0.3,1.46
10.2,193.0,6.19,49.6,221,190.0,190.0,190.0,500.0,500.0,0.0,0.0,0.0,0.3,1.47
10.4,193.0,6.19,49.6,222,190.0,190.0,190.0,500.0,500.0,0.0,0.0,0.0,0.3,1.48
10.8,193.1,6.19,49.8,223,190.0,190.0,190.0,500.0,500.0,0.0,0.0,0.0,0.3,1.49
11.0,193.1,6.19,50.0,224,190.0,190.0,190.0,500.0,500.0,0.0,0.0,0.0,0.3,1.49
11.0,193.2,6.19,50.0,225,190.0,190.0,190.0,500.0,500.0,0.0,0.0,0.0,0.3,1.50
10.8,193.2,6.19,50.0,226,190.0,190.0,190.0,500.0,500.0,0.0,0.0,0.0,0.3,1.51
10.7,193.3,6.19,50.0,227,190.0,190.0,190.0,500.0,500.0,0.0,0.0,0.0,0.3,1.52
10.4,193.4,6.19,50.0,228,190.0,190.0,190.0,500.0,500.0,0.0,0.0,0.0,0.3,1.53
10.3,193.4,6.19,49.8,229,190.0,190.0,190.0,500.0,500.0,0.0,0.0,0.0,0.3,1.54
10.2,193.4,6.19,49.8,230,190.0,190.0,190.0,500.0,500.0,0.0,0.0,0.0,0.3,1.55
10.3,193.5,6.19,49.8,231,190.0,190.0,190.0,500.0,500.0,0.0,0.0,0.0,0.3,1.56
10.4,193.5,6.19,49.6,232,190.0,190.0,190.0,500.0,500.0,0.0,0.0,0.0,0.3,1.56
10.8,193.6,6.19,49.6,233,190.0,190.0,190.0,500.0,500.0,0.0,0.0,0.0,0.3,1.57
10.7,193.7,6.19,49.8,234,190.0,190.0,190.0,500.0,500.0,0.0,0.0,0.0,0.3,1.58
10.5,193.7,6.19,49.8,235,190.0,190.0,190.0,500.0,500.0,0.0,0.0,0.0,0.3,1.59
10.4,193.7,6.19,49.8,236,190.0,190.0,190.0,500.0,500.0,0.0,0.0,0.0,0.3,1.60
10.2,193.8,6.19,50.0,237,190.0,190.0,190.0,500.0,500.0,0.0,0.0,0.0,0.3,1.61
10.1,193.9,6.19,50.0,238,190.0,190.0,190.0,500.0,500.0,0.0,0.0,0.0,0.3,1.62
10.1,193.9,6.19,50.0,239,190.0,190.0,190.0,500.0,500.0,0.0,0.0,0.0,0.3,1.62
10.4,193.9,6.19,50.0,240,190.0,190.0,190.0,500.0,500.0,0.0,0.0,0.0,0.3,1.63
10.4,194.0,6.19,50.0,241,190.0,190.0,190.0,500.0,500.0,0.0,0.0,0.0,0.3,1.64
10.5,194.0,6.19,50.0,242,190.0,190.0,190.0,500.0,500.0,0.0,0.0,0.0,0.3,1.65
10.6,194.0,6.19,49.8,243,190.0,190.0,190.0,500.0,500.0,0.0,0.0,0.0,0.3,1.66
10.4,194.1,6.19,49.8,244,190.0,190.0,190.0,500.0,500.0,0.0,0.0,0.0,0.3,1.67
10.3,194.1,6.19,49.8,245,190.0,190.0,190.0,500.0,500.0,0.0,0.0,0.0,0.3,1.68
10.2,194.1,6.19,49.8,246,190.0,190.0,190.0,500.0,500.0,0.0,0.0,0.0,0.3,1.69
10.0,194.1,6.19,49.8,247,190.0,190.0,190.0,500.0,500.0,0.0,0.0,0.0,0.3,1.69
9.9,194.2,6.19,49.8,248,190.0,190.0,190.0,500.0,500.0,0.0,0.0,0.0,0.3,1.70
10.1,194.2,6.19,49.8,249,190.0,190.0,190.0,500.0,500.0,0.0,0.0,0.0,0.3,1.71
10.2,194.3,6.19,49.8,250,190.0,190.0,190.0,500.0,500.0,0.0,0.0,0.0,0.3,1.72
10.2,194.3,6.19,49.6,251,190.0,190.0,190.0,500.0,500.0,0.0,0.0,0.0,0.3,1.73
10.4,194.4,6.19,49.6,252,190.0,190.0,190.0,500.0,500.0,0.0,0.0,0.0,0.3,1.74
10.4,194.4,6.19,49.6,253,190.0,190.0,190.0,500.0,500.0,0.0,0.0,0.0,0.3,1.74
10.2,194.5,6.19,49.6,254,190.0,190.0,190.0,500.0,500.0,0.0,0.0,0.0,0.3,1.75
10.2,194.5,6.19,49.6,255,190.0,190.0,190.0,500.0,500.0,0.0,0.0,0.0,0.3,1.76
10.2,194.5,6.19,49.6,256,190.0,190.0,190.0,500.0,500.0,0.0,0.0,0.0,0.3,1.77
10.1,194.6,6.19,49.6,257,190.0,190.0,190.0,500.0,500.0,0.0,0.0,0.0,0.3,1.78
10.1,194.6,6.19,49.8,258,190.0,190.0,190.0,500.0,500.0,0.0,0.0,0.0,0.3,1.79
10.4,194.6,6.19,49.8,259,190.0,190.0,190.0,500.0,500.0,0.0,0.0,0.0,0.3,1.79
10.6,194.6,6.19,49.8,260,190.0,190.0,190.0,500.0,500.0,0.0,0.0,0.0,0.3,1.80
10.6,194.7,6.19,50.0,261,190.0,190.0,190.0,500.0,500.0,0.0,0.0,0.0,0.3,1.81
10.3,194.7,6.19,49.8,262,190.0,190.0,190.0,500.0,500.0,0.0,0.0,0.0,0.3,1.82
10.4,194.8,6.19,49.8,263,190.0,190.0,190.1,500.0,500.0,0.0,0.0,0.0,0.3,1.83
10.5,194.8,6.19,49.8,264,190.0,190.0,190.1,500.0,500.0,0.0,0.0,0.0,0.3,1.84
10.5,194.9,6.19,49.6,265,190.0,190.0,190.1,500.0,500.0,0.0,0.0,0.0,0.3,1.85
10.6,194.9,6.19,49.6,266,190.0,190.0,190.1,500.0,500.0,0.0,0.0,0.0,0.3,1.86
10.9,195.0,6.19,49.6,267,190.0,190.0,190.1,500.0,500.0,0.0,0.0,0.0,0.3,1.86
11.0,195.0,6.19,49.6,268,190.0,190.0,190.1,500.0,500.0,0.0,0.0,0.0,0.3,1.87
11.0,195.0,6.19,49.6,269,190.0,190.0,190.1,500.0,500.0,0.0,0.0,0.0,0.3,1.88
10.9,195.1,6.19,49.8,270,190.0,190.0,190.1,500.0,500.0,0.0,0.0,0.0,0.3,1.89
10.7,195.2,6.19,49.6,271,190.0,190.0,190.1,500.0,500.0,0.0,0.0,0.0,0.3,1.90
10.6,195.3,6.19,49.8,272,190.0,190.0,190.1,500.0,500.0,0.0,0.0,0.0,0.3,1.91
10.5,195.3,6.19,49.8,273,190.0,190.0,190.3,500.0,500.0,0.0,0.0,0.0,0.3,1.92
10.4,195.3,6.19,49.8,274,190.1,190.0,190.3,500.0,500.0,0.0,0.0,0.0,0.3,1.93
10.5,195.4,6.19,49.6,275,190.1,190.0,190.3,500.0,500.0,0.0,0.0,0.0,0.3,1.94
10.5,195.4,6.19,49.8,276,190.1,190.0,190.3,500.0,500.0,0.0,0.0,0.0,0.3,1.94
10.3,195.4,6.19,49.8,277,190.1,190.0,190.3,500.0,500.0,0.0,0.0,0.0,0.3,1.95
10.2,195.5,6.19,49.8,278,190.1,190.0,190.3,500.0,500.0,0.0,0.0,0.0,0.3,1.96
10.2,195.5,6.19,49.8,279,190.1,190.0,190.3,500.0,500.0,0.0,0.0,0.0,0.3,1.97
10.2,195.5,6.19,50.0,280,190.1,190.0,190.3,500.0,500.0,0.0,0.0,0.0,0.3,1.98
10.5,195.6,6.19,49.8,281,190.1,190.0,190.3,500.0,500.0,0.0,0.0,0.0,0.3,1.99
10.6,195.6,6.19,49.8,282,190.1,190.0,190.3,500.0,500.0,0.0,0.0,0.0,0.3,2.00
10.6,195.6,6.19,49.8,283,190.1,190.0,190.3,500.0,500.0,0.0,0.0,0.0,0.3,2.00
10.7,195.7,6.19,49.8,284,190.1,190.0,190.3,500.0,500.0,0.0,0.0,0.0,0.3,2.01
10.5,195.7,6.19,49.8,285,190.1,190.0,190.3,500.0,500.0,0.0,0.0,0.0,0.3,2.02
10.3,195.7,6.19,49.8,286,190.1,190.0,190.3,500.0,500.0,0.0,0.0,0.0,0.3,2.03
10.3,195.8,6.19,49.8,287,190.1,190.0,190.3,500.0,500.0,0.0,0.0,0.0,0.3,2.04
10.3,195.8,6.19,49.8,288,190.1,190.0,190.3,500.0,500.0,0.0,0.0,0.0,0.3,2.05
10.3,195.8,6.19,49.8,289,190.1,190.0,190.3,500.0,500.0,0.0,0.0,0.0,0.3,2.06
10.7,195.8,6.19,49.6,290,190.1,190.0,190.3,500.0,500.0,0.0,0.0,0.0,0.3,2.07
11.0,195.9,6.19,49.8,291,190.1,190.0,190.3,500.0,500.0,0.0,0.0,0.0,0.3,2.07
11.0,195.9,6.19,49.8,292,190.1,190.0,190.3,500.0,500.0,0.0,0.0,0.0,0.3,2.08
10.8,195.9,6.19,49.8,293,190.1,190.0,190.3,500.0,500.0,0.0,0.0,0.0,0.3,2.09
10.7,196.0,6.19,49.6,294,190.1,190.0,190.3,500.0,500.0,0.0,0.0,0.0,0.3,2.10
10.5,196.0,6.19,49.6,295,190.1,190.0,190.3,500.0,500.0,0.0,0.0,0.0,0.3,2.11
10.5,196.0,6.19,49.6,296,190.1,190.0,190.3,500.0,500.0,0.0,0.0,0.0,0.3,2.12
10.6,196.1,6.19,49.6,297,190.0,190.0,190.3,500.0,500.0,0.0,0.0,0.0,0.3,2.13
10.6,196.1,6.19,49.6,298,190.0,190.0,190.3,500.0,500.0,0.0,0.0,0.0,0.3,2.14
10.5,196.1,6.19,49.8,299,190.0,190.0,190.3,500.0,500.0,0.0,0.0,0.0,0.3,2.15
10.5,196.1,6.19,49.8,300,190.0,190.0,190.3,500.0,500.0,0.0,0.0,0.0,0.3,2.15
10.6,196.2,6.19,49.8,301,190.0,190.0,190.3,500.0,500.0,0.0,0.0,0.0,0.3,2.16
10.3,196.2,6.19,49.8,302,190.0,190.0,190.3,500.0,500.0,0.0,0.0,0.0,0.3,2.17
10.5,196.2,6.19,49.8,303,190.0,190.0,190.3,500.0,500.0,0.0,0.0,0.0,0.3,2.18
10.6,196.3,6.19,49.8,304,190.0,190.0,190.3,500.0,500.0,0.0,0.0,0.0,0.3,2.19
10.6,196.3,6.19,49.8,305,190.0,190.0,190.3,500.0,500.0,0.0,0.0,0.0,0.3,2.20
10.5,196.3,6.19,49.8,306,190.0,190.0,190.3,500.0,500.0,0.0,0.0,0.0,0.3,2.21
10.7,196.3,6.19,49.8,307,190.0,190.0,190.3,500.0,500.0,0.0,0.0,0.0,0.3,2.22
10.5,196.4,6.19,49.6,308,190.0,190.0,190.3,500.0,500.0,0.0,0.0,0.0,0.3,2.22
10.5,196.4,6.19,49.6,309,190.0,190.0,190.3,500.0,500.0,0.0,0.0,0.0,0.3,2.23
10.4,196.4,6.19,49.8,310,190.0,190.0,190.3,500.0,500.0,0.0,0.0,0.0,0.3,2.24
10.4,196.4,6.19,49.8,311,190.0,190.0,190.3,500.0,500.0,0.0,0.0,0.0,0.3,2.25
10.4,196.4,6.19,49.8,312,190.0,190.0,190.2,500.0,500.0,0.0,0.0,0.0,0.3,2.26
10.7,196.5,6.19,50.0,313,190.0,190.0,190.2,500.0,500.0,0.0,0.0,0.0,0.3,2.27
10.8,196.5,6.19,49.8,314,190.0,190.0,190.2,500.0,500.0,0.0,0.0,0.0,0.3,2.28
11.0,196.5,6.19,49.8,315,190.0,190.0,190.2,500.0,500.0,0.0,0.0,0.0,0.3,2.29
10.9,196.5,6.19,49.8,316,190.0,190.0,190.2,500.0,500.0,0.0,0.0,0.0,0.3,2.29
10.8,196.5,6.19,49.8,317,190.0,190.0,190.2,500.0,500.0,0.0,0.0,0.0,0.3,2.30
10.7,196.6,6.19,49.6,318,190.0,190.0,190.2,500.0,500.0,0.0,0.0,0.0,0.3,2.31
10.5,196.6,6.19,49.6,319,190.0,190.0,190.2,500.0,500.0,0.0,0.0,0.0,0.3,2.32
10.5,196.6,6.19,49.6,320,190.0,190.0,190.2,500.0,500.0,0.0,0.0,0.0,0.3,2.33
10.7,196.7,6.19,49.6,321,190.0,190.0,190.2,500.0,500.0,0.0,0.0,0.0,0.3,2.34
10.9,196.7,6.19,49.6,322,190.0,190.0,190.2,500.0,500.0,0.0,0.0,0.0,0.3,2.35
11.2,196.7,6.19,49.8,323,190.0,190.0,190.2,500.0,500.0,0.0,0.0,0.0,0.3,2.36
11.2,196.7,6.19,49.8,324,190.0,190.0,190.2,500.0,500.0,0.0,0.0,0.0,0.3,2.37
11.0,196.7,6.19,49.8,325,190.0,190.0,190.2,500.0,500.0,0.0,0.0,0.0,0.3,2.37
10.8,196.7,6.19,49.8,326,190.0,190.0,190.2,500.0,500.0,0.0,0.0,0.0,0.3,2.38
10.7,196.8,6.19,49.6,327,190.0,190.0,190.2,500.0,500.0,0.0,0.0,0.0,0.3,2.39
10.6,196.8,6.19,49.6,328,190.0,190.0,190.2,500.0,500.0,0.0,0.0,0.0,0.3,2.40
10.6,196.8,6.19,49.8,329,190.0,190.0,190.2,500.0,500.0,0.0,0.0,0.0,0.3,2.41
10.6,196.8,6.19,49.8,330,190.0,190.0,190.2,500.0,500.0,0.0,0.0,0.0,0.3,2.42
10.7,196.9,6.19,49.8,331,190.0,190.0,190.2,500.0,500.0,0.0,0.0,0.0,0.3,2.43
10.8,196.9,6.19,50.0,332,190.0,190.0,190.2,500.0,500.0,0.0,0.0,0.0,0.3,2.44
10.7,196.9,6.19,49.8,333,190.0,190.0,190.2,500.0,500.0,0.0,0.0,0.0,0.3,2.45
10.8,197.0,6.19,49.8,334,190.0,190.0,190.2,500.0,500.0,0.0,0.0,0.0,0.3,2.45
10.9,197.0,6.19,49.8,335,190.0,190.0,190.2,500.0,500.0,0.0,0.0,0.0,0.3,2.46
10.9,197.0,6.19,49.8,336,190.0,190.0,190.2,500.0,500.0,0.0,0.0,0.0,0.3,2.47
10.8,197.0,6.19,49.8,337,190.0,190.0,190.2,500.0,500.0,0.0,0.0,0.0,0.3,2.48
10.7,197.0,6.19,49.8,338,190.0,190.0,190.2,500.0,500.0,0.0,0.0,0.0,0.3,2.49
10.8,197.0,6.19,49.8,339,190.0,190.0,190.2,500.0,500.0,0.0,0.0,0.0,0.3,2.50
10.7,197.1,6.19,49.8,340,190.0,190.0,190.2,500.0,500.0,0.0,0.0,0.0,0.3,2.51
10.6,197.1,6.19,49.8,341,190.0,190.0,190.2,500.0,500.0,0.0,0.0,0.0,0.3,2.52
10.5,197.1,6.19,49.8,342,190.0,190.0,190.2,500.0,500.0,0.0,0.0,0.0,0.3,2.53
10.5,197.1,6.19,49.8,343,190.0,190.0,190.2,500.0,500.0,0.0,0.0,0.0,0.3,2.53
10.6,197.2,6.19,49.8,344,190.0,190.0,190.2,500.0,500.0,0.0,0.0,0.0,0.3,2.54
10.7,197.2,6.19,49.8,345,190.0,190.0,190.2,500.0,500.0,0.0,0.0,0.0,0.3,2.55
10.7,197.3,6.19,49.8,346,190.0,190.0,190.2,500.0,500.0,0.0,0.0,0.0,0.3,2.56
10.9,197.3,6.19,49.8,347,190.0,190.0,190.2,500.0,500.0,0.0,0.0,0.0,0.3,2.57
10.8,197.3,6.19,49.8,348,190.0,190.0,190.2,500.0,500.0,0.0,0.0,0.0,0.3,2.58
10.7,197.3,6.19,49.8,349,190.0,190.0,190.3,500.0,500.0,0.0,0.0,0.0,0.3,2.59
10.7,197.3,6.19,49.8,350,190.0,190.0,190.3,500.0,500.0,0.0,0.0,0.0,0.3,2.60
10.7,197.4,6.19,49.6,351,190.0,190.0,190.3,500.0,500.0,0.0,0.0,0.0,0.3,2.61
10.5,197.4,6.19,49.4,352,190.0,190.0,190.3,500.0,500.0,0.0,0.0,0.0,0.3,2.61
10.6,197.4,6.19,49.6,353,190.0,190.0,190.4,500.0,500.0,0.0,0.0,0.0,0.3,2.62
10.9,197.5,6.19,49.6,354,190.0,190.0,190.4,500.0,500.0,0.0,0.0,0.0,0.3,2.63
11.1,197.5,6.19,49.6,355,190.0,190.0,190.4,500.0,500.0,0.0,0.0,0.0,0.3,2.64
11.2,197.5,6.19,49.8,356,190.0,190.0,190.4,500.0,500.0,0.0,0.0,0.0,0.3,2.65
11.1,197.5,6.19,49.8,357,190.0,190.0,190.4,500.0,500.0,0.0,0.0,0.0,0.3,2.66
11.0,197.5,6.19,49.8,358,190.0,190.0,190.4,500.0,500.0,0.0,0.0,0.0,0.3,2.67
10.8,197.5,6.19,49.8,359,190.0,190.0,190.4,500.0,500.0,0.0,0.0,0.0,0.3,2.68
10.6,197.6,6.19,49.8,360,190.0,190.0,190.4,500.0,500.0,0.0,0.0,0.0,0.3,2.69
10.3,197.6,6.19,49.8,361,190.0,190.0,190.4,500.0,500.0,0.0,0.0,0.0,0.3,2.70
10.4,197.6,6.19,49.8,362,190.0,190.0,190.4,500.0,500.0,0.0,0.0,0.0,0.3,2.70
10.5,197.6,6.19,49.8,363,190.0,190.0,190.4,500.0,500.0,0.0,0.0,0.0,0.3,2.71
10.7,197.6,6.19,49.8,364,190.0,190.0,190.5,500.0,500.0,0.0,0.0,0.0,0.3,2.72
10.9,197.6,6.19,49.8,365,190.0,190.0,190.5,500.0,500.0,0.0,0.0,0.0,0.3,2.73
10.9,197.6,6.19,49.8,366,190.0,190.0,190.5,500.0,500.0,0.0,0.0,0.0,0.3,2.74
10.9,197.7,6.19,50.0,367,190.0,190.0,190.5,500.0,500.0,0.0,0.0,0.0,0.3,2.75
10.8,197.7,6.19,50.0,368,190.0,190.0,190.5,500.0,500.0,0.0,0.0,0.0,0.3,2.76
10.7,197.7,6.19,50.0,369,190.0,190.0,190.5,500.0,500.0,0.0,0.0,0.0,0.3,2.77
10.5,197.7,6.19,49.8,370,190.0,190.0,190.5,500.0,500.0,0.0,0.0,0.0,0.3,2.78
10.7,197.7,6.19,49.6,371,190.0,190.0,190.5,500.0,500.0,0.0,0.0,0.0,0.3,2.78
10.8,197.7,6.19,49.6,372,190.0,190.0,190.5,500.0,500.0,0.0,0.0,0.0,0.3,2.79
10.7,197.8,6.19,49.6,373,190.0,190.0,190.5,500.0,500.0,0.0,0.0,0.0,0.3,2.80
10.6,197.8,6.19,49.6,374,190.0,190.0,190.6,500.0,500.0,0.0,0.0,0.0,0.3,2.81
10.6,197.8,6.19,49.8,375,190.0,190.0,190.6,500.0,500.0,0.0,0.0,0.0,0.3,2.82
10.4,197.8,6.19,49.8,376,190.0,190.0,190.6,500.0,500.0,0.0,0.0,0.0,0.3,2.83
10.3,197.8,6.19,49.8,377,190.0,190.0,190.6,500.0,500.0,0.0,0.0,0.0,0.3,2.84
10.4,197.9,6.19,49.8,378,190.0,190.0,190.6,500.0,500.0,0.0,0.0,0.0,0.3,2.85
10.6,197.9,6.19,49.8,379,190.0,190.0,190.6,500.0,500.0,0.0,0.0,0.0,0.3,2.85
10.7,198.0,6.19,49.8,380,190.0,190.0,190.6,500.0,500.0,0.0,0.0,0.0,0.3,2.86
10.9,198.0,6.19,49.8,381,190.0,190.0,190.6,500.0,500.0,0.0,0.0,0.0,0.3,2.87
10.9,198.0,6.19,49.8,382,190.0,190.0,190.6,500.0,500.0,0.0,0.0,0.0,0.3,2.88
11.0,198.0,6.19,49.8,383,190.0,190.0,190.7,500.0,500.0,0.0,0.0,0.0,0.3,2.89
10.8,198.0,6.19,49.8,384,190.0,190.0,190.7,500.0,500.0,0.0,0.0,0.0,0.3,2.90
11.0,198.1,6.19,49.8,385,190.0,190.0,190.7,500.0,500.0,0.0,0.0,0.0,0.3,2.91
11.0,198.1,6.19,50.0,386,190.0,190.0,190.7,500.0,500.0,0.0,0.0,0.0,0.3,2.92
11.2,198.1,6.19,50.0,387,190.0,190.0,190.7,500.0,500.0,0.0,0.0,0.0,0.3,2.93
11.1,198.1,6.19,50.0,388,190.0,190.0,190.7,500.0,500.0,0.0,0.0,0.0,0.3,2.94
11.2,198.1,6.19,49.8,389,190.0,190.0,190.8,500.0,500.0,0.0,0.0,0.0,0.3,2.95
11.2,198.2,6.19,49.8,390,190.0,190.0,190.8,500.0,500.0,0.0,0.0,0.0,0.3,2.95
11.2,198.2,6.19,49.8,391,190.0,190.0,190.8,500.0,500.0,0.0,0.0,0.0,0.3,2.96
11.1,198.2,6.19,49.8,392,190.0,190.0,190.8,500.0,500.0,0.0,0.0,0.0,0.3,2.97
10.9,198.2,6.19,49.8,393,190.0,190.0,190.8,500.0,500.0,0.0,0.0,0.0,0.3,2.98
10.8,198.2,6.19,49.8,394,190.0,190.0,190.8,500.0,500.0,0.0,0.0,0.0,0.3,2.99
10.8,198.2,6.19,49.6,395,190.0,190.0,190.8,500.0,500.0,0.0,0.0,0.0,0.3,3.00
10.7,198.2,6.19,49.6,396,190.0,190.0,190.8,500.0,500.0,0.0,0.0,0.0,0.3,3.01
10.7,198.2,6.19,49.6,397,190.0,190.0,190.8,500.0,500.0,0.0,0.0,0.0,0.3,3.02
10.8,198.2,6.19,49.6,398,190.0,190.0,190.8,500.0,500.0,0.0,0.0,0.0,0.3,3.03
10.7,198.2,6.19,49.8,399,190.0,190.0,190.8,500.0,500.0,0.0,0.0,0.0,0.3,3.04
10.7,198.2,6.19,49.8,400,190.0,190.0,190.7,500.0,500.0,0.0,0.0,0.0,0.3,3.04
10.6,198.3,6.19,49.8,401,190.0,190.0,190.7,500.0,500.0,0.0,0.0,0.0,0.3,3.05
10.7,198.3,6.19,49.8,402,190.0,190.0,190.7,500.0,500.0,0.0,0.0,0.0,0.3,3.06
10.7,198.3,6.19,49.8,403,190.0,190.0,190.7,500.0,500.0,0.0,0.0,0.0,0.3,3.07
10.9,198.3,6.19,49.8,404,190.0,190.0,190.7,500.0,500.0,0.0,0.0,0.0,0.3,3.08
10.8,198.3,6.19,49.8,405,190.0,190.0,190.7,500.0,500.0,0.0,0.0,0.0,0.3,3.09
10.9,198.3,6.19,49.8,406,190.0,190.0,190.7,500.0,500.0,0.0,0.0,0.0,0.3,3.10
10.7,198.3,6.19,49.8,407,190.0,190.0,190.7,500.0,500.0,0.0,0.0,0.0,0.3,3.11
10.7,198.3,6.19,49.6,408,190.0,190.0,190.7,500.0,500.0,0.0,0.0,0.0,0.3,3.12
10.7,198.3,6.19,49.6,409,190.0,190.0,190.6,500.0,500.0,0.0,0.0,0.0,0.3,3.12
10.6,198.4,6.19,49.8,410,190.0,190.0,190.6,500.0,500.0,0.0,0.0,0.0,0.3,3.13
10.6,198.4,6.19,49.8,411,190.0,190.0,190.6,500.0,500.0,0.0,0.0,0.0,0.3,3.14
10.8,198.4,6.19,49.8,412,190.0,190.0,190.6,500.0,500.0,0.0,0.0,0.0,0.3,3.15
11.0,198.4,6.19,50.0,413,190.0,190.0,190.6,500.0,500.0,0.0,0.0,0.0,0.3,3.16
11.1,198.4,6.19,49.8,414,190.0,190.0,190.6,500.0,500.0,0.0,0.0,0.0,0.3,3.17
11.1,198.4,6.19,49.8,415,190.0,190.0,190.5,500.0,500.0,0.0,0.0,0.0,0.3,3.18
11.0,198.4,6.19,49.8,416,190.0,190.0,190.5,500.0,500.0,0.0,0.0,0.0,0.3,3.19
10.9,198.4,6.19,49.8,417,190.0,190.0,190.5,500.0,500.0,0.0,0.0,0.0,0.3,3.20
10.8,198.4,6.19,49.8,418,190.0,190.0,190.5,500.0,500.0,0.0,0.0,0.0,0.3,3.21
10.6,198.4,6.19,49.8,419,190.0,190.0,190.5,500.0,500.0,0.0,0.0,0.0,0.3,3.21
10.6,198.4,6.19,49.8,420,190.0,190.0,190.5,500.0,500.0,0.0,0.0,0.0,0.3,3.22
10.9,198.4,6.19,49.8,421,190.0,190.0,190.4,500.0,500.0,0.0,0.0,0.0,0.3,3.23
11.0,198.4,6.19,49.8,422,190.0,190.0,190.4,500.0,500.0,0.0,0.0,0.0,0.3,3.24
11.2,198.5,6.19,49.8,423,190.0,190.0,190.4,500.0,500.0,0.0,0.0,0.0,0.3,3.25
11.3,198.5,6.19,49.8,424,190.0,190.0,190.3,500.0,500.0,0.0,0.0,0.0,0.3,3.26
11.3,198.5,6.19,49.8,425,190.0,190.0,190.3,500.0,500.0,0.0,0.0,0.0,0.3,3.27
11.1,198.5,6.19,49.8,426,190.0,190.0,190.3,500.0,500.0,0.0,0.0,0.0,0.3,3.28
11.0,198.5,6.19,49.6,427,190.0,190.0,190.3,500.0,500.0,0.0,0.0,0.0,0.3,3.29
10.8,198.5,6.19,49.6,428,190.0,190.0,190.3,500.0,500.0,0.0,0.0,0.0,0.3,3.30
10.9,198.5,6.19,49.8,429,190.0,190.0,190.3,500.0,500.0,0.0,0.0,0.0,0.3,3.31
10.8,198.5,6.19,49.8,430,190.0,190.0,190.3,500.0,500.0,0.0,0.0,0.0,0.3,3.32
10.9,198.5,6.19,49.8,431,190.0,190.0,190.3,500.0,500.0,0.0,0.0,0.0,0.3,3.32
10.8,198.5,6.19,50.0,432,190.0,190.0,190.2,500.0,500.0,0.0,0.0,0.0,0.3,3.33
10.8,198.5,6.19,49.8,433,190.0,190.0,190.2,500.0,500.0,0.0,0.0,0.0,0.3,3.34
10.8,198.5,6.19,49.8,434,190.0,190.0,190.2,500.0,500.0,0.0,0.0,0.0,0.3,3.35
10.7,198.5,6.19,49.8,435,190.0,190.0,190.2,500.0,500.0,0.0,0.0,0.0,0.3,3.36
10.8,198.5,6.19,49.8,436,190.0,190.0,190.2,500.0,500.0,0.0,0.0,0.0,0.3,3.37
10.8,198.5,6.19,49.8,437,190.0,190.0,190.1,500.0,500.0,0.0,0.0,0.0,0.3,3.38
10.8,198.5,6.19,49.8,438,190.0,190.0,190.1,500.0,500.0,0.0,0.0,0.0,0.3,3.39
10.8,198.5,6.19,49.8,439,190.0,190.0,190.1,500.0,500.0,0.0,0.0,0.0,0.3,3.40
10.9,198.5,6.19,49.8,440,190.0,190.0,190.1,500.0,500.0,0.0,0.0,0.0,0.3,3.41
10.8,198.6,6.19,49.8,441,190.0,190.0,190.1,500.0,500.0,0.0,0.0,0.0,0.3,3.41
10.8,198.6,6.19,49.8,442,190.0,190.0,190.1,500.0,500.0,0.0,0.0,0.0,0.3,3.42
10.8,198.6,6.19,50.0,443,190.0,190.0,190.1,500.0,500.0,0.0,0.0,0.0,0.3,3.43
10.8,198.6,6.19,50.0,444,190.0,190.0,190.1,500.0,500.0,0.0,0.0,0.0,0.3,3.44
11.0,198.6,6.19,50.0,445,190.0,190.0,190.1,500.0,500.0,0.0,0.0,0.0,0.3,3.45
11.1,198.6,6.19,50.0,446,190.0,190.0,190.0,500.0,500.0,0.0,0.0,0.0,0.3,3.46
11.2,198.6,6.19,49.8,447,190.0,190.0,190.0,500.0,500.0,0.0,0.0,0.0,0.3,3.47
11.2,198.6,6.19,49.8,448,190.0,190.0,190.0,500.0,500.0,0.0,0.0,0.0,0.3,3.48
11.2,198.6,6.19,49.8,449,190.0,190.0,190.0,500.0,500.0,0.0,0.0,0.0,0.3,3.49
11.0,198.6,6.19,49.8,450,190.0,190.0,190.0,500.0,500.0,0.0,0.0,0.0,0.3,3.50
10.9,198.6,6.19,49.8,451,190.0,190.0,190.0,500.0,500.0,0.0,0.0,0.0,0.3,3.51
10.9,198.6,6.19,49.8,452,190.0,190.0,190.0,500.0,500.0,0.0,0.0,0.0,0.3,3.51
11.0,198.6,6.19,49.8,453,190.0,190.0,190.0,500.0,500.0,0.0,0.0,0.0,0.3,3.52
11.0,198.7,6.19,49.8,454,190.0,190.0,190.0,500.0,500.0,0.0,0.0,0.0,0.3,3.53
11.2,198.7,6.19,49.8,455,190.0,190.0,190.0,500.0,500.0,0.0,0.0,0.0,0.3,3.54
11.3,198.7,6.19,49.8,456,190.0,190.0,190.0,500.0,500.0,0.0,0.0,0.0,0.3,3.55
11.1,198.7,6.19,49.8,457,190.0,190.0,190.1,500.0,500.0,0.0,0.0,0.0,0.3,3.56
11.1,198.7,6.19,49.8,458,190.0,190.0,190.1,500.0,500.0,0.0,0.0,0.0,0.3,3.57
10.9,198.7,6.19,49.8,459,190.0,190.0,190.1,500.0,500.0,0.0,0.0,0.0,0.3,3.58
10.9,198.7,6.19,49.8,460,190.0,190.0,190.1,500.0,500.0,0.0,0.0,0.0,0.3,3.59
10.8,198.7,6.19,49.8,461,190.0,190.0,190.1,500.0,500.0,0.0,0.0,0.0,0.3,3.60
10.9,198.7,6.19,49.8,462,190.0,190.0,190.1,500.0,500.0,0.0,0.0,0.0,0.3,3.61
10.9,198.7,6.19,49.8,463,190.0,190.0,190.1,500.0,500.0,0.0,0.0,0.0,0.3,3.62
10.8,198.8,6.19,49.8,464,190.0,190.0,190.1,500.0,500.0,0.0,0.0,0.0,0.3,3.62
10.7,198.8,6.19,49.8,465,190.0,190.0,190.1,500.0,500.0,0.0,0.0,0.0,0.3,3.63
10.7,198.8,6.19,49.8,466,190.0,190.0,190.1,500.0,500.0,0.0,0.0,0.0,0.3,3.64
10.7,198.8,6.19,49.8,467,190.0,190.0,190.2,500.0,500.0,0.0,0.0,0.0,0.3,3.65
10.7,198.8,6.19,49.8,468,190.0,190.0,190.2,500.0,500.0,0.0,0.0,0.0,0.3,3.66
10.9,198.8,6.19,49.8,469,190.0,190.0,190.2,500.0,500.0,0.0,0.0,0.0,0.3,3.67
10.9,198.8,6.19,49.8,470,190.0,190.0,190.2,500.0,500.0,0.0,0.0,0.0,0.3,3.68
11.0,198.8,6.19,49.6,471,190.0,190.0,190.2,500.0,500.0,0.0,0.0,0.0,0.3,3.69
11.1,198.8,6.19,49.8,472,190.0,190.0,190.2,500.0,500.0,0.0,0.0,0.0,0.3,3.70
11.0,198.8,6.19,49.8,473,190.0,190.0,190.2,500.0,500.0,0.0,0.0,0.0,0.3,3.71
10.8,198.8,6.19,49.8,474,190.0,190.0,190.2,500.0,500.0,0.0,0.0,0.0,0.3,3.71
10.8,198.8,6.19,49.8,475,190.0,190.0,190.2,500.0,500.0,0.0,0.0,0.0,0.3,3.72
10.9,198.8,6.19,50.0,476,190.0,190.0,190.2,500.0,500.0,0.0,0.0,0.0,0.3,3.73
11.0,198.9,6.19,49.8,477,190.0,190.0,190.2,500.0,500.0,0.0,0.0,0.0,0.3,3.74
11.1,198.9,6.19,49.8,478,190.0,190.0,190.2,500.0,500.0,0.0,0.0,0.0,0.3,3.75
11.2,198.9,6.19,49.8,479,190.0,190.0,190.3,500.0,500.0,0.0,0.0,0.0,0.3,3.76
11.2,198.9,6.19,49.8,480,190.0,190.0,190.3,500.0,500.0,0.0,0.0,0.0,0.3,3.77
11.2,198.9,6.19,49.8,481,190.0,190.0,190.3,500.0,500.0,0.0,0.0,0.0,0.3,3.78
11.0,198.9,6.19,50.0,482,190.0,190.0,190.3,500.0,500.0,0.0,0.0,0.0,0.3,3.79
10.9,198.9,6.19,50.0,483,190.0,190.0,190.3,500.0,500.0,0.0,0.0,0.0,0.3,3.80
11.0,198.9,6.19,50.0,484,190.0,190.0,190.3,500.0,500.0,0.0,0.0,0.0,0.3,3.81
11.0,198.9,6.19,50.0,485,190.0,190.0,190.3,500.0,500.0,0.0,0.0,0.0,0.3,3.81
11.1,198.9,6.19,49.8,486,190.0,190.0,190.3,500.0,500.0,0.0,0.0,0.0,0.3,3.82
11.1,198.9,6.19,49.8,487,190.0,190.0,190.3,500.0,500.0,0.0,0.0,0.0,0.3,3.83
11.0,199.0,6.19,49.8,488,190.0,190.0,190.4,500.0,500.0,0.0,0.0,0.0,0.3,3.84
10.9,199.0,6.19,49.8,489,190.0,190.0,190.5,500.0,500.0,0.0,0.0,0.0,0.3,3.85
10.9,199.0,6.19,49.6,490,190.0,190.0,190.5,500.0,500.0,0.0,0.0,0.0,0.3,3.86
10.7,199.0,6.19,49.8,491,190.0,190.0,190.5,500.0,500.0,0.0,0.0,0.0,0.3,3.87
10.7,199.0,6.19,49.8,492,190.0,190.0,190.5,500.0,500.0,0.0,0.0,0.0,0.3,3.88
10.9,199.0,6.19,49.8,493,190.0,190.0,190.5,500.0,500.0,0.0,0.0,0.0,0.3,3.89
11.0,199.1,6.19,49.8,494,190.0,190.0,190.5,500.0,500.0,0.0,0.0,0.0,0.3,3.90
10.9,199.1,6.19,50.0,495,190.0,190.0,190.5,500.0,500.0,0.0,0.0,0.0,0.3,3.91
10.8,199.1,6.19,49.8,496,190.0,190.0,190.5,500.0,500.0,0.0,0.0,0.0,0.3,3.91
10.9,199.1,6.19,49.8,497,190.0,190.0,190.5,500.0,500.0,0.0,0.0,0.0,0.3,3.92
10.7,199.1,6.19,49.8,498,190.0,190.0,190.5,500.0,500.0,0.0,0.0,0.0,0.3,3.93
10.7,199.1,6.19,49.8,499,190.0,190.0,190.5,500.0,500.0,0.0,0.0,0.0,0.3,3.94
10.7,199.1,6.19,49.8,500,190.0,190.0,190.5,500.0,500.0,0.0,0.0,0.0,0.3,3.95
10.9,199.1,6.19,49.8,501,190.0,190.0,190.5,500.0,500.0,0.0,0.0,0.0,0.3,3.96
10.9,199.1,6.19,49.8,502,190.0,190.0,190.5,500.0,500.0,0.0,0.0,0.0,0.3,3.97
11.2,199.1,6.19,49.8,503,190.0,190.0,190.5,500.0,500.0,0.0,0.0,0.0,0.3,3.98
11.3,199.1,6.19,49.6,504,190.0,190.0,190.5,500.0,500.0,0.0,0.0,0.0,0.3,3.99
11.2,199.1,6.19,49.6,505,190.0,190.0,190.5,500.0,500.0,0.0,0.0,0.0,0.3,4.00
11.1,199.1,6.19,49.8,506,190.0,190.0,190.5,500.0,500.0,0.0,0.0,0.0,0.3,4.01
11.0,199.1,6.19,49.8,507,190.0,190.0,190.5,500.0,500.0,0.0,0.0,0.0,0.3,4.01
11.0,199.1,6.19,49.8,508,190.0,190.0,190.5,500.0,500.0,0.0,0.0,0.0,0.3,4.02
10.9,199.1,6.19,49.8,509,190.0,190.0,190.5,500.0,500.0,0.0,0.0,0.0,0.3,4.03
10.9,199.1,6.19,49.8,510,190.0,190.0,190.5,500.0,500.0,0.0,0.0,0.0,0.3,4.04
10.9,199.1,6.19,49.8,511,190.0,190.0,190.5,500.0,500.0,0.0,0.0,0.0,0.3,4.05
11.0,199.1,6.19,49.8,512,190.0,190.0,190.5,500.0,500.0,0.0,0.0,0.0,0.3,4.06
10.9,199.1,6.19,49.8,513,190.0,190.0,190.5,500.0,500.0,0.0,0.0,0.0,0.3,4.07
10.9,199.2,6.19,49.8,514,190.0,190.0,190.5,500.0,500.0,0.0,0.0,0.0,0.3,4.08
10.9,199.2,6.19,49.8,515,190.0,190.0,190.5,500.0,500.0,0.0,0.0,0.0,0.3,4.09
11.0,199.2,6.19,49.8,516,190.0,190.0,190.5,500.0,500.0,0.0,0.0,0.0,0.3,4.10
11.0,199.2,6.19,49.8,517,190.0,190.0,190.4,500.0,500.0,0.0,0.0,0.0,0.3,4.11
11.1,199.2,6.19,49.8,518,190.0,190.0,190.4,500.0,500.0,0.0,0.0,0.0,0.3,4.11
10.9,199.2,6.19,49.8,519,190.0,190.0,190.4,500.0,500.0,0.0,0.0,0.0,0.3,4.12
10.8,199.2,6.19,49.8,520,190.0,190.0,190.4,500.0,500.0,0.0,0.0,0.0,0.3,4.13
10.7,199.2,6.19,49.8,521,190.0,190.0,190.4,500.0,500.0,0.0,0.0,0.0,0.3,4.14
10.7,199.1,6.19,49.8,522,190.0,190.0,190.4,500.0,500.0,0.0,0.0,0.0,0.3,4.15
10.6,199.1,6.19,49.6,523,190.0,190.0,190.4,500.0,500.0,0.0,0.0,0.0,0.3,4.16
10.8,199.2,6.19,49.8,524,190.0,190.0,190.4,500.0,500.0,0.0,0.0,0.0,0.3,4.17
11.1,199.2,6.19,49.8,525,190.0,190.0,190.4,500.0,500.0,0.0,0.0,0.0,0.3,4.18
11.3,199.2,6.19,49.8,526,190.0,190.0,190.4,500.0,500.0,0.0,0.0,0.0,0.3,4.19
11.2,199.2,6.19,49.8,527,190.0,190.0,190.4,500.0,500.0,0.0,0.0,0.0,0.3,4.20
11.0,199.2,6.19,49.8,528,190.0,190.0,190.4,500.0,500.0,0.0,0.0,0.0,0.3,4.20
11.0,199.2,6.19,49.8,529,190.0,190.0,190.4,500.0,500.0,0.0,0.0,0.0,0.3,4.21
10.9,199.2,6.19,49.8,530,190.0,190.0,190.4,500.0,500.0,0.0,0.0,0.0,0.3,4.22
10.7,199.2,6.19,49.8,531,190.0,190.0,190.4,500.0,500.0,0.0,0.0,0.0,0.3,4.23
10.9,199.2,6.19,49.8,532,190.0,190.0,190.4,500.0,500.0,0.0,0.0,0.0,0.3,4.24
11.0,199.2,6.19,49.8,533,190.0,190.0,190.3,500.0,500.0,0.0,0.0,0.0,0.3,4.25
11.1,199.2,6.19,49.8,534,190.0,190.0,190.3,500.0,500.0,0.0,0.0,0.0,0.3,4.26
11.2,199.2,6.19,49.8,535,190.0,190.0,190.3,500.0,500.0,0.0,0.0,0.0,0.3,4.27
11.2,199.2,6.19,49.8,536,190.0,190.0,190.3,500.0,500.0,0.0,0.0,0.0,0.3,4.28
11.1,199.2,6.19,49.8,537,190.0,190.0,190.3,500.0,500.0,0.0,0.0,0.0,0.3,4.29
11.0,199.2,6.19,50.0,538,190.0,190.0,190.3,500.0,500.0,0.0,0.0,0.0,0.3,4.30
10.9,199.2,6.19,49.8,539,190.0,190.0,190.3,500.0,500.0,0.0,0.0,0.0,0.3,4.31
10.8,199.2,6.19,49.8,540,190.0,190.0,190.3,500.0,500.0,0.0,0.0,0.0,0.3,4.31
10.8,199.2,6.19,49.8,541,190.0,190.0,190.3,500.0,500.0,0.0,0.0,0.0,0.3,4.32
10.7,199.2,6.19,49.6,542,190.0,190.0,190.3,500.0,500.0,0.0,0.0,0.0,0.3,4.33
10.7,199.2,6.19,49.6,543,190.0,190.0,190.3,500.0,500.0,0.0,0.0,0.0,0.3,4.34
10.8,199.2,6.19,49.6,544,190.0,190.0,190.3,500.0,500.0,0.0,0.0,0.0,0.3,4.35
10.9,199.2,6.19,49.6,545,190.0,190.0,190.3,500.0,500.0,0.0,0.0,0.0,0.3,4.36
11.0,199.2,6.19,49.6,546,190.0,190.0,190.3,500.0,500.0,0.0,0.0,0.0,0.3,4.37
11.0,199.2,6.19,49.6,547,190.0,190.0,190.3,500.0,500.0,0.0,0.0,0.0,0.3,4.38
11.1,199.2,6.19,49.6,548,190.0,190.0,190.3,500.0,500.0,0.0,0.0,0.0,0.3,4.39
11.0,199.2,6.19,49.8,549,190.0,190.0,190.3,500.0,500.0,0.0,0.0,0.0,0.3,4.40
10.9,199.2,6.19,49.8,550,190.0,190.0,190.3,500.0,500.0,0.0,0.0,0.0,0.3,4.40
10.9,199.2,6.19,49.8,551,190.0,190.0,190.3,500.0,500.0,0.0,0.0,0.0,0.3,4.41
10.8,199.2,6.19,50.0,552,190.0,190.0,190.3,500.0,500.0,0.0,0.0,0.0,0.3,4.42
10.8,199.2,6.19,49.8,553,190.0,190.0,190.3,500.0,500.0,0.0,0.0,0.0,0.3,4.43
10.7,199.2,6.19,49.8,554,190.0,190.0,190.3,500.0,500.0,0.0,0.0,0.0,0.3,4.44
10.8,199.2,6.19,49.8,555,190.0,190.0,190.4,500.0,500.0,0.0,0.0,0.0,0.3,4.45
10.9,199.2,6.19,49.8,556,190.0,190.0,190.4,500.0,500.0,0.0,0.0,0.0,0.3,4.46
11.1,199.2,6.19,49.6,557,190.0,190.0,190.4,500.0,500.0,0.0,0.0,0.0,0.3,4.47
11.2,199.2,6.19,49.8,558,190.0,190.0,190.4,500.0,500.0,0.0,0.0,0.0,0.3,4.48
11.2,199.2,6.19,49.8,559,190.0,190.0,190.4,500.0,500.0,0.0,0.0,0.0,0.3,4.49
11.2,199.2,6.19,49.8,560,190.0,190.0,190.4,500.0,500.0,0.0,0.0,0.0,0.3,4.50
11.0,199.2,6.19,49.8,561,190.0,190.0,190.4,500.0,500.0,0.0,0.0,0.0,0.3,4.50
10.9,199.2,6.19,50.0,562,190.0,190.0,190.4,500.0,500.0,0.0,0.0,0.0,0.3,4.51
10.9,199.2,6.19,50.0,563,190.0,190.0,190.4,500.0,500.0,0.0,0.0,0.0,0.3,4.52
10.9,199.2,6.19,50.0,564,190.0,190.0,190.4,500.0,500.0,0.0,0.0,0.0,0.3,4.53
10.9,199.2,6.19,50.0,565,190.0,190.0,190.5,500.0,500.0,0.0,0.0,0.0,0.3,4.54
11.0,199.3,6.19,49.8,566,190.0,190.0,190.5,500.0,500.0,0.0,0.0,0.0,0.3,4.55
11.2,199.3,6.19,49.8,567,190.0,190.0,190.5,500.0,500.0,0.0,0.0,0.0,0.3,4.56
11.3,199.3,6.19,49.8,568,190.0,190.0,190.5,500.0,500.0,0.0,0.0,0.0,0.3,4.57
11.2,199.3,6.19,49.8,569,190.0,190.0,190.5,500.0,500.0,0.0,0.0,0.0,0.3,4.58
11.1,199.4,6.19,49.8,570,190.0,190.0,190.5,500.0,500.0,0.0,0.0,0.0,0.3,4.59
11.0,199.4,6.19,50.0,571,190.0,190.0,190.6,500.0,500.0,0.0,0.0,0.0,0.3,4.60
10.9,199.4,6.19,49.8,572,190.0,190.0,190.6,500.0,500.0,0.0,0.0,0.0,0.3,4.61
10.7,199.4,6.19,49.8,573,190.0,190.0,190.6,500.0,500.0,0.0,0.0,0.0,0.3,4.61
10.7,199.4,6.19,49.8,574,190.0,190.0,190.7,500.0,500.0,0.0,0.0,0.0,0.3,4.62
10.7,199.4,6.19,49.8,575,190.0,190.0,190.7,500.0,500.0,0.0,0.0,0.0,0.3,4.63
10.9,199.4,6.19,49.8,576,190.0,190.0,190.7,500.0,500.0,0.0,0.0,0.0,0.3,4.64
11.0,199.4,6.19,49.8,577,190.0,190.0,190.7,500.0,500.0,0.0,0.0,0.0,0.3,4.65
11.1,199.4,6.19,49.8,578,190.0,190.0,190.7,500.0,500.0,0.0,0.0,0.0,0.3,4.66
11.1,199.4,6.19,49.8,579,190.0,190.0,190.7,500.0,500.0,0.0,0.0,0.0,0.3,4.67
11.2,199.4,6.19,49.8,580,190.0,190.0,190.7,500.0,500.0,0.0,0.0,0.0,0.3,4.68
11.1,199.4,6.19,49.8,581,190.0,190.0,190.7,500.0,500.0,0.0,0.0,0.0,0.3,4.69
11.0,199.4,6.19,49.8,582,190.0,190.0,190.7,500.0,500.0,0.0,0.0,0.0,0.3,4.70
10.9,199.4,6.19,49.8,583,190.0,190.0,190.7,500.0,500.0,0.0,0.0,0.0,0.3,4.71
10.9,199.4,6.19,49.8,584,190.0,190.0,190.7,500.0,500.0,0.0,0.0,0.0,0.3,4.71
10.8,199.4,6.19,49.6,585,190.0,190.0,190.8,500.0,500.0,0.0,0.0,0.0,0.3,4.72
10.7,199.4,6.19,49.6,586,190.0,190.0,190.8,500.0,500.0,0.0,0.0,0.0,0.3,4.73
10.8,199.4,6.19,49.8,587,190.0,190.0,190.8,500.0,500.0,0.0,0.0,0.0,0.3,4.74
11.1,199.4,6.19,49.8,588,190.0,190.0,190.8,500.0,500.0,0.0,0.0,0.0,0.3,4.75
11.3,199.4,6.19,49.8,589,190.0,190.0,190.8,500.0,500.0,0.0,0.0,0.0,0.3,4.76
11.4,199.4,6.19,49.8,590,190.0,190.0,190.8,500.0,500.0,0.0,0.0,0.0,0.3,4.77
11.5,199.4,6.19,49.8,591,190.0,190.0,190.8,500.0,500.0,0.0,0.0,0.0,0.3,4.78
11.4,199.4,6.19,49.8,592,190.0,190.0,190.8,500.0,500.0,0.0,0.0,0.0,0.3,4.79
11.3,199.4,6.19,49.8,593,190.0,190.0,190.8,500.0,500.0,0.0,0.0,0.0,0.3,4.80
11.1,199.4,6.19,49.8,594,190.0,190.0,190.8,500.0,500.0,0.0,0.0,0.0,0.3,4.81
11.0,199.4,6.19,50.0,595,190.0,190.0,190.8,500.0,500.0,0.0,0.0,0.0,0.3,4.82
10.9,199.4,6.19,49.8,596,190.0,190.0,190.8,500.0,500.0,0.0,0.0,0.0,0.3,4.83
11.0,199.5,6.19,49.8,597,190.0,190.0,190.8,500.0,500.0,0.0,0.0,0.0,0.3,4.83
11.1,199.5,6.19,49.8,598,190.0,190.0,190.7,500.0,500.0,0.0,0.0,0.0,0.3,4.84
11.2,199.4,6.19,49.8,599,190.0,190.0,190.7,500.0,500.0,0.0,0.0,0.0,0.3,4.85
