扭矩,料温,压力,转速,时间,温度1,温度2,温度3,温度4,温度5,温度6,温度7,温度8,顶栓,能量
1.6,188.9,6.19,1.4,0,190.0,190.0,190.0,500.0,500.0,0.0,0.0,0.0,0.2,0.00
1.5,188.9,6.19,8.4,1,190.0,190.0,190.0,500.0,500.0,0.0,0.0,0.0,0.2,0.00
1.5,188.9,6.19,18.2,2,190.0,190.0,190.0,500.0,500.0,0.0,0.0,0.0,0.3,0.00
1.4,188.9,6.19,28.2,3,190.0,190.0,190.0,500.0,500.0,0.0,0.0,0.0,0.3,0.00
1.4,188.7,6.19,38.2,4,190.0,190.0,190.0,500.0,500.0,0.0,0.0,0.0,0.3,0.00
1.3,188.3,6.19,46.8,5,190.0,190.0,190.0,500.0,500.0,0.0,0.0,0.0,0.3,0.00
1.3,187.7,6.19,49.8,6,190.0,190.0,190.0,500.0,500.0,0.0,0.0,0.0,0.3,0.00
1.3,187.0,6.19,49.8,7,190.0,190.0,190.0,500.0,500.0,0.0,0.0,0.0,0.3,0.01
1.3,186.5,6.19,49.6,8,190.0,190.0,190.0,500.0,500.0,0.0,0.0,0.0,0.3,0.01
1.3,186.0,6.19,49.4,9,190.0,190.0,190.0,500.0,500.0,0.0,0.0,0.0,0.3,0.01
1.2,185.5,6.19,49.4,10,190.0,190.0,190.0,500.0,500.0,0.0,0.0,0.0,0.3,0.01
1.1,185.2,6.19,49.4,11,190.0,190.0,190.0,500.0,500.0,0.0,0.0,0.0,0.3,0.01
1.0,184.8,6.19,49.4,12,190.0,190.0,190.0,500.0,500.0,0.0,0.0,0.0,0.3,0.01
0.9,184.5,6.19,49.6,13,190.0,190.0,190.0,500.0,500.0,0.0,0.0,0.0,0.3,0.01
0.7,184.1,6.19,49.8,14,190.0,190.0,190.0,500.0,500.0,0.0,0.0,0.0,0.3,0.01
0.6,183.7,6.19,49.8,15,190.0,190.0,190.0,500.0,500.0,0.0,0.0,0.0,0.3,0.01
0.5,183.3,6.19,49.8,16,190.0,190.0,190.0,500.0,500.0,0.0,0.0,0.0,0.3,0.01
0.4,182.8,6.19,50.0,17,190.0,190.0,190.0,500.0,500.0,0.0,0.0,0.0,0.3,0.01
0.3,182.3,6.19,49.8,18,190.0,190.0,190.0,500.0,500.0,0.0,0.0,0.0,0.3,0.01
0.3,181.8,6.19,49.8,19,190.0,190.0,190.0,500.0,500.0,0.0,0.0,0.0,0.3,0.01
0.4,181.2,6.19,49.6,20,190.0,190.0,190.0,500.0,500.0,0.0,0.0,0.0,0.3,0.01
0.5,180.7,6.19,49.6,21,190.0,190.1,190.0,500.0,500.0,0.0,0.0,0.0,0.3,0.01
0.6,180.1,6.19,49.6,22,190.0,190.1,190.0,500.0,500.0,0.0,0.0,0.0,0.3,0.01
0.8,179.5,6.19,49.8,23,190.0,190.2,190.0,500.0,500.0,0.0,0.0,0.0,0.3,0.02
0.8,178.7,6.19,49.8,24,190.0,190.4,190.0,500.0,500.0,0.0,0.0,0.0,0.3,0.02
0.7,177.9,6.19,50.0,25,190.0,190.4,190.0,500.0,500.0,0.0,0.0,0.0,0.3,0.02
0.6,177.2,6.19,50.0,26,190.0,190.4,190.0,500.0,500.0,0.0,0.0,0.0,0.3,0.02
0.4,176.7,6.19,50.0,27,190.0,190.4,190.0,500.0,500.0,0.0,0.0,0.0,0.3,0.02
0.2,176.3,6.19,50.0,28,190.0,190.4,190.0,500.0,500.0,0.0,0.0,0.0,0.3,0.02
0.2,176.1,6.19,50.0,29,190.0,190.4,190.0,500.0,500.0,0.0,0.0,0.0,0.3,0.02
0.4,175.9,6.19,50.0,30,190.0,190.4,190.0,500.0,500.0,0.0,0.0,0.0,0.3,0.02
0.5,175.9,6.19,50.0,31,190.0,190.4,190.0,500.0,500.0,0.0,0.0,0.0,0.3,0.02
0.7,175.9,6.19,49.8,32,189.9,190.4,190.0,500.0,500.0,0.0,0.0,0.0,0.3,0.02
0.9,176.0,6.19,49.8,33,189.9,190.4,190.0,500.0,500.0,0.0,0.0,0.0,0.3,0.02
0.9,176.2,6.19,49.8,34,189.9,190.4,190.0,500.0,500.0,0.0,0.0,0.0,0.3,0.02
0.8,176.4,6.19,49.8,35,189.9,190.4,190.0,500.0,500.0,0.0,0.0,0.0,0.3,0.02
0.9,176.6,6.19,49.8,36,189.8,190.3,190.0,500.0,500.0,0.0,0.0,0.0,0.3,0.02
0.9,176.6,6.19,50.0,37,189.8,190.1,190.0,500.0,500.0,0.0,0.0,0.0,0.3,0.02
0.9,176.7,6.19,49.8,38,189.8,190.1,190.0,500.0,500.0,0.0,0.0,0.0,0.3,0.02
0.9,176.9,6.19,50.0,39,189.8,190.1,190.0,500.0,500.0,0.0,0.0,0.0,0.3,0.02
1.0,177.1,6.19,50.0,40,189.8,190.1,190.0,500.0,500.0,0.0,0.0,0.0,0.3,0.02
1.0,177.2,6.19,50.0,41,189.8,190.1,190.0,500.0,500.0,0.0,0.0,0.0,0.3,0.03
0.9,177.3,6.19,50.0,42,189.8,190.0,190.0,500.0,500.0,0.0,0.0,0.0,0.3,0.03
0.9,177.3,6.19,50.0,43,189.8,190.0,190.0,500.0,500.0,0.0,0.0,0.0,0.3,0.03
0.8,177.3,6.19,49.8,44,189.8,190.0,190.0,500.0,500.0,0.0,0.0,0.0,0.3,0.03
0.7,177.3,6.19,49.8,45,189.8,190.0,190.0,500.0,500.0,0.0,0.0,0.0,0.3,0.03
0.6,177.3,6.19,49.8,46,189.8,190.0,190.0,500.0,500.0,0.0,0.0,0.0,0.3,0.03
0.5,177.2,6.19,49.8,47,189.7,190.0,190.0,500.0,500.0,0.0,0.0,0.0,0.3,0.03
0.4,177.2,6.19,50.0,48,189.7,190.0,190.0,500.0,500.0,0.0,0.0,0.0,0.3,0.03
0.3,177.2,6.19,50.0,49,189.7,190.0,190.0,500.0,500.0,0.0,0.0,0.0,0.3,0.03
0.5,177.0,6.19,50.0,50,189.7,190.0,190.0,500.0,500.0,0.0,0.0,0.0,0.3,0.03
0.6,176.8,6.19,49.8,51,189.7,190.0,190.0,500.0,500.0,0.0,0.0,0.0,0.3,0.03
0.9,176.5,6.19,49.8,52,189.8,190.0,190.0,500.0,500.0,0.0,0.0,0.0,0.3,0.03
1.3,176.3,6.19,49.8,53,189.8,190.0,190.0,500.0,500.0,0.0,0.0,0.0,0.3,0.03
1.9,176.0,6.19,49.8,54,189.8,190.0,190.0,500.0,500.0,0.0,0.0,0.0,0.3,0.03
2.3,175.8,6.18,49.6,55,189.8,190.0,190.0,500.0,500.0,0.0,0.0,0.0,0.3,0.04
2.7,175.6,6.18,49.8,56,189.8,190.0,190.0,500.0,500.0,0.0,0.0,0.0,0.3,0.04
3.3,175.5,6.18,49.8,57,189.8,190.0,190.0,500.0,500.0,0.0,0.0,0.0,0.3,0.04
3.6,175.4,6.18,49.8,58,189.8,190.0,190.0,500.0,500.0,0.0,0.0,0.0,0.3,0.04
4.1,175.2,6.18,49.8,59,189.8,190.0,190.0,500.0,500.0,0.0,0.0,0.0,0.3,0.05
4.3,175.0,6.19,49.8,60,189.8,190.0,190.0,500.0,500.0,0.0,0.0,0.0,0.3,0.05
4.6,174.8,6.19,49.8,61,189.8,190.0,190.0,500.0,500.0,0.0,0.0,0.0,0.3,0.06
4.6,174.7,6.19,49.8,62,189.8,190.0,190.0,500.0,500.0,0.0,0.0,0.0,0.3,0.06
4.7,174.5,6.19,49.8,63,189.8,190.0,190.0,500.0,500.0,0.0,0.0,0.0,0.3,0.06
4.6,174.5,6.19,49.6,64,189.8,190.0,190.0,500.0,500.0,0.0,0.0,0.0,0.3,0.07
4.7,174.6,6.19,49.8,65,189.9,190.0,190.0,500.0,500.0,0.0,0.0,0.0,0.3,0.07
4.7,174.8,6.19,49.8,66,189.9,190.1,190.0,500.0,500.0,0.0,0.0,0.0,0.3,0.07
4.7,175.0,6.19,49.8,67,189.9,190.1,190.0,500.0,500.0,0.0,0.0,0.0,0.3,0.08
4.7,175.0,6.19,49.8,68,189.9,190.1,190.0,500.0,500.0,0.0,0.0,0.0,0.3,0.08
4.6,175.0,6.19,49.8,69,189.9,190.1,190.0,500.0,500.0,0.0,0.0,0.0,0.3,0.09
4.9,174.9,6.19,49.8,70,189.9,190.1,190.0,500.0,500.0,0.0,0.0,0.0,0.3,0.09
5.1,174.9,6.19,49.8,71,189.9,190.2,190.0,500.0,500.0,0.0,0.0,0.0,0.3,0.09
5.4,174.9,6.19,49.8,72,189.9,190.3,190.0,500.0,500.0,0.0,0.0,0.0,0.3,0.10
5.8,175.0,6.19,49.8,73,189.9,190.3,190.0,500.0,500.0,0.0,0.0,0.0,0.3,0.10
6.4,175.1,6.19,49.8,74,189.9,190.3,190.0,500.0,500.0,0.0,0.0,0.0,0.3,0.11
7.5,175.2,6.19,49.8,75,189.9,190.3,190.0,500.0,500.0,0.0,0.0,0.0,0.3,0.12
9.4,175.2,6.19,49.8,76,190.0,190.3,190.0,500.0,500.0,0.0,0.0,0.0,0.3,0.12
11.5,174.0,6.19,49.6,77,190.0,190.3,190.0,500.0,500.0,0.0,0.0,0.0,0.3,0.13
13.2,171.9,6.19,49.6,78,190.0,190.3,190.0,500.0,500.0,0.0,0.0,0.0,0.3,0.14
14.6,169.2,6.19,49.8,79,190.0,190.3,190.0,500.0,500.0,0.0,0.0,0.0,0.3,0.16
14.8,167.5,6.19,49.8,80,190.0,190.2,190.0,500.0,500.0,0.0,0.0,0.0,0.3,0.17
14.5,166.5,6.19,49.8,81,190.0,190.1,190.0,500.0,500.0,0.0,0.0,0.0,0.3,0.18
14.3,166.4,6.19,49.8,82,190.0,190.1,190.0,500.0,500.0,0.0,0.0,0.0,0.3,0.19
14.2,166.7,6.19,49.6,83,190.0,190.1,190.0,500.0,500.0,0.0,0.0,0.0,0.3,0.20
13.8,167.4,6.19,49.6,84,190.0,190.0,190.0,500.0,500.0,0.0,0.0,0.0,0.3,0.21
13.8,168.1,6.19,49.6,85,190.0,190.0,190.0,500.0,500.0,0.0,0.0,0.0,0.3,0.23
13.3,168.8,6.19,49.6,86,190.0,190.0,190.0,500.0,500.0,0.0,0.0,0.0,0.3,0.24
12.6,169.4,6.19,49.6,87,190.0,190.0,190.0,500.0,500.0,0.0,0.0,0.0,0.3,0.25
11.9,170.0,6.19,49.8,88,190.0,190.0,190.0,500.0,500.0,0.0,0.0,0.0,0.3,0.26
11.6,170.7,6.19,49.8,89,190.0,190.0,190.0,500.0,500.0,0.0,0.0,0.0,0.3,0.27
11.0,171.4,6.19,49.8,90,190.0,190.0,190.0,500.0,500.0,0.0,0.0,0.0,0.3,0.28
10.5,172.1,6.19,49.8,91,190.0,190.0,190.0,500.0,500.0,0.0,0.0,0.0,0.3,0.28
10.6,172.8,6.19,49.8,92,190.0,190.0,190.0,500.0,500.0,0.0,0.0,0.0,0.3,0.29
10.7,173.3,6.19,49.8,93,190.0,190.0,190.0,500.0,500.0,0.0,0.0,0.0,0.3,0.30
10.7,173.7,6.19,49.8,94,190.0,190.0,190.0,500.0,500.0,0.0,0.0,0.0,0.3,0.31
10.7,174.1,6.19,49.8,95,190.0,190.0,190.0,500.0,500.0,0.0,0.0,0.0,0.3,0.32
10.5,174.5,6.19,49.6,96,190.0,190.0,190.0,500.0,500.0,0.0,0.0,0.0,0.3,0.33
10.3,175.0,6.19,49.8,97,190.0,190.0,190.0,500.0,500.0,0.0,0.0,0.0,0.3,0.34
10.2,175.6,6.19,49.8,98,190.0,190.0,190.0,500.0,500.0,0.0,0.0,0.0,0.3,0.35
10.1,176.1,6.19,49.8,99,190.0,190.0,190.0,500.0,500.0,0.0,0.0,0.0,0.3,0.35
10.1,176.6,6.19,49.8,100,190.0,190.0,190.0,500.0,500.0,0.0,0.0,0.0,0.3,0.36
10.1,177.0,6.19,50.0,101,190.0,190.0,190.0,500.0,500.0,0.0,0.0,0.0,0.3,0.37
10.4,177.4,6.19,50.0,102,190.0,190.0,190.0,500.0,500.0,0.0,0.0,0.0,0.3,0.38
10.3,177.8,6.19,50.0,103,190.0,190.0,190.0,500.0,500.0,0.0,0.0,0.0,0.3,0.39
10.4,178.3,6.19,50.0,104,190.0,190.0,190.0,500.0,500.0,0.0,0.0,0.0,0.3,0.40
10.3,178.7,6.19,50.0,105,190.0,190.0,190.0,500.0,500.0,0.0,0.0,0.0,0.3,0.41
10.4,179.2,6.19,49.8,106,190.0,190.0,190.0,500.0,500.0,0.0,0.0,0.0,0.3,0.41
10.2,179.6,6.19,49.6,107,190.0,190.0,190.0,500.0,500.0,0.0,0.0,0.0,0.3,0.42
10.2,180.0,6.19,49.6,108,190.0,190.0,190.0,500.0,500.0,0.0,0.0,0.0,0.3,0.43
10.3,180.3,6.19,49.6,109,190.0,190.0,190.0,500.0,500.0,0.0,0.0,0.0,0.3,0.44
10.5,180.7,6.19,49.6,110,190.0,190.0,190.0,500.0,500.0,0.0,0.0,0.0,0.3,0.45
10.7,181.0,6.19,49.8,111,190.0,190.0,190.0,500.0,500.0,0.0,0.0,0.0,0.3,0.46
10.5,181.3,6.19,49.8,112,190.0,190.0,190.0,500.0,500.0,0.0,0.0,0.0,0.3,0.47
10.4,181.6,6.19,49.8,113,190.0,190.0,190.0,500.0,500.0,0.0,0.0,0.0,0.3,0.47
10.4,181.9,6.19,49.8,114,190.0,190.0,190.0,500.0,500.0,0.0,0.0,0.0,0.3,0.48
10.6,182.2,6.19,49.6,115,190.0,190.0,190.0,500.0,500.0,0.0,0.0,0.0,0.3,0.49
10.7,182.5,6.19,49.6,116,190.0,190.0,190.0,500.0,500.0,0.0,0.0,0.0,0.3,0.50
10.7,182.7,6.19,49.6,117,190.0,190.0,190.0,500.0,500.0,0.0,0.0,0.0,0.3,0.51
11.1,183.0,6.19,49.6,118,190.0,190.0,190.0,500.0,500.0,0.0,0.0,0.0,0.3,0.52
11.1,183.3,6.19,49.6,119,190.0,190.0,190.0,500.0,500.0,0.0,0.0,0.0,0.3,0.53
10.9,183.6,6.19,49.6,120,190.0,190.0,190.0,500.0,500.0,0.0,0.0,0.0,0.3,0.54
10.8,183.8,6.19,49.6,121,190.0,190.1,190.0,500.0,500.0,0.0,0.0,0.0,0.3,0.55
10.8,184.0,6.19,49.8,122,190.0,190.1,190.0,500.0,500.0,0.0,0.0,0.0,0.3,0.56
10.4,184.2,6.19,49.8,123,190.0,190.1,190.0,500.0,500.0,0.0,0.0,0.0,0.3,0.56
10.3,184.4,6.19,49.8,124,190.0,190.1,190.0,500.0,500.0,0.0,0.0,0.0,0.3,0.57
10.4,184.6,6.19,50.0,125,190.0,190.1,190.0,500.0,500.0,0.0,0.0,0.0,0.3,0.58
10.6,184.7,6.19,49.8,126,190.0,190.1,190.0,500.0,500.0,0.0,0.0,0.0,0.3,0.59
10.3,184.9,6.19,49.8,127,190.0,190.1,190.0,500.0,500.0,0.0,0.0,0.0,0.3,0.60
10.1,185.1,6.19,49.8,128,190.0,190.1,190.0,500.0,500.0,0.0,0.0,0.0,0.3,0.61
9.9,185.3,6.19,49.8,129,190.0,190.1,190.0,500.0,500.0,0.0,0.0,0.0,0.3,0.61
9.9,185.5,6.19,49.8,130,190.0,190.0,190.0,500.0,500.0,0.0,0.0,0.0,0.3,0.62
10.0,185.7,6.19,50.0,131,190.0,190.0,190.0,500.0,500.0,0.0,0.0,0.0,0.3,0.63
10.5,185.9,6.19,50.0,132,190.0,190.0,190.0,500.0,500.0,0.0,0.0,0.0,0.3,0.64
10.8,186.1,6.19,50.0,133,190.0,190.0,190.0,500.0,500.0,0.0,0.0,0.0,0.3,0.65
11.2,186.3,6.19,50.0,134,190.0,190.0,190.0,500.0,500.0,0.0,0.0,0.0,0.3,0.66
11.3,186.5,6.19,50.0,135,190.0,190.0,190.0,500.0,500.0,0.0,0.0,0.0,0.3,0.67
10.8,186.6,6.19,49.8,136,190.0,190.0,190.0,500.0,500.0,0.0,0.0,0.0,0.3,0.68
10.4,186.8,6.19,49.8,137,190.0,190.0,190.0,500.0,500.0,0.0,0.0,0.0,0.3,0.69
10.1,186.9,6.19,49.8,138,190.0,190.0,190.0,500.0,500.0,0.0,0.0,0.0,0.3,0.69
9.7,187.1,6.19,49.6,139,190.0,190.0,190.0,500.0,500.0,0.0,0.0,0.0,0.3,0.70
9.7,187.3,6.19,49.6,140,190.0,190.0,190.0,500.0,500.0,0.0,0.0,0.0,0.3,0.71
10.0,187.4,6.19,49.8,141,190.0,190.0,190.0,500.0,500.0,0.0,0.0,0.0,0.3,0.72
10.3,187.6,6.19,49.8,142,190.0,190.0,190.0,500.0,500.0,0.0,0.0,0.0,0.3,0.73
10.5,187.8,6.19,49.8,143,190.0,190.0,190.0,500.0,500.0,0.0,0.0,0.0,0.3,0.74
10.5,187.9,6.19,50.0,144,190.0,190.0,190.0,500.0,500.0,0.0,0.0,0.0,0.3,0.74
10.2,188.0,6.19,49.8,145,190.0,190.0,190.0,500.0,500.0,0.0,0.0,0.0,0.3,0.75
10.2,188.1,6.19,49.8,146,190.0,190.0,190.0,500.0,500.0,0.0,0.0,0.0,0.3,0.76
10.4,188.3,6.19,49.8,147,190.0,190.0,190.0,500.0,500.0,0.0,0.0,0.0,0.3,0.77
10.7,188.4,6.19,49.8,148,190.0,190.0,190.0,500.0,500.0,0.0,0.0,0.0,0.3,0.78
10.8,188.5,6.19,49.8,149,190.0,190.0,190.0,500.0,500.0,0.0,0.0,0.0,0.3,0.79
11.1,188.7,6.19,49.8,150,190.0,190.0,190.0,500.0,500.0,0.0,0.0,0.0,0.3,0.80
11.1,188.8,6.19,49.8,151,190.0,190.0,190.0,500.0,500.0,0.0,0.0,0.0,0.3,0.81
10.9,188.9,6.19,49.8,152,190.0,190.0,190.0,500.0,500.0,0.0,0.0,0.0,0.3,0.82
10.9,189.0,6.19,49.8,153,190.1,190.0,190.0,500.0,500.0,0.0,0.0,0.0,0.3,0.82
10.5,189.1,6.19,49.8,154,190.1,190.0,190.0,500.0,500.0,0.0,0.0,0.0,0.3,0.83
10.3,189.2,6.19,50.0,155,190.1,190.0,190.0,500.0,500.0,0.0,0.0,0.0,0.3,0.84
10.2,189.3,6.19,50.0,156,190.1,190.0,190.0,500.0,500.0,0.0,0.0,0.0,0.3,0.85
10.3,189.3,6.19,50.0,157,190.1,190.0,190.0,500.0,500.0,0.0,0.0,0.0,0.3,0.86
10.2,189.4,6.19,49.8,158,190.1,190.0,190.0,500.0,500.0,0.0,0.0,0.0,0.3,0.87
10.3,189.5,6.19,49.8,159,190.1,190.0,190.0,500.0,500.0,0.0,0.0,0.0,0.3,0.88
10.2,189.6,6.19,49.8,160,190.1,190.0,190.0,500.0,500.0,0.0,0.0,0.0,0.3,0.88
10.0,189.7,6.19,49.8,161,190.1,190.0,190.0,500.0,500.0,0.0,0.0,0.0,0.3,0.89
9.9,189.8,6.19,49.8,162,190.1,190.0,190.0,500.0,500.0,0.0,0.0,0.0,0.3,0.90
9.8,189.9,6.19,49.8,163,190.1,190.0,190.0,500.0,500.0,0.0,0.0,0.0,0.3,0.91
9.6,190.0,6.19,49.8,164,190.1,190.0,190.0,500.0,500.0,0.0,0.0,0.0,0.3,0.92
9.9,190.1,6.19,49.8,165,190.1,190.0,190.0,500.0,500.0,0.0,0.0,0.0,0.3,0.92
10.0,190.2,6.19,49.8,166,190.1,190.0,190.0,500.0,500.0,0.0,0.0,0.0,0.3,0.93
10.3,190.3,6.19,49.8,167,190.1,190.0,190.0,500.0,500.0,0.0,0.0,0.0,0.3,0.94
10.3,190.4,6.19,50.0,168,190.1,190.0,190.0,500.0,500.0,0.0,0.0,0.0,0.3,0.95
10.2,190.5,6.19,49.8,169,190.1,190.0,190.0,500.0,500.0,0.0,0.0,0.0,0.3,0.96
10.0,190.5,6.19,49.8,170,190.1,190.0,190.0,500.0,500.0,0.0,0.0,0.0,0.3,0.97
9.8,190.6,6.19,49.8,171,190.1,190.1,190.0,500.0,500.0,0.0,0.0,0.0,0.3,0.98
9.6,190.7,6.19,49.8,172,190.1,190.1,190.0,500.0,500.0,0.0,0.0,0.0,0.3,0.98
10.0,190.8,6.19,49.6,173,190.1,190.1,190.0,500.0,500.0,0.0,0.0,0.0,0.3,0.99
10.5,190.9,6.19,49.8,174,190.1,190.1,190.0,500.0,500.0,0.0,0.0,0.0,0.3,1.00
10.6,191.0,6.19,49.8,175,190.1,190.1,190.0,500.0,500.0,0.0,0.0,0.0,0.3,1.01
10.7,191.1,6.19,49.8,176,190.1,190.1,190.0,500.0,500.0,0.0,0.0,0.0,0.3,1.02
10.9,191.1,6.19,49.8,177,190.1,190.1,190.0,500.0,500.0,0.0,0.0,0.0,0.3,1.03
10.7,191.2,6.19,50.0,178,190.1,190.0,190.0,500.0,500.0,0.0,0.0,0.0,0.3,1.04
10.3,191.3,6.19,50.0,179,190.1,190.0,190.0,500.0,500.0,0.0,0.0,0.0,0.3,1.04
10.2,191.4,6.19,50.0,180,190.1,190.0,190.0,500.0,500.0,0.0,0.0,0.0,0.3,1.05
10.2,191.4,6.19,50.0,181,190.1,190.0,190.0,500.0,500.0,0.0,0.0,0.0,0.3,1.06
10.1,191.5,6.19,50.0,182,190.1,190.0,190.0,500.0,500.0,0.0,0.0,0.0,0.3,1.07
10.3,191.6,6.19,49.8,183,190.1,190.0,190.0,500.0,500.0,0.0,0.0,0.0,0.3,1.08
10.7,191.6,6.19,49.8,184,190.1,190.0,190.0,500.0,500.0,0.0,0.0,0.0,0.3,1.09
10.9,191.6,6.19,49.8,185,190.1,190.0,190.0,500.0,500.0,0.0,0.0,0.0,0.3,1.10
10.7,191.7,6.19,49.8,186,190.1,190.0,190.0,500.0,500.0,0.0,0.0,0.0,0.3,1.10
10.3,191.8,6.19,49.8,187,190.1,190.0,190.0,500.0,500.0,0.0,0.0,0.0,0.3,1.11
10.1,191.8,6.19,49.8,188,190.1,190.0,190.0,500.0,500.0,0.0,0.0,0.0,0.3,1.12
10.2,191.9,6.19,49.8,189,190.1,190.0,190.0,500.0,500.0,0.0,0.0,0.0,0.3,1.13
10.2,192.0,6.19,49.8,190,190.1,190.0,190.0,500.0,500.0,0.0,0.0,0.0,0.3,1.14
10.3,192.0,6.19,49.8,191,190.1,190.0,190.0,500.0,500.0,0.0,0.0,0.0,0.3,1.15
10.6,192.1,6.19,49.8,192,190.1,190.0,190.0,500.0,500.0,0.0,0.0,0.0,0.3,1.16
10.8,192.2,6.19,49.8,193,190.1,190.0,190.0,500.0,500.0,0.0,0.0,0.0,0.3,1.17
10.9,192.2,6.19,49.8,194,190.1,190.0,190.0,500.0,500.0,0.0,0.0,0.0,0.3,1.17
10.8,192.3,6.19,49.8,195,190.1,190.0,190.0,500.0,500.0,0.0,0.0,0.0,0.3,1.18
10.5,192.4,6.19,49.8,196,190.1,190.0,190.0,500.0,500.0,0.0,0.0,0.0,0.3,1.19
10.4,192.4,6.19,49.6,197,190.1,190.0,190.0,500.0,500.0,0.0,0.0,0.0,0.3,1.20
10.2,192.4,6.19,49.8,198,190.1,190.0,190.0,500.0,500.0,0.0,0.0,0.0,0.3,1.21
10.1,192.5,6.19,49.8,199,190.1,190.0,190.0,500.0,500.0,0.0,0.0,0.0,0.3,1.22
10.2,192.6,6.19,49.8,200,190.1,190.0,190.0,500.0,500.0,0.0,0.0,0.0,0.3,1.23
10.4,192.6,6.19,49.8,201,190.1,190.0,190.0,500.0,500.0,0.0,0.0,0.0,0.3,1.23
10.2,192.7,6.19,49.8,202,190.1,190.0,190.0,500.0,500.0,0.0,0.0,0.0,0.3,1.24
10.0,192.8,6.19,49.8,203,190.1,190.0,190.0,500.0,500.0,0.0,0.0,0.0,0.3,1.25
10.0,192.8,6.19,49.8,204,190.1,190.0,190.0,500.0,500.0,0.0,0.0,0.0,0.3,1.26
10.1,192.9,6.19,49.8,205,190.1,190.0,190.0,500.0,500.0,0.0,0.0,0.0,0.3,1.27
10.4,193.0,6.19,49.8,206,190.1,190.0,190.0,500.0,500.0,0.0,0.0,0.0,0.3,1.28
10.6,193.0,6.19,49.8,207,190.1,190.0,190.0,500.0,500.0,0.0,0.0,0.0,0.3,1.29
10.8,193.0,6.19,49.8,208,190.1,190.0,190.0,500.0,500.0,0.0,0.0,0.0,0.3,1.29
10.9,193.1,6.19,49.8,209,190.1,190.0,190.0,500.0,500.0,0.0,0.0,0.0,0.3,1.30
10.8,193.2,6.19,49.8,210,190.1,190.0,190.0,500.0,500.0,0.0,0.0,0.0,0.3,1.31
10.5,193.2,6.19,49.8,211,190.1,190.0,190.0,500.0,500.0,0.0,0.0,0.0,0.3,1.32
10.5,193.2,6.19,49.8,212,190.1,190.0,190.0,500.0,500.0,0.0,0.0,0.0,0.3,1.33
10.2,193.3,6.19,49.8,213,190.1,190.0,190.0,500.0,500.0,0.0,0.0,0.0,0.3,1.34
10.0,193.3,6.19,49.8,214,190.1,190.0,190.0,500.0,500.0,0.0,0.0,0.0,0.3,1.35
10.2,193.4,6.19,49.6,215,190.1,190.0,190.0,500.0,500.0,0.0,0.0,0.0,0.3,1.36
10.6,193.5,6.19,49.6,216,190.1,190.0,190.0,500.0,500.0,0.0,0.0,0.0,0.3,1.36
10.9,193.5,6.19,49.8,217,190.1,190.0,190.0,500.0,500.0,0.0,0.0,0.0,0.3,1.37
10.6,193.6,6.19,49.8,218,190.1,190.0,190.0,500.0,500.0,0.0,0.0,0.0,0.3,1.38
10.4,193.6,6.18,49.8,219,190.1,190.0,190.0,500.0,500.0,0.0,0.0,0.0,0.3,1.39
10.2,193.7,6.18,50.0,220,190.2,190.1,190.0,500.0,500.0,0.0,0.0,0.0,0.3,1.40
9.9,193.7,6.18,49.8,221,190.2,190.1,190.0,500.0,500.0,0.0,0.0,0.0,0.3,1.41
10.0,193.7,6.18,49.8,222,190.2,190.1,190.0,500.0,500.0,0.0,0.0,0.0,0.3,1.42
10.4,193.8,6.18,49.8,223,190.2,190.1,190.0,500.0,500.0,0.0,0.0,0.0,0.3,1.42
10.6,193.8,6.19,49.8,224,190.3,190.1,190.0,500.0,500.0,0.0,0.0,0.0,0.3,1.43
10.9,193.9,6.19,49.8,225,190.3,190.1,190.0,500.0,500.0,0.0,0.0,0.0,0.3,1.44
11.1,193.9,6.19,49.8,226,190.3,190.1,190.0,500.0,500.0,0.0,0.0,0.0,0.3,1.45
10.6,194.0,6.19,49.8,227,190.3,190.1,190.0,500.0,500.0,0.0,0.0,0.0,0.3,1.46
10.4,194.0,6.19,49.8,228,190.3,190.0,190.0,500.0,500.0,0.0,0.0,0.0,0.3,1.47
10.3,194.1,6.19,49.8,229,190.3,190.0,190.0,500.0,500.0,0.0,0.0,0.0,0.3,1.48
10.0,194.1,6.19,49.8,230,190.3,190.0,190.0,500.0,500.0,0.0,0.0,0.0,0.3,1.49
9.9,194.1,6.19,49.8,231,190.3,190.0,190.0,500.0,500.0,0.0,0.0,0.0,0.3,1.49
10.1,194.2,6.19,49.8,232,190.3,190.0,190.0,500.0,500.0,0.0,0.0,0.0,0.3,1.50
10.2,194.2,6.19,49.8,233,190.3,190.0,190.0,500.0,500.0,0.0,0.0,0.0,0.3,1.51
10.2,194.3,6.19,49.8,234,190.3,190.0,190.0,500.0,500.0,0.0,0.0,0.0,0.3,1.52
10.1,194.3,6.19,49.6,235,190.3,190.0,190.0,500.0,500.0,0.0,0.0,0.0,0.3,1.53
10.0,194.4,6.19,49.8,236,190.3,190.0,190.0,500.0,500.0,0.0,0.0,0.0,0.3,1.54
10.3,194.4,6.19,49.8,237,190.3,190.0,190.0,500.0,500.0,0.0,0.0,0.0,0.3,1.54
10.2,194.4,6.19,49.8,238,190.3,190.0,190.0,500.0,500.0,0.0,0.0,0.0,0.3,1.55
10.2,194.5,6.19,49.8,239,190.3,190.0,190.0,500.0,500.0,0.0,0.0,0.0,0.3,1.56
10.6,194.5,6.19,49.8,240,190.3,190.0,190.0,500.0,500.0,0.0,0.0,0.0,0.3,1.57
10.6,194.5,6.19,49.8,241,190.3,190.0,190.0,500.0,500.0,0.0,0.0,0.0,0.3,1.58
10.4,194.6,6.19,49.8,242,190.3,190.0,190.0,500.0,500.0,0.0,0.0,0.0,0.3,1.59
10.7,194.6,6.19,49.8,243,190.3,190.0,190.0,500.0,500.0,0.0,0.0,0.0,0.3,1.60
10.7,194.7,6.19,49.8,244,190.3,190.0,190.0,500.0,500.0,0.0,0.0,0.0,0.3,1.60
10.2,194.7,6.19,49.8,245,190.3,190.0,190.0,500.0,500.0,0.0,0.0,0.0,0.3,1.61
10.2,194.7,6.19,49.8,246,190.3,190.0,190.0,500.0,500.0,0.0,0.0,0.0,0.3,1.62
10.3,194.8,6.19,49.8,247,190.3,190.0,190.0,500.0,500.0,0.0,0.0,0.0,0.3,1.63
10.4,194.8,6.19,49.8,248,190.3,190.0,190.0,500.0,500.0,0.0,0.0,0.0,0.3,1.64
10.4,194.8,6.19,49.8,249,190.3,190.0,190.0,500.0,500.0,0.0,0.0,0.0,0.3,1.65
10.2,194.9,6.19,50.0,250,190.3,190.0,190.0,500.0,500.0,0.0,0.0,0.0,0.3,1.66
9.9,194.9,6.19,50.0,251,190.3,190.0,190.0,500.0,500.0,0.0,0.0,0.0,0.3,1.66
9.8,194.9,6.19,50.0,252,190.3,190.0,190.0,500.0,500.0,0.0,0.0,0.0,0.3,1.67
9.7,195.0,6.19,50.0,253,190.3,190.0,190.0,500.0,500.0,0.0,0.0,0.0,0.3,1.68
9.6,195.0,6.19,50.0,254,190.3,190.0,190.0,500.0,500.0,0.0,0.0,0.0,0.3,1.69
9.9,195.0,6.19,49.8,255,190.3,190.0,190.0,500.0,500.0,0.0,0.0,0.0,0.3,1.70
10.2,195.1,6.19,49.8,256,190.3,190.0,190.0,500.0,500.0,0.0,0.0,0.0,0.3,1.71
10.3,195.1,6.19,49.8,257,190.3,190.0,190.0,500.0,500.0,0.0,0.0,0.0,0.3,1.71
10.5,195.1,6.19,49.8,258,190.3,190.0,190.0,500.0,500.0,0.0,0.0,0.0,0.3,1.72
10.5,195.1,6.19,49.6,259,190.3,190.0,190.0,500.0,500.0,0.0,0.0,0.0,0.3,1.73
10.3,195.2,6.19,49.8,260,190.3,190.0,190.0,500.0,500.0,0.0,0.0,0.0,0.3,1.74
10.2,195.2,6.19,49.8,261,190.3,190.0,190.0,500.0,500.0,0.0,0.0,0.0,0.3,1.75
10.0,195.2,6.19,49.8,262,190.3,190.0,190.0,500.0,500.0,0.0,0.0,0.0,0.3,1.76
9.9,195.3,6.19,49.8,263,190.3,190.0,190.0,500.0,500.0,0.0,0.0,0.0,0.3,1.76
10.2,195.3,6.19,49.8,264,190.3,190.0,190.0,500.0,500.0,0.0,0.0,0.0,0.3,1.77
10.6,195.4,6.19,49.8,265,190.3,190.0,190.0,500.0,500.0,0.0,0.0,0.0,0.3,1.78
10.5,195.4,6.19,49.8,266,190.3,190.0,190.0,500.0,500.0,0.0,0.0,0.0,0.3,1.79
10.4,195.5,6.19,49.8,267,190.3,190.0,190.0,500.0,500.0,0.0,0.0,0.0,0.3,1.80
10.1,195.5,6.19,49.8,268,190.3,190.1,190.0,500.0,500.0,0.0,0.0,0.0,0.3,1.81
9.8,195.5,6.19,49.8,269,190.3,190.1,190.0,500.0,500.0,0.0,0.0,0.0,0.3,1.82
9.7,195.6,6.19,49.8,270,190.4,190.1,190.1,500.0,500.0,0.0,0.0,0.0,0.3,1.82
9.7,195.6,6.19,49.8,271,190.4,190.1,190.1,500.0,500.0,0.0,0.0,0.0,0.3,1.83
10.1,195.6,6.19,49.8,272,190.4,190.1,190.1,500.0,500.0,0.0,0.0,0.0,0.3,1.84
10.4,195.6,6.19,49.8,273,190.4,190.1,190.1,500.0,500.0,0.0,0.0,0.0,0.3,1.85
10.7,195.7,6.19,49.8,274,190.4,190.1,190.1,500.0,500.0,0.0,0.0,0.0,0.3,1.86
10.9,195.8,6.19,49.8,275,190.4,190.1,190.1,500.0,500.0,0.0,0.0,0.0,0.3,1.87
10.8,195.8,6.19,49.8,276,190.4,190.1,190.1,500.0,500.0,0.0,0.0,0.0,0.3,1.88
10.5,195.9,6.19,49.8,277,190.4,190.1,190.1,500.0,500.0,0.0,0.0,0.0,0.3,1.88
10.4,195.9,6.19,49.6,278,190.4,190.1,190.1,500.0,500.0,0.0,0.0,0.0,0.3,1.89
10.5,195.9,6.19,49.8,279,190.4,190.1,190.1,500.0,500.0,0.0,0.0,0.0,0.3,1.90
10.6,196.0,6.19,49.8,280,190.5,190.1,190.2,500.0,500.0,0.0,0.0,0.0,0.3,1.91
10.5,196.0,6.19,49.8,281,190.5,190.0,190.2,500.0,500.0,0.0,0.0,0.0,0.3,1.92
10.2,196.0,6.19,49.8,282,190.5,190.0,190.2,500.0,500.0,0.0,0.0,0.0,0.3,1.93
10.0,196.1,6.19,50.0,283,190.5,190.0,190.2,500.0,500.0,0.0,0.0,0.0,0.3,1.94
10.0,196.1,6.19,49.8,284,190.5,190.0,190.2,500.0,500.0,0.0,0.0,0.0,0.3,1.94
9.7,196.1,6.19,49.8,285,190.5,190.0,190.2,500.0,500.0,0.0,0.0,0.0,0.3,1.95
9.7,196.1,6.19,49.8,286,190.5,190.0,190.3,500.0,500.0,0.0,0.0,0.0,0.3,1.96
9.9,196.2,6.19,49.8,287,190.5,190.0,190.3,500.0,500.0,0.0,0.0,0.0,0.3,1.97
10.1,196.2,6.19,49.8,288,190.5,190.0,190.3,500.0,500.0,0.0,0.0,0.0,0.3,1.98
10.2,196.2,6.19,49.8,289,190.5,190.0,190.3,500.0,500.0,0.0,0.0,0.0,0.3,1.99
10.3,196.3,6.19,49.8,290,190.5,190.0,190.3,500.0,500.0,0.0,0.0,0.0,0.3,1.99
10.4,196.3,6.19,49.8,291,190.5,190.0,190.3,500.0,500.0,0.0,0.0,0.0,0.3,2.00
10.3,196.3,6.19,49.8,292,190.5,190.0,190.3,500.0,500.0,0.0,0.0,0.0,0.3,2.01
10.2,196.3,6.19,49.6,293,190.5,190.0,190.3,500.0,500.0,0.0,0.0,0.0,0.3,2.02
10.2,196.3,6.19,49.8,294,190.5,190.0,190.3,500.0,500.0,0.0,0.0,0.0,0.3,2.03
10.4,196.4,6.19,49.8,295,190.6,190.0,190.3,500.0,500.0,0.0,0.0,0.0,0.3,2.04
10.7,196.4,6.19,49.8,296,190.6,190.0,190.3,500.0,500.0,0.0,0.0,0.0,0.3,2.05
10.9,196.4,6.19,49.6,297,190.6,190.0,190.3,500.0,500.0,0.0,0.0,0.0,0.3,2.05
10.7,196.4,6.19,49.6,298,190.6,189.9,190.3,500.0,500.0,0.0,0.0,0.0,0.3,2.06
10.4,196.4,6.19,49.6,299,190.6,189.9,190.3,500.0,500.0,0.0,0.0,0.0,0.3,2.07
10.2,196.5,6.19,49.6,300,190.6,189.9,190.3,500.0,500.0,0.0,0.0,0.0,0.3,2.08
10.0,196.5,6.19,49.6,301,190.6,189.9,190.3,500.0,500.0,0.0,0.0,0.0,0.3,2.09
9.9,196.5,6.19,49.6,302,190.6,189.9,190.3,500.0,500.0,0.0,0.0,0.0,0.3,2.10
10.0,196.6,6.19,49.8,303,190.6,190.0,190.3,500.0,500.0,0.0,0.0,0.0,0.3,2.11
10.3,196.6,6.19,49.8,304,190.6,190.0,190.3,500.0,500.0,0.0,0.0,0.0,0.3,2.11
10.5,196.6,6.19,49.8,305,190.6,190.0,190.3,500.0,500.0,0.0,0.0,0.0,0.3,2.12
10.7,196.6,6.19,49.8,306,190.6,190.0,190.3,500.0,500.0,0.0,0.0,0.0,0.3,2.13
10.8,196.6,6.19,50.0,307,190.6,190.0,190.3,500.0,500.0,0.0,0.0,0.0,0.3,2.14
10.5,196.6,6.19,49.8,308,190.6,190.0,190.3,500.0,500.0,0.0,0.0,0.0,0.3,2.15
10.3,196.7,6.19,49.8,309,190.6,190.0,190.3,500.0,500.0,0.0,0.0,0.0,0.3,2.16
10.3,196.7,6.19,49.8,310,190.6,190.0,190.3,500.0,500.0,0.0,0.0,0.0,0.3,2.17
10.2,196.7,6.19,49.8,311,190.6,190.0,190.2,500.0,500.0,0.0,0.0,0.0,0.3,2.17
10.3,196.7,6.19,49.6,312,190.6,190.0,190.2,500.0,500.0,0.0,0.0,0.0,0.3,2.18
10.4,196.8,6.19,49.8,313,190.6,190.0,190.2,500.0,500.0,0.0,0.0,0.0,0.3,2.19
10.2,196.8,6.19,49.8,314,190.6,190.0,190.2,500.0,500.0,0.0,0.0,0.0,0.3,2.20
10.0,196.8,6.19,49.8,315,190.5,190.0,190.2,500.0,500.0,0.0,0.0,0.0,0.3,2.21
10.0,196.8,6.19,49.8,316,190.5,190.0,190.2,500.0,500.0,0.0,0.0,0.0,0.3,2.22
9.9,196.8,6.19,49.8,317,190.5,190.0,190.2,500.0,500.0,0.0,0.0,0.0,0.3,2.23
9.9,196.8,6.19,49.8,318,190.5,190.0,190.2,500.0,500.0,0.0,0.0,0.0,0.3,2.23
10.0,196.8,6.19,49.8,319,190.5,190.2,190.2,500.0,500.0,0.0,0.0,0.0,0.3,2.24
10.0,196.9,6.19,49.8,320,190.5,190.2,190.2,500.0,500.0,0.0,0.0,0.0,0.3,2.25
10.1,196.9,6.19,49.8,321,190.5,190.2,190.2,500.0,500.0,0.0,0.0,0.0,0.3,2.26
10.3,196.9,6.19,49.8,322,190.5,190.4,190.2,500.0,500.0,0.0,0.0,0.0,0.3,2.27
10.3,197.0,6.19,49.8,323,190.5,190.4,190.2,500.0,500.0,0.0,0.0,0.0,0.3,2.28
10.3,197.0,6.19,49.8,324,190.5,190.4,190.2,500.0,500.0,0.0,0.0,0.0,0.3,2.28
10.2,197.0,6.19,49.8,325,190.5,190.4,190.1,500.0,500.0,0.0,0.0,0.0,0.3,2.29
10.2,197.0,6.19,49.8,326,190.5,190.4,190.1,500.0,500.0,0.0,0.0,0.0,0.3,2.30
10.3,197.0,6.19,49.8,327,190.5,190.3,190.1,500.0,500.0,0.0,0.0,0.0,0.3,2.31
10.7,197.1,6.19,49.8,328,190.5,190.2,190.1,500.0,500.0,0.0,0.0,0.0,0.3,2.32
11.0,197.1,6.19,49.8,329,190.5,190.2,190.1,500.0,500.0,0.0,0.0,0.0,0.3,2.33
11.2,197.1,6.19,49.8,330,190.5,190.2,190.1,500.0,500.0,0.0,0.0,0.0,0.3,2.34
11.1,197.1,6.19,49.8,331,190.5,190.1,190.1,500.0,500.0,0.0,0.0,0.0,0.3,2.35
10.9,197.1,6.19,49.8,332,190.5,190.0,190.1,500.0,500.0,0.0,0.0,0.0,0.3,2.36
10.6,197.2,6.19,49.8,333,190.5,190.0,190.1,500.0,500.0,0.0,0.0,0.0,0.3,2.36
10.4,197.2,6.19,49.8,334,190.5,190.0,190.1,500.0,500.0,0.0,0.0,0.0,0.3,2.37
10.3,197.2,6.19,49.8,335,190.5,190.0,190.1,500.0,500.0,0.0,0.0,0.0,0.3,2.38
10.2,197.2,6.19,49.6,336,190.5,190.0,190.1,500.0,500.0,0.0,0.0,0.0,0.3,2.39
10.5,197.2,6.19,49.8,337,190.5,190.0,190.1,500.0,500.0,0.0,0.0,0.0,0.3,2.40
10.8,197.2,6.19,49.8,338,190.5,190.0,190.1,500.0,500.0,0.0,0.0,0.0,0.3,2.41
10.9,197.2,6.19,49.8,339,190.4,190.0,190.1,500.0,500.0,0.0,0.0,0.0,0.3,2.42
10.7,197.3,6.19,49.8,340,190.4,190.0,190.1,500.0,500.0,0.0,0.0,0.0,0.3,2.43
10.5,197.3,6.19,49.8,341,190.4,190.0,190.0,500.0,500.0,0.0,0.0,0.0,0.3,2.43
10.3,197.3,6.19,49.8,342,190.4,190.0,190.0,500.0,500.0,0.0,0.0,0.0,0.3,2.44
10.2,197.4,6.19,49.8,343,190.4,190.0,190.0,500.0,500.0,0.0,0.0,0.0,0.3,2.45
10.0,197.4,6.19,49.8,344,190.4,190.0,190.0,500.0,500.0,0.0,0.0,0.0,0.3,2.46
10.2,197.4,6.19,49.8,345,190.4,190.0,190.0,500.0,500.0,0.0,0.0,0.0,0.3,2.47
10.5,197.5,6.19,49.8,346,190.4,190.0,190.0,500.0,500.0,0.0,0.0,0.0,0.3,2.48
10.7,197.5,6.19,49.8,347,190.4,190.0,190.0,500.0,500.0,0.0,0.0,0.0,0.3,2.49
10.7,197.5,6.19,49.8,348,190.4,190.0,190.0,500.0,500.0,0.0,0.0,0.0,0.3,2.49
10.5,197.5,6.19,49.8,349,190.4,190.0,190.0,500.0,500.0,0.0,0.0,0.0,0.3,2.50
10.3,197.5,6.19,49.8,350,190.4,190.0,190.0,500.0,500.0,0.0,0.0,0.0,0.3,2.51
10.2,197.5,6.19,49.8,351,190.4,190.0,190.0,500.0,500.0,0.0,0.0,0.0,0.3,2.52
10.1,197.5,6.19,49.8,352,190.4,190.0,190.0,500.0,500.0,0.0,0.0,0.0,0.3,2.53
10.0,197.6,6.19,49.8,353,190.4,190.0,190.0,500.0,500.0,0.0,0.0,0.0,0.3,2.54
10.3,197.6,6.19,49.6,354,190.4,190.0,190.0,500.0,500.0,0.0,0.0,0.0,0.3,2.55
10.5,197.6,6.19,49.6,355,190.4,190.0,190.0,500.0,500.0,0.0,0.0,0.0,0.3,2.55
10.5,197.6,6.19,49.8,356,190.4,190.0,190.0,500.0,500.0,0.0,0.0,0.0,0.3,2.56
10.3,197.6,6.19,49.8,357,190.4,190.0,190.0,500.0,500.0,0.0,0.0,0.0,0.3,2.57
10.2,197.6,6.19,49.8,358,190.4,190.0,190.0,500.0,500.0,0.0,0.0,0.0,0.3,2.58
10.2,197.6,6.19,50.0,359,190.4,190.0,190.0,500.0,500.0,0.0,0.0,0.0,0.3,2.59
10.2,197.6,6.19,49.8,360,190.4,190.0,190.0,500.0,500.0,0.0,0.0,0.0,0.3,2.60
10.3,197.6,6.19,49.8,361,190.4,190.1,190.0,500.0,500.0,0.0,0.0,0.0,0.3,2.61
10.5,197.6,6.19,49.8,362,190.4,190.1,190.0,500.0,500.0,0.0,0.0,0.0,0.3,2.61
10.5,197.6,6.19,49.8,363,190.4,190.1,190.0,500.0,500.0,0.0,0.0,0.0,0.3,2.62
10.4,197.6,6.19,49.8,364,190.4,190.2,190.0,500.0,500.0,0.0,0.0,0.0,0.3,2.63
10.6,197.7,6.19,49.8,365,190.4,190.3,190.0,500.0,500.0,0.0,0.0,0.0,0.3,2.64
10.6,197.7,6.19,49.8,366,190.4,190.4,190.0,500.0,500.0,0.0,0.0,0.0,0.3,2.65
10.3,197.7,6.19,49.8,367,190.4,190.4,190.0,500.0,500.0,0.0,0.0,0.0,0.3,2.66
10.4,197.7,6.19,49.8,368,190.4,190.4,190.0,500.0,500.0,0.0,0.0,0.0,0.3,2.67
10.5,197.7,6.19,49.8,369,190.4,190.4,190.0,500.0,500.0,0.0,0.0,0.0,0.3,2.68
10.7,197.7,6.19,49.8,370,190.4,190.4,190.0,500.0,500.0,0.0,0.0,0.0,0.3,2.68
10.6,197.7,6.19,49.8,371,190.4,190.5,190.0,500.0,500.0,0.0,0.0,0.0,0.3,2.69
10.4,197.8,6.19,49.8,372,190.4,190.5,190.0,500.0,500.0,0.0,0.0,0.0,0.3,2.70
10.2,197.8,6.19,49.8,373,190.4,190.5,190.0,500.0,500.0,0.0,0.0,0.0,0.3,2.71
10.1,197.8,6.19,49.6,374,190.4,190.5,190.0,500.0,500.0,0.0,0.0,0.0,0.3,2.72
10.0,197.9,6.19,49.8,375,190.4,190.5,190.0,500.0,500.0,0.0,0.0,0.0,0.3,2.73
10.3,197.9,6.19,49.8,376,190.4,190.5,190.1,500.0,500.0,0.0,0.0,0.0,0.3,2.74
10.5,198.0,6.19,49.8,377,190.4,190.5,190.2,500.0,500.0,0.0,0.0,0.0,0.3,2.74
10.7,198.0,6.19,49.8,378,190.4,190.5,190.2,500.0,500.0,0.0,0.0,0.0,0.3,2.75
10.8,198.0,6.19,49.8,379,190.4,190.4,190.2,500.0,500.0,0.0,0.0,0.0,0.3,2.76
10.7,198.0,6.19,49.8,380,190.4,190.2,190.2,500.0,500.0,0.0,0.0,0.0,0.3,2.77
10.3,198.0,6.19,49.8,381,190.4,190.2,190.2,500.0,500.0,0.0,0.0,0.0,0.3,2.78
10.3,198.0,6.19,49.8,382,190.4,190.2,190.2,500.0,500.0,0.0,0.0,0.0,0.3,2.79
10.1,198.1,6.19,49.8,383,190.4,190.2,190.2,500.0,500.0,0.0,0.0,0.0,0.3,2.80
10.1,198.1,6.19,49.8,384,190.4,190.1,190.2,500.0,500.0,0.0,0.0,0.0,0.3,2.80
10.3,198.1,6.19,49.8,385,190.4,190.0,190.2,500.0,500.0,0.0,0.0,0.0,0.3,2.81
10.6,198.1,6.19,49.8,386,190.4,190.0,190.2,500.0,500.0,0.0,0.0,0.0,0.3,2.82
10.8,198.1,6.19,49.8,387,190.4,190.0,190.2,500.0,500.0,0.0,0.0,0.0,0.3,2.83
10.8,198.1,6.19,49.8,388,190.4,190.0,190.2,500.0,500.0,0.0,0.0,0.0,0.3,2.84
10.5,198.1,6.19,50.0,389,190.4,190.0,190.2,500.0,500.0,0.0,0.0,0.0,0.3,2.85
10.3,198.1,6.19,50.0,390,190.4,190.0,190.2,500.0,500.0,0.0,0.0,0.0,0.3,2.86
10.5,198.1,6.19,50.0,391,190.4,190.0,190.2,500.0,500.0,0.0,0.0,0.0,0.3,2.87
10.3,198.1,6.19,50.0,392,190.4,190.0,190.3,500.0,500.0,0.0,0.0,0.0,0.3,2.87
10.4,198.1,6.19,50.0,393,190.4,190.0,190.3,500.0,500.0,0.0,0.0,0.0,0.3,2.88
10.8,198.2,6.19,49.8,394,190.4,190.0,190.3,500.0,500.0,0.0,0.0,0.0,0.3,2.89
10.9,198.2,6.19,49.8,395,190.4,190.0,190.3,500.0,500.0,0.0,0.0,0.0,0.3,2.90
10.8,198.2,6.19,49.8,396,190.4,190.0,190.3,500.0,500.0,0.0,0.0,0.0,0.3,2.91
10.9,198.2,6.19,49.8,397,190.4,190.0,190.3,500.0,500.0,0.0,0.0,0.0,0.3,2.92
10.8,198.2,6.19,49.6,398,190.4,190.0,190.3,500.0,500.0,0.0,0.0,0.0,0.3,2.93
10.5,198.3,6.19,49.8,399,190.4,190.0,190.3,500.0,500.0,0.0,0.0,0.0,0.3,2.94
10.4,198.3,6.19,49.8,400,190.4,190.0,190.3,500.0,500.0,0.0,0.0,0.0,0.3,2.95
10.4,198.3,6.19,49.8,401,190.4,190.0,190.3,500.0,500.0,0.0,0.0,0.0,0.3,2.95
10.4,198.3,6.19,49.8,402,190.4,190.0,190.3,500.0,500.0,0.0,0.0,0.0,0.3,2.96
10.4,198.3,6.19,49.8,403,190.4,190.0,190.3,500.0,500.0,0.0,0.0,0.0,0.3,2.97
10.3,198.3,6.19,49.8,404,190.4,190.0,190.3,500.0,500.0,0.0,0.0,0.0,0.3,2.98
10.3,198.3,6.19,49.8,405,190.4,190.0,190.3,500.0,500.0,0.0,0.0,0.0,0.3,2.99
10.3,198.3,6.19,49.8,406,190.4,190.1,190.4,500.0,500.0,0.0,0.0,0.0,0.3,3.00
10.5,198.3,6.19,49.6,407,190.4,190.2,190.4,500.0,500.0,0.0,0.0,0.0,0.3,3.01
10.4,198.4,6.19,49.6,408,190.4,190.3,190.4,500.0,500.0,0.0,0.0,0.0,0.3,3.01
10.5,198.4,6.19,49.6,409,190.4,190.3,190.4,500.0,500.0,0.0,0.0,0.0,0.3,3.02
10.7,198.4,6.19,49.6,410,190.4,190.3,190.4,500.0,500.0,0.0,0.0,0.0,0.3,3.03
10.7,198.4,6.19,49.6,411,190.4,190.4,190.4,500.0,500.0,0.0,0.0,0.0,0.3,3.04
10.6,198.4,6.19,49.6,412,190.4,190.5,190.4,500.0,500.0,0.0,0.0,0.0,0.3,3.05
10.6,198.4,6.19,49.8,413,190.4,190.6,190.4,500.0,500.0,0.0,0.0,0.0,0.3,3.06
10.6,198.4,6.19,49.8,414,190.4,190.6,190.4,500.0,500.0,0.0,0.0,0.0,0.3,3.07
10.4,198.4,6.19,49.8,415,190.4,190.6,190.4,500.0,500.0,0.0,0.0,0.0,0.3,3.08
10.3,198.5,6.19,49.8,416,190.4,190.6,190.4,500.0,500.0,0.0,0.0,0.0,0.3,3.08
10.4,198.5,6.19,49.8,417,190.4,190.7,190.4,500.0,500.0,0.0,0.0,0.0,0.3,3.09
10.7,198.5,6.19,49.8,418,190.4,190.7,190.4,500.0,500.0,0.0,0.0,0.0,0.3,3.10
10.9,198.5,6.19,49.8,419,190.4,190.7,190.4,500.0,500.0,0.0,0.0,0.0,0.3,3.11
10.8,198.5,6.19,49.8,420,190.4,190.7,190.4,500.0,500.0,0.0,0.0,0.0,0.3,3.12
10.6,198.5,6.19,49.8,421,190.4,190.7,190.4,500.0,500.0,0.0,0.0,0.0,0.3,3.13
10.5,198.5,6.19,49.8,422,190.4,190.6,190.4,500.0,500.0,0.0,0.0,0.0,0.3,3.14
10.3,198.5,6.19,49.8,423,190.4,190.5,190.4,500.0,500.0,0.0,0.0,0.0,0.3,3.15
10.2,198.5,6.19,49.8,424,190.4,190.5,190.4,500.0,500.0,0.0,0.0,0.0,0.3,3.15
10.3,198.5,6.19,49.8,425,190.4,190.5,190.4,500.0,500.0,0.0,0.0,0.0,0.3,3.16
10.6,198.5,6.19,49.8,426,190.4,190.4,190.4,500.0,500.0,0.0,0.0,0.0,0.3,3.17
10.7,198.5,6.19,49.8,427,190.4,190.2,190.4,500.0,500.0,0.0,0.0,0.0,0.3,3.18
10.9,198.5,6.19,49.8,428,190.4,190.2,190.4,500.0,500.0,0.0,0.0,0.0,0.3,3.19
10.9,198.6,6.19,49.8,429,190.4,190.2,190.4,500.0,500.0,0.0,0.0,0.0,0.3,3.20
10.8,198.6,6.19,49.6,430,190.4,190.2,190.4,500.0,500.0,0.0,0.0,0.0,0.3,3.21
10.6,198.6,6.19,49.6,431,190.4,190.2,190.4,500.0,500.0,0.0,0.0,0.0,0.3,3.22
10.4,198.6,6.19,49.8,432,190.4,190.0,190.4,500.0,500.0,0.0,0.0,0.0,0.3,3.22
10.4,198.7,6.19,49.8,433,190.4,190.0,190.4,500.0,500.0,0.0,0.0,0.0,0.3,3.23
10.5,198.7,6.19,49.8,434,190.4,190.0,190.4,500.0,500.0,0.0,0.0,0.0,0.3,3.24
10.5,198.6,6.19,50.0,435,190.4,190.0,190.4,500.0,500.0,0.0,0.0,0.0,0.3,3.25
10.4,198.6,6.19,49.8,436,190.4,190.0,190.4,500.0,500.0,0.0,0.0,0.0,0.3,3.26
10.4,198.7,6.19,49.8,437,190.4,190.0,190.4,500.0,500.0,0.0,0.0,0.0,0.3,3.27
10.4,198.7,6.19,49.8,438,190.4,190.0,190.3,500.0,500.0,0.0,0.0,0.0,0.3,3.28
10.1,198.7,6.19,49.8,439,190.3,190.0,190.3,500.0,500.0,0.0,0.0,0.0,0.3,3.29
10.2,198.7,6.19,49.8,440,190.3,190.0,190.3,500.0,500.0,0.0,0.0,0.0,0.3,3.29
10.2,198.7,6.19,49.8,441,190.3,190.0,190.3,500.0,500.0,0.0,0.0,0.0,0.3,3.30
10.3,198.7,6.19,49.8,442,190.3,190.0,190.3,500.0,500.0,0.0,0.0,0.0,0.3,3.31
10.4,198.8,6.19,49.8,443,190.3,190.0,190.3,500.0,500.0,0.0,0.0,0.0,0.3,3.32
10.5,198.8,6.19,49.8,444,190.3,190.0,190.3,500.0,500.0,0.0,0.0,0.0,0.3,3.33
10.5,198.8,6.19,49.8,445,190.3,190.0,190.3,500.0,500.0,0.0,0.0,0.0,0.3,3.34
10.5,198.8,6.19,49.8,446,190.3,190.0,190.3,500.0,500.0,0.0,0.0,0.0,0.3,3.35
10.4,198.8,6.19,49.8,447,190.3,190.0,190.3,500.0,500.0,0.0,0.0,0.0,0.3,3.35
10.3,198.8,6.19,49.8,448,190.3,190.0,190.3,500.0,500.0,0.0,0.0,0.0,0.3,3.36
10.5,198.8,6.19,49.8,449,190.3,190.0,190.3,500.0,500.0,0.0,0.0,0.0,0.3,3.37
10.9,198.8,6.19,49.6,450,190.3,190.0,190.2,500.0,500.0,0.0,0.0,0.0,0.3,3.38
10.9,198.8,6.19,49.8,451,190.3,190.0,190.2,500.0,500.0,0.0,0.0,0.0,0.3,3.39
10.7,198.8,6.19,49.8,452,190.3,190.0,190.2,500.0,500.0,0.0,0.0,0.0,0.3,3.40
10.6,198.8,6.19,49.8,453,190.3,190.0,190.2,500.0,500.0,0.0,0.0,0.0,0.3,3.41
10.5,198.8,6.19,49.8,454,190.3,190.0,190.2,500.0,500.0,0.0,0.0,0.0,0.3,3.42
10.2,198.8,6.19,49.8,455,190.3,190.0,190.2,500.0,500.0,0.0,0.0,0.0,0.3,3.42
10.1,198.8,6.19,49.8,456,190.3,190.1,190.2,500.0,500.0,0.0,0.0,0.0,0.3,3.43
10.2,198.8,6.19,49.8,457,190.3,190.1,190.2,500.0,500.0,0.0,0.0,0.0,0.3,3.44
10.3,198.8,6.19,49.8,458,190.3,190.1,190.2,500.0,500.0,0.0,0.0,0.0,0.3,3.45
10.4,198.8,6.19,49.8,459,190.3,190.1,190.2,500.0,500.0,0.0,0.0,0.0,0.3,3.46
10.4,198.8,6.19,49.8,460,190.3,190.2,190.2,500.0,500.0,0.0,0.0,0.0,0.3,3.47
10.6,198.8,6.19,49.8,461,190.3,190.3,190.2,500.0,500.0,0.0,0.0,0.0,0.3,3.48
10.4,198.8,6.19,49.8,462,190.3,190.3,190.2,500.0,500.0,0.0,0.0,0.0,0.3,3.48
10.3,198.8,6.19,49.8,463,190.3,190.3,190.2,500.0,500.0,0.0,0.0,0.0,0.3,3.49
10.2,198.8,6.19,49.8,464,190.3,190.3,190.1,500.0,500.0,0.0,0.0,0.0,0.3,3.50
10.3,198.8,6.19,49.8,465,190.3,190.3,190.1,500.0,500.0,0.0,0.0,0.0,0.3,3.51
10.3,198.9,6.19,49.8,466,190.3,190.4,190.1,500.0,500.0,0.0,0.0,0.0,0.3,3.52
10.4,198.9,6.19,49.8,467,190.3,190.4,190.1,500.0,500.0,0.0,0.0,0.0,0.3,3.53
10.5,198.8,6.19,49.8,468,190.3,190.4,190.1,500.0,500.0,0.0,0.0,0.0,0.3,3.54
10.6,198.8,6.19,49.8,469,190.3,190.4,190.1,500.0,500.0,0.0,0.0,0.0,0.3,3.54
10.5,198.9,6.19,49.8,470,190.3,190.4,190.1,500.0,500.0,0.0,0.0,0.0,0.3,3.55
10.3,198.9,6.19,49.8,471,190.3,190.3,190.1,500.0,500.0,0.0,0.0,0.0,0.3,3.56
10.3,198.9,6.19,49.8,472,190.3,190.2,190.1,500.0,500.0,0.0,0.0,0.0,0.3,3.57
10.4,198.9,6.19,49.8,473,190.3,190.2,190.1,500.0,500.0,0.0,0.0,0.0,0.3,3.58
10.3,198.9,6.19,49.6,474,190.3,190.2,190.1,500.0,500.0,0.0,0.0,0.0,0.3,3.59
10.5,198.9,6.19,49.8,475,190.3,190.1,190.1,500.0,500.0,0.0,0.0,0.0,0.3,3.60
10.6,198.9,6.19,49.8,476,190.3,190.0,190.1,500.0,500.0,0.0,0.0,0.0,0.3,3.61
10.7,199.0,6.19,49.8,477,190.3,190.0,190.1,500.0,500.0,0.0,0.0,0.0,0.3,3.61
10.7,199.0,6.19,49.8,478,190.4,190.0,190.1,500.0,500.0,0.0,0.0,0.0,0.3,3.62
10.5,199.1,6.19,49.8,479,190.4,190.0,190.1,500.0,500.0,0.0,0.0,0.0,0.3,3.63
10.4,199.1,6.19,49.8,480,190.4,190.0,190.1,500.0,500.0,0.0,0.0,0.0,0.3,3.64
10.4,199.1,6.19,49.8,481,190.4,190.0,190.1,500.0,500.0,0.0,0.0,0.0,0.3,3.65
10.7,199.1,6.19,49.8,482,190.5,190.0,190.1,500.0,500.0,0.0,0.0,0.0,0.3,3.66
10.6,199.1,6.19,49.8,483,190.5,190.0,190.1,500.0,500.0,0.0,0.0,0.0,0.3,3.67
10.9,199.1,6.19,49.8,484,190.5,190.0,190.1,500.0,500.0,0.0,0.0,0.0,0.3,3.68
10.9,199.1,6.19,49.8,485,190.5,190.0,190.1,500.0,500.0,0.0,0.0,0.0,0.3,3.68
10.9,199.0,6.19,49.8,486,190.5,190.0,190.1,500.0,500.0,0.0,0.0,0.0,0.3,3.69
10.8,199.0,6.19,49.8,487,190.5,190.0,190.1,500.0,500.0,0.0,0.0,0.0,0.3,3.70
10.8,199.0,6.19,49.8,488,190.5,190.0,190.1,500.0,500.0,0.0,0.0,0.0,0.3,3.71
10.4,199.0,6.19,50.0,489,190.5,190.0,190.1,500.0,500.0,0.0,0.0,0.0,0.3,3.72
10.3,199.0,6.19,50.0,490,190.5,190.0,190.1,500.0,500.0,0.0,0.0,0.0,0.3,3.73
10.4,199.0,6.19,50.0,491,190.5,190.0,190.1,500.0,500.0,0.0,0.0,0.0,0.3,3.74
10.5,199.0,6.19,50.0,492,190.5,190.0,190.1,500.0,500.0,0.0,0.0,0.0,0.3,3.75
10.6,199.0,6.19,49.8,493,190.5,190.0,190.1,500.0,500.0,0.0,0.0,0.0,0.3,3.76
10.6,199.0,6.19,49.8,494,190.5,190.0,190.1,500.0,500.0,0.0,0.0,0.0,0.3,3.76
10.4,199.1,6.19,49.8,495,190.5,190.0,190.1,500.0,500.0,0.0,0.0,0.0,0.3,3.77
10.4,199.1,6.19,49.8,496,190.5,190.0,190.1,500.0,500.0,0.0,0.0,0.0,0.3,3.78
10.3,199.1,6.19,49.8,497,190.5,190.0,190.1,500.0,500.0,0.0,0.0,0.0,0.3,3.79
10.2,199.1,6.19,49.8,498,190.5,190.0,190.1,500.0,500.0,0.0,0.0,0.0,0.3,3.80
10.3,199.1,6.19,49.8,499,190.5,190.0,190.1,500.0,500.0,0.0,0.0,0.0,0.3,3.81
10.5,199.1,6.19,49.8,500,190.5,190.0,190.1,500.0,500.0,0.0,0.0,0.0,0.3,3.82
10.6,199.1,6.19,49.8,501,190.5,190.0,190.1,500.0,500.0,0.0,0.0,0.0,0.3,3.82
10.6,199.1,6.19,49.8,502,190.5,190.0,190.1,500.0,500.0,0.0,0.0,0.0,0.3,3.83
10.6,199.1,6.19,49.8,503,190.4,190.0,190.1,500.0,500.0,0.0,0.0,0.0,0.3,3.84
10.6,199.1,6.19,49.8,504,190.4,190.0,190.1,500.0,500.0,0.0,0.0,0.0,0.3,3.85
10.5,199.1,6.19,49.8,505,190.4,190.0,190.1,500.0,500.0,0.0,0.0,0.0,0.3,3.86
10.3,199.1,6.19,49.8,506,190.4,190.0,190.1,500.0,500.0,0.0,0.0,0.0,0.3,3.87
10.3,199.1,6.19,49.6,507,190.4,190.0,190.1,500.0,500.0,0.0,0.0,0.0,0.3,3.88
10.5,199.1,6.19,49.8,508,190.4,190.0,190.1,500.0,500.0,0.0,0.0,0.0,0.3,3.89
10.6,199.2,6.19,49.8,509,190.4,190.0,190.1,500.0,500.0,0.0,0.0,0.0,0.3,3.89
10.6,199.2,6.19,49.8,510,190.4,190.0,190.1,500.0,500.0,0.0,0.0,0.0,0.3,3.90
10.4,199.1,6.19,49.8,511,190.4,190.0,190.1,500.0,500.0,0.0,0.0,0.0,0.3,3.91
10.3,199.1,6.19,49.8,512,190.4,190.0,190.1,500.0,500.0,0.0,0.0,0.0,0.3,3.92
10.0,199.1,6.19,49.6,513,190.4,190.0,190.1,500.0,500.0,0.0,0.0,0.0,0.3,3.93
9.9,199.1,6.19,49.6,514,190.4,190.1,190.1,500.0,500.0,0.0,0.0,0.0,0.3,3.94
10.0,199.1,6.19,49.6,515,190.4,190.1,190.1,500.0,500.0,0.0,0.0,0.0,0.3,3.94
10.2,199.2,6.19,49.6,516,190.4,190.1,190.1,500.0,500.0,0.0,0.0,0.0,0.3,3.95
10.5,199.2,6.19,49.6,517,190.4,190.1,190.1,500.0,500.0,0.0,0.0,0.0,0.3,3.96
10.7,199.2,6.19,49.8,518,190.4,190.1,190.1,500.0,500.0,0.0,0.0,0.0,0.3,3.97
10.9,199.2,6.19,49.8,519,190.4,190.1,190.1,500.0,500.0,0.0,0.0,0.0,0.3,3.98
10.8,199.2,6.19,49.8,520,190.4,190.1,190.1,500.0,500.0,0.0,0.0,0.0,0.3,3.99
10.5,199.2,6.19,49.8,521,190.4,190.1,190.1,500.0,500.0,0.0,0.0,0.0,0.3,4.00
10.3,199.2,6.19,50.0,522,190.5,190.1,190.1,500.0,500.0,0.0,0.0,0.0,0.3,4.01
10.3,199.2,6.19,49.8,523,190.5,190.0,190.1,500.0,500.0,0.0,0.0,0.0,0.3,4.01
10.4,199.2,6.19,49.8,524,190.5,190.0,190.1,500.0,500.0,0.0,0.0,0.0,0.3,4.02
10.4,199.2,6.19,49.8,525,190.5,190.0,190.1,500.0,500.0,0.0,0.0,0.0,0.3,4.03
10.5,199.2,6.19,49.6,526,190.5,190.0,190.1,500.0,500.0,0.0,0.0,0.0,0.3,4.04
10.5,199.2,6.19,49.6,527,190.5,190.0,190.1,500.0,500.0,0.0,0.0,0.0,0.3,4.05
10.4,199.2,6.19,49.8,528,190.5,190.0,190.1,500.0,500.0,0.0,0.0,0.0,0.3,4.06
10.3,199.2,6.19,49.8,529,190.5,190.0,190.1,500.0,500.0,0.0,0.0,0.0,0.3,4.07
10.3,199.2,6.19,49.8,530,190.5,190.0,190.0,500.0,500.0,0.0,0.0,0.0,0.3,4.08
10.5,199.2,6.19,50.0,531,190.5,190.0,190.0,500.0,500.0,0.0,0.0,0.0,0.3,4.08
10.5,199.3,6.19,49.8,532,190.5,190.0,190.0,500.0,500.0,0.0,0.0,0.0,0.3,4.09
10.5,199.3,6.19,49.8,533,190.5,190.0,190.0,500.0,500.0,0.0,0.0,0.0,0.3,4.10
10.5,199.4,6.19,49.8,534,190.6,190.0,190.0,500.0,500.0,0.0,0.0,0.0,0.3,4.11
10.4,199.4,6.19,49.8,535,190.7,190.0,190.0,500.0,500.0,0.0,0.0,0.0,0.3,4.12
10.3,199.4,6.19,49.6,536,190.7,190.0,190.1,500.0,500.0,0.0,0.0,0.0,0.3,4.13
10.4,199.4,6.19,49.8,537,190.7,190.0,190.1,500.0,500.0,0.0,0.0,0.0,0.3,4.14
10.5,199.4,6.19,49.8,538,190.7,190.0,190.1,500.0,500.0,0.0,0.0,0.0,0.3,4.14
10.7,199.4,6.19,49.8,539,190.7,190.0,190.1,500.0,500.0,0.0,0.0,0.0,0.3,4.15
11.1,199.4,6.19,49.8,540,190.7,190.0,190.1,500.0,500.0,0.0,0.0,0.0,0.3,4.16
11.2,199.4,6.19,50.0,541,190.7,190.0,190.1,500.0,500.0,0.0,0.0,0.0,0.3,4.17
11.1,199.4,6.19,49.8,542,190.7,190.0,190.1,500.0,500.0,0.0,0.0,0.0,0.3,4.18
10.8,199.4,6.19,49.8,543,190.7,190.0,190.1,500.0,500.0,0.0,0.0,0.0,0.3,4.19
10.6,199.4,6.19,49.8,544,190.7,190.0,190.1,500.0,500.0,0.0,0.0,0.0,0.3,4.20
10.5,199.4,6.19,49.8,545,190.7,190.0,190.1,500.0,500.0,0.0,0.0,0.0,0.3,4.21
10.4,199.4,6.19,49.8,546,190.7,190.0,190.1,500.0,500.0,0.0,0.0,0.0,0.3,4.22
10.5,199.4,6.19,49.8,547,190.7,190.0,190.1,500.0,500.0,0.0,0.0,0.0,0.3,4.22
10.6,199.4,6.19,49.8,548,190.8,190.0,190.1,500.0,500.0,0.0,0.0,0.0,0.3,4.23
10.7,199.4,6.19,49.8,549,190.8,190.0,190.1,500.0,500.0,0.0,0.0,0.0,0.3,4.24
10.9,199.4,6.19,49.6,550,190.8,190.0,190.1,500.0,500.0,0.0,0.0,0.0,0.3,4.25
11.0,199.4,6.19,49.6,551,190.8,190.0,190.1,500.0,500.0,0.0,0.0,0.0,0.3,4.26
10.7,199.4,6.19,49.8,552,190.8,190.0,190.1,500.0,500.0,0.0,0.0,0.0,0.3,4.27
10.7,199.4,6.19,49.8,553,190.8,190.0,190.1,500.0,500.0,0.0,0.0,0.0,0.3,4.28
10.6,199.4,6.19,49.8,554,190.8,190.0,190.1,500.0,500.0,0.0,0.0,0.0,0.3,4.29
10.6,199.4,6.19,49.8,555,190.8,190.0,190.1,500.0,500.0,0.0,0.0,0.0,0.3,4.30
10.5,199.4,6.19,49.8,556,190.8,190.0,190.1,500.0,500.0,0.0,0.0,0.0,0.3,4.30
10.7,199.4,6.19,49.8,557,190.8,190.0,190.1,500.0,500.0,0.0,0.0,0.0,0.3,4.31
10.6,199.4,6.19,49.8,558,190.8,190.0,190.1,500.0,500.0,0.0,0.0,0.0,0.3,4.32
10.6,199.4,6.19,49.8,559,190.8,190.0,190.1,500.0,500.0,0.0,0.0,0.0,0.3,4.33
10.5,199.4,6.19,49.8,560,190.8,190.0,190.1,500.0,500.0,0.0,0.0,0.0,0.3,4.34
10.7,199.4,6.19,49.8,561,190.8,190.0,190.1,500.0,500.0,0.0,0.0,0.0,0.3,4.35
10.9,199.4,6.19,49.8,562,190.8,190.0,190.1,500.0,500.0,0.0,0.0,0.0,0.3,4.36
11.0,199.4,6.19,49.8,563,190.8,190.0,190.1,500.0,500.0,0.0,0.0,0.0,0.3,4.37
11.1,199.4,6.19,49.8,564,190.8,190.0,190.1,500.0,500.0,0.0,0.0,0.0,0.3,4.38
11.0,199.4,6.19,49.8,565,190.8,190.0,190.1,500.0,500.0,0.0,0.0,0.0,0.3,4.39
10.8,199.4,6.19,49.8,566,190.8,190.0,190.1,500.0,500.0,0.0,0.0,0.0,0.3,4.39
10.7,199.4,6.19,49.8,567,190.8,190.0,190.1,500.0,500.0,0.0,0.0,0.0,0.3,4.40
10.6,199.4,6.19,49.8,568,190.8,190.0,190.1,500.0,500.0,0.0,0.0,0.0,0.3,4.41
10.5,199.4,6.19,49.6,569,190.8,190.0,190.1,500.0,500.0,0.0,0.0,0.0,0.3,4.42
10.7,199.4,6.19,49.8,570,190.8,190.0,190.1,500.0,500.0,0.0,0.0,0.0,0.3,4.43
10.9,199.4,6.19,49.8,571,190.8,190.0,190.0,500.0,500.0,0.0,0.0,0.0,0.3,4.44
11.1,199.4,6.19,49.8,572,190.8,190.0,190.0,500.0,500.0,0.0,0.0,0.0,0.3,4.45
11.1,199.5,6.19,49.8,573,190.8,190.0,190.0,500.0,500.0,0.0,0.0,0.0,0.3,4.46
10.9,199.5,6.19,49.8,574,190.8,190.0,190.0,500.0,500.0,0.0,0.0,0.0,0.3,4.47
10.7,199.5,6.19,49.6,575,190.9,190.0,190.0,500.0,500.0,0.0,0.0,0.0,0.3,4.47
10.5,199.5,6.19,49.6,576,190.9,190.0,190.0,500.0,500.0,0.0,0.0,0.0,0.3,4.48
10.4,199.5,6.19,49.6,577,190.9,190.0,190.0,500.0,500.0,0.0,0.0,0.0,0.3,4.49
10.3,199.5,6.19,49.6,578,190.9,190.0,190.0,500.0,500.0,0.0,0.0,0.0,0.3,4.50
10.5,199.5,6.19,49.6,579,190.9,190.0,190.0,500.0,500.0,0.0,0.0,0.0,0.3,4.51
10.7,199.5,6.19,49.8,580,190.9,190.0,190.0,500.0,500.0,0.0,0.0,0.0,0.3,4.52
10.9,199.4,6.19,49.8,581,190.9,190.0,190.0,500.0,500.0,0.0,0.0,0.0,0.3,4.53
10.9,199.4,6.19,49.8,582,190.9,190.0,190.0,500.0,500.0,0.0,0.0,0.0,0.3,4.54
10.8,199.4,6.19,49.8,583,190.9,190.0,190.0,500.0,500.0,0.0,0.0,0.0,0.3,4.55
10.7,199.4,6.19,50.0,584,190.9,190.0,190.0,500.0,500.0,0.0,0.0,0.0,0.3,4.55
10.5,199.4,6.19,49.8,585,190.9,190.0,190.0,500.0,500.0,0.0,0.0,0.0,0.3,4.56
10.3,199.4,6.19,49.8,586,190.9,190.0,190.0,500.0,500.0,0.0,0.0,0.0,0.3,4.57
10.4,199.4,6.19,49.8,587,190.9,190.0,190.0,500.0,500.0,0.0,0.0,0.0,0.3,4.58
10.7,199.4,6.19,49.6,588,190.9,190.0,190.0,500.0,500.0,0.0,0.0,0.0,0.3,4.59
10.8,199.4,6.19,49.6,589,190.9,190.0,190.0,500.0,500.0,0.0,0.0,0.0,0.3,4.60
10.7,199.5,6.19,49.8,590,190.9,190.0,190.0,500.0,500.0,0.0,0.0,0.0,0.3,4.61
10.6,199.5,6.19,49.8,591,190.9,190.0,190.0,500.0,500.0,0.0,0.0,0.0,0.3,4.62
10.6,199.4,6.19,49.8,592,190.9,190.0,190.0,500.0,500.0,0.0,0.0,0.0,0.3,4.62
10.3,199.4,6.19,49.8,593,190.9,190.0,190.0,500.0,500.0,0.0,0.0,0.0,0.3,4.63
10.2,199.4,6.19,49.8,594,190.9,190.0,190.0,500.0,500.0,0.0,0.0,0.0,0.3,4.64
10.3,199.5,6.19,49.8,595,190.9,190.0,190.0,500.0,500.0,0.0,0.0,0.0,0.3,4.65
10.5,199.5,6.19,49.8,596,190.9,190.0,190.0,500.0,500.0,0.0,0.0,0.0,0.3,4.66
10.4,199.5,6.19,49.8,597,190.9,190.0,190.0,500.0,500.0,0.0,0.0,0.0,0.3,4.67
10.7,199.5,6.19,50.0,598,190.9,190.0,190.0,500.0,500.0,0.0,0.0,0.0,0.3,4.68
10.9,199.5,6.19,49.8,599,190.9,190.0,190.0,500.0,500.0,0.0,0.0,0.0,0.3,4.69
