扭矩,料温,压力,转速,时间,温度1,温度2,温度3,温度4,温度5,温度6,温度7,温度8,顶栓,能量
1.9,190.1,6.19,0.2,0,190.0,190.0,190.0,500.0,500.0,0.0,0.0,0.0,0.3,0.00
1.8,190.1,6.19,1.8,1,190.0,190.0,190.0,500.0,500.0,0.0,0.0,0.0,0.3,0.00
1.7,190.1,6.19,8.8,2,190.0,190.0,190.0,500.0,500.0,0.0,0.0,0.0,0.3,0.00
1.6,190.1,6.19,18.8,3,190.0,190.0,190.0,500.0,500.0,0.0,0.0,0.0,0.3,0.00
1.6,190.1,6.19,28.8,4,190.0,190.0,190.0,500.0,500.0,0.0,0.0,0.0,0.3,0.00
1.5,190.1,6.19,38.6,5,190.0,190.0,190.0,500.0,500.0,0.0,0.0,0.0,0.3,0.00
1.6,190.1,6.19,47.0,6,190.0,190.0,190.0,500.0,500.0,0.0,0.0,0.0,0.3,0.00
1.6,190.1,6.19,49.8,7,190.0,190.0,190.0,500.0,500.0,0.0,0.0,0.0,0.3,0.01
1.6,190.1,6.19,49.8,8,190.0,190.0,190.0,500.0,500.0,0.0,0.0,0.0,0.3,0.01
1.6,190.1,6.19,49.8,9,190.0,190.0,190.0,500.0,500.0,0.0,0.0,0.0,0.3,0.01
1.6,190.1,6.19,49.8,10,190.0,190.0,190.0,500.0,500.0,0.0,0.0,0.0,0.3,0.01
1.6,190.1,6.19,49.8,11,190.0,190.0,190.0,500.0,500.0,0.0,0.0,0.0,0.3,0.01
1.6,190.1,6.19,50.0,12,190.0,190.0,190.0,500.0,500.0,0.0,0.0,0.0,0.3,0.01
1.5,189.7,6.19,50.0,13,190.0,190.0,190.0,500.0,500.0,0.0,0.0,0.0,0.3,0.01
1.5,189.2,6.19,50.0,14,190.0,190.0,190.0,500.0,500.0,0.0,0.0,0.0,0.3,0.01
1.4,188.3,6.19,50.0,15,190.0,190.0,190.0,500.0,500.0,0.0,0.0,0.0,0.3,0.02
1.4,187.5,6.19,50.0,16,190.0,190.0,190.0,500.0,500.0,0.0,0.0,0.0,0.3,0.02
1.4,186.7,6.19,50.0,17,190.0,190.0,190.0,500.0,500.0,0.0,0.0,0.0,0.3,0.02
1.4,186.1,6.19,50.0,18,190.0,190.0,190.0,500.0,500.0,0.0,0.0,0.0,0.3,0.02
1.4,185.5,6.19,50.0,19,190.0,190.0,190.0,500.0,500.0,0.0,0.0,0.0,0.3,0.02
1.3,185.0,6.19,50.0,20,190.0,190.0,190.0,500.0,500.0,0.0,0.0,0.0,0.3,0.02
1.3,184.5,6.19,49.8,21,190.0,190.0,190.0,500.0,500.0,0.0,0.0,0.0,0.3,0.02
1.3,184.2,6.19,49.8,22,190.0,190.0,190.0,500.0,500.0,0.0,0.0,0.0,0.3,0.02
1.2,183.8,6.19,49.8,23,190.0,190.0,190.0,500.0,500.0,0.0,0.0,0.0,0.3,0.02
1.2,183.5,6.19,49.8,24,190.0,190.0,190.0,500.0,500.0,0.0,0.0,0.0,0.3,0.03
1.1,183.1,6.19,49.8,25,190.0,190.0,190.0,500.0,500.0,0.0,0.0,0.0,0.3,0.03
1.1,182.9,6.19,50.0,26,190.0,190.0,190.0,500.0,500.0,0.0,0.0,0.0,0.3,0.03
1.1,182.6,6.19,49.8,27,190.0,190.0,190.0,500.0,500.0,0.0,0.0,0.0,0.3,0.03
1.1,182.4,6.19,49.8,28,190.0,190.0,190.0,500.0,500.0,0.0,0.0,0.0,0.3,0.03
1.0,182.3,6.19,49.6,29,190.0,190.0,190.0,500.0,500.0,0.0,0.0,0.0,0.3,0.03
1.0,182.0,6.19,49.6,30,190.0,190.0,190.0,500.0,500.0,0.0,0.0,0.0,0.3,0.03
0.9,181.8,6.19,49.4,31,190.0,190.0,190.0,500.0,500.0,0.0,0.0,0.0,0.3,0.03
0.9,181.6,6.19,49.6,32,190.0,190.0,190.0,500.0,500.0,0.0,0.0,0.0,0.3,0.03
0.8,181.5,6.19,49.6,33,190.0,190.0,190.0,500.0,500.0,0.0,0.0,0.0,0.3,0.03
0.7,181.4,6.19,49.6,34,190.0,190.0,190.0,500.0,500.0,0.0,0.0,0.0,0.3,0.03
0.7,181.2,6.19,49.6,35,190.0,190.0,190.0,500.0,500.0,0.0,0.0,0.0,0.3,0.03
0.7,180.9,6.19,49.8,36,190.0,190.0,190.0,500.0,500.0,0.0,0.0,0.0,0.3,0.03
0.5,180.5,6.19,49.8,37,190.0,190.0,190.0,500.0,500.0,0.0,0.0,0.0,0.3,0.03
0.4,180.3,6.19,49.8,38,190.0,190.0,190.0,500.0,500.0,0.0,0.0,0.0,0.3,0.04
0.4,180.1,6.19,49.8,39,190.0,190.0,190.0,500.0,500.0,0.0,0.0,0.0,0.3,0.04
0.3,179.8,6.19,49.6,40,190.0,190.0,190.0,500.0,500.0,0.0,0.0,0.0,0.3,0.04
0.3,179.4,6.19,49.6,41,190.0,190.0,190.0,500.0,500.0,0.0,0.0,0.0,0.3,0.04
0.4,179.1,6.19,49.6,42,190.0,190.0,190.0,500.0,500.0,0.0,0.0,0.0,0.3,0.04
0.6,178.9,6.19,49.6,43,190.0,190.0,190.0,500.0,500.0,0.0,0.0,0.0,0.3,0.04
0.8,178.7,6.19,49.8,44,190.0,190.0,190.0,500.0,500.0,0.0,0.0,0.0,0.3,0.04
1.0,178.8,6.19,49.8,45,190.0,190.0,190.0,500.0,500.0,0.0,0.0,0.0,0.3,0.04
1.2,179.0,6.19,49.8,46,190.0,190.0,190.0,500.0,500.0,0.0,0.0,0.0,0.3,0.04
1.3,179.2,6.19,49.8,47,190.0,190.0,190.0,500.0,500.0,0.0,0.0,0.0,0.3,0.04
1.4,179.4,6.19,49.8,48,190.0,190.0,190.0,500.0,500.0,0.0,0.0,0.0,0.3,0.04
1.4,179.7,6.19,49.8,49,190.0,190.0,190.0,500.0,500.0,0.0,0.0,0.0,0.3,0.04
1.4,179.9,6.19,50.0,50,190.0,190.0,190.0,500.0,500.0,0.0,0.0,0.0,0.3,0.04
1.4,180.2,6.19,50.0,51,190.0,190.0,190.0,500.0,500.0,0.0,0.0,0.0,0.3,0.04
1.4,180.5,6.19,49.8,52,190.0,190.0,190.0,500.0,500.0,0.0,0.0,0.0,0.3,0.05
1.4,180.7,6.19,49.8,53,190.0,190.0,190.0,500.0,500.0,0.0,0.0,0.0,0.3,0.05
1.4,180.9,6.19,49.8,54,190.0,190.0,190.0,500.0,500.0,0.0,0.0,0.0,0.3,0.05
1.3,181.1,6.19,49.8,55,190.0,190.0,190.0,500.0,500.0,0.0,0.0,0.0,0.3,0.05
1.2,181.3,6.19,49.8,56,190.0,190.0,190.0,500.0,500.0,0.0,0.0,0.0,0.3,0.05
1.1,181.5,6.19,50.0,57,190.0,190.0,190.0,500.0,500.0,0.0,0.0,0.0,0.3,0.05
1.0,181.6,6.19,49.8,58,190.0,190.0,190.0,500.0,500.0,0.0,0.0,0.0,0.3,0.05
1.6,181.6,6.19,49.6,59,190.0,190.0,190.0,500.0,500.0,0.0,0.0,0.0,0.3,0.05
1.8,181.3,6.19,49.6,60,190.0,190.0,190.0,500.0,500.0,0.0,0.0,0.0,0.3,0.06
1.7,180.7,6.19,49.6,61,190.0,190.0,190.0,500.0,500.0,0.0,0.0,0.0,0.3,0.06
1.7,179.9,6.19,49.6,62,190.0,190.0,190.0,500.0,500.0,0.0,0.0,0.0,0.3,0.06
2.2,179.0,6.19,49.8,63,190.0,190.0,190.0,500.0,500.0,0.0,0.0,0.0,0.3,0.06
1.9,178.3,6.19,49.8,64,190.0,190.0,190.0,500.0,500.0,0.0,0.0,0.0,0.3,0.06
2.3,177.7,6.19,49.8,65,190.0,190.0,190.0,500.0,500.0,0.0,0.0,0.0,0.3,0.06
2.4,177.4,6.19,49.8,66,190.0,190.0,190.0,500.0,500.0,0.0,0.0,0.0,0.3,0.07
2.6,177.1,6.19,49.8,67,190.0,190.0,190.0,500.0,500.0,0.0,0.0,0.0,0.3,0.07
2.3,177.0,6.19,49.8,68,190.0,190.0,190.0,500.0,500.0,0.0,0.0,0.0,0.3,0.07
1.8,176.9,6.19,50.0,69,190.0,190.0,190.0,500.0,500.0,0.0,0.0,0.0,0.3,0.07
1.8,176.9,6.19,49.8,70,190.0,190.0,190.0,500.0,500.0,0.0,0.0,0.0,0.3,0.07
1.6,176.9,6.19,49.8,71,190.0,190.0,190.0,500.0,500.0,0.0,0.0,0.0,0.3,0.07
1.9,176.8,6.19,49.8,72,190.0,190.0,190.0,500.0,500.0,0.0,0.0,0.0,0.3,0.08
1.9,176.6,6.19,49.6,73,190.0,190.0,190.0,500.0,500.0,0.0,0.0,0.0,0.3,0.08
1.9,176.5,6.19,49.6,74,190.0,190.0,190.0,500.0,500.0,0.0,0.0,0.0,0.3,0.08
1.5,176.5,6.19,49.6,75,190.0,190.0,190.0,500.0,500.0,0.0,0.0,0.0,0.3,0.08
1.9,176.8,6.19,49.6,76,190.0,190.0,190.0,500.0,500.0,0.0,0.0,0.0,0.3,0.08
1.5,177.1,6.19,49.6,77,190.0,190.0,190.0,500.0,500.0,0.0,0.0,0.0,0.3,0.08
1.2,177.3,6.19,49.6,78,190.0,190.0,190.0,500.0,500.0,0.0,0.0,0.0,0.3,0.08
1.3,177.4,6.19,49.6,79,190.0,190.0,190.0,500.0,500.0,0.0,0.0,0.0,0.3,0.08
1.3,177.5,6.19,49.8,80,190.0,190.0,190.0,500.0,500.0,0.0,0.0,0.0,0.3,0.09
1.3,177.5,6.19,49.8,81,190.0,190.0,190.0,500.0,500.0,0.0,0.0,0.0,0.3,0.09
1.7,177.5,6.19,49.8,82,190.0,190.0,190.0,500.0,500.0,0.0,0.0,0.0,0.3,0.09
1.8,177.8,6.19,50.0,83,190.0,190.0,190.0,500.0,500.0,0.0,0.0,0.0,0.3,0.09
1.9,178.1,6.19,49.8,84,190.0,190.0,190.0,500.0,500.0,0.0,0.0,0.0,0.3,0.09
1.8,178.3,6.19,49.8,85,190.0,190.0,190.0,500.0,500.0,0.0,0.0,0.0,0.3,0.09
1.7,178.5,6.19,49.8,86,190.0,190.0,190.0,500.0,500.0,0.0,0.0,0.0,0.3,0.09
1.8,178.5,6.19,49.8,87,190.0,190.0,190.0,500.0,500.0,0.0,0.0,0.0,0.3,0.10
2.2,178.7,6.19,49.8,88,190.0,190.0,190.0,500.0,500.0,0.0,0.0,0.0,0.3,0.10
2.1,178.9,6.19,49.8,89,190.0,190.0,190.0,500.0,500.0,0.0,0.0,0.0,0.3,0.10
2.4,179.2,6.19,49.8,90,190.0,190.0,190.0,500.0,500.0,0.0,0.0,0.0,0.3,0.10
2.6,179.4,6.19,49.8,91,190.0,190.0,190.0,500.0,500.0,0.0,0.0,0.0,0.3,0.10
2.6,179.5,6.19,49.8,92,190.0,190.0,190.0,500.0,500.0,0.0,0.0,0.0,0.3,0.11
2.6,179.7,6.19,49.8,93,190.0,190.0,190.0,500.0,500.0,0.0,0.0,0.0,0.3,0.11
2.4,180.0,6.19,50.0,94,190.0,190.0,190.0,500.0,500.0,0.0,0.0,0.0,0.3,0.11
2.2,180.3,6.19,49.8,95,190.0,190.0,190.0,500.0,500.0,0.0,0.0,0.0,0.3,0.11
2.1,180.7,6.19,49.8,96,190.0,190.0,190.0,500.0,500.0,0.0,0.0,0.0,0.3,0.11
2.1,181.0,6.19,49.8,97,190.0,190.0,190.0,500.0,500.0,0.0,0.0,0.0,0.3,0.11
2.2,181.3,6.19,49.6,98,190.0,190.0,190.0,500.0,500.0,0.0,0.0,0.0,0.3,0.12
2.4,181.5,6.19,49.6,99,190.0,190.0,190.0,500.0,500.0,0.0,0.0,0.0,0.3,0.12
2.5,181.9,6.19,49.8,100,190.0,190.0,190.0,500.0,500.0,0.0,0.0,0.0,0.3,0.12
2.3,182.2,6.19,49.8,101,190.0,190.0,190.0,500.0,500.0,0.0,0.0,0.0,0.3,0.12
2.3,182.4,6.19,49.8,102,190.0,190.0,190.0,500.0,500.0,0.0,0.0,0.0,0.3,0.12
2.3,182.7,6.19,49.8,103,190.0,190.0,190.0,500.0,500.0,0.0,0.0,0.0,0.3,0.13
2.5,183.0,6.19,49.8,104,190.0,190.0,190.0,500.0,500.0,0.0,0.0,0.0,0.3,0.13
2.7,183.1,6.19,49.8,105,190.0,190.0,190.0,500.0,500.0,0.0,0.0,0.0,0.3,0.13
2.9,183.2,6.19,49.8,106,190.0,190.0,190.0,500.0,500.0,0.0,0.0,0.0,0.3,0.13
3.1,183.1,6.19,49.8,107,190.0,190.0,190.0,500.0,500.0,0.0,0.0,0.0,0.3,0.14
3.1,183.0,6.19,49.8,108,190.0,190.0,190.0,500.0,500.0,0.0,0.0,0.0,0.3,0.14
2.9,183.0,6.19,49.8,109,190.0,190.0,190.0,500.0,500.0,0.0,0.0,0.0,0.3,0.14
2.8,182.8,6.19,49.8,110,190.0,190.0,190.0,500.0,500.0,0.0,0.0,0.0,0.3,0.14
2.6,182.7,6.19,49.8,111,190.0,190.0,190.0,500.0,500.0,0.0,0.0,0.0,0.3,0.14
2.4,182.6,6.19,49.8,112,190.0,190.0,190.0,500.0,500.0,0.0,0.0,0.0,0.3,0.15
2.4,182.7,6.19,50.0,113,190.0,190.0,190.0,500.0,500.0,0.0,0.0,0.0,0.3,0.15
2.7,182.9,6.19,50.0,114,190.0,190.0,190.0,500.0,500.0,0.0,0.0,0.0,0.3,0.15
3.1,183.0,6.19,50.0,115,190.0,190.0,190.0,500.0,500.0,0.0,0.0,0.0,0.3,0.15
3.4,183.1,6.19,50.0,116,190.0,190.0,190.0,500.0,500.0,0.0,0.0,0.0,0.3,0.16
3.4,183.2,6.19,49.8,117,190.0,190.0,190.0,500.0,500.0,0.0,0.0,0.0,0.3,0.16
3.6,183.1,6.19,49.8,118,190.0,190.0,190.0,500.0,500.0,0.0,0.0,0.0,0.3,0.16
3.8,182.9,6.19,49.8,119,190.0,190.0,190.0,500.0,500.0,0.0,0.0,0.0,0.3,0.17
3.6,182.7,6.19,49.8,120,190.0,190.0,190.0,500.0,500.0,0.0,0.0,0.0,0.3,0.17
3.5,182.6,6.19,49.8,121,190.0,190.0,190.0,500.0,500.0,0.0,0.0,0.0,0.3,0.17
3.6,182.6,6.19,49.8,122,190.0,190.0,190.0,500.0,500.0,0.0,0.0,0.0,0.3,0.17
3.6,182.5,6.19,49.8,123,190.0,190.0,190.0,500.0,500.0,0.0,0.0,0.0,0.3,0.18
3.5,182.4,6.19,49.8,124,190.0,190.0,190.0,500.0,500.0,0.0,0.0,0.0,0.3,0.18
3.5,182.3,6.19,49.8,125,190.0,190.0,190.0,500.0,500.0,0.0,0.0,0.0,0.3,0.18
3.3,182.2,6.19,49.8,126,190.0,190.0,190.0,500.0,500.0,0.0,0.0,0.0,0.3,0.19
3.4,182.3,6.19,50.0,127,190.0,190.0,190.0,500.0,500.0,0.0,0.0,0.0,0.3,0.19
3.4,182.3,6.19,49.8,128,190.0,190.0,190.0,500.0,500.0,0.0,0.0,0.0,0.3,0.19
3.4,182.3,6.19,49.8,129,190.0,190.0,190.0,500.0,500.0,0.0,0.0,0.0,0.3,0.19
3.8,182.3,6.19,49.8,130,190.0,190.0,190.0,500.0,500.0,0.0,0.0,0.0,0.3,0.20
4.0,182.3,6.19,49.8,131,190.0,190.0,190.0,500.0,500.0,0.0,0.0,0.0,0.3,0.20
4.0,182.3,6.19,49.8,132,190.0,190.0,190.0,500.0,500.0,0.0,0.0,0.0,0.3,0.20
3.9,182.3,6.19,50.0,133,190.0,190.0,190.0,500.0,500.0,0.0,0.0,0.0,0.3,0.21
3.8,182.3,6.19,49.8,134,190.0,190.0,190.0,500.0,500.0,0.0,0.0,0.0,0.3,0.21
3.6,182.4,6.19,49.8,135,190.0,190.0,190.0,500.0,500.0,0.0,0.0,0.0,0.3,0.21
3.8,182.3,6.19,49.8,136,190.0,190.0,190.0,500.0,500.0,0.0,0.0,0.0,0.3,0.22
3.9,182.1,6.19,49.6,137,190.0,190.0,190.0,500.0,500.0,0.0,0.0,0.0,0.3,0.22
4.0,181.9,6.19,49.6,138,190.0,190.0,190.0,500.0,500.0,0.0,0.0,0.0,0.3,0.22
4.2,181.7,6.19,49.6,139,190.0,190.0,190.0,500.0,500.0,0.0,0.0,0.0,0.3,0.23
4.3,181.7,6.19,49.6,140,190.0,190.0,190.0,500.0,500.0,0.0,0.0,0.0,0.3,0.23
4.1,181.7,6.19,49.6,141,190.0,190.0,190.0,500.0,500.0,0.0,0.0,0.0,0.3,0.23
3.9,181.9,6.19,49.8,142,190.0,190.0,190.0,500.0,500.0,0.0,0.0,0.0,0.3,0.24
4.0,182.1,6.19,49.6,143,190.0,190.0,190.0,500.0,500.0,0.0,0.0,0.0,0.3,0.24
4.0,182.3,6.19,49.8,144,190.0,190.0,190.0,500.0,500.0,0.0,0.0,0.0,0.3,0.24
4.2,182.4,6.19,49.8,145,190.0,190.0,190.0,500.0,500.0,0.0,0.0,0.0,0.3,0.25
5.0,182.5,6.19,49.8,146,190.0,190.0,190.0,500.0,500.0,0.0,0.0,0.0,0.3,0.25
6.1,182.6,6.19,49.6,147,190.0,190.0,190.0,500.0,500.0,0.0,0.0,0.0,0.3,0.26
7.2,182.4,6.19,49.8,148,190.0,190.0,190.0,500.0,500.0,0.0,0.0,0.0,0.3,0.26
9.9,181.8,6.19,49.8,149,190.0,190.0,190.0,500.0,500.0,0.0,0.0,0.0,0.3,0.27
13.9,180.6,6.19,49.8,150,190.0,190.0,190.0,500.0,500.0,0.0,0.0,0.0,0.3,0.28
17.6,179.0,6.19,49.8,151,190.0,190.0,190.0,500.0,500.0,0.0,0.0,0.0,0.3,0.30
20.7,177.4,6.19,49.8,152,190.0,190.0,190.0,500.0,500.0,0.0,0.0,0.0,0.3,0.31
23.5,175.9,6.19,49.8,153,190.0,190.0,190.0,500.0,500.0,0.0,0.0,0.0,0.3,0.33
23.5,174.8,6.19,49.8,154,190.0,190.0,190.0,500.0,500.0,0.0,0.0,0.0,0.3,0.35
22.5,174.3,6.19,49.8,155,190.0,190.0,190.0,500.0,500.0,0.0,0.0,0.0,0.3,0.37
20.8,174.2,6.19,49.8,156,190.0,190.0,190.0,500.0,500.0,0.0,0.0,0.0,0.3,0.39
18.9,174.2,6.19,50.0,157,190.0,190.0,190.0,500.0,500.0,0.0,0.0,0.0,0.3,0.40
16.7,174.2,6.19,49.8,158,190.0,190.0,190.0,500.0,500.0,0.0,0.0,0.0,0.3,0.42
16.0,174.5,6.19,49.8,159,190.0,190.0,190.0,500.0,500.0,0.0,0.0,0.0,0.3,0.43
14.7,174.9,6.19,49.8,160,190.0,190.0,190.0,500.0,500.0,0.0,0.0,0.0,0.3,0.44
14.1,175.4,6.19,49.6,161,190.0,190.0,190.0,500.0,500.0,0.0,0.0,0.0,0.3,0.46
13.9,176.0,6.19,49.6,162,190.0,190.0,190.0,500.0,500.0,0.0,0.0,0.0,0.3,0.47
13.8,176.4,6.19,49.8,163,190.0,190.0,190.0,500.0,500.0,0.0,0.0,0.0,0.3,0.48
13.5,176.8,6.19,49.8,164,190.0,190.0,190.0,500.0,500.0,0.0,0.0,0.0,0.3,0.49
13.3,177.2,6.19,49.8,165,190.0,190.0,190.0,500.0,500.0,0.0,0.0,0.0,0.3,0.50
13.1,177.8,6.19,50.0,166,190.0,190.0,190.0,500.0,500.0,0.0,0.0,0.0,0.3,0.51
12.9,178.4,6.19,49.8,167,190.0,190.0,190.0,500.0,500.0,0.0,0.0,0.0,0.3,0.52
13.1,178.9,6.19,49.8,168,190.0,190.0,190.0,500.0,500.0,0.0,0.0,0.0,0.3,0.53
13.1,179.4,6.19,49.8,169,190.0,190.0,190.0,500.0,500.0,0.0,0.0,0.0,0.3,0.54
13.0,180.0,6.19,49.8,170,190.0,190.0,190.0,500.0,500.0,0.0,0.0,0.0,0.3,0.55
13.1,180.4,6.19,49.8,171,190.0,190.0,190.0,500.0,500.0,0.0,0.0,0.0,0.3,0.57
13.2,180.9,6.19,49.8,172,190.0,190.0,190.0,500.0,500.0,0.0,0.0,0.0,0.3,0.58
13.0,181.3,6.19,49.8,173,190.0,190.0,190.0,500.0,500.0,0.0,0.0,0.0,0.3,0.59
12.9,181.8,6.19,49.8,174,190.0,190.0,190.0,500.0,500.0,0.0,0.0,0.0,0.3,0.60
12.8,182.2,6.19,49.8,175,190.0,190.0,190.0,500.0,500.0,0.0,0.0,0.0,0.3,0.61
12.7,182.5,6.19,49.8,176,190.0,190.0,190.0,500.0,500.0,0.0,0.0,0.0,0.3,0.62
12.9,182.9,6.19,50.0,177,190.0,190.0,190.0,500.0,500.0,0.0,0.0,0.0,0.3,0.63
13.1,183.3,6.19,49.8,178,190.0,190.0,190.0,500.0,500.0,0.0,0.0,0.0,0.3,0.64
13.2,183.7,6.19,49.8,179,190.0,190.0,190.0,500.0,500.0,0.0,0.0,0.0,0.3,0.65
13.0,184.1,6.19,49.8,180,190.0,190.0,190.0,500.0,500.0,0.0,0.0,0.0,0.3,0.66
12.6,184.4,6.19,49.8,181,190.0,190.0,190.0,500.0,500.0,0.0,0.0,0.0,0.3,0.67
12.2,184.7,6.19,49.6,182,190.0,190.0,190.0,500.0,500.0,0.0,0.0,0.0,0.3,0.68
11.8,185.0,6.19,49.8,183,190.0,190.0,190.0,500.0,500.0,0.0,0.0,0.0,0.3,0.69
11.7,185.3,6.19,49.8,184,190.0,190.0,190.0,500.0,500.0,0.0,0.0,0.0,0.3,0.70
12.0,185.5,6.19,49.8,185,190.0,190.0,190.0,500.0,500.0,0.0,0.0,0.0,0.3,0.71
12.2,185.8,6.19,49.8,186,190.0,190.0,190.0,500.0,500.0,0.0,0.0,0.0,0.3,0.72
12.4,186.1,6.19,50.0,187,190.0,190.0,190.0,500.0,500.0,0.0,0.0,0.0,0.3,0.73
12.5,186.3,6.19,49.8,188,190.0,190.0,190.0,500.0,500.0,0.0,0.0,0.0,0.3,0.74
12.2,186.6,6.19,49.8,189,190.0,190.0,190.0,500.0,500.0,0.0,0.0,0.0,0.3,0.75
11.8,186.9,6.19,49.8,190,190.0,190.0,190.0,500.0,500.0,0.0,0.0,0.0,0.3,0.76
11.6,187.1,6.19,49.8,191,190.0,190.0,190.0,500.0,500.0,0.0,0.0,0.0,0.3,0.77
11.3,187.3,6.19,49.6,192,190.0,190.0,190.0,500.0,500.0,0.0,0.0,0.0,0.3,0.78
11.3,187.5,6.19,49.8,193,190.0,190.0,190.0,500.0,500.0,0.0,0.0,0.0,0.3,0.79
11.6,187.6,6.19,49.8,194,190.0,190.0,190.0,500.0,500.0,0.0,0.0,0.0,0.3,0.80
12.0,187.8,6.19,49.8,195,190.0,190.0,190.0,500.0,500.0,0.0,0.0,0.0,0.3,0.81
12.1,187.9,6.19,49.8,196,190.0,190.0,190.0,500.0,500.0,0.0,0.0,0.0,0.3,0.82
11.9,188.1,6.19,50.0,197,190.0,190.0,190.0,500.0,500.0,0.0,0.0,0.0,0.3,0.83
11.7,188.3,6.19,49.8,198,190.0,190.0,190.0,500.0,500.0,0.0,0.0,0.0,0.3,0.84
11.6,188.4,6.19,49.8,199,190.0,190.0,190.0,500.0,500.0,0.0,0.0,0.0,0.3,0.85
11.7,188.6,6.19,49.8,200,190.0,190.0,190.0,500.0,500.0,0.0,0.0,0.0,0.3,0.86
11.6,188.8,6.19,49.8,201,190.0,190.0,190.0,500.0,500.0,0.0,0.0,0.0,0.3,0.87
12.0,188.9,6.19,49.8,202,190.0,190.0,190.0,500.0,500.0,0.0,0.0,0.0,0.3,0.88
12.1,189.1,6.19,49.8,203,190.0,190.0,190.0,500.0,500.0,0.0,0.0,0.0,0.3,0.89
12.0,189.3,6.19,49.8,204,190.0,190.0,190.0,500.0,500.0,0.0,0.0,0.0,0.3,0.90
12.0,189.4,6.19,49.8,205,190.0,190.0,190.0,500.0,500.0,0.0,0.0,0.0,0.3,0.91
12.0,189.6,6.19,49.8,206,190.0,190.0,190.0,500.0,500.0,0.0,0.0,0.0,0.3,0.92
11.6,189.8,6.19,49.8,207,190.0,190.0,190.0,500.0,500.0,0.0,0.0,0.0,0.3,0.93
11.5,189.9,6.19,49.8,208,190.0,190.0,190.0,500.0,500.0,0.0,0.0,0.0,0.3,0.94
11.6,190.0,6.19,49.8,209,190.0,190.0,190.0,500.0,500.0,0.0,0.0,0.0,0.3,0.95
11.6,190.1,6.19,49.8,210,190.0,190.0,190.0,500.0,500.0,0.0,0.0,0.0,0.3,0.96
11.6,190.2,6.19,49.8,211,190.0,190.0,190.0,500.0,500.0,0.0,0.0,0.0,0.3,0.97
11.4,190.4,6.19,49.6,212,190.0,190.0,190.0,500.0,500.0,0.0,0.0,0.0,0.3,0.98
11.1,190.5,6.19,49.8,213,190.0,190.0,190.0,500.0,500.0,0.0,0.0,0.0,0.3,0.99
10.8,190.6,6.19,49.8,214,190.0,190.0,190.0,500.0,500.0,0.0,0.0,0.0,0.3,1.00
10.7,190.7,6.19,49.8,215,190.0,190.0,190.0,500.0,500.0,0.0,0.0,0.0,0.3,1.00
10.3,190.8,6.19,49.8,216,190.0,190.0,190.0,500.0,500.0,0.0,0.0,0.0,0.3,1.01
10.4,190.9,6.19,49.8,217,190.0,190.0,190.0,500.0,500.0,0.0,0.0,0.0,0.3,1.02
10.5,191.0,6.19,49.8,218,190.0,190.0,190.0,500.0,500.0,0.0,0.0,0.0,0.3,1.03
10.5,191.1,6.19,49.8,219,190.0,190.0,190.0,500.0,500.0,0.0,0.0,0.0,0.3,1.04
10.4,191.2,6.19,49.8,220,190.0,190.0,190.0,500.0,500.0,0.0,0.0,0.0,0.3,1.05
10.3,191.2,6.19,49.8,221,190.0,190.0,190.0,500.0,500.0,0.0,0.0,0.0,0.3,1.06
10.3,191.3,6.19,50.0,222,190.0,190.0,190.0,500.0,500.0,0.0,0.0,0.0,0.3,1.06
10.1,191.4,6.19,49.8,223,190.0,190.0,190.0,500.0,500.0,0.0,0.0,0.0,0.3,1.07
9.9,191.5,6.19,49.8,224,190.0,190.0,190.0,500.0,500.0,0.0,0.0,0.0,0.3,1.08
9.9,191.5,6.19,49.8,225,190.0,190.0,190.0,500.0,500.0,0.0,0.0,0.0,0.3,1.09
10.2,191.6,6.19,49.8,226,190.0,190.0,190.0,500.0,500.0,0.0,0.0,0.0,0.3,1.10
10.5,191.7,6.19,49.8,227,190.0,190.0,190.0,500.0,500.0,0.0,0.0,0.0,0.3,1.11
10.8,191.8,6.19,50.0,228,190.0,190.0,190.0,500.0,500.0,0.0,0.0,0.0,0.3,1.12
10.7,191.8,6.19,49.8,229,190.0,190.0,190.0,500.0,500.0,0.0,0.0,0.0,0.3,1.12
10.5,191.9,6.19,49.8,230,190.0,190.0,190.0,500.0,500.0,0.0,0.0,0.0,0.3,1.13
10.3,192.0,6.19,49.8,231,190.0,190.0,190.0,500.0,500.0,0.0,0.0,0.0,0.3,1.14
9.9,192.0,6.19,49.8,232,190.0,190.0,190.0,500.0,500.0,0.0,0.0,0.0,0.3,1.15
9.8,192.1,6.19,49.8,233,190.0,190.0,190.0,500.0,500.0,0.0,0.0,0.0,0.3,1.16
9.9,192.1,6.19,49.8,234,190.0,190.0,190.0,500.0,500.0,0.0,0.0,0.0,0.3,1.17
10.1,192.2,6.19,49.8,235,190.0,190.0,190.0,500.0,500.0,0.0,0.0,0.0,0.3,1.17
10.4,192.2,6.19,49.8,236,190.0,190.0,190.0,500.0,500.0,0.0,0.0,0.0,0.3,1.18
10.9,192.3,6.19,49.8,237,190.0,190.0,190.0,500.0,500.0,0.0,0.0,0.0,0.3,1.19
10.8,192.4,6.19,49.8,238,190.0,190.0,190.0,500.0,500.0,0.0,0.0,0.0,0.3,1.20
10.8,192.4,6.19,50.0,239,190.0,190.0,190.0,500.0,500.0,0.0,0.0,0.0,0.3,1.21
10.7,192.5,6.19,50.0,240,190.0,190.1,190.0,500.0,500.0,0.0,0.0,0.0,0.3,1.22
10.6,192.5,6.19,50.0,241,190.0,190.1,190.0,500.0,500.0,0.0,0.0,0.0,0.3,1.23
10.6,192.6,6.19,50.0,242,190.0,190.1,190.0,500.0,500.0,0.0,0.0,0.0,0.3,1.24
10.7,192.7,6.19,49.8,243,190.0,190.1,190.0,500.0,500.0,0.0,0.0,0.0,0.3,1.25
10.6,192.7,6.19,49.8,244,190.0,190.1,190.0,500.0,500.0,0.0,0.0,0.0,0.3,1.25
10.3,192.7,6.19,49.8,245,190.0,190.2,190.0,500.0,500.0,0.0,0.0,0.0,0.3,1.26
10.4,192.8,6.19,49.8,246,190.0,190.2,190.0,500.0,500.0,0.0,0.0,0.0,0.3,1.27
10.3,192.9,6.19,49.8,247,190.0,190.2,190.0,500.0,500.0,0.0,0.0,0.0,0.3,1.28
10.0,192.9,6.19,49.8,248,190.0,190.2,190.0,500.0,500.0,0.0,0.0,0.0,0.3,1.29
10.2,193.0,6.19,49.8,249,190.0,190.1,190.0,500.0,500.0,0.0,0.0,0.0,0.3,1.30
10.3,193.1,6.19,49.8,250,190.0,190.0,190.0,500.0,500.0,0.0,0.0,0.0,0.3,1.31
10.3,193.1,6.19,49.8,251,190.0,190.0,190.0,500.0,500.0,0.0,0.0,0.0,0.3,1.31
10.3,193.2,6.19,49.8,252,190.0,190.0,190.0,500.0,500.0,0.0,0.0,0.0,0.3,1.32
10.5,193.2,6.19,50.0,253,190.0,190.0,190.0,500.0,500.0,0.0,0.0,0.0,0.3,1.33
10.4,193.2,6.19,49.8,254,190.0,190.0,190.0,500.0,500.0,0.0,0.0,0.0,0.3,1.34
10.3,193.2,6.19,49.8,255,190.0,190.0,190.0,500.0,500.0,0.0,0.0,0.0,0.3,1.35
10.1,193.3,6.19,49.8,256,190.0,190.0,190.0,500.0,500.0,0.0,0.0,0.0,0.3,1.36
10.0,193.4,6.19,49.8,257,190.0,190.0,190.0,500.0,500.0,0.0,0.0,0.0,0.3,1.37
10.2,193.4,6.19,49.8,258,190.0,190.0,190.0,500.0,500.0,0.0,0.0,0.0,0.3,1.37
10.6,193.5,6.19,50.0,259,190.0,190.0,190.0,500.0,500.0,0.0,0.0,0.0,0.3,1.38
10.8,193.5,6.19,50.0,260,190.0,190.0,190.0,500.0,500.0,0.0,0.0,0.0,0.3,1.39
10.5,193.5,6.19,50.0,261,190.0,190.0,190.0,500.0,500.0,0.0,0.0,0.0,0.3,1.40
10.5,193.6,6.19,50.0,262,190.0,190.0,190.0,500.0,500.0,0.0,0.0,0.0,0.3,1.41
10.3,193.6,6.19,50.0,263,190.0,190.0,190.0,500.0,500.0,0.0,0.0,0.0,0.3,1.42
10.0,193.6,6.19,50.0,264,190.0,190.0,190.0,500.0,500.0,0.0,0.0,0.0,0.3,1.43
9.8,193.6,6.19,49.8,265,190.0,190.0,190.0,500.0,500.0,0.0,0.0,0.0,0.3,1.43
10.2,193.6,6.19,49.8,266,190.0,190.0,190.0,500.0,500.0,0.0,0.0,0.0,0.3,1.44
10.3,193.7,6.19,49.8,267,190.0,190.0,190.0,500.0,500.0,0.0,0.0,0.0,0.3,1.45
10.5,193.7,6.19,49.8,268,190.0,190.0,190.0,500.0,500.0,0.0,0.0,0.0,0.3,1.46
11.0,193.7,6.19,49.6,269,190.0,190.0,190.0,500.0,500.0,0.0,0.0,0.0,0.3,1.47
11.0,193.8,6.19,49.8,270,190.0,190.0,190.0,500.0,500.0,0.0,0.0,0.0,0.3,1.48
10.8,193.8,6.19,49.8,271,190.0,190.0,190.0,500.0,500.0,0.0,0.0,0.0,0.3,1.49
10.7,193.8,6.19,49.8,272,190.0,190.0,190.0,500.0,500.0,0.0,0.0,0.0,0.3,1.50
10.6,193.8,6.19,49.8,273,190.0,190.0,190.0,500.0,500.0,0.0,0.0,0.0,0.3,1.50
10.4,193.8,6.19,49.8,274,190.0,190.0,190.0,500.0,500.0,0.0,0.0,0.0,0.3,1.51
10.4,193.8,6.19,49.8,275,190.0,190.0,190.0,500.0,500.0,0.0,0.0,0.0,0.3,1.52
10.4,193.9,6.19,49.8,276,190.0,190.0,190.0,500.0,500.0,0.0,0.0,0.0,0.3,1.53
10.2,193.9,6.19,49.8,277,190.0,190.0,190.0,500.0,500.0,0.0,0.0,0.0,0.3,1.54
10.2,193.9,6.19,49.8,278,190.0,190.0,190.0,500.0,500.0,0.0,0.0,0.0,0.3,1.55
9.9,194.0,6.19,49.8,279,190.0,190.0,190.0,500.0,500.0,0.0,0.0,0.0,0.3,1.56
9.7,194.0,6.19,49.8,280,190.0,190.0,190.0,500.0,500.0,0.0,0.0,0.0,0.3,1.56
9.7,194.0,6.19,49.8,281,190.0,190.0,190.0,500.0,500.0,0.0,0.0,0.0,0.3,1.57
9.8,194.1,6.19,49.8,282,190.0,190.0,190.0,500.0,500.0,0.0,0.0,0.0,0.3,1.58
9.6,194.1,6.19,49.8,283,190.0,190.0,190.0,500.0,500.0,0.0,0.0,0.0,0.3,1.59
9.7,194.1,6.19,50.0,284,190.0,190.0,190.0,500.0,500.0,0.0,0.0,0.0,0.3,1.60
9.9,194.1,6.19,49.8,285,190.0,190.0,190.0,500.0,500.0,0.0,0.0,0.0,0.3,1.60
10.0,194.1,6.19,49.8,286,190.0,190.0,190.0,500.0,500.0,0.0,0.0,0.0,0.3,1.61
9.9,194.1,6.19,49.8,287,190.0,190.0,190.0,500.0,500.0,0.0,0.0,0.0,0.3,1.62
9.9,194.1,6.19,49.8,288,190.0,190.0,190.0,500.0,500.0,0.0,0.0,0.0,0.3,1.63
10.1,194.2,6.19,49.6,289,190.0,190.0,190.0,500.0,500.0,0.0,0.0,0.0,0.3,1.64
10.3,194.2,6.19,49.8,290,190.0,190.0,190.0,500.0,500.0,0.0,0.0,0.0,0.3,1.65
10.7,194.3,6.19,49.8,291,190.0,190.0,190.0,500.0,500.0,0.0,0.0,0.0,0.3,1.66
10.7,194.3,6.19,49.8,292,190.0,190.0,190.0,500.0,500.0,0.0,0.0,0.0,0.3,1.66
10.5,194.4,6.19,49.8,293,190.0,190.0,190.0,500.0,500.0,0.0,0.0,0.0,0.3,1.67
10.5,194.4,6.19,50.0,294,190.0,190.0,190.0,500.0,500.0,0.0,0.0,0.0,0.3,1.68
10.4,194.4,6.19,50.0,295,190.0,190.1,190.0,500.0,500.0,0.0,0.0,0.0,0.3,1.69
10.2,194.4,6.19,49.8,296,190.0,190.1,190.0,500.0,500.0,0.0,0.0,0.0,0.3,1.70
10.2,194.5,6.19,49.8,297,190.0,190.1,190.0,500.0,500.0,0.0,0.0,0.0,0.3,1.71
10.4,194.5,6.19,49.8,298,190.0,190.1,190.0,500.0,500.0,0.0,0.0,0.0,0.3,1.72
10.4,194.5,6.19,49.8,299,190.0,190.1,190.0,500.0,500.0,0.0,0.0,0.0,0.3,1.72
10.5,194.6,6.19,49.6,300,190.0,190.0,190.0,500.0,500.0,0.0,0.0,0.0,0.3,1.73
10.6,194.6,6.19,49.8,301,190.0,190.0,190.0,500.0,500.0,0.0,0.0,0.0,0.3,1.74
10.6,194.6,6.19,49.8,302,190.0,190.0,190.0,500.0,500.0,0.0,0.0,0.0,0.3,1.75
10.4,194.6,6.19,49.8,303,190.0,190.0,190.0,500.0,500.0,0.0,0.0,0.0,0.3,1.76
10.3,194.6,6.19,49.8,304,190.0,190.0,190.0,500.0,500.0,0.0,0.0,0.0,0.3,1.77
10.3,194.7,6.19,49.8,305,190.0,190.0,190.0,500.0,500.0,0.0,0.0,0.0,0.3,1.78
10.4,194.7,6.19,49.6,306,190.0,190.0,190.0,500.0,500.0,0.0,0.0,0.0,0.3,1.78
10.6,194.7,6.19,49.6,307,190.0,190.0,190.0,500.0,500.0,0.0,0.0,0.0,0.3,1.79
10.9,194.7,6.19,49.6,308,190.0,190.0,190.0,500.0,500.0,0.0,0.0,0.0,0.3,1.80
11.0,194.7,6.19,49.6,309,190.0,190.0,190.0,500.0,500.0,0.0,0.0,0.0,0.3,1.81
11.0,194.8,6.19,49.8,310,190.0,190.0,190.0,500.0,500.0,0.0,0.0,0.0,0.3,1.82
10.7,194.8,6.19,49.8,311,190.0,190.0,190.0,500.0,500.0,0.0,0.0,0.0,0.3,1.83
10.4,194.8,6.19,49.8,312,190.0,190.0,190.0,500.0,500.0,0.0,0.0,0.0,0.3,1.84
10.2,194.8,6.19,49.8,313,190.0,190.0,190.0,500.0,500.0,0.0,0.0,0.0,0.3,1.85
9.9,194.9,6.19,49.8,314,190.0,190.0,190.0,500.0,500.0,0.0,0.0,0.0,0.3,1.86
9.7,194.9,6.19,49.8,315,190.0,190.0,190.0,500.0,500.0,0.0,0.0,0.0,0.3,1.86
9.8,195.0,6.19,49.8,316,190.0,190.0,190.0,500.0,500.0,0.0,0.0,0.0,0.3,1.87
10.1,195.0,6.19,49.8,317,190.0,190.0,190.0,500.0,500.0,0.0,0.0,0.0,0.3,1.88
10.3,195.0,6.19,49.8,318,190.0,190.0,190.0,500.0,500.0,0.0,0.0,0.0,0.3,1.89
10.3,195.0,6.19,49.8,319,190.0,189.9,190.0,500.0,500.0,0.0,0.0,0.0,0.3,1.90
10.2,195.0,6.19,49.6,320,190.0,189.8,190.0,500.0,500.0,0.0,0.0,0.0,0.3,1.91
10.3,195.0,6.19,49.8,321,190.0,189.8,190.1,500.0,500.0,0.0,0.0,0.0,0.3,1.91
10.4,195.0,6.19,49.8,322,190.0,189.8,190.1,500.0,500.0,0.0,0.0,0.0,0.3,1.92
10.4,195.1,6.19,49.8,323,190.0,189.8,190.1,500.0,500.0,0.0,0.0,0.0,0.3,1.93
10.4,195.1,6.19,49.8,324,190.0,189.8,190.1,500.0,500.0,0.0,0.0,0.0,0.3,1.94
10.6,195.2,6.19,50.0,325,190.0,189.8,190.1,500.0,500.0,0.0,0.0,0.0,0.3,1.95
10.7,195.2,6.19,50.0,326,190.0,189.9,190.1,500.0,500.0,0.0,0.0,0.0,0.3,1.96
10.7,195.2,6.19,50.0,327,190.0,190.0,190.1,500.0,500.0,0.0,0.0,0.0,0.3,1.97
10.9,195.3,6.19,50.0,328,190.0,190.0,190.1,500.0,500.0,0.0,0.0,0.0,0.3,1.98
10.9,195.3,6.19,50.0,329,190.0,190.0,190.1,500.0,500.0,0.0,0.0,0.0,0.3,1.98
10.9,195.3,6.19,50.0,330,190.0,190.0,190.1,500.0,500.0,0.0,0.0,0.0,0.3,1.99
10.8,195.3,6.19,49.8,331,190.0,190.0,190.1,500.0,500.0,0.0,0.0,0.0,0.3,2.00
10.8,195.4,6.19,49.8,332,190.0,190.0,190.1,500.0,500.0,0.0,0.0,0.0,0.3,2.01
11.0,195.4,6.19,49.8,333,190.0,190.0,190.1,500.0,500.0,0.0,0.0,0.0,0.3,2.02
10.9,195.4,6.19,49.8,334,190.0,190.0,190.1,500.0,500.0,0.0,0.0,0.0,0.3,2.03
10.8,195.5,6.19,49.8,335,190.0,190.0,190.1,500.0,500.0,0.0,0.0,0.0,0.3,2.04
10.7,195.5,6.19,50.0,336,190.0,190.0,190.1,500.0,500.0,0.0,0.0,0.0,0.3,2.05
10.7,195.5,6.19,49.8,337,190.0,190.0,190.1,500.0,500.0,0.0,0.0,0.0,0.3,2.06
10.5,195.5,6.19,49.8,338,190.0,190.0,190.1,500.0,500.0,0.0,0.0,0.0,0.3,2.07
10.6,195.5,6.19,49.8,339,190.0,190.0,190.1,500.0,500.0,0.0,0.0,0.0,0.3,2.07
10.9,195.5,6.19,49.8,340,190.0,190.0,190.1,500.0,500.0,0.0,0.0,0.0,0.3,2.08
11.1,195.5,6.19,49.8,341,190.0,190.0,190.1,500.0,500.0,0.0,0.0,0.0,0.3,2.09
11.3,195.6,6.19,49.8,342,190.0,190.0,190.1,500.0,500.0,0.0,0.0,0.0,0.3,2.10
11.4,195.6,6.19,49.8,343,190.0,190.0,190.1,500.0,500.0,0.0,0.0,0.0,0.3,2.11
11.4,195.6,6.19,49.8,344,190.0,190.0,190.1,500.0,500.0,0.0,0.0,0.0,0.3,2.12
11.2,195.7,6.19,49.8,345,190.0,190.0,190.1,500.0,500.0,0.0,0.0,0.0,0.3,2.13
11.0,195.7,6.19,49.8,346,190.0,190.0,190.1,500.0,500.0,0.0,0.0,0.0,0.3,2.14
10.9,195.7,6.19,50.0,347,190.0,190.0,190.1,500.0,500.0,0.0,0.0,0.0,0.3,2.15
11.0,195.7,6.19,50.0,348,190.0,190.0,190.1,500.0,500.0,0.0,0.0,0.0,0.3,2.16
11.1,195.8,6.19,50.0,349,190.0,190.0,190.1,500.0,500.0,0.0,0.0,0.0,0.3,2.17
11.4,195.8,6.19,50.0,350,190.0,190.0,190.1,500.0,500.0,0.0,0.0,0.0,0.3,2.18
11.5,195.8,6.19,49.8,351,190.0,190.0,190.1,500.0,500.0,0.0,0.0,0.0,0.3,2.19
11.5,195.9,6.19,49.8,352,190.0,190.0,190.1,500.0,500.0,0.0,0.0,0.0,0.3,2.20
11.3,195.9,6.19,49.8,353,190.0,190.0,190.1,500.0,500.0,0.0,0.0,0.0,0.3,2.20
11.3,195.9,6.19,49.8,354,190.0,190.0,190.1,500.0,500.0,0.0,0.0,0.0,0.3,2.21
11.3,195.9,6.19,49.8,355,190.0,190.0,190.1,500.0,500.0,0.0,0.0,0.0,0.3,2.22
11.2,196.0,6.19,49.8,356,190.0,190.0,190.1,500.0,500.0,0.0,0.0,0.0,0.3,2.23
11.4,196.0,6.19,49.8,357,190.0,190.0,190.1,500.0,500.0,0.0,0.0,0.0,0.3,2.24
11.6,196.1,6.19,49.8,358,190.0,190.0,190.1,500.0,500.0,0.0,0.0,0.0,0.3,2.25
12.0,196.2,6.19,49.8,359,190.0,190.0,190.1,500.0,500.0,0.0,0.0,0.0,0.3,2.26
12.0,196.2,6.19,49.8,360,190.0,190.0,190.1,500.0,500.0,0.0,0.0,0.0,0.3,2.27
11.9,196.2,6.19,50.0,361,190.0,190.0,190.1,500.0,500.0,0.0,0.0,0.0,0.3,2.28
11.8,196.2,6.19,49.8,362,190.0,190.0,190.1,500.0,500.0,0.0,0.0,0.0,0.3,2.29
