扭矩,料温,压力,转速,时间,温度1,温度2,温度3,温度4,温度5,温度6,温度7,温度8,顶栓,能量
1.9,186.3,6.26,0.0,0,190.0,190.0,189.5,500.0,500.0,0.0,0.0,0.0,0.3,0.00
1.8,186.4,6.26,3.6,1,190.0,190.0,189.5,500.0,500.0,0.0,0.0,0.0,0.3,0.00
1.7,186.4,6.26,11.2,2,190.0,190.0,189.6,500.0,500.0,0.0,0.0,0.0,0.3,0.00
1.7,186.5,6.26,19.4,3,190.0,190.0,189.6,500.0,500.0,0.0,0.0,0.0,0.3,0.00
1.5,186.4,6.26,27.6,4,190.0,190.0,189.6,500.0,500.0,0.0,0.0,0.0,0.3,0.00
1.4,186.1,6.26,35.4,5,190.0,190.0,189.6,500.0,500.0,0.0,0.0,0.0,0.3,0.00
1.3,185.6,6.26,39.8,6,190.0,190.0,189.6,500.0,500.0,0.0,0.0,0.0,0.3,0.00
1.2,184.9,6.26,40.2,7,190.0,190.0,189.6,500.0,500.0,0.0,0.0,0.0,0.3,0.00
1.1,184.4,6.26,40.0,8,190.0,190.0,189.7,500.0,500.0,0.0,0.0,0.0,0.3,0.00
1.0,183.7,6.26,39.8,9,190.0,190.0,189.7,500.0,500.0,0.0,0.0,0.0,0.3,0.01
0.9,183.2,6.26,40.0,10,190.0,190.0,189.7,500.0,500.0,0.0,0.0,0.0,0.3,0.01
0.8,182.6,6.26,39.8,11,190.0,190.0,189.7,500.0,500.0,0.0,0.0,0.0,0.3,0.01
0.8,182.1,6.26,39.8,12,190.0,190.0,189.7,500.0,500.0,0.0,0.0,0.0,0.3,0.01
0.7,181.7,6.26,39.8,13,190.0,190.0,189.8,500.0,500.0,0.0,0.0,0.0,0.3,0.01
0.7,181.2,6.26,39.8,14,190.0,190.0,189.8,500.0,500.0,0.0,0.0,0.0,0.3,0.01
0.6,180.9,6.26,39.8,15,190.0,190.0,189.8,500.0,500.0,0.0,0.0,0.0,0.3,0.01
0.5,180.7,6.26,40.0,16,190.0,190.0,189.8,500.0,500.0,0.0,0.0,0.0,0.3,0.01
0.6,180.4,6.26,40.0,17,190.0,190.0,189.8,500.0,500.0,0.0,0.0,0.0,0.3,0.01
0.8,179.8,6.26,40.0,18,190.0,190.0,189.8,500.0,500.0,0.0,0.0,0.0,0.3,0.01
0.9,178.9,6.26,40.0,19,190.0,190.0,189.8,500.0,500.0,0.0,0.0,0.0,0.3,0.01
1.1,178.0,6.26,40.0,20,190.0,190.0,189.9,500.0,500.0,0.0,0.0,0.0,0.3,0.01
1.3,177.3,6.26,39.8,21,190.0,190.0,189.9,500.0,500.0,0.0,0.0,0.0,0.3,0.01
1.3,176.8,6.26,40.0,22,190.0,190.0,189.9,500.0,500.0,0.0,0.0,0.0,0.3,0.01
1.4,176.3,6.26,39.8,23,190.0,190.0,189.9,500.0,500.0,0.0,0.0,0.0,0.3,0.01
1.4,175.8,6.26,39.8,24,190.0,190.0,189.9,500.0,500.0,0.0,0.0,0.0,0.3,0.01
1.4,175.4,6.26,39.8,25,190.0,190.0,189.9,500.0,500.0,0.0,0.0,0.0,0.3,0.02
1.4,175.1,6.26,40.0,26,190.0,190.0,189.9,500.0,500.0,0.0,0.0,0.0,0.3,0.02
1.5,174.8,6.26,39.8,27,190.0,190.0,189.9,500.0,500.0,0.0,0.0,0.0,0.3,0.02
1.4,174.7,6.26,40.0,28,190.0,190.0,189.9,500.0,500.0,0.0,0.0,0.0,0.3,0.02
1.4,174.5,6.26,40.0,29,190.0,190.0,189.9,500.0,500.0,0.0,0.0,0.0,0.3,0.02
1.4,174.4,6.26,40.0,30,190.0,190.0,190.0,500.0,500.0,0.0,0.0,0.0,0.3,0.02
1.4,174.3,6.26,40.0,31,190.0,190.0,190.0,500.0,500.0,0.0,0.0,0.0,0.3,0.02
1.4,174.2,6.26,39.8,32,190.0,190.0,190.0,500.0,500.0,0.0,0.0,0.0,0.3,0.02
1.4,174.2,6.26,39.8,33,190.0,190.0,190.0,500.0,500.0,0.0,0.0,0.0,0.3,0.02
1.4,174.1,6.26,39.8,34,190.0,190.0,190.0,500.0,500.0,0.0,0.0,0.0,0.3,0.02
1.5,174.1,6.27,39.8,35,190.0,190.0,190.0,500.0,500.0,0.0,0.0,0.0,0.3,0.03
1.4,174.2,6.26,39.8,36,190.0,190.0,190.0,500.0,500.0,0.0,0.0,0.0,0.3,0.03
2.6,174.2,6.26,39.8,37,190.0,190.0,190.0,500.0,500.0,0.0,0.0,0.0,0.3,0.03
6.6,174.0,6.26,39.8,38,190.0,190.0,190.0,500.0,500.0,0.0,0.0,0.0,0.3,0.03
17.2,172.9,6.26,39.6,39,190.0,190.0,190.0,500.0,500.0,0.0,0.0,0.0,0.3,0.04
25.0,170.9,6.26,39.6,40,190.0,190.0,190.0,500.0,500.0,0.0,0.0,0.0,0.3,0.06
35.5,168.6,6.26,39.6,41,190.0,190.0,190.0,500.0,500.0,0.0,0.0,0.0,0.3,0.08
42.1,166.4,6.27,39.8,42,190.0,190.0,190.0,500.0,500.0,0.0,0.0,0.0,0.3,0.11
44.9,164.9,6.27,39.8,43,190.0,190.0,190.0,500.0,500.0,0.0,0.0,0.0,0.3,0.14
40.5,164.0,6.27,39.8,44,190.0,190.0,190.0,500.0,500.0,0.0,0.0,0.0,0.3,0.17
39.3,163.6,6.27,39.8,45,190.0,190.0,190.0,500.0,500.0,0.0,0.0,0.0,0.3,0.19
32.7,163.6,6.27,39.8,46,190.0,190.0,190.0,500.0,500.0,0.0,0.0,0.0,0.3,0.22
29.6,163.6,6.27,39.8,47,190.0,190.0,190.0,500.0,500.0,0.0,0.0,0.0,0.3,0.24
27.7,163.8,6.27,39.8,48,190.0,190.0,190.0,500.0,500.0,0.0,0.0,0.0,0.3,0.25
25.2,164.0,6.27,40.0,49,190.0,190.0,190.0,500.0,500.0,0.0,0.0,0.0,0.3,0.27
22.7,164.3,6.27,40.0,50,189.9,190.0,190.0,500.0,500.0,0.0,0.0,0.0,0.3,0.29
22.7,164.6,6.27,39.8,51,189.8,190.0,190.0,500.0,500.0,0.0,0.0,0.0,0.3,0.30
21.1,164.9,6.27,39.8,52,189.8,190.0,190.0,500.0,500.0,0.0,0.0,0.0,0.3,0.31
20.2,165.3,6.27,39.8,53,189.8,190.0,189.9,500.0,500.0,0.0,0.0,0.0,0.3,0.33
19.3,165.8,6.27,39.8,54,189.8,190.0,189.9,500.0,500.0,0.0,0.0,0.0,0.3,0.34
18.1,166.2,6.27,39.8,55,189.8,190.0,189.9,500.0,500.0,0.0,0.0,0.0,0.3,0.35
17.1,166.5,6.27,40.0,56,189.7,190.0,189.9,500.0,500.0,0.0,0.0,0.0,0.3,0.36
16.6,166.9,6.27,39.8,57,189.6,190.0,189.8,500.0,500.0,0.0,0.0,0.0,0.3,0.38
15.2,167.3,6.27,39.8,58,189.6,190.0,189.8,500.0,500.0,0.0,0.0,0.0,0.3,0.39
14.8,167.7,6.27,39.8,59,189.6,190.0,189.8,500.0,500.0,0.0,0.0,0.0,0.3,0.40
14.2,167.9,6.27,39.8,60,189.6,190.0,189.7,500.0,500.0,0.0,0.0,0.0,0.3,0.40
13.5,168.1,6.27,39.8,61,189.6,190.0,189.6,500.0,500.0,0.0,0.0,0.0,0.3,0.41
12.8,168.4,6.27,40.0,62,189.5,190.0,189.6,500.0,500.0,0.0,0.0,0.0,0.3,0.42
11.8,168.8,6.27,40.0,63,189.5,190.0,189.6,500.0,500.0,0.0,0.0,0.0,0.3,0.43
11.0,169.2,6.27,39.8,64,189.5,190.0,189.6,500.0,500.0,0.0,0.0,0.0,0.3,0.44
10.5,169.7,6.27,40.0,65,189.5,190.0,189.6,500.0,500.0,0.0,0.0,0.0,0.3,0.44
10.0,170.1,6.27,40.0,66,189.5,190.0,189.6,500.0,500.0,0.0,0.0,0.0,0.3,0.45
9.9,170.6,6.27,40.0,67,189.5,190.0,189.5,500.0,500.0,0.0,0.0,0.0,0.3,0.46
9.7,171.0,6.27,40.0,68,189.4,190.0,189.4,500.0,500.0,0.0,0.0,0.0,0.3,0.46
9.5,171.5,6.27,40.2,69,189.4,190.0,189.4,500.0,500.0,0.0,0.0,0.0,0.3,0.47
9.4,172.0,6.27,40.0,70,189.4,190.0,189.4,500.0,500.0,0.0,0.0,0.0,0.3,0.48
9.3,172.4,6.27,40.0,71,189.4,190.0,189.4,500.0,500.0,0.0,0.0,0.0,0.3,0.48
8.8,172.9,6.27,39.8,72,189.4,190.0,189.4,500.0,500.0,0.0,0.0,0.0,0.3,0.49
8.9,173.3,6.27,39.8,73,189.4,190.0,189.4,500.0,500.0,0.0,0.0,0.0,0.3,0.49
9.0,173.5,6.26,39.8,74,189.4,190.0,189.4,500.0,500.0,0.0,0.0,0.0,0.3,0.50
8.6,173.8,6.26,39.8,75,189.4,190.0,189.3,500.0,500.0,0.0,0.0,0.0,0.3,0.51
8.7,174.0,6.26,39.8,76,189.4,190.0,189.3,500.0,500.0,0.0,0.0,0.0,0.3,0.51
8.9,174.3,6.26,40.0,77,189.5,190.0,189.3,500.0,500.0,0.0,0.0,0.0,0.3,0.52
8.7,174.6,6.26,40.0,78,189.5,190.0,189.3,500.0,500.0,0.0,0.0,0.0,0.3,0.52
8.6,174.9,6.26,39.8,79,189.5,190.0,189.3,500.0,500.0,0.0,0.0,0.0,0.3,0.53
8.7,175.3,6.27,40.0,80,189.5,190.0,189.2,500.0,500.0,0.0,0.0,0.0,0.3,0.54
8.4,175.6,6.27,40.0,81,189.5,190.0,189.2,500.0,500.0,0.0,0.0,0.0,0.3,0.54
8.2,176.0,6.27,40.0,82,189.5,190.0,189.2,500.0,500.0,0.0,0.0,0.0,0.3,0.55
8.2,176.2,6.27,40.0,83,189.6,190.0,189.2,500.0,500.0,0.0,0.0,0.0,0.3,0.55
8.1,176.5,6.27,40.2,84,189.6,190.0,189.2,500.0,500.0,0.0,0.0,0.0,0.3,0.56
8.3,176.8,6.27,40.0,85,189.6,190.0,189.2,500.0,500.0,0.0,0.0,0.0,0.3,0.56
8.2,177.1,6.27,40.0,86,189.7,190.0,189.2,500.0,500.0,0.0,0.0,0.0,0.3,0.57
8.4,177.4,6.27,40.0,87,189.9,190.0,189.2,500.0,500.0,0.0,0.0,0.0,0.3,0.57
8.7,177.7,6.27,39.8,88,189.9,190.0,189.3,500.0,500.0,0.0,0.0,0.0,0.3,0.58
8.4,178.0,6.27,39.8,89,189.9,190.0,189.3,500.0,500.0,0.0,0.0,0.0,0.3,0.59
8.4,178.2,6.27,39.8,90,189.9,190.0,189.3,500.0,500.0,0.0,0.0,0.0,0.3,0.59
8.5,178.4,6.27,39.8,91,190.0,190.0,189.3,500.0,500.0,0.0,0.0,0.0,0.3,0.60
8.3,178.6,6.27,39.8,92,190.0,190.0,189.3,500.0,500.0,0.0,0.0,0.0,0.3,0.60
8.2,178.8,6.27,40.0,93,190.0,190.0,189.3,500.0,500.0,0.0,0.0,0.0,0.3,0.61
8.4,179.1,6.27,39.8,94,190.0,190.0,189.3,500.0,500.0,0.0,0.0,0.0,0.3,0.61
8.0,179.3,6.27,39.8,95,190.0,190.0,189.3,500.0,500.0,0.0,0.0,0.0,0.3,0.62
8.1,179.5,6.27,39.8,96,190.0,190.0,189.4,500.0,500.0,0.0,0.0,0.0,0.3,0.62
8.0,179.7,6.27,39.8,97,190.0,190.0,189.4,500.0,500.0,0.0,0.0,0.0,0.3,0.63
8.1,179.9,6.27,39.8,98,190.0,190.0,189.4,500.0,500.0,0.0,0.0,0.0,0.3,0.63
8.2,180.1,6.27,40.0,99,190.0,190.0,189.4,500.0,500.0,0.0,0.0,0.0,0.3,0.64
8.2,180.2,6.26,40.0,100,190.0,190.1,189.4,500.0,500.0,0.0,0.0,0.0,0.3,0.65
8.2,180.4,6.26,40.0,101,190.0,190.1,189.4,500.0,500.0,0.0,0.0,0.0,0.3,0.65
8.5,180.5,6.26,40.0,102,190.0,190.1,189.5,500.0,500.0,0.0,0.0,0.0,0.3,0.66
8.2,180.7,6.26,39.8,103,190.0,190.1,189.6,500.0,500.0,0.0,0.0,0.0,0.3,0.66
8.2,180.9,6.26,39.8,104,190.0,190.1,189.6,500.0,500.0,0.0,0.0,0.0,0.3,0.67
8.3,181.0,6.26,39.8,105,190.0,190.1,189.6,500.0,500.0,0.0,0.0,0.0,0.3,0.67
8.2,181.1,6.26,39.8,106,190.0,190.1,189.6,500.0,500.0,0.0,0.0,0.0,0.3,0.68
8.0,181.3,6.26,39.8,107,190.0,190.1,189.6,500.0,500.0,0.0,0.0,0.0,0.3,0.68
8.4,181.5,6.26,40.0,108,190.0,190.1,189.7,500.0,500.0,0.0,0.0,0.0,0.3,0.69
8.1,181.6,6.27,40.0,109,190.0,190.1,189.8,500.0,500.0,0.0,0.0,0.0,0.3,0.69
8.1,181.8,6.27,39.8,110,190.0,190.1,189.8,500.0,500.0,0.0,0.0,0.0,0.3,0.70
8.3,182.0,6.27,40.0,111,190.0,190.0,189.8,500.0,500.0,0.0,0.0,0.0,0.3,0.71
8.4,182.1,6.27,40.0,112,190.0,190.0,189.8,500.0,500.0,0.0,0.0,0.0,0.3,0.71
8.5,182.2,6.27,40.0,113,190.0,190.0,189.9,500.0,500.0,0.0,0.0,0.0,0.3,0.72
8.5,182.4,6.27,40.0,114,190.0,190.0,190.0,500.0,500.0,0.0,0.0,0.0,0.3,0.72
8.6,182.6,6.26,40.2,115,190.0,190.0,190.0,500.0,500.0,0.0,0.0,0.0,0.3,0.73
8.4,182.7,6.26,40.0,116,190.0,190.0,190.0,500.0,500.0,0.0,0.0,0.0,0.3,0.73
8.4,182.8,6.26,40.0,117,190.0,190.0,190.0,500.0,500.0,0.0,0.0,0.0,0.3,0.74
8.1,183.0,6.26,39.8,118,190.0,190.0,190.0,500.0,500.0,0.0,0.0,0.0,0.3,0.74
8.2,183.1,6.26,39.8,119,190.0,190.0,190.0,500.0,500.0,0.0,0.0,0.0,0.3,0.75
8.3,183.2,6.26,39.8,120,190.0,190.0,190.0,500.0,500.0,0.0,0.0,0.0,0.3,0.76
8.0,183.4,6.26,39.8,121,190.0,190.0,190.0,500.0,500.0,0.0,0.0,0.0,0.3,0.76
8.3,183.5,6.26,39.8,122,190.0,190.0,190.0,500.0,500.0,0.0,0.0,0.0,0.3,0.77
8.2,183.6,6.26,40.0,123,190.0,190.0,190.0,500.0,500.0,0.0,0.0,0.0,0.3,0.77
8.1,183.8,6.26,40.0,124,190.1,190.0,190.0,500.0,500.0,0.0,0.0,0.0,0.3,0.78
8.2,183.9,6.27,39.8,125,190.1,190.0,190.0,500.0,500.0,0.0,0.0,0.0,0.3,0.78
8.4,184.0,6.27,39.8,126,190.1,190.0,190.0,500.0,500.0,0.0,0.0,0.0,0.3,0.79
8.2,184.2,6.27,39.6,127,190.1,190.0,190.0,500.0,500.0,0.0,0.0,0.0,0.3,0.79
8.3,184.3,6.27,39.6,128,190.1,190.0,190.0,500.0,500.0,0.0,0.0,0.0,0.3,0.80
8.2,184.4,6.27,39.6,129,190.1,190.0,190.0,500.0,500.0,0.0,0.0,0.0,0.3,0.80
8.1,184.5,6.26,39.8,130,190.1,190.0,190.0,500.0,500.0,0.0,0.0,0.0,0.3,0.81
8.2,184.6,6.26,39.8,131,190.2,190.0,190.0,500.0,500.0,0.0,0.0,0.0,0.3,0.82
7.9,184.7,6.27,40.0,132,190.2,190.0,190.0,500.0,500.0,0.0,0.0,0.0,0.3,0.82
8.1,184.8,6.27,40.0,133,190.2,190.0,190.0,500.0,500.0,0.0,0.0,0.0,0.3,0.83
8.2,184.9,6.27,39.8,134,190.2,190.0,190.0,500.0,500.0,0.0,0.0,0.0,0.3,0.83
8.2,185.0,6.27,39.8,135,190.2,190.0,190.0,500.0,500.0,0.0,0.0,0.0,0.3,0.84
8.2,185.1,6.27,39.8,136,190.2,190.0,190.0,500.0,500.0,0.0,0.0,0.0,0.3,0.84
8.3,185.2,6.26,39.8,137,190.2,190.0,190.0,500.0,500.0,0.0,0.0,0.0,0.3,0.85
8.2,185.3,6.26,39.8,138,190.2,190.0,190.0,500.0,500.0,0.0,0.0,0.0,0.3,0.85
8.3,185.4,6.26,40.0,139,190.2,190.0,190.0,500.0,500.0,0.0,0.0,0.0,0.3,0.86
8.2,185.5,6.26,40.0,140,190.2,190.0,190.0,500.0,500.0,0.0,0.0,0.0,0.3,0.86
8.1,185.6,6.26,40.0,141,190.2,190.0,190.0,500.0,500.0,0.0,0.0,0.0,0.3,0.87
8.3,185.7,6.26,39.8,142,190.2,190.0,190.0,500.0,500.0,0.0,0.0,0.0,0.3,0.88
8.1,185.8,6.26,39.8,143,190.2,190.0,190.0,500.0,500.0,0.0,0.0,0.0,0.3,0.88
8.1,185.9,6.26,39.8,144,190.2,190.0,190.0,500.0,500.0,0.0,0.0,0.0,0.3,0.89
8.3,186.0,6.27,39.8,145,190.2,190.0,190.0,500.0,500.0,0.0,0.0,0.0,0.3,0.89
8.4,186.1,6.27,39.8,146,190.2,190.0,190.0,500.0,500.0,0.0,0.0,0.0,0.3,0.90
8.2,186.2,6.27,40.0,147,190.2,190.0,190.0,500.0,500.0,0.0,0.0,0.0,0.3,0.90
8.5,186.3,6.27,40.0,148,190.1,190.0,190.0,500.0,500.0,0.0,0.0,0.0,0.3,0.91
8.4,186.4,6.26,39.8,149,190.1,190.0,190.0,500.0,500.0,0.0,0.0,0.0,0.3,0.91
8.3,186.5,6.26,39.8,150,190.1,190.1,190.0,500.0,500.0,0.0,0.0,0.0,0.3,0.92
8.3,186.6,6.26,39.8,151,190.1,190.1,190.0,500.0,500.0,0.0,0.0,0.0,0.3,0.92
8.1,186.7,6.26,39.8,152,190.1,190.1,190.0,500.0,500.0,0.0,0.0,0.0,0.3,0.93
8.1,186.8,6.26,39.8,153,190.1,190.1,190.0,500.0,500.0,0.0,0.0,0.0,0.3,0.94
8.3,186.8,6.26,40.0,154,190.1,190.2,190.0,500.0,500.0,0.0,0.0,0.0,0.3,0.94
8.4,186.9,6.26,40.0,155,190.1,190.2,190.0,500.0,500.0,0.0,0.0,0.0,0.3,0.95
8.5,187.0,6.26,40.0,156,190.1,190.2,190.0,500.0,500.0,0.0,0.0,0.0,0.3,0.95
8.4,187.1,6.26,39.8,157,190.1,190.2,190.0,500.0,500.0,0.0,0.0,0.0,0.3,0.96
8.5,187.2,6.26,39.8,158,190.0,190.2,190.0,500.0,500.0,0.0,0.0,0.0,0.3,0.96
8.4,187.3,6.26,39.8,159,190.0,190.2,190.0,500.0,500.0,0.0,0.0,0.0,0.3,0.97
8.1,187.4,6.26,39.8,160,190.0,190.1,190.0,500.0,500.0,0.0,0.0,0.0,0.3,0.97
8.0,187.5,6.26,39.8,161,190.0,190.0,190.0,500.0,500.0,0.0,0.0,0.0,0.3,0.98
8.1,187.5,6.26,40.0,162,190.0,190.0,190.0,500.0,500.0,0.0,0.0,0.0,0.3,0.99
8.0,187.6,6.26,40.0,163,190.0,190.0,190.0,500.0,500.0,0.0,0.0,0.0,0.3,0.99
7.9,187.7,6.26,39.8,164,190.0,190.0,190.0,500.0,500.0,0.0,0.0,0.0,0.3,1.00
8.1,187.8,6.26,39.8,165,190.0,190.0,190.0,500.0,500.0,0.0,0.0,0.0,0.3,1.00
8.0,187.8,6.26,39.8,166,190.0,190.0,190.0,500.0,500.0,0.0,0.0,0.0,0.3,1.01
8.1,187.8,6.26,39.8,167,190.0,190.0,190.0,500.0,500.0,0.0,0.0,0.0,0.3,1.01
8.3,187.9,6.26,39.8,168,190.0,190.0,190.0,500.0,500.0,0.0,0.0,0.0,0.3,1.02
8.0,188.0,6.26,40.0,169,190.0,190.0,190.0,500.0,500.0,0.0,0.0,0.0,0.3,1.02
8.1,188.1,6.26,40.0,170,190.0,190.0,190.0,500.0,500.0,0.0,0.0,0.0,0.3,1.03
8.3,188.2,6.26,39.8,171,190.0,190.0,190.0,500.0,500.0,0.0,0.0,0.0,0.3,1.03
8.2,188.3,6.26,39.8,172,190.0,190.0,190.0,500.0,500.0,0.0,0.0,0.0,0.3,1.04
8.0,188.4,6.26,39.8,173,190.0,190.0,190.0,500.0,500.0,0.0,0.0,0.0,0.3,1.04
8.3,188.4,6.26,39.8,174,190.0,190.0,190.0,500.0,500.0,0.0,0.0,0.0,0.3,1.05
8.3,188.5,6.26,39.8,175,190.0,190.0,190.0,500.0,500.0,0.0,0.0,0.0,0.3,1.06
8.2,188.6,6.26,40.0,176,190.0,190.0,190.0,500.0,500.0,0.0,0.0,0.0,0.3,1.06
8.4,188.7,6.26,40.0,177,190.0,190.0,190.0,500.0,500.0,0.0,0.0,0.0,0.3,1.07
8.4,188.7,6.26,40.0,178,190.0,190.0,190.0,500.0,500.0,0.0,0.0,0.0,0.3,1.07
8.5,188.8,6.26,39.8,179,190.0,190.0,190.0,500.0,500.0,0.0,0.0,0.0,0.3,1.08
8.2,188.9,6.26,39.8,180,190.0,190.0,190.0,500.0,500.0,0.0,0.0,0.0,0.3,1.08
8.2,189.0,6.26,39.8,181,190.0,190.0,190.0,500.0,500.0,0.0,0.0,0.0,0.3,1.09
8.4,189.0,6.26,39.8,182,190.0,190.0,190.0,500.0,500.0,0.0,0.0,0.0,0.3,1.09
8.3,189.0,6.26,39.8,183,190.0,190.0,190.0,500.0,500.0,0.0,0.0,0.0,0.3,1.10
8.1,189.1,6.26,40.0,184,190.0,190.0,190.0,500.0,500.0,0.0,0.0,0.0,0.3,1.10
8.4,189.2,6.26,40.0,185,190.0,190.0,190.0,500.0,500.0,0.0,0.0,0.0,0.3,1.11
8.4,189.2,6.26,39.8,186,190.0,190.0,190.0,500.0,500.0,0.0,0.0,0.0,0.3,1.12
8.2,189.3,6.26,39.8,187,190.0,190.0,190.0,500.0,500.0,0.0,0.0,0.0,0.3,1.12
8.5,189.4,6.26,39.8,188,190.0,190.0,190.0,500.0,500.0,0.0,0.0,0.0,0.3,1.13
8.4,189.4,6.26,39.8,189,190.0,190.0,190.0,500.0,500.0,0.0,0.0,0.0,0.3,1.13
8.4,189.5,6.26,39.8,190,190.0,190.0,190.0,500.0,500.0,0.0,0.0,0.0,0.3,1.14
8.3,189.6,6.26,40.0,191,190.0,190.0,190.0,500.0,500.0,0.0,0.0,0.0,0.3,1.14
8.2,189.6,6.26,40.0,192,190.0,190.0,190.0,500.0,500.0,0.0,0.0,0.0,0.3,1.15
8.4,189.7,6.26,40.0,193,190.0,190.0,190.0,500.0,500.0,0.0,0.0,0.0,0.3,1.15
8.3,189.7,6.26,40.0,194,190.0,190.0,190.0,500.0,500.0,0.0,0.0,0.0,0.3,1.16
8.2,189.8,6.26,39.8,195,190.0,190.0,190.0,500.0,500.0,0.0,0.0,0.0,0.3,1.17
8.4,189.8,6.26,39.8,196,190.0,190.0,190.0,500.0,500.0,0.0,0.0,0.0,0.3,1.17
8.5,189.9,6.26,39.8,197,190.0,190.0,190.0,500.0,500.0,0.0,0.0,0.0,0.3,1.18
8.3,189.9,6.26,39.8,198,190.0,190.0,190.0,500.0,500.0,0.0,0.0,0.0,0.3,1.18
8.4,189.9,6.26,39.8,199,190.0,190.0,190.0,500.0,500.0,0.0,0.0,0.0,0.3,1.19
8.5,190.0,6.26,40.0,200,190.0,190.0,190.0,500.0,500.0,0.0,0.0,0.0,0.3,1.19
8.1,190.0,6.26,39.8,201,190.0,190.0,190.0,500.0,500.0,0.0,0.0,0.0,0.3,1.20
8.3,190.1,6.26,39.6,202,190.0,190.0,190.0,500.0,500.0,0.0,0.0,0.0,0.3,1.20
8.2,190.1,6.26,39.6,203,190.0,190.0,190.0,500.0,500.0,0.0,0.0,0.0,0.3,1.21
8.4,190.2,6.26,39.6,204,190.0,190.0,190.0,500.0,500.0,0.0,0.0,0.0,0.3,1.22
8.1,190.3,6.26,39.6,205,190.0,190.0,190.0,500.0,500.0,0.0,0.0,0.0,0.3,1.22
8.2,190.3,6.26,39.8,206,190.0,190.0,190.0,500.0,500.0,0.0,0.0,0.0,0.3,1.23
8.2,190.3,6.26,40.0,207,190.0,190.0,190.0,500.0,500.0,0.0,0.0,0.0,0.3,1.23
8.2,190.4,6.26,40.0,208,190.0,190.0,190.0,500.0,500.0,0.0,0.0,0.0,0.3,1.24
8.0,190.4,6.26,40.0,209,190.0,190.0,190.0,500.0,500.0,0.0,0.0,0.0,0.3,1.24
8.1,190.5,6.26,39.8,210,190.0,190.0,190.0,500.0,500.0,0.0,0.0,0.0,0.3,1.25
8.3,190.6,6.26,39.8,211,190.0,190.1,190.0,500.0,500.0,0.0,0.0,0.0,0.3,1.25
8.0,190.6,6.26,39.8,212,190.0,190.1,190.0,500.0,500.0,0.0,0.0,0.0,0.3,1.26
8.1,190.6,6.26,39.8,213,190.0,190.1,190.0,500.0,500.0,0.0,0.0,0.0,0.3,1.26
8.3,190.7,6.26,39.8,214,190.0,190.1,190.0,500.0,500.0,0.0,0.0,0.0,0.3,1.27
8.3,190.8,6.26,40.0,215,190.0,190.1,190.0,500.0,500.0,0.0,0.0,0.0,0.3,1.28
8.3,190.8,6.26,40.0,216,190.0,190.0,190.0,500.0,500.0,0.0,0.0,0.0,0.3,1.28
8.5,190.9,6.26,39.8,217,190.0,190.0,190.0,500.0,500.0,0.0,0.0,0.0,0.3,1.29
8.5,190.9,6.26,39.8,218,190.0,190.0,190.0,500.0,500.0,0.0,0.0,0.0,0.3,1.29
8.3,191.0,6.26,39.8,219,190.0,190.0,190.0,500.0,500.0,0.0,0.0,0.0,0.3,1.30
8.4,191.0,6.26,39.8,220,190.0,190.0,190.0,500.0,500.0,0.0,0.0,0.0,0.3,1.30
8.2,191.1,6.26,39.8,221,190.0,190.0,190.0,500.0,500.0,0.0,0.0,0.0,0.3,1.31
8.3,191.1,6.26,40.0,222,190.0,190.0,190.0,500.0,500.0,0.0,0.0,0.0,0.3,1.31
8.1,191.1,6.26,40.0,223,190.0,190.0,190.0,500.0,500.0,0.0,0.0,0.0,0.3,1.32
8.2,191.2,6.26,40.0,224,190.0,190.0,190.0,500.0,500.0,0.0,0.0,0.0,0.3,1.33
8.4,191.2,6.26,39.8,225,190.0,190.0,190.0,500.0,500.0,0.0,0.0,0.0,0.3,1.33
8.3,191.3,6.26,39.8,226,190.0,190.0,190.0,500.0,500.0,0.0,0.0,0.0,0.3,1.34
8.2,191.3,6.26,39.8,227,190.0,190.0,190.0,500.0,500.0,0.0,0.0,0.0,0.3,1.34
8.4,191.4,6.26,39.8,228,190.0,190.0,190.0,500.0,500.0,0.0,0.0,0.0,0.3,1.35
8.6,191.4,6.26,39.8,229,190.0,190.0,190.0,500.0,500.0,0.0,0.0,0.0,0.3,1.35
8.4,191.4,6.26,40.0,230,190.0,190.0,190.0,500.0,500.0,0.0,0.0,0.0,0.3,1.36
8.7,191.5,6.26,40.0,231,190.0,190.0,190.0,500.0,500.0,0.0,0.0,0.0,0.3,1.36
8.6,191.5,6.26,39.8,232,190.0,190.0,190.0,500.0,500.0,0.0,0.0,0.0,0.3,1.37
8.6,191.6,6.26,39.8,233,190.0,190.0,190.0,500.0,500.0,0.0,0.0,0.0,0.3,1.38
8.3,191.7,6.26,39.6,234,190.0,190.0,190.0,500.0,500.0,0.0,0.0,0.0,0.3,1.38
8.2,191.7,6.26,39.6,235,190.0,190.0,190.0,500.0,500.0,0.0,0.0,0.0,0.3,1.39
8.4,191.7,6.26,39.6,236,190.0,190.0,190.0,500.0,500.0,0.0,0.0,0.0,0.3,1.39
8.3,191.8,6.26,39.8,237,190.0,190.0,190.0,500.0,500.0,0.0,0.0,0.0,0.3,1.40
8.3,191.8,6.26,39.8,238,190.0,190.0,190.0,500.0,500.0,0.0,0.0,0.0,0.3,1.40
8.6,191.8,6.26,40.0,239,190.0,190.0,190.0,500.0,500.0,0.0,0.0,0.0,0.3,1.41
8.7,191.8,6.26,40.0,240,190.0,190.0,190.0,500.0,500.0,0.0,0.0,0.0,0.3,1.41
8.4,191.9,6.26,39.8,241,190.0,190.0,190.0,500.0,500.0,0.0,0.0,0.0,0.3,1.42
8.5,192.0,6.26,39.8,242,190.0,190.0,190.1,500.0,500.0,0.0,0.0,0.0,0.3,1.43
8.5,192.0,6.26,39.8,243,190.0,190.0,190.1,500.0,500.0,0.0,0.0,0.0,0.3,1.43
8.2,192.1,6.26,39.8,244,190.0,190.0,190.1,500.0,500.0,0.0,0.0,0.0,0.3,1.44
8.2,192.1,6.26,39.8,245,190.0,190.0,190.1,500.0,500.0,0.0,0.0,0.0,0.3,1.44
8.2,192.1,6.26,40.0,246,190.0,190.0,190.2,500.0,500.0,0.0,0.0,0.0,0.3,1.45
8.4,192.2,6.26,40.0,247,190.0,190.0,190.2,500.0,500.0,0.0,0.0,0.0,0.3,1.45
8.2,192.2,6.26,40.0,248,190.0,190.0,190.2,500.0,500.0,0.0,0.0,0.0,0.3,1.46
8.4,192.2,6.26,39.8,249,190.0,190.0,190.2,500.0,500.0,0.0,0.0,0.0,0.3,1.46
8.4,192.3,6.26,39.8,250,190.1,190.0,190.2,500.0,500.0,0.0,0.0,0.0,0.3,1.47
8.5,192.3,6.26,39.8,251,190.1,190.0,190.2,500.0,500.0,0.0,0.0,0.0,0.3,1.48
8.3,192.4,6.26,39.8,252,190.1,190.0,190.3,500.0,500.0,0.0,0.0,0.0,0.3,1.48
8.5,192.5,6.26,39.8,253,190.1,190.0,190.3,500.0,500.0,0.0,0.0,0.0,0.3,1.49
8.6,192.6,6.26,40.0,254,190.1,190.0,190.3,500.0,500.0,0.0,0.0,0.0,0.3,1.49
8.4,192.6,6.26,40.0,255,190.1,190.0,190.3,500.0,500.0,0.0,0.0,0.0,0.3,1.50
8.4,192.6,6.26,39.8,256,190.1,190.0,190.4,500.0,500.0,0.0,0.0,0.0,0.3,1.50
8.6,192.6,6.26,39.8,257,190.2,190.0,190.5,500.0,500.0,0.0,0.0,0.0,0.3,1.51
8.5,192.7,6.26,39.8,258,190.2,190.0,190.5,500.0,500.0,0.0,0.0,0.0,0.3,1.52
8.5,192.7,6.25,39.8,259,190.2,190.0,190.5,500.0,500.0,0.0,0.0,0.0,0.3,1.52
8.5,192.8,6.25,39.8,260,190.2,190.1,190.5,500.0,500.0,0.0,0.0,0.0,0.3,1.53
8.6,192.8,6.25,40.0,261,190.2,190.2,190.5,500.0,500.0,0.0,0.0,0.0,0.3,1.53
8.5,192.8,6.25,40.0,262,190.2,190.2,190.5,500.0,500.0,0.0,0.0,0.0,0.3,1.54
8.7,192.9,6.25,40.0,263,190.2,190.2,190.5,500.0,500.0,0.0,0.0,0.0,0.3,1.54
8.5,192.9,6.26,39.8,264,190.2,190.2,190.5,500.0,500.0,0.0,0.0,0.0,0.3,1.55
8.7,193.0,6.26,39.8,265,190.2,190.2,190.5,500.0,500.0,0.0,0.0,0.0,0.3,1.56
8.5,193.0,6.26,39.8,266,190.2,190.2,190.5,500.0,500.0,0.0,0.0,0.0,0.3,1.56
8.6,193.1,6.26,39.8,267,190.2,190.2,190.5,500.0,500.0,0.0,0.0,0.0,0.3,1.57
8.7,193.1,6.26,39.8,268,190.2,190.2,190.6,500.0,500.0,0.0,0.0,0.0,0.3,1.57
8.5,193.1,6.26,40.0,269,190.2,190.1,190.6,500.0,500.0,0.0,0.0,0.0,0.3,1.58
8.5,193.1,6.26,40.0,270,190.2,190.0,190.6,500.0,500.0,0.0,0.0,0.0,0.3,1.58
8.6,193.2,6.26,39.8,271,190.2,190.0,190.6,500.0,500.0,0.0,0.0,0.0,0.3,1.59
8.5,193.2,6.26,39.8,272,190.2,190.0,190.6,500.0,500.0,0.0,0.0,0.0,0.3,1.59
8.5,193.3,6.26,39.8,273,190.2,190.0,190.6,500.0,500.0,0.0,0.0,0.0,0.3,1.60
8.6,193.4,6.26,39.8,274,190.2,190.0,190.6,500.0,500.0,0.0,0.0,0.0,0.3,1.61
8.5,193.4,6.26,39.8,275,190.2,190.0,190.6,500.0,500.0,0.0,0.0,0.0,0.3,1.61
8.5,193.4,6.26,40.0,276,190.2,190.0,190.6,500.0,500.0,0.0,0.0,0.0,0.3,1.62
8.5,193.5,6.26,40.0,277,190.2,190.0,190.6,500.0,500.0,0.0,0.0,0.0,0.3,1.62
8.4,193.5,6.26,39.8,278,190.2,190.0,190.5,500.0,500.0,0.0,0.0,0.0,0.3,1.63
8.7,193.5,6.26,40.0,279,190.2,190.0,190.5,500.0,500.0,0.0,0.0,0.0,0.3,1.63
8.5,193.6,6.26,39.8,280,190.2,190.0,190.5,500.0,500.0,0.0,0.0,0.0,0.3,1.64
8.5,193.6,6.26,39.8,281,190.2,190.0,190.5,500.0,500.0,0.0,0.0,0.0,0.3,1.65
8.8,193.6,6.26,39.8,282,190.2,190.0,190.5,500.0,500.0,0.0,0.0,0.0,0.3,1.65
8.7,193.7,6.26,40.0,283,190.2,190.0,190.5,500.0,500.0,0.0,0.0,0.0,0.3,1.66
8.5,193.7,6.26,39.8,284,190.2,190.0,190.5,500.0,500.0,0.0,0.0,0.0,0.3,1.66
8.7,193.7,6.26,40.0,285,190.1,190.0,190.5,500.0,500.0,0.0,0.0,0.0,0.3,1.67
8.6,193.7,6.26,40.0,286,190.1,190.0,190.5,500.0,500.0,0.0,0.0,0.0,0.3,1.67
8.3,193.7,6.26,39.8,287,190.1,190.0,190.5,500.0,500.0,0.0,0.0,0.0,0.3,1.68
8.4,193.8,6.26,39.8,288,190.1,190.0,190.5,500.0,500.0,0.0,0.0,0.0,0.3,1.69
8.3,193.8,6.26,39.8,289,190.1,190.0,190.5,500.0,500.0,0.0,0.0,0.0,0.3,1.69
8.5,193.8,6.26,39.8,290,190.1,190.0,190.4,500.0,500.0,0.0,0.0,0.0,0.3,1.70
8.3,193.9,6.26,39.8,291,190.1,190.0,190.4,500.0,500.0,0.0,0.0,0.0,0.3,1.70
8.3,193.9,6.26,40.0,292,190.1,190.0,190.4,500.0,500.0,0.0,0.0,0.0,0.3,1.71
8.5,194.0,6.26,39.8,293,190.1,190.0,190.4,500.0,500.0,0.0,0.0,0.0,0.3,1.71
8.4,194.0,6.26,39.8,294,190.1,190.0,190.4,500.0,500.0,0.0,0.0,0.0,0.3,1.72
8.3,194.0,6.26,39.8,295,190.1,190.0,190.4,500.0,500.0,0.0,0.0,0.0,0.3,1.72
8.4,194.1,6.26,39.8,296,190.2,190.0,190.4,500.0,500.0,0.0,0.0,0.0,0.3,1.73
8.6,194.1,6.26,39.8,297,190.2,190.0,190.4,500.0,500.0,0.0,0.0,0.0,0.3,1.74
8.4,194.1,6.26,40.0,298,190.2,190.0,190.4,500.0,500.0,0.0,0.0,0.0,0.3,1.74
8.6,194.1,6.26,40.0,299,190.2,190.0,190.4,500.0,500.0,0.0,0.0,0.0,0.3,1.75
8.7,194.2,6.26,39.8,300,190.2,190.0,190.4,500.0,500.0,0.0,0.0,0.0,0.3,1.75
8.6,194.2,6.26,39.8,301,190.2,190.0,190.3,500.0,500.0,0.0,0.0,0.0,0.3,1.76
8.6,194.2,6.26,39.8,302,190.1,190.0,190.3,500.0,500.0,0.0,0.0,0.0,0.3,1.76
8.5,194.3,6.26,39.8,303,190.1,190.0,190.3,500.0,500.0,0.0,0.0,0.0,0.3,1.77
8.5,194.3,6.26,39.8,304,190.1,190.0,190.3,500.0,500.0,0.0,0.0,0.0,0.3,1.78
8.3,194.3,6.25,40.0,305,190.1,190.0,190.3,500.0,500.0,0.0,0.0,0.0,0.3,1.78
8.5,194.3,6.25,40.0,306,190.1,190.0,190.2,500.0,500.0,0.0,0.0,0.0,0.3,1.79
8.5,194.4,6.26,40.0,307,190.1,190.0,190.2,500.0,500.0,0.0,0.0,0.0,0.3,1.79
8.7,194.4,6.26,39.8,308,190.1,190.0,190.2,500.0,500.0,0.0,0.0,0.0,0.3,1.80
8.7,194.4,6.26,39.8,309,190.1,190.0,190.2,500.0,500.0,0.0,0.0,0.0,0.3,1.80
8.8,194.4,6.26,39.8,310,190.1,190.0,190.2,500.0,500.0,0.0,0.0,0.0,0.3,1.81
8.9,194.4,6.25,39.8,311,190.1,190.1,190.2,500.0,500.0,0.0,0.0,0.0,0.3,1.82
8.9,194.5,6.25,39.8,312,190.1,190.1,190.2,500.0,500.0,0.0,0.0,0.0,0.3,1.82
8.9,194.5,6.25,40.0,313,190.1,190.1,190.2,500.0,500.0,0.0,0.0,0.0,0.3,1.83
9.0,194.5,6.25,40.0,314,190.1,190.1,190.2,500.0,500.0,0.0,0.0,0.0,0.3,1.83
8.9,194.5,6.25,39.8,315,190.1,190.1,190.1,500.0,500.0,0.0,0.0,0.0,0.3,1.84
9.1,194.5,6.25,40.0,316,190.1,190.1,190.1,500.0,500.0,0.0,0.0,0.0,0.3,1.85
9.0,194.6,6.26,39.8,317,190.1,190.1,190.1,500.0,500.0,0.0,0.0,0.0,0.3,1.85
8.8,194.6,6.26,39.8,318,190.0,190.1,190.1,500.0,500.0,0.0,0.0,0.0,0.3,1.86
8.9,194.6,6.26,39.8,319,190.0,190.1,190.1,500.0,500.0,0.0,0.0,0.0,0.3,1.86
9.0,194.6,6.26,40.0,320,190.0,190.1,190.0,500.0,500.0,0.0,0.0,0.0,0.3,1.87
8.9,194.6,6.26,39.8,321,190.0,190.0,190.0,500.0,500.0,0.0,0.0,0.0,0.3,1.88
9.1,194.7,6.26,40.0,322,190.0,190.0,190.0,500.0,500.0,0.0,0.0,0.0,0.3,1.88
9.1,194.7,6.26,39.8,323,190.0,190.0,190.0,500.0,500.0,0.0,0.0,0.0,0.3,1.89
8.9,194.7,6.26,39.8,324,190.0,190.0,190.0,500.0,500.0,0.0,0.0,0.0,0.3,1.89
9.1,194.7,6.26,39.8,325,190.0,190.0,190.0,500.0,500.0,0.0,0.0,0.0,0.3,1.90
9.0,194.7,6.26,39.8,326,190.0,190.0,190.0,500.0,500.0,0.0,0.0,0.0,0.3,1.91
9.0,194.8,6.26,39.8,327,190.0,190.0,190.0,500.0,500.0,0.0,0.0,0.0,0.3,1.91
9.0,194.8,6.25,40.0,328,190.0,190.0,190.0,500.0,500.0,0.0,0.0,0.0,0.3,1.92
8.9,194.8,6.25,40.0,329,190.0,190.0,190.0,500.0,500.0,0.0,0.0,0.0,0.3,1.92
8.8,194.8,6.26,39.8,330,190.0,190.0,190.0,500.0,500.0,0.0,0.0,0.0,0.3,1.93
8.8,194.9,6.26,39.8,331,190.0,190.0,190.0,500.0,500.0,0.0,0.0,0.0,0.3,1.93
8.6,194.9,6.26,39.8,332,190.0,190.0,190.0,500.0,500.0,0.0,0.0,0.0,0.3,1.94
8.7,194.9,6.26,39.8,333,190.0,190.0,190.0,500.0,500.0,0.0,0.0,0.0,0.3,1.95
8.9,195.0,6.26,39.8,334,190.0,190.0,190.0,500.0,500.0,0.0,0.0,0.0,0.3,1.95
8.7,195.0,6.26,40.0,335,190.0,190.0,190.0,500.0,500.0,0.0,0.0,0.0,0.3,1.96
8.8,195.0,6.26,40.0,336,190.0,190.0,190.0,500.0,500.0,0.0,0.0,0.0,0.3,1.96
8.9,195.0,6.26,40.0,337,190.0,190.0,190.0,500.0,500.0,0.0,0.0,0.0,0.3,1.97
8.7,195.0,6.26,40.2,338,190.0,190.0,190.0,500.0,500.0,0.0,0.0,0.0,0.3,1.98
8.7,195.0,6.26,40.0,339,190.0,190.0,190.0,500.0,500.0,0.0,0.0,0.0,0.3,1.98
8.7,195.1,6.26,40.0,340,190.0,190.0,190.0,500.0,500.0,0.0,0.0,0.0,0.3,1.99
8.8,195.1,6.26,40.0,341,190.0,190.0,190.0,500.0,500.0,0.0,0.0,0.0,0.3,1.99
8.7,195.1,6.26,40.0,342,190.0,190.0,190.0,500.0,500.0,0.0,0.0,0.0,0.3,2.00
8.9,195.1,6.26,39.8,343,190.0,190.0,190.0,500.0,500.0,0.0,0.0,0.0,0.3,2.00
8.8,195.1,6.25,40.0,344,190.0,190.0,190.0,500.0,500.0,0.0,0.0,0.0,0.3,2.01
9.0,195.1,6.25,39.8,345,190.0,190.0,190.0,500.0,500.0,0.0,0.0,0.0,0.3,2.02
8.9,195.1,6.25,39.8,346,190.0,190.0,190.0,500.0,500.0,0.0,0.0,0.0,0.3,2.02
9.0,195.2,6.25,39.8,347,190.0,190.0,190.0,500.0,500.0,0.0,0.0,0.0,0.3,2.03
9.1,195.2,6.25,39.8,348,190.0,190.0,190.0,500.0,500.0,0.0,0.0,0.0,0.3,2.03
9.1,195.2,6.25,39.8,349,190.0,190.0,190.0,500.0,500.0,0.0,0.0,0.0,0.3,2.04
9.3,195.2,6.25,40.0,350,190.0,190.0,190.0,500.0,500.0,0.0,0.0,0.0,0.3,2.05
9.5,195.2,6.25,40.0,351,190.0,190.0,190.0,500.0,500.0,0.0,0.0,0.0,0.3,2.05
9.5,195.2,6.25,39.8,352,190.0,190.0,190.0,500.0,500.0,0.0,0.0,0.0,0.3,2.06
9.6,195.2,6.25,39.8,353,190.0,190.0,190.0,500.0,500.0,0.0,0.0,0.0,0.3,2.07
9.7,195.3,6.25,39.6,354,190.0,190.0,190.0,500.0,500.0,0.0,0.0,0.0,0.3,2.07
9.9,195.3,6.25,39.6,355,190.0,190.0,190.0,500.0,500.0,0.0,0.0,0.0,0.3,2.08
9.6,195.3,6.25,39.6,356,190.0,190.0,190.0,500.0,500.0,0.0,0.0,0.0,0.3,2.08
9.8,195.4,6.25,39.8,357,190.0,190.0,190.0,500.0,500.0,0.0,0.0,0.0,0.3,2.09
9.6,195.4,6.25,39.8,358,190.0,190.0,190.0,500.0,500.0,0.0,0.0,0.0,0.3,2.10
9.8,195.4,6.25,40.0,359,190.0,190.1,190.0,500.0,500.0,0.0,0.0,0.0,0.3,2.10
9.5,195.5,6.25,39.8,360,190.0,190.1,190.0,500.0,500.0,0.0,0.0,0.0,0.3,2.11
9.7,195.5,6.25,39.8,361,190.0,190.1,190.0,500.0,500.0,0.0,0.0,0.0,0.3,2.12
9.8,195.5,6.25,39.8,362,190.0,190.1,190.0,500.0,500.0,0.0,0.0,0.0,0.3,2.12
9.6,195.5,6.25,39.8,363,190.0,190.1,190.0,500.0,500.0,0.0,0.0,0.0,0.3,2.13
9.6,195.6,6.25,39.8,364,190.0,190.2,190.0,500.0,500.0,0.0,0.0,0.0,0.3,2.14
9.8,195.6,6.25,40.0,365,190.0,190.2,190.0,500.0,500.0,0.0,0.0,0.0,0.3,2.14
9.7,195.6,6.25,40.0,366,190.0,190.2,190.0,500.0,500.0,0.0,0.0,0.0,0.3,2.15
9.5,195.6,6.25,39.8,367,190.0,190.2,190.0,500.0,500.0,0.0,0.0,0.0,0.3,2.16
9.8,195.6,6.25,39.8,368,190.0,190.2,190.0,500.0,500.0,0.0,0.0,0.0,0.3,2.16
9.6,195.6,6.25,39.6,369,190.0,190.2,190.0,500.0,500.0,0.0,0.0,0.0,0.3,2.17
9.4,195.7,6.25,39.6,370,190.0,190.2,190.0,500.0,500.0,0.0,0.0,0.0,0.3,2.17
9.3,195.7,6.25,39.6,371,190.0,190.2,190.0,500.0,500.0,0.0,0.0,0.0,0.3,2.18
9.1,195.7,6.25,39.8,372,190.0,190.1,190.0,500.0,500.0,0.0,0.0,0.0,0.3,2.19
9.1,195.8,6.25,39.8,373,190.0,190.0,190.0,500.0,500.0,0.0,0.0,0.0,0.3,2.19
8.9,195.8,6.25,40.0,374,190.0,190.0,190.0,500.0,500.0,0.0,0.0,0.0,0.3,2.20
8.8,195.8,6.25,39.8,375,190.0,190.0,190.0,500.0,500.0,0.0,0.0,0.0,0.3,2.20
8.9,195.8,6.25,39.8,376,190.0,190.0,190.0,500.0,500.0,0.0,0.0,0.0,0.3,2.21
9.0,195.8,6.25,39.8,377,190.0,190.0,190.0,500.0,500.0,0.0,0.0,0.0,0.3,2.22
8.7,195.8,6.25,39.8,378,190.0,190.0,190.0,500.0,500.0,0.0,0.0,0.0,0.3,2.22
8.9,195.8,6.25,39.8,379,190.0,190.0,190.0,500.0,500.0,0.0,0.0,0.0,0.3,2.23
9.0,195.8,6.25,40.0,380,190.0,190.0,190.0,500.0,500.0,0.0,0.0,0.0,0.3,2.23
8.8,195.9,6.25,40.0,381,190.0,190.0,190.0,500.0,500.0,0.0,0.0,0.0,0.3,2.24
8.9,196.0,6.25,39.8,382,190.0,190.0,190.0,500.0,500.0,0.0,0.0,0.0,0.3,2.25
8.9,196.0,6.25,40.0,383,190.0,190.0,190.0,500.0,500.0,0.0,0.0,0.0,0.3,2.25
9.2,196.0,6.25,39.8,384,190.0,190.0,190.1,500.0,500.0,0.0,0.0,0.0,0.3,2.26
9.1,196.0,6.25,39.8,385,190.0,190.0,190.1,500.0,500.0,0.0,0.0,0.0,0.3,2.26
9.3,196.0,6.25,39.8,386,190.0,190.0,190.1,500.0,500.0,0.0,0.0,0.0,0.3,2.27
9.5,196.0,6.25,40.0,387,190.0,190.0,190.1,500.0,500.0,0.0,0.0,0.0,0.3,2.28
9.6,196.1,6.25,39.8,388,190.0,190.0,190.1,500.0,500.0,0.0,0.0,0.0,0.3,2.28
9.7,196.1,6.25,40.0,389,190.0,190.0,190.1,500.0,500.0,0.0,0.0,0.0,0.3,2.29
9.9,196.1,6.25,40.0,390,190.0,190.0,190.1,500.0,500.0,0.0,0.0,0.0,0.3,2.30
10.1,196.1,6.25,39.8,391,190.0,190.0,190.1,500.0,500.0,0.0,0.0,0.0,0.3,2.30
9.9,196.1,6.25,39.8,392,190.0,190.0,190.1,500.0,500.0,0.0,0.0,0.0,0.3,2.31
10.0,196.1,6.25,39.8,393,190.0,190.0,190.1,500.0,500.0,0.0,0.0,0.0,0.3,2.32
9.9,196.2,6.25,39.8,394,190.0,190.0,190.1,500.0,500.0,0.0,0.0,0.0,0.3,2.32
9.6,196.2,6.25,39.8,395,190.0,190.0,190.1,500.0,500.0,0.0,0.0,0.0,0.3,2.33
9.5,196.2,6.25,40.0,396,190.0,190.0,190.1,500.0,500.0,0.0,0.0,0.0,0.3,2.34
9.5,196.2,6.25,39.8,397,190.0,190.0,190.1,500.0,500.0,0.0,0.0,0.0,0.3,2.34
9.4,196.2,6.25,39.8,398,190.0,190.0,190.1,500.0,500.0,0.0,0.0,0.0,0.3,2.35
9.1,196.2,6.25,39.8,399,190.0,190.0,190.1,500.0,500.0,0.0,0.0,0.0,0.3,2.35
9.2,196.3,6.26,39.8,400,190.0,190.0,190.1,500.0,500.0,0.0,0.0,0.0,0.3,2.36
9.1,196.3,6.25,39.8,401,190.0,190.0,190.1,500.0,500.0,0.0,0.0,0.0,0.3,2.37
9.1,196.3,6.25,40.0,402,190.0,190.0,190.1,500.0,500.0,0.0,0.0,0.0,0.3,2.37
8.9,196.3,6.25,40.0,403,190.0,190.0,190.1,500.0,500.0,0.0,0.0,0.0,0.3,2.38
9.0,196.4,6.25,39.8,404,190.0,190.0,190.1,500.0,500.0,0.0,0.0,0.0,0.3,2.38
9.1,196.4,6.25,40.0,405,190.0,190.0,190.1,500.0,500.0,0.0,0.0,0.0,0.3,2.39
9.0,196.4,6.25,39.8,406,190.0,190.0,190.1,500.0,500.0,0.0,0.0,0.0,0.3,2.40
9.1,196.4,6.25,39.8,407,190.0,190.0,190.1,500.0,500.0,0.0,0.0,0.0,0.3,2.40
9.3,196.4,6.26,39.8,408,190.0,190.0,190.1,500.0,500.0,0.0,0.0,0.0,0.3,2.41
9.3,196.4,6.26,40.0,409,190.0,190.0,190.1,500.0,500.0,0.0,0.0,0.0,0.3,2.41
9.3,196.4,6.25,39.8,410,190.0,190.0,190.1,500.0,500.0,0.0,0.0,0.0,0.3,2.42
9.5,196.4,6.25,40.0,411,190.0,190.0,190.1,500.0,500.0,0.0,0.0,0.0,0.3,2.43
9.5,196.4,6.25,39.8,412,190.0,190.1,190.1,500.0,500.0,0.0,0.0,0.0,0.3,2.43
9.5,196.4,6.25,39.8,413,190.0,190.1,190.1,500.0,500.0,0.0,0.0,0.0,0.3,2.44
9.5,196.4,6.25,39.8,414,190.0,190.1,190.1,500.0,500.0,0.0,0.0,0.0,0.3,2.45
9.5,196.4,6.25,39.8,415,190.0,190.1,190.1,500.0,500.0,0.0,0.0,0.0,0.3,2.45
9.8,196.4,6.25,39.8,416,190.0,190.1,190.1,500.0,500.0,0.0,0.0,0.0,0.3,2.46
9.6,196.5,6.25,40.0,417,190.0,190.1,190.0,500.0,500.0,0.0,0.0,0.0,0.3,2.46
9.8,196.5,6.25,40.0,418,190.0,190.1,190.0,500.0,500.0,0.0,0.0,0.0,0.3,2.47
10.1,196.5,6.25,39.8,419,190.0,190.1,190.0,500.0,500.0,0.0,0.0,0.0,0.3,2.48
10.1,196.5,6.25,39.8,420,190.0,190.1,190.0,500.0,500.0,0.0,0.0,0.0,0.3,2.48
10.0,196.6,6.25,39.8,421,190.0,190.1,190.0,500.0,500.0,0.0,0.0,0.0,0.3,2.49
10.2,196.6,6.25,39.8,422,190.0,190.1,190.0,500.0,500.0,0.0,0.0,0.0,0.3,2.50
10.3,196.6,6.25,39.8,423,190.0,190.0,190.0,500.0,500.0,0.0,0.0,0.0,0.3,2.50
10.1,196.6,6.25,40.0,424,190.0,190.0,190.0,500.0,500.0,0.0,0.0,0.0,0.3,2.51
10.1,196.7,6.25,40.0,425,190.0,190.0,190.0,500.0,500.0,0.0,0.0,0.0,0.3,2.52
10.0,196.7,6.25,40.0,426,190.0,190.0,190.0,500.0,500.0,0.0,0.0,0.0,0.3,2.53
10.1,196.8,6.25,39.8,427,190.0,190.0,190.0,500.0,500.0,0.0,0.0,0.0,0.3,2.53
9.8,196.8,6.25,39.8,428,190.0,190.0,190.0,500.0,500.0,0.0,0.0,0.0,0.3,2.54
9.7,196.8,6.25,39.8,429,190.0,190.0,190.0,500.0,500.0,0.0,0.0,0.0,0.3,2.54
9.8,196.8,6.25,39.8,430,190.0,190.0,190.0,500.0,500.0,0.0,0.0,0.0,0.3,2.55
9.6,196.8,6.25,39.8,431,190.0,190.0,190.0,500.0,500.0,0.0,0.0,0.0,0.3,2.56
9.4,196.8,6.25,40.0,432,190.0,190.0,190.0,500.0,500.0,0.0,0.0,0.0,0.3,2.56
9.5,196.8,6.25,40.0,433,190.0,190.0,190.0,500.0,500.0,0.0,0.0,0.0,0.3,2.57
9.6,196.9,6.25,39.8,434,190.0,190.0,190.0,500.0,500.0,0.0,0.0,0.0,0.3,2.58
9.4,196.9,6.25,39.8,435,190.0,190.0,190.0,500.0,500.0,0.0,0.0,0.0,0.3,2.58
9.5,196.9,6.25,39.8,436,190.0,190.0,190.0,500.0,500.0,0.0,0.0,0.0,0.3,2.59
9.6,196.9,6.25,39.8,437,190.0,190.0,190.0,500.0,500.0,0.0,0.0,0.0,0.3,2.60
9.5,196.9,6.25,39.8,438,190.0,190.0,190.0,500.0,500.0,0.0,0.0,0.0,0.3,2.60
9.4,196.9,6.25,40.0,439,190.0,190.0,190.0,500.0,500.0,0.0,0.0,0.0,0.3,2.61
9.4,197.0,6.25,39.8,440,190.0,190.0,190.0,500.0,500.0,0.0,0.0,0.0,0.3,2.61
9.5,197.0,6.25,40.0,441,190.0,190.0,190.0,500.0,500.0,0.0,0.0,0.0,0.3,2.62
9.4,197.0,6.25,40.0,442,190.0,190.0,190.0,500.0,500.0,0.0,0.0,0.0,0.3,2.63
9.5,197.0,6.25,40.0,443,190.0,190.0,190.0,500.0,500.0,0.0,0.0,0.0,0.3,2.63
9.5,197.0,6.25,40.0,444,190.0,190.0,190.0,500.0,500.0,0.0,0.0,0.0,0.3,2.64
9.6,197.0,6.25,40.2,445,190.0,190.0,190.0,500.0,500.0,0.0,0.0,0.0,0.3,2.65
9.3,197.0,6.25,40.0,446,190.0,190.0,190.0,500.0,500.0,0.0,0.0,0.0,0.3,2.65
9.4,197.0,6.25,40.0,447,190.0,190.0,190.0,500.0,500.0,0.0,0.0,0.0,0.3,2.66
9.5,197.0,6.25,40.2,448,190.0,190.0,190.0,500.0,500.0,0.0,0.0,0.0,0.3,2.66
9.3,197.0,6.25,40.0,449,190.0,190.0,190.0,500.0,500.0,0.0,0.0,0.0,0.3,2.67
9.3,197.0,6.25,40.0,450,190.0,190.0,190.0,500.0,500.0,0.0,0.0,0.0,0.3,2.68
9.5,197.0,6.25,40.0,451,190.0,190.0,190.0,500.0,500.0,0.0,0.0,0.0,0.3,2.68
9.5,197.0,6.25,40.0,452,190.0,190.0,190.0,500.0,500.0,0.0,0.0,0.0,0.3,2.69
9.4,197.0,6.25,39.8,453,190.0,190.0,190.0,500.0,500.0,0.0,0.0,0.0,0.3,2.70
9.5,197.0,6.25,40.0,454,190.0,190.0,190.0,500.0,500.0,0.0,0.0,0.0,0.3,2.70
9.5,197.0,6.26,39.8,455,190.0,190.0,190.0,500.0,500.0,0.0,0.0,0.0,0.3,2.71
9.5,197.1,6.25,39.8,456,190.0,190.0,190.0,500.0,500.0,0.0,0.0,0.0,0.3,2.72
9.4,197.1,6.25,39.8,457,190.0,190.0,190.0,500.0,500.0,0.0,0.0,0.0,0.3,2.72
9.2,197.1,6.25,39.8,458,190.0,190.0,190.0,500.0,500.0,0.0,0.0,0.0,0.3,2.73
9.3,197.1,6.25,39.8,459,190.0,190.0,190.0,500.0,500.0,0.0,0.0,0.0,0.3,2.73
9.2,197.1,6.25,40.0,460,190.0,190.0,190.0,500.0,500.0,0.0,0.0,0.0,0.3,2.74
9.3,197.1,6.25,40.0,461,190.0,190.0,190.0,500.0,500.0,0.0,0.0,0.0,0.3,2.75
9.6,197.1,6.26,39.8,462,190.0,190.0,190.0,500.0,500.0,0.0,0.0,0.0,0.3,2.75
9.5,197.1,6.26,40.0,463,190.0,190.0,190.0,500.0,500.0,0.0,0.0,0.0,0.3,2.76
9.5,197.1,6.26,39.8,464,190.0,190.0,190.0,500.0,500.0,0.0,0.0,0.0,0.3,2.76
9.7,197.1,6.26,39.8,465,190.0,190.0,190.0,500.0,500.0,0.0,0.0,0.0,0.3,2.77
9.7,197.1,6.26,39.8,466,190.0,190.0,190.0,500.0,500.0,0.0,0.0,0.0,0.3,2.78
9.6,197.1,6.25,40.0,467,190.0,190.0,190.0,500.0,500.0,0.0,0.0,0.0,0.3,2.78
9.8,197.1,6.25,39.8,468,190.0,190.0,190.0,500.0,500.0,0.0,0.0,0.0,0.3,2.79
9.7,197.1,6.26,40.0,469,190.0,190.0,190.0,500.0,500.0,0.0,0.0,0.0,0.3,2.80
9.6,197.2,6.25,40.0,470,190.0,190.0,190.0,500.0,500.0,0.0,0.0,0.0,0.3,2.80
9.6,197.2,6.25,39.8,471,190.0,190.0,190.0,500.0,500.0,0.0,0.0,0.0,0.3,2.81
9.5,197.1,6.25,39.8,472,190.0,190.0,190.0,500.0,500.0,0.0,0.0,0.0,0.3,2.82
9.7,197.1,6.25,39.8,473,190.0,190.0,190.0,500.0,500.0,0.0,0.0,0.0,0.3,2.82
9.6,197.1,6.25,39.8,474,190.0,190.0,190.0,500.0,500.0,0.0,0.0,0.0,0.3,2.83
9.7,197.1,6.25,39.8,475,190.0,190.0,190.0,500.0,500.0,0.0,0.0,0.0,0.3,2.84
9.9,197.1,6.25,40.0,476,190.0,190.0,190.0,500.0,500.0,0.0,0.0,0.0,0.3,2.84
9.8,197.2,6.25,39.8,477,190.0,190.0,190.0,500.0,500.0,0.0,0.0,0.0,0.3,2.85
9.7,197.2,6.25,39.8,478,190.0,190.0,190.0,500.0,500.0,0.0,0.0,0.0,0.3,2.86
9.7,197.2,6.25,39.8,479,190.0,190.0,190.0,500.0,500.0,0.0,0.0,0.0,0.3,2.86
9.7,197.2,6.25,39.8,480,190.0,190.0,190.0,500.0,500.0,0.0,0.0,0.0,0.3,2.87
9.5,197.2,6.25,39.8,481,190.0,190.0,190.0,500.0,500.0,0.0,0.0,0.0,0.3,2.87
9.6,197.2,6.25,40.0,482,190.0,190.0,190.0,500.0,500.0,0.0,0.0,0.0,0.3,2.88
9.6,197.2,6.26,40.0,483,190.0,190.0,190.0,500.0,500.0,0.0,0.0,0.0,0.3,2.89
9.7,197.2,6.26,39.8,484,190.0,190.0,190.0,500.0,500.0,0.0,0.0,0.0,0.3,2.89
9.8,197.2,6.26,39.8,485,190.0,190.0,190.0,500.0,500.0,0.0,0.0,0.0,0.3,2.90
9.8,197.2,6.26,39.8,486,190.0,190.0,190.0,500.0,500.0,0.0,0.0,0.0,0.3,2.91
9.8,197.2,6.25,39.8,487,190.0,190.0,190.0,500.0,500.0,0.0,0.0,0.0,0.3,2.91
10.0,197.2,6.25,39.8,488,190.0,190.0,190.0,500.0,500.0,0.0,0.0,0.0,0.3,2.92
9.8,197.2,6.26,40.0,489,190.0,190.0,190.0,500.0,500.0,0.0,0.0,0.0,0.3,2.93
9.8,197.3,6.26,39.8,490,190.0,190.0,190.0,500.0,500.0,0.0,0.0,0.0,0.3,2.93
9.7,197.3,6.25,39.8,491,190.0,190.0,190.0,500.0,500.0,0.0,0.0,0.0,0.3,2.94
9.8,197.3,6.25,39.6,492,190.0,190.0,190.0,500.0,500.0,0.0,0.0,0.0,0.3,2.95
9.6,197.3,6.25,39.6,493,190.0,190.0,190.0,500.0,500.0,0.0,0.0,0.0,0.3,2.95
9.8,197.3,6.25,39.6,494,190.0,190.0,190.0,500.0,500.0,0.0,0.0,0.0,0.3,2.96
9.8,197.3,6.25,39.8,495,190.0,190.0,190.0,500.0,500.0,0.0,0.0,0.0,0.3,2.96
9.9,197.3,6.25,39.8,496,190.0,190.0,190.0,500.0,500.0,0.0,0.0,0.0,0.3,2.97
9.8,197.3,6.25,40.0,497,190.0,190.0,190.0,500.0,500.0,0.0,0.0,0.0,0.3,2.98
9.9,197.3,6.25,39.8,498,190.0,190.0,190.0,500.0,500.0,0.0,0.0,0.0,0.3,2.98
10.1,197.3,6.25,39.8,499,190.0,190.0,190.0,500.0,500.0,0.0,0.0,0.0,0.3,2.99
9.9,197.4,6.25,39.8,500,190.0,190.0,190.0,500.0,500.0,0.0,0.0,0.0,0.3,3.00
10.0,197.4,6.25,39.8,501,190.0,190.0,190.0,500.0,500.0,0.0,0.0,0.0,0.3,3.00
10.3,197.4,6.25,39.8,502,190.0,190.0,190.0,500.0,500.0,0.0,0.0,0.0,0.3,3.01
10.3,197.4,6.25,40.0,503,190.0,190.0,190.1,500.0,500.0,0.0,0.0,0.0,0.3,3.02
10.1,197.4,6.25,40.0,504,190.0,190.0,190.1,500.0,500.0,0.0,0.0,0.0,0.3,3.02
10.4,197.4,6.25,40.0,505,190.0,190.0,190.1,500.0,500.0,0.0,0.0,0.0,0.3,3.03
10.3,197.4,6.25,40.0,506,190.0,190.0,190.1,500.0,500.0,0.0,0.0,0.0,0.3,3.04
10.2,197.4,6.25,39.8,507,190.0,190.0,190.1,500.0,500.0,0.0,0.0,0.0,0.3,3.05
10.2,197.4,6.25,39.8,508,190.0,190.0,190.1,500.0,500.0,0.0,0.0,0.0,0.3,3.05
10.1,197.4,6.25,39.8,509,190.0,190.0,190.1,500.0,500.0,0.0,0.0,0.0,0.3,3.06
10.1,197.4,6.24,39.8,510,190.0,190.0,190.1,500.0,500.0,0.0,0.0,0.0,0.3,3.07
10.0,197.4,6.24,39.8,511,190.0,190.0,190.1,500.0,500.0,0.0,0.0,0.0,0.3,3.07
10.0,197.4,6.24,40.0,512,190.0,190.0,190.1,500.0,500.0,0.0,0.0,0.0,0.3,3.08
10.0,197.5,6.24,39.8,513,190.0,190.0,190.2,500.0,500.0,0.0,0.0,0.0,0.3,3.09
10.1,197.5,6.25,39.8,514,190.0,190.0,190.2,500.0,500.0,0.0,0.0,0.0,0.3,3.09
10.0,197.5,6.25,39.8,515,190.0,190.0,190.2,500.0,500.0,0.0,0.0,0.0,0.3,3.10
10.1,197.5,6.25,39.8,516,190.0,190.0,190.2,500.0,500.0,0.0,0.0,0.0,0.3,3.11
10.2,197.5,6.24,39.8,517,190.0,190.0,190.2,500.0,500.0,0.0,0.0,0.0,0.3,3.11
10.2,197.5,6.24,40.0,518,190.0,190.0,190.2,500.0,500.0,0.0,0.0,0.0,0.3,3.12
10.3,197.5,6.24,39.8,519,190.0,190.0,190.2,500.0,500.0,0.0,0.0,0.0,0.3,3.13
10.3,197.6,6.24,39.8,520,190.0,190.0,190.2,500.0,500.0,0.0,0.0,0.0,0.3,3.13
10.3,197.6,6.24,39.8,521,190.0,190.0,190.2,500.0,500.0,0.0,0.0,0.0,0.3,3.14
10.2,197.6,6.24,39.8,522,190.0,190.0,190.2,500.0,500.0,0.0,0.0,0.0,0.3,3.15
10.3,197.6,6.24,39.8,523,190.0,190.0,190.2,500.0,500.0,0.0,0.0,0.0,0.3,3.15
10.2,197.6,6.25,40.0,524,190.0,190.0,190.2,500.0,500.0,0.0,0.0,0.0,0.3,3.16
10.2,197.6,6.25,40.0,525,190.0,190.0,190.2,500.0,500.0,0.0,0.0,0.0,0.3,3.17
10.2,197.6,6.25,39.8,526,190.0,190.0,190.2,500.0,500.0,0.0,0.0,0.0,0.3,3.17
10.2,197.6,6.24,39.8,527,190.0,190.0,190.2,500.0,500.0,0.0,0.0,0.0,0.3,3.18
10.3,197.6,6.24,39.8,528,190.0,190.0,190.2,500.0,500.0,0.0,0.0,0.0,0.3,3.19
10.2,197.6,6.24,39.8,529,190.0,190.0,190.2,500.0,500.0,0.0,0.0,0.0,0.3,3.19
10.2,197.6,6.24,39.8,530,190.0,190.0,190.2,500.0,500.0,0.0,0.0,0.0,0.3,3.20
10.4,197.6,6.24,40.0,531,190.0,190.0,190.2,500.0,500.0,0.0,0.0,0.0,0.3,3.21
10.3,197.6,6.24,40.0,532,190.0,190.0,190.2,500.0,500.0,0.0,0.0,0.0,0.3,3.21
10.2,197.6,6.24,40.0,533,190.0,190.0,190.2,500.0,500.0,0.0,0.0,0.0,0.3,3.22
10.2,197.7,6.24,39.8,534,190.0,190.0,190.2,500.0,500.0,0.0,0.0,0.0,0.3,3.23
10.3,197.7,6.24,39.8,535,190.0,190.0,190.2,500.0,500.0,0.0,0.0,0.0,0.3,3.23
10.2,197.7,6.24,39.8,536,190.0,190.0,190.2,500.0,500.0,0.0,0.0,0.0,0.3,3.24
10.3,197.7,6.24,39.8,537,190.0,190.0,190.1,500.0,500.0,0.0,0.0,0.0,0.3,3.25
10.3,197.7,6.24,39.8,538,190.0,190.0,190.1,500.0,500.0,0.0,0.0,0.0,0.3,3.26
10.5,197.7,6.24,40.0,539,190.0,190.0,190.1,500.0,500.0,0.0,0.0,0.0,0.3,3.26
10.3,197.7,6.24,40.0,540,190.0,190.0,190.1,500.0,500.0,0.0,0.0,0.0,0.3,3.27
10.3,197.7,6.24,39.8,541,190.0,190.0,190.1,500.0,500.0,0.0,0.0,0.0,0.3,3.28
10.4,197.7,6.24,39.8,542,190.0,190.0,190.1,500.0,500.0,0.0,0.0,0.0,0.3,3.28
10.2,197.7,6.24,39.8,543,190.0,190.0,190.1,500.0,500.0,0.0,0.0,0.0,0.3,3.29
10.2,197.7,6.24,39.8,544,190.0,190.0,190.1,500.0,500.0,0.0,0.0,0.0,0.3,3.30
10.3,197.7,6.24,39.8,545,190.0,190.0,190.1,500.0,500.0,0.0,0.0,0.0,0.3,3.30
10.3,197.7,6.24,40.0,546,190.0,190.0,190.1,500.0,500.0,0.0,0.0,0.0,0.3,3.31
10.2,197.7,6.24,39.8,547,190.0,190.0,190.1,500.0,500.0,0.0,0.0,0.0,0.3,3.32
10.4,197.7,6.24,39.8,548,190.0,190.0,190.1,500.0,500.0,0.0,0.0,0.0,0.3,3.32
10.3,197.7,6.24,39.8,549,190.0,190.0,190.1,500.0,500.0,0.0,0.0,0.0,0.3,3.33
10.2,197.7,6.24,39.8,550,190.0,190.0,190.1,500.0,500.0,0.0,0.0,0.0,0.3,3.34
10.3,197.7,6.24,39.8,551,190.0,190.0,190.1,500.0,500.0,0.0,0.0,0.0,0.3,3.34
10.2,197.8,6.24,40.0,552,190.0,190.0,190.1,500.0,500.0,0.0,0.0,0.0,0.3,3.35
10.2,197.8,6.24,40.0,553,190.0,190.0,190.0,500.0,500.0,0.0,0.0,0.0,0.3,3.36
10.1,197.8,6.24,39.8,554,190.0,190.0,190.0,500.0,500.0,0.0,0.0,0.0,0.3,3.36
10.2,197.8,6.24,39.8,555,190.0,190.0,190.0,500.0,500.0,0.0,0.0,0.0,0.3,3.37
10.3,197.8,6.24,39.8,556,190.0,190.0,190.0,500.0,500.0,0.0,0.0,0.0,0.3,3.38
10.3,197.8,6.24,39.8,557,190.0,190.0,190.0,500.0,500.0,0.0,0.0,0.0,0.3,3.38
10.3,197.8,6.24,39.8,558,190.0,190.0,190.0,500.0,500.0,0.0,0.0,0.0,0.3,3.39
10.3,197.8,6.24,40.0,559,190.0,190.0,190.0,500.0,500.0,0.0,0.0,0.0,0.3,3.40
10.3,197.8,6.24,40.0,560,190.0,190.0,190.0,500.0,500.0,0.0,0.0,0.0,0.3,3.41
10.1,197.8,6.24,40.0,561,190.0,190.0,190.0,500.0,500.0,0.0,0.0,0.0,0.3,3.41
10.2,197.8,6.24,39.8,562,190.0,190.0,190.0,500.0,500.0,0.0,0.0,0.0,0.3,3.42
10.1,197.8,6.24,39.8,563,190.0,190.0,190.0,500.0,500.0,0.0,0.0,0.0,0.3,3.43
10.1,197.9,6.24,39.8,564,190.0,190.0,190.0,500.0,500.0,0.0,0.0,0.0,0.3,3.43
9.9,197.9,6.24,39.8,565,190.0,190.0,190.0,500.0,500.0,0.0,0.0,0.0,0.3,3.44
9.9,197.9,6.24,39.8,566,190.0,190.0,190.0,500.0,500.0,0.0,0.0,0.0,0.3,3.45
10.1,197.9,6.24,40.0,567,190.0,190.0,190.0,500.0,500.0,0.0,0.0,0.0,0.3,3.45
10.1,197.9,6.24,40.0,568,190.0,190.0,190.0,500.0,500.0,0.0,0.0,0.0,0.3,3.46
10.2,197.9,6.24,39.8,569,190.0,190.0,190.0,500.0,500.0,0.0,0.0,0.0,0.3,3.47
10.4,197.9,6.24,39.8,570,190.0,190.0,190.0,500.0,500.0,0.0,0.0,0.0,0.3,3.47
10.6,197.9,6.24,39.8,571,190.0,190.0,190.0,500.0,500.0,0.0,0.0,0.0,0.3,3.48
10.4,197.9,6.24,39.8,572,190.0,190.0,190.0,500.0,500.0,0.0,0.0,0.0,0.3,3.49
10.5,197.9,6.24,39.8,573,190.0,190.0,190.0,500.0,500.0,0.0,0.0,0.0,0.3,3.49
10.6,197.9,6.24,40.0,574,190.0,190.0,190.0,500.0,500.0,0.0,0.0,0.0,0.3,3.50
10.4,197.9,6.24,39.8,575,190.0,190.0,190.0,500.0,500.0,0.0,0.0,0.0,0.3,3.51
10.5,197.9,6.24,39.8,576,190.0,190.0,190.0,500.0,500.0,0.0,0.0,0.0,0.3,3.51
10.4,197.9,6.24,39.6,577,190.0,190.0,190.0,500.0,500.0,0.0,0.0,0.0,0.3,3.52
10.5,197.9,6.24,39.6,578,190.0,190.0,190.0,500.0,500.0,0.0,0.0,0.0,0.3,3.53
10.3,197.9,6.24,39.6,579,190.0,190.0,190.0,500.0,500.0,0.0,0.0,0.0,0.3,3.53
10.3,197.9,6.24,39.8,580,190.0,190.0,190.0,500.0,500.0,0.0,0.0,0.0,0.3,3.54
10.1,197.9,6.24,39.8,581,190.0,190.0,190.0,500.0,500.0,0.0,0.0,0.0,0.3,3.55
10.2,197.9,6.24,40.0,582,190.0,190.0,190.0,500.0,500.0,0.0,0.0,0.0,0.3,3.56
10.0,197.9,6.24,40.0,583,190.0,190.0,190.0,500.0,500.0,0.0,0.0,0.0,0.3,3.56
10.1,197.9,6.24,39.8,584,190.0,190.0,190.0,500.0,500.0,0.0,0.0,0.0,0.3,3.57
10.3,197.9,6.24,39.8,585,190.0,190.0,190.0,500.0,500.0,0.0,0.0,0.0,0.3,3.58
10.1,197.9,6.24,39.8,586,190.0,190.0,190.0,500.0,500.0,0.0,0.0,0.0,0.3,3.58
10.1,197.9,6.24,39.8,587,190.0,190.0,190.0,500.0,500.0,0.0,0.0,0.0,0.3,3.59
10.2,197.9,6.24,39.8,588,190.0,190.0,190.0,500.0,500.0,0.0,0.0,0.0,0.3,3.60
10.1,198.0,6.24,40.0,589,190.0,190.0,190.0,500.0,500.0,0.0,0.0,0.0,0.3,3.60
10.0,198.1,6.24,39.8,590,190.0,190.0,190.0,500.0,500.0,0.0,0.0,0.0,0.3,3.61
10.1,198.1,6.24,39.8,591,190.0,190.0,190.0,500.0,500.0,0.0,0.0,0.0,0.3,3.62
10.2,198.1,6.24,39.8,592,190.0,190.0,190.0,500.0,500.0,0.0,0.0,0.0,0.3,3.62
10.1,198.1,6.24,39.8,593,190.0,190.0,190.0,500.0,500.0,0.0,0.0,0.0,0.3,3.63
10.2,198.1,6.24,39.8,594,190.0,190.0,190.0,500.0,500.0,0.0,0.0,0.0,0.3,3.64
10.1,198.1,6.24,40.0,595,190.0,190.0,190.0,500.0,500.0,0.0,0.0,0.0,0.3,3.64
10.2,198.1,6.24,39.8,596,190.0,190.0,190.0,500.0,500.0,0.0,0.0,0.0,0.3,3.65
10.1,198.1,6.24,39.6,597,190.0,190.0,190.1,500.0,500.0,0.0,0.0,0.0,0.3,3.66
10.1,198.1,6.24,39.6,598,190.0,190.0,190.1,500.0,500.0,0.0,0.0,0.0,0.3,3.66
10.3,198.1,6.24,39.6,599,190.0,190.0,190.1,500.0,500.0,0.0,0.0,0.0,0.3,3.67
10.2,198.1,6.24,39.6,600,190.0,190.0,190.1,500.0,500.0,0.0,0.0,0.0,0.3,3.68
10.2,198.1,6.24,39.8,601,190.0,190.0,190.1,500.0,500.0,0.0,0.0,0.0,0.3,3.68
10.2,198.2,6.24,40.0,602,190.0,190.0,190.1,500.0,500.0,0.0,0.0,0.0,0.3,3.69
10.2,198.2,6.24,39.8,603,190.0,190.0,190.1,500.0,500.0,0.0,0.0,0.0,0.3,3.70
10.0,198.2,6.24,39.8,604,190.0,190.0,190.1,500.0,500.0,0.0,0.0,0.0,0.3,3.70
10.1,198.2,6.24,39.6,605,190.0,190.0,190.1,500.0,500.0,0.0,0.0,0.0,0.3,3.71
10.2,198.2,6.24,39.6,606,190.0,190.0,190.1,500.0,500.0,0.0,0.0,0.0,0.3,3.72
10.2,198.2,6.24,39.6,607,190.0,190.0,190.1,500.0,500.0,0.0,0.0,0.0,0.3,3.72
10.2,198.2,6.24,39.8,608,190.0,190.0,190.1,500.0,500.0,0.0,0.0,0.0,0.3,3.73
10.3,198.2,6.24,39.8,609,190.0,190.0,190.1,500.0,500.0,0.0,0.0,0.0,0.3,3.74
10.4,198.2,6.24,40.0,610,190.0,190.0,190.2,500.0,500.0,0.0,0.0,0.0,0.3,3.74
10.4,198.2,6.24,39.8,611,190.0,190.0,190.2,500.0,500.0,0.0,0.0,0.0,0.3,3.75
10.5,198.2,6.24,39.8,612,190.0,190.0,190.2,500.0,500.0,0.0,0.0,0.0,0.3,3.76
10.7,198.2,6.24,39.8,613,190.0,190.0,190.2,500.0,500.0,0.0,0.0,0.0,0.3,3.76
10.6,198.2,6.25,39.8,614,190.0,190.0,190.2,500.0,500.0,0.0,0.0,0.0,0.3,3.77
10.3,198.2,6.24,39.8,615,190.0,190.0,190.2,500.0,500.0,0.0,0.0,0.0,0.3,3.78
10.4,198.2,6.24,40.0,616,190.0,190.0,190.2,500.0,500.0,0.0,0.0,0.0,0.3,3.79
10.6,198.2,6.24,40.0,617,190.0,190.0,190.2,500.0,500.0,0.0,0.0,0.0,0.3,3.79
10.4,198.1,6.24,39.8,618,190.0,190.0,190.2,500.0,500.0,0.0,0.0,0.0,0.3,3.80
10.4,198.1,6.24,39.8,619,190.0,190.0,190.2,500.0,500.0,0.0,0.0,0.0,0.3,3.81
10.5,198.2,6.24,39.8,620,190.0,190.0,190.2,500.0,500.0,0.0,0.0,0.0,0.3,3.81
10.4,198.2,6.25,39.8,621,190.0,190.0,190.2,500.0,500.0,0.0,0.0,0.0,0.3,3.82
10.3,198.2,6.25,39.8,622,190.0,190.0,190.2,500.0,500.0,0.0,0.0,0.0,0.3,3.83
10.2,198.2,6.25,40.0,623,190.0,190.0,190.2,500.0,500.0,0.0,0.0,0.0,0.3,3.83
10.4,198.2,6.25,40.0,624,190.0,190.0,190.2,500.0,500.0,0.0,0.0,0.0,0.3,3.84
10.3,198.2,6.25,40.0,625,190.0,190.0,190.2,500.0,500.0,0.0,0.0,0.0,0.3,3.85
10.2,198.2,6.25,39.8,626,190.0,190.0,190.2,500.0,500.0,0.0,0.0,0.0,0.3,3.85
10.4,198.2,6.25,39.8,627,190.0,190.0,190.2,500.0,500.0,0.0,0.0,0.0,0.3,3.86
10.5,198.3,6.25,39.8,628,190.0,190.0,190.2,500.0,500.0,0.0,0.0,0.0,0.3,3.87
10.3,198.3,6.24,39.8,629,190.0,190.0,190.2,500.0,500.0,0.0,0.0,0.0,0.3,3.87
10.4,198.3,6.24,39.8,630,190.0,190.0,190.2,500.0,500.0,0.0,0.0,0.0,0.3,3.88
10.4,198.3,6.25,40.0,631,190.0,190.0,190.3,500.0,500.0,0.0,0.0,0.0,0.3,3.89
10.2,198.3,6.25,40.0,632,190.0,190.0,190.3,500.0,500.0,0.0,0.0,0.0,0.3,3.90
10.1,198.4,6.24,39.8,633,190.0,190.0,190.3,500.0,500.0,0.0,0.0,0.0,0.3,3.90
10.2,198.4,6.25,39.8,634,190.0,190.0,190.3,500.0,500.0,0.0,0.0,0.0,0.3,3.91
10.2,198.4,6.24,39.8,635,190.0,190.0,190.3,500.0,500.0,0.0,0.0,0.0,0.3,3.92
10.2,198.4,6.24,39.8,636,190.0,190.0,190.3,500.0,500.0,0.0,0.0,0.0,0.3,3.92
10.2,198.4,6.24,39.8,637,190.0,190.0,190.3,500.0,500.0,0.0,0.0,0.0,0.3,3.93
10.3,198.4,6.25,40.0,638,190.0,190.0,190.3,500.0,500.0,0.0,0.0,0.0,0.3,3.94
10.4,198.4,6.25,39.8,639,190.0,190.0,190.3,500.0,500.0,0.0,0.0,0.0,0.3,3.94
10.3,198.4,6.25,39.8,640,190.0,190.0,190.3,500.0,500.0,0.0,0.0,0.0,0.3,3.95
10.3,198.4,6.25,39.8,641,190.0,190.0,190.3,500.0,500.0,0.0,0.0,0.0,0.3,3.96
10.4,198.4,6.25,39.8,642,190.0,190.0,190.2,500.0,500.0,0.0,0.0,0.0,0.3,3.96
10.3,198.4,6.25,39.8,643,190.0,190.0,190.2,500.0,500.0,0.0,0.0,0.0,0.3,3.97
10.2,198.4,6.24,40.0,644,190.0,190.0,190.2,500.0,500.0,0.0,0.0,0.0,0.3,3.98
10.2,198.4,6.24,40.0,645,190.0,190.0,190.2,500.0,500.0,0.0,0.0,0.0,0.3,3.98
10.2,198.4,6.24,39.8,646,190.0,190.0,190.2,500.0,500.0,0.0,0.0,0.0,0.3,3.99
10.1,198.4,6.24,39.8,647,190.0,190.0,190.2,500.0,500.0,0.0,0.0,0.0,0.3,4.00
10.0,198.4,6.24,39.8,648,190.0,190.0,190.2,500.0,500.0,0.0,0.0,0.0,0.3,4.00
10.1,198.4,6.24,39.8,649,190.0,190.0,190.2,500.0,500.0,0.0,0.0,0.0,0.3,4.01
10.2,198.4,6.25,39.8,650,190.0,190.0,190.2,500.0,500.0,0.0,0.0,0.0,0.3,4.02
10.2,198.4,6.25,40.0,651,190.0,190.0,190.2,500.0,500.0,0.0,0.0,0.0,0.3,4.02
10.2,198.4,6.25,39.8,652,190.0,190.0,190.2,500.0,500.0,0.0,0.0,0.0,0.3,4.03
10.4,198.4,6.25,39.8,653,190.0,190.0,190.2,500.0,500.0,0.0,0.0,0.0,0.3,4.04
10.4,198.4,6.25,39.8,654,190.0,190.0,190.2,500.0,500.0,0.0,0.0,0.0,0.3,4.04
10.3,198.4,6.25,39.8,655,190.0,190.0,190.1,500.0,500.0,0.0,0.0,0.0,0.3,4.05
10.5,198.4,6.25,39.8,656,190.0,190.0,190.1,500.0,500.0,0.0,0.0,0.0,0.3,4.06
10.5,198.4,6.25,40.0,657,190.0,190.0,190.1,500.0,500.0,0.0,0.0,0.0,0.3,4.07
10.4,198.4,6.25,40.0,658,190.0,190.0,190.1,500.0,500.0,0.0,0.0,0.0,0.3,4.07
10.4,198.4,6.25,40.0,659,190.0,190.0,190.1,500.0,500.0,0.0,0.0,0.0,0.3,4.08
10.3,198.4,6.25,39.8,660,190.0,190.0,190.1,500.0,500.0,0.0,0.0,0.0,0.3,4.09
10.2,198.4,6.25,39.8,661,190.0,190.0,190.1,500.0,500.0,0.0,0.0,0.0,0.3,4.09
10.2,198.4,6.25,39.8,662,190.0,190.0,190.1,500.0,500.0,0.0,0.0,0.0,0.3,4.10
10.1,198.5,6.25,39.8,663,190.0,190.0,190.1,500.0,500.0,0.0,0.0,0.0,0.3,4.11
10.2,198.5,6.25,39.8,664,190.0,190.0,190.1,500.0,500.0,0.0,0.0,0.0,0.3,4.11
10.3,198.4,6.25,40.0,665,190.0,190.0,190.0,500.0,500.0,0.0,0.0,0.0,0.3,4.12
10.2,198.4,6.25,40.0,666,190.0,190.0,190.0,500.0,500.0,0.0,0.0,0.0,0.3,4.13
10.3,198.4,6.25,39.8,667,190.0,190.0,190.0,500.0,500.0,0.0,0.0,0.0,0.3,4.13
10.5,198.4,6.25,39.8,668,190.0,190.0,190.0,500.0,500.0,0.0,0.0,0.0,0.3,4.14
10.4,198.4,6.25,39.8,669,190.0,190.0,190.0,500.0,500.0,0.0,0.0,0.0,0.3,4.15
10.6,198.4,6.25,39.8,670,190.0,190.0,190.0,500.0,500.0,0.0,0.0,0.0,0.3,4.15
10.5,198.4,6.25,39.8,671,190.0,190.0,190.0,500.0,500.0,0.0,0.0,0.0,0.3,4.16
10.5,198.5,6.25,40.0,672,190.0,190.0,190.0,500.0,500.0,0.0,0.0,0.0,0.3,4.17
10.4,198.5,6.25,40.0,673,190.0,190.0,190.0,500.0,500.0,0.0,0.0,0.0,0.3,4.18
10.4,198.5,6.25,40.0,674,190.0,190.0,190.0,500.0,500.0,0.0,0.0,0.0,0.3,4.18
10.3,198.5,6.25,40.0,675,190.0,190.0,190.0,500.0,500.0,0.0,0.0,0.0,0.3,4.19
10.3,198.5,6.26,39.8,676,190.0,190.0,190.0,500.0,500.0,0.0,0.0,0.0,0.3,4.20
10.3,198.5,6.26,39.8,677,190.0,190.0,190.0,500.0,500.0,0.0,0.0,0.0,0.3,4.20
10.1,198.5,6.26,39.8,678,190.0,190.0,190.0,500.0,500.0,0.0,0.0,0.0,0.3,4.21
10.3,198.5,6.25,39.8,679,190.0,190.0,190.0,500.0,500.0,0.0,0.0,0.0,0.3,4.22
10.2,198.5,6.25,39.8,680,190.0,190.0,190.0,500.0,500.0,0.0,0.0,0.0,0.3,4.22
10.3,198.4,6.25,40.0,681,190.0,190.0,190.0,500.0,500.0,0.0,0.0,0.0,0.3,4.23
10.5,198.4,6.25,39.8,682,190.0,190.0,190.0,500.0,500.0,0.0,0.0,0.0,0.3,4.24
10.5,198.5,6.25,39.8,683,190.0,190.0,190.0,500.0,500.0,0.0,0.0,0.0,0.3,4.24
10.4,198.5,6.25,39.8,684,190.0,190.0,190.0,500.0,500.0,0.0,0.0,0.0,0.3,4.25
10.4,198.5,6.25,39.8,685,190.0,190.0,190.0,500.0,500.0,0.0,0.0,0.0,0.3,4.26
10.4,198.5,6.25,39.8,686,190.0,190.0,190.0,500.0,500.0,0.0,0.0,0.0,0.3,4.27
10.2,198.5,6.25,40.0,687,190.0,190.0,190.0,500.0,500.0,0.0,0.0,0.0,0.3,4.27
10.4,198.5,6.25,39.8,688,190.0,190.0,190.0,500.0,500.0,0.0,0.0,0.0,0.3,4.28
10.2,198.5,6.25,39.8,689,190.0,190.0,190.0,500.0,500.0,0.0,0.0,0.0,0.3,4.29
10.3,198.5,6.26,39.8,690,190.0,190.0,190.0,500.0,500.0,0.0,0.0,0.0,0.3,4.29
10.2,198.5,6.26,39.8,691,190.0,190.0,190.0,500.0,500.0,0.0,0.0,0.0,0.3,4.30
10.3,198.5,6.26,39.8,692,190.0,190.0,190.0,500.0,500.0,0.0,0.0,0.0,0.3,4.31
10.3,198.5,6.26,40.0,693,190.0,190.0,190.0,500.0,500.0,0.0,0.0,0.0,0.3,4.31
10.2,198.5,6.26,40.0,694,190.0,190.0,190.0,500.0,500.0,0.0,0.0,0.0,0.3,4.32
10.1,198.5,6.25,39.8,695,190.0,190.0,190.0,500.0,500.0,0.0,0.0,0.0,0.3,4.33
10.2,198.5,6.25,39.8,696,190.0,190.0,190.0,500.0,500.0,0.0,0.0,0.0,0.3,4.33
10.1,198.5,6.25,39.8,697,190.0,190.0,190.0,500.0,500.0,0.0,0.0,0.0,0.3,4.34
10.1,198.5,6.26,39.8,698,190.0,190.0,190.0,500.0,500.0,0.0,0.0,0.0,0.3,4.35
10.2,198.5,6.25,39.8,699,190.0,190.0,190.0,500.0,500.0,0.0,0.0,0.0,0.3,4.35
10.3,198.5,6.26,40.0,700,190.0,190.0,190.0,500.0,500.0,0.0,0.0,0.0,0.3,4.36
10.2,198.5,6.25,40.0,701,190.0,190.0,190.0,500.0,500.0,0.0,0.0,0.0,0.3,4.37
10.3,198.5,6.25,40.0,702,190.0,190.0,190.0,500.0,500.0,0.0,0.0,0.0,0.3,4.37
10.3,198.5,6.25,39.8,703,190.0,190.0,190.0,500.0,500.0,0.0,0.0,0.0,0.3,4.38
10.2,198.5,6.25,39.8,704,190.0,190.0,190.0,500.0,500.0,0.0,0.0,0.0,0.3,4.39
10.1,198.5,6.25,39.8,705,190.0,190.0,190.0,500.0,500.0,0.0,0.0,0.0,0.3,4.39
10.1,198.5,6.25,39.8,706,190.0,190.0,190.0,500.0,500.0,0.0,0.0,0.0,0.3,4.40
10.2,198.5,6.25,39.8,707,190.0,190.0,190.0,500.0,500.0,0.0,0.0,0.0,0.3,4.41
10.2,198.5,6.25,40.0,708,190.0,190.0,190.0,500.0,500.0,0.0,0.0,0.0,0.3,4.41
10.1,198.5,6.25,40.0,709,190.0,190.0,190.0,500.0,500.0,0.0,0.0,0.0,0.3,4.42
10.4,198.5,6.25,39.8,710,190.0,190.0,190.0,500.0,500.0,0.0,0.0,0.0,0.3,4.43
10.5,198.5,6.25,39.8,711,190.0,190.0,190.0,500.0,500.0,0.0,0.0,0.0,0.3,4.43
10.4,198.6,6.25,39.8,712,190.0,190.0,190.0,500.0,500.0,0.0,0.0,0.0,0.3,4.44
10.5,198.6,6.25,39.8,713,190.0,190.0,190.0,500.0,500.0,0.0,0.0,0.0,0.3,4.45
10.5,198.6,6.25,39.8,714,190.0,190.0,190.0,500.0,500.0,0.0,0.0,0.0,0.3,4.46
10.4,198.6,6.25,40.0,715,190.0,190.0,190.0,500.0,500.0,0.0,0.0,0.0,0.3,4.46
10.1,198.6,6.25,39.8,716,190.0,190.0,190.0,500.0,500.0,0.0,0.0,0.0,0.3,4.47
10.2,198.6,6.25,40.0,717,190.0,190.0,190.0,500.0,500.0,0.0,0.0,0.0,0.3,4.48
10.1,198.6,6.25,40.0,718,190.0,190.0,190.0,500.0,500.0,0.0,0.0,0.0,0.3,4.48
10.2,198.6,6.25,40.0,719,190.0,190.0,190.0,500.0,500.0,0.0,0.0,0.0,0.3,4.49
10.1,198.6,6.25,40.0,720,190.0,190.0,190.0,500.0,500.0,0.0,0.0,0.0,0.3,4.50
10.3,198.6,6.26,40.2,721,190.0,190.0,190.0,500.0,500.0,0.0,0.0,0.0,0.3,4.50
10.4,198.6,6.26,40.0,722,190.0,190.0,190.0,500.0,500.0,0.0,0.0,0.0,0.3,4.51
10.3,198.6,6.26,40.0,723,190.0,190.0,190.0,500.0,500.0,0.0,0.0,0.0,0.3,4.52
10.4,198.6,6.26,40.2,724,190.0,190.0,190.1,500.0,500.0,0.0,0.0,0.0,0.3,4.52
10.6,198.6,6.25,40.0,725,190.0,190.0,190.1,500.0,500.0,0.0,0.0,0.0,0.3,4.53
10.4,198.6,6.25,40.0,726,190.0,190.0,190.1,500.0,500.0,0.0,0.0,0.0,0.3,4.54
10.5,198.6,6.25,40.0,727,190.0,190.0,190.1,500.0,500.0,0.0,0.0,0.0,0.3,4.55
10.5,198.6,6.25,40.0,728,190.0,190.0,190.1,500.0,500.0,0.0,0.0,0.0,0.3,4.55
10.5,198.6,6.26,39.8,729,190.0,190.0,190.1,500.0,500.0,0.0,0.0,0.0,0.3,4.56
10.3,198.7,6.26,40.0,730,190.0,190.0,190.1,500.0,500.0,0.0,0.0,0.0,0.3,4.57
10.2,198.7,6.26,39.8,731,190.0,190.0,190.1,500.0,500.0,0.0,0.0,0.0,0.3,4.57
10.2,198.7,6.26,39.8,732,190.0,190.0,190.1,500.0,500.0,0.0,0.0,0.0,0.3,4.58
10.2,198.6,6.26,39.8,733,190.0,190.0,190.1,500.0,500.0,0.0,0.0,0.0,0.3,4.59
10.1,198.6,6.26,39.8,734,190.0,190.0,190.1,500.0,500.0,0.0,0.0,0.0,0.3,4.59
10.1,198.6,6.26,39.8,735,190.0,190.0,190.1,500.0,500.0,0.0,0.0,0.0,0.3,4.60
10.4,198.7,6.26,40.0,736,190.0,190.0,190.1,500.0,500.0,0.0,0.0,0.0,0.3,4.61
10.2,198.7,6.26,40.0,737,190.0,190.0,190.1,500.0,500.0,0.0,0.0,0.0,0.3,4.61
10.2,198.7,6.26,39.8,738,190.0,190.0,190.1,500.0,500.0,0.0,0.0,0.0,0.3,4.62
10.3,198.7,6.26,39.8,739,190.0,190.0,190.1,500.0,500.0,0.0,0.0,0.0,0.3,4.63
10.3,198.7,6.26,39.8,740,190.0,190.0,190.1,500.0,500.0,0.0,0.0,0.0,0.3,4.63
10.2,198.7,6.26,39.8,741,190.0,190.0,190.1,500.0,500.0,0.0,0.0,0.0,0.3,4.64
10.3,198.7,6.26,39.8,742,190.0,190.0,190.1,500.0,500.0,0.0,0.0,0.0,0.3,4.65
10.2,198.7,6.26,40.0,743,190.0,190.0,190.1,500.0,500.0,0.0,0.0,0.0,0.3,4.65
10.2,198.7,6.26,40.0,744,190.0,190.0,190.2,500.0,500.0,0.0,0.0,0.0,0.3,4.66
10.2,198.7,6.26,40.0,745,190.0,190.0,190.2,500.0,500.0,0.0,0.0,0.0,0.3,4.67
10.2,198.7,6.26,39.8,746,190.0,190.0,190.2,500.0,500.0,0.0,0.0,0.0,0.3,4.67
10.3,198.7,6.26,39.8,747,190.0,190.0,190.2,500.0,500.0,0.0,0.0,0.0,0.3,4.68
10.3,198.7,6.26,39.8,748,190.0,190.0,190.2,500.0,500.0,0.0,0.0,0.0,0.3,4.69
10.3,198.7,6.26,39.8,749,190.0,190.0,190.1,500.0,500.0,0.0,0.0,0.0,0.3,4.70
10.4,198.7,6.26,39.8,750,190.0,190.0,190.1,500.0,500.0,0.0,0.0,0.0,0.3,4.70
10.4,198.7,6.26,40.0,751,190.0,190.0,190.1,500.0,500.0,0.0,0.0,0.0,0.3,4.71
10.3,198.7,6.26,40.0,752,190.0,190.0,190.1,500.0,500.0,0.0,0.0,0.0,0.3,4.72
10.3,198.7,6.26,39.8,753,190.0,190.0,190.1,500.0,500.0,0.0,0.0,0.0,0.3,4.72
10.3,198.7,6.26,39.8,754,190.0,190.0,190.1,500.0,500.0,0.0,0.0,0.0,0.3,4.73
10.1,198.7,6.26,39.8,755,190.0,190.0,190.1,500.0,500.0,0.0,0.0,0.0,0.3,4.74
10.3,198.8,6.26,39.8,756,190.0,190.0,190.1,500.0,500.0,0.0,0.0,0.0,0.3,4.74
10.2,198.8,6.26,39.8,757,190.0,190.0,190.1,500.0,500.0,0.0,0.0,0.0,0.3,4.75
10.2,198.8,6.26,40.0,758,190.0,190.0,190.2,500.0,500.0,0.0,0.0,0.0,0.3,4.76
10.3,198.8,6.26,40.0,759,190.0,190.0,190.2,500.0,500.0,0.0,0.0,0.0,0.3,4.76
10.3,198.8,6.26,40.0,760,190.0,190.0,190.2,500.0,500.0,0.0,0.0,0.0,0.3,4.77
10.3,198.8,6.26,39.8,761,190.0,190.0,190.2,500.0,500.0,0.0,0.0,0.0,0.3,4.78
10.3,198.8,6.26,39.8,762,190.0,190.0,190.2,500.0,500.0,0.0,0.0,0.0,0.3,4.78
10.2,198.8,6.26,39.8,763,190.0,190.0,190.2,500.0,500.0,0.0,0.0,0.0,0.3,4.79
10.2,198.8,6.26,39.8,764,190.0,190.0,190.2,500.0,500.0,0.0,0.0,0.0,0.3,4.80
10.2,198.8,6.26,39.8,765,190.0,190.0,190.2,500.0,500.0,0.0,0.0,0.0,0.3,4.80
10.1,198.8,6.26,40.0,766,190.0,190.0,190.2,500.0,500.0,0.0,0.0,0.0,0.3,4.81
10.1,198.8,6.26,40.0,767,190.0,190.0,190.2,500.0,500.0,0.0,0.0,0.0,0.3,4.82
10.2,198.8,6.26,39.8,768,190.0,190.0,190.2,500.0,500.0,0.0,0.0,0.0,0.3,4.82
10.1,198.8,6.26,39.8,769,190.0,190.0,190.2,500.0,500.0,0.0,0.0,0.0,0.3,4.83
10.1,198.8,6.26,39.8,770,190.0,190.0,190.1,500.0,500.0,0.0,0.0,0.0,0.3,4.84
10.1,198.8,6.26,39.8,771,190.0,190.0,190.1,500.0,500.0,0.0,0.0,0.0,0.3,4.84
10.1,198.9,6.26,39.8,772,190.0,190.0,190.1,500.0,500.0,0.0,0.0,0.0,0.3,4.85
9.9,198.9,6.26,40.0,773,190.0,190.0,190.1,500.0,500.0,0.0,0.0,0.0,0.3,4.86
10.0,198.8,6.26,39.8,774,190.0,190.0,190.1,500.0,500.0,0.0,0.0,0.0,0.3,4.86
10.2,198.8,6.26,40.0,775,190.0,190.0,190.1,500.0,500.0,0.0,0.0,0.0,0.3,4.87
10.2,198.8,6.26,40.0,776,190.0,190.0,190.1,500.0,500.0,0.0,0.0,0.0,0.3,4.88
10.1,198.8,6.26,40.0,777,190.0,190.0,190.1,500.0,500.0,0.0,0.0,0.0,0.3,4.88
10.2,198.8,6.26,40.0,778,190.0,190.0,190.1,500.0,500.0,0.0,0.0,0.0,0.3,4.89
10.2,198.8,6.26,40.2,779,190.0,190.0,190.0,500.0,500.0,0.0,0.0,0.0,0.3,4.90
10.0,198.8,6.26,40.0,780,190.0,190.0,190.0,500.0,500.0,0.0,0.0,0.0,0.3,4.90
10.1,198.8,6.26,40.0,781,190.0,190.0,190.0,500.0,500.0,0.0,0.0,0.0,0.3,4.91
10.3,198.8,6.26,40.0,782,190.0,190.0,190.0,500.0,500.0,0.0,0.0,0.0,0.3,4.92
10.1,198.8,6.26,39.8,783,190.0,190.0,190.0,500.0,500.0,0.0,0.0,0.0,0.3,4.93
10.1,198.8,6.26,39.8,784,190.0,190.0,190.0,500.0,500.0,0.0,0.0,0.0,0.3,4.93
10.1,198.8,6.26,39.8,785,190.0,190.0,190.0,500.0,500.0,0.0,0.0,0.0,0.3,4.94
10.0,198.8,6.26,39.8,786,190.0,190.0,190.0,500.0,500.0,0.0,0.0,0.0,0.3,4.95
10.0,198.8,6.26,39.8,787,190.0,190.0,190.0,500.0,500.0,0.0,0.0,0.0,0.3,4.95
9.9,198.8,6.26,40.0,788,190.0,190.0,190.0,500.0,500.0,0.0,0.0,0.0,0.3,4.96
10.1,198.8,6.26,39.8,789,190.0,190.0,190.0,500.0,500.0,0.0,0.0,0.0,0.3,4.97
10.1,198.8,6.26,39.8,790,190.0,190.0,190.0,500.0,500.0,0.0,0.0,0.0,0.3,4.97
10.2,198.8,6.26,39.8,791,190.0,190.0,190.0,500.0,500.0,0.0,0.0,0.0,0.3,4.98
10.2,198.8,6.26,39.8,792,190.0,190.0,190.0,500.0,500.0,0.0,0.0,0.0,0.3,4.99
10.5,198.8,6.26,39.8,793,190.0,190.0,190.0,500.0,500.0,0.0,0.0,0.0,0.3,4.99
10.3,198.8,6.26,40.0,794,190.0,190.0,190.0,500.0,500.0,0.0,0.0,0.0,0.3,5.00
10.2,198.8,6.25,40.0,795,190.0,190.0,190.0,500.0,500.0,0.0,0.0,0.0,0.3,5.01
10.3,198.8,6.26,39.8,796,190.0,190.0,190.0,500.0,500.0,0.0,0.0,0.0,0.3,5.01
10.1,198.8,6.26,39.8,797,190.0,190.0,190.0,500.0,500.0,0.0,0.0,0.0,0.3,5.02
10.0,198.8,6.26,39.8,798,190.0,190.0,190.0,500.0,500.0,0.0,0.0,0.0,0.3,5.03
10.0,198.8,6.26,39.8,799,190.0,190.0,190.0,500.0,500.0,0.0,0.0,0.0,0.3,5.03
10.1,198.8,6.26,39.8,800,190.0,190.0,190.0,500.0,500.0,0.0,0.0,0.0,0.3,5.04
10.1,198.8,6.26,40.0,801,190.0,190.0,190.0,500.0,500.0,0.0,0.0,0.0,0.3,5.05
10.2,198.8,6.26,39.8,802,190.0,190.0,190.0,500.0,500.0,0.0,0.0,0.0,0.3,5.05
10.1,198.8,6.26,39.8,803,190.0,190.0,190.0,500.0,500.0,0.0,0.0,0.0,0.3,5.06
10.3,198.8,6.26,39.6,804,190.0,190.0,190.0,500.0,500.0,0.0,0.0,0.0,0.3,5.07
10.2,198.8,6.26,39.6,805,190.0,190.0,190.0,500.0,500.0,0.0,0.0,0.0,0.3,5.07
10.2,198.8,6.26,39.6,806,190.0,190.0,190.0,500.0,500.0,0.0,0.0,0.0,0.3,5.08
10.4,198.7,6.26,39.8,807,190.0,190.0,190.0,500.0,500.0,0.0,0.0,0.0,0.3,5.09
10.3,198.7,6.26,39.8,808,190.0,190.0,190.0,500.0,500.0,0.0,0.0,0.0,0.3,5.09
10.1,198.8,6.26,40.0,809,190.0,190.0,190.0,500.0,500.0,0.0,0.0,0.0,0.3,5.10
10.1,198.8,6.26,40.0,810,190.0,190.0,190.0,500.0,500.0,0.0,0.0,0.0,0.3,5.11
10.1,198.8,6.26,39.8,811,190.0,190.0,190.0,500.0,500.0,0.0,0.0,0.0,0.3,5.11
9.8,198.7,6.26,39.8,812,190.0,190.0,190.0,500.0,500.0,0.0,0.0,0.0,0.3,5.12
9.9,198.7,6.26,39.8,813,190.0,190.0,190.0,500.0,500.0,0.0,0.0,0.0,0.3,5.13
9.9,198.7,6.26,39.8,814,190.0,190.0,190.0,500.0,500.0,0.0,0.0,0.0,0.3,5.13
9.9,198.7,6.26,39.8,815,190.0,190.0,190.0,500.0,500.0,0.0,0.0,0.0,0.3,5.14
9.9,198.7,6.26,40.0,816,190.0,190.0,190.0,500.0,500.0,0.0,0.0,0.0,0.3,5.15
9.8,198.7,6.26,40.0,817,190.0,190.0,190.0,500.0,500.0,0.0,0.0,0.0,0.3,5.15
10.0,198.7,6.26,40.2,818,190.0,190.0,190.0,500.0,500.0,0.0,0.0,0.0,0.3,5.16
10.0,198.7,6.26,40.0,819,190.0,190.0,190.0,500.0,500.0,0.0,0.0,0.0,0.3,5.17
9.9,198.7,6.26,40.0,820,190.0,190.0,190.0,500.0,500.0,0.0,0.0,0.0,0.3,5.17
10.0,198.7,6.26,40.0,821,190.0,190.0,190.0,500.0,500.0,0.0,0.0,0.0,0.3,5.18
10.0,198.7,6.26,40.0,822,190.0,190.0,190.0,500.0,500.0,0.0,0.0,0.0,0.3,5.19
9.9,198.7,6.26,39.8,823,190.0,190.0,190.0,500.0,500.0,0.0,0.0,0.0,0.3,5.19
10.0,198.7,6.26,40.0,824,190.0,190.0,190.0,500.0,500.0,0.0,0.0,0.0,0.3,5.20
10.0,198.7,6.26,40.0,825,190.0,190.0,190.0,500.0,500.0,0.0,0.0,0.0,0.3,5.21
9.9,198.7,6.26,39.8,826,190.0,190.0,190.0,500.0,500.0,0.0,0.0,0.0,0.3,5.21
10.0,198.7,6.26,39.8,827,190.0,190.0,190.0,500.0,500.0,0.0,0.0,0.0,0.3,5.22
10.0,198.7,6.26,39.8,828,190.0,190.0,190.0,500.0,500.0,0.0,0.0,0.0,0.3,5.23
9.9,198.7,6.26,39.8,829,190.0,190.0,190.0,500.0,500.0,0.0,0.0,0.0,0.3,5.23
10.1,198.7,6.26,39.8,830,190.0,190.0,190.0,500.0,500.0,0.0,0.0,0.0,0.3,5.24
10.1,198.7,6.26,40.0,831,190.0,190.0,190.0,500.0,500.0,0.0,0.0,0.0,0.3,5.25
10.2,198.7,6.26,39.8,832,190.0,190.0,190.0,500.0,500.0,0.0,0.0,0.0,0.3,5.25
10.1,198.7,6.26,39.8,833,190.0,190.0,190.0,500.0,500.0,0.0,0.0,0.0,0.3,5.26
10.1,198.7,6.26,39.8,834,190.0,190.0,190.0,500.0,500.0,0.0,0.0,0.0,0.3,5.27
10.0,198.7,6.26,39.8,835,190.0,190.0,190.0,500.0,500.0,0.0,0.0,0.0,0.3,5.27
10.1,198.7,6.26,39.8,836,190.0,190.0,190.0,500.0,500.0,0.0,0.0,0.0,0.3,5.28
9.9,198.6,6.26,40.0,837,190.0,190.0,190.0,500.0,500.0,0.0,0.0,0.0,0.3,5.29
10.0,198.6,6.26,40.0,838,190.0,190.0,190.0,500.0,500.0,0.0,0.0,0.0,0.3,5.29
10.2,198.7,6.26,39.8,839,190.0,190.0,190.0,500.0,500.0,0.0,0.0,0.0,0.3,5.30
10.0,198.8,6.26,39.8,840,190.0,190.0,190.0,500.0,500.0,0.0,0.0,0.0,0.3,5.31
10.1,198.8,6.26,39.8,841,190.0,190.0,190.0,500.0,500.0,0.0,0.0,0.0,0.3,5.31
10.2,198.8,6.25,39.8,842,190.0,190.0,190.0,500.0,500.0,0.0,0.0,0.0,0.3,5.32
10.2,198.8,6.26,39.8,843,190.0,190.0,190.0,500.0,500.0,0.0,0.0,0.0,0.3,5.33
10.1,198.8,6.26,40.0,844,190.0,190.0,190.0,500.0,500.0,0.0,0.0,0.0,0.3,5.33
10.2,198.8,6.26,40.0,845,190.0,190.0,190.0,500.0,500.0,0.0,0.0,0.0,0.3,5.34
10.2,198.7,6.26,40.0,846,190.0,190.0,190.0,500.0,500.0,0.0,0.0,0.0,0.3,5.35
10.2,198.7,6.26,39.8,847,190.0,190.0,190.0,500.0,500.0,0.0,0.0,0.0,0.3,5.35
10.2,198.8,6.26,39.8,848,190.0,190.0,190.0,500.0,500.0,0.0,0.0,0.0,0.3,5.36
10.1,198.8,6.26,39.8,849,190.0,190.0,190.0,500.0,500.0,0.0,0.0,0.0,0.3,5.37
10.3,198.8,6.26,39.8,850,190.0,190.0,190.0,500.0,500.0,0.0,0.0,0.0,0.3,5.37
10.1,198.8,6.26,39.8,851,190.0,190.0,190.0,500.0,500.0,0.0,0.0,0.0,0.3,5.38
10.1,198.8,6.26,40.0,852,190.0,190.0,190.0,500.0,500.0,0.0,0.0,0.0,0.3,5.39
10.1,198.8,6.26,40.0,853,190.0,190.0,190.0,500.0,500.0,0.0,0.0,0.0,0.3,5.39
10.1,198.8,6.26,39.8,854,190.0,190.0,190.0,500.0,500.0,0.0,0.0,0.0,0.3,5.40
9.9,198.8,6.26,39.8,855,190.0,190.0,190.0,500.0,500.0,0.0,0.0,0.0,0.3,5.41
9.9,198.8,6.26,39.8,856,190.0,190.0,190.0,500.0,500.0,0.0,0.0,0.0,0.3,5.41
9.9,198.8,6.26,39.8,857,190.0,190.0,190.0,500.0,500.0,0.0,0.0,0.0,0.3,5.42
9.9,198.8,6.26,39.8,858,190.0,190.0,190.0,500.0,500.0,0.0,0.0,0.0,0.3,5.43
9.9,198.8,6.26,40.0,859,190.0,190.0,190.0,500.0,500.0,0.0,0.0,0.0,0.3,5.43
9.8,198.7,6.26,40.0,860,190.0,190.0,190.0,500.0,500.0,0.0,0.0,0.0,0.3,5.44
10.0,198.7,6.26,40.0,861,190.0,190.0,190.0,500.0,500.0,0.0,0.0,0.0,0.3,5.45
9.9,198.8,6.26,39.8,862,190.0,190.0,190.0,500.0,500.0,0.0,0.0,0.0,0.3,5.45
9.8,198.8,6.26,39.8,863,190.0,190.0,190.0,500.0,500.0,0.0,0.0,0.0,0.3,5.46
9.9,198.8,6.25,39.8,864,190.0,190.0,190.0,500.0,500.0,0.0,0.0,0.0,0.3,5.47
10.0,198.8,6.26,39.8,865,190.0,190.0,190.0,500.0,500.0,0.0,0.0,0.0,0.3,5.47
10.0,198.8,6.26,39.8,866,190.0,190.0,190.1,500.0,500.0,0.0,0.0,0.0,0.3,5.48
10.0,198.8,6.26,40.0,867,190.0,190.0,190.1,500.0,500.0,0.0,0.0,0.0,0.3,5.49
10.1,198.8,6.26,40.0,868,190.0,190.0,190.1,500.0,500.0,0.0,0.0,0.0,0.3,5.49
10.0,198.8,6.26,39.8,869,190.0,190.0,190.1,500.0,500.0,0.0,0.0,0.0,0.3,5.50
10.1,198.7,6.25,39.8,870,190.0,190.0,190.1,500.0,500.0,0.0,0.0,0.0,0.3,5.51
9.9,198.7,6.25,39.8,871,190.0,190.0,190.1,500.0,500.0,0.0,0.0,0.0,0.3,5.51
9.9,198.7,6.25,39.8,872,190.0,190.0,190.0,500.0,500.0,0.0,0.0,0.0,0.3,5.52
10.1,198.8,6.25,39.8,873,190.0,190.0,190.0,500.0,500.0,0.0,0.0,0.0,0.3,5.53
10.0,198.8,6.25,40.0,874,190.0,190.0,190.0,500.0,500.0,0.0,0.0,0.0,0.3,5.53
10.0,198.8,6.26,40.0,875,190.0,190.0,190.0,500.0,500.0,0.0,0.0,0.0,0.3,5.54
10.1,198.7,6.26,40.0,876,190.0,190.0,190.0,500.0,500.0,0.0,0.0,0.0,0.3,5.55
10.1,198.7,6.26,40.0,877,190.0,190.0,190.0,500.0,500.0,0.0,0.0,0.0,0.3,5.55
9.9,198.8,6.26,40.0,878,190.0,190.0,190.0,500.0,500.0,0.0,0.0,0.0,0.3,5.56
9.9,198.8,6.26,40.0,879,190.0,190.0,190.0,500.0,500.0,0.0,0.0,0.0,0.3,5.57
9.9,198.8,6.26,40.0,880,190.0,190.0,190.0,500.0,500.0,0.0,0.0,0.0,0.3,5.57
9.9,198.8,6.26,40.0,881,190.0,190.0,190.0,500.0,500.0,0.0,0.0,0.0,0.3,5.58
9.9,198.8,6.26,39.8,882,190.0,190.0,190.0,500.0,500.0,0.0,0.0,0.0,0.3,5.59
10.0,198.7,6.26,40.0,883,190.0,190.0,190.0,500.0,500.0,0.0,0.0,0.0,0.3,5.59
10.0,198.7,6.26,39.8,884,190.0,190.0,190.0,500.0,500.0,0.0,0.0,0.0,0.3,5.60
10.1,198.7,6.26,39.8,885,190.0,190.0,190.0,500.0,500.0,0.0,0.0,0.0,0.3,5.61
10.1,198.7,6.26,39.8,886,190.0,190.0,190.0,500.0,500.0,0.0,0.0,0.0,0.3,5.61
10.3,198.7,6.26,40.0,887,190.0,190.0,190.0,500.0,500.0,0.0,0.0,0.0,0.3,5.62
10.3,198.7,6.26,39.8,888,190.0,190.0,190.0,500.0,500.0,0.0,0.0,0.0,0.3,5.63
10.3,198.7,6.25,40.0,889,190.0,190.0,190.0,500.0,500.0,0.0,0.0,0.0,0.3,5.63
10.4,198.7,6.25,39.8,890,190.0,190.0,190.0,500.0,500.0,0.0,0.0,0.0,0.3,5.64
10.4,198.7,6.26,39.8,891,190.0,190.0,190.0,500.0,500.0,0.0,0.0,0.0,0.3,5.65
10.2,198.7,6.26,39.8,892,190.0,190.0,190.0,500.0,500.0,0.0,0.0,0.0,0.3,5.65
10.2,198.7,6.25,39.8,893,190.0,190.0,190.0,500.0,500.0,0.0,0.0,0.0,0.3,5.66
10.1,198.7,6.26,39.8,894,190.0,190.0,190.0,500.0,500.0,0.0,0.0,0.0,0.3,5.67
10.0,198.7,6.25,40.0,895,190.0,190.0,190.0,500.0,500.0,0.0,0.0,0.0,0.3,5.67
10.1,198.7,6.25,39.8,896,190.0,190.0,190.0,500.0,500.0,0.0,0.0,0.0,0.3,5.68
10.0,198.8,6.25,39.6,897,190.0,190.0,190.0,500.0,500.0,0.0,0.0,0.0,0.3,5.69
10.1,198.8,6.26,39.6,898,190.0,190.0,190.0,500.0,500.0,0.0,0.0,0.0,0.3,5.69
10.0,198.8,6.26,39.6,899,190.0,190.0,190.0,500.0,500.0,0.0,0.0,0.0,0.3,5.70
10.1,198.7,6.26,39.6,900,190.0,190.0,190.0,500.0,500.0,0.0,0.0,0.0,0.3,5.71
10.1,198.7,6.26,39.8,901,190.0,190.0,190.0,500.0,500.0,0.0,0.0,0.0,0.3,5.71
10.2,198.7,6.25,40.0,902,190.0,190.0,190.0,500.0,500.0,0.0,0.0,0.0,0.3,5.72
10.0,198.7,6.25,39.8,903,190.0,190.0,190.0,500.0,500.0,0.0,0.0,0.0,0.3,5.73
10.0,198.7,6.25,39.8,904,190.0,190.0,190.0,500.0,500.0,0.0,0.0,0.0,0.3,5.73
10.0,198.7,6.25,39.6,905,190.0,190.0,190.0,500.0,500.0,0.0,0.0,0.0,0.3,5.74
9.9,198.7,6.25,39.6,906,190.0,190.0,190.0,500.0,500.0,0.0,0.0,0.0,0.3,5.75
10.1,198.7,6.25,39.6,907,190.0,190.0,190.0,500.0,500.0,0.0,0.0,0.0,0.3,5.75
10.0,198.7,6.25,39.8,908,190.0,190.0,190.0,500.0,500.0,0.0,0.0,0.0,0.3,5.76
10.2,198.7,6.25,39.8,909,190.0,190.0,190.0,500.0,500.0,0.0,0.0,0.0,0.3,5.77
10.2,198.7,6.25,40.0,910,190.0,190.0,190.0,500.0,500.0,0.0,0.0,0.0,0.3,5.77
10.2,198.7,6.25,40.0,911,190.0,190.0,190.0,500.0,500.0,0.0,0.0,0.0,0.3,5.78
10.1,198.7,6.25,39.8,912,190.0,190.0,190.0,500.0,500.0,0.0,0.0,0.0,0.3,5.79
10.1,198.7,6.25,39.8,913,190.0,190.0,190.0,500.0,500.0,0.0,0.0,0.0,0.3,5.79
10.1,198.7,6.25,39.8,914,190.0,190.0,190.0,500.0,500.0,0.0,0.0,0.0,0.3,5.80
10.0,198.7,6.25,39.8,915,190.0,190.0,190.0,500.0,500.0,0.0,0.0,0.0,0.3,5.81
10.2,198.7,6.25,39.8,916,190.0,190.0,190.0,500.0,500.0,0.0,0.0,0.0,0.3,5.81
9.9,198.7,6.25,40.0,917,190.0,190.0,190.0,500.0,500.0,0.0,0.0,0.0,0.3,5.82
9.9,198.7,6.25,39.8,918,190.0,190.0,190.0,500.0,500.0,0.0,0.0,0.0,0.3,5.83
9.8,198.7,6.25,39.8,919,190.0,190.0,190.0,500.0,500.0,0.0,0.0,0.0,0.3,5.83
9.8,198.6,6.25,39.8,920,190.0,190.0,190.0,500.0,500.0,0.0,0.0,0.0,0.3,5.84
9.8,198.6,6.25,39.8,921,190.0,190.0,190.0,500.0,500.0,0.0,0.0,0.0,0.3,5.85
10.0,198.7,6.25,39.8,922,190.0,190.0,190.0,500.0,500.0,0.0,0.0,0.0,0.3,5.85
10.0,198.7,6.25,40.0,923,190.0,190.0,190.0,500.0,500.0,0.0,0.0,0.0,0.3,5.86
10.0,198.7,6.25,40.0,924,190.0,190.0,190.0,500.0,500.0,0.0,0.0,0.0,0.3,5.87
10.2,198.7,6.25,39.8,925,190.0,190.0,190.0,500.0,500.0,0.0,0.0,0.0,0.3,5.87
10.1,198.7,6.25,39.8,926,190.0,190.0,190.0,500.0,500.0,0.0,0.0,0.0,0.3,5.88
10.2,198.6,6.25,39.8,927,190.0,190.0,190.0,500.0,500.0,0.0,0.0,0.0,0.3,5.89
10.1,198.6,6.25,39.8,928,190.0,190.0,190.0,500.0,500.0,0.0,0.0,0.0,0.3,5.89
10.1,198.7,6.25,39.8,929,190.0,190.0,190.0,500.0,500.0,0.0,0.0,0.0,0.3,5.90
10.2,198.7,6.25,40.0,930,190.0,190.0,190.0,500.0,500.0,0.0,0.0,0.0,0.3,5.91
10.1,198.7,6.25,40.0,931,190.0,190.0,190.0,500.0,500.0,0.0,0.0,0.0,0.3,5.91
10.1,198.7,6.25,40.0,932,190.0,190.0,190.0,500.0,500.0,0.0,0.0,0.0,0.3,5.92
10.4,198.7,6.25,39.8,933,190.0,190.0,190.0,500.0,500.0,0.0,0.0,0.0,0.3,5.93
10.3,198.7,6.25,39.8,934,190.0,190.0,190.0,500.0,500.0,0.0,0.0,0.0,0.3,5.93
10.2,198.7,6.25,39.8,935,190.0,190.0,190.0,500.0,500.0,0.0,0.0,0.0,0.3,5.94
10.2,198.7,6.25,39.8,936,190.0,190.0,190.0,500.0,500.0,0.0,0.0,0.0,0.3,5.95
10.3,198.8,6.25,39.8,937,190.0,190.0,190.0,500.0,500.0,0.0,0.0,0.0,0.3,5.95
10.1,198.8,6.25,40.0,938,190.0,190.0,190.0,500.0,500.0,0.0,0.0,0.0,0.3,5.96
10.1,198.8,6.25,40.0,939,190.0,190.0,190.0,500.0,500.0,0.0,0.0,0.0,0.3,5.97
10.1,198.7,6.25,40.0,940,190.0,190.0,190.0,500.0,500.0,0.0,0.0,0.0,0.3,5.98
10.2,198.7,6.25,40.0,941,190.0,190.0,190.0,500.0,500.0,0.0,0.0,0.0,0.3,5.98
10.1,198.7,6.25,40.0,942,190.0,190.0,190.0,500.0,500.0,0.0,0.0,0.0,0.3,5.99
10.0,198.7,6.25,40.0,943,190.0,190.0,190.0,500.0,500.0,0.0,0.0,0.0,0.3,6.00
10.2,198.7,6.25,40.0,944,190.0,190.0,190.0,500.0,500.0,0.0,0.0,0.0,0.3,6.00
10.1,198.7,6.24,40.0,945,190.0,190.0,190.0,500.0,500.0,0.0,0.0,0.0,0.3,6.01
10.0,198.7,6.24,40.0,946,190.0,190.0,190.0,500.0,500.0,0.0,0.0,0.0,0.3,6.02
10.2,198.7,6.24,40.0,947,190.0,190.0,190.0,500.0,500.0,0.0,0.0,0.0,0.3,6.02
10.1,198.8,6.24,39.8,948,190.0,190.0,190.0,500.0,500.0,0.0,0.0,0.0,0.3,6.03
10.0,198.8,6.24,39.8,949,190.0,190.0,190.0,500.0,500.0,0.0,0.0,0.0,0.3,6.04
10.0,198.8,6.25,39.8,950,190.0,190.0,190.0,500.0,500.0,0.0,0.0,0.0,0.3,6.04
10.0,198.7,6.25,39.8,951,190.0,190.0,190.0,500.0,500.0,0.0,0.0,0.0,0.3,6.05
9.8,198.7,6.25,39.8,952,190.0,190.0,190.0,500.0,500.0,0.0,0.0,0.0,0.3,6.06
9.9,198.7,6.25,39.8,953,190.0,190.0,190.0,500.0,500.0,0.0,0.0,0.0,0.3,6.06
9.8,198.7,6.25,40.0,954,190.0,190.0,190.0,500.0,500.0,0.0,0.0,0.0,0.3,6.07
9.9,198.7,6.25,39.8,955,190.0,190.0,190.0,500.0,500.0,0.0,0.0,0.0,0.3,6.08
9.9,198.7,6.25,39.8,956,190.0,190.0,190.0,500.0,500.0,0.0,0.0,0.0,0.3,6.08
9.8,198.7,6.25,39.8,957,190.0,190.0,190.0,500.0,500.0,0.0,0.0,0.0,0.3,6.09
10.0,198.7,6.25,40.0,958,190.0,190.0,190.0,500.0,500.0,0.0,0.0,0.0,0.3,6.09
9.9,198.7,6.25,39.8,959,190.0,190.0,190.0,500.0,500.0,0.0,0.0,0.0,0.3,6.10
9.9,198.7,6.25,40.0,960,190.0,190.0,190.0,500.0,500.0,0.0,0.0,0.0,0.3,6.11
10.0,198.7,6.25,39.8,961,190.0,190.0,190.0,500.0,500.0,0.0,0.0,0.0,0.3,6.11
10.0,198.7,6.25,39.8,962,190.0,190.0,190.0,500.0,500.0,0.0,0.0,0.0,0.3,6.12
9.8,198.7,6.25,39.8,963,190.0,190.0,190.0,500.0,500.0,0.0,0.0,0.0,0.3,6.13
9.9,198.7,6.25,39.8,964,190.0,190.0,190.0,500.0,500.0,0.0,0.0,0.0,0.3,6.13
9.9,198.7,6.25,39.8,965,190.0,190.0,190.0,500.0,500.0,0.0,0.0,0.0,0.3,6.14
9.9,198.7,6.25,40.0,966,190.0,190.0,190.0,500.0,500.0,0.0,0.0,0.0,0.3,6.15
10.0,198.7,6.25,40.0,967,190.0,190.0,190.0,500.0,500.0,0.0,0.0,0.0,0.3,6.15
10.1,198.8,6.25,39.8,968,190.0,190.0,190.0,500.0,500.0,0.0,0.0,0.0,0.3,6.16
10.1,198.8,6.25,39.8,969,190.0,190.0,190.0,500.0,500.0,0.0,0.0,0.0,0.3,6.17
10.0,198.8,6.25,39.8,970,190.0,190.0,190.0,500.0,500.0,0.0,0.0,0.0,0.3,6.17
10.0,198.8,6.25,39.8,971,190.0,190.0,190.1,500.0,500.0,0.0,0.0,0.0,0.3,6.18
10.0,198.8,6.25,39.8,972,190.0,190.0,190.1,500.0,500.0,0.0,0.0,0.0,0.3,6.19
10.0,198.8,6.25,40.0,973,190.0,190.0,190.1,500.0,500.0,0.0,0.0,0.0,0.3,6.19
10.0,198.8,6.25,40.0,974,190.0,190.0,190.1,500.0,500.0,0.0,0.0,0.0,0.3,6.20
10.1,198.8,6.25,40.0,975,190.0,190.0,190.1,500.0,500.0,0.0,0.0,0.0,0.3,6.21
10.1,198.8,6.25,39.8,976,190.0,190.0,190.1,500.0,500.0,0.0,0.0,0.0,0.3,6.21
10.0,198.8,6.25,39.8,977,190.0,190.0,190.1,500.0,500.0,0.0,0.0,0.0,0.3,6.22
10.0,198.8,6.25,39.8,978,190.0,190.0,190.1,500.0,500.0,0.0,0.0,0.0,0.3,6.23
10.0,198.8,6.25,39.8,979,190.0,190.0,190.1,500.0,500.0,0.0,0.0,0.0,0.3,6.23
9.9,198.8,6.25,39.8,980,190.0,190.0,190.1,500.0,500.0,0.0,0.0,0.0,0.3,6.24
10.0,198.8,6.25,40.0,981,190.0,190.0,190.1,500.0,500.0,0.0,0.0,0.0,0.3,6.25
10.0,198.8,6.25,40.0,982,190.0,190.0,190.1,500.0,500.0,0.0,0.0,0.0,0.3,6.25
10.0,198.8,6.25,39.8,983,190.0,190.0,190.1,500.0,500.0,0.0,0.0,0.0,0.3,6.26
9.9,198.8,6.25,39.8,984,190.0,190.0,190.1,500.0,500.0,0.0,0.0,0.0,0.3,6.27
10.0,198.8,6.25,39.8,985,190.0,190.0,190.1,500.0,500.0,0.0,0.0,0.0,0.3,6.27
10.0,198.8,6.25,39.8,986,190.0,190.0,190.1,500.0,500.0,0.0,0.0,0.0,0.3,6.28
10.1,198.8,6.25,39.8,987,190.0,190.0,190.1,500.0,500.0,0.0,0.0,0.0,0.3,6.29
10.0,198.8,6.25,40.0,988,190.0,190.0,190.1,500.0,500.0,0.0,0.0,0.0,0.3,6.29
10.0,198.8,6.25,39.8,989,190.0,190.0,190.0,500.0,500.0,0.0,0.0,0.0,0.3,6.30
10.2,198.8,6.25,39.8,990,190.0,190.0,190.0,500.0,500.0,0.0,0.0,0.0,0.3,6.31
10.0,198.8,6.25,39.8,991,190.0,190.0,190.0,500.0,500.0,0.0,0.0,0.0,0.3,6.31
10.0,198.8,6.25,39.8,992,190.0,190.0,190.0,500.0,500.0,0.0,0.0,0.0,0.3,6.32
10.1,198.8,6.25,39.8,993,190.0,190.0,190.0,500.0,500.0,0.0,0.0,0.0,0.3,6.33
10.2,198.8,6.25,40.0,994,190.0,190.0,190.0,500.0,500.0,0.0,0.0,0.0,0.3,6.33
10.1,198.8,6.25,40.0,995,190.0,190.0,190.0,500.0,500.0,0.0,0.0,0.0,0.3,6.34
10.1,198.8,6.25,39.8,996,190.0,190.0,190.0,500.0,500.0,0.0,0.0,0.0,0.3,6.35
10.0,198.8,6.25,40.0,997,190.0,190.0,190.0,500.0,500.0,0.0,0.0,0.0,0.3,6.35
10.1,198.8,6.25,40.0,998,190.0,190.0,190.0,500.0,500.0,0.0,0.0,0.0,0.3,6.36
10.1,198.8,6.25,40.0,999,190.0,190.0,190.0,500.0,500.0,0.0,0.0,0.0,0.3,6.37
10.0,198.8,6.25,40.0,1000,190.0,190.0,190.0,500.0,500.0,0.0,0.0,0.0,0.3,6.37
10.3,198.8,6.25,40.2,1001,190.0,190.0,190.0,500.0,500.0,0.0,0.0,0.0,0.3,6.38
10.2,198.8,6.25,40.0,1002,190.0,190.0,190.0,500.0,500.0,0.0,0.0,0.0,0.3,6.39
10.1,198.8,6.25,40.0,1003,190.0,190.0,190.0,500.0,500.0,0.0,0.0,0.0,0.3,6.39
10.1,198.8,6.25,39.8,1004,190.0,190.0,190.0,500.0,500.0,0.0,0.0,0.0,0.3,6.40
10.1,198.8,6.25,39.8,1005,190.0,190.0,190.0,500.0,500.0,0.0,0.0,0.0,0.3,6.41
9.9,198.8,6.25,39.8,1006,190.0,190.0,190.0,500.0,500.0,0.0,0.0,0.0,0.3,6.41
9.9,198.8,6.25,39.8,1007,190.0,190.0,190.0,500.0,500.0,0.0,0.0,0.0,0.3,6.42
10.0,198.8,6.25,39.8,1008,190.0,190.0,190.0,500.0,500.0,0.0,0.0,0.0,0.3,6.43
10.0,198.8,6.25,40.0,1009,190.0,190.0,190.0,500.0,500.0,0.0,0.0,0.0,0.3,6.43
10.0,198.8,6.25,40.0,1010,190.0,190.0,190.0,500.0,500.0,0.0,0.0,0.0,0.3,6.44
9.9,198.8,6.25,39.8,1011,190.0,190.0,190.0,500.0,500.0,0.0,0.0,0.0,0.3,6.45
10.2,198.8,6.25,39.6,1012,190.0,190.0,190.0,500.0,500.0,0.0,0.0,0.0,0.3,6.45
10.1,198.8,6.25,39.6,1013,190.0,190.0,190.0,500.0,500.0,0.0,0.0,0.0,0.3,6.46
10.1,198.8,6.25,39.6,1014,190.0,190.0,190.0,500.0,500.0,0.0,0.0,0.0,0.3,6.47
10.1,198.8,6.25,39.6,1015,190.0,190.0,190.0,500.0,500.0,0.0,0.0,0.0,0.3,6.47
10.2,198.8,6.25,39.8,1016,190.0,190.0,190.0,500.0,500.0,0.0,0.0,0.0,0.3,6.48
10.0,198.8,6.25,40.0,1017,190.0,190.0,190.0,500.0,500.0,0.0,0.0,0.0,0.3,6.49
10.0,198.8,6.25,40.0,1018,190.0,190.0,190.0,500.0,500.0,0.0,0.0,0.0,0.3,6.49
10.1,198.8,6.25,39.8,1019,190.0,190.0,190.0,500.0,500.0,0.0,0.0,0.0,0.3,6.50
10.0,198.8,6.25,39.8,1020,190.0,190.0,190.0,500.0,500.0,0.0,0.0,0.0,0.3,6.51
9.9,198.8,6.25,39.8,1021,190.0,190.0,190.0,500.0,500.0,0.0,0.0,0.0,0.3,6.51
9.8,198.8,6.25,39.8,1022,190.0,190.0,190.0,500.0,500.0,0.0,0.0,0.0,0.3,6.52
9.8,198.8,6.25,39.8,1023,190.0,190.0,190.0,500.0,500.0,0.0,0.0,0.0,0.3,6.53
9.9,198.8,6.25,40.0,1024,190.0,190.0,190.0,500.0,500.0,0.0,0.0,0.0,0.3,6.53
9.8,198.8,6.25,40.0,1025,190.0,190.0,190.0,500.0,500.0,0.0,0.0,0.0,0.3,6.54
10.0,198.7,6.25,40.0,1026,190.0,190.0,190.0,500.0,500.0,0.0,0.0,0.0,0.3,6.55
10.0,198.7,6.25,40.0,1027,190.0,190.0,190.0,500.0,500.0,0.0,0.0,0.0,0.3,6.55
10.0,198.7,6.25,40.0,1028,190.0,190.0,190.0,500.0,500.0,0.0,0.0,0.0,0.3,6.56
9.8,198.7,6.25,40.0,1029,190.0,190.0,190.0,500.0,500.0,0.0,0.0,0.0,0.3,6.57
10.0,198.7,6.25,40.0,1030,190.0,190.0,190.0,500.0,500.0,0.0,0.0,0.0,0.3,6.57
9.8,198.7,6.25,40.0,1031,190.0,190.0,190.0,500.0,500.0,0.0,0.0,0.0,0.3,6.58
9.9,198.7,6.25,39.8,1032,190.0,190.0,190.0,500.0,500.0,0.0,0.0,0.0,0.3,6.59
10.0,198.7,6.25,40.0,1033,190.0,190.0,190.0,500.0,500.0,0.0,0.0,0.0,0.3,6.59
10.1,198.7,6.25,39.8,1034,190.0,190.0,190.0,500.0,500.0,0.0,0.0,0.0,0.3,6.60
10.1,198.7,6.25,39.8,1035,190.0,190.0,190.0,500.0,500.0,0.0,0.0,0.0,0.3,6.61
10.2,198.7,6.25,39.8,1036,190.0,190.0,190.0,500.0,500.0,0.0,0.0,0.0,0.3,6.61
10.1,198.7,6.25,40.0,1037,190.0,190.0,190.0,500.0,500.0,0.0,0.0,0.0,0.3,6.62
10.2,198.7,6.25,39.8,1038,190.0,190.0,190.0,500.0,500.0,0.0,0.0,0.0,0.3,6.63
10.3,198.7,6.25,39.8,1039,190.0,190.0,190.0,500.0,500.0,0.0,0.0,0.0,0.3,6.63
10.2,198.7,6.25,40.0,1040,190.0,190.0,190.0,500.0,500.0,0.0,0.0,0.0,0.3,6.64
10.3,198.7,6.25,39.8,1041,190.0,190.0,190.0,500.0,500.0,0.0,0.0,0.0,0.3,6.65
10.2,198.7,6.25,39.8,1042,190.0,190.0,190.0,500.0,500.0,0.0,0.0,0.0,0.3,6.65
10.0,198.7,6.25,39.8,1043,190.0,190.0,190.0,500.0,500.0,0.0,0.0,0.0,0.3,6.66
10.0,198.7,6.25,40.0,1044,190.0,190.0,190.0,500.0,500.0,0.0,0.0,0.0,0.3,6.67
9.9,198.7,6.25,39.8,1045,190.0,190.0,190.0,500.0,500.0,0.0,0.0,0.0,0.3,6.67
9.8,198.7,6.25,40.0,1046,190.0,190.0,190.0,500.0,500.0,0.0,0.0,0.0,0.3,6.68
10.0,198.7,6.25,39.8,1047,190.0,190.0,190.0,500.0,500.0,0.0,0.0,0.0,0.3,6.69
9.9,198.7,6.25,39.8,1048,190.0,190.0,190.0,500.0,500.0,0.0,0.0,0.0,0.3,6.69
10.0,198.7,6.25,39.8,1049,190.0,190.0,190.0,500.0,500.0,0.0,0.0,0.0,0.3,6.70
10.1,198.7,6.25,39.8,1050,190.0,190.0,190.0,500.0,500.0,0.0,0.0,0.0,0.3,6.71
10.1,198.7,6.25,39.8,1051,190.0,190.0,190.0,500.0,500.0,0.0,0.0,0.0,0.3,6.71
10.1,198.7,6.25,40.0,1052,190.0,190.0,190.0,500.0,500.0,0.0,0.0,0.0,0.3,6.72
10.3,198.8,6.25,40.0,1053,190.0,190.0,190.0,500.0,500.0,0.0,0.0,0.0,0.3,6.73
10.2,198.8,6.25,39.8,1054,190.0,190.0,190.0,500.0,500.0,0.0,0.0,0.0,0.3,6.73
10.3,198.8,6.25,39.6,1055,190.0,190.0,190.0,500.0,500.0,0.0,0.0,0.0,0.3,6.74
10.2,198.8,6.25,39.6,1056,190.0,190.0,190.0,500.0,500.0,0.0,0.0,0.0,0.3,6.75
10.2,198.8,6.25,39.6,1057,190.0,190.0,190.0,500.0,500.0,0.0,0.0,0.0,0.3,6.75
10.2,198.8,6.25,39.6,1058,190.0,190.0,190.0,500.0,500.0,0.0,0.0,0.0,0.3,6.76
10.1,198.8,6.25,39.8,1059,190.0,190.0,190.0,500.0,500.0,0.0,0.0,0.0,0.3,6.77
10.1,198.8,6.25,40.0,1060,190.0,190.0,190.0,500.0,500.0,0.0,0.0,0.0,0.3,6.78
10.1,198.8,6.25,40.0,1061,190.0,190.0,190.0,500.0,500.0,0.0,0.0,0.0,0.3,6.78
10.1,198.8,6.25,39.8,1062,190.0,190.0,190.0,500.0,500.0,0.0,0.0,0.0,0.3,6.79
9.9,198.8,6.25,39.8,1063,190.0,190.0,190.0,500.0,500.0,0.0,0.0,0.0,0.3,6.79
9.9,198.8,6.25,39.8,1064,190.0,190.0,190.0,500.0,500.0,0.0,0.0,0.0,0.3,6.80
9.8,198.8,6.25,39.8,1065,190.0,190.0,190.0,500.0,500.0,0.0,0.0,0.0,0.3,6.81
9.9,198.8,6.25,39.8,1066,190.0,190.0,190.0,500.0,500.0,0.0,0.0,0.0,0.3,6.81
9.9,198.8,6.25,40.0,1067,190.0,190.0,190.0,500.0,500.0,0.0,0.0,0.0,0.3,6.82
9.8,198.8,6.25,39.8,1068,190.0,190.0,190.0,500.0,500.0,0.0,0.0,0.0,0.3,6.83
9.8,198.8,6.25,39.8,1069,190.0,190.0,190.0,500.0,500.0,0.0,0.0,0.0,0.3,6.83
9.7,198.8,6.25,39.8,1070,190.0,190.0,190.0,500.0,500.0,0.0,0.0,0.0,0.3,6.84
9.7,198.8,6.25,39.8,1071,190.0,190.0,190.0,500.0,500.0,0.0,0.0,0.0,0.3,6.85
9.7,198.8,6.25,39.8,1072,190.0,190.0,190.0,500.0,500.0,0.0,0.0,0.0,0.3,6.85
9.8,198.8,6.25,40.0,1073,190.0,190.0,190.0,500.0,500.0,0.0,0.0,0.0,0.3,6.86
9.8,198.8,6.25,39.8,1074,190.0,190.0,190.0,500.0,500.0,0.0,0.0,0.0,0.3,6.87
9.9,198.8,6.25,39.8,1075,190.0,190.0,190.0,500.0,500.0,0.0,0.0,0.0,0.3,6.87
9.9,198.8,6.25,39.8,1076,190.0,190.0,190.0,500.0,500.0,0.0,0.0,0.0,0.3,6.88
9.9,198.7,6.25,39.8,1077,190.0,190.0,190.0,500.0,500.0,0.0,0.0,0.0,0.3,6.89
9.9,198.8,6.25,39.8,1078,190.0,190.0,190.0,500.0,500.0,0.0,0.0,0.0,0.3,6.89
9.8,198.8,6.25,40.0,1079,190.0,190.0,190.0,500.0,500.0,0.0,0.0,0.0,0.3,6.90
9.9,198.8,6.25,40.0,1080,190.0,190.0,190.1,500.0,500.0,0.0,0.0,0.0,0.3,6.91
10.0,198.8,6.25,39.8,1081,190.0,190.0,190.1,500.0,500.0,0.0,0.0,0.0,0.3,6.91
9.9,198.8,6.25,39.8,1082,190.0,190.0,190.1,500.0,500.0,0.0,0.0,0.0,0.3,6.92
9.9,198.8,6.25,39.8,1083,190.0,190.0,190.1,500.0,500.0,0.0,0.0,0.0,0.3,6.93
10.1,198.8,6.25,39.8,1084,190.0,190.0,190.1,500.0,500.0,0.0,0.0,0.0,0.3,6.93
10.0,198.8,6.25,39.8,1085,190.0,190.0,190.1,500.0,500.0,0.0,0.0,0.0,0.3,6.94
9.9,198.7,6.25,40.0,1086,190.0,190.0,190.1,500.0,500.0,0.0,0.0,0.0,0.3,6.95
10.0,198.7,6.25,40.0,1087,190.0,190.0,190.1,500.0,500.0,0.0,0.0,0.0,0.3,6.95
10.0,198.8,6.25,40.0,1088,190.0,190.0,190.1,500.0,500.0,0.0,0.0,0.0,0.3,6.96
9.9,198.8,6.25,39.8,1089,190.0,190.0,190.1,500.0,500.0,0.0,0.0,0.0,0.3,6.97
10.0,198.8,6.25,39.8,1090,190.0,190.0,190.1,500.0,500.0,0.0,0.0,0.0,0.3,6.97
10.0,198.8,6.25,39.8,1091,190.0,190.0,190.1,500.0,500.0,0.0,0.0,0.0,0.3,6.98
10.1,198.8,6.25,39.8,1092,190.0,190.0,190.1,500.0,500.0,0.0,0.0,0.0,0.3,6.99
10.1,198.8,6.25,39.8,1093,190.0,190.0,190.1,500.0,500.0,0.0,0.0,0.0,0.3,6.99
10.1,198.8,6.25,40.0,1094,190.0,190.0,190.1,500.0,500.0,0.0,0.0,0.0,0.3,7.00
10.2,198.7,6.25,40.0,1095,190.0,190.0,190.1,500.0,500.0,0.0,0.0,0.0,0.3,7.01
10.2,198.7,6.25,39.8,1096,190.0,190.0,190.1,500.0,500.0,0.0,0.0,0.0,0.3,7.01
10.2,198.7,6.25,39.8,1097,190.0,190.0,190.1,500.0,500.0,0.0,0.0,0.0,0.3,7.02
10.3,198.7,6.25,39.8,1098,190.0,190.0,190.1,500.0,500.0,0.0,0.0,0.0,0.3,7.03
10.3,198.7,6.25,39.8,1099,190.0,190.0,190.1,500.0,500.0,0.0,0.0,0.0,0.3,7.03
10.1,198.7,6.25,39.8,1100,190.0,190.0,190.1,500.0,500.0,0.0,0.0,0.0,0.3,7.04
10.1,198.8,6.25,40.0,1101,190.0,190.0,190.1,500.0,500.0,0.0,0.0,0.0,0.3,7.05
10.1,198.8,6.25,39.8,1102,190.0,190.0,190.1,500.0,500.0,0.0,0.0,0.0,0.3,7.05
10.0,198.9,6.25,39.6,1103,190.0,190.0,190.1,500.0,500.0,0.0,0.0,0.0,0.3,7.06
9.8,198.9,6.25,39.6,1104,190.0,190.0,190.1,500.0,500.0,0.0,0.0,0.0,0.3,7.07
9.8,198.9,6.25,39.6,1105,190.0,190.0,190.2,500.0,500.0,0.0,0.0,0.0,0.3,7.07
10.0,198.9,6.25,39.6,1106,190.0,190.0,190.2,500.0,500.0,0.0,0.0,0.0,0.3,7.08
9.9,198.9,6.25,39.8,1107,190.0,190.0,190.2,500.0,500.0,0.0,0.0,0.0,0.3,7.09
10.0,198.9,6.25,40.0,1108,190.0,190.0,190.2,500.0,500.0,0.0,0.0,0.0,0.3,7.09
10.2,198.9,6.25,40.0,1109,190.0,190.0,190.2,500.0,500.0,0.0,0.0,0.0,0.3,7.10
10.2,198.9,6.25,40.0,1110,190.0,190.0,190.2,500.0,500.0,0.0,0.0,0.0,0.3,7.11
10.1,198.9,6.25,39.8,1111,190.0,190.0,190.2,500.0,500.0,0.0,0.0,0.0,0.3,7.11
10.0,198.9,6.25,39.8,1112,190.0,190.0,190.2,500.0,500.0,0.0,0.0,0.0,0.3,7.12
10.0,198.8,6.25,39.8,1113,190.0,190.0,190.2,500.0,500.0,0.0,0.0,0.0,0.3,7.13
9.8,198.8,6.25,39.8,1114,190.0,190.0,190.2,500.0,500.0,0.0,0.0,0.0,0.3,7.13
9.9,198.9,6.25,39.8,1115,190.0,190.0,190.2,500.0,500.0,0.0,0.0,0.0,0.3,7.14
9.9,198.9,6.25,40.0,1116,190.0,190.0,190.2,500.0,500.0,0.0,0.0,0.0,0.3,7.15
9.9,198.9,6.25,40.0,1117,190.0,190.0,190.2,500.0,500.0,0.0,0.0,0.0,0.3,7.15
9.8,198.9,6.25,39.8,1118,190.0,190.0,190.2,500.0,500.0,0.0,0.0,0.0,0.3,7.16
9.9,198.8,6.25,39.8,1119,190.0,190.0,190.2,500.0,500.0,0.0,0.0,0.0,0.3,7.17
10.0,198.8,6.25,39.8,1120,190.0,190.0,190.2,500.0,500.0,0.0,0.0,0.0,0.3,7.17
9.8,198.9,6.25,39.8,1121,190.0,190.0,190.2,500.0,500.0,0.0,0.0,0.0,0.3,7.18
9.9,198.9,6.25,39.8,1122,190.0,190.0,190.2,500.0,500.0,0.0,0.0,0.0,0.3,7.18
10.0,198.8,6.25,40.0,1123,190.0,190.0,190.2,500.0,500.0,0.0,0.0,0.0,0.3,7.19
10.1,198.8,6.25,39.8,1124,190.0,190.0,190.2,500.0,500.0,0.0,0.0,0.0,0.3,7.20
9.9,198.8,6.25,40.0,1125,190.0,190.0,190.2,500.0,500.0,0.0,0.0,0.0,0.3,7.20
10.0,198.8,6.25,39.8,1126,190.0,190.0,190.2,500.0,500.0,0.0,0.0,0.0,0.3,7.21
10.0,198.8,6.25,39.8,1127,190.0,190.0,190.2,500.0,500.0,0.0,0.0,0.0,0.3,7.22
9.9,198.8,6.25,39.8,1128,190.0,190.0,190.2,500.0,500.0,0.0,0.0,0.0,0.3,7.22
9.7,198.8,6.25,40.0,1129,190.0,190.0,190.2,500.0,500.0,0.0,0.0,0.0,0.3,7.23
9.9,198.8,6.25,39.8,1130,190.0,190.0,190.2,500.0,500.0,0.0,0.0,0.0,0.3,7.24
9.9,198.8,6.25,40.0,1131,190.0,190.0,190.2,500.0,500.0,0.0,0.0,0.0,0.3,7.24
9.9,198.8,6.25,39.8,1132,190.0,190.0,190.2,500.0,500.0,0.0,0.0,0.0,0.3,7.25
10.0,198.8,6.25,39.6,1133,190.0,190.0,190.2,500.0,500.0,0.0,0.0,0.0,0.3,7.26
10.0,198.8,6.25,39.6,1134,190.0,190.0,190.2,500.0,500.0,0.0,0.0,0.0,0.3,7.26
9.9,198.8,6.25,39.6,1135,190.0,190.0,190.2,500.0,500.0,0.0,0.0,0.0,0.3,7.27
9.9,198.8,6.25,39.6,1136,190.0,190.0,190.1,500.0,500.0,0.0,0.0,0.0,0.3,7.28
9.8,198.8,6.25,39.8,1137,190.0,190.0,190.1,500.0,500.0,0.0,0.0,0.0,0.3,7.28
9.9,198.8,6.25,40.0,1138,190.0,190.0,190.1,500.0,500.0,0.0,0.0,0.0,0.3,7.29
9.8,198.8,6.25,39.8,1139,190.0,190.0,190.1,500.0,500.0,0.0,0.0,0.0,0.3,7.30
9.8,198.8,6.25,39.8,1140,190.0,190.0,190.1,500.0,500.0,0.0,0.0,0.0,0.3,7.30
10.0,198.8,6.25,39.8,1141,190.0,190.0,190.1,500.0,500.0,0.0,0.0,0.0,0.3,7.31
10.0,198.8,6.25,39.8,1142,190.0,190.0,190.1,500.0,500.0,0.0,0.0,0.0,0.3,7.32
10.0,198.8,6.25,39.8,1143,190.0,190.0,190.1,500.0,500.0,0.0,0.0,0.0,0.3,7.32
10.0,198.8,6.25,40.0,1144,190.0,190.0,190.1,500.0,500.0,0.0,0.0,0.0,0.3,7.33
10.1,198.8,6.25,39.8,1145,190.0,190.0,190.1,500.0,500.0,0.0,0.0,0.0,0.3,7.34
9.9,198.8,6.25,39.8,1146,190.0,190.0,190.1,500.0,500.0,0.0,0.0,0.0,0.3,7.34
9.9,198.8,6.25,39.8,1147,190.0,190.0,190.1,500.0,500.0,0.0,0.0,0.0,0.3,7.35
9.9,198.8,6.25,39.8,1148,190.0,190.0,190.1,500.0,500.0,0.0,0.0,0.0,0.3,7.36
10.0,198.8,6.25,39.8,1149,190.0,190.0,190.1,500.0,500.0,0.0,0.0,0.0,0.3,7.36
9.8,198.8,6.25,40.0,1150,190.0,190.0,190.1,500.0,500.0,0.0,0.0,0.0,0.3,7.37
9.9,198.8,6.25,39.8,1151,190.0,190.0,190.1,500.0,500.0,0.0,0.0,0.0,0.3,7.38
10.0,198.7,6.25,40.0,1152,190.0,190.0,190.1,500.0,500.0,0.0,0.0,0.0,0.3,7.38
9.9,198.7,6.25,39.8,1153,190.0,190.0,190.1,500.0,500.0,0.0,0.0,0.0,0.3,7.39
10.0,198.7,6.25,39.8,1154,190.0,190.0,190.1,500.0,500.0,0.0,0.0,0.0,0.3,7.40
10.0,198.7,6.25,39.8,1155,190.0,190.0,190.1,500.0,500.0,0.0,0.0,0.0,0.3,7.40
10.2,198.7,6.25,40.0,1156,190.0,190.0,190.1,500.0,500.0,0.0,0.0,0.0,0.3,7.41
10.1,198.7,6.25,39.8,1157,190.0,190.0,190.1,500.0,500.0,0.0,0.0,0.0,0.3,7.42
10.2,198.8,6.25,40.0,1158,190.0,190.0,190.1,500.0,500.0,0.0,0.0,0.0,0.3,7.42
10.2,198.8,6.25,40.0,1159,190.0,190.0,190.1,500.0,500.0,0.0,0.0,0.0,0.3,7.43
10.1,198.8,6.25,39.8,1160,190.0,190.0,190.1,500.0,500.0,0.0,0.0,0.0,0.3,7.44
10.0,198.8,6.25,39.8,1161,190.0,190.0,190.1,500.0,500.0,0.0,0.0,0.0,0.3,7.44
10.0,198.8,6.25,39.8,1162,190.0,190.0,190.1,500.0,500.0,0.0,0.0,0.0,0.3,7.45
10.2,198.8,6.25,39.8,1163,190.0,190.0,190.1,500.0,500.0,0.0,0.0,0.0,0.3,7.46
10.2,198.8,6.25,39.8,1164,190.0,190.0,190.1,500.0,500.0,0.0,0.0,0.0,0.3,7.46
10.3,198.8,6.25,40.0,1165,190.0,190.0,190.1,500.0,500.0,0.0,0.0,0.0,0.3,7.47
10.3,198.7,6.25,39.8,1166,190.0,190.0,190.1,500.0,500.0,0.0,0.0,0.0,0.3,7.48
10.4,198.7,6.25,39.8,1167,190.0,190.0,190.1,500.0,500.0,0.0,0.0,0.0,0.3,7.48
10.2,198.7,6.25,39.8,1168,190.0,190.0,190.1,500.0,500.0,0.0,0.0,0.0,0.3,7.49
10.0,198.7,6.25,39.8,1169,190.0,190.0,190.1,500.0,500.0,0.0,0.0,0.0,0.3,7.50
10.1,198.7,6.25,39.8,1170,190.0,190.0,190.1,500.0,500.0,0.0,0.0,0.0,0.3,7.50
9.9,198.7,6.25,40.0,1171,190.0,190.0,190.1,500.0,500.0,0.0,0.0,0.0,0.3,7.51
9.8,198.7,6.25,40.0,1172,190.0,190.0,190.1,500.0,500.0,0.0,0.0,0.0,0.3,7.52
9.8,198.7,6.25,39.8,1173,190.0,190.0,190.1,500.0,500.0,0.0,0.0,0.0,0.3,7.52
9.9,198.7,6.25,39.8,1174,190.0,190.0,190.1,500.0,500.0,0.0,0.0,0.0,0.3,7.53
9.9,198.7,6.25,39.8,1175,190.0,190.0,190.1,500.0,500.0,0.0,0.0,0.0,0.3,7.54
10.0,198.7,6.25,39.8,1176,190.0,190.0,190.1,500.0,500.0,0.0,0.0,0.0,0.3,7.54
10.0,198.7,6.25,39.8,1177,190.0,190.0,190.1,500.0,500.0,0.0,0.0,0.0,0.3,7.55
10.2,198.7,6.25,40.0,1178,190.0,190.0,190.1,500.0,500.0,0.0,0.0,0.0,0.3,7.56
10.2,198.7,6.25,40.0,1179,190.0,190.0,190.1,500.0,500.0,0.0,0.0,0.0,0.3,7.56
10.2,198.7,6.25,40.0,1180,190.0,190.0,190.1,500.0,500.0,0.0,0.0,0.0,0.3,7.57
10.3,198.7,6.25,39.8,1181,190.0,190.0,190.1,500.0,500.0,0.0,0.0,0.0,0.3,7.58
10.1,198.7,6.25,39.8,1182,190.0,190.0,190.1,500.0,500.0,0.0,0.0,0.0,0.3,7.58
10.0,198.7,6.25,39.8,1183,190.0,190.0,190.1,500.0,500.0,0.0,0.0,0.0,0.3,7.59
9.9,198.7,6.25,39.8,1184,190.0,190.0,190.1,500.0,500.0,0.0,0.0,0.0,0.3,7.60
9.9,198.7,6.25,39.8,1185,190.0,190.0,190.1,500.0,500.0,0.0,0.0,0.0,0.3,7.60
9.7,198.7,6.25,40.0,1186,190.0,190.0,190.2,500.0,500.0,0.0,0.0,0.0,0.3,7.61
9.8,198.7,6.25,40.0,1187,190.0,190.0,190.2,500.0,500.0,0.0,0.0,0.0,0.3,7.62
9.8,198.7,6.25,39.8,1188,190.0,190.0,190.2,500.0,500.0,0.0,0.0,0.0,0.3,7.62
9.8,198.8,6.25,39.8,1189,190.0,190.0,190.2,500.0,500.0,0.0,0.0,0.0,0.3,7.63
9.9,198.8,6.25,39.8,1190,190.0,190.0,190.2,500.0,500.0,0.0,0.0,0.0,0.3,7.64
10.0,198.8,6.25,39.8,1191,190.0,190.0,190.2,500.0,500.0,0.0,0.0,0.0,0.3,7.64
10.0,198.8,6.25,39.8,1192,190.0,190.0,190.2,500.0,500.0,0.0,0.0,0.0,0.3,7.65
9.9,198.8,6.25,40.0,1193,190.0,190.0,190.3,500.0,500.0,0.0,0.0,0.0,0.3,7.66
9.9,198.9,6.25,39.8,1194,190.0,190.0,190.3,500.0,500.0,0.0,0.0,0.0,0.3,7.66
9.9,198.9,6.25,39.8,1195,190.0,190.0,190.3,500.0,500.0,0.0,0.0,0.0,0.3,7.67
9.8,198.9,6.25,39.8,1196,190.0,190.0,190.3,500.0,500.0,0.0,0.0,0.0,0.3,7.68
9.7,198.9,6.25,39.8,1197,190.0,190.0,190.3,500.0,500.0,0.0,0.0,0.0,0.3,7.68
9.9,198.9,6.25,39.8,1198,190.0,190.0,190.3,500.0,500.0,0.0,0.0,0.0,0.3,7.69
9.9,198.9,6.25,40.0,1199,190.0,190.0,190.3,500.0,500.0,0.0,0.0,0.0,0.3,7.70
