扭矩,料温,压力,转速,时间,温度1,温度2,温度3,温度4,温度5,温度6,温度7,温度8,顶栓,能量
1.5,186.9,6.19,0.6,0,190.2,189.9,190.0,500.0,500.0,0.0,0.0,0.0,0.3,0.00
1.5,186.9,6.19,5.8,1,190.2,189.9,190.0,500.0,500.0,0.0,0.0,0.0,0.3,0.00
1.4,186.9,6.19,14.6,2,190.2,190.0,190.0,500.0,500.0,0.0,0.0,0.0,0.3,0.00
1.3,186.9,6.19,23.6,3,190.2,190.0,190.0,500.0,500.0,0.0,0.0,0.0,0.3,0.00
1.2,186.6,6.20,32.6,4,190.2,190.0,190.0,500.0,500.0,0.0,0.0,0.0,0.3,0.00
1.1,185.9,6.20,41.0,5,190.2,190.0,190.0,500.0,500.0,0.0,0.0,0.0,0.3,0.00
1.0,185.1,6.20,44.6,6,190.2,190.0,190.0,500.0,500.0,0.0,0.0,0.0,0.3,0.00
0.9,184.4,6.20,44.8,7,190.1,190.0,190.0,500.0,500.0,0.0,0.0,0.0,0.3,0.00
0.9,183.9,6.20,44.8,8,190.1,190.0,190.0,500.0,500.0,0.0,0.0,0.0,0.3,0.00
0.8,183.4,6.20,44.8,9,190.1,190.0,190.0,500.0,500.0,0.0,0.0,0.0,0.3,0.01
0.8,182.9,6.20,44.8,10,190.1,190.0,190.0,500.0,500.0,0.0,0.0,0.0,0.3,0.01
0.7,182.5,6.20,45.0,11,190.1,190.0,190.0,500.0,500.0,0.0,0.0,0.0,0.3,0.01
0.6,182.1,6.20,45.0,12,190.1,190.0,190.0,500.0,500.0,0.0,0.0,0.0,0.3,0.01
0.6,181.7,6.20,45.2,13,190.2,190.0,190.0,500.0,500.0,0.0,0.0,0.0,0.3,0.01
0.5,181.2,6.20,45.0,14,190.2,190.0,190.0,500.0,500.0,0.0,0.0,0.0,0.3,0.01
0.4,180.8,6.20,44.8,15,190.2,190.0,190.0,500.0,500.0,0.0,0.0,0.0,0.3,0.01
0.4,180.4,6.20,44.8,16,190.1,190.0,190.0,500.0,500.0,0.0,0.0,0.0,0.3,0.01
0.5,180.1,6.20,44.8,17,190.1,190.0,190.0,500.0,500.0,0.0,0.0,0.0,0.3,0.01
0.6,179.7,6.20,44.6,18,190.1,190.0,190.0,500.0,500.0,0.0,0.0,0.0,0.3,0.01
0.8,179.1,6.20,44.8,19,190.1,190.1,190.0,500.0,500.0,0.0,0.0,0.0,0.3,0.01
1.0,178.5,6.20,45.2,20,190.1,190.1,190.0,500.0,500.0,0.0,0.0,0.0,0.3,0.01
1.2,177.8,6.20,45.2,21,190.1,190.1,190.0,500.0,500.0,0.0,0.0,0.0,0.3,0.01
1.3,177.2,6.20,45.2,22,190.0,190.1,190.0,500.0,500.0,0.0,0.0,0.0,0.3,0.01
1.3,176.6,6.20,45.0,23,190.0,190.1,190.0,500.0,500.0,0.0,0.0,0.0,0.3,0.01
1.3,176.1,6.20,45.0,24,190.0,190.1,190.0,500.0,500.0,0.0,0.0,0.0,0.3,0.01
1.3,175.8,6.20,45.0,25,190.0,190.0,190.0,500.0,500.0,0.0,0.0,0.0,0.3,0.01
1.3,175.5,6.20,45.0,26,190.0,190.0,190.0,500.0,500.0,0.0,0.0,0.0,0.3,0.02
1.3,175.3,6.20,45.0,27,190.0,190.0,190.0,500.0,500.0,0.0,0.0,0.0,0.3,0.02
1.3,175.2,6.20,45.0,28,190.0,190.0,190.0,500.0,500.0,0.0,0.0,0.0,0.3,0.02
1.3,174.9,6.20,45.0,29,190.0,190.0,190.0,500.0,500.0,0.0,0.0,0.0,0.3,0.02
1.3,174.7,6.20,44.8,30,190.0,190.0,190.0,500.0,500.0,0.0,0.0,0.0,0.3,0.02
1.3,174.6,6.20,44.6,31,190.0,190.0,190.0,500.0,500.0,0.0,0.0,0.0,0.3,0.02
1.4,174.5,6.20,44.6,32,190.0,190.0,190.0,500.0,500.0,0.0,0.0,0.0,0.3,0.02
1.3,174.5,6.20,44.8,33,190.0,190.0,190.0,500.0,500.0,0.0,0.0,0.0,0.3,0.02
1.3,174.5,6.20,44.8,34,190.0,190.0,190.0,500.0,500.0,0.0,0.0,0.0,0.3,0.02
2.1,174.5,6.20,44.6,35,190.0,190.0,190.0,500.0,500.0,0.0,0.0,0.0,0.3,0.03
4.8,174.4,6.20,44.8,36,190.0,190.0,190.0,500.0,500.0,0.0,0.0,0.0,0.3,0.03
14.7,173.6,6.20,44.8,37,190.0,190.0,190.0,500.0,500.0,0.0,0.0,0.0,0.3,0.04
21.6,171.5,6.20,44.8,38,190.0,190.0,190.0,500.0,500.0,0.0,0.0,0.0,0.3,0.06
26.8,168.3,6.20,44.8,39,190.0,190.0,190.0,500.0,500.0,0.0,0.0,0.0,0.3,0.08
32.1,165.2,6.20,45.0,40,190.0,190.0,190.0,500.0,500.0,0.0,0.0,0.0,0.3,0.10
37.3,162.9,6.20,45.0,41,190.0,189.9,190.0,500.0,500.0,0.0,0.0,0.0,0.3,0.13
33.4,161.7,6.20,45.0,42,190.0,189.9,190.0,500.0,500.0,0.0,0.0,0.0,0.3,0.15
31.2,161.2,6.20,45.0,43,190.0,189.9,190.0,500.0,500.0,0.0,0.0,0.0,0.3,0.18
30.3,161.3,6.20,44.8,44,190.0,189.8,190.0,500.0,500.0,0.0,0.0,0.0,0.3,0.20
31.0,161.6,6.20,44.8,45,190.0,189.8,190.0,500.0,500.0,0.0,0.0,0.0,0.3,0.22
27.2,161.9,6.20,44.8,46,190.0,189.8,190.0,500.0,500.0,0.0,0.0,0.0,0.3,0.24
25.7,162.3,6.20,44.6,47,190.0,189.8,190.0,500.0,500.0,0.0,0.0,0.0,0.3,0.26
25.6,162.7,6.20,44.6,48,190.0,189.8,190.0,500.0,500.0,0.0,0.0,0.0,0.3,0.28
25.2,163.2,6.20,44.8,49,190.0,189.8,190.0,500.0,500.0,0.0,0.0,0.0,0.3,0.30
21.5,163.6,6.20,44.8,50,190.0,189.9,190.0,500.0,500.0,0.0,0.0,0.0,0.3,0.32
20.9,164.1,6.20,44.8,51,190.0,190.0,190.0,500.0,500.0,0.0,0.0,0.0,0.3,0.33
19.8,164.6,6.20,45.0,52,190.0,190.0,190.0,500.0,500.0,0.0,0.0,0.0,0.3,0.35
18.0,164.9,6.20,45.0,53,190.0,190.0,190.0,500.0,500.0,0.0,0.0,0.0,0.3,0.36
16.8,165.2,6.20,45.0,54,190.0,190.0,190.0,500.0,500.0,0.0,0.0,0.0,0.3,0.37
16.4,165.4,6.20,45.0,55,190.0,190.0,190.0,500.0,500.0,0.0,0.0,0.0,0.3,0.38
15.6,165.6,6.20,44.8,56,190.0,190.0,190.0,500.0,500.0,0.0,0.0,0.0,0.3,0.40
14.9,165.7,6.20,44.8,57,190.0,190.0,190.0,500.0,500.0,0.0,0.0,0.0,0.3,0.41
14.2,166.0,6.20,44.8,58,190.0,190.0,189.9,500.0,500.0,0.0,0.0,0.0,0.3,0.42
13.7,166.4,6.20,44.8,59,190.0,190.0,189.9,500.0,500.0,0.0,0.0,0.0,0.3,0.43
13.1,166.9,6.20,44.8,60,190.0,190.0,189.9,500.0,500.0,0.0,0.0,0.0,0.3,0.44
12.3,167.4,6.20,45.0,61,190.0,190.0,189.9,500.0,500.0,0.0,0.0,0.0,0.3,0.45
11.4,167.8,6.20,45.0,62,190.0,190.0,189.9,500.0,500.0,0.0,0.0,0.0,0.3,0.46
11.0,168.3,6.20,45.0,63,190.0,190.0,189.9,500.0,500.0,0.0,0.0,0.0,0.3,0.46
10.3,168.8,6.20,44.8,64,190.0,190.0,189.9,500.0,500.0,0.0,0.0,0.0,0.3,0.47
9.9,169.3,6.20,44.8,65,190.0,190.0,189.9,500.0,500.0,0.0,0.0,0.0,0.3,0.48
9.6,169.8,6.20,44.8,66,190.0,190.0,189.9,500.0,500.0,0.0,0.0,0.0,0.3,0.49
9.4,170.3,6.20,44.8,67,190.0,190.0,189.9,500.0,500.0,0.0,0.0,0.0,0.3,0.49
9.2,170.7,6.20,44.8,68,190.0,190.0,189.9,500.0,500.0,0.0,0.0,0.0,0.3,0.50
9.1,171.1,6.20,45.0,69,190.0,190.0,189.9,500.0,500.0,0.0,0.0,0.0,0.3,0.51
9.0,171.5,6.20,45.0,70,190.0,190.0,189.9,500.0,500.0,0.0,0.0,0.0,0.3,0.51
9.0,171.8,6.20,45.0,71,190.0,190.0,189.9,500.0,500.0,0.0,0.0,0.0,0.3,0.52
8.8,172.2,6.20,45.0,72,190.0,190.0,189.9,500.0,500.0,0.0,0.0,0.0,0.3,0.53
8.7,172.6,6.20,45.0,73,190.0,190.0,189.9,500.0,500.0,0.0,0.0,0.0,0.3,0.53
8.7,172.9,6.20,44.8,74,190.0,190.0,189.9,500.0,500.0,0.0,0.0,0.0,0.3,0.54
8.8,173.3,6.20,44.8,75,190.0,190.0,189.9,500.0,500.0,0.0,0.0,0.0,0.3,0.55
8.5,173.7,6.20,44.8,76,190.0,190.0,190.0,500.0,500.0,0.0,0.0,0.0,0.3,0.55
8.5,174.0,6.20,44.8,77,190.0,190.0,190.0,500.0,500.0,0.0,0.0,0.0,0.3,0.56
8.6,174.4,6.20,44.8,78,190.0,190.0,190.0,500.0,500.0,0.0,0.0,0.0,0.3,0.57
8.4,174.7,6.20,44.8,79,190.0,190.0,190.0,500.0,500.0,0.0,0.0,0.0,0.3,0.57
8.1,175.1,6.20,44.8,80,190.0,190.0,190.0,500.0,500.0,0.0,0.0,0.0,0.3,0.58
8.3,175.4,6.20,44.6,81,190.0,190.0,190.0,500.0,500.0,0.0,0.0,0.0,0.3,0.58
8.4,175.7,6.20,44.6,82,190.0,190.0,190.0,500.0,500.0,0.0,0.0,0.0,0.3,0.59
8.4,176.0,6.20,44.6,83,190.0,190.0,190.0,500.0,500.0,0.0,0.0,0.0,0.3,0.60
8.3,176.2,6.20,44.8,84,190.0,190.0,190.0,500.0,500.0,0.0,0.0,0.0,0.3,0.60
8.5,176.5,6.20,44.8,85,190.0,190.0,190.0,500.0,500.0,0.0,0.0,0.0,0.3,0.61
8.5,176.8,6.20,45.0,86,190.0,190.0,190.0,500.0,500.0,0.0,0.0,0.0,0.3,0.62
8.3,176.9,6.20,45.0,87,190.0,190.0,190.0,500.0,500.0,0.0,0.0,0.0,0.3,0.62
8.1,177.2,6.20,45.0,88,190.0,190.0,190.0,500.0,500.0,0.0,0.0,0.0,0.3,0.63
8.4,177.4,6.20,45.0,89,190.0,190.0,190.0,500.0,500.0,0.0,0.0,0.0,0.3,0.63
8.5,177.7,6.20,45.0,90,190.0,190.0,190.0,500.0,500.0,0.0,0.0,0.0,0.3,0.64
8.3,177.9,6.20,45.0,91,190.0,190.0,190.0,500.0,500.0,0.0,0.0,0.0,0.3,0.65
8.3,178.2,6.20,45.0,92,190.0,190.0,190.0,500.0,500.0,0.0,0.0,0.0,0.3,0.65
8.3,178.5,6.20,45.0,93,190.0,190.0,190.0,500.0,500.0,0.0,0.0,0.0,0.3,0.66
8.2,178.7,6.20,45.0,94,190.0,190.0,190.0,500.0,500.0,0.0,0.0,0.0,0.3,0.67
8.2,178.8,6.20,45.0,95,190.0,190.0,190.0,500.0,500.0,0.0,0.0,0.0,0.3,0.67
8.2,179.0,6.20,45.0,96,190.1,190.0,190.0,500.0,500.0,0.0,0.0,0.0,0.3,0.68
8.2,179.2,6.20,45.0,97,190.1,190.0,190.0,500.0,500.0,0.0,0.0,0.0,0.3,0.68
8.2,179.5,6.19,45.0,98,190.1,190.0,190.0,500.0,500.0,0.0,0.0,0.0,0.3,0.69
8.1,179.6,6.19,45.0,99,190.1,190.0,190.0,500.0,500.0,0.0,0.0,0.0,0.3,0.70
8.1,179.8,6.20,45.0,100,190.1,190.0,190.0,500.0,500.0,0.0,0.0,0.0,0.3,0.70
8.2,180.0,6.20,45.0,101,190.2,190.0,190.0,500.0,500.0,0.0,0.0,0.0,0.3,0.71
8.0,180.2,6.20,45.0,102,190.3,190.0,190.0,500.0,500.0,0.0,0.0,0.0,0.3,0.71
8.0,180.4,6.20,45.0,103,190.3,190.0,190.0,500.0,500.0,0.0,0.0,0.0,0.3,0.72
8.2,180.6,6.20,45.0,104,190.3,190.0,190.0,500.0,500.0,0.0,0.0,0.0,0.3,0.73
8.3,180.8,6.20,45.0,105,190.3,190.0,190.0,500.0,500.0,0.0,0.0,0.0,0.3,0.73
8.2,180.9,6.19,45.0,106,190.3,190.0,190.0,500.0,500.0,0.0,0.0,0.0,0.3,0.74
8.3,181.1,6.19,45.0,107,190.3,190.0,190.0,500.0,500.0,0.0,0.0,0.0,0.3,0.74
8.4,181.3,6.19,45.0,108,190.3,190.0,190.0,500.0,500.0,0.0,0.0,0.0,0.3,0.75
8.3,181.5,6.19,45.0,109,190.4,190.0,190.0,500.0,500.0,0.0,0.0,0.0,0.3,0.76
8.2,181.6,6.19,45.0,110,190.4,190.0,190.0,500.0,500.0,0.0,0.0,0.0,0.3,0.76
8.2,181.8,6.19,45.0,111,190.4,190.0,190.0,500.0,500.0,0.0,0.0,0.0,0.3,0.77
8.3,181.9,6.19,45.0,112,190.4,190.0,190.0,500.0,500.0,0.0,0.0,0.0,0.3,0.78
8.3,182.1,6.19,45.0,113,190.4,190.0,190.0,500.0,500.0,0.0,0.0,0.0,0.3,0.78
8.3,182.2,6.19,45.0,114,190.4,190.0,190.0,500.0,500.0,0.0,0.0,0.0,0.3,0.79
8.3,182.4,6.19,45.0,115,190.5,190.0,190.0,500.0,500.0,0.0,0.0,0.0,0.3,0.79
8.6,182.5,6.19,45.0,116,190.5,190.0,190.0,500.0,500.0,0.0,0.0,0.0,0.3,0.80
8.4,182.7,6.19,45.0,117,190.5,190.1,190.0,500.0,500.0,0.0,0.0,0.0,0.3,0.81
8.3,182.9,6.19,45.0,118,190.5,190.1,190.0,500.0,500.0,0.0,0.0,0.0,0.3,0.81
8.4,183.0,6.19,45.0,119,190.5,190.1,190.0,500.0,500.0,0.0,0.0,0.0,0.3,0.82
8.5,183.1,6.19,45.0,120,190.5,190.1,190.0,500.0,500.0,0.0,0.0,0.0,0.3,0.83
8.3,183.2,6.19,45.0,121,190.5,190.1,190.0,500.0,500.0,0.0,0.0,0.0,0.3,0.83
8.4,183.3,6.20,44.8,122,190.5,190.1,190.0,500.0,500.0,0.0,0.0,0.0,0.3,0.84
8.5,183.4,6.19,44.8,123,190.5,190.1,190.0,500.0,500.0,0.0,0.0,0.0,0.3,0.84
8.4,183.5,6.19,44.8,124,190.5,190.1,190.0,500.0,500.0,0.0,0.0,0.0,0.3,0.85
8.2,183.6,6.19,44.8,125,190.6,190.1,190.0,500.0,500.0,0.0,0.0,0.0,0.3,0.86
8.3,183.8,6.19,44.8,126,190.6,190.1,190.0,500.0,500.0,0.0,0.0,0.0,0.3,0.86
8.5,183.9,6.19,45.0,127,190.6,190.0,190.0,500.0,500.0,0.0,0.0,0.0,0.3,0.87
8.3,184.0,6.19,45.0,128,190.6,190.0,190.0,500.0,500.0,0.0,0.0,0.0,0.3,0.88
8.3,184.2,6.19,44.8,129,190.6,190.0,190.0,500.0,500.0,0.0,0.0,0.0,0.3,0.88
8.5,184.3,6.19,44.8,130,190.6,190.0,190.0,500.0,500.0,0.0,0.0,0.0,0.3,0.89
8.7,184.4,6.19,44.8,131,190.6,190.0,190.0,500.0,500.0,0.0,0.0,0.0,0.3,0.90
8.4,184.5,6.19,44.8,132,190.6,190.0,190.0,500.0,500.0,0.0,0.0,0.0,0.3,0.90
8.5,184.6,6.19,44.8,133,190.6,190.0,190.0,500.0,500.0,0.0,0.0,0.0,0.3,0.91
8.6,184.7,6.19,45.0,134,190.6,190.0,190.0,500.0,500.0,0.0,0.0,0.0,0.3,0.91
8.5,184.9,6.19,45.0,135,190.5,190.0,190.0,500.0,500.0,0.0,0.0,0.0,0.3,0.92
8.4,185.0,6.19,45.0,136,190.5,190.0,190.0,500.0,500.0,0.0,0.0,0.0,0.3,0.93
8.6,185.1,6.19,45.0,137,190.5,190.0,190.0,500.0,500.0,0.0,0.0,0.0,0.3,0.93
8.7,185.2,6.19,45.0,138,190.5,190.0,190.0,500.0,500.0,0.0,0.0,0.0,0.3,0.94
8.5,185.3,6.19,44.8,139,190.5,190.0,190.0,500.0,500.0,0.0,0.0,0.0,0.3,0.95
8.4,185.4,6.19,44.8,140,190.5,190.0,190.0,500.0,500.0,0.0,0.0,0.0,0.3,0.95
8.5,185.5,6.19,44.8,141,190.5,190.0,190.0,500.0,500.0,0.0,0.0,0.0,0.3,0.96
8.6,185.6,6.19,44.6,142,190.5,190.0,190.0,500.0,500.0,0.0,0.0,0.0,0.3,0.97
8.5,185.7,6.19,44.6,143,190.5,190.0,190.0,500.0,500.0,0.0,0.0,0.0,0.3,0.97
8.5,185.8,6.19,44.8,144,190.5,190.0,190.0,500.0,500.0,0.0,0.0,0.0,0.3,0.98
8.7,185.9,6.19,44.8,145,190.5,190.0,190.0,500.0,500.0,0.0,0.0,0.0,0.3,0.98
8.7,186.0,6.19,44.8,146,190.5,190.0,190.0,500.0,500.0,0.0,0.0,0.0,0.3,0.99
8.6,186.1,6.19,45.0,147,190.4,190.0,190.0,500.0,500.0,0.0,0.0,0.0,0.3,1.00
8.7,186.2,6.19,45.0,148,190.4,190.0,190.0,500.0,500.0,0.0,0.0,0.0,0.3,1.00
8.8,186.3,6.19,45.0,149,190.4,190.0,190.0,500.0,500.0,0.0,0.0,0.0,0.3,1.01
8.8,186.3,6.19,44.8,150,190.4,190.0,190.0,500.0,500.0,0.0,0.0,0.0,0.3,1.02
8.6,186.4,6.19,44.8,151,190.4,190.0,190.0,500.0,500.0,0.0,0.0,0.0,0.3,1.02
8.7,186.5,6.19,44.6,152,190.4,190.0,190.0,500.0,500.0,0.0,0.0,0.0,0.3,1.03
8.8,186.6,6.19,44.6,153,190.4,190.0,190.0,500.0,500.0,0.0,0.0,0.0,0.3,1.04
8.8,186.7,6.19,44.6,154,190.4,190.0,190.0,500.0,500.0,0.0,0.0,0.0,0.3,1.04
8.7,186.7,6.19,44.8,155,190.3,190.0,190.0,500.0,500.0,0.0,0.0,0.0,0.3,1.05
8.8,186.8,6.19,44.8,156,190.3,190.0,190.0,500.0,500.0,0.0,0.0,0.0,0.3,1.06
9.0,186.9,6.19,45.0,157,190.3,190.0,190.0,500.0,500.0,0.0,0.0,0.0,0.3,1.06
8.8,187.0,6.19,45.0,158,190.3,190.0,190.0,500.0,500.0,0.0,0.0,0.0,0.3,1.07
8.7,187.1,6.19,45.0,159,190.3,190.0,190.0,500.0,500.0,0.0,0.0,0.0,0.3,1.08
8.9,187.2,6.19,45.0,160,190.3,190.0,190.0,500.0,500.0,0.0,0.0,0.0,0.3,1.08
8.8,187.3,6.19,45.0,161,190.3,190.0,190.0,500.0,500.0,0.0,0.0,0.0,0.3,1.09
8.7,187.3,6.19,45.0,162,190.3,190.0,190.0,500.0,500.0,0.0,0.0,0.0,0.3,1.10
8.8,187.4,6.19,44.8,163,190.3,190.0,190.0,500.0,500.0,0.0,0.0,0.0,0.3,1.10
9.0,187.5,6.19,44.8,164,190.3,190.0,190.0,500.0,500.0,0.0,0.0,0.0,0.3,1.11
9.0,187.6,6.19,44.6,165,190.2,190.0,190.0,500.0,500.0,0.0,0.0,0.0,0.3,1.12
8.9,187.7,6.19,44.6,166,190.2,190.0,190.0,500.0,500.0,0.0,0.0,0.0,0.3,1.12
8.9,187.7,6.19,44.6,167,190.2,190.0,190.0,500.0,500.0,0.0,0.0,0.0,0.3,1.13
9.0,187.8,6.19,44.6,168,190.2,190.0,190.0,500.0,500.0,0.0,0.0,0.0,0.3,1.14
8.6,187.9,6.19,44.6,169,190.2,190.1,190.0,500.0,500.0,0.0,0.0,0.0,0.3,1.14
8.6,188.0,6.19,44.6,170,190.2,190.1,190.0,500.0,500.0,0.0,0.0,0.0,0.3,1.15
8.8,188.1,6.19,44.6,171,190.2,190.1,190.0,500.0,500.0,0.0,0.0,0.0,0.3,1.15
8.9,188.1,6.19,44.4,172,190.2,190.1,190.0,500.0,500.0,0.0,0.0,0.0,0.3,1.16
8.9,188.2,6.19,44.6,173,190.2,190.1,190.0,500.0,500.0,0.0,0.0,0.0,0.3,1.17
9.1,188.3,6.19,44.6,174,190.2,190.1,190.0,500.0,500.0,0.0,0.0,0.0,0.3,1.17
9.1,188.4,6.19,44.8,175,190.2,190.1,190.0,500.0,500.0,0.0,0.0,0.0,0.3,1.18
9.0,188.5,6.19,44.8,176,190.2,190.1,190.0,500.0,500.0,0.0,0.0,0.0,0.3,1.19
8.9,188.5,6.19,45.0,177,190.2,190.1,190.0,500.0,500.0,0.0,0.0,0.0,0.3,1.19
8.8,188.6,6.19,45.0,178,190.2,190.1,190.0,500.0,500.0,0.0,0.0,0.0,0.3,1.20
8.8,188.6,6.19,44.8,179,190.2,190.1,190.0,500.0,500.0,0.0,0.0,0.0,0.3,1.21
9.0,188.7,6.19,44.8,180,190.2,190.0,190.0,500.0,500.0,0.0,0.0,0.0,0.3,1.21
9.0,188.7,6.19,44.6,181,190.2,190.0,190.0,500.0,500.0,0.0,0.0,0.0,0.3,1.22
9.1,188.8,6.19,44.6,182,190.2,190.0,190.0,500.0,500.0,0.0,0.0,0.0,0.3,1.23
9.3,188.9,6.20,44.6,183,190.2,190.0,190.0,500.0,500.0,0.0,0.0,0.0,0.3,1.24
9.2,189.0,6.19,44.8,184,190.2,190.0,190.0,500.0,500.0,0.0,0.0,0.0,0.3,1.24
9.0,189.0,6.19,44.6,185,190.2,190.0,190.0,500.0,500.0,0.0,0.0,0.0,0.3,1.25
9.2,189.1,6.19,44.8,186,190.2,190.0,190.0,500.0,500.0,0.0,0.0,0.0,0.3,1.26
9.1,189.2,6.19,44.8,187,190.2,190.0,190.0,500.0,500.0,0.0,0.0,0.0,0.3,1.26
9.0,189.3,6.19,44.6,188,190.2,190.0,190.0,500.0,500.0,0.0,0.0,0.0,0.3,1.27
9.1,189.3,6.19,44.6,189,190.2,190.0,190.0,500.0,500.0,0.0,0.0,0.0,0.3,1.28
9.2,189.4,6.19,44.8,190,190.2,190.0,190.0,500.0,500.0,0.0,0.0,0.0,0.3,1.28
9.2,189.5,6.19,44.8,191,190.2,190.0,190.0,500.0,500.0,0.0,0.0,0.0,0.3,1.29
9.1,189.6,6.19,44.8,192,190.2,190.0,190.0,500.0,500.0,0.0,0.0,0.0,0.3,1.30
9.1,189.7,6.19,45.0,193,190.2,190.0,190.0,500.0,500.0,0.0,0.0,0.0,0.3,1.30
9.2,189.8,6.19,45.0,194,190.2,190.0,190.0,500.0,500.0,0.0,0.0,0.0,0.3,1.31
9.1,189.8,6.19,45.2,195,190.3,190.0,190.0,500.0,500.0,0.0,0.0,0.0,0.3,1.32
9.1,189.9,6.19,45.0,196,190.3,190.0,190.0,500.0,500.0,0.0,0.0,0.0,0.3,1.32
9.2,189.9,6.19,45.0,197,190.3,190.0,190.0,500.0,500.0,0.0,0.0,0.0,0.3,1.33
9.2,190.0,6.19,45.0,198,190.3,190.0,190.0,500.0,500.0,0.0,0.0,0.0,0.3,1.34
9.2,190.1,6.19,44.8,199,190.3,190.0,190.0,500.0,500.0,0.0,0.0,0.0,0.3,1.34
9.2,190.1,6.19,44.6,200,190.3,190.0,190.0,500.0,500.0,0.0,0.0,0.0,0.3,1.35
9.3,190.2,6.19,44.6,201,190.3,190.0,190.0,500.0,500.0,0.0,0.0,0.0,0.3,1.36
9.3,190.2,6.19,44.6,202,190.3,190.0,190.0,500.0,500.0,0.0,0.0,0.0,0.3,1.37
9.3,190.3,6.19,44.6,203,190.3,190.0,190.0,500.0,500.0,0.0,0.0,0.0,0.3,1.37
9.3,190.3,6.19,44.8,204,190.3,190.0,190.0,500.0,500.0,0.0,0.0,0.0,0.3,1.38
9.2,190.4,6.19,44.8,205,190.3,190.0,190.0,500.0,500.0,0.0,0.0,0.0,0.3,1.39
9.2,190.4,6.19,45.0,206,190.3,190.0,190.0,500.0,500.0,0.0,0.0,0.0,0.3,1.39
9.2,190.5,6.19,45.0,207,190.3,190.0,190.0,500.0,500.0,0.0,0.0,0.0,0.3,1.40
9.3,190.6,6.19,45.0,208,190.3,190.0,190.1,500.0,500.0,0.0,0.0,0.0,0.3,1.41
9.3,190.6,6.19,44.8,209,190.3,190.0,190.1,500.0,500.0,0.0,0.0,0.0,0.3,1.41
9.2,190.7,6.19,44.8,210,190.3,190.0,190.1,500.0,500.0,0.0,0.0,0.0,0.3,1.42
9.1,190.7,6.19,44.8,211,190.3,190.0,190.1,500.0,500.0,0.0,0.0,0.0,0.3,1.43
9.2,190.8,6.19,44.8,212,190.3,190.0,190.1,500.0,500.0,0.0,0.0,0.0,0.3,1.43
9.1,190.9,6.19,44.8,213,190.3,190.0,190.1,500.0,500.0,0.0,0.0,0.0,0.3,1.44
9.1,190.9,6.19,45.0,214,190.3,190.0,190.2,500.0,500.0,0.0,0.0,0.0,0.3,1.45
9.2,191.0,6.19,45.0,215,190.3,190.0,190.2,500.0,500.0,0.0,0.0,0.0,0.3,1.45
9.3,191.0,6.19,44.8,216,190.3,190.0,190.2,500.0,500.0,0.0,0.0,0.0,0.3,1.46
9.4,191.1,6.19,44.8,217,190.4,190.0,190.2,500.0,500.0,0.0,0.0,0.0,0.3,1.47
9.4,191.2,6.19,44.6,218,190.4,190.0,190.2,500.0,500.0,0.0,0.0,0.0,0.3,1.48
9.4,191.2,6.19,44.6,219,190.4,190.0,190.2,500.0,500.0,0.0,0.0,0.0,0.3,1.48
9.4,191.3,6.19,44.6,220,190.4,190.0,190.2,500.0,500.0,0.0,0.0,0.0,0.3,1.49
9.3,191.4,6.19,44.8,221,190.4,190.0,190.2,500.0,500.0,0.0,0.0,0.0,0.3,1.50
9.3,191.4,6.19,44.8,222,190.4,190.0,190.2,500.0,500.0,0.0,0.0,0.0,0.3,1.50
9.3,191.4,6.19,45.0,223,190.4,190.0,190.2,500.0,500.0,0.0,0.0,0.0,0.3,1.51
9.3,191.5,6.19,45.0,224,190.4,190.0,190.2,500.0,500.0,0.0,0.0,0.0,0.3,1.52
9.3,191.6,6.19,45.0,225,190.4,190.0,190.3,500.0,500.0,0.0,0.0,0.0,0.3,1.52
9.3,191.6,6.19,45.0,226,190.4,190.0,190.3,500.0,500.0,0.0,0.0,0.0,0.3,1.53
9.4,191.7,6.19,45.0,227,190.4,190.0,190.3,500.0,500.0,0.0,0.0,0.0,0.3,1.54
9.3,191.7,6.19,45.0,228,190.4,190.0,190.3,500.0,500.0,0.0,0.0,0.0,0.3,1.55
9.4,191.8,6.19,45.0,229,190.4,190.0,190.3,500.0,500.0,0.0,0.0,0.0,0.3,1.55
9.5,191.8,6.19,45.0,230,190.4,190.0,190.3,500.0,500.0,0.0,0.0,0.0,0.3,1.56
9.5,191.9,6.19,45.0,231,190.4,190.0,190.3,500.0,500.0,0.0,0.0,0.0,0.3,1.57
9.5,191.9,6.19,44.8,232,190.4,190.0,190.3,500.0,500.0,0.0,0.0,0.0,0.3,1.57
9.5,192.0,6.19,44.8,233,190.4,190.0,190.3,500.0,500.0,0.0,0.0,0.0,0.3,1.58
9.6,192.0,6.19,44.8,234,190.4,190.0,190.3,500.0,500.0,0.0,0.0,0.0,0.3,1.59
9.7,192.0,6.19,44.8,235,190.4,190.0,190.3,500.0,500.0,0.0,0.0,0.0,0.3,1.60
9.6,192.1,6.19,44.8,236,190.4,190.0,190.3,500.0,500.0,0.0,0.0,0.0,0.3,1.60
9.6,192.1,6.19,45.0,237,190.4,190.0,190.3,500.0,500.0,0.0,0.0,0.0,0.3,1.61
9.8,192.2,6.19,44.8,238,190.4,190.0,190.3,500.0,500.0,0.0,0.0,0.0,0.3,1.62
9.8,192.2,6.19,44.8,239,190.4,190.0,190.3,500.0,500.0,0.0,0.0,0.0,0.3,1.62
9.7,192.3,6.19,44.8,240,190.4,190.0,190.3,500.0,500.0,0.0,0.0,0.0,0.3,1.63
9.7,192.3,6.19,44.8,241,190.4,190.0,190.3,500.0,500.0,0.0,0.0,0.0,0.3,1.64
9.7,192.4,6.19,44.8,242,190.4,190.0,190.3,500.0,500.0,0.0,0.0,0.0,0.3,1.65
9.6,192.4,6.19,45.0,243,190.4,190.0,190.3,500.0,500.0,0.0,0.0,0.0,0.3,1.65
9.5,192.4,6.19,45.0,244,190.4,190.0,190.3,500.0,500.0,0.0,0.0,0.0,0.3,1.66
9.6,192.5,6.19,44.8,245,190.4,190.0,190.3,500.0,500.0,0.0,0.0,0.0,0.3,1.67
9.7,192.6,6.19,44.8,246,190.4,190.0,190.3,500.0,500.0,0.0,0.0,0.0,0.3,1.67
9.7,192.7,6.19,44.8,247,190.4,190.0,190.3,500.0,500.0,0.0,0.0,0.0,0.3,1.68
9.8,192.8,6.19,44.8,248,190.4,190.0,190.3,500.0,500.0,0.0,0.0,0.0,0.3,1.69
9.9,192.8,6.19,44.6,249,190.5,190.0,190.3,500.0,500.0,0.0,0.0,0.0,0.3,1.70
9.7,192.8,6.19,44.8,250,190.5,190.0,190.4,500.0,500.0,0.0,0.0,0.0,0.3,1.70
9.6,192.9,6.19,44.6,251,190.5,190.0,190.4,500.0,500.0,0.0,0.0,0.0,0.3,1.71
9.5,193.0,6.19,44.6,252,190.5,190.0,190.4,500.0,500.0,0.0,0.0,0.0,0.3,1.72
9.5,193.0,6.19,44.6,253,190.5,190.0,190.4,500.0,500.0,0.0,0.0,0.0,0.3,1.73
9.7,193.0,6.19,44.8,254,190.5,190.0,190.4,500.0,500.0,0.0,0.0,0.0,0.3,1.73
9.7,193.1,6.19,44.8,255,190.5,190.0,190.4,500.0,500.0,0.0,0.0,0.0,0.3,1.74
9.8,193.1,6.19,45.0,256,190.5,190.0,190.4,500.0,500.0,0.0,0.0,0.0,0.3,1.75
9.8,193.2,6.19,45.0,257,190.5,190.0,190.4,500.0,500.0,0.0,0.0,0.0,0.3,1.75
9.8,193.2,6.19,45.0,258,190.5,190.0,190.4,500.0,500.0,0.0,0.0,0.0,0.3,1.76
9.7,193.3,6.19,44.8,259,190.5,190.0,190.3,500.0,500.0,0.0,0.0,0.0,0.3,1.77
9.8,193.3,6.19,44.8,260,190.5,190.0,190.3,500.0,500.0,0.0,0.0,0.0,0.3,1.78
9.7,193.4,6.19,44.8,261,190.5,190.0,190.3,500.0,500.0,0.0,0.0,0.0,0.3,1.78
9.6,193.4,6.19,44.8,262,190.5,190.0,190.3,500.0,500.0,0.0,0.0,0.0,0.3,1.79
9.6,193.4,6.19,44.8,263,190.5,190.0,190.3,500.0,500.0,0.0,0.0,0.0,0.3,1.80
9.7,193.5,6.19,45.0,264,190.5,190.0,190.3,500.0,500.0,0.0,0.0,0.0,0.3,1.80
9.7,193.5,6.19,45.0,265,190.4,190.0,190.3,500.0,500.0,0.0,0.0,0.0,0.3,1.81
9.7,193.5,6.19,44.8,266,190.4,190.0,190.3,500.0,500.0,0.0,0.0,0.0,0.3,1.82
9.8,193.6,6.19,44.8,267,190.4,190.0,190.3,500.0,500.0,0.0,0.0,0.0,0.3,1.83
9.9,193.6,6.19,44.6,268,190.4,190.0,190.3,500.0,500.0,0.0,0.0,0.0,0.3,1.83
9.8,193.6,6.19,44.6,269,190.4,190.0,190.3,500.0,500.0,0.0,0.0,0.0,0.3,1.84
9.8,193.7,6.19,44.6,270,190.4,190.0,190.3,500.0,500.0,0.0,0.0,0.0,0.3,1.85
10.0,193.7,6.19,44.8,271,190.4,190.0,190.3,500.0,500.0,0.0,0.0,0.0,0.3,1.86
10.1,193.8,6.19,44.8,272,190.4,190.0,190.3,500.0,500.0,0.0,0.0,0.0,0.3,1.86
10.0,193.8,6.19,45.0,273,190.4,190.0,190.3,500.0,500.0,0.0,0.0,0.0,0.3,1.87
10.1,193.8,6.19,45.0,274,190.4,190.0,190.3,500.0,500.0,0.0,0.0,0.0,0.3,1.88
10.3,193.9,6.19,45.0,275,190.4,190.0,190.3,500.0,500.0,0.0,0.0,0.0,0.3,1.89
10.3,193.9,6.19,45.0,276,190.4,190.0,190.3,500.0,500.0,0.0,0.0,0.0,0.3,1.89
10.3,193.9,6.19,45.0,277,190.4,190.0,190.2,500.0,500.0,0.0,0.0,0.0,0.3,1.90
10.5,194.0,6.19,45.0,278,190.4,190.0,190.2,500.0,500.0,0.0,0.0,0.0,0.3,1.91
10.7,194.0,6.19,45.0,279,190.4,190.0,190.2,500.0,500.0,0.0,0.0,0.0,0.3,1.92
10.8,194.1,6.19,45.0,280,190.4,190.0,190.2,500.0,500.0,0.0,0.0,0.0,0.3,1.93
11.0,194.1,6.19,45.0,281,190.3,190.0,190.2,500.0,500.0,0.0,0.0,0.0,0.3,1.93
11.1,194.1,6.19,45.0,282,190.3,190.0,190.2,500.0,500.0,0.0,0.0,0.0,0.3,1.94
11.1,194.2,6.19,45.0,283,190.3,190.0,190.2,500.0,500.0,0.0,0.0,0.0,0.3,1.95
11.0,194.2,6.19,44.8,284,190.3,190.0,190.2,500.0,500.0,0.0,0.0,0.0,0.3,1.96
10.9,194.3,6.19,44.8,285,190.3,190.0,190.2,500.0,500.0,0.0,0.0,0.0,0.3,1.97
10.9,194.3,6.19,44.8,286,190.3,190.0,190.2,500.0,500.0,0.0,0.0,0.0,0.3,1.98
11.0,194.3,6.19,44.8,287,190.3,190.0,190.2,500.0,500.0,0.0,0.0,0.0,0.3,1.98
11.1,194.4,6.19,44.8,288,190.3,190.0,190.2,500.0,500.0,0.0,0.0,0.0,0.3,1.99
11.2,194.5,6.19,45.0,289,190.3,190.0,190.2,500.0,500.0,0.0,0.0,0.0,0.3,2.00
11.2,194.5,6.19,45.0,290,190.3,190.0,190.2,500.0,500.0,0.0,0.0,0.0,0.3,2.01
11.3,194.6,6.19,44.8,291,190.3,190.0,190.1,500.0,500.0,0.0,0.0,0.0,0.3,2.02
11.2,194.6,6.19,44.8,292,190.3,190.0,190.1,500.0,500.0,0.0,0.0,0.0,0.3,2.03
11.2,194.6,6.19,44.8,293,190.3,190.0,190.1,500.0,500.0,0.0,0.0,0.0,0.3,2.03
11.0,194.7,6.19,44.8,294,190.3,190.0,190.1,500.0,500.0,0.0,0.0,0.0,0.3,2.04
11.1,194.7,6.19,44.8,295,190.3,190.0,190.1,500.0,500.0,0.0,0.0,0.0,0.3,2.05
11.2,194.7,6.19,45.0,296,190.3,190.0,190.1,500.0,500.0,0.0,0.0,0.0,0.3,2.06
11.2,194.7,6.19,45.0,297,190.3,190.0,190.1,500.0,500.0,0.0,0.0,0.0,0.3,2.07
11.3,194.8,6.19,45.0,298,190.3,190.0,190.1,500.0,500.0,0.0,0.0,0.0,0.3,2.08
11.3,194.8,6.19,45.0,299,190.3,190.0,190.1,500.0,500.0,0.0,0.0,0.0,0.3,2.08
11.1,194.9,6.19,44.8,300,190.3,190.0,190.1,500.0,500.0,0.0,0.0,0.0,0.3,2.09
11.1,194.9,6.19,44.8,301,190.3,190.0,190.1,500.0,500.0,0.0,0.0,0.0,0.3,2.10
11.1,194.9,6.19,44.8,302,190.2,190.0,190.1,500.0,500.0,0.0,0.0,0.0,0.3,2.11
11.0,195.0,6.19,44.8,303,190.2,190.0,190.1,500.0,500.0,0.0,0.0,0.0,0.3,2.12
11.2,195.0,6.19,44.8,304,190.2,190.0,190.1,500.0,500.0,0.0,0.0,0.0,0.3,2.13
11.3,195.1,6.19,45.0,305,190.2,190.0,190.1,500.0,500.0,0.0,0.0,0.0,0.3,2.13
11.3,195.1,6.19,45.0,306,190.2,190.0,190.1,500.0,500.0,0.0,0.0,0.0,0.3,2.14
11.2,195.1,6.19,44.8,307,190.2,190.0,190.1,500.0,500.0,0.0,0.0,0.0,0.3,2.15
11.3,195.2,6.19,44.8,308,190.2,190.0,190.1,500.0,500.0,0.0,0.0,0.0,0.3,2.16
11.3,195.2,6.19,44.6,309,190.2,190.0,190.1,500.0,500.0,0.0,0.0,0.0,0.3,2.17
11.2,195.2,6.19,44.6,310,190.2,190.0,190.1,500.0,500.0,0.0,0.0,0.0,0.3,2.18
11.1,195.3,6.19,44.6,311,190.2,190.0,190.1,500.0,500.0,0.0,0.0,0.0,0.3,2.18
11.1,195.3,6.19,44.8,312,190.2,190.0,190.1,500.0,500.0,0.0,0.0,0.0,0.3,2.19
11.1,195.3,6.19,44.8,313,190.2,190.0,190.1,500.0,500.0,0.0,0.0,0.0,0.3,2.20
11.1,195.4,6.19,45.0,314,190.2,190.0,190.1,500.0,500.0,0.0,0.0,0.0,0.3,2.21
11.2,195.4,6.19,45.0,315,190.2,190.0,190.1,500.0,500.0,0.0,0.0,0.0,0.3,2.22
11.3,195.5,6.19,44.8,316,190.2,190.0,190.1,500.0,500.0,0.0,0.0,0.0,0.3,2.23
11.2,195.5,6.19,44.8,317,190.2,190.0,190.1,500.0,500.0,0.0,0.0,0.0,0.3,2.23
11.2,195.5,6.19,44.8,318,190.2,190.0,190.1,500.0,500.0,0.0,0.0,0.0,0.3,2.24
11.2,195.6,6.19,44.8,319,190.2,190.0,190.1,500.0,500.0,0.0,0.0,0.0,0.3,2.25
11.2,195.6,6.19,44.8,320,190.2,190.0,190.1,500.0,500.0,0.0,0.0,0.0,0.3,2.26
11.2,195.6,6.19,45.0,321,190.2,190.0,190.1,500.0,500.0,0.0,0.0,0.0,0.3,2.27
11.3,195.7,6.19,45.0,322,190.2,190.0,190.1,500.0,500.0,0.0,0.0,0.0,0.3,2.28
11.2,195.7,6.19,44.8,323,190.2,190.0,190.1,500.0,500.0,0.0,0.0,0.0,0.3,2.28
11.3,195.7,6.19,44.8,324,190.2,190.0,190.1,500.0,500.0,0.0,0.0,0.0,0.3,2.29
11.2,195.7,6.19,44.6,325,190.2,190.0,190.1,500.0,500.0,0.0,0.0,0.0,0.3,2.30
11.2,195.7,6.19,44.6,326,190.2,190.0,190.1,500.0,500.0,0.0,0.0,0.0,0.3,2.31
11.2,195.8,6.19,44.6,327,190.2,190.0,190.1,500.0,500.0,0.0,0.0,0.0,0.3,2.32
11.3,195.8,6.19,44.8,328,190.2,190.0,190.1,500.0,500.0,0.0,0.0,0.0,0.3,2.33
11.3,195.9,6.19,44.8,329,190.2,190.0,190.1,500.0,500.0,0.0,0.0,0.0,0.3,2.34
11.4,195.9,6.19,45.0,330,190.2,190.0,190.1,500.0,500.0,0.0,0.0,0.0,0.3,2.34
11.5,195.9,6.19,45.0,331,190.2,190.0,190.1,500.0,500.0,0.0,0.0,0.0,0.3,2.35
11.4,195.9,6.19,44.8,332,190.2,190.0,190.1,500.0,500.0,0.0,0.0,0.0,0.3,2.36
11.3,195.9,6.19,44.8,333,190.2,190.0,190.1,500.0,500.0,0.0,0.0,0.0,0.3,2.37
11.3,196.0,6.19,44.8,334,190.2,190.0,190.1,500.0,500.0,0.0,0.0,0.0,0.3,2.38
11.3,196.1,6.19,44.8,335,190.2,190.0,190.1,500.0,500.0,0.0,0.0,0.0,0.3,2.39
11.1,196.2,6.19,44.6,336,190.3,190.0,190.1,500.0,500.0,0.0,0.0,0.0,0.3,2.39
11.2,196.2,6.19,44.8,337,190.4,190.0,190.1,500.0,500.0,0.0,0.0,0.0,0.3,2.40
11.1,196.2,6.19,44.8,338,190.4,190.0,190.2,500.0,500.0,0.0,0.0,0.0,0.3,2.41
11.2,196.3,6.19,44.8,339,190.4,190.0,190.2,500.0,500.0,0.0,0.0,0.0,0.3,2.42
11.2,196.3,6.19,44.8,340,190.4,190.0,190.2,500.0,500.0,0.0,0.0,0.0,0.3,2.43
11.3,196.3,6.19,44.8,341,190.4,190.0,190.2,500.0,500.0,0.0,0.0,0.0,0.3,2.44
11.3,196.3,6.19,44.8,342,190.4,190.0,190.2,500.0,500.0,0.0,0.0,0.0,0.3,2.44
11.3,196.3,6.19,44.8,343,190.4,190.0,190.2,500.0,500.0,0.0,0.0,0.0,0.3,2.45
11.2,196.4,6.19,44.8,344,190.4,190.0,190.2,500.0,500.0,0.0,0.0,0.0,0.3,2.46
11.2,196.4,6.19,44.8,345,190.4,190.0,190.2,500.0,500.0,0.0,0.0,0.0,0.3,2.47
11.3,196.4,6.19,45.0,346,190.4,190.0,190.2,500.0,500.0,0.0,0.0,0.0,0.3,2.48
11.2,196.4,6.19,45.0,347,190.4,190.0,190.2,500.0,500.0,0.0,0.0,0.0,0.3,2.49
11.2,196.4,6.19,44.8,348,190.4,190.0,190.2,500.0,500.0,0.0,0.0,0.0,0.3,2.50
11.2,196.5,6.19,44.8,349,190.4,190.0,190.2,500.0,500.0,0.0,0.0,0.0,0.3,2.50
11.3,196.5,6.19,44.8,350,190.4,190.0,190.2,500.0,500.0,0.0,0.0,0.0,0.3,2.51
11.2,196.5,6.19,44.8,351,190.4,190.0,190.3,500.0,500.0,0.0,0.0,0.0,0.3,2.52
11.2,196.5,6.19,44.8,352,190.4,190.0,190.3,500.0,500.0,0.0,0.0,0.0,0.3,2.53
11.2,196.5,6.19,45.0,353,190.4,190.0,190.3,500.0,500.0,0.0,0.0,0.0,0.3,2.54
11.2,196.6,6.19,45.0,354,190.4,190.0,190.3,500.0,500.0,0.0,0.0,0.0,0.3,2.55
11.2,196.6,6.19,45.0,355,190.4,190.0,190.3,500.0,500.0,0.0,0.0,0.0,0.3,2.55
11.2,196.6,6.19,45.0,356,190.4,190.0,190.3,500.0,500.0,0.0,0.0,0.0,0.3,2.56
11.2,196.6,6.19,45.0,357,190.4,190.0,190.3,500.0,500.0,0.0,0.0,0.0,0.3,2.57
11.1,196.7,6.19,44.8,358,190.4,190.0,190.3,500.0,500.0,0.0,0.0,0.0,0.3,2.58
11.1,196.7,6.19,44.8,359,190.4,190.0,190.3,500.0,500.0,0.0,0.0,0.0,0.3,2.59
11.0,196.7,6.19,44.8,360,190.4,190.0,190.3,500.0,500.0,0.0,0.0,0.0,0.3,2.60
11.2,196.7,6.19,44.6,361,190.4,190.0,190.3,500.0,500.0,0.0,0.0,0.0,0.3,2.60
11.1,196.7,6.19,44.6,362,190.3,190.0,190.3,500.0,500.0,0.0,0.0,0.0,0.3,2.61
11.3,196.7,6.19,44.8,363,190.3,190.0,190.3,500.0,500.0,0.0,0.0,0.0,0.3,2.62
11.3,196.8,6.19,44.8,364,190.3,190.0,190.3,500.0,500.0,0.0,0.0,0.0,0.3,2.63
11.4,196.8,6.19,44.8,365,190.3,190.0,190.3,500.0,500.0,0.0,0.0,0.0,0.3,2.64
11.3,196.8,6.19,45.0,366,190.3,190.0,190.3,500.0,500.0,0.0,0.0,0.0,0.3,2.65
11.3,196.8,6.19,45.0,367,190.3,190.0,190.3,500.0,500.0,0.0,0.0,0.0,0.3,2.65
11.2,196.8,6.19,45.0,368,190.3,190.0,190.3,500.0,500.0,0.0,0.0,0.0,0.3,2.66
11.0,196.8,6.19,45.0,369,190.3,190.0,190.3,500.0,500.0,0.0,0.0,0.0,0.3,2.67
10.9,196.9,6.19,45.0,370,190.3,190.0,190.3,500.0,500.0,0.0,0.0,0.0,0.3,2.68
11.0,197.0,6.19,45.0,371,190.3,190.0,190.3,500.0,500.0,0.0,0.0,0.0,0.3,2.69
11.2,197.0,6.19,45.0,372,190.3,190.0,190.3,500.0,500.0,0.0,0.0,0.0,0.3,2.70
11.3,197.0,6.19,45.0,373,190.3,190.0,190.3,500.0,500.0,0.0,0.0,0.0,0.3,2.70
11.4,197.0,6.19,45.0,374,190.3,190.0,190.3,500.0,500.0,0.0,0.0,0.0,0.3,2.71
11.4,197.0,6.19,45.0,375,190.3,190.0,190.3,500.0,500.0,0.0,0.0,0.0,0.3,2.72
11.5,197.0,6.19,45.0,376,190.3,190.0,190.3,500.0,500.0,0.0,0.0,0.0,0.3,2.73
11.3,197.0,6.19,45.0,377,190.3,190.0,190.3,500.0,500.0,0.0,0.0,0.0,0.3,2.74
11.3,197.0,6.19,44.8,378,190.3,190.0,190.3,500.0,500.0,0.0,0.0,0.0,0.3,2.75
11.3,197.0,6.19,44.8,379,190.3,190.0,190.3,500.0,500.0,0.0,0.0,0.0,0.3,2.76
11.1,197.0,6.19,44.8,380,190.3,190.0,190.3,500.0,500.0,0.0,0.0,0.0,0.3,2.76
10.9,197.0,6.19,44.8,381,190.3,190.0,190.3,500.0,500.0,0.0,0.0,0.0,0.3,2.77
10.9,197.0,6.19,44.8,382,190.3,190.0,190.3,500.0,500.0,0.0,0.0,0.0,0.3,2.78
10.9,197.1,6.19,45.0,383,190.3,190.0,190.3,500.0,500.0,0.0,0.0,0.0,0.3,2.79
10.8,197.1,6.19,45.0,384,190.3,190.0,190.3,500.0,500.0,0.0,0.0,0.0,0.3,2.80
10.7,197.1,6.19,45.0,385,190.3,190.0,190.3,500.0,500.0,0.0,0.0,0.0,0.3,2.80
10.7,197.1,6.19,45.0,386,190.3,190.0,190.3,500.0,500.0,0.0,0.0,0.0,0.3,2.81
10.7,197.2,6.19,45.0,387,190.3,190.0,190.3,500.0,500.0,0.0,0.0,0.0,0.3,2.82
10.8,197.2,6.19,45.0,388,190.3,190.0,190.3,500.0,500.0,0.0,0.0,0.0,0.3,2.83
10.8,197.2,6.19,45.0,389,190.3,190.0,190.3,500.0,500.0,0.0,0.0,0.0,0.3,2.84
11.0,197.3,6.19,45.0,390,190.3,190.0,190.3,500.0,500.0,0.0,0.0,0.0,0.3,2.84
11.2,197.3,6.19,45.0,391,190.3,190.0,190.3,500.0,500.0,0.0,0.0,0.0,0.3,2.85
11.3,197.3,6.19,45.0,392,190.3,190.0,190.3,500.0,500.0,0.0,0.0,0.0,0.3,2.86
11.2,197.3,6.19,45.0,393,190.3,190.0,190.3,500.0,500.0,0.0,0.0,0.0,0.3,2.87
11.3,197.3,6.19,45.0,394,190.3,190.0,190.3,500.0,500.0,0.0,0.0,0.0,0.3,2.88
11.3,197.3,6.19,45.0,395,190.3,190.0,190.2,500.0,500.0,0.0,0.0,0.0,0.3,2.89
11.2,197.3,6.19,45.0,396,190.3,190.0,190.2,500.0,500.0,0.0,0.0,0.0,0.3,2.90
11.2,197.3,6.19,45.0,397,190.3,190.0,190.2,500.0,500.0,0.0,0.0,0.0,0.3,2.90
11.3,197.3,6.19,45.0,398,190.3,190.0,190.2,500.0,500.0,0.0,0.0,0.0,0.3,2.91
11.1,197.3,6.19,45.0,399,190.3,190.0,190.2,500.0,500.0,0.0,0.0,0.0,0.3,2.92
11.1,197.3,6.19,45.0,400,190.3,190.0,190.2,500.0,500.0,0.0,0.0,0.0,0.3,2.93
11.0,197.3,6.19,45.0,401,190.3,190.0,190.2,500.0,500.0,0.0,0.0,0.0,0.3,2.94
11.1,197.4,6.19,45.0,402,190.3,190.0,190.2,500.0,500.0,0.0,0.0,0.0,0.3,2.95
10.9,197.4,6.19,45.0,403,190.3,190.0,190.2,500.0,500.0,0.0,0.0,0.0,0.3,2.95
10.9,197.4,6.19,45.0,404,190.3,190.0,190.2,500.0,500.0,0.0,0.0,0.0,0.3,2.96
10.9,197.4,6.19,45.0,405,190.3,190.0,190.2,500.0,500.0,0.0,0.0,0.0,0.3,2.97
10.8,197.5,6.19,44.8,406,190.3,190.0,190.2,500.0,500.0,0.0,0.0,0.0,0.3,2.98
10.7,197.5,6.19,44.8,407,190.3,190.0,190.2,500.0,500.0,0.0,0.0,0.0,0.3,2.99
10.7,197.6,6.19,44.8,408,190.3,190.0,190.2,500.0,500.0,0.0,0.0,0.0,0.3,2.99
10.8,197.6,6.19,44.8,409,190.3,190.0,190.2,500.0,500.0,0.0,0.0,0.0,0.3,3.00
10.8,197.6,6.19,44.8,410,190.3,190.0,190.1,500.0,500.0,0.0,0.0,0.0,0.3,3.01
10.9,197.6,6.19,45.0,411,190.3,190.0,190.1,500.0,500.0,0.0,0.0,0.0,0.3,3.02
11.1,197.6,6.19,45.0,412,190.3,190.0,190.1,500.0,500.0,0.0,0.0,0.0,0.3,3.03
11.3,197.6,6.19,45.0,413,190.3,190.0,190.1,500.0,500.0,0.0,0.0,0.0,0.3,3.03
11.2,197.6,6.19,45.0,414,190.3,190.0,190.1,500.0,500.0,0.0,0.0,0.0,0.3,3.04
11.3,197.6,6.19,45.0,415,190.3,190.0,190.1,500.0,500.0,0.0,0.0,0.0,0.3,3.05
11.2,197.6,6.19,45.0,416,190.3,190.0,190.1,500.0,500.0,0.0,0.0,0.0,0.3,3.06
11.2,197.6,6.19,45.0,417,190.3,190.0,190.1,500.0,500.0,0.0,0.0,0.0,0.3,3.07
11.0,197.6,6.19,45.0,418,190.3,190.0,190.1,500.0,500.0,0.0,0.0,0.0,0.3,3.08
11.2,197.6,6.19,44.8,419,190.3,190.0,190.1,500.0,500.0,0.0,0.0,0.0,0.3,3.09
11.2,197.6,6.19,44.8,420,190.4,190.0,190.1,500.0,500.0,0.0,0.0,0.0,0.3,3.09
11.2,197.6,6.19,44.6,421,190.4,190.0,190.1,500.0,500.0,0.0,0.0,0.0,0.3,3.10
11.2,197.6,6.19,44.6,422,190.4,190.0,190.1,500.0,500.0,0.0,0.0,0.0,0.3,3.11
11.2,197.6,6.19,44.6,423,190.4,190.0,190.1,500.0,500.0,0.0,0.0,0.0,0.3,3.12
11.1,197.6,6.19,44.8,424,190.4,190.0,190.1,500.0,500.0,0.0,0.0,0.0,0.3,3.13
11.2,197.7,6.19,44.8,425,190.4,190.0,190.1,500.0,500.0,0.0,0.0,0.0,0.3,3.14
11.1,197.7,6.19,45.0,426,190.4,190.0,190.1,500.0,500.0,0.0,0.0,0.0,0.3,3.14
11.2,197.7,6.19,45.0,427,190.4,190.0,190.1,500.0,500.0,0.0,0.0,0.0,0.3,3.15
11.3,197.7,6.19,45.0,428,190.4,190.0,190.1,500.0,500.0,0.0,0.0,0.0,0.3,3.16
11.3,197.7,6.19,45.0,429,190.4,190.0,190.0,500.0,500.0,0.0,0.0,0.0,0.3,3.17
11.2,197.7,6.19,45.0,430,190.4,190.0,190.0,500.0,500.0,0.0,0.0,0.0,0.3,3.18
11.3,197.7,6.19,45.0,431,190.4,190.0,190.0,500.0,500.0,0.0,0.0,0.0,0.3,3.19
11.1,197.8,6.19,44.8,432,190.4,190.0,190.0,500.0,500.0,0.0,0.0,0.0,0.3,3.19
11.1,197.8,6.19,44.8,433,190.4,190.0,190.0,500.0,500.0,0.0,0.0,0.0,0.3,3.20
11.1,197.8,6.19,44.8,434,190.4,190.0,190.0,500.0,500.0,0.0,0.0,0.0,0.3,3.21
11.2,197.8,6.19,44.6,435,190.4,190.0,190.0,500.0,500.0,0.0,0.0,0.0,0.3,3.22
11.2,197.8,6.19,44.6,436,190.4,190.0,190.0,500.0,500.0,0.0,0.0,0.0,0.3,3.23
11.2,197.8,6.19,44.6,437,190.4,190.0,190.0,500.0,500.0,0.0,0.0,0.0,0.3,3.24
11.1,197.8,6.19,44.6,438,190.4,190.0,190.0,500.0,500.0,0.0,0.0,0.0,0.3,3.24
11.0,197.9,6.19,44.6,439,190.4,190.0,190.0,500.0,500.0,0.0,0.0,0.0,0.3,3.25
10.8,197.9,6.19,44.6,440,190.4,190.0,190.0,500.0,500.0,0.0,0.0,0.0,0.3,3.26
10.8,198.0,6.19,44.6,441,190.4,190.0,190.0,500.0,500.0,0.0,0.0,0.0,0.3,3.27
10.7,198.0,6.19,44.8,442,190.5,190.0,190.1,500.0,500.0,0.0,0.0,0.0,0.3,3.28
10.8,198.0,6.19,44.8,443,190.5,190.0,190.1,500.0,500.0,0.0,0.0,0.0,0.3,3.28
10.8,198.1,6.19,44.8,444,190.5,190.0,190.1,500.0,500.0,0.0,0.0,0.0,0.3,3.29
10.9,198.1,6.19,45.0,445,190.5,190.0,190.1,500.0,500.0,0.0,0.0,0.0,0.3,3.30
10.9,198.1,6.19,45.0,446,190.5,190.0,190.1,500.0,500.0,0.0,0.0,0.0,0.3,3.31
10.9,198.1,6.19,45.0,447,190.5,190.0,190.1,500.0,500.0,0.0,0.0,0.0,0.3,3.32
10.9,198.1,6.19,45.0,448,190.5,190.0,190.1,500.0,500.0,0.0,0.0,0.0,0.3,3.32
10.9,198.1,6.19,45.0,449,190.5,190.0,190.1,500.0,500.0,0.0,0.0,0.0,0.3,3.33
11.0,198.1,6.19,45.0,450,190.5,190.0,190.1,500.0,500.0,0.0,0.0,0.0,0.3,3.34
11.0,198.1,6.19,45.0,451,190.5,190.0,190.1,500.0,500.0,0.0,0.0,0.0,0.3,3.35
10.9,198.1,6.19,45.0,452,190.5,190.0,190.1,500.0,500.0,0.0,0.0,0.0,0.3,3.36
10.9,198.1,6.19,44.8,453,190.5,190.0,190.1,500.0,500.0,0.0,0.0,0.0,0.3,3.37
10.9,198.1,6.19,44.8,454,190.5,190.0,190.1,500.0,500.0,0.0,0.0,0.0,0.3,3.37
10.8,198.2,6.19,44.6,455,190.5,190.0,190.2,500.0,500.0,0.0,0.0,0.0,0.3,3.38
10.9,198.2,6.19,44.6,456,190.5,190.0,190.2,500.0,500.0,0.0,0.0,0.0,0.3,3.39
11.0,198.2,6.19,44.6,457,190.5,190.0,190.2,500.0,500.0,0.0,0.0,0.0,0.3,3.40
11.0,198.2,6.19,44.8,458,190.5,190.0,190.2,500.0,500.0,0.0,0.0,0.0,0.3,3.41
10.9,198.2,6.19,44.8,459,190.5,190.0,190.2,500.0,500.0,0.0,0.0,0.0,0.3,3.41
10.9,198.2,6.19,44.8,460,190.5,190.0,190.2,500.0,500.0,0.0,0.0,0.0,0.3,3.42
10.9,198.2,6.19,44.8,461,190.5,190.0,190.2,500.0,500.0,0.0,0.0,0.0,0.3,3.43
11.0,198.2,6.19,44.8,462,190.5,190.0,190.2,500.0,500.0,0.0,0.0,0.0,0.3,3.44
10.9,198.2,6.19,44.8,463,190.5,190.0,190.2,500.0,500.0,0.0,0.0,0.0,0.3,3.45
11.0,198.3,6.19,44.8,464,190.5,190.0,190.2,500.0,500.0,0.0,0.0,0.0,0.3,3.46
10.9,198.3,6.19,45.0,465,190.5,190.0,190.2,500.0,500.0,0.0,0.0,0.0,0.3,3.46
10.9,198.3,6.19,45.0,466,190.5,190.0,190.2,500.0,500.0,0.0,0.0,0.0,0.3,3.47
10.8,198.3,6.19,45.0,467,190.5,190.0,190.2,500.0,500.0,0.0,0.0,0.0,0.3,3.48
10.9,198.4,6.19,45.0,468,190.5,190.0,190.2,500.0,500.0,0.0,0.0,0.0,0.3,3.49
10.9,198.4,6.19,45.0,469,190.5,190.0,190.2,500.0,500.0,0.0,0.0,0.0,0.3,3.50
10.9,198.4,6.19,45.0,470,190.5,190.0,190.2,500.0,500.0,0.0,0.0,0.0,0.3,3.50
10.9,198.4,6.19,45.0,471,190.5,190.0,190.2,500.0,500.0,0.0,0.0,0.0,0.3,3.51
10.9,198.4,6.19,45.0,472,190.5,190.0,190.2,500.0,500.0,0.0,0.0,0.0,0.3,3.52
10.9,198.4,6.19,44.8,473,190.5,190.0,190.3,500.0,500.0,0.0,0.0,0.0,0.3,3.53
11.0,198.4,6.19,44.8,474,190.5,190.0,190.3,500.0,500.0,0.0,0.0,0.0,0.3,3.54
11.0,198.4,6.19,44.8,475,190.4,190.0,190.3,500.0,500.0,0.0,0.0,0.0,0.3,3.55
11.1,198.4,6.19,44.8,476,190.4,190.0,190.3,500.0,500.0,0.0,0.0,0.0,0.3,3.55
11.1,198.4,6.19,44.8,477,190.4,190.0,190.3,500.0,500.0,0.0,0.0,0.0,0.3,3.56
11.1,198.5,6.19,44.8,478,190.4,190.0,190.3,500.0,500.0,0.0,0.0,0.0,0.3,3.57
11.0,198.5,6.19,44.8,479,190.4,190.0,190.3,500.0,500.0,0.0,0.0,0.0,0.3,3.58
11.0,198.5,6.19,44.8,480,190.4,190.0,190.3,500.0,500.0,0.0,0.0,0.0,0.3,3.59
10.9,198.5,6.19,44.8,481,190.4,190.0,190.3,500.0,500.0,0.0,0.0,0.0,0.3,3.59
10.8,198.6,6.19,44.8,482,190.4,190.0,190.3,500.0,500.0,0.0,0.0,0.0,0.3,3.60
10.9,198.6,6.19,45.0,483,190.4,190.0,190.3,500.0,500.0,0.0,0.0,0.0,0.3,3.61
10.8,198.7,6.19,45.0,484,190.4,190.0,190.3,500.0,500.0,0.0,0.0,0.0,0.3,3.62
10.8,198.7,6.19,44.8,485,190.4,190.0,190.3,500.0,500.0,0.0,0.0,0.0,0.3,3.63
11.0,198.7,6.19,44.8,486,190.5,190.0,190.4,500.0,500.0,0.0,0.0,0.0,0.3,3.64
11.0,198.7,6.19,44.8,487,190.5,190.0,190.4,500.0,500.0,0.0,0.0,0.0,0.3,3.64
11.0,198.7,6.19,44.8,488,190.5,190.0,190.4,500.0,500.0,0.0,0.0,0.0,0.3,3.65
11.1,198.7,6.19,44.8,489,190.5,190.0,190.4,500.0,500.0,0.0,0.0,0.0,0.3,3.66
11.1,198.7,6.19,45.0,490,190.5,190.0,190.4,500.0,500.0,0.0,0.0,0.0,0.3,3.67
11.0,198.7,6.19,45.0,491,190.5,190.0,190.4,500.0,500.0,0.0,0.0,0.0,0.3,3.68
11.0,198.7,6.19,45.2,492,190.4,190.0,190.4,500.0,500.0,0.0,0.0,0.0,0.3,3.68
10.9,198.7,6.19,45.0,493,190.4,190.0,190.4,500.0,500.0,0.0,0.0,0.0,0.3,3.69
10.9,198.7,6.19,45.0,494,190.4,190.0,190.4,500.0,500.0,0.0,0.0,0.0,0.3,3.70
10.9,198.8,6.19,44.8,495,190.4,190.0,190.4,500.0,500.0,0.0,0.0,0.0,0.3,3.71
10.8,198.8,6.19,44.8,496,190.4,190.0,190.4,500.0,500.0,0.0,0.0,0.0,0.3,3.72
10.7,198.8,6.19,44.6,497,190.4,190.0,190.4,500.0,500.0,0.0,0.0,0.0,0.3,3.73
10.7,198.8,6.19,44.8,498,190.4,190.0,190.4,500.0,500.0,0.0,0.0,0.0,0.3,3.73
10.7,198.8,6.19,44.8,499,190.4,190.0,190.4,500.0,500.0,0.0,0.0,0.0,0.3,3.74
10.7,198.8,6.19,45.0,500,190.4,190.0,190.4,500.0,500.0,0.0,0.0,0.0,0.3,3.75
10.9,198.8,6.19,45.0,501,190.4,190.0,190.3,500.0,500.0,0.0,0.0,0.0,0.3,3.76
10.9,198.8,6.19,45.0,502,190.4,190.0,190.3,500.0,500.0,0.0,0.0,0.0,0.3,3.77
10.9,198.9,6.19,45.0,503,190.4,190.0,190.3,500.0,500.0,0.0,0.0,0.0,0.3,3.77
11.0,198.9,6.19,45.0,504,190.4,190.0,190.3,500.0,500.0,0.0,0.0,0.0,0.3,3.78
11.0,198.8,6.19,45.0,505,190.4,190.0,190.3,500.0,500.0,0.0,0.0,0.0,0.3,3.79
10.9,198.8,6.19,45.0,506,190.4,190.0,190.3,500.0,500.0,0.0,0.0,0.0,0.3,3.80
10.9,198.8,6.19,45.0,507,190.4,190.0,190.3,500.0,500.0,0.0,0.0,0.0,0.3,3.81
10.9,198.9,6.19,45.0,508,190.3,190.0,190.3,500.0,500.0,0.0,0.0,0.0,0.3,3.82
10.9,198.9,6.19,45.0,509,190.3,190.0,190.3,500.0,500.0,0.0,0.0,0.0,0.3,3.82
11.0,198.9,6.19,45.0,510,190.3,190.0,190.3,500.0,500.0,0.0,0.0,0.0,0.3,3.83
11.1,198.9,6.19,44.8,511,190.3,190.0,190.3,500.0,500.0,0.0,0.0,0.0,0.3,3.84
11.1,198.9,6.19,44.8,512,190.3,190.0,190.3,500.0,500.0,0.0,0.0,0.0,0.3,3.85
11.2,198.9,6.19,44.8,513,190.3,190.0,190.3,500.0,500.0,0.0,0.0,0.0,0.3,3.86
11.2,198.9,6.19,44.8,514,190.3,190.0,190.3,500.0,500.0,0.0,0.0,0.0,0.3,3.86
11.1,198.9,6.19,44.8,515,190.3,190.0,190.3,500.0,500.0,0.0,0.0,0.0,0.3,3.87
11.0,198.9,6.19,45.0,516,190.3,190.0,190.2,500.0,500.0,0.0,0.0,0.0,0.3,3.88
11.0,198.9,6.19,45.0,517,190.3,190.0,190.2,500.0,500.0,0.0,0.0,0.0,0.3,3.89
10.8,198.9,6.19,45.0,518,190.3,190.0,190.2,500.0,500.0,0.0,0.0,0.0,0.3,3.90
10.8,199.0,6.19,45.0,519,190.3,190.0,190.2,500.0,500.0,0.0,0.0,0.0,0.3,3.91
10.9,199.0,6.19,45.0,520,190.3,190.0,190.2,500.0,500.0,0.0,0.0,0.0,0.3,3.91
10.9,199.0,6.19,45.0,521,190.3,190.0,190.2,500.0,500.0,0.0,0.0,0.0,0.3,3.92
10.8,199.0,6.19,45.0,522,190.3,190.0,190.2,500.0,500.0,0.0,0.0,0.0,0.3,3.93
10.9,199.0,6.19,45.0,523,190.3,190.0,190.2,500.0,500.0,0.0,0.0,0.0,0.3,3.94
10.9,199.0,6.19,45.0,524,190.3,190.0,190.1,500.0,500.0,0.0,0.0,0.0,0.3,3.95
10.9,199.0,6.19,45.0,525,190.2,190.0,190.1,500.0,500.0,0.0,0.0,0.0,0.3,3.95
11.0,199.0,6.19,45.0,526,190.2,190.0,190.1,500.0,500.0,0.0,0.0,0.0,0.3,3.96
11.1,199.0,6.19,45.0,527,190.2,190.0,190.1,500.0,500.0,0.0,0.0,0.0,0.3,3.97
11.1,199.0,6.19,45.0,528,190.2,190.0,190.1,500.0,500.0,0.0,0.0,0.0,0.3,3.98
11.0,199.0,6.19,45.0,529,190.2,190.0,190.1,500.0,500.0,0.0,0.0,0.0,0.3,3.99
11.0,199.0,6.19,45.0,530,190.2,190.0,190.1,500.0,500.0,0.0,0.0,0.0,0.3,4.00
10.9,199.0,6.19,44.8,531,190.2,190.0,190.1,500.0,500.0,0.0,0.0,0.0,0.3,4.00
10.9,199.0,6.19,44.8,532,190.2,190.0,190.0,500.0,500.0,0.0,0.0,0.0,0.3,4.01
10.9,199.0,6.19,44.8,533,190.2,190.0,190.0,500.0,500.0,0.0,0.0,0.0,0.3,4.02
10.8,199.0,6.19,44.8,534,190.2,190.0,190.0,500.0,500.0,0.0,0.0,0.0,0.3,4.03
10.9,199.0,6.19,44.8,535,190.2,190.0,190.0,500.0,500.0,0.0,0.0,0.0,0.3,4.04
11.0,199.0,6.19,44.8,536,190.2,190.0,190.0,500.0,500.0,0.0,0.0,0.0,0.3,4.05
11.0,199.0,6.19,44.8,537,190.2,190.0,190.0,500.0,500.0,0.0,0.0,0.0,0.3,4.05
11.0,199.0,6.19,44.8,538,190.2,190.0,190.0,500.0,500.0,0.0,0.0,0.0,0.3,4.06
11.0,199.0,6.19,44.8,539,190.2,190.0,190.0,500.0,500.0,0.0,0.0,0.0,0.3,4.07
11.0,199.1,6.19,44.8,540,190.2,190.0,190.0,500.0,500.0,0.0,0.0,0.0,0.3,4.08
10.9,199.1,6.19,45.0,541,190.2,190.0,190.0,500.0,500.0,0.0,0.0,0.0,0.3,4.09
10.9,199.1,6.19,45.0,542,190.2,190.0,190.0,500.0,500.0,0.0,0.0,0.0,0.3,4.09
10.8,199.1,6.19,44.8,543,190.2,190.0,190.0,500.0,500.0,0.0,0.0,0.0,0.3,4.10
10.9,199.1,6.19,44.8,544,190.2,190.0,190.0,500.0,500.0,0.0,0.0,0.0,0.3,4.11
10.8,199.1,6.19,44.8,545,190.2,190.0,190.0,500.0,500.0,0.0,0.0,0.0,0.3,4.12
10.9,199.1,6.19,44.8,546,190.2,190.0,190.0,500.0,500.0,0.0,0.0,0.0,0.3,4.13
11.0,199.1,6.19,44.8,547,190.2,190.0,190.0,500.0,500.0,0.0,0.0,0.0,0.3,4.13
11.0,199.1,6.19,45.0,548,190.2,190.0,190.0,500.0,500.0,0.0,0.0,0.0,0.3,4.14
11.0,199.1,6.19,45.0,549,190.2,190.0,190.0,500.0,500.0,0.0,0.0,0.0,0.3,4.15
11.1,199.1,6.19,45.0,550,190.2,190.0,190.0,500.0,500.0,0.0,0.0,0.0,0.3,4.16
11.1,199.1,6.19,45.0,551,190.2,190.0,190.0,500.0,500.0,0.0,0.0,0.0,0.3,4.17
11.1,199.1,6.19,45.0,552,190.2,190.0,190.0,500.0,500.0,0.0,0.0,0.0,0.3,4.18
11.1,199.1,6.19,45.0,553,190.2,190.0,190.0,500.0,500.0,0.0,0.0,0.0,0.3,4.18
11.1,199.1,6.19,45.0,554,190.2,190.0,190.0,500.0,500.0,0.0,0.0,0.0,0.3,4.19
10.9,199.1,6.19,45.0,555,190.2,190.0,190.0,500.0,500.0,0.0,0.0,0.0,0.3,4.20
10.8,199.1,6.19,44.8,556,190.2,190.0,190.0,500.0,500.0,0.0,0.0,0.0,0.3,4.21
10.8,199.1,6.19,44.8,557,190.1,190.0,190.0,500.0,500.0,0.0,0.0,0.0,0.3,4.22
10.8,199.1,6.19,44.6,558,190.1,190.0,190.0,500.0,500.0,0.0,0.0,0.0,0.3,4.23
10.9,199.1,6.19,44.6,559,190.1,190.0,190.0,500.0,500.0,0.0,0.0,0.0,0.3,4.23
11.0,199.1,6.19,44.6,560,190.1,190.0,190.0,500.0,500.0,0.0,0.0,0.0,0.3,4.24
11.1,199.1,6.19,44.8,561,190.1,190.0,190.0,500.0,500.0,0.0,0.0,0.0,0.3,4.25
11.1,199.1,6.19,44.8,562,190.1,190.0,190.0,500.0,500.0,0.0,0.0,0.0,0.3,4.26
11.1,199.1,6.19,45.0,563,190.1,190.0,190.0,500.0,500.0,0.0,0.0,0.0,0.3,4.27
11.1,199.1,6.19,45.0,564,190.1,190.0,190.0,500.0,500.0,0.0,0.0,0.0,0.3,4.27
11.1,199.1,6.19,45.0,565,190.1,190.0,190.0,500.0,500.0,0.0,0.0,0.0,0.3,4.28
11.1,199.1,6.19,45.0,566,190.1,190.0,190.0,500.0,500.0,0.0,0.0,0.0,0.3,4.29
11.0,199.1,6.19,45.0,567,190.1,190.0,190.0,500.0,500.0,0.0,0.0,0.0,0.3,4.30
11.0,199.1,6.19,44.8,568,190.1,190.0,190.0,500.0,500.0,0.0,0.0,0.0,0.3,4.31
11.0,199.1,6.19,44.8,569,190.1,190.0,190.0,500.0,500.0,0.0,0.0,0.0,0.3,4.32
10.9,199.1,6.19,44.8,570,190.1,190.0,190.0,500.0,500.0,0.0,0.0,0.0,0.3,4.32
10.9,199.2,6.19,44.8,571,190.1,190.0,190.0,500.0,500.0,0.0,0.0,0.0,0.3,4.33
10.9,199.2,6.19,44.8,572,190.1,190.0,190.0,500.0,500.0,0.0,0.0,0.0,0.3,4.34
11.1,199.2,6.19,44.8,573,190.1,190.0,190.0,500.0,500.0,0.0,0.0,0.0,0.3,4.35
11.2,199.2,6.19,44.8,574,190.1,190.0,190.0,500.0,500.0,0.0,0.0,0.0,0.3,4.36
11.2,199.2,6.19,44.8,575,190.2,190.0,190.0,500.0,500.0,0.0,0.0,0.0,0.3,4.37
11.2,199.2,6.19,44.8,576,190.2,190.0,190.0,500.0,500.0,0.0,0.0,0.0,0.3,4.37
11.3,199.2,6.19,44.6,577,190.2,190.0,190.0,500.0,500.0,0.0,0.0,0.0,0.3,4.38
11.1,199.2,6.19,44.8,578,190.1,190.0,190.0,500.0,500.0,0.0,0.0,0.0,0.3,4.39
11.1,199.2,6.19,44.8,579,190.1,190.0,190.0,500.0,500.0,0.0,0.0,0.0,0.3,4.40
11.1,199.2,6.19,44.8,580,190.1,190.0,190.0,500.0,500.0,0.0,0.0,0.0,0.3,4.41
11.0,199.2,6.19,44.8,581,190.1,190.0,190.0,500.0,500.0,0.0,0.0,0.0,0.3,4.42
10.9,199.3,6.19,45.0,582,190.1,190.0,190.0,500.0,500.0,0.0,0.0,0.0,0.3,4.42
11.0,199.3,6.19,45.0,583,190.1,190.0,190.0,500.0,500.0,0.0,0.0,0.0,0.3,4.43
11.0,199.3,6.19,45.0,584,190.1,190.0,190.0,500.0,500.0,0.0,0.0,0.0,0.3,4.44
11.1,199.3,6.19,44.8,585,190.2,190.0,190.0,500.0,500.0,0.0,0.0,0.0,0.3,4.45
11.1,199.3,6.19,44.6,586,190.2,190.0,190.0,500.0,500.0,0.0,0.0,0.0,0.3,4.46
11.1,199.2,6.19,44.8,587,190.2,190.0,190.0,500.0,500.0,0.0,0.0,0.0,0.3,4.47
11.1,199.3,6.19,44.8,588,190.2,190.0,190.0,500.0,500.0,0.0,0.0,0.0,0.3,4.47
11.1,199.3,6.19,44.8,589,190.2,190.0,190.0,500.0,500.0,0.0,0.0,0.0,0.3,4.48
11.0,199.3,6.19,45.0,590,190.2,190.0,190.0,500.0,500.0,0.0,0.0,0.0,0.3,4.49
11.0,199.3,6.19,45.0,591,190.2,190.0,190.0,500.0,500.0,0.0,0.0,0.0,0.3,4.50
11.0,199.3,6.19,44.8,592,190.1,190.0,190.0,500.0,500.0,0.0,0.0,0.0,0.3,4.51
10.9,199.3,6.19,44.6,593,190.1,190.0,190.0,500.0,500.0,0.0,0.0,0.0,0.3,4.51
10.9,199.3,6.19,44.6,594,190.1,190.0,190.0,500.0,500.0,0.0,0.0,0.0,0.3,4.52
11.0,199.3,6.19,44.6,595,190.1,190.0,190.0,500.0,500.0,0.0,0.0,0.0,0.3,4.53
10.9,199.3,6.19,44.8,596,190.1,190.0,190.0,500.0,500.0,0.0,0.0,0.0,0.3,4.54
10.9,199.3,6.19,44.8,597,190.1,190.0,190.0,500.0,500.0,0.0,0.0,0.0,0.3,4.55
11.0,199.3,6.19,45.0,598,190.1,190.0,190.0,500.0,500.0,0.0,0.0,0.0,0.3,4.56
11.0,199.3,6.19,45.0,599,190.1,190.0,190.0,500.0,500.0,0.0,0.0,0.0,0.3,4.56
11.1,199.3,6.19,45.0,600,190.1,190.0,190.0,500.0,500.0,0.0,0.0,0.0,0.3,4.57
11.1,199.3,6.19,44.8,601,190.1,190.0,190.0,500.0,500.0,0.0,0.0,0.0,0.3,4.58
11.1,199.3,6.19,44.6,602,190.1,190.0,190.0,500.0,500.0,0.0,0.0,0.0,0.3,4.59
11.0,199.3,6.19,44.6,603,190.1,190.0,190.0,500.0,500.0,0.0,0.0,0.0,0.3,4.60
10.9,199.3,6.19,44.4,604,190.1,190.0,190.0,500.0,500.0,0.0,0.0,0.0,0.3,4.60
10.8,199.3,6.19,44.4,605,190.1,190.0,190.0,500.0,500.0,0.0,0.0,0.0,0.3,4.61
11.0,199.3,6.19,44.4,606,190.1,190.0,190.0,500.0,500.0,0.0,0.0,0.0,0.3,4.62
10.9,199.3,6.19,44.6,607,190.1,190.0,190.0,500.0,500.0,0.0,0.0,0.0,0.3,4.63
11.0,199.3,6.19,44.6,608,190.1,190.0,190.0,500.0,500.0,0.0,0.0,0.0,0.3,4.64
11.0,199.3,6.19,44.6,609,190.1,190.0,190.0,500.0,500.0,0.0,0.0,0.0,0.3,4.65
11.1,199.3,6.19,44.6,610,190.1,190.0,190.0,500.0,500.0,0.0,0.0,0.0,0.3,4.65
11.1,199.3,6.19,44.8,611,190.0,190.0,190.0,500.0,500.0,0.0,0.0,0.0,0.3,4.66
11.1,199.3,6.19,44.8,612,190.0,190.0,190.0,500.0,500.0,0.0,0.0,0.0,0.3,4.67
11.1,199.3,6.19,44.8,613,190.0,190.0,190.0,500.0,500.0,0.0,0.0,0.0,0.3,4.68
11.1,199.3,6.19,45.0,614,190.0,190.0,190.0,500.0,500.0,0.0,0.0,0.0,0.3,4.69
11.1,199.4,6.19,45.0,615,190.0,190.0,190.0,500.0,500.0,0.0,0.0,0.0,0.3,4.69
11.1,199.4,6.19,45.0,616,190.0,190.0,190.0,500.0,500.0,0.0,0.0,0.0,0.3,4.70
11.1,199.4,6.19,45.0,617,190.0,190.0,190.0,500.0,500.0,0.0,0.0,0.0,0.3,4.71
11.1,199.4,6.19,45.0,618,190.0,190.0,190.0,500.0,500.0,0.0,0.0,0.0,0.3,4.72
11.1,199.4,6.19,45.0,619,190.0,190.0,190.0,500.0,500.0,0.0,0.0,0.0,0.3,4.73
11.1,199.4,6.19,45.0,620,190.0,190.0,190.0,500.0,500.0,0.0,0.0,0.0,0.3,4.74
11.2,199.4,6.19,45.0,621,190.0,190.0,190.0,500.0,500.0,0.0,0.0,0.0,0.3,4.74
11.1,199.4,6.19,44.8,622,190.0,190.0,190.0,500.0,500.0,0.0,0.0,0.0,0.3,4.75
11.1,199.4,6.19,44.8,623,190.0,190.0,190.0,500.0,500.0,0.0,0.0,0.0,0.3,4.76
11.1,199.3,6.19,44.8,624,190.0,190.0,190.0,500.0,500.0,0.0,0.0,0.0,0.3,4.77
11.1,199.3,6.19,44.8,625,190.0,190.0,190.0,500.0,500.0,0.0,0.0,0.0,0.3,4.78
11.0,199.4,6.19,44.6,626,190.0,190.0,190.0,500.0,500.0,0.0,0.0,0.0,0.3,4.79
11.0,199.4,6.19,44.8,627,190.0,190.0,190.0,500.0,500.0,0.0,0.0,0.0,0.3,4.79
11.1,199.4,6.19,44.8,628,190.0,190.0,190.0,500.0,500.0,0.0,0.0,0.0,0.3,4.80
11.0,199.4,6.19,44.8,629,190.0,190.0,190.0,500.0,500.0,0.0,0.0,0.0,0.3,4.81
10.9,199.4,6.19,44.8,630,190.0,190.0,190.0,500.0,500.0,0.0,0.0,0.0,0.3,4.82
10.9,199.5,6.19,45.0,631,190.0,190.0,190.0,500.0,500.0,0.0,0.0,0.0,0.3,4.83
10.9,199.5,6.19,45.0,632,190.0,190.0,190.0,500.0,500.0,0.0,0.0,0.0,0.3,4.84
10.8,199.5,6.19,45.0,633,190.0,190.0,190.0,500.0,500.0,0.0,0.0,0.0,0.3,4.84
10.8,199.5,6.19,45.0,634,190.0,190.0,190.0,500.0,500.0,0.0,0.0,0.0,0.3,4.85
10.9,199.4,6.19,45.0,635,190.0,190.0,190.0,500.0,500.0,0.0,0.0,0.0,0.3,4.86
11.0,199.4,6.19,45.0,636,190.0,190.0,190.0,500.0,500.0,0.0,0.0,0.0,0.3,4.87
10.9,199.4,6.19,45.0,637,190.0,190.0,190.0,500.0,500.0,0.0,0.0,0.0,0.3,4.88
11.1,199.4,6.19,45.0,638,190.0,190.0,190.0,500.0,500.0,0.0,0.0,0.0,0.3,4.88
11.1,199.4,6.19,45.0,639,190.0,190.0,190.0,500.0,500.0,0.0,0.0,0.0,0.3,4.89
11.0,199.5,6.19,45.0,640,190.0,190.0,190.0,500.0,500.0,0.0,0.0,0.0,0.3,4.90
11.0,199.5,6.19,45.0,641,190.0,190.0,190.0,500.0,500.0,0.0,0.0,0.0,0.3,4.91
10.9,199.5,6.19,44.8,642,190.0,190.0,190.0,500.0,500.0,0.0,0.0,0.0,0.3,4.92
11.0,199.5,6.19,44.8,643,190.0,190.0,190.0,500.0,500.0,0.0,0.0,0.0,0.3,4.93
11.1,199.5,6.19,44.8,644,190.0,190.0,190.0,500.0,500.0,0.0,0.0,0.0,0.3,4.93
11.1,199.5,6.19,44.8,645,190.0,190.0,190.0,500.0,500.0,0.0,0.0,0.0,0.3,4.94
11.0,199.5,6.19,44.8,646,190.0,190.0,190.0,500.0,500.0,0.0,0.0,0.0,0.3,4.95
11.1,199.5,6.19,44.8,647,190.0,190.0,190.0,500.0,500.0,0.0,0.0,0.0,0.3,4.96
11.1,199.5,6.19,44.8,648,190.0,190.0,190.0,500.0,500.0,0.0,0.0,0.0,0.3,4.97
11.0,199.5,6.19,44.8,649,190.0,190.0,190.0,500.0,500.0,0.0,0.0,0.0,0.3,4.98
11.0,199.5,6.19,44.6,650,190.0,190.0,190.0,500.0,500.0,0.0,0.0,0.0,0.3,4.98
11.1,199.5,6.19,44.6,651,190.0,190.0,190.0,500.0,500.0,0.0,0.0,0.0,0.3,4.99
11.1,199.5,6.19,44.8,652,190.0,190.0,190.0,500.0,500.0,0.0,0.0,0.0,0.3,5.00
11.1,199.5,6.19,44.8,653,190.0,190.0,190.0,500.0,500.0,0.0,0.0,0.0,0.3,5.01
11.0,199.5,6.19,44.8,654,190.0,190.0,190.0,500.0,500.0,0.0,0.0,0.0,0.3,5.02
11.1,199.5,6.19,45.0,655,190.0,190.0,190.0,500.0,500.0,0.0,0.0,0.0,0.3,5.02
10.9,199.5,6.19,45.0,656,190.0,190.0,190.0,500.0,500.0,0.0,0.0,0.0,0.3,5.03
11.0,199.5,6.19,45.0,657,190.0,190.0,190.0,500.0,500.0,0.0,0.0,0.0,0.3,5.04
11.1,199.5,6.19,45.0,658,190.0,190.0,190.0,500.0,500.0,0.0,0.0,0.0,0.3,5.05
11.2,199.5,6.19,45.0,659,190.0,190.0,190.0,500.0,500.0,0.0,0.0,0.0,0.3,5.06
11.1,199.5,6.19,44.8,660,190.0,190.0,190.0,500.0,500.0,0.0,0.0,0.0,0.3,5.07
11.2,199.5,6.19,44.8,661,190.0,190.0,190.0,500.0,500.0,0.0,0.0,0.0,0.3,5.07
11.3,199.5,6.19,44.8,662,190.0,190.0,190.0,500.0,500.0,0.0,0.0,0.0,0.3,5.08
11.2,199.5,6.19,44.8,663,190.0,190.0,190.0,500.0,500.0,0.0,0.0,0.0,0.3,5.09
11.1,199.5,6.19,44.8,664,190.0,190.0,190.0,500.0,500.0,0.0,0.0,0.0,0.3,5.10
11.1,199.5,6.19,45.0,665,190.0,190.0,190.0,500.0,500.0,0.0,0.0,0.0,0.3,5.11
10.9,199.5,6.19,45.0,666,190.0,190.0,190.0,500.0,500.0,0.0,0.0,0.0,0.3,5.12
10.8,199.5,6.19,44.8,667,190.0,190.0,190.0,500.0,500.0,0.0,0.0,0.0,0.3,5.12
10.9,199.5,6.19,44.6,668,190.0,190.0,190.0,500.0,500.0,0.0,0.0,0.0,0.3,5.13
10.9,199.5,6.19,44.8,669,190.0,190.0,190.0,500.0,500.0,0.0,0.0,0.0,0.3,5.14
11.0,199.5,6.19,44.8,670,190.0,190.0,190.0,500.0,500.0,0.0,0.0,0.0,0.3,5.15
11.1,199.5,6.19,44.8,671,190.0,190.0,190.0,500.0,500.0,0.0,0.0,0.0,0.3,5.16
11.1,199.5,6.19,45.0,672,190.0,190.0,190.0,500.0,500.0,0.0,0.0,0.0,0.3,5.17
11.1,199.5,6.19,45.2,673,190.0,190.0,190.0,500.0,500.0,0.0,0.0,0.0,0.3,5.17
11.1,199.5,6.19,45.0,674,190.0,190.0,190.0,500.0,500.0,0.0,0.0,0.0,0.3,5.18
11.1,199.5,6.19,44.8,675,190.0,190.0,190.0,500.0,500.0,0.0,0.0,0.0,0.3,5.19
11.1,199.5,6.19,44.8,676,190.0,190.0,190.0,500.0,500.0,0.0,0.0,0.0,0.3,5.20
11.2,199.5,6.19,44.8,677,190.0,190.0,190.0,500.0,500.0,0.0,0.0,0.0,0.3,5.21
11.1,199.5,6.19,44.8,678,190.0,190.0,190.0,500.0,500.0,0.0,0.0,0.0,0.3,5.22
11.0,199.5,6.19,44.8,679,190.0,190.0,190.0,500.0,500.0,0.0,0.0,0.0,0.3,5.22
11.0,199.5,6.19,45.0,680,190.0,190.0,190.0,500.0,500.0,0.0,0.0,0.0,0.3,5.23
11.0,199.5,6.19,45.0,681,190.0,190.0,190.0,500.0,500.0,0.0,0.0,0.0,0.3,5.24
10.9,199.5,6.19,45.0,682,190.0,190.0,190.0,500.0,500.0,0.0,0.0,0.0,0.3,5.25
10.9,199.5,6.19,44.8,683,190.0,190.0,190.0,500.0,500.0,0.0,0.0,0.0,0.3,5.26
11.0,199.5,6.19,44.8,684,190.0,190.0,190.0,500.0,500.0,0.0,0.0,0.0,0.3,5.26
11.1,199.5,6.19,44.8,685,190.0,190.0,190.0,500.0,500.0,0.0,0.0,0.0,0.3,5.27
11.1,199.5,6.19,44.8,686,190.0,190.0,190.0,500.0,500.0,0.0,0.0,0.0,0.3,5.28
11.2,199.5,6.19,44.8,687,190.0,190.0,190.0,500.0,500.0,0.0,0.0,0.0,0.3,5.29
11.2,199.4,6.19,45.0,688,190.0,190.0,190.0,500.0,500.0,0.0,0.0,0.0,0.3,5.30
11.1,199.4,6.19,45.0,689,190.0,190.0,190.0,500.0,500.0,0.0,0.0,0.0,0.3,5.31
11.0,199.5,6.19,45.0,690,190.0,190.0,190.0,500.0,500.0,0.0,0.0,0.0,0.3,5.31
11.0,199.5,6.19,45.0,691,190.0,190.0,190.0,500.0,500.0,0.0,0.0,0.0,0.3,5.32
11.0,199.5,6.19,45.0,692,190.0,190.0,190.0,500.0,500.0,0.0,0.0,0.0,0.3,5.33
11.0,199.5,6.19,45.0,693,190.0,190.0,190.0,500.0,500.0,0.0,0.0,0.0,0.3,5.34
11.2,199.5,6.19,45.0,694,190.0,190.0,190.0,500.0,500.0,0.0,0.0,0.0,0.3,5.35
11.2,199.5,6.19,45.0,695,190.0,190.0,190.0,500.0,500.0,0.0,0.0,0.0,0.3,5.36
11.2,199.5,6.19,45.0,696,190.0,190.0,190.0,500.0,500.0,0.0,0.0,0.0,0.3,5.36
11.2,199.5,6.19,45.0,697,190.0,190.0,190.0,500.0,500.0,0.0,0.0,0.0,0.3,5.37
11.2,199.5,6.19,45.0,698,190.0,190.0,190.0,500.0,500.0,0.0,0.0,0.0,0.3,5.38
11.1,199.5,6.19,45.0,699,190.0,190.0,190.0,500.0,500.0,0.0,0.0,0.0,0.3,5.39
11.0,199.5,6.19,45.0,700,190.0,190.0,190.0,500.0,500.0,0.0,0.0,0.0,0.3,5.40
11.0,199.5,6.19,45.0,701,190.0,190.0,190.0,500.0,500.0,0.0,0.0,0.0,0.3,5.41
11.1,199.5,6.19,45.0,702,190.0,190.0,190.0,500.0,500.0,0.0,0.0,0.0,0.3,5.41
11.0,199.5,6.19,45.0,703,190.0,190.0,190.0,500.0,500.0,0.0,0.0,0.0,0.3,5.42
10.9,199.5,6.19,45.0,704,190.0,190.0,190.0,500.0,500.0,0.0,0.0,0.0,0.3,5.43
10.8,199.5,6.19,44.8,705,190.0,190.0,190.0,500.0,500.0,0.0,0.0,0.0,0.3,5.44
10.9,199.5,6.19,44.8,706,190.0,190.0,190.0,500.0,500.0,0.0,0.0,0.0,0.3,5.45
10.9,199.5,6.19,44.8,707,190.0,190.0,190.0,500.0,500.0,0.0,0.0,0.0,0.3,5.45
11.0,199.5,6.19,44.6,708,190.0,190.0,190.0,500.0,500.0,0.0,0.0,0.0,0.3,5.46
11.2,199.4,6.19,44.6,709,190.0,190.0,190.0,500.0,500.0,0.0,0.0,0.0,0.3,5.47
11.3,199.4,6.19,44.8,710,190.0,190.0,190.0,500.0,500.0,0.0,0.0,0.0,0.3,5.48
11.2,199.4,6.19,44.8,711,190.0,190.0,190.0,500.0,500.0,0.0,0.0,0.0,0.3,5.49
11.2,199.5,6.19,44.8,712,190.0,190.0,190.0,500.0,500.0,0.0,0.0,0.0,0.3,5.50
11.2,199.5,6.19,45.0,713,190.0,190.0,190.0,500.0,500.0,0.0,0.0,0.0,0.3,5.50
11.1,199.4,6.19,45.0,714,190.0,190.0,190.0,500.0,500.0,0.0,0.0,0.0,0.3,5.51
11.1,199.4,6.19,45.0,715,190.0,190.0,190.0,500.0,500.0,0.0,0.0,0.0,0.3,5.52
11.0,199.5,6.19,45.0,716,190.0,190.0,190.0,500.0,500.0,0.0,0.0,0.0,0.3,5.53
11.1,199.5,6.19,45.0,717,190.0,190.0,190.0,500.0,500.0,0.0,0.0,0.0,0.3,5.54
11.2,199.5,6.19,45.0,718,190.0,190.0,190.0,500.0,500.0,0.0,0.0,0.0,0.3,5.55
11.2,199.5,6.19,45.0,719,190.0,190.0,190.0,500.0,500.0,0.0,0.0,0.0,0.3,5.55
11.2,199.5,6.19,45.0,720,190.0,190.0,190.0,500.0,500.0,0.0,0.0,0.0,0.3,5.56
11.4,199.4,6.19,44.8,721,190.0,190.0,190.0,500.0,500.0,0.0,0.0,0.0,0.3,5.57
11.4,199.4,6.19,44.6,722,190.0,190.0,190.0,500.0,500.0,0.0,0.0,0.0,0.3,5.58
11.3,199.4,6.19,44.6,723,190.0,190.0,190.0,500.0,500.0,0.0,0.0,0.0,0.3,5.59
11.3,199.4,6.19,44.6,724,190.0,190.0,190.0,500.0,500.0,0.0,0.0,0.0,0.3,5.60
11.3,199.5,6.19,44.6,725,190.0,190.0,190.0,500.0,500.0,0.0,0.0,0.0,0.3,5.61
11.1,199.5,6.19,44.8,726,190.0,190.0,190.0,500.0,500.0,0.0,0.0,0.0,0.3,5.61
11.0,199.6,6.19,45.0,727,190.0,190.0,190.0,500.0,500.0,0.0,0.0,0.0,0.3,5.62
11.0,199.6,6.19,44.8,728,190.0,190.0,190.0,500.0,500.0,0.0,0.0,0.0,0.3,5.63
10.9,199.6,6.19,44.6,729,190.0,190.0,190.0,500.0,500.0,0.0,0.0,0.0,0.3,5.64
10.9,199.6,6.19,44.6,730,190.0,190.0,190.0,500.0,500.0,0.0,0.0,0.0,0.3,5.65
11.0,199.6,6.19,44.6,731,190.0,190.0,190.0,500.0,500.0,0.0,0.0,0.0,0.3,5.65
11.1,199.6,6.19,44.6,732,190.0,190.0,190.0,500.0,500.0,0.0,0.0,0.0,0.3,5.66
11.2,199.6,6.19,44.8,733,190.0,190.0,190.0,500.0,500.0,0.0,0.0,0.0,0.3,5.67
11.2,199.6,6.19,45.0,734,190.0,190.0,190.0,500.0,500.0,0.0,0.0,0.0,0.3,5.68
11.2,199.6,6.19,45.0,735,190.0,190.0,190.0,500.0,500.0,0.0,0.0,0.0,0.3,5.69
11.2,199.6,6.19,45.2,736,190.0,190.0,190.0,500.0,500.0,0.0,0.0,0.0,0.3,5.70
11.0,199.6,6.19,45.0,737,190.0,190.0,190.0,500.0,500.0,0.0,0.0,0.0,0.3,5.70
11.0,199.6,6.19,44.8,738,190.0,190.0,190.0,500.0,500.0,0.0,0.0,0.0,0.3,5.71
11.0,199.6,6.19,44.8,739,190.0,190.0,190.0,500.0,500.0,0.0,0.0,0.0,0.3,5.72
10.9,199.6,6.19,44.8,740,190.0,190.0,190.0,500.0,500.0,0.0,0.0,0.0,0.3,5.73
10.9,199.6,6.19,44.6,741,190.0,190.0,190.0,500.0,500.0,0.0,0.0,0.0,0.3,5.74
11.1,199.6,6.19,44.8,742,190.0,190.0,190.0,500.0,500.0,0.0,0.0,0.0,0.3,5.75
11.1,199.6,6.19,45.0,743,190.0,190.0,190.0,500.0,500.0,0.0,0.0,0.0,0.3,5.75
11.1,199.6,6.19,45.0,744,190.0,190.0,190.0,500.0,500.0,0.0,0.0,0.0,0.3,5.76
11.0,199.6,6.19,44.8,745,190.0,190.0,190.0,500.0,500.0,0.0,0.0,0.0,0.3,5.77
11.1,199.6,6.19,44.8,746,190.0,190.0,190.0,500.0,500.0,0.0,0.0,0.0,0.3,5.78
11.0,199.6,6.19,44.8,747,190.0,190.0,190.0,500.0,500.0,0.0,0.0,0.0,0.3,5.79
11.0,199.6,6.19,44.8,748,190.0,190.0,190.0,500.0,500.0,0.0,0.0,0.0,0.3,5.80
11.1,199.6,6.19,44.8,749,190.0,190.0,190.0,500.0,500.0,0.0,0.0,0.0,0.3,5.80
11.2,199.6,6.19,45.0,750,190.0,190.0,190.0,500.0,500.0,0.0,0.0,0.0,0.3,5.81
11.2,199.6,6.19,45.0,751,190.0,190.0,190.0,500.0,500.0,0.0,0.0,0.0,0.3,5.82
11.1,199.6,6.19,45.0,752,190.0,190.0,190.0,500.0,500.0,0.0,0.0,0.0,0.3,5.83
10.9,199.7,6.19,45.0,753,190.0,190.0,190.0,500.0,500.0,0.0,0.0,0.0,0.3,5.84
10.8,199.7,6.19,45.0,754,190.0,190.0,190.0,500.0,500.0,0.0,0.0,0.0,0.3,5.85
10.8,199.7,6.19,45.0,755,190.0,190.0,190.0,500.0,500.0,0.0,0.0,0.0,0.3,5.85
10.9,199.7,6.19,45.0,756,190.0,190.0,190.0,500.0,500.0,0.0,0.0,0.0,0.3,5.86
11.0,199.7,6.19,45.0,757,190.0,190.0,190.0,500.0,500.0,0.0,0.0,0.0,0.3,5.87
11.1,199.7,6.19,45.0,758,190.0,190.0,190.0,500.0,500.0,0.0,0.0,0.0,0.3,5.88
11.3,199.7,6.19,45.0,759,190.0,190.0,190.0,500.0,500.0,0.0,0.0,0.0,0.3,5.89
11.4,199.7,6.19,45.0,760,190.0,190.0,190.0,500.0,500.0,0.0,0.0,0.0,0.3,5.90
11.3,199.7,6.19,44.8,761,190.0,190.0,190.0,500.0,500.0,0.0,0.0,0.0,0.3,5.90
11.3,199.7,6.19,44.8,762,190.0,190.0,190.0,500.0,500.0,0.0,0.0,0.0,0.3,5.91
11.3,199.8,6.19,44.6,763,190.0,190.0,190.0,500.0,500.0,0.0,0.0,0.0,0.3,5.92
11.1,199.8,6.19,44.6,764,190.0,190.0,190.0,500.0,500.0,0.0,0.0,0.0,0.3,5.93
11.3,199.8,6.19,44.6,765,190.0,190.0,190.0,500.0,500.0,0.0,0.0,0.0,0.3,5.94
11.2,199.8,6.19,44.8,766,190.0,190.0,190.0,500.0,500.0,0.0,0.0,0.0,0.3,5.95
11.2,199.8,6.19,44.8,767,190.0,190.0,190.0,500.0,500.0,0.0,0.0,0.0,0.3,5.95
11.0,199.8,6.19,45.0,768,190.0,190.0,190.0,500.0,500.0,0.0,0.0,0.0,0.3,5.96
11.2,199.8,6.19,45.0,769,190.0,190.0,190.0,500.0,500.0,0.0,0.0,0.0,0.3,5.97
10.9,199.8,6.19,44.8,770,190.0,190.0,190.0,500.0,500.0,0.0,0.0,0.0,0.3,5.98
10.9,199.8,6.19,44.8,771,190.0,190.0,190.0,500.0,500.0,0.0,0.0,0.0,0.3,5.99
10.9,199.8,6.19,44.8,772,190.0,190.0,190.0,500.0,500.0,0.0,0.0,0.0,0.3,5.99
11.0,199.8,6.19,44.8,773,190.0,190.0,190.0,500.0,500.0,0.0,0.0,0.0,0.3,6.00
10.9,199.8,6.19,44.8,774,190.0,190.0,190.0,500.0,500.0,0.0,0.0,0.0,0.3,6.01
11.0,199.8,6.19,45.0,775,190.0,190.0,190.0,500.0,500.0,0.0,0.0,0.0,0.3,6.02
11.0,199.9,6.19,45.0,776,190.0,190.0,190.0,500.0,500.0,0.0,0.0,0.0,0.3,6.03
11.0,199.9,6.19,45.0,777,190.0,190.0,190.0,500.0,500.0,0.0,0.0,0.0,0.3,6.04
10.8,199.8,6.19,45.0,778,190.0,190.0,190.0,500.0,500.0,0.0,0.0,0.0,0.3,6.04
10.9,199.8,6.19,44.8,779,190.0,190.0,190.0,500.0,500.0,0.0,0.0,0.0,0.3,6.05
10.9,199.8,6.19,44.8,780,190.0,190.0,190.0,500.0,500.0,0.0,0.0,0.0,0.3,6.06
11.0,199.8,6.19,44.8,781,190.0,190.0,190.0,500.0,500.0,0.0,0.0,0.0,0.3,6.07
11.2,199.8,6.19,44.8,782,190.0,190.0,190.0,500.0,500.0,0.0,0.0,0.0,0.3,6.08
11.3,199.8,6.19,44.8,783,190.0,190.0,190.0,500.0,500.0,0.0,0.0,0.0,0.3,6.09
11.2,199.8,6.19,45.0,784,190.0,190.0,190.0,500.0,500.0,0.0,0.0,0.0,0.3,6.09
11.3,199.8,6.19,45.0,785,190.0,190.0,190.0,500.0,500.0,0.0,0.0,0.0,0.3,6.10
11.2,199.8,6.19,44.8,786,190.0,190.0,190.0,500.0,500.0,0.0,0.0,0.0,0.3,6.11
11.1,199.8,6.19,44.8,787,190.0,190.0,190.0,500.0,500.0,0.0,0.0,0.0,0.3,6.12
11.1,199.8,6.19,44.6,788,190.0,190.0,190.0,500.0,500.0,0.0,0.0,0.0,0.3,6.13
11.0,199.8,6.19,44.6,789,190.0,190.0,190.0,500.0,500.0,0.0,0.0,0.0,0.3,6.14
10.9,199.8,6.19,44.6,790,190.0,190.0,190.0,500.0,500.0,0.0,0.0,0.0,0.3,6.14
10.9,199.8,6.19,44.8,791,190.0,190.0,190.0,500.0,500.0,0.0,0.0,0.0,0.3,6.15
11.0,199.8,6.19,44.8,792,190.0,190.0,190.0,500.0,500.0,0.0,0.0,0.0,0.3,6.16
11.0,199.8,6.19,45.0,793,190.0,190.0,190.0,500.0,500.0,0.0,0.0,0.0,0.3,6.17
11.0,199.8,6.19,45.0,794,190.0,190.0,190.0,500.0,500.0,0.0,0.0,0.0,0.3,6.18
11.1,199.8,6.19,45.0,795,190.0,190.0,190.0,500.0,500.0,0.0,0.0,0.0,0.3,6.18
11.1,199.8,6.19,45.0,796,190.0,190.0,190.0,500.0,500.0,0.0,0.0,0.0,0.3,6.19
11.0,199.8,6.19,45.0,797,190.0,190.0,190.0,500.0,500.0,0.0,0.0,0.0,0.3,6.20
11.0,199.8,6.19,45.0,798,190.0,190.0,190.0,500.0,500.0,0.0,0.0,0.0,0.3,6.21
11.0,199.8,6.19,45.0,799,190.0,190.0,190.0,500.0,500.0,0.0,0.0,0.0,0.3,6.22
11.2,199.8,6.19,45.0,800,190.0,190.0,190.0,500.0,500.0,0.0,0.0,0.0,0.3,6.23
11.1,199.9,6.19,45.0,801,190.0,190.0,190.0,500.0,500.0,0.0,0.0,0.0,0.3,6.23
11.2,199.9,6.19,44.8,802,190.0,190.0,190.0,500.0,500.0,0.0,0.0,0.0,0.3,6.24
11.3,199.9,6.19,44.8,803,190.0,190.0,190.0,500.0,500.0,0.0,0.0,0.0,0.3,6.25
11.3,199.8,6.19,44.8,804,190.0,190.0,190.0,500.0,500.0,0.0,0.0,0.0,0.3,6.26
11.2,199.8,6.19,44.8,805,190.0,190.0,190.0,500.0,500.0,0.0,0.0,0.0,0.3,6.27
11.2,199.8,6.19,44.8,806,190.0,190.0,190.0,500.0,500.0,0.0,0.0,0.0,0.3,6.28
11.1,199.8,6.19,45.0,807,190.0,190.0,190.0,500.0,500.0,0.0,0.0,0.0,0.3,6.28
11.1,199.8,6.19,44.8,808,190.0,190.0,190.0,500.0,500.0,0.0,0.0,0.0,0.3,6.29
11.0,199.8,6.19,44.8,809,190.0,190.0,190.0,500.0,500.0,0.0,0.0,0.0,0.3,6.30
11.0,199.8,6.19,44.8,810,190.0,190.0,190.0,500.0,500.0,0.0,0.0,0.0,0.3,6.31
11.0,199.8,6.19,44.8,811,190.0,190.0,190.0,500.0,500.0,0.0,0.0,0.0,0.3,6.32
11.0,199.8,6.19,44.8,812,190.0,190.0,190.0,500.0,500.0,0.0,0.0,0.0,0.3,6.33
11.0,199.9,6.19,45.0,813,190.0,190.0,190.0,500.0,500.0,0.0,0.0,0.0,0.3,6.33
11.0,199.9,6.19,44.8,814,190.0,190.0,190.0,500.0,500.0,0.0,0.0,0.0,0.3,6.34
11.0,199.9,6.19,44.8,815,190.0,190.0,190.0,500.0,500.0,0.0,0.0,0.0,0.3,6.35
11.0,199.9,6.19,44.6,816,190.0,190.0,190.0,500.0,500.0,0.0,0.0,0.0,0.3,6.36
11.0,199.9,6.19,44.6,817,190.0,190.0,190.0,500.0,500.0,0.0,0.0,0.0,0.3,6.37
11.0,199.9,6.19,44.6,818,190.0,190.0,190.0,500.0,500.0,0.0,0.0,0.0,0.3,6.38
11.1,199.9,6.19,44.8,819,190.0,190.0,190.0,500.0,500.0,0.0,0.0,0.0,0.3,6.38
11.2,199.9,6.19,44.8,820,190.0,190.0,190.0,500.0,500.0,0.0,0.0,0.0,0.3,6.39
11.2,199.9,6.19,45.0,821,190.0,190.0,190.1,500.0,500.0,0.0,0.0,0.0,0.3,6.40
11.3,199.9,6.19,45.0,822,190.0,190.0,190.1,500.0,500.0,0.0,0.0,0.0,0.3,6.41
11.4,199.9,6.19,45.0,823,190.0,190.0,190.1,500.0,500.0,0.0,0.0,0.0,0.3,6.42
11.3,199.9,6.19,45.0,824,190.0,190.0,190.1,500.0,500.0,0.0,0.0,0.0,0.3,6.43
11.4,199.9,6.19,44.8,825,190.0,190.0,190.2,500.0,500.0,0.0,0.0,0.0,0.3,6.43
11.4,200.0,6.19,44.8,826,190.0,190.0,190.2,500.0,500.0,0.0,0.0,0.0,0.3,6.44
11.2,200.0,6.19,44.6,827,190.0,190.0,190.2,500.0,500.0,0.0,0.0,0.0,0.3,6.45
11.2,200.0,6.19,44.6,828,190.0,190.0,190.2,500.0,500.0,0.0,0.0,0.0,0.3,6.46
11.3,200.0,6.19,44.6,829,190.0,190.0,190.2,500.0,500.0,0.0,0.0,0.0,0.3,6.47
11.1,200.0,6.19,44.8,830,190.0,190.0,190.2,500.0,500.0,0.0,0.0,0.0,0.3,6.48
11.2,200.0,6.19,44.8,831,190.0,190.0,190.2,500.0,500.0,0.0,0.0,0.0,0.3,6.48
11.3,200.0,6.19,44.8,832,190.0,190.0,190.2,500.0,500.0,0.0,0.0,0.0,0.3,6.49
11.3,200.0,6.19,44.8,833,190.0,190.0,190.2,500.0,500.0,0.0,0.0,0.0,0.3,6.50
11.2,199.9,6.19,44.8,834,190.0,190.0,190.2,500.0,500.0,0.0,0.0,0.0,0.3,6.51
11.2,199.9,6.19,44.8,835,190.0,190.0,190.2,500.0,500.0,0.0,0.0,0.0,0.3,6.52
11.1,200.0,6.19,44.8,836,190.0,190.0,190.2,500.0,500.0,0.0,0.0,0.0,0.3,6.53
11.0,200.0,6.19,45.0,837,190.0,190.0,190.2,500.0,500.0,0.0,0.0,0.0,0.3,6.53
10.9,200.0,6.19,45.0,838,190.0,190.0,190.2,500.0,500.0,0.0,0.0,0.0,0.3,6.54
11.0,200.0,6.19,45.0,839,190.0,190.0,190.2,500.0,500.0,0.0,0.0,0.0,0.3,6.55
11.1,200.0,6.18,45.0,840,190.0,190.0,190.2,500.0,500.0,0.0,0.0,0.0,0.3,6.56
11.2,200.0,6.18,44.8,841,190.0,190.0,190.3,500.0,500.0,0.0,0.0,0.0,0.3,6.57
11.1,200.0,6.18,44.8,842,190.0,190.0,190.3,500.0,500.0,0.0,0.0,0.0,0.3,6.58
11.3,200.0,6.18,44.8,843,190.0,190.0,190.3,500.0,500.0,0.0,0.0,0.0,0.3,6.58
11.3,200.0,6.18,44.8,844,190.0,190.0,190.3,500.0,500.0,0.0,0.0,0.0,0.3,6.59
11.2,200.0,6.19,44.8,845,190.0,190.0,190.3,500.0,500.0,0.0,0.0,0.0,0.3,6.60
11.1,200.0,6.19,45.0,846,190.0,190.0,190.3,500.0,500.0,0.0,0.0,0.0,0.3,6.61
11.1,200.0,6.19,45.0,847,190.0,190.0,190.3,500.0,500.0,0.0,0.0,0.0,0.3,6.62
11.0,200.0,6.19,44.8,848,190.0,190.0,190.3,500.0,500.0,0.0,0.0,0.0,0.3,6.63
11.0,200.0,6.19,44.8,849,190.0,190.0,190.3,500.0,500.0,0.0,0.0,0.0,0.3,6.63
11.0,200.0,6.19,44.6,850,190.0,190.0,190.3,500.0,500.0,0.0,0.0,0.0,0.3,6.64
11.0,200.1,6.19,44.6,851,190.0,190.0,190.3,500.0,500.0,0.0,0.0,0.0,0.3,6.65
11.0,200.0,6.19,44.6,852,190.0,190.0,190.3,500.0,500.0,0.0,0.0,0.0,0.3,6.66
11.0,200.0,6.19,44.8,853,190.0,190.0,190.3,500.0,500.0,0.0,0.0,0.0,0.3,6.67
11.0,200.0,6.19,44.6,854,190.0,190.0,190.3,500.0,500.0,0.0,0.0,0.0,0.3,6.67
11.1,200.0,6.19,44.8,855,190.0,190.0,190.3,500.0,500.0,0.0,0.0,0.0,0.3,6.68
11.2,200.0,6.20,44.8,856,190.0,190.0,190.3,500.0,500.0,0.0,0.0,0.0,0.3,6.69
11.1,200.0,6.19,44.8,857,190.0,190.0,190.3,500.0,500.0,0.0,0.0,0.0,0.3,6.70
11.1,200.0,6.19,44.8,858,190.0,190.0,190.3,500.0,500.0,0.0,0.0,0.0,0.3,6.71
11.2,200.0,6.19,45.0,859,190.0,190.0,190.3,500.0,500.0,0.0,0.0,0.0,0.3,6.72
11.2,200.0,6.19,45.0,860,190.0,190.0,190.3,500.0,500.0,0.0,0.0,0.0,0.3,6.72
11.1,200.0,6.19,44.8,861,190.0,190.0,190.3,500.0,500.0,0.0,0.0,0.0,0.3,6.73
11.2,200.0,6.19,44.8,862,190.0,190.0,190.3,500.0,500.0,0.0,0.0,0.0,0.3,6.74
11.1,200.0,6.19,44.8,863,190.0,190.0,190.3,500.0,500.0,0.0,0.0,0.0,0.3,6.75
11.0,200.0,6.19,44.6,864,190.0,190.0,190.3,500.0,500.0,0.0,0.0,0.0,0.3,6.76
11.0,200.0,6.19,44.6,865,190.0,190.0,190.3,500.0,500.0,0.0,0.0,0.0,0.3,6.77
11.1,200.0,6.19,44.6,866,190.0,190.0,190.3,500.0,500.0,0.0,0.0,0.0,0.3,6.77
11.1,200.0,6.19,44.6,867,190.0,190.0,190.3,500.0,500.0,0.0,0.0,0.0,0.3,6.78
11.2,200.0,6.19,44.6,868,190.0,190.0,190.3,500.0,500.0,0.0,0.0,0.0,0.3,6.79
11.2,200.0,6.19,44.8,869,190.0,190.0,190.3,500.0,500.0,0.0,0.0,0.0,0.3,6.80
11.3,200.0,6.19,44.8,870,190.0,190.0,190.3,500.0,500.0,0.0,0.0,0.0,0.3,6.81
11.2,200.0,6.19,45.0,871,190.0,190.0,190.3,500.0,500.0,0.0,0.0,0.0,0.3,6.82
11.1,200.0,6.19,45.0,872,190.0,190.0,190.3,500.0,500.0,0.0,0.0,0.0,0.3,6.82
11.1,200.0,6.19,45.0,873,190.0,190.0,190.2,500.0,500.0,0.0,0.0,0.0,0.3,6.83
11.1,200.0,6.19,45.0,874,190.0,190.0,190.2,500.0,500.0,0.0,0.0,0.0,0.3,6.84
10.9,200.0,6.19,45.0,875,190.0,190.0,190.2,500.0,500.0,0.0,0.0,0.0,0.3,6.85
10.9,200.0,6.19,45.0,876,190.0,190.0,190.2,500.0,500.0,0.0,0.0,0.0,0.3,6.86
10.9,200.0,6.19,45.0,877,190.0,190.0,190.2,500.0,500.0,0.0,0.0,0.0,0.3,6.87
11.0,200.0,6.19,44.8,878,190.0,190.0,190.2,500.0,500.0,0.0,0.0,0.0,0.3,6.87
11.0,200.0,6.19,44.8,879,190.0,190.0,190.2,500.0,500.0,0.0,0.0,0.0,0.3,6.88
11.2,200.0,6.19,44.8,880,190.0,190.0,190.2,500.0,500.0,0.0,0.0,0.0,0.3,6.89
11.2,200.0,6.19,44.8,881,190.0,190.0,190.2,500.0,500.0,0.0,0.0,0.0,0.3,6.90
11.1,200.0,6.19,44.8,882,190.0,190.0,190.2,500.0,500.0,0.0,0.0,0.0,0.3,6.91
11.1,200.0,6.19,45.0,883,190.0,190.0,190.2,500.0,500.0,0.0,0.0,0.0,0.3,6.92
11.0,200.0,6.19,45.0,884,190.0,190.0,190.2,500.0,500.0,0.0,0.0,0.0,0.3,6.92
10.9,200.0,6.19,44.8,885,190.0,190.0,190.2,500.0,500.0,0.0,0.0,0.0,0.3,6.93
11.0,200.1,6.19,44.8,886,190.0,190.0,190.2,500.0,500.0,0.0,0.0,0.0,0.3,6.94
11.0,200.1,6.19,44.6,887,190.0,190.0,190.2,500.0,500.0,0.0,0.0,0.0,0.3,6.95
11.1,200.2,6.19,44.6,888,190.0,190.0,190.2,500.0,500.0,0.0,0.0,0.0,0.3,6.96
11.2,200.1,6.19,44.6,889,190.0,190.0,190.2,500.0,500.0,0.0,0.0,0.0,0.3,6.96
11.1,200.1,6.19,44.8,890,190.0,190.0,190.3,500.0,500.0,0.0,0.0,0.0,0.3,6.97
10.9,200.1,6.19,44.8,891,190.0,190.0,190.3,500.0,500.0,0.0,0.0,0.0,0.3,6.98
11.0,200.1,6.19,45.0,892,190.0,190.0,190.3,500.0,500.0,0.0,0.0,0.0,0.3,6.99
10.9,200.1,6.19,45.0,893,190.0,190.0,190.3,500.0,500.0,0.0,0.0,0.0,0.3,7.00
10.8,200.1,6.19,44.8,894,190.0,190.0,190.3,500.0,500.0,0.0,0.0,0.0,0.3,7.01
10.9,200.1,6.19,44.8,895,190.0,190.0,190.3,500.0,500.0,0.0,0.0,0.0,0.3,7.01
11.0,200.1,6.19,44.8,896,190.0,190.0,190.3,500.0,500.0,0.0,0.0,0.0,0.3,7.02
11.0,200.1,6.19,44.8,897,190.0,190.0,190.3,500.0,500.0,0.0,0.0,0.0,0.3,7.03
11.1,200.1,6.19,44.8,898,190.0,190.0,190.3,500.0,500.0,0.0,0.0,0.0,0.3,7.04
11.2,200.1,6.19,45.0,899,190.0,190.0,190.3,500.0,500.0,0.0,0.0,0.0,0.3,7.05
11.2,200.1,6.19,45.0,900,190.0,190.0,190.3,500.0,500.0,0.0,0.0,0.0,0.3,7.06
11.1,200.1,6.19,45.0,901,190.0,190.0,190.3,500.0,500.0,0.0,0.0,0.0,0.3,7.06
10.9,200.1,6.19,45.0,902,190.0,190.0,190.3,500.0,500.0,0.0,0.0,0.0,0.3,7.07
11.1,200.1,6.19,44.8,903,190.0,190.0,190.3,500.0,500.0,0.0,0.0,0.0,0.3,7.08
11.1,200.1,6.19,44.8,904,190.0,190.0,190.3,500.0,500.0,0.0,0.0,0.0,0.3,7.09
11.1,200.1,6.19,44.8,905,190.0,190.0,190.3,500.0,500.0,0.0,0.0,0.0,0.3,7.10
11.3,200.1,6.19,44.8,906,190.0,190.0,190.3,500.0,500.0,0.0,0.0,0.0,0.3,7.11
11.5,200.1,6.19,44.8,907,190.0,190.0,190.3,500.0,500.0,0.0,0.0,0.0,0.3,7.11
11.3,200.0,6.19,45.0,908,190.0,190.0,190.3,500.0,500.0,0.0,0.0,0.0,0.3,7.12
11.2,200.0,6.19,45.0,909,190.0,190.0,190.3,500.0,500.0,0.0,0.0,0.0,0.3,7.13
11.2,200.1,6.19,44.8,910,190.0,190.0,190.3,500.0,500.0,0.0,0.0,0.0,0.3,7.14
11.1,200.1,6.19,44.8,911,190.0,190.0,190.3,500.0,500.0,0.0,0.0,0.0,0.3,7.15
11.0,200.1,6.19,44.6,912,190.0,190.0,190.3,500.0,500.0,0.0,0.0,0.0,0.3,7.16
11.0,200.1,6.19,44.6,913,190.0,190.0,190.3,500.0,500.0,0.0,0.0,0.0,0.3,7.16
11.1,200.1,6.19,44.6,914,190.0,190.0,190.3,500.0,500.0,0.0,0.0,0.0,0.3,7.17
11.2,200.1,6.19,44.8,915,190.0,190.0,190.3,500.0,500.0,0.0,0.0,0.0,0.3,7.18
11.0,200.1,6.19,44.8,916,190.0,190.0,190.3,500.0,500.0,0.0,0.0,0.0,0.3,7.19
11.0,200.1,6.19,45.0,917,190.0,190.0,190.3,500.0,500.0,0.0,0.0,0.0,0.3,7.20
11.0,200.1,6.19,45.0,918,190.0,190.0,190.3,500.0,500.0,0.0,0.0,0.0,0.3,7.21
11.0,200.1,6.19,44.8,919,190.0,190.0,190.3,500.0,500.0,0.0,0.0,0.0,0.3,7.21
10.9,200.1,6.19,44.8,920,190.0,190.0,190.3,500.0,500.0,0.0,0.0,0.0,0.3,7.22
11.1,200.1,6.19,44.8,921,190.0,190.0,190.3,500.0,500.0,0.0,0.0,0.0,0.3,7.23
11.1,200.1,6.19,44.8,922,190.0,190.0,190.3,500.0,500.0,0.0,0.0,0.0,0.3,7.24
11.1,200.1,6.19,44.6,923,190.0,190.0,190.3,500.0,500.0,0.0,0.0,0.0,0.3,7.25
10.9,200.1,6.19,44.8,924,190.0,190.0,190.3,500.0,500.0,0.0,0.0,0.0,0.3,7.25
10.9,200.1,6.19,44.8,925,190.0,190.0,190.3,500.0,500.0,0.0,0.0,0.0,0.3,7.26
10.9,200.1,6.19,44.8,926,190.0,190.0,190.3,500.0,500.0,0.0,0.0,0.0,0.3,7.27
10.9,200.1,6.19,44.8,927,190.0,190.0,190.3,500.0,500.0,0.0,0.0,0.0,0.3,7.28
10.9,200.1,6.19,44.8,928,190.0,190.0,190.3,500.0,500.0,0.0,0.0,0.0,0.3,7.29
11.0,200.1,6.19,44.8,929,190.0,190.0,190.3,500.0,500.0,0.0,0.0,0.0,0.3,7.30
11.2,200.1,6.19,44.8,930,190.0,190.0,190.3,500.0,500.0,0.0,0.0,0.0,0.3,7.30
11.2,200.0,6.19,44.8,931,190.0,190.0,190.3,500.0,500.0,0.0,0.0,0.0,0.3,7.31
11.2,200.0,6.19,44.8,932,190.0,190.0,190.2,500.0,500.0,0.0,0.0,0.0,0.3,7.32
11.2,200.0,6.19,45.0,933,190.0,190.0,190.2,500.0,500.0,0.0,0.0,0.0,0.3,7.33
11.0,200.0,6.18,45.0,934,190.0,190.0,190.2,500.0,500.0,0.0,0.0,0.0,0.3,7.34
10.9,200.0,6.18,44.8,935,190.0,190.0,190.2,500.0,500.0,0.0,0.0,0.0,0.3,7.35
11.0,200.0,6.18,44.8,936,190.0,190.0,190.2,500.0,500.0,0.0,0.0,0.0,0.3,7.35
10.9,200.0,6.18,44.8,937,190.0,190.0,190.2,500.0,500.0,0.0,0.0,0.0,0.3,7.36
10.9,200.0,6.18,44.8,938,190.0,190.0,190.2,500.0,500.0,0.0,0.0,0.0,0.3,7.37
11.0,200.1,6.19,44.8,939,190.0,190.0,190.2,500.0,500.0,0.0,0.0,0.0,0.3,7.38
11.1,200.1,6.19,45.0,940,190.0,190.0,190.2,500.0,500.0,0.0,0.0,0.0,0.3,7.39
11.2,200.0,6.19,45.0,941,190.0,190.0,190.2,500.0,500.0,0.0,0.0,0.0,0.3,7.39
11.1,200.0,6.19,45.0,942,190.0,190.0,190.2,500.0,500.0,0.0,0.0,0.0,0.3,7.40
11.1,200.0,6.19,45.0,943,190.0,190.0,190.2,500.0,500.0,0.0,0.0,0.0,0.3,7.41
11.2,200.0,6.19,44.8,944,190.0,190.0,190.2,500.0,500.0,0.0,0.0,0.0,0.3,7.42
11.1,200.0,6.19,44.8,945,190.0,190.0,190.2,500.0,500.0,0.0,0.0,0.0,0.3,7.43
11.0,200.0,6.19,44.6,946,190.0,190.0,190.2,500.0,500.0,0.0,0.0,0.0,0.3,7.44
11.0,200.0,6.19,44.6,947,190.0,190.0,190.2,500.0,500.0,0.0,0.0,0.0,0.3,7.44
11.1,200.1,6.19,44.6,948,190.0,190.0,190.2,500.0,500.0,0.0,0.0,0.0,0.3,7.45
11.0,200.1,6.19,44.8,949,190.0,190.0,190.2,500.0,500.0,0.0,0.0,0.0,0.3,7.46
11.1,200.0,6.19,44.8,950,190.0,190.0,190.2,500.0,500.0,0.0,0.0,0.0,0.3,7.47
11.2,200.0,6.19,45.0,951,190.0,190.0,190.2,500.0,500.0,0.0,0.0,0.0,0.3,7.48
11.3,200.0,6.19,45.0,952,190.0,190.0,190.2,500.0,500.0,0.0,0.0,0.0,0.3,7.49
11.1,200.0,6.19,44.8,953,190.0,190.0,190.1,500.0,500.0,0.0,0.0,0.0,0.3,7.49
11.1,200.0,6.19,44.8,954,190.0,190.0,190.1,500.0,500.0,0.0,0.0,0.0,0.3,7.50
11.2,200.0,6.19,44.8,955,190.0,190.0,190.1,500.0,500.0,0.0,0.0,0.0,0.3,7.51
11.2,200.0,6.19,44.8,956,190.0,190.0,190.1,500.0,500.0,0.0,0.0,0.0,0.3,7.52
11.2,200.0,6.19,44.6,957,190.0,190.0,190.1,500.0,500.0,0.0,0.0,0.0,0.3,7.53
11.4,200.0,6.19,44.8,958,190.0,190.0,190.1,500.0,500.0,0.0,0.0,0.0,0.3,7.54
11.4,200.0,6.19,44.8,959,190.0,190.0,190.1,500.0,500.0,0.0,0.0,0.0,0.3,7.54
11.2,200.0,6.19,44.8,960,190.0,190.0,190.1,500.0,500.0,0.0,0.0,0.0,0.3,7.55
11.1,200.0,6.19,44.8,961,190.0,190.0,190.1,500.0,500.0,0.0,0.0,0.0,0.3,7.56
11.0,200.1,6.19,45.0,962,190.0,190.0,190.1,500.0,500.0,0.0,0.0,0.0,0.3,7.57
10.8,200.1,6.19,45.0,963,190.0,190.0,190.1,500.0,500.0,0.0,0.0,0.0,0.3,7.58
10.9,200.1,6.19,45.0,964,190.0,190.0,190.1,500.0,500.0,0.0,0.0,0.0,0.3,7.59
11.0,200.0,6.19,45.0,965,190.0,190.0,190.1,500.0,500.0,0.0,0.0,0.0,0.3,7.59
11.0,200.0,6.19,45.0,966,190.0,190.0,190.1,500.0,500.0,0.0,0.0,0.0,0.3,7.60
11.3,200.0,6.19,45.0,967,190.0,190.0,190.1,500.0,500.0,0.0,0.0,0.0,0.3,7.61
11.3,200.0,6.19,45.0,968,190.0,190.0,190.1,500.0,500.0,0.0,0.0,0.0,0.3,7.62
11.2,200.0,6.19,45.0,969,190.0,190.0,190.1,500.0,500.0,0.0,0.0,0.0,0.3,7.63
11.2,200.0,6.19,45.0,970,190.0,190.0,190.1,500.0,500.0,0.0,0.0,0.0,0.3,7.64
11.2,200.0,6.19,45.0,971,190.0,190.0,190.1,500.0,500.0,0.0,0.0,0.0,0.3,7.64
10.9,200.0,6.19,45.0,972,190.0,190.0,190.1,500.0,500.0,0.0,0.0,0.0,0.3,7.65
11.0,200.0,6.19,45.0,973,190.0,190.0,190.1,500.0,500.0,0.0,0.0,0.0,0.3,7.66
11.0,200.0,6.19,45.0,974,190.0,190.0,190.1,500.0,500.0,0.0,0.0,0.0,0.3,7.67
11.0,200.0,6.19,44.8,975,190.0,190.0,190.1,500.0,500.0,0.0,0.0,0.0,0.3,7.68
10.9,200.0,6.19,44.8,976,190.0,190.0,190.1,500.0,500.0,0.0,0.0,0.0,0.3,7.69
11.1,200.0,6.19,44.6,977,190.0,190.0,190.1,500.0,500.0,0.0,0.0,0.0,0.3,7.69
11.2,200.0,6.19,44.6,978,190.0,190.0,190.1,500.0,500.0,0.0,0.0,0.0,0.3,7.70
11.2,200.0,6.19,44.6,979,190.0,190.0,190.1,500.0,500.0,0.0,0.0,0.0,0.3,7.71
11.3,200.0,6.19,44.8,980,190.0,190.0,190.1,500.0,500.0,0.0,0.0,0.0,0.3,7.72
11.4,200.0,6.19,44.8,981,190.0,190.0,190.1,500.0,500.0,0.0,0.0,0.0,0.3,7.73
11.3,200.1,6.19,45.0,982,190.0,190.0,190.1,500.0,500.0,0.0,0.0,0.0,0.3,7.74
11.1,200.1,6.19,45.0,983,190.0,190.0,190.1,500.0,500.0,0.0,0.0,0.0,0.3,7.74
11.1,200.1,6.19,45.0,984,190.0,190.0,190.1,500.0,500.0,0.0,0.0,0.0,0.3,7.75
11.1,200.1,6.19,45.0,985,190.0,190.0,190.2,500.0,500.0,0.0,0.0,0.0,0.3,7.76
10.8,200.1,6.19,44.8,986,190.0,190.0,190.2,500.0,500.0,0.0,0.0,0.0,0.3,7.77
10.9,200.1,6.19,44.8,987,190.0,190.0,190.2,500.0,500.0,0.0,0.0,0.0,0.3,7.78
11.0,200.1,6.19,44.8,988,190.0,190.0,190.2,500.0,500.0,0.0,0.0,0.0,0.3,7.78
11.0,200.1,6.19,44.8,989,190.0,190.0,190.2,500.0,500.0,0.0,0.0,0.0,0.3,7.79
11.0,200.1,6.19,44.6,990,190.0,190.0,190.2,500.0,500.0,0.0,0.0,0.0,0.3,7.80
11.2,200.1,6.19,44.8,991,190.0,190.0,190.2,500.0,500.0,0.0,0.0,0.0,0.3,7.81
11.1,200.1,6.19,44.8,992,190.0,190.0,190.2,500.0,500.0,0.0,0.0,0.0,0.3,7.82
11.1,200.1,6.19,44.6,993,190.0,190.0,190.2,500.0,500.0,0.0,0.0,0.0,0.3,7.83
11.0,200.1,6.19,44.6,994,190.0,190.0,190.2,500.0,500.0,0.0,0.0,0.0,0.3,7.83
11.0,200.1,6.19,44.8,995,190.0,190.0,190.2,500.0,500.0,0.0,0.0,0.0,0.3,7.84
11.0,200.1,6.19,44.8,996,190.0,190.0,190.2,500.0,500.0,0.0,0.0,0.0,0.3,7.85
11.0,200.1,6.19,44.8,997,190.0,190.0,190.2,500.0,500.0,0.0,0.0,0.0,0.3,7.86
11.0,200.1,6.19,45.0,998,190.0,190.0,190.2,500.0,500.0,0.0,0.0,0.0,0.3,7.87
11.1,200.1,6.19,45.0,999,190.0,190.0,190.2,500.0,500.0,0.0,0.0,0.0,0.3,7.88
11.2,200.1,6.19,45.0,1000,190.0,190.0,190.2,500.0,500.0,0.0,0.0,0.0,0.3,7.88
11.1,200.1,6.19,45.0,1001,190.0,190.0,190.2,500.0,500.0,0.0,0.0,0.0,0.3,7.89
11.0,200.1,6.19,45.0,1002,190.0,190.0,190.2,500.0,500.0,0.0,0.0,0.0,0.3,7.90
11.0,200.0,6.19,45.0,1003,190.0,190.0,190.2,500.0,500.0,0.0,0.0,0.0,0.3,7.91
11.1,200.0,6.19,45.0,1004,190.0,190.0,190.2,500.0,500.0,0.0,0.0,0.0,0.3,7.92
11.0,200.0,6.19,45.0,1005,190.0,190.0,190.2,500.0,500.0,0.0,0.0,0.0,0.3,7.93
11.2,200.0,6.19,45.0,1006,190.0,190.0,190.2,500.0,500.0,0.0,0.0,0.0,0.3,7.93
11.3,200.0,6.19,45.0,1007,190.0,190.0,190.2,500.0,500.0,0.0,0.0,0.0,0.3,7.94
11.5,200.0,6.19,45.0,1008,190.0,190.0,190.2,500.0,500.0,0.0,0.0,0.0,0.3,7.95
11.3,200.0,6.19,45.0,1009,190.0,190.0,190.2,500.0,500.0,0.0,0.0,0.0,0.3,7.96
11.4,200.1,6.19,45.0,1010,190.0,190.0,190.2,500.0,500.0,0.0,0.0,0.0,0.3,7.97
11.3,200.1,6.19,45.0,1011,190.0,190.0,190.2,500.0,500.0,0.0,0.0,0.0,0.3,7.98
11.2,200.1,6.19,45.0,1012,190.0,190.0,190.2,500.0,500.0,0.0,0.0,0.0,0.3,7.98
11.0,200.0,6.19,45.0,1013,190.0,190.0,190.2,500.0,500.0,0.0,0.0,0.0,0.3,7.99
11.1,200.0,6.19,45.0,1014,190.0,190.0,190.2,500.0,500.0,0.0,0.0,0.0,0.3,8.00
11.1,200.0,6.19,45.0,1015,190.0,190.0,190.2,500.0,500.0,0.0,0.0,0.0,0.3,8.01
11.0,200.0,6.19,45.0,1016,190.0,190.0,190.2,500.0,500.0,0.0,0.0,0.0,0.3,8.02
10.9,200.0,6.19,45.0,1017,190.0,190.0,190.2,500.0,500.0,0.0,0.0,0.0,0.3,8.03
11.0,200.0,6.19,44.8,1018,190.0,190.0,190.2,500.0,500.0,0.0,0.0,0.0,0.3,8.03
10.8,200.0,6.19,44.8,1019,190.0,190.0,190.2,500.0,500.0,0.0,0.0,0.0,0.3,8.04
10.8,200.0,6.19,44.8,1020,190.0,190.0,190.2,500.0,500.0,0.0,0.0,0.0,0.3,8.05
10.8,200.1,6.19,45.0,1021,190.0,190.0,190.2,500.0,500.0,0.0,0.0,0.0,0.3,8.06
10.9,200.1,6.19,44.8,1022,190.0,190.0,190.2,500.0,500.0,0.0,0.0,0.0,0.3,8.07
10.9,200.1,6.19,44.8,1023,190.0,190.0,190.2,500.0,500.0,0.0,0.0,0.0,0.3,8.07
11.0,200.1,6.19,44.8,1024,190.0,190.0,190.2,500.0,500.0,0.0,0.0,0.0,0.3,8.08
11.0,200.1,6.19,44.8,1025,190.0,190.0,190.2,500.0,500.0,0.0,0.0,0.0,0.3,8.09
11.0,200.1,6.19,44.6,1026,190.0,190.0,190.2,500.0,500.0,0.0,0.0,0.0,0.3,8.10
11.0,200.1,6.19,44.8,1027,190.0,190.0,190.2,500.0,500.0,0.0,0.0,0.0,0.3,8.11
11.0,200.1,6.19,45.0,1028,190.0,190.0,190.2,500.0,500.0,0.0,0.0,0.0,0.3,8.12
11.0,200.1,6.19,45.0,1029,190.0,190.0,190.2,500.0,500.0,0.0,0.0,0.0,0.3,8.12
11.1,200.1,6.19,44.8,1030,190.0,190.0,190.1,500.0,500.0,0.0,0.0,0.0,0.3,8.13
11.0,200.1,6.19,44.8,1031,190.0,190.0,190.1,500.0,500.0,0.0,0.0,0.0,0.3,8.14
11.0,200.1,6.19,44.8,1032,190.0,190.0,190.1,500.0,500.0,0.0,0.0,0.0,0.3,8.15
11.0,200.1,6.19,44.8,1033,190.0,190.0,190.1,500.0,500.0,0.0,0.0,0.0,0.3,8.16
10.9,200.1,6.19,44.8,1034,190.0,190.0,190.1,500.0,500.0,0.0,0.0,0.0,0.3,8.17
10.9,200.1,6.19,44.8,1035,190.0,190.0,190.1,500.0,500.0,0.0,0.0,0.0,0.3,8.17
10.9,200.1,6.19,44.8,1036,190.0,190.0,190.1,500.0,500.0,0.0,0.0,0.0,0.3,8.18
11.0,200.1,6.19,44.8,1037,190.0,190.0,190.1,500.0,500.0,0.0,0.0,0.0,0.3,8.19
11.1,200.1,6.19,44.8,1038,190.0,190.0,190.1,500.0,500.0,0.0,0.0,0.0,0.3,8.20
11.1,200.1,6.19,44.8,1039,190.0,190.0,190.1,500.0,500.0,0.0,0.0,0.0,0.3,8.21
11.1,200.0,6.19,45.0,1040,190.0,190.0,190.1,500.0,500.0,0.0,0.0,0.0,0.3,8.21
11.3,200.0,6.19,45.0,1041,190.0,190.0,190.1,500.0,500.0,0.0,0.0,0.0,0.3,8.22
11.1,200.0,6.19,45.0,1042,190.0,190.0,190.1,500.0,500.0,0.0,0.0,0.0,0.3,8.23
11.0,200.0,6.19,45.0,1043,190.0,190.0,190.1,500.0,500.0,0.0,0.0,0.0,0.3,8.24
11.1,200.1,6.19,45.0,1044,190.0,190.0,190.1,500.0,500.0,0.0,0.0,0.0,0.3,8.25
11.2,200.1,6.19,45.0,1045,190.0,190.0,190.1,500.0,500.0,0.0,0.0,0.0,0.3,8.26
11.0,200.1,6.19,44.8,1046,190.0,190.0,190.1,500.0,500.0,0.0,0.0,0.0,0.3,8.26
11.1,200.1,6.19,44.8,1047,190.0,190.0,190.1,500.0,500.0,0.0,0.0,0.0,0.3,8.27
11.1,200.1,6.19,44.6,1048,190.0,190.0,190.1,500.0,500.0,0.0,0.0,0.0,0.3,8.28
11.0,200.2,6.19,44.6,1049,190.0,190.0,190.2,500.0,500.0,0.0,0.0,0.0,0.3,8.29
10.9,200.2,6.19,44.6,1050,190.0,190.0,190.2,500.0,500.0,0.0,0.0,0.0,0.3,8.30
11.0,200.2,6.19,44.8,1051,190.0,190.0,190.2,500.0,500.0,0.0,0.0,0.0,0.3,8.31
11.0,200.2,6.19,44.8,1052,190.0,190.0,190.2,500.0,500.0,0.0,0.0,0.0,0.3,8.31
11.1,200.2,6.19,45.0,1053,190.0,190.0,190.2,500.0,500.0,0.0,0.0,0.0,0.3,8.32
11.1,200.2,6.19,45.0,1054,190.0,190.0,190.1,500.0,500.0,0.0,0.0,0.0,0.3,8.33
11.3,200.2,6.20,44.8,1055,190.0,190.0,190.1,500.0,500.0,0.0,0.0,0.0,0.3,8.34
11.2,200.2,6.19,44.8,1056,190.0,190.0,190.1,500.0,500.0,0.0,0.0,0.0,0.3,8.35
11.2,200.1,6.20,44.8,1057,190.0,190.0,190.1,500.0,500.0,0.0,0.0,0.0,0.3,8.36
11.0,200.1,6.20,44.8,1058,190.0,190.0,190.1,500.0,500.0,0.0,0.0,0.0,0.3,8.36
11.1,200.2,6.20,44.8,1059,190.0,190.0,190.1,500.0,500.0,0.0,0.0,0.0,0.3,8.37
10.8,200.2,6.19,45.0,1060,190.0,190.0,190.1,500.0,500.0,0.0,0.0,0.0,0.3,8.38
10.9,200.2,6.19,45.0,1061,190.0,190.0,190.1,500.0,500.0,0.0,0.0,0.0,0.3,8.39
11.0,200.2,6.19,45.0,1062,190.0,190.0,190.1,500.0,500.0,0.0,0.0,0.0,0.3,8.40
11.1,200.2,6.19,45.0,1063,190.0,190.0,190.1,500.0,500.0,0.0,0.0,0.0,0.3,8.40
11.1,200.2,6.19,44.8,1064,190.0,190.0,190.1,500.0,500.0,0.0,0.0,0.0,0.3,8.41
11.1,200.1,6.19,44.8,1065,190.0,190.0,190.1,500.0,500.0,0.0,0.0,0.0,0.3,8.42
11.0,200.1,6.19,44.8,1066,190.0,190.0,190.1,500.0,500.0,0.0,0.0,0.0,0.3,8.43
11.1,200.1,6.19,44.8,1067,190.0,190.0,190.1,500.0,500.0,0.0,0.0,0.0,0.3,8.44
10.8,200.2,6.19,44.8,1068,190.0,190.0,190.1,500.0,500.0,0.0,0.0,0.0,0.3,8.45
10.8,200.2,6.19,45.0,1069,190.0,190.0,190.1,500.0,500.0,0.0,0.0,0.0,0.3,8.45
10.9,200.2,6.20,45.0,1070,190.0,190.0,190.1,500.0,500.0,0.0,0.0,0.0,0.3,8.46
11.0,200.2,6.20,44.8,1071,190.0,190.0,190.1,500.0,500.0,0.0,0.0,0.0,0.3,8.47
11.0,200.2,6.19,44.8,1072,190.0,190.0,190.1,500.0,500.0,0.0,0.0,0.0,0.3,8.48
11.2,200.2,6.19,44.6,1073,190.0,190.0,190.1,500.0,500.0,0.0,0.0,0.0,0.3,8.49
11.3,200.2,6.19,44.6,1074,190.0,190.0,190.1,500.0,500.0,0.0,0.0,0.0,0.3,8.50
11.2,200.2,6.19,44.6,1075,190.0,190.0,190.1,500.0,500.0,0.0,0.0,0.0,0.3,8.50
11.0,200.2,6.19,44.8,1076,190.0,190.0,190.1,500.0,500.0,0.0,0.0,0.0,0.3,8.51
11.0,200.1,6.19,44.8,1077,190.0,190.0,190.1,500.0,500.0,0.0,0.0,0.0,0.3,8.52
11.1,200.1,6.19,45.0,1078,190.0,190.0,190.1,500.0,500.0,0.0,0.0,0.0,0.3,8.53
11.2,200.1,6.19,45.0,1079,190.0,190.0,190.1,500.0,500.0,0.0,0.0,0.0,0.3,8.54
11.2,200.1,6.19,44.8,1080,190.0,190.0,190.1,500.0,500.0,0.0,0.0,0.0,0.3,8.55
11.2,200.1,6.19,44.8,1081,190.0,190.0,190.1,500.0,500.0,0.0,0.0,0.0,0.3,8.55
11.2,200.1,6.19,44.8,1082,190.0,190.0,190.1,500.0,500.0,0.0,0.0,0.0,0.3,8.56
11.0,200.1,6.19,44.8,1083,190.0,190.0,190.1,500.0,500.0,0.0,0.0,0.0,0.3,8.57
10.9,200.2,6.19,44.8,1084,190.0,190.0,190.1,500.0,500.0,0.0,0.0,0.0,0.3,8.58
10.9,200.2,6.19,45.0,1085,190.0,190.0,190.1,500.0,500.0,0.0,0.0,0.0,0.3,8.59
11.0,200.2,6.19,45.0,1086,190.0,190.0,190.1,500.0,500.0,0.0,0.0,0.0,0.3,8.59
10.9,200.2,6.19,45.0,1087,190.0,190.0,190.1,500.0,500.0,0.0,0.0,0.0,0.3,8.60
11.0,200.1,6.19,45.0,1088,190.0,190.0,190.1,500.0,500.0,0.0,0.0,0.0,0.3,8.61
11.1,200.1,6.19,44.8,1089,190.0,190.0,190.1,500.0,500.0,0.0,0.0,0.0,0.3,8.62
11.1,200.1,6.19,44.8,1090,190.0,190.0,190.1,500.0,500.0,0.0,0.0,0.0,0.3,8.63
10.9,200.1,6.19,44.8,1091,190.0,190.0,190.1,500.0,500.0,0.0,0.0,0.0,0.3,8.64
10.9,200.1,6.19,44.6,1092,190.0,190.0,190.1,500.0,500.0,0.0,0.0,0.0,0.3,8.64
10.8,200.1,6.19,44.6,1093,190.0,190.0,190.1,500.0,500.0,0.0,0.0,0.0,0.3,8.65
10.8,200.1,6.19,44.6,1094,190.0,190.0,190.1,500.0,500.0,0.0,0.0,0.0,0.3,8.66
10.8,200.1,6.19,44.6,1095,190.0,190.0,190.1,500.0,500.0,0.0,0.0,0.0,0.3,8.67
11.0,200.1,6.19,44.6,1096,190.0,190.0,190.1,500.0,500.0,0.0,0.0,0.0,0.3,8.68
11.0,200.1,6.19,44.8,1097,190.0,190.0,190.1,500.0,500.0,0.0,0.0,0.0,0.3,8.68
11.2,200.2,6.19,44.8,1098,190.0,190.0,190.1,500.0,500.0,0.0,0.0,0.0,0.3,8.69
11.2,200.2,6.19,44.8,1099,190.0,190.0,190.1,500.0,500.0,0.0,0.0,0.0,0.3,8.70
11.2,200.2,6.19,44.8,1100,190.0,190.0,190.1,500.0,500.0,0.0,0.0,0.0,0.3,8.71
11.1,200.1,6.19,44.8,1101,190.0,190.0,190.1,500.0,500.0,0.0,0.0,0.0,0.3,8.72
11.0,200.1,6.19,44.8,1102,190.0,190.0,190.1,500.0,500.0,0.0,0.0,0.0,0.3,8.73
11.0,200.1,6.20,44.8,1103,190.0,190.0,190.1,500.0,500.0,0.0,0.0,0.0,0.3,8.73
11.0,200.1,6.20,45.0,1104,190.0,190.0,190.1,500.0,500.0,0.0,0.0,0.0,0.3,8.74
11.0,200.1,6.19,45.0,1105,190.0,190.0,190.1,500.0,500.0,0.0,0.0,0.0,0.3,8.75
11.0,200.1,6.19,45.0,1106,190.0,190.0,190.1,500.0,500.0,0.0,0.0,0.0,0.3,8.76
11.0,200.1,6.19,45.0,1107,190.0,190.0,190.1,500.0,500.0,0.0,0.0,0.0,0.3,8.77
11.0,200.2,6.19,44.8,1108,190.0,190.0,190.1,500.0,500.0,0.0,0.0,0.0,0.3,8.78
10.9,200.2,6.19,44.8,1109,190.0,190.0,190.1,500.0,500.0,0.0,0.0,0.0,0.3,8.78
10.9,200.1,6.19,44.6,1110,190.0,190.0,190.1,500.0,500.0,0.0,0.0,0.0,0.3,8.79
11.0,200.1,6.19,44.6,1111,190.0,190.0,190.1,500.0,500.0,0.0,0.0,0.0,0.3,8.80
11.1,200.1,6.19,44.6,1112,190.0,190.0,190.1,500.0,500.0,0.0,0.0,0.0,0.3,8.81
11.1,200.1,6.19,44.8,1113,190.0,190.0,190.1,500.0,500.0,0.0,0.0,0.0,0.3,8.82
11.1,200.1,6.19,44.8,1114,190.0,190.0,190.1,500.0,500.0,0.0,0.0,0.0,0.3,8.82
11.4,200.1,6.19,45.0,1115,190.0,190.0,190.1,500.0,500.0,0.0,0.0,0.0,0.3,8.83
11.4,200.1,6.19,45.0,1116,190.0,190.0,190.1,500.0,500.0,0.0,0.0,0.0,0.3,8.84
11.3,200.1,6.19,44.8,1117,190.0,190.0,190.1,500.0,500.0,0.0,0.0,0.0,0.3,8.85
11.4,200.1,6.19,44.8,1118,190.0,190.0,190.1,500.0,500.0,0.0,0.0,0.0,0.3,8.86
11.4,200.1,6.19,44.8,1119,190.0,190.0,190.1,500.0,500.0,0.0,0.0,0.0,0.3,8.87
11.1,200.1,6.19,44.6,1120,190.0,190.0,190.1,500.0,500.0,0.0,0.0,0.0,0.3,8.88
11.1,200.1,6.19,44.6,1121,190.0,190.0,190.1,500.0,500.0,0.0,0.0,0.0,0.3,8.88
11.0,200.1,6.19,44.6,1122,190.0,190.0,190.1,500.0,500.0,0.0,0.0,0.0,0.3,8.89
10.9,200.1,6.19,44.6,1123,190.0,190.0,190.1,500.0,500.0,0.0,0.0,0.0,0.3,8.90
10.8,200.1,6.19,44.6,1124,190.0,190.0,190.1,500.0,500.0,0.0,0.0,0.0,0.3,8.91
10.8,200.1,6.19,44.8,1125,190.0,190.0,190.1,500.0,500.0,0.0,0.0,0.0,0.3,8.92
10.9,200.1,6.19,44.8,1126,190.0,190.0,190.1,500.0,500.0,0.0,0.0,0.0,0.3,8.92
10.8,200.1,6.19,45.0,1127,190.0,190.0,190.1,500.0,500.0,0.0,0.0,0.0,0.3,8.93
10.8,200.1,6.19,45.0,1128,190.0,190.0,190.1,500.0,500.0,0.0,0.0,0.0,0.3,8.94
10.9,200.1,6.19,45.0,1129,190.0,190.0,190.1,500.0,500.0,0.0,0.0,0.0,0.3,8.95
10.9,200.1,6.19,45.0,1130,190.0,190.0,190.1,500.0,500.0,0.0,0.0,0.0,0.3,8.96
10.8,200.1,6.19,45.0,1131,190.0,190.0,190.1,500.0,500.0,0.0,0.0,0.0,0.3,8.96
10.8,200.1,6.19,45.0,1132,190.0,190.0,190.1,500.0,500.0,0.0,0.0,0.0,0.3,8.97
10.8,200.1,6.19,45.0,1133,190.0,190.0,190.1,500.0,500.0,0.0,0.0,0.0,0.3,8.98
10.7,200.1,6.19,45.0,1134,190.0,190.0,190.1,500.0,500.0,0.0,0.0,0.0,0.3,8.99
10.8,200.1,6.19,45.0,1135,190.0,190.0,190.1,500.0,500.0,0.0,0.0,0.0,0.3,9.00
10.8,200.1,6.19,45.0,1136,190.0,190.0,190.1,500.0,500.0,0.0,0.0,0.0,0.3,9.01
10.9,200.1,6.19,45.0,1137,190.0,190.0,190.1,500.0,500.0,0.0,0.0,0.0,0.3,9.01
11.0,200.1,6.19,44.8,1138,190.0,190.0,190.1,500.0,500.0,0.0,0.0,0.0,0.3,9.02
11.1,200.1,6.19,44.8,1139,190.0,190.0,190.1,500.0,500.0,0.0,0.0,0.0,0.3,9.03
11.1,200.1,6.20,44.8,1140,190.0,190.0,190.1,500.0,500.0,0.0,0.0,0.0,0.3,9.04
11.2,200.1,6.20,44.6,1141,190.0,190.0,190.1,500.0,500.0,0.0,0.0,0.0,0.3,9.05
11.1,200.1,6.20,44.6,1142,190.0,190.0,190.1,500.0,500.0,0.0,0.0,0.0,0.3,9.05
11.0,200.1,6.20,44.8,1143,190.0,190.0,190.1,500.0,500.0,0.0,0.0,0.0,0.3,9.06
11.1,200.1,6.20,44.8,1144,190.0,190.0,190.1,500.0,500.0,0.0,0.0,0.0,0.3,9.07
11.0,200.1,6.19,44.8,1145,190.0,190.0,190.1,500.0,500.0,0.0,0.0,0.0,0.3,9.08
10.9,200.1,6.19,45.0,1146,190.0,190.0,190.1,500.0,500.0,0.0,0.0,0.0,0.3,9.09
10.9,200.1,6.19,45.0,1147,190.0,190.0,190.1,500.0,500.0,0.0,0.0,0.0,0.3,9.10
11.0,200.1,6.19,45.0,1148,190.0,190.0,190.1,500.0,500.0,0.0,0.0,0.0,0.3,9.10
11.1,200.1,6.19,45.0,1149,190.0,190.0,190.1,500.0,500.0,0.0,0.0,0.0,0.3,9.11
11.0,200.1,6.20,45.0,1150,190.0,190.0,190.1,500.0,500.0,0.0,0.0,0.0,0.3,9.12
11.0,200.1,6.20,44.8,1151,190.0,190.0,190.1,500.0,500.0,0.0,0.0,0.0,0.3,9.13
11.1,200.1,6.19,44.8,1152,190.0,190.0,190.1,500.0,500.0,0.0,0.0,0.0,0.3,9.14
11.0,200.1,6.19,44.8,1153,190.0,190.0,190.1,500.0,500.0,0.0,0.0,0.0,0.3,9.15
10.8,200.1,6.19,44.6,1154,190.0,190.0,190.1,500.0,500.0,0.0,0.0,0.0,0.3,9.15
10.8,200.1,6.19,44.6,1155,190.0,190.0,190.1,500.0,500.0,0.0,0.0,0.0,0.3,9.16
10.8,200.1,6.19,44.6,1156,190.0,190.0,190.1,500.0,500.0,0.0,0.0,0.0,0.3,9.17
10.8,200.1,6.19,44.6,1157,190.0,190.0,190.1,500.0,500.0,0.0,0.0,0.0,0.3,9.18
10.8,200.1,6.19,44.6,1158,190.0,190.0,190.1,500.0,500.0,0.0,0.0,0.0,0.3,9.19
10.9,200.1,6.19,44.8,1159,190.0,190.0,190.1,500.0,500.0,0.0,0.0,0.0,0.3,9.19
11.0,200.1,6.19,44.8,1160,190.0,190.0,190.1,500.0,500.0,0.0,0.0,0.0,0.3,9.20
10.9,200.1,6.20,45.0,1161,190.0,190.0,190.1,500.0,500.0,0.0,0.0,0.0,0.3,9.21
11.0,200.1,6.20,45.0,1162,190.0,190.0,190.1,500.0,500.0,0.0,0.0,0.0,0.3,9.22
11.0,200.1,6.20,45.0,1163,190.0,190.0,190.1,500.0,500.0,0.0,0.0,0.0,0.3,9.23
11.0,200.0,6.20,45.0,1164,190.0,190.0,190.1,500.0,500.0,0.0,0.0,0.0,0.3,9.23
10.9,200.0,6.20,45.0,1165,190.0,190.0,190.1,500.0,500.0,0.0,0.0,0.0,0.3,9.24
10.9,200.0,6.20,45.0,1166,190.0,190.0,190.1,500.0,500.0,0.0,0.0,0.0,0.3,9.25
10.8,200.0,6.20,44.8,1167,190.0,190.0,190.1,500.0,500.0,0.0,0.0,0.0,0.3,9.26
10.9,200.1,6.20,44.8,1168,190.0,190.0,190.1,500.0,500.0,0.0,0.0,0.0,0.3,9.27
10.8,200.1,6.20,44.8,1169,190.0,190.0,190.1,500.0,500.0,0.0,0.0,0.0,0.3,9.28
10.9,200.2,6.20,44.6,1170,190.0,190.0,190.1,500.0,500.0,0.0,0.0,0.0,0.3,9.28
10.9,200.2,6.19,44.6,1171,190.0,190.0,190.2,500.0,500.0,0.0,0.0,0.0,0.3,9.29
11.0,200.2,6.19,44.6,1172,190.0,190.0,190.2,500.0,500.0,0.0,0.0,0.0,0.3,9.30
10.9,200.2,6.19,44.6,1173,190.0,190.0,190.2,500.0,500.0,0.0,0.0,0.0,0.3,9.31
11.0,200.2,6.19,44.6,1174,190.0,190.0,190.2,500.0,500.0,0.0,0.0,0.0,0.3,9.32
11.1,200.2,6.19,44.8,1175,190.0,190.0,190.2,500.0,500.0,0.0,0.0,0.0,0.3,9.32
11.1,200.2,6.19,44.8,1176,190.0,190.0,190.2,500.0,500.0,0.0,0.0,0.0,0.3,9.33
11.1,200.2,6.19,45.0,1177,190.0,190.0,190.2,500.0,500.0,0.0,0.0,0.0,0.3,9.34
11.2,200.2,6.20,45.0,1178,190.0,190.0,190.2,500.0,500.0,0.0,0.0,0.0,0.3,9.35
11.2,200.2,6.20,44.8,1179,190.0,190.0,190.2,500.0,500.0,0.0,0.0,0.0,0.3,9.36
11.1,200.2,6.19,44.8,1180,190.0,190.0,190.2,500.0,500.0,0.0,0.0,0.0,0.3,9.37
11.2,200.2,6.19,44.8,1181,190.0,190.0,190.2,500.0,500.0,0.0,0.0,0.0,0.3,9.37
11.1,200.2,6.19,44.6,1182,190.0,190.0,190.2,500.0,500.0,0.0,0.0,0.0,0.3,9.38
11.1,200.2,6.19,44.6,1183,190.0,190.0,190.2,500.0,500.0,0.0,0.0,0.0,0.3,9.39
11.1,200.2,6.19,44.6,1184,190.0,190.0,190.2,500.0,500.0,0.0,0.0,0.0,0.3,9.40
11.2,200.2,6.19,44.6,1185,190.0,190.0,190.2,500.0,500.0,0.0,0.0,0.0,0.3,9.41
11.2,200.2,6.19,44.6,1186,190.0,190.0,190.2,500.0,500.0,0.0,0.0,0.0,0.3,9.42
11.1,200.2,6.19,44.8,1187,190.0,190.0,190.2,500.0,500.0,0.0,0.0,0.0,0.3,9.42
11.0,200.2,6.19,44.8,1188,190.0,190.0,190.2,500.0,500.0,0.0,0.0,0.0,0.3,9.43
11.1,200.2,6.19,45.0,1189,190.0,190.0,190.2,500.0,500.0,0.0,0.0,0.0,0.3,9.44
11.0,200.1,6.19,45.0,1190,190.0,190.0,190.2,500.0,500.0,0.0,0.0,0.0,0.3,9.45
10.8,200.1,6.19,45.0,1191,190.0,190.0,190.2,500.0,500.0,0.0,0.0,0.0,0.3,9.46
10.8,200.1,6.19,44.8,1192,190.0,190.0,190.2,500.0,500.0,0.0,0.0,0.0,0.3,9.47
10.9,200.1,6.19,44.8,1193,190.0,190.0,190.2,500.0,500.0,0.0,0.0,0.0,0.3,9.47
10.8,200.1,6.19,44.8,1194,190.0,190.0,190.2,500.0,500.0,0.0,0.0,0.0,0.3,9.48
10.8,200.2,6.19,44.8,1195,190.0,190.0,190.2,500.0,500.0,0.0,0.0,0.0,0.3,9.49
10.8,200.2,6.19,44.8,1196,190.0,190.0,190.2,500.0,500.0,0.0,0.0,0.0,0.3,9.50
10.9,200.2,6.19,45.0,1197,190.0,190.0,190.2,500.0,500.0,0.0,0.0,0.0,0.3,9.51
10.8,200.2,6.19,45.0,1198,190.0,190.0,190.2,500.0,500.0,0.0,0.0,0.0,0.3,9.51
10.9,200.2,6.19,45.0,1199,190.0,190.0,190.2,500.0,500.0,0.0,0.0,0.0,0.3,9.52
