扭矩,料温,压力,转速,时间,温度1,温度2,温度3,温度4,温度5,温度6,温度7,温度8,顶栓,能量
1.6,191.4,6.19,1.4,0,200.0,200.0,199.5,500.0,500.0,0.0,0.0,0.0,0.2,0.00
1.6,191.4,6.19,8.2,1,200.0,200.0,199.4,500.0,500.0,0.0,0.0,0.0,0.2,0.00
1.5,191.5,6.19,18.2,2,200.0,200.0,199.4,500.0,500.0,0.0,0.0,0.0,0.3,0.00
1.5,191.6,6.19,28.2,3,200.0,200.0,199.4,500.0,500.0,0.0,0.0,0.0,0.3,0.00
1.4,191.7,6.19,38.2,4,200.0,200.0,199.3,500.0,500.0,0.0,0.0,0.0,0.3,0.00
1.4,191.6,6.19,46.8,5,200.0,200.0,199.2,500.0,500.0,0.0,0.0,0.0,0.3,0.00
1.4,191.1,6.19,50.0,6,200.0,200.0,199.2,500.0,500.0,0.0,0.0,0.0,0.3,0.00
1.1,190.2,6.19,50.0,7,200.0,200.0,199.2,500.0,500.0,0.0,0.0,0.0,0.3,0.01
3.6,189.2,6.19,50.0,8,200.0,200.0,199.1,500.0,500.0,0.0,0.0,0.0,0.3,0.01
14.7,188.1,6.19,50.0,9,200.0,200.0,199.0,500.0,500.0,0.0,0.0,0.0,0.3,0.02
28.0,186.4,6.19,49.8,10,200.0,200.0,199.0,500.0,500.0,0.0,0.0,0.0,0.3,0.04
45.0,184.3,6.19,49.8,11,200.0,200.0,199.0,500.0,500.0,0.0,0.0,0.0,0.3,0.08
57.4,181.7,6.19,49.8,12,200.0,200.0,199.0,500.0,500.0,0.0,0.0,0.0,0.3,0.13
65.7,179.3,6.19,49.6,13,200.0,200.0,199.0,500.0,500.0,0.0,0.0,0.0,0.3,0.18
67.3,177.1,6.19,49.6,14,200.0,200.0,198.9,500.0,500.0,0.0,0.0,0.0,0.3,0.24
65.1,175.6,6.19,49.8,15,200.0,200.0,198.8,500.0,500.0,0.0,0.0,0.0,0.3,0.29
58.9,174.7,6.19,49.8,16,200.0,200.0,198.8,500.0,500.0,0.0,0.0,0.0,0.3,0.34
57.0,173.8,6.19,49.6,17,200.0,200.0,198.8,500.0,500.0,0.0,0.0,0.0,0.3,0.39
56.5,173.4,6.19,49.8,18,199.8,200.0,198.6,500.0,500.0,0.0,0.0,0.0,0.3,0.44
52.8,173.1,6.19,49.8,19,199.8,200.0,198.6,500.0,500.0,0.0,0.0,0.0,0.3,0.48
49.8,173.0,6.19,49.6,20,199.8,200.0,198.6,500.0,500.0,0.0,0.0,0.0,0.3,0.52
49.0,173.1,6.19,49.4,21,199.8,200.0,198.6,500.0,500.0,0.0,0.0,0.0,0.3,0.56
46.5,173.3,6.19,49.6,22,199.7,200.0,198.5,500.0,500.0,0.0,0.0,0.0,0.3,0.60
42.9,173.6,6.19,49.6,23,199.6,199.9,198.4,500.0,500.0,0.0,0.0,0.0,0.3,0.64
40.1,173.9,6.19,49.6,24,199.6,199.9,198.4,500.0,500.0,0.0,0.0,0.0,0.3,0.67
38.4,174.3,6.19,49.6,25,199.6,199.9,198.4,500.0,500.0,0.0,0.0,0.0,0.3,0.70
34.9,174.6,6.19,49.8,26,199.5,199.7,198.3,500.0,500.0,0.0,0.0,0.0,0.3,0.73
34.2,175.0,6.19,49.8,27,199.4,199.6,198.2,500.0,500.0,0.0,0.0,0.0,0.3,0.76
33.6,175.2,6.19,49.8,28,199.4,199.6,198.2,500.0,500.0,0.0,0.0,0.0,0.3,0.79
32.5,175.4,6.19,49.8,29,199.4,199.6,198.2,500.0,500.0,0.0,0.0,0.0,0.3,0.81
30.9,175.5,6.19,49.8,30,199.4,199.6,198.2,500.0,500.0,0.0,0.0,0.0,0.3,0.84
29.4,175.7,6.19,49.8,31,199.4,199.4,198.1,500.0,500.0,0.0,0.0,0.0,0.3,0.86
27.1,175.9,6.19,49.8,32,199.3,199.3,198.0,500.0,500.0,0.0,0.0,0.0,0.3,0.88
25.4,176.1,6.19,49.8,33,199.2,199.3,198.1,500.0,500.0,0.0,0.0,0.0,0.3,0.91
24.6,176.4,6.19,49.6,34,199.3,199.3,198.1,500.0,500.0,0.0,0.0,0.0,0.3,0.93
23.7,176.7,6.19,49.8,35,199.3,199.3,198.1,500.0,500.0,0.0,0.0,0.0,0.3,0.95
22.5,176.9,6.19,49.8,36,199.3,199.3,198.1,500.0,500.0,0.0,0.0,0.0,0.3,0.96
21.5,177.2,6.19,49.8,37,199.3,199.2,198.1,500.0,500.0,0.0,0.0,0.0,0.3,0.98
20.9,177.4,6.19,49.8,38,199.2,199.1,198.1,500.0,500.0,0.0,0.0,0.0,0.3,1.00
19.9,177.7,6.19,49.8,39,199.2,199.1,198.0,500.0,500.0,0.0,0.0,0.0,0.3,1.02
19.4,177.8,6.19,49.8,40,199.2,199.1,198.0,500.0,500.0,0.0,0.0,0.0,0.3,1.03
19.0,178.0,6.19,49.8,41,199.2,199.1,198.0,500.0,500.0,0.0,0.0,0.0,0.3,1.05
18.2,178.2,6.19,49.8,42,199.2,199.1,198.0,500.0,500.0,0.0,0.0,0.0,0.3,1.06
17.4,178.5,6.19,49.8,43,199.2,199.1,198.0,500.0,500.0,0.0,0.0,0.0,0.3,1.08
17.1,178.7,6.19,49.8,44,199.1,199.1,197.9,500.0,500.0,0.0,0.0,0.0,0.3,1.09
16.4,179.0,6.19,49.8,45,199.1,199.1,197.9,500.0,500.0,0.0,0.0,0.0,0.3,1.11
15.7,179.3,6.19,49.8,46,199.1,199.1,198.0,500.0,500.0,0.0,0.0,0.0,0.3,1.12
15.4,179.6,6.19,49.8,47,199.1,199.2,198.0,500.0,500.0,0.0,0.0,0.0,0.3,1.13
14.8,179.9,6.19,49.8,48,199.1,199.4,198.0,500.0,500.0,0.0,0.0,0.0,0.3,1.14
14.3,180.1,6.19,50.0,49,199.2,199.5,198.1,500.0,500.0,0.0,0.0,0.0,0.3,1.16
13.8,180.4,6.19,49.8,50,199.3,199.6,198.2,500.0,500.0,0.0,0.0,0.0,0.3,1.17
13.2,180.6,6.19,49.8,51,199.4,199.6,198.2,500.0,500.0,0.0,0.0,0.0,0.3,1.18
12.5,180.9,6.19,49.8,52,199.4,199.6,198.2,500.0,500.0,0.0,0.0,0.0,0.3,1.19
12.0,181.1,6.19,49.6,53,199.4,199.7,198.2,500.0,500.0,0.0,0.0,0.0,0.3,1.20
11.6,181.3,6.19,49.6,54,199.4,199.9,198.2,500.0,500.0,0.0,0.0,0.0,0.3,1.21
11.2,181.5,6.19,49.8,55,199.5,199.9,198.3,500.0,500.0,0.0,0.0,0.0,0.3,1.22
10.9,181.7,6.19,49.8,56,199.6,199.9,198.4,500.0,500.0,0.0,0.0,0.0,0.3,1.23
10.5,181.9,6.19,49.8,57,199.6,200.0,198.4,500.0,500.0,0.0,0.0,0.0,0.3,1.23
10.2,182.2,6.19,50.0,58,199.7,200.0,198.5,500.0,500.0,0.0,0.0,0.0,0.3,1.24
9.8,182.4,6.19,50.0,59,199.8,200.0,198.7,500.0,500.0,0.0,0.0,0.0,0.3,1.25
9.5,182.7,6.19,49.8,60,199.8,200.0,198.7,500.0,500.0,0.0,0.0,0.0,0.3,1.26
9.2,183.0,6.19,49.8,61,199.8,200.0,198.7,500.0,500.0,0.0,0.0,0.0,0.3,1.27
9.0,183.2,6.19,49.8,62,199.8,200.0,198.7,500.0,500.0,0.0,0.0,0.0,0.3,1.27
8.7,183.5,6.19,49.8,63,199.9,200.0,198.8,500.0,500.0,0.0,0.0,0.0,0.3,1.28
8.5,183.7,6.19,49.6,64,200.0,200.0,199.0,500.0,500.0,0.0,0.0,0.0,0.3,1.29
8.3,184.0,6.19,49.8,65,200.0,200.0,199.0,500.0,500.0,0.0,0.0,0.0,0.3,1.30
8.1,184.1,6.19,49.8,66,200.0,200.0,199.0,500.0,500.0,0.0,0.0,0.0,0.3,1.30
7.9,184.3,6.19,49.8,67,200.0,200.0,199.0,500.0,500.0,0.0,0.0,0.0,0.3,1.31
7.7,184.4,6.19,49.8,68,200.0,200.0,199.1,500.0,500.0,0.0,0.0,0.0,0.3,1.32
7.5,184.7,6.19,50.0,69,200.0,200.0,199.3,500.0,500.0,0.0,0.0,0.0,0.3,1.32
7.3,185.0,6.19,49.8,70,200.0,200.0,199.3,500.0,500.0,0.0,0.0,0.0,0.3,1.33
7.2,185.2,6.19,49.8,71,200.0,200.0,199.3,500.0,500.0,0.0,0.0,0.0,0.3,1.33
7.1,185.4,6.19,49.8,72,200.0,200.0,199.4,500.0,500.0,0.0,0.0,0.0,0.3,1.34
7.0,185.6,6.19,49.8,73,200.0,200.0,199.6,500.0,500.0,0.0,0.0,0.0,0.3,1.35
6.9,185.8,6.19,49.8,74,200.0,200.0,199.7,500.0,500.0,0.0,0.0,0.0,0.3,1.35
6.8,186.1,6.19,49.8,75,200.0,200.0,199.7,500.0,500.0,0.0,0.0,0.0,0.3,1.36
6.8,186.3,6.19,49.8,76,200.0,200.0,199.7,500.0,500.0,0.0,0.0,0.0,0.3,1.36
6.8,186.5,6.19,49.8,77,200.0,200.0,200.0,500.0,500.0,0.0,0.0,0.0,0.3,1.37
6.7,186.7,6.19,49.8,78,200.0,200.0,200.0,500.0,500.0,0.0,0.0,0.0,0.3,1.37
6.7,186.9,6.19,49.8,79,200.0,200.0,200.0,500.0,500.0,0.0,0.0,0.0,0.3,1.38
6.6,187.1,6.19,50.0,80,200.0,200.0,200.0,500.0,500.0,0.0,0.0,0.0,0.3,1.38
6.5,187.3,6.19,49.8,81,200.0,199.9,200.0,500.0,500.0,0.0,0.0,0.0,0.3,1.39
6.4,187.6,6.19,49.8,82,200.0,199.7,200.0,500.0,500.0,0.0,0.0,0.0,0.3,1.40
6.4,187.8,6.19,49.8,83,200.1,199.7,200.0,500.0,500.0,0.0,0.0,0.0,0.3,1.40
6.3,188.0,6.19,49.8,84,200.1,199.7,200.0,500.0,500.0,0.0,0.0,0.0,0.3,1.41
6.3,188.2,6.19,49.6,85,200.1,199.7,200.0,500.0,500.0,0.0,0.0,0.0,0.3,1.41
6.3,188.4,6.19,49.8,86,200.2,199.7,200.0,500.0,500.0,0.0,0.0,0.0,0.3,1.42
6.3,188.6,6.19,49.8,87,200.3,199.6,200.0,500.0,500.0,0.0,0.0,0.0,0.3,1.42
6.2,188.8,6.19,49.8,88,200.3,199.6,200.0,500.0,500.0,0.0,0.0,0.0,0.3,1.43
6.2,189.0,6.19,49.8,89,200.3,199.6,200.0,500.0,500.0,0.0,0.0,0.0,0.3,1.43
6.1,189.2,6.19,50.0,90,200.3,199.6,200.0,500.0,500.0,0.0,0.0,0.0,0.3,1.44
6.1,189.4,6.19,50.0,91,200.4,199.6,200.0,500.0,500.0,0.0,0.0,0.0,0.3,1.44
6.1,189.5,6.19,49.8,92,200.5,199.6,200.0,500.0,500.0,0.0,0.0,0.0,0.3,1.45
6.1,189.7,6.19,49.8,93,200.5,199.6,200.0,500.0,500.0,0.0,0.0,0.0,0.3,1.45
6.1,189.9,6.19,49.8,94,200.5,199.6,200.0,500.0,500.0,0.0,0.0,0.0,0.3,1.46
6.1,190.0,6.19,49.8,95,200.5,199.8,200.0,500.0,500.0,0.0,0.0,0.0,0.3,1.46
6.1,190.2,6.19,49.6,96,200.5,199.8,200.0,500.0,500.0,0.0,0.0,0.0,0.3,1.47
6.1,190.3,6.19,49.8,97,200.5,199.8,200.0,500.0,500.0,0.0,0.0,0.0,0.3,1.47
6.1,190.4,6.19,49.8,98,200.6,199.8,200.0,500.0,500.0,0.0,0.0,0.0,0.3,1.48
6.0,190.5,6.19,49.8,99,200.6,199.9,200.0,500.0,500.0,0.0,0.0,0.0,0.3,1.48
5.9,190.7,6.19,49.8,100,200.6,200.0,200.0,500.0,500.0,0.0,0.0,0.0,0.3,1.49
5.9,190.8,6.19,50.0,101,200.6,200.0,200.1,500.0,500.0,0.0,0.0,0.0,0.3,1.49
5.8,191.0,6.19,49.8,102,200.7,200.0,200.1,500.0,500.0,0.0,0.0,0.0,0.3,1.50
5.8,191.1,6.19,49.8,103,200.7,200.0,200.1,500.0,500.0,0.0,0.0,0.0,0.3,1.50
5.8,191.3,6.19,49.8,104,200.7,200.0,200.1,500.0,500.0,0.0,0.0,0.0,0.3,1.51
5.8,191.5,6.19,49.8,105,200.7,200.0,200.1,500.0,500.0,0.0,0.0,0.0,0.3,1.51
5.8,191.6,6.19,49.8,106,200.7,200.0,200.2,500.0,500.0,0.0,0.0,0.0,0.3,1.52
5.8,191.7,6.19,49.8,107,200.7,200.0,200.2,500.0,500.0,0.0,0.0,0.0,0.3,1.52
5.8,191.9,6.19,49.8,108,200.7,200.0,200.2,500.0,500.0,0.0,0.0,0.0,0.3,1.53
5.8,192.0,6.19,49.8,109,200.8,200.0,200.2,500.0,500.0,0.0,0.0,0.0,0.3,1.53
5.7,192.1,6.19,49.8,110,200.8,200.0,200.2,500.0,500.0,0.0,0.0,0.0,0.3,1.54
5.7,192.3,6.19,49.8,111,200.8,200.0,200.2,500.0,500.0,0.0,0.0,0.0,0.3,1.54
5.7,192.4,6.19,50.0,112,200.8,200.0,200.2,500.0,500.0,0.0,0.0,0.0,0.3,1.54
5.7,192.5,6.19,49.8,113,200.8,200.1,200.2,500.0,500.0,0.0,0.0,0.0,0.3,1.55
5.7,192.6,6.19,49.8,114,200.8,200.1,200.2,500.0,500.0,0.0,0.0,0.0,0.3,1.55
5.7,192.7,6.19,49.8,115,200.8,200.1,200.2,500.0,500.0,0.0,0.0,0.0,0.3,1.56
5.7,192.8,6.19,49.8,116,200.8,200.1,200.2,500.0,500.0,0.0,0.0,0.0,0.3,1.56
5.6,192.9,6.19,49.8,117,200.8,200.1,200.2,500.0,500.0,0.0,0.0,0.0,0.3,1.57
5.6,193.1,6.19,49.8,118,200.8,200.1,200.2,500.0,500.0,0.0,0.0,0.0,0.3,1.57
5.6,193.2,6.19,49.8,119,200.8,200.1,200.1,500.0,500.0,0.0,0.0,0.0,0.3,1.58
5.6,193.3,6.19,49.8,120,200.8,200.1,200.1,500.0,500.0,0.0,0.0,0.0,0.3,1.58
5.6,193.4,6.19,49.8,121,200.8,200.0,200.1,500.0,500.0,0.0,0.0,0.0,0.3,1.59
5.6,193.5,6.19,49.8,122,200.8,200.0,200.1,500.0,500.0,0.0,0.0,0.0,0.3,1.59
5.6,193.6,6.19,50.0,123,200.8,200.0,200.1,500.0,500.0,0.0,0.0,0.0,0.3,1.60
5.6,193.6,6.19,50.0,124,200.8,200.0,200.1,500.0,500.0,0.0,0.0,0.0,0.3,1.60
5.6,193.7,6.19,50.0,125,200.8,200.0,200.0,500.0,500.0,0.0,0.0,0.0,0.3,1.61
5.5,193.8,6.19,50.0,126,200.8,200.0,200.0,500.0,500.0,0.0,0.0,0.0,0.3,1.61
5.5,193.9,6.19,49.8,127,200.8,200.0,200.0,500.0,500.0,0.0,0.0,0.0,0.3,1.62
5.5,194.0,6.19,49.8,128,200.8,200.0,200.0,500.0,500.0,0.0,0.0,0.0,0.3,1.62
5.5,194.1,6.19,49.8,129,200.8,200.0,200.0,500.0,500.0,0.0,0.0,0.0,0.3,1.62
5.5,194.2,6.19,49.8,130,200.7,200.0,200.0,500.0,500.0,0.0,0.0,0.0,0.3,1.63
5.5,194.3,6.19,49.8,131,200.7,200.0,200.0,500.0,500.0,0.0,0.0,0.0,0.3,1.63
5.6,194.4,6.19,50.0,132,200.7,200.0,200.0,500.0,500.0,0.0,0.0,0.0,0.3,1.64
5.5,194.5,6.19,49.8,133,200.7,199.9,200.0,500.0,500.0,0.0,0.0,0.0,0.3,1.64
5.5,194.6,6.19,49.8,134,200.7,199.9,200.0,500.0,500.0,0.0,0.0,0.0,0.3,1.65
5.5,194.6,6.19,49.8,135,200.7,199.9,200.0,500.0,500.0,0.0,0.0,0.0,0.3,1.65
5.5,194.7,6.19,49.8,136,200.7,199.8,200.0,500.0,500.0,0.0,0.0,0.0,0.3,1.66
5.5,194.8,6.19,49.8,137,200.6,199.7,200.0,500.0,500.0,0.0,0.0,0.0,0.3,1.66
5.5,194.9,6.19,50.0,138,200.6,199.7,200.0,500.0,500.0,0.0,0.0,0.0,0.3,1.67
5.5,195.0,6.19,49.8,139,200.6,199.7,200.0,500.0,500.0,0.0,0.0,0.0,0.3,1.67
5.5,195.1,6.19,49.8,140,200.6,199.7,200.0,500.0,500.0,0.0,0.0,0.0,0.3,1.67
5.4,195.1,6.19,49.8,141,200.6,199.7,200.0,500.0,500.0,0.0,0.0,0.0,0.3,1.68
5.4,195.2,6.19,49.8,142,200.6,199.7,200.0,500.0,500.0,0.0,0.0,0.0,0.3,1.68
5.4,195.3,6.19,49.8,143,200.6,199.7,200.0,500.0,500.0,0.0,0.0,0.0,0.3,1.69
5.4,195.4,6.19,50.0,144,200.5,199.7,200.0,500.0,500.0,0.0,0.0,0.0,0.3,1.69
5.4,195.5,6.19,49.8,145,200.5,199.8,200.0,500.0,500.0,0.0,0.0,0.0,0.3,1.70
5.4,195.5,6.19,49.8,146,200.5,199.9,200.0,500.0,500.0,0.0,0.0,0.0,0.3,1.70
5.4,195.6,6.19,49.8,147,200.5,200.0,200.0,500.0,500.0,0.0,0.0,0.0,0.3,1.71
5.4,195.7,6.19,49.8,148,200.5,200.0,200.0,500.0,500.0,0.0,0.0,0.0,0.3,1.71
5.4,195.8,6.19,49.8,149,200.5,200.0,200.0,500.0,500.0,0.0,0.0,0.0,0.3,1.72
5.3,195.9,6.19,49.8,150,200.5,200.0,200.0,500.0,500.0,0.0,0.0,0.0,0.3,1.72
5.3,195.9,6.19,49.8,151,200.4,200.0,200.0,500.0,500.0,0.0,0.0,0.0,0.3,1.72
5.2,196.0,6.19,49.8,152,200.4,200.0,200.0,500.0,500.0,0.0,0.0,0.0,0.3,1.73
5.2,196.1,6.19,49.8,153,200.4,200.0,200.0,500.0,500.0,0.0,0.0,0.0,0.3,1.73
5.3,196.2,6.19,49.8,154,200.4,200.0,200.0,500.0,500.0,0.0,0.0,0.0,0.3,1.74
5.3,196.2,6.19,50.0,155,200.4,200.0,200.0,500.0,500.0,0.0,0.0,0.0,0.3,1.74
5.3,196.3,6.19,49.8,156,200.4,200.0,200.0,500.0,500.0,0.0,0.0,0.0,0.3,1.75
5.2,196.3,6.19,49.8,157,200.4,200.1,200.0,500.0,500.0,0.0,0.0,0.0,0.3,1.75
5.2,196.4,6.19,49.8,158,200.4,200.3,200.0,500.0,500.0,0.0,0.0,0.0,0.3,1.75
5.1,196.4,6.19,49.8,159,200.4,200.3,200.0,500.0,500.0,0.0,0.0,0.0,0.3,1.76
5.1,196.5,6.19,49.6,160,200.4,200.3,200.0,500.0,500.0,0.0,0.0,0.0,0.3,1.76
5.1,196.5,6.19,49.8,161,200.4,200.4,200.0,500.0,500.0,0.0,0.0,0.0,0.3,1.77
5.2,196.6,6.19,49.8,162,200.4,200.5,200.0,500.0,500.0,0.0,0.0,0.0,0.3,1.77
5.2,196.6,6.19,49.8,163,200.4,200.5,200.0,500.0,500.0,0.0,0.0,0.0,0.3,1.78
5.2,196.7,6.19,49.8,164,200.4,200.5,200.0,500.0,500.0,0.0,0.0,0.0,0.3,1.78
5.2,196.8,6.19,49.8,165,200.4,200.5,200.0,500.0,500.0,0.0,0.0,0.0,0.3,1.78
5.2,196.9,6.19,49.8,166,200.4,200.5,200.0,500.0,500.0,0.0,0.0,0.0,0.3,1.79
5.2,196.9,6.19,49.8,167,200.4,200.5,200.0,500.0,500.0,0.0,0.0,0.0,0.3,1.79
5.2,197.0,6.19,49.8,168,200.4,200.5,200.0,500.0,500.0,0.0,0.0,0.0,0.3,1.80
5.2,197.1,6.18,49.8,169,200.4,200.3,200.0,500.0,500.0,0.0,0.0,0.0,0.3,1.80
5.1,197.1,6.18,50.0,170,200.4,200.3,200.0,500.0,500.0,0.0,0.0,0.0,0.3,1.81
5.1,197.2,6.18,49.8,171,200.4,200.3,200.0,500.0,500.0,0.0,0.0,0.0,0.3,1.81
5.1,197.3,6.18,49.8,172,200.4,200.1,200.0,500.0,500.0,0.0,0.0,0.0,0.3,1.81
5.1,197.3,6.18,49.8,173,200.4,200.0,200.1,500.0,500.0,0.0,0.0,0.0,0.3,1.82
5.1,197.3,6.19,49.8,174,200.4,200.0,200.1,500.0,500.0,0.0,0.0,0.0,0.3,1.82
5.1,197.4,6.19,49.8,175,200.4,200.0,200.1,500.0,500.0,0.0,0.0,0.0,0.3,1.83
5.1,197.5,6.19,50.0,176,200.4,200.0,200.1,500.0,500.0,0.0,0.0,0.0,0.3,1.83
5.1,197.6,6.19,49.8,177,200.4,200.0,200.2,500.0,500.0,0.0,0.0,0.0,0.3,1.84
5.0,197.6,6.19,49.8,178,200.4,200.0,200.3,500.0,500.0,0.0,0.0,0.0,0.3,1.84
5.0,197.7,6.19,49.8,179,200.4,200.0,200.3,500.0,500.0,0.0,0.0,0.0,0.3,1.84
5.0,197.8,6.19,49.8,180,200.4,200.0,200.3,500.0,500.0,0.0,0.0,0.0,0.3,1.85
5.0,197.8,6.19,49.8,181,200.4,200.0,200.3,500.0,500.0,0.0,0.0,0.0,0.3,1.85
5.0,197.9,6.19,49.8,182,200.4,200.0,200.4,500.0,500.0,0.0,0.0,0.0,0.3,1.86
5.0,197.9,6.19,49.8,183,200.4,200.0,200.5,500.0,500.0,0.0,0.0,0.0,0.3,1.86
5.0,198.0,6.19,49.8,184,200.4,200.0,200.5,500.0,500.0,0.0,0.0,0.0,0.3,1.86
5.1,198.1,6.19,49.8,185,200.4,200.0,200.5,500.0,500.0,0.0,0.0,0.0,0.3,1.87
5.1,198.1,6.19,49.8,186,200.5,199.9,200.5,500.0,500.0,0.0,0.0,0.0,0.3,1.87
5.0,198.2,6.19,50.0,187,200.5,199.9,200.5,500.0,500.0,0.0,0.0,0.0,0.3,1.88
5.0,198.3,6.19,49.8,188,200.5,199.9,200.7,500.0,500.0,0.0,0.0,0.0,0.3,1.88
5.0,198.3,6.19,49.8,189,200.5,199.9,200.7,500.0,500.0,0.0,0.0,0.0,0.3,1.89
5.0,198.4,6.19,49.8,190,200.5,199.9,200.7,500.0,500.0,0.0,0.0,0.0,0.3,1.89
5.0,198.4,6.19,49.8,191,200.5,200.0,200.7,500.0,500.0,0.0,0.0,0.0,0.3,1.89
5.0,198.5,6.19,49.8,192,200.5,200.0,200.7,500.0,500.0,0.0,0.0,0.0,0.3,1.90
5.0,198.5,6.19,50.0,193,200.5,200.0,200.8,500.0,500.0,0.0,0.0,0.0,0.3,1.90
5.0,198.6,6.19,50.0,194,200.5,200.0,200.9,500.0,500.0,0.0,0.0,0.0,0.3,1.91
5.0,198.6,6.19,50.0,195,200.5,200.0,200.9,500.0,500.0,0.0,0.0,0.0,0.3,1.91
4.9,198.7,6.19,50.0,196,200.5,200.0,200.9,500.0,500.0,0.0,0.0,0.0,0.3,1.91
5.0,198.7,6.18,50.0,197,200.6,200.0,200.9,500.0,500.0,0.0,0.0,0.0,0.3,1.92
5.0,198.8,6.18,50.0,198,200.6,200.0,200.9,500.0,500.0,0.0,0.0,0.0,0.3,1.92
5.0,198.8,6.18,49.8,199,200.6,200.0,201.0,500.0,500.0,0.0,0.0,0.0,0.3,1.93
5.0,198.9,6.18,49.8,200,200.6,200.0,201.0,500.0,500.0,0.0,0.0,0.0,0.3,1.93
4.9,198.9,6.18,49.8,201,200.6,200.2,201.0,500.0,500.0,0.0,0.0,0.0,0.3,1.94
4.9,199.0,6.19,49.8,202,200.6,200.3,201.0,500.0,500.0,0.0,0.0,0.0,0.3,1.94
4.9,199.1,6.19,49.6,203,200.6,200.3,201.1,500.0,500.0,0.0,0.0,0.0,0.3,1.94
4.9,199.1,6.19,49.8,204,200.6,200.3,201.1,500.0,500.0,0.0,0.0,0.0,0.3,1.95
4.9,199.2,6.19,49.8,205,200.6,200.4,201.1,500.0,500.0,0.0,0.0,0.0,0.3,1.95
4.9,199.2,6.19,49.8,206,200.7,200.6,201.1,500.0,500.0,0.0,0.0,0.0,0.3,1.96
4.9,199.3,6.19,49.8,207,200.7,200.7,201.1,500.0,500.0,0.0,0.0,0.0,0.3,1.96
4.9,199.4,6.18,49.8,208,200.7,200.8,201.1,500.0,500.0,0.0,0.0,0.0,0.3,1.96
4.9,199.4,6.18,49.8,209,200.7,200.8,201.2,500.0,500.0,0.0,0.0,0.0,0.3,1.97
4.9,199.5,6.19,49.8,210,200.7,200.8,201.2,500.0,500.0,0.0,0.0,0.0,0.3,1.97
4.9,199.6,6.19,49.8,211,200.7,200.9,201.2,500.0,500.0,0.0,0.0,0.0,0.3,1.98
4.9,199.7,6.19,49.8,212,200.8,201.0,201.3,500.0,500.0,0.0,0.0,0.0,0.3,1.98
4.9,199.7,6.19,50.0,213,200.9,201.0,201.3,500.0,500.0,0.0,0.0,0.0,0.3,1.98
4.9,199.8,6.19,50.0,214,200.9,201.0,201.3,500.0,500.0,0.0,0.0,0.0,0.3,1.99
4.9,199.9,6.19,50.0,215,200.9,201.0,201.3,500.0,500.0,0.0,0.0,0.0,0.3,1.99
4.9,199.9,6.19,50.0,216,200.9,201.0,201.3,500.0,500.0,0.0,0.0,0.0,0.3,2.00
4.9,199.9,6.19,50.0,217,200.9,200.8,201.3,500.0,500.0,0.0,0.0,0.0,0.3,2.00
4.9,200.0,6.19,50.0,218,200.9,200.6,201.3,500.0,500.0,0.0,0.0,0.0,0.3,2.00
4.9,200.0,6.19,49.8,219,200.9,200.6,201.3,500.0,500.0,0.0,0.0,0.0,0.3,2.01
4.8,200.0,6.19,49.8,220,200.9,200.6,201.3,500.0,500.0,0.0,0.0,0.0,0.3,2.01
4.8,200.1,6.19,49.8,221,200.9,200.6,201.3,500.0,500.0,0.0,0.0,0.0,0.3,2.02
4.8,200.2,6.19,49.6,222,200.9,200.4,201.3,500.0,500.0,0.0,0.0,0.0,0.3,2.02
4.8,200.2,6.19,49.6,223,200.9,200.2,201.3,500.0,500.0,0.0,0.0,0.0,0.3,2.02
4.8,200.3,6.19,49.8,224,200.9,200.2,201.3,500.0,500.0,0.0,0.0,0.0,0.3,2.03
4.9,200.3,6.19,49.8,225,200.9,200.1,201.3,500.0,500.0,0.0,0.0,0.0,0.3,2.03
4.9,200.3,6.19,49.8,226,200.9,200.0,201.2,500.0,500.0,0.0,0.0,0.0,0.3,2.04
4.8,200.4,6.19,50.0,227,200.9,200.0,201.2,500.0,500.0,0.0,0.0,0.0,0.3,2.04
4.8,200.4,6.19,49.8,228,200.9,200.0,201.2,500.0,500.0,0.0,0.0,0.0,0.3,2.04
4.8,200.5,6.19,49.8,229,200.9,200.0,201.2,500.0,500.0,0.0,0.0,0.0,0.3,2.05
4.8,200.5,6.19,49.8,230,200.9,200.0,201.1,500.0,500.0,0.0,0.0,0.0,0.3,2.05
4.8,200.5,6.19,49.8,231,200.9,200.0,201.0,500.0,500.0,0.0,0.0,0.0,0.3,2.06
4.8,200.6,6.19,49.8,232,200.9,200.0,201.0,500.0,500.0,0.0,0.0,0.0,0.3,2.06
4.8,200.6,6.19,49.8,233,200.9,200.0,201.0,500.0,500.0,0.0,0.0,0.0,0.3,2.06
4.8,200.6,6.19,49.8,234,200.9,200.0,201.0,500.0,500.0,0.0,0.0,0.0,0.3,2.07
4.8,200.7,6.19,49.8,235,200.9,200.0,201.0,500.0,500.0,0.0,0.0,0.0,0.3,2.07
4.8,200.7,6.19,49.8,236,200.9,200.0,201.0,500.0,500.0,0.0,0.0,0.0,0.3,2.08
4.8,200.8,6.19,49.8,237,200.9,200.0,201.0,500.0,500.0,0.0,0.0,0.0,0.3,2.08
4.8,200.8,6.19,50.0,238,200.9,200.0,200.9,500.0,500.0,0.0,0.0,0.0,0.3,2.08
4.8,200.9,6.19,49.8,239,200.9,200.0,200.8,500.0,500.0,0.0,0.0,0.0,0.3,2.09
4.8,200.9,6.19,49.8,240,200.9,200.0,200.8,500.0,500.0,0.0,0.0,0.0,0.3,2.09
4.8,200.9,6.19,49.8,241,200.9,200.0,200.8,500.0,500.0,0.0,0.0,0.0,0.3,2.10
4.8,201.0,6.19,49.8,242,200.9,200.0,200.8,500.0,500.0,0.0,0.0,0.0,0.3,2.10
4.8,201.0,6.19,49.6,243,200.9,200.0,200.8,500.0,500.0,0.0,0.0,0.0,0.3,2.10
4.8,201.0,6.19,49.8,244,200.9,200.0,200.8,500.0,500.0,0.0,0.0,0.0,0.3,2.11
4.7,201.1,6.19,49.8,245,200.9,200.0,200.7,500.0,500.0,0.0,0.0,0.0,0.3,2.11
4.8,201.1,6.19,49.8,246,200.9,200.1,200.6,500.0,500.0,0.0,0.0,0.0,0.3,2.12
4.8,201.2,6.19,49.8,247,200.9,200.2,200.6,500.0,500.0,0.0,0.0,0.0,0.3,2.12
4.8,201.2,6.19,50.0,248,200.9,200.3,200.6,500.0,500.0,0.0,0.0,0.0,0.3,2.12
4.8,201.3,6.19,50.0,249,200.9,200.5,200.6,500.0,500.0,0.0,0.0,0.0,0.3,2.13
4.8,201.3,6.19,50.0,250,200.9,200.6,200.6,500.0,500.0,0.0,0.0,0.0,0.3,2.13
4.8,201.3,6.19,50.0,251,200.9,200.7,200.5,500.0,500.0,0.0,0.0,0.0,0.3,2.14
4.7,201.3,6.19,50.0,252,200.9,200.7,200.5,500.0,500.0,0.0,0.0,0.0,0.3,2.14
4.7,201.4,6.19,49.8,253,200.9,200.7,200.5,500.0,500.0,0.0,0.0,0.0,0.3,2.14
4.7,201.4,6.19,49.8,254,200.9,200.7,200.5,500.0,500.0,0.0,0.0,0.0,0.3,2.15
4.7,201.4,6.19,49.8,255,200.8,200.8,200.5,500.0,500.0,0.0,0.0,0.0,0.3,2.15
4.7,201.5,6.19,49.8,256,200.8,201.0,200.4,500.0,500.0,0.0,0.0,0.0,0.3,2.16
4.8,201.5,6.19,49.8,257,200.8,201.0,200.4,500.0,500.0,0.0,0.0,0.0,0.3,2.16
4.8,201.5,6.19,50.0,258,200.8,201.0,200.4,500.0,500.0,0.0,0.0,0.0,0.3,2.16
4.7,201.5,6.19,49.8,259,200.8,201.0,200.4,500.0,500.0,0.0,0.0,0.0,0.3,2.17
4.7,201.6,6.19,49.8,260,200.8,201.1,200.4,500.0,500.0,0.0,0.0,0.0,0.3,2.17
4.6,201.6,6.19,49.8,261,200.8,201.1,200.3,500.0,500.0,0.0,0.0,0.0,0.3,2.18
4.6,201.6,6.19,49.8,262,200.8,201.1,200.3,500.0,500.0,0.0,0.0,0.0,0.3,2.18
4.6,201.7,6.19,49.8,263,200.8,201.0,200.3,500.0,500.0,0.0,0.0,0.0,0.3,2.18
4.6,201.7,6.19,49.8,264,200.8,200.9,200.3,500.0,500.0,0.0,0.0,0.0,0.3,2.19
4.6,201.8,6.19,49.8,265,200.8,200.9,200.3,500.0,500.0,0.0,0.0,0.0,0.3,2.19
4.6,201.8,6.19,49.8,266,200.9,200.9,200.3,500.0,500.0,0.0,0.0,0.0,0.3,2.19
4.7,201.8,6.19,49.8,267,200.9,200.9,200.3,500.0,500.0,0.0,0.0,0.0,0.3,2.20
4.7,201.9,6.19,49.8,268,200.9,200.7,200.3,500.0,500.0,0.0,0.0,0.0,0.3,2.20
4.7,201.9,6.19,50.0,269,200.9,200.5,200.3,500.0,500.0,0.0,0.0,0.0,0.3,2.21
4.6,201.9,6.19,49.8,270,200.9,200.3,200.3,500.0,500.0,0.0,0.0,0.0,0.3,2.21
4.6,201.9,6.19,49.8,271,200.9,200.2,200.3,500.0,500.0,0.0,0.0,0.0,0.3,2.21
4.6,202.0,6.19,49.8,272,200.9,200.2,200.3,500.0,500.0,0.0,0.0,0.0,0.3,2.22
4.6,202.0,6.19,49.6,273,200.8,200.2,200.3,500.0,500.0,0.0,0.0,0.0,0.3,2.22
4.6,202.0,6.19,49.6,274,200.8,200.2,200.3,500.0,500.0,0.0,0.0,0.0,0.3,2.23
4.6,202.1,6.19,49.8,275,200.8,200.0,200.3,500.0,500.0,0.0,0.0,0.0,0.3,2.23
4.6,202.1,6.19,49.8,276,200.8,200.0,200.3,500.0,500.0,0.0,0.0,0.0,0.3,2.23
4.6,202.1,6.19,49.8,277,200.8,200.0,200.3,500.0,500.0,0.0,0.0,0.0,0.3,2.24
4.6,202.2,6.19,50.0,278,200.8,200.0,200.3,500.0,500.0,0.0,0.0,0.0,0.3,2.24
4.6,202.2,6.19,49.8,279,200.8,200.0,200.3,500.0,500.0,0.0,0.0,0.0,0.3,2.24
4.6,202.2,6.19,49.8,280,200.8,200.0,200.3,500.0,500.0,0.0,0.0,0.0,0.3,2.25
4.6,202.2,6.19,49.8,281,200.8,200.0,200.3,500.0,500.0,0.0,0.0,0.0,0.3,2.25
4.6,202.3,6.19,49.8,282,200.8,200.0,200.3,500.0,500.0,0.0,0.0,0.0,0.3,2.26
4.6,202.3,6.19,49.8,283,200.8,200.0,200.3,500.0,500.0,0.0,0.0,0.0,0.3,2.26
4.6,202.3,6.19,49.8,284,200.8,200.0,200.3,500.0,500.0,0.0,0.0,0.0,0.3,2.26
4.6,202.4,6.19,49.8,285,200.8,200.0,200.3,500.0,500.0,0.0,0.0,0.0,0.3,2.27
4.6,202.4,6.19,49.8,286,200.8,200.0,200.3,500.0,500.0,0.0,0.0,0.0,0.3,2.27
4.7,202.4,6.19,49.8,287,200.8,200.0,200.3,500.0,500.0,0.0,0.0,0.0,0.3,2.27
4.7,202.4,6.19,49.8,288,200.8,200.0,200.3,500.0,500.0,0.0,0.0,0.0,0.3,2.28
4.6,202.4,6.19,50.0,289,200.7,200.0,200.3,500.0,500.0,0.0,0.0,0.0,0.3,2.28
4.6,202.5,6.19,49.8,290,200.7,200.0,200.3,500.0,500.0,0.0,0.0,0.0,0.3,2.29
4.6,202.5,6.19,49.8,291,200.7,200.0,200.3,500.0,500.0,0.0,0.0,0.0,0.3,2.29
4.5,202.5,6.19,49.8,292,200.7,200.0,200.4,500.0,500.0,0.0,0.0,0.0,0.3,2.29
4.5,202.5,6.19,49.6,293,200.7,200.0,200.4,500.0,500.0,0.0,0.0,0.0,0.3,2.30
4.6,202.5,6.19,49.6,294,200.7,200.0,200.4,500.0,500.0,0.0,0.0,0.0,0.3,2.30
4.5,202.6,6.19,49.8,295,200.7,200.0,200.4,500.0,500.0,0.0,0.0,0.0,0.3,2.31
4.5,202.6,6.19,49.8,296,200.7,200.2,200.4,500.0,500.0,0.0,0.0,0.0,0.3,2.31
4.6,202.6,6.19,49.8,297,200.7,200.4,200.4,500.0,500.0,0.0,0.0,0.0,0.3,2.31
4.6,202.6,6.19,49.8,298,200.7,200.5,200.4,500.0,500.0,0.0,0.0,0.0,0.3,2.32
4.5,202.7,6.19,49.8,299,200.7,200.6,200.4,500.0,500.0,0.0,0.0,0.0,0.3,2.32
4.6,202.7,6.19,49.8,300,200.7,200.6,200.5,500.0,500.0,0.0,0.0,0.0,0.3,2.32
4.5,202.7,6.19,49.8,301,200.7,200.6,200.5,500.0,500.0,0.0,0.0,0.0,0.3,2.33
4.5,202.8,6.19,49.8,302,200.7,200.7,200.5,500.0,500.0,0.0,0.0,0.0,0.3,2.33
4.5,202.8,6.19,49.8,303,200.7,200.9,200.5,500.0,500.0,0.0,0.0,0.0,0.3,2.34
4.5,202.8,6.19,49.6,304,200.7,201.0,200.5,500.0,500.0,0.0,0.0,0.0,0.3,2.34
4.5,202.8,6.19,49.6,305,200.6,201.0,200.5,500.0,500.0,0.0,0.0,0.0,0.3,2.34
4.6,202.9,6.19,49.6,306,200.6,201.0,200.5,500.0,500.0,0.0,0.0,0.0,0.3,2.35
4.6,202.9,6.19,49.6,307,200.6,201.1,200.5,500.0,500.0,0.0,0.0,0.0,0.3,2.35
4.6,202.9,6.19,49.8,308,200.6,201.1,200.6,500.0,500.0,0.0,0.0,0.0,0.3,2.35
4.6,202.9,6.19,49.8,309,200.6,201.1,200.6,500.0,500.0,0.0,0.0,0.0,0.3,2.36
4.6,202.9,6.19,49.8,310,200.6,201.0,200.6,500.0,500.0,0.0,0.0,0.0,0.3,2.36
4.5,203.0,6.19,49.8,311,200.6,200.9,200.6,500.0,500.0,0.0,0.0,0.0,0.3,2.37
4.5,203.0,6.19,49.8,312,200.6,200.9,200.6,500.0,500.0,0.0,0.0,0.0,0.3,2.37
4.5,203.0,6.19,49.8,313,200.6,200.9,200.6,500.0,500.0,0.0,0.0,0.0,0.3,2.37
4.5,203.0,6.19,49.8,314,200.6,200.7,200.6,500.0,500.0,0.0,0.0,0.0,0.3,2.38
4.5,203.1,6.19,49.6,315,200.6,200.5,200.6,500.0,500.0,0.0,0.0,0.0,0.3,2.38
4.5,203.1,6.19,49.6,316,200.6,200.4,200.6,500.0,500.0,0.0,0.0,0.0,0.3,2.38
4.5,203.1,6.19,49.6,317,200.6,200.4,200.6,500.0,500.0,0.0,0.0,0.0,0.3,2.39
4.5,203.1,6.19,49.6,318,200.6,200.4,200.6,500.0,500.0,0.0,0.0,0.0,0.3,2.39
4.5,203.2,6.19,49.8,319,200.6,200.4,200.7,500.0,500.0,0.0,0.0,0.0,0.3,2.40
4.5,203.2,6.19,50.0,320,200.6,200.4,200.7,500.0,500.0,0.0,0.0,0.0,0.3,2.40
4.5,203.2,6.19,50.0,321,200.6,200.2,200.7,500.0,500.0,0.0,0.0,0.0,0.3,2.40
4.5,203.2,6.19,50.0,322,200.6,200.0,200.7,500.0,500.0,0.0,0.0,0.0,0.3,2.41
4.5,203.2,6.19,49.8,323,200.6,200.0,200.7,500.0,500.0,0.0,0.0,0.0,0.3,2.41
4.5,203.2,6.19,49.8,324,200.6,200.0,200.7,500.0,500.0,0.0,0.0,0.0,0.3,2.41
4.5,203.3,6.18,49.8,325,200.6,200.0,200.7,500.0,500.0,0.0,0.0,0.0,0.3,2.42
4.5,203.3,6.19,49.8,326,200.6,200.0,200.7,500.0,500.0,0.0,0.0,0.0,0.3,2.42
4.5,203.3,6.19,49.8,327,200.6,200.0,200.7,500.0,500.0,0.0,0.0,0.0,0.3,2.43
4.5,203.3,6.19,50.0,328,200.6,200.0,200.7,500.0,500.0,0.0,0.0,0.0,0.3,2.43
4.5,203.3,6.19,50.0,329,200.6,200.0,200.7,500.0,500.0,0.0,0.0,0.0,0.3,2.43
4.5,203.4,6.19,50.0,330,200.6,200.0,200.7,500.0,500.0,0.0,0.0,0.0,0.3,2.44
4.5,203.4,6.19,50.0,331,200.6,200.0,200.7,500.0,500.0,0.0,0.0,0.0,0.3,2.44
4.5,203.4,6.19,50.0,332,200.6,200.0,200.7,500.0,500.0,0.0,0.0,0.0,0.3,2.44
4.5,203.4,6.19,50.0,333,200.6,200.0,200.7,500.0,500.0,0.0,0.0,0.0,0.3,2.45
4.5,203.4,6.19,49.8,334,200.6,200.0,200.7,500.0,500.0,0.0,0.0,0.0,0.3,2.45
4.5,203.4,6.19,49.8,335,200.6,200.0,200.6,500.0,500.0,0.0,0.0,0.0,0.3,2.46
4.5,203.5,6.19,49.8,336,200.6,200.0,200.6,500.0,500.0,0.0,0.0,0.0,0.3,2.46
4.5,203.5,6.19,49.8,337,200.6,200.0,200.6,500.0,500.0,0.0,0.0,0.0,0.3,2.46
4.5,203.5,6.19,49.8,338,200.5,200.0,200.6,500.0,500.0,0.0,0.0,0.0,0.3,2.47
4.5,203.5,6.19,50.0,339,200.5,200.0,200.6,500.0,500.0,0.0,0.0,0.0,0.3,2.47
4.5,203.5,6.19,50.0,340,200.5,200.0,200.6,500.0,500.0,0.0,0.0,0.0,0.3,2.47
4.5,203.5,6.19,50.0,341,200.5,200.0,200.6,500.0,500.0,0.0,0.0,0.0,0.3,2.48
4.5,203.6,6.19,50.0,342,200.5,200.0,200.6,500.0,500.0,0.0,0.0,0.0,0.3,2.48
4.5,203.6,6.19,49.8,343,200.5,200.0,200.5,500.0,500.0,0.0,0.0,0.0,0.3,2.49
4.5,203.6,6.19,49.8,344,200.5,200.1,200.5,500.0,500.0,0.0,0.0,0.0,0.3,2.49
4.5,203.6,6.19,49.6,345,200.5,200.2,200.5,500.0,500.0,0.0,0.0,0.0,0.3,2.49
4.4,203.6,6.19,49.6,346,200.5,200.4,200.5,500.0,500.0,0.0,0.0,0.0,0.3,2.50
4.4,203.6,6.19,49.6,347,200.5,200.5,200.5,500.0,500.0,0.0,0.0,0.0,0.3,2.50
4.4,203.6,6.19,49.6,348,200.5,200.6,200.5,500.0,500.0,0.0,0.0,0.0,0.3,2.50
4.5,203.7,6.19,49.6,349,200.5,200.6,200.4,500.0,500.0,0.0,0.0,0.0,0.3,2.51
4.4,203.7,6.19,49.8,350,200.5,200.6,200.4,500.0,500.0,0.0,0.0,0.0,0.3,2.51
4.4,203.7,6.19,49.8,351,200.5,200.7,200.4,500.0,500.0,0.0,0.0,0.0,0.3,2.51
4.4,203.7,6.19,49.8,352,200.5,200.8,200.4,500.0,500.0,0.0,0.0,0.0,0.3,2.52
4.4,203.7,6.19,50.0,353,200.5,200.8,200.4,500.0,500.0,0.0,0.0,0.0,0.3,2.52
4.4,203.7,6.19,49.8,354,200.5,200.9,200.4,500.0,500.0,0.0,0.0,0.0,0.3,2.53
4.4,203.7,6.19,49.8,355,200.5,200.9,200.4,500.0,500.0,0.0,0.0,0.0,0.3,2.53
4.4,203.8,6.19,49.8,356,200.5,200.9,200.3,500.0,500.0,0.0,0.0,0.0,0.3,2.53
4.4,203.8,6.19,49.8,357,200.5,200.9,200.3,500.0,500.0,0.0,0.0,0.0,0.3,2.54
4.4,203.8,6.19,49.8,358,200.5,200.9,200.3,500.0,500.0,0.0,0.0,0.0,0.3,2.54
4.5,203.8,6.19,49.8,359,200.5,200.9,200.3,500.0,500.0,0.0,0.0,0.0,0.3,2.54
4.5,203.8,6.19,49.8,360,200.5,200.9,200.2,500.0,500.0,0.0,0.0,0.0,0.3,2.55
4.5,203.8,6.19,49.8,361,200.5,200.8,200.2,500.0,500.0,0.0,0.0,0.0,0.3,2.55
4.5,203.8,6.19,49.8,362,200.5,200.6,200.2,500.0,500.0,0.0,0.0,0.0,0.3,2.56
4.5,203.8,6.19,49.8,363,200.5,200.6,200.2,500.0,500.0,0.0,0.0,0.0,0.3,2.56
4.4,203.8,6.19,49.8,364,200.5,200.6,200.2,500.0,500.0,0.0,0.0,0.0,0.3,2.56
4.4,203.8,6.19,49.8,365,200.5,200.6,200.1,500.0,500.0,0.0,0.0,0.0,0.3,2.57
4.4,203.9,6.19,49.8,366,200.5,200.4,200.1,500.0,500.0,0.0,0.0,0.0,0.3,2.57
4.4,203.9,6.19,49.8,367,200.5,200.2,200.1,500.0,500.0,0.0,0.0,0.0,0.3,2.57
4.4,203.9,6.19,49.6,368,200.5,200.2,200.1,500.0,500.0,0.0,0.0,0.0,0.3,2.58
4.4,203.9,6.19,49.8,369,200.5,200.2,200.1,500.0,500.0,0.0,0.0,0.0,0.3,2.58
4.4,203.9,6.19,49.8,370,200.5,200.2,200.1,500.0,500.0,0.0,0.0,0.0,0.3,2.58
4.4,203.9,6.19,49.8,371,200.5,200.0,200.1,500.0,500.0,0.0,0.0,0.0,0.3,2.59
4.4,203.9,6.19,49.8,372,200.5,200.0,200.1,500.0,500.0,0.0,0.0,0.0,0.3,2.59
4.4,203.9,6.19,50.0,373,200.5,200.0,200.1,500.0,500.0,0.0,0.0,0.0,0.3,2.60
4.4,204.0,6.19,49.8,374,200.5,200.0,200.1,500.0,500.0,0.0,0.0,0.0,0.3,2.60
4.4,204.0,6.19,49.8,375,200.5,200.0,200.0,500.0,500.0,0.0,0.0,0.0,0.3,2.60
4.4,204.0,6.19,49.8,376,200.5,200.0,200.0,500.0,500.0,0.0,0.0,0.0,0.3,2.61
4.4,204.1,6.19,49.8,377,200.5,200.0,200.0,500.0,500.0,0.0,0.0,0.0,0.3,2.61
4.4,204.1,6.19,49.6,378,200.5,200.0,200.0,500.0,500.0,0.0,0.0,0.0,0.3,2.61
4.4,204.1,6.19,49.6,379,200.6,200.0,200.0,500.0,500.0,0.0,0.0,0.0,0.3,2.62
4.4,204.1,6.19,49.6,380,200.6,200.0,200.0,500.0,500.0,0.0,0.0,0.0,0.3,2.62
4.4,204.1,6.19,49.6,381,200.6,200.0,200.0,500.0,500.0,0.0,0.0,0.0,0.3,2.62
4.4,204.2,6.19,49.6,382,200.6,200.0,200.0,500.0,500.0,0.0,0.0,0.0,0.3,2.63
4.4,204.2,6.19,49.8,383,200.6,200.0,200.0,500.0,500.0,0.0,0.0,0.0,0.3,2.63
4.4,204.2,6.19,50.0,384,200.6,200.0,200.0,500.0,500.0,0.0,0.0,0.0,0.3,2.64
4.4,204.2,6.19,49.8,385,200.6,200.0,200.0,500.0,500.0,0.0,0.0,0.0,0.3,2.64
4.4,204.2,6.19,49.8,386,200.6,200.0,200.0,500.0,500.0,0.0,0.0,0.0,0.3,2.64
4.4,204.2,6.19,49.8,387,200.6,200.0,200.0,500.0,500.0,0.0,0.0,0.0,0.3,2.65
4.4,204.2,6.19,49.6,388,200.6,200.1,200.0,500.0,500.0,0.0,0.0,0.0,0.3,2.65
4.4,204.2,6.19,49.6,389,200.6,200.2,200.0,500.0,500.0,0.0,0.0,0.0,0.3,2.65
4.4,204.2,6.19,49.8,390,200.5,200.2,200.0,500.0,500.0,0.0,0.0,0.0,0.3,2.66
4.4,204.2,6.19,49.8,391,200.5,200.2,200.0,500.0,500.0,0.0,0.0,0.0,0.3,2.66
4.4,204.2,6.19,49.8,392,200.5,200.3,200.0,500.0,500.0,0.0,0.0,0.0,0.3,2.67
4.5,204.1,6.19,50.0,393,200.5,200.4,200.0,500.0,500.0,0.0,0.0,0.0,0.3,2.67
4.4,204.1,6.19,50.0,394,200.5,200.5,200.0,500.0,500.0,0.0,0.0,0.0,0.3,2.67
4.4,204.1,6.19,50.0,395,200.4,200.6,200.0,500.0,500.0,0.0,0.0,0.0,0.3,2.68
4.4,204.2,6.19,50.0,396,200.4,200.6,200.0,500.0,500.0,0.0,0.0,0.0,0.3,2.68
4.4,204.3,6.19,50.0,397,200.4,200.6,200.0,500.0,500.0,0.0,0.0,0.0,0.3,2.68
4.4,204.3,6.19,49.8,398,200.4,200.9,200.0,500.0,500.0,0.0,0.0,0.0,0.3,2.69
4.4,204.3,6.19,49.6,399,200.4,201.0,200.0,500.0,500.0,0.0,0.0,0.0,0.3,2.69
4.4,204.3,6.19,49.6,400,200.5,201.0,200.0,500.0,500.0,0.0,0.0,0.0,0.3,2.69
4.4,204.3,6.19,49.6,401,200.5,201.0,200.0,500.0,500.0,0.0,0.0,0.0,0.3,2.70
4.4,204.3,6.19,49.6,402,200.5,201.0,200.0,500.0,500.0,0.0,0.0,0.0,0.3,2.70
4.4,204.3,6.19,49.8,403,200.5,201.0,200.0,500.0,500.0,0.0,0.0,0.0,0.3,2.71
4.4,204.3,6.19,49.8,404,200.5,201.0,200.0,500.0,500.0,0.0,0.0,0.0,0.3,2.71
4.4,204.3,6.19,49.6,405,200.5,201.0,200.1,500.0,500.0,0.0,0.0,0.0,0.3,2.71
4.4,204.3,6.19,49.6,406,200.5,201.0,200.1,500.0,500.0,0.0,0.0,0.0,0.3,2.72
4.4,204.3,6.19,49.6,407,200.5,200.9,200.1,500.0,500.0,0.0,0.0,0.0,0.3,2.72
4.4,204.3,6.19,49.6,408,200.5,200.8,200.1,500.0,500.0,0.0,0.0,0.0,0.3,2.72
4.4,204.4,6.19,49.6,409,200.4,200.8,200.1,500.0,500.0,0.0,0.0,0.0,0.3,2.73
4.4,204.4,6.19,49.8,410,200.4,200.8,200.1,500.0,500.0,0.0,0.0,0.0,0.3,2.73
4.4,204.4,6.19,49.8,411,200.4,200.8,200.1,500.0,500.0,0.0,0.0,0.0,0.3,2.73
4.4,204.4,6.19,49.8,412,200.4,200.8,200.1,500.0,500.0,0.0,0.0,0.0,0.3,2.74
4.4,204.4,6.19,49.8,413,200.4,200.6,200.1,500.0,500.0,0.0,0.0,0.0,0.3,2.74
4.4,204.4,6.19,50.0,414,200.4,200.3,200.1,500.0,500.0,0.0,0.0,0.0,0.3,2.75
4.4,204.4,6.19,50.0,415,200.4,200.3,200.1,500.0,500.0,0.0,0.0,0.0,0.3,2.75
4.4,204.4,6.19,50.0,416,200.4,200.3,200.1,500.0,500.0,0.0,0.0,0.0,0.3,2.75
4.4,204.4,6.19,50.0,417,200.4,200.1,200.1,500.0,500.0,0.0,0.0,0.0,0.3,2.76
4.4,204.4,6.19,50.0,418,200.4,200.0,200.1,500.0,500.0,0.0,0.0,0.0,0.3,2.76
4.4,204.5,6.19,50.0,419,200.4,200.0,200.1,500.0,500.0,0.0,0.0,0.0,0.3,2.76
4.4,204.5,6.19,49.8,420,200.4,200.0,200.1,500.0,500.0,0.0,0.0,0.0,0.3,2.77
4.4,204.5,6.19,49.8,421,200.4,200.0,200.2,500.0,500.0,0.0,0.0,0.0,0.3,2.77
4.4,204.5,6.19,49.8,422,200.4,200.0,200.2,500.0,500.0,0.0,0.0,0.0,0.3,2.77
4.4,204.5,6.19,49.8,423,200.4,200.0,200.2,500.0,500.0,0.0,0.0,0.0,0.3,2.78
4.4,204.5,6.19,49.6,424,200.4,200.0,200.2,500.0,500.0,0.0,0.0,0.0,0.3,2.78
4.4,204.5,6.19,49.8,425,200.4,200.0,200.2,500.0,500.0,0.0,0.0,0.0,0.3,2.79
4.4,204.5,6.19,49.8,426,200.4,200.0,200.2,500.0,500.0,0.0,0.0,0.0,0.3,2.79
4.4,204.5,6.19,49.8,427,200.4,200.0,200.2,500.0,500.0,0.0,0.0,0.0,0.3,2.79
4.4,204.5,6.19,49.8,428,200.4,200.0,200.2,500.0,500.0,0.0,0.0,0.0,0.3,2.80
4.4,204.6,6.19,49.8,429,200.4,200.0,200.2,500.0,500.0,0.0,0.0,0.0,0.3,2.80
4.4,204.6,6.19,49.8,430,200.4,200.0,200.2,500.0,500.0,0.0,0.0,0.0,0.3,2.80
4.4,204.6,6.19,49.8,431,200.4,200.0,200.2,500.0,500.0,0.0,0.0,0.0,0.3,2.81
4.4,204.6,6.19,49.8,432,200.3,200.0,200.2,500.0,500.0,0.0,0.0,0.0,0.3,2.81
4.4,204.6,6.19,49.8,433,200.3,200.0,200.2,500.0,500.0,0.0,0.0,0.0,0.3,2.81
4.4,204.6,6.19,50.0,434,200.3,200.0,200.2,500.0,500.0,0.0,0.0,0.0,0.3,2.82
4.4,204.6,6.19,50.0,435,200.3,200.0,200.2,500.0,500.0,0.0,0.0,0.0,0.3,2.82
4.3,204.6,6.19,50.0,436,200.3,200.0,200.2,500.0,500.0,0.0,0.0,0.0,0.3,2.83
4.3,204.6,6.19,50.0,437,200.3,200.0,200.2,500.0,500.0,0.0,0.0,0.0,0.3,2.83
4.4,204.6,6.19,50.0,438,200.3,200.0,200.2,500.0,500.0,0.0,0.0,0.0,0.3,2.83
4.4,204.6,6.19,50.0,439,200.3,200.0,200.2,500.0,500.0,0.0,0.0,0.0,0.3,2.84
4.4,204.6,6.19,49.8,440,200.3,200.1,200.2,500.0,500.0,0.0,0.0,0.0,0.3,2.84
4.4,204.6,6.19,49.8,441,200.3,200.3,200.2,500.0,500.0,0.0,0.0,0.0,0.3,2.84
4.3,204.7,6.19,49.8,442,200.3,200.4,200.2,500.0,500.0,0.0,0.0,0.0,0.3,2.85
4.3,204.7,6.19,49.6,443,200.3,200.5,200.2,500.0,500.0,0.0,0.0,0.0,0.3,2.85
4.4,204.7,6.19,49.6,444,200.3,200.5,200.2,500.0,500.0,0.0,0.0,0.0,0.3,2.85
4.4,204.7,6.19,49.8,445,200.3,200.5,200.2,500.0,500.0,0.0,0.0,0.0,0.3,2.86
4.4,204.7,6.19,49.8,446,200.3,200.6,200.2,500.0,500.0,0.0,0.0,0.0,0.3,2.86
4.4,204.7,6.19,49.8,447,200.3,200.6,200.2,500.0,500.0,0.0,0.0,0.0,0.3,2.87
4.3,204.7,6.19,50.0,448,200.3,200.7,200.2,500.0,500.0,0.0,0.0,0.0,0.3,2.87
4.3,204.7,6.19,49.8,449,200.3,200.8,200.2,500.0,500.0,0.0,0.0,0.0,0.3,2.87
4.3,204.7,6.19,49.8,450,200.2,200.8,200.2,500.0,500.0,0.0,0.0,0.0,0.3,2.88
4.3,204.7,6.19,49.8,451,200.2,200.8,200.2,500.0,500.0,0.0,0.0,0.0,0.3,2.88
4.4,204.7,6.19,49.8,452,200.2,200.8,200.2,500.0,500.0,0.0,0.0,0.0,0.3,2.88
4.4,204.7,6.19,49.8,453,200.2,200.8,200.2,500.0,500.0,0.0,0.0,0.0,0.3,2.89
4.4,204.7,6.19,49.8,454,200.2,200.8,200.2,500.0,500.0,0.0,0.0,0.0,0.3,2.89
4.4,204.7,6.19,49.8,455,200.2,200.8,200.2,500.0,500.0,0.0,0.0,0.0,0.3,2.89
4.4,204.8,6.19,49.8,456,200.2,200.7,200.2,500.0,500.0,0.0,0.0,0.0,0.3,2.90
4.4,204.8,6.19,49.8,457,200.2,200.5,200.1,500.0,500.0,0.0,0.0,0.0,0.3,2.90
4.4,204.8,6.19,49.8,458,200.2,200.4,200.1,500.0,500.0,0.0,0.0,0.0,0.3,2.91
4.4,204.8,6.18,50.0,459,200.2,200.4,200.1,500.0,500.0,0.0,0.0,0.0,0.3,2.91
4.4,204.8,6.18,49.8,460,200.2,200.4,200.1,500.0,500.0,0.0,0.0,0.0,0.3,2.91
4.4,204.8,6.18,49.8,461,200.2,200.4,200.1,500.0,500.0,0.0,0.0,0.0,0.3,2.92
4.4,204.8,6.18,49.8,462,200.2,200.2,200.1,500.0,500.0,0.0,0.0,0.0,0.3,2.92
4.4,204.8,6.18,49.6,463,200.2,200.0,200.1,500.0,500.0,0.0,0.0,0.0,0.3,2.92
4.4,204.8,6.18,49.6,464,200.2,200.0,200.1,500.0,500.0,0.0,0.0,0.0,0.3,2.93
4.4,204.8,6.19,49.8,465,200.2,200.0,200.1,500.0,500.0,0.0,0.0,0.0,0.3,2.93
4.4,204.8,6.19,49.8,466,200.2,200.0,200.1,500.0,500.0,0.0,0.0,0.0,0.3,2.93
4.3,204.8,6.19,49.8,467,200.2,200.0,200.1,500.0,500.0,0.0,0.0,0.0,0.3,2.94
4.3,204.8,6.19,49.8,468,200.2,200.0,200.0,500.0,500.0,0.0,0.0,0.0,0.3,2.94
4.3,204.8,6.19,49.8,469,200.2,200.0,200.0,500.0,500.0,0.0,0.0,0.0,0.3,2.95
4.3,204.8,6.19,49.8,470,200.2,200.0,200.0,500.0,500.0,0.0,0.0,0.0,0.3,2.95
4.3,204.8,6.18,49.8,471,200.2,200.0,200.0,500.0,500.0,0.0,0.0,0.0,0.3,2.95
4.4,204.8,6.18,49.8,472,200.2,200.0,200.0,500.0,500.0,0.0,0.0,0.0,0.3,2.96
4.4,204.8,6.19,49.8,473,200.2,200.0,200.0,500.0,500.0,0.0,0.0,0.0,0.3,2.96
4.4,204.8,6.18,49.6,474,200.1,200.0,200.0,500.0,500.0,0.0,0.0,0.0,0.3,2.96
4.4,204.9,6.18,49.6,475,200.1,200.0,200.0,500.0,500.0,0.0,0.0,0.0,0.3,2.97
4.4,204.9,6.18,49.6,476,200.1,200.0,200.0,500.0,500.0,0.0,0.0,0.0,0.3,2.97
4.4,204.9,6.18,49.6,477,200.2,200.0,200.0,500.0,500.0,0.0,0.0,0.0,0.3,2.97
4.4,205.0,6.18,49.8,478,200.2,200.0,200.0,500.0,500.0,0.0,0.0,0.0,0.3,2.98
4.4,205.0,6.19,49.8,479,200.2,200.0,200.0,500.0,500.0,0.0,0.0,0.0,0.3,2.98
4.4,205.0,6.19,49.8,480,200.2,200.0,200.0,500.0,500.0,0.0,0.0,0.0,0.3,2.99
4.3,205.0,6.18,49.8,481,200.2,200.0,200.0,500.0,500.0,0.0,0.0,0.0,0.3,2.99
4.3,205.0,6.18,49.8,482,200.2,200.0,200.0,500.0,500.0,0.0,0.0,0.0,0.3,2.99
4.3,205.0,6.18,49.6,483,200.2,200.0,200.0,500.0,500.0,0.0,0.0,0.0,0.3,3.00
4.3,205.0,6.18,49.8,484,200.2,200.0,200.0,500.0,500.0,0.0,0.0,0.0,0.3,3.00
4.3,205.0,6.18,49.6,485,200.2,200.0,200.0,500.0,500.0,0.0,0.0,0.0,0.3,3.00
4.3,205.0,6.19,49.6,486,200.2,200.0,200.0,500.0,500.0,0.0,0.0,0.0,0.3,3.01
4.4,205.0,6.19,49.6,487,200.2,200.0,200.0,500.0,500.0,0.0,0.0,0.0,0.3,3.01
4.4,205.0,6.19,49.8,488,200.2,200.0,200.0,500.0,500.0,0.0,0.0,0.0,0.3,3.01
4.4,205.0,6.19,49.8,489,200.2,200.2,200.0,500.0,500.0,0.0,0.0,0.0,0.3,3.02
4.4,205.0,6.19,50.0,490,200.2,200.3,200.0,500.0,500.0,0.0,0.0,0.0,0.3,3.02
4.3,205.0,6.19,50.0,491,200.2,200.3,200.0,500.0,500.0,0.0,0.0,0.0,0.3,3.02
4.3,205.0,6.19,50.0,492,200.2,200.3,200.0,500.0,500.0,0.0,0.0,0.0,0.3,3.03
4.3,205.0,6.19,49.8,493,200.2,200.4,200.0,500.0,500.0,0.0,0.0,0.0,0.3,3.03
4.3,205.0,6.19,49.8,494,200.1,200.6,200.0,500.0,500.0,0.0,0.0,0.0,0.3,3.04
4.3,205.0,6.19,49.8,495,200.1,200.6,200.0,500.0,500.0,0.0,0.0,0.0,0.3,3.04
4.4,205.0,6.19,49.8,496,200.1,200.6,200.0,500.0,500.0,0.0,0.0,0.0,0.3,3.04
4.4,205.0,6.19,49.8,497,200.1,200.6,200.0,500.0,500.0,0.0,0.0,0.0,0.3,3.05
4.4,205.0,6.19,50.0,498,200.1,200.7,200.0,500.0,500.0,0.0,0.0,0.0,0.3,3.05
4.3,205.0,6.19,49.8,499,200.1,200.7,200.0,500.0,500.0,0.0,0.0,0.0,0.3,3.05
4.3,205.0,6.19,49.8,500,200.1,200.7,200.0,500.0,500.0,0.0,0.0,0.0,0.3,3.06
4.3,205.0,6.19,49.8,501,200.1,200.7,200.0,500.0,500.0,0.0,0.0,0.0,0.3,3.06
4.3,205.0,6.19,49.8,502,200.1,200.7,200.0,500.0,500.0,0.0,0.0,0.0,0.3,3.06
4.3,205.0,6.19,49.8,503,200.1,200.7,200.0,500.0,500.0,0.0,0.0,0.0,0.3,3.07
4.3,205.0,6.19,49.8,504,200.1,200.6,200.0,500.0,500.0,0.0,0.0,0.0,0.3,3.07
4.3,205.0,6.19,49.8,505,200.1,200.5,200.0,500.0,500.0,0.0,0.0,0.0,0.3,3.08
4.3,205.0,6.19,49.8,506,200.1,200.5,200.0,500.0,500.0,0.0,0.0,0.0,0.3,3.08
4.3,205.0,6.19,49.8,507,200.1,200.5,200.0,500.0,500.0,0.0,0.0,0.0,0.3,3.08
4.3,205.0,6.19,49.8,508,200.1,200.3,200.0,500.0,500.0,0.0,0.0,0.0,0.3,3.09
4.4,205.0,6.19,50.0,509,200.0,200.1,200.0,500.0,500.0,0.0,0.0,0.0,0.3,3.09
4.4,205.0,6.19,49.8,510,200.0,200.1,200.0,500.0,500.0,0.0,0.0,0.0,0.3,3.09
4.4,205.0,6.19,49.8,511,200.0,200.1,200.0,500.0,500.0,0.0,0.0,0.0,0.3,3.10
4.4,205.1,6.19,49.8,512,200.0,200.1,200.0,500.0,500.0,0.0,0.0,0.0,0.3,3.10
4.4,205.1,6.19,49.6,513,200.0,200.0,200.0,500.0,500.0,0.0,0.0,0.0,0.3,3.10
4.4,205.1,6.19,49.6,514,200.0,200.0,200.0,500.0,500.0,0.0,0.0,0.0,0.3,3.11
4.4,205.0,6.18,49.8,515,200.0,200.0,200.0,500.0,500.0,0.0,0.0,0.0,0.3,3.11
4.4,205.0,6.18,49.8,516,200.0,200.0,200.0,500.0,500.0,0.0,0.0,0.0,0.3,3.11
4.4,205.0,6.18,49.8,517,200.0,200.0,200.0,500.0,500.0,0.0,0.0,0.0,0.3,3.12
4.4,205.1,6.19,50.0,518,200.0,200.0,200.0,500.0,500.0,0.0,0.0,0.0,0.3,3.12
4.4,205.1,6.19,49.8,519,200.0,200.0,200.0,500.0,500.0,0.0,0.0,0.0,0.3,3.13
4.4,205.1,6.19,49.8,520,200.0,200.0,200.0,500.0,500.0,0.0,0.0,0.0,0.3,3.13
4.4,205.1,6.19,49.8,521,200.0,200.0,200.0,500.0,500.0,0.0,0.0,0.0,0.3,3.13
4.4,205.1,6.19,49.8,522,200.0,200.0,200.0,500.0,500.0,0.0,0.0,0.0,0.3,3.14
4.3,205.1,6.19,49.8,523,200.0,200.0,200.0,500.0,500.0,0.0,0.0,0.0,0.3,3.14
4.3,205.1,6.19,49.8,524,200.0,200.0,200.0,500.0,500.0,0.0,0.0,0.0,0.3,3.14
4.3,205.2,6.18,49.8,525,200.0,200.0,200.0,500.0,500.0,0.0,0.0,0.0,0.3,3.15
4.3,205.2,6.19,49.8,526,200.0,200.0,200.0,500.0,500.0,0.0,0.0,0.0,0.3,3.15
4.3,205.2,6.19,49.8,527,200.0,200.0,200.0,500.0,500.0,0.0,0.0,0.0,0.3,3.15
4.4,205.2,6.19,49.8,528,200.0,200.0,200.1,500.0,500.0,0.0,0.0,0.0,0.3,3.16
4.4,205.2,6.19,50.0,529,200.0,200.0,200.1,500.0,500.0,0.0,0.0,0.0,0.3,3.16
4.4,205.1,6.19,49.8,530,200.0,200.0,200.1,500.0,500.0,0.0,0.0,0.0,0.3,3.17
4.3,205.1,6.19,49.8,531,200.0,200.0,200.1,500.0,500.0,0.0,0.0,0.0,0.3,3.17
4.3,205.1,6.19,49.8,532,200.0,200.0,200.0,500.0,500.0,0.0,0.0,0.0,0.3,3.17
4.3,205.1,6.19,49.8,533,200.0,200.0,200.0,500.0,500.0,0.0,0.0,0.0,0.3,3.18
4.3,205.1,6.19,49.8,534,200.0,200.0,200.0,500.0,500.0,0.0,0.0,0.0,0.3,3.18
4.3,205.1,6.19,49.8,535,200.0,200.0,200.0,500.0,500.0,0.0,0.0,0.0,0.3,3.18
4.3,205.1,6.19,49.8,536,200.0,200.0,200.0,500.0,500.0,0.0,0.0,0.0,0.3,3.19
4.3,205.1,6.19,49.8,537,200.0,200.0,200.0,500.0,500.0,0.0,0.0,0.0,0.3,3.19
4.3,205.1,6.19,49.6,538,200.0,200.2,200.0,500.0,500.0,0.0,0.0,0.0,0.3,3.19
4.3,205.1,6.19,49.6,539,200.0,200.2,200.0,500.0,500.0,0.0,0.0,0.0,0.3,3.20
4.3,205.1,6.19,49.8,540,200.0,200.3,200.0,500.0,500.0,0.0,0.0,0.0,0.3,3.20
4.3,205.2,6.19,49.8,541,200.0,200.4,200.0,500.0,500.0,0.0,0.0,0.0,0.3,3.20
4.3,205.2,6.19,49.8,542,200.0,200.5,200.0,500.0,500.0,0.0,0.0,0.0,0.3,3.21
4.3,205.2,6.19,50.0,543,200.0,200.5,200.0,500.0,500.0,0.0,0.0,0.0,0.3,3.21
4.3,205.2,6.19,49.8,544,200.0,200.5,200.1,500.0,500.0,0.0,0.0,0.0,0.3,3.22
4.3,205.2,6.19,49.6,545,200.0,200.6,200.1,500.0,500.0,0.0,0.0,0.0,0.3,3.22
4.3,205.2,6.19,49.6,546,200.0,200.7,200.1,500.0,500.0,0.0,0.0,0.0,0.3,3.22
4.3,205.2,6.19,49.6,547,200.0,200.8,200.1,500.0,500.0,0.0,0.0,0.0,0.3,3.23
4.2,205.2,6.19,49.6,548,200.0,200.8,200.1,500.0,500.0,0.0,0.0,0.0,0.3,3.23
4.2,205.2,6.19,49.6,549,200.0,200.8,200.1,500.0,500.0,0.0,0.0,0.0,0.3,3.23
4.3,205.2,6.19,49.8,550,200.0,200.8,200.1,500.0,500.0,0.0,0.0,0.0,0.3,3.24
4.3,205.2,6.19,49.8,551,200.0,200.8,200.1,500.0,500.0,0.0,0.0,0.0,0.3,3.24
4.3,205.2,6.19,49.8,552,200.0,200.7,200.1,500.0,500.0,0.0,0.0,0.0,0.3,3.24
4.4,205.2,6.19,49.8,553,200.0,200.6,200.1,500.0,500.0,0.0,0.0,0.0,0.3,3.25
4.4,205.2,6.19,50.0,554,200.0,200.6,200.1,500.0,500.0,0.0,0.0,0.0,0.3,3.25
4.4,205.2,6.19,49.8,555,200.0,200.6,200.1,500.0,500.0,0.0,0.0,0.0,0.3,3.25
4.3,205.2,6.19,49.8,556,200.0,200.4,200.1,500.0,500.0,0.0,0.0,0.0,0.3,3.26
4.3,205.2,6.19,49.8,557,200.0,200.3,200.1,500.0,500.0,0.0,0.0,0.0,0.3,3.26
4.3,205.2,6.19,49.8,558,200.0,200.3,200.1,500.0,500.0,0.0,0.0,0.0,0.3,3.27
4.3,205.2,6.19,49.6,559,200.0,200.3,200.1,500.0,500.0,0.0,0.0,0.0,0.3,3.27
4.3,205.2,6.19,49.6,560,200.0,200.1,200.1,500.0,500.0,0.0,0.0,0.0,0.3,3.27
4.3,205.2,6.19,49.6,561,200.0,200.0,200.1,500.0,500.0,0.0,0.0,0.0,0.3,3.28
4.3,205.2,6.19,49.6,562,200.0,200.0,200.1,500.0,500.0,0.0,0.0,0.0,0.3,3.28
4.3,205.2,6.19,49.6,563,200.0,200.0,200.1,500.0,500.0,0.0,0.0,0.0,0.3,3.28
4.3,205.2,6.19,49.8,564,200.0,200.0,200.1,500.0,500.0,0.0,0.0,0.0,0.3,3.29
4.3,205.2,6.19,49.8,565,200.0,200.0,200.1,500.0,500.0,0.0,0.0,0.0,0.3,3.29
4.3,205.2,6.19,49.8,566,200.0,200.0,200.1,500.0,500.0,0.0,0.0,0.0,0.3,3.29
4.3,205.2,6.18,49.8,567,200.0,200.0,200.1,500.0,500.0,0.0,0.0,0.0,0.3,3.30
4.3,205.2,6.18,49.8,568,200.0,200.0,200.1,500.0,500.0,0.0,0.0,0.0,0.3,3.30
4.3,205.2,6.17,49.6,569,200.0,200.0,200.1,500.0,500.0,0.0,0.0,0.0,0.3,3.30
4.3,205.2,6.17,49.8,570,200.0,200.0,200.1,500.0,500.0,0.0,0.0,0.0,0.3,3.31
4.3,205.2,6.17,49.8,571,200.0,200.0,200.1,500.0,500.0,0.0,0.0,0.0,0.3,3.31
4.3,205.2,6.18,49.8,572,200.0,200.0,200.1,500.0,500.0,0.0,0.0,0.0,0.3,3.32
4.3,205.3,6.18,49.8,573,200.0,200.0,200.1,500.0,500.0,0.0,0.0,0.0,0.3,3.32
4.4,205.3,6.19,50.0,574,200.0,200.0,200.1,500.0,500.0,0.0,0.0,0.0,0.3,3.32
4.3,205.3,6.19,50.0,575,200.0,200.0,200.1,500.0,500.0,0.0,0.0,0.0,0.3,3.33
4.4,205.3,6.18,50.0,576,200.0,200.0,200.1,500.0,500.0,0.0,0.0,0.0,0.3,3.33
4.4,205.3,6.19,50.0,577,200.0,200.0,200.1,500.0,500.0,0.0,0.0,0.0,0.3,3.33
4.4,205.3,6.19,50.0,578,200.0,200.0,200.1,500.0,500.0,0.0,0.0,0.0,0.3,3.34
4.4,205.3,6.19,50.0,579,200.0,200.0,200.1,500.0,500.0,0.0,0.0,0.0,0.3,3.34
4.4,205.3,6.19,49.8,580,200.0,200.0,200.1,500.0,500.0,0.0,0.0,0.0,0.3,3.34
4.3,205.3,6.19,49.8,581,200.0,200.0,200.1,500.0,500.0,0.0,0.0,0.0,0.3,3.35
4.3,205.3,6.18,49.8,582,200.0,200.0,200.1,500.0,500.0,0.0,0.0,0.0,0.3,3.35
4.3,205.3,6.18,49.8,583,200.0,200.0,200.1,500.0,500.0,0.0,0.0,0.0,0.3,3.36
4.3,205.3,6.18,49.8,584,200.0,200.0,200.1,500.0,500.0,0.0,0.0,0.0,0.3,3.36
4.3,205.3,6.18,50.0,585,200.0,200.0,200.1,500.0,500.0,0.0,0.0,0.0,0.3,3.36
4.4,205.3,6.18,49.8,586,200.0,200.2,200.1,500.0,500.0,0.0,0.0,0.0,0.3,3.37
4.4,205.3,6.19,49.8,587,200.0,200.3,200.1,500.0,500.0,0.0,0.0,0.0,0.3,3.37
4.3,205.3,6.19,49.8,588,200.0,200.3,200.0,500.0,500.0,0.0,0.0,0.0,0.3,3.37
4.3,205.3,6.19,49.6,589,200.0,200.3,200.0,500.0,500.0,0.0,0.0,0.0,0.3,3.38
4.3,205.3,6.19,49.6,590,200.0,200.5,200.0,500.0,500.0,0.0,0.0,0.0,0.3,3.38
4.3,205.3,6.19,49.8,591,200.0,200.7,200.0,500.0,500.0,0.0,0.0,0.0,0.3,3.38
4.3,205.3,6.19,49.8,592,200.0,200.7,200.0,500.0,500.0,0.0,0.0,0.0,0.3,3.39
4.3,205.3,6.19,49.8,593,200.0,200.7,200.0,500.0,500.0,0.0,0.0,0.0,0.3,3.39
4.4,205.3,6.19,50.0,594,200.0,200.8,200.0,500.0,500.0,0.0,0.0,0.0,0.3,3.39
4.4,205.3,6.19,49.8,595,200.0,200.9,200.0,500.0,500.0,0.0,0.0,0.0,0.3,3.40
4.3,205.3,6.19,49.8,596,200.0,200.9,200.0,500.0,500.0,0.0,0.0,0.0,0.3,3.40
4.3,205.2,6.19,49.8,597,200.0,200.9,200.0,500.0,500.0,0.0,0.0,0.0,0.3,3.41
4.3,205.2,6.19,49.8,598,200.0,200.9,200.0,500.0,500.0,0.0,0.0,0.0,0.3,3.41
4.3,205.2,6.19,49.8,599,200.0,200.9,200.0,500.0,500.0,0.0,0.0,0.0,0.3,3.41
