扭矩,料温,压力,转速,时间,温度1,温度2,温度3,温度4,温度5,温度6,温度7,温度8,顶栓,能量
1.6,195.6,6.19,0.2,0,199.7,200.5,199.9,500.0,500.0,0.0,0.0,0.0,0.3,0.00
1.5,195.7,6.19,4.0,1,199.8,200.5,199.9,500.0,500.0,0.0,0.0,0.0,0.3,0.00
1.5,195.8,6.19,13.2,2,199.8,200.5,199.9,500.0,500.0,0.0,0.0,0.0,0.3,0.00
1.4,195.8,6.19,23.2,3,199.8,200.5,199.9,500.0,500.0,0.0,0.0,0.0,0.3,0.00
1.4,195.8,6.19,33.2,4,199.8,200.5,199.8,500.0,500.0,0.0,0.0,0.0,0.3,0.00
1.4,195.4,6.19,43.0,5,199.8,200.5,199.8,500.0,500.0,0.0,0.0,0.0,0.3,0.00
1.4,194.8,6.19,49.2,6,199.8,200.4,199.8,500.0,500.0,0.0,0.0,0.0,0.3,0.00
1.4,193.9,6.19,50.0,7,199.8,200.2,199.8,500.0,500.0,0.0,0.0,0.0,0.3,0.01
1.4,193.2,6.19,49.8,8,199.9,200.2,199.7,500.0,500.0,0.0,0.0,0.0,0.3,0.01
1.4,192.7,6.19,49.8,9,199.9,200.2,199.7,500.0,500.0,0.0,0.0,0.0,0.3,0.01
1.3,192.1,6.19,49.8,10,199.9,200.2,199.7,500.0,500.0,0.0,0.0,0.0,0.3,0.01
1.3,191.7,6.19,49.8,11,199.9,200.0,199.7,500.0,500.0,0.0,0.0,0.0,0.3,0.01
1.2,191.3,6.19,49.8,12,199.9,200.0,199.7,500.0,500.0,0.0,0.0,0.0,0.3,0.01
1.1,191.0,6.19,49.8,13,199.9,200.0,199.7,500.0,500.0,0.0,0.0,0.0,0.3,0.01
1.1,190.8,6.19,49.8,14,199.9,200.0,199.6,500.0,500.0,0.0,0.0,0.0,0.3,0.01
1.0,190.4,6.19,49.8,15,199.9,200.0,199.6,500.0,500.0,0.0,0.0,0.0,0.3,0.01
0.9,189.8,6.19,49.8,16,199.9,200.0,199.6,500.0,500.0,0.0,0.0,0.0,0.3,0.01
0.9,188.9,6.19,49.8,17,200.0,200.0,199.6,500.0,500.0,0.0,0.0,0.0,0.3,0.01
0.9,187.8,6.19,50.0,18,200.0,200.0,199.6,500.0,500.0,0.0,0.0,0.0,0.3,0.02
0.9,186.8,6.19,49.8,19,200.0,200.0,199.6,500.0,500.0,0.0,0.0,0.0,0.3,0.02
1.0,186.0,6.19,49.8,20,200.0,200.0,199.6,500.0,500.0,0.0,0.0,0.0,0.3,0.02
1.1,185.6,6.19,49.8,21,200.0,200.0,199.5,500.0,500.0,0.0,0.0,0.0,0.3,0.02
1.1,185.2,6.19,49.8,22,200.0,199.9,199.5,500.0,500.0,0.0,0.0,0.0,0.3,0.02
1.2,184.8,6.19,49.8,23,200.0,199.9,199.5,500.0,500.0,0.0,0.0,0.0,0.3,0.02
1.2,184.4,6.19,50.0,24,200.0,199.9,199.5,500.0,500.0,0.0,0.0,0.0,0.3,0.02
1.2,184.2,6.19,50.0,25,200.0,199.8,199.5,500.0,500.0,0.0,0.0,0.0,0.3,0.02
1.2,184.1,6.19,49.8,26,200.0,199.8,199.5,500.0,500.0,0.0,0.0,0.0,0.3,0.02
1.2,184.0,6.19,49.8,27,200.0,199.8,199.4,500.0,500.0,0.0,0.0,0.0,0.3,0.02
1.2,184.0,6.19,49.8,28,199.9,199.8,199.4,500.0,500.0,0.0,0.0,0.0,0.3,0.03
1.2,184.0,6.19,49.8,29,199.9,199.8,199.4,500.0,500.0,0.0,0.0,0.0,0.3,0.03
1.2,184.1,6.19,49.8,30,199.9,199.8,199.4,500.0,500.0,0.0,0.0,0.0,0.3,0.03
1.2,184.1,6.19,49.8,31,199.9,199.8,199.4,500.0,500.0,0.0,0.0,0.0,0.3,0.03
1.2,184.2,6.19,49.8,32,199.9,199.8,199.4,500.0,500.0,0.0,0.0,0.0,0.3,0.03
1.2,184.3,6.19,49.8,33,199.9,199.8,199.4,500.0,500.0,0.0,0.0,0.0,0.3,0.03
1.2,184.4,6.19,49.8,34,199.9,199.9,199.4,500.0,500.0,0.0,0.0,0.0,0.3,0.03
1.1,184.5,6.19,49.8,35,199.9,200.0,199.4,500.0,500.0,0.0,0.0,0.0,0.3,0.03
1.0,184.6,6.19,50.0,36,199.9,200.0,199.4,500.0,500.0,0.0,0.0,0.0,0.3,0.03
0.9,184.7,6.19,50.0,37,199.8,200.0,199.3,500.0,500.0,0.0,0.0,0.0,0.3,0.03
0.9,184.8,6.19,50.0,38,199.8,200.0,199.3,500.0,500.0,0.0,0.0,0.0,0.3,0.03
0.9,184.9,6.19,50.0,39,199.8,200.0,199.3,500.0,500.0,0.0,0.0,0.0,0.3,0.04
1.0,185.1,6.19,50.0,40,199.8,200.0,199.3,500.0,500.0,0.0,0.0,0.0,0.3,0.04
1.0,185.2,6.19,49.8,41,199.8,200.0,199.3,500.0,500.0,0.0,0.0,0.0,0.3,0.04
1.0,185.4,6.19,49.8,42,199.8,200.0,199.3,500.0,500.0,0.0,0.0,0.0,0.3,0.04
1.0,185.6,6.19,49.6,43,199.8,200.0,199.3,500.0,500.0,0.0,0.0,0.0,0.3,0.04
0.9,185.7,6.19,49.6,44,199.8,200.0,199.3,500.0,500.0,0.0,0.0,0.0,0.3,0.04
0.8,185.9,6.19,49.4,45,199.8,200.0,199.3,500.0,500.0,0.0,0.0,0.0,0.3,0.04
0.7,186.0,6.19,49.6,46,199.8,200.0,199.3,500.0,500.0,0.0,0.0,0.0,0.3,0.04
0.6,186.1,6.19,49.6,47,199.8,200.0,199.3,500.0,500.0,0.0,0.0,0.0,0.3,0.04
0.5,186.2,6.19,49.8,48,199.8,200.0,199.3,500.0,500.0,0.0,0.0,0.0,0.3,0.04
0.5,186.3,6.19,49.8,49,199.7,200.0,199.3,500.0,500.0,0.0,0.0,0.0,0.3,0.04
0.5,186.3,6.19,50.0,50,199.7,200.0,199.3,500.0,500.0,0.0,0.0,0.0,0.3,0.04
0.4,186.3,6.19,49.8,51,199.7,200.0,199.4,500.0,500.0,0.0,0.0,0.0,0.3,0.04
0.4,186.4,6.19,49.8,52,199.7,200.0,199.4,500.0,500.0,0.0,0.0,0.0,0.3,0.04
0.3,186.4,6.19,49.8,53,199.7,200.0,199.4,500.0,500.0,0.0,0.0,0.0,0.3,0.04
0.2,186.3,6.19,49.8,54,199.7,200.0,199.4,500.0,500.0,0.0,0.0,0.0,0.3,0.04
0.2,186.2,6.19,49.8,55,199.7,200.0,199.4,500.0,500.0,0.0,0.0,0.0,0.3,0.04
0.2,186.1,6.19,50.0,56,199.7,200.0,199.4,500.0,500.0,0.0,0.0,0.0,0.3,0.04
0.3,186.0,6.19,50.0,57,199.7,200.0,199.4,500.0,500.0,0.0,0.0,0.0,0.3,0.04
0.3,186.0,6.19,50.0,58,199.7,200.0,199.4,500.0,500.0,0.0,0.0,0.0,0.3,0.04
0.5,186.1,6.19,50.0,59,199.7,200.0,199.5,500.0,500.0,0.0,0.0,0.0,0.3,0.04
0.7,186.2,6.19,49.8,60,199.7,200.0,199.5,500.0,500.0,0.0,0.0,0.0,0.3,0.04
0.9,186.3,6.19,49.8,61,199.7,200.0,199.5,500.0,500.0,0.0,0.0,0.0,0.3,0.05
1.1,186.4,6.19,49.8,62,199.7,200.0,199.5,500.0,500.0,0.0,0.0,0.0,0.3,0.05
1.5,186.5,6.19,49.8,63,199.7,200.0,199.5,500.0,500.0,0.0,0.0,0.0,0.3,0.05
2.5,186.6,6.19,49.6,64,199.7,200.0,199.6,500.0,500.0,0.0,0.0,0.0,0.3,0.05
4.4,186.6,6.19,49.8,65,199.7,200.0,199.6,500.0,500.0,0.0,0.0,0.0,0.3,0.05
7.8,186.3,6.19,49.8,66,199.7,200.0,199.6,500.0,500.0,0.0,0.0,0.0,0.3,0.06
11.2,185.2,6.19,49.6,67,199.7,200.0,199.6,500.0,500.0,0.0,0.0,0.0,0.3,0.07
15.3,182.9,6.19,49.6,68,199.8,200.0,199.6,500.0,500.0,0.0,0.0,0.0,0.3,0.08
18.7,179.5,6.18,49.8,69,199.8,199.9,199.6,500.0,500.0,0.0,0.0,0.0,0.3,0.10
20.6,176.4,6.18,49.8,70,199.8,199.8,199.7,500.0,500.0,0.0,0.0,0.0,0.3,0.11
21.7,174.4,6.18,49.8,71,199.8,199.8,199.7,500.0,500.0,0.0,0.0,0.0,0.3,0.13
22.3,173.6,6.18,50.0,72,199.8,199.7,199.7,500.0,500.0,0.0,0.0,0.0,0.3,0.15
22.2,173.4,6.18,50.0,73,199.8,199.6,199.8,500.0,500.0,0.0,0.0,0.0,0.3,0.17
21.7,173.7,6.19,50.0,74,199.8,199.6,199.8,500.0,500.0,0.0,0.0,0.0,0.3,0.19
21.1,174.1,6.19,50.0,75,199.8,199.6,199.8,500.0,500.0,0.0,0.0,0.0,0.3,0.21
20.0,174.8,6.19,50.0,76,199.9,199.6,199.8,500.0,500.0,0.0,0.0,0.0,0.3,0.22
19.4,175.3,6.19,49.8,77,199.9,199.6,199.8,500.0,500.0,0.0,0.0,0.0,0.3,0.24
18.9,175.9,6.19,49.8,78,199.9,199.6,199.9,500.0,500.0,0.0,0.0,0.0,0.3,0.25
18.7,176.3,6.19,49.8,79,199.9,199.6,199.9,500.0,500.0,0.0,0.0,0.0,0.3,0.27
18.8,177.0,6.19,49.8,80,199.9,199.7,199.9,500.0,500.0,0.0,0.0,0.0,0.3,0.28
18.7,177.7,6.19,49.6,81,199.9,199.8,199.9,500.0,500.0,0.0,0.0,0.0,0.3,0.30
18.6,178.4,6.19,49.8,82,199.9,199.8,199.9,500.0,500.0,0.0,0.0,0.0,0.3,0.32
18.5,179.0,6.19,49.8,83,199.9,199.8,199.9,500.0,500.0,0.0,0.0,0.0,0.3,0.33
18.5,179.5,6.19,49.8,84,199.9,199.9,199.9,500.0,500.0,0.0,0.0,0.0,0.3,0.35
18.4,180.1,6.19,49.8,85,199.9,200.0,200.0,500.0,500.0,0.0,0.0,0.0,0.3,0.36
18.3,180.6,6.19,50.0,86,199.9,200.0,200.0,500.0,500.0,0.0,0.0,0.0,0.3,0.38
18.2,181.1,6.19,49.8,87,199.9,200.0,200.0,500.0,500.0,0.0,0.0,0.0,0.3,0.39
17.7,181.5,6.19,49.8,88,199.9,200.0,200.0,500.0,500.0,0.0,0.0,0.0,0.3,0.41
17.4,181.9,6.19,49.8,89,199.9,200.0,200.0,500.0,500.0,0.0,0.0,0.0,0.3,0.42
17.2,182.3,6.19,49.8,90,199.9,200.0,200.0,500.0,500.0,0.0,0.0,0.0,0.3,0.44
16.8,182.8,6.19,49.6,91,200.0,200.0,200.0,500.0,500.0,0.0,0.0,0.0,0.3,0.45
16.7,183.3,6.19,49.8,92,200.0,200.0,200.0,500.0,500.0,0.0,0.0,0.0,0.3,0.46
16.5,183.7,6.19,49.8,93,200.0,200.0,200.0,500.0,500.0,0.0,0.0,0.0,0.3,0.48
16.2,184.2,6.19,49.8,94,200.0,200.0,200.0,500.0,500.0,0.0,0.0,0.0,0.3,0.49
16.1,184.6,6.19,49.8,95,200.0,200.0,200.0,500.0,500.0,0.0,0.0,0.0,0.3,0.50
16.0,185.1,6.19,49.8,96,200.0,200.0,200.0,500.0,500.0,0.0,0.0,0.0,0.3,0.52
15.8,185.5,6.19,49.8,97,200.0,200.2,200.0,500.0,500.0,0.0,0.0,0.0,0.3,0.53
15.8,186.0,6.19,49.8,98,200.0,200.2,200.0,500.0,500.0,0.0,0.0,0.0,0.3,0.54
15.6,186.4,6.19,49.8,99,200.0,200.2,200.0,500.0,500.0,0.0,0.0,0.0,0.3,0.56
15.3,186.8,6.19,49.8,100,200.0,200.2,200.0,500.0,500.0,0.0,0.0,0.0,0.3,0.57
15.1,187.2,6.19,49.8,101,200.0,200.3,200.0,500.0,500.0,0.0,0.0,0.0,0.3,0.58
14.9,187.7,6.19,49.8,102,200.0,200.3,200.0,500.0,500.0,0.0,0.0,0.0,0.3,0.59
14.7,188.0,6.19,49.8,103,200.0,200.3,200.0,500.0,500.0,0.0,0.0,0.0,0.3,0.61
14.5,188.3,6.19,49.8,104,200.0,200.3,200.0,500.0,500.0,0.0,0.0,0.0,0.3,0.62
14.4,188.6,6.19,49.8,105,200.0,200.3,200.0,500.0,500.0,0.0,0.0,0.0,0.3,0.63
14.4,188.8,6.19,49.8,106,200.0,200.3,200.0,500.0,500.0,0.0,0.0,0.0,0.3,0.64
14.3,189.2,6.19,49.8,107,200.0,200.2,200.0,500.0,500.0,0.0,0.0,0.0,0.3,0.65
14.0,189.5,6.19,49.8,108,200.0,200.1,200.0,500.0,500.0,0.0,0.0,0.0,0.3,0.67
13.9,189.9,6.19,49.8,109,200.0,200.1,200.0,500.0,500.0,0.0,0.0,0.0,0.3,0.68
13.9,190.2,6.19,49.6,110,200.0,200.1,200.0,500.0,500.0,0.0,0.0,0.0,0.3,0.69
13.8,190.6,6.19,49.8,111,200.0,200.0,200.0,500.0,500.0,0.0,0.0,0.0,0.3,0.70
13.7,190.8,6.19,49.8,112,200.0,200.0,200.0,500.0,500.0,0.0,0.0,0.0,0.3,0.71
13.8,191.1,6.19,49.8,113,200.0,200.0,200.0,500.0,500.0,0.0,0.0,0.0,0.3,0.72
13.8,191.4,6.19,49.8,114,200.0,200.0,200.0,500.0,500.0,0.0,0.0,0.0,0.3,0.73
13.7,191.7,6.19,49.8,115,200.0,200.0,200.0,500.0,500.0,0.0,0.0,0.0,0.3,0.75
13.6,192.0,6.19,49.8,116,200.0,200.0,200.0,500.0,500.0,0.0,0.0,0.0,0.3,0.76
13.6,192.3,6.19,49.8,117,200.0,200.0,200.0,500.0,500.0,0.0,0.0,0.0,0.3,0.77
13.4,192.6,6.19,49.8,118,200.0,200.0,200.0,500.0,500.0,0.0,0.0,0.0,0.3,0.78
13.3,192.8,6.19,49.8,119,200.0,200.0,200.0,500.0,500.0,0.0,0.0,0.0,0.3,0.79
13.3,193.0,6.19,50.0,120,200.0,200.0,200.0,500.0,500.0,0.0,0.0,0.0,0.3,0.80
13.2,193.2,6.19,49.8,121,200.0,200.0,200.0,500.0,500.0,0.0,0.0,0.0,0.3,0.81
13.1,193.5,6.19,49.8,122,200.0,200.0,200.0,500.0,500.0,0.0,0.0,0.0,0.3,0.82
13.2,193.8,6.19,49.8,123,200.0,200.0,200.0,500.0,500.0,0.0,0.0,0.0,0.3,0.83
13.2,194.0,6.19,49.8,124,200.0,200.0,200.0,500.0,500.0,0.0,0.0,0.0,0.3,0.84
13.2,194.2,6.19,49.8,125,200.0,199.9,200.0,500.0,500.0,0.0,0.0,0.0,0.3,0.86
13.2,194.4,6.19,49.8,126,200.0,199.9,200.0,500.0,500.0,0.0,0.0,0.0,0.3,0.87
13.1,194.6,6.19,49.8,127,200.0,199.9,200.0,500.0,500.0,0.0,0.0,0.0,0.3,0.88
13.1,194.9,6.19,49.8,128,200.0,199.9,200.0,500.0,500.0,0.0,0.0,0.0,0.3,0.89
13.1,195.1,6.19,49.8,129,200.0,199.9,200.0,500.0,500.0,0.0,0.0,0.0,0.3,0.90
13.0,195.2,6.19,49.8,130,200.0,200.0,200.0,500.0,500.0,0.0,0.0,0.0,0.3,0.91
13.1,195.4,6.19,50.0,131,200.0,200.0,200.0,500.0,500.0,0.0,0.0,0.0,0.3,0.92
13.1,195.5,6.19,50.0,132,200.0,200.0,200.0,500.0,500.0,0.0,0.0,0.0,0.3,0.93
13.0,195.7,6.19,50.0,133,200.0,200.0,200.0,500.0,500.0,0.0,0.0,0.0,0.3,0.94
13.0,195.8,6.19,50.0,134,200.0,200.0,200.0,500.0,500.0,0.0,0.0,0.0,0.3,0.95
13.0,196.0,6.19,49.8,135,200.0,200.0,200.0,500.0,500.0,0.0,0.0,0.0,0.3,0.96
12.9,196.2,6.19,49.8,136,200.0,200.0,200.0,500.0,500.0,0.0,0.0,0.0,0.3,0.98
13.0,196.4,6.19,49.8,137,200.0,200.0,200.0,500.0,500.0,0.0,0.0,0.0,0.3,0.99
13.1,196.6,6.19,49.8,138,200.0,200.0,200.0,500.0,500.0,0.0,0.0,0.0,0.3,1.00
13.0,196.7,6.19,49.8,139,200.0,200.0,200.0,500.0,500.0,0.0,0.0,0.0,0.3,1.01
13.0,196.9,6.19,49.8,140,200.0,200.0,200.0,500.0,500.0,0.0,0.0,0.0,0.3,1.02
13.1,197.1,6.19,49.8,141,200.0,200.0,200.0,500.0,500.0,0.0,0.0,0.0,0.3,1.03
13.0,197.2,6.19,49.8,142,200.0,200.0,200.0,500.0,500.0,0.0,0.0,0.0,0.3,1.04
13.0,197.4,6.19,49.8,143,200.0,200.0,200.0,500.0,500.0,0.0,0.0,0.0,0.3,1.05
12.9,197.6,6.19,49.8,144,200.1,200.1,200.0,500.0,500.0,0.0,0.0,0.0,0.3,1.06
12.8,197.8,6.19,49.8,145,200.1,200.4,200.0,500.0,500.0,0.0,0.0,0.0,0.3,1.07
12.7,198.0,6.19,49.8,146,200.1,200.5,200.0,500.0,500.0,0.0,0.0,0.0,0.3,1.08
12.7,198.1,6.19,49.8,147,200.1,200.6,200.0,500.0,500.0,0.0,0.0,0.0,0.3,1.09
12.6,198.3,6.19,49.8,148,200.1,200.6,200.0,500.0,500.0,0.0,0.0,0.0,0.3,1.10
12.5,198.4,6.19,49.6,149,200.2,200.6,200.0,500.0,500.0,0.0,0.0,0.0,0.3,1.11
12.4,198.5,6.19,49.8,150,200.2,200.6,200.0,500.0,500.0,0.0,0.0,0.0,0.3,1.12
12.3,198.7,6.19,49.8,151,200.2,200.7,200.0,500.0,500.0,0.0,0.0,0.0,0.3,1.13
12.3,198.8,6.19,49.8,152,200.2,200.7,200.0,500.0,500.0,0.0,0.0,0.0,0.3,1.14
12.2,198.9,6.19,49.8,153,200.2,200.7,200.0,500.0,500.0,0.0,0.0,0.0,0.3,1.15
12.2,199.0,6.19,49.8,154,200.3,200.7,200.0,500.0,500.0,0.0,0.0,0.0,0.3,1.16
12.2,199.1,6.19,49.8,155,200.3,200.6,200.0,500.0,500.0,0.0,0.0,0.0,0.3,1.18
12.2,199.2,6.19,49.8,156,200.3,200.5,200.0,500.0,500.0,0.0,0.0,0.0,0.3,1.19
12.2,199.3,6.19,49.8,157,200.3,200.5,200.0,500.0,500.0,0.0,0.0,0.0,0.3,1.20
12.1,199.5,6.19,49.8,158,200.3,200.5,200.0,500.0,500.0,0.0,0.0,0.0,0.3,1.21
12.0,199.6,6.19,49.8,159,200.3,200.3,200.0,500.0,500.0,0.0,0.0,0.0,0.3,1.22
11.9,199.7,6.19,49.8,160,200.3,200.0,200.0,500.0,500.0,0.0,0.0,0.0,0.3,1.23
11.8,199.7,6.19,49.8,161,200.3,200.0,200.0,500.0,500.0,0.0,0.0,0.0,0.3,1.24
11.7,199.8,6.19,49.8,162,200.3,200.0,200.0,500.0,500.0,0.0,0.0,0.0,0.3,1.24
11.6,199.9,6.19,49.8,163,200.3,200.0,200.0,500.0,500.0,0.0,0.0,0.0,0.3,1.25
11.6,199.9,6.19,50.0,164,200.3,200.0,200.0,500.0,500.0,0.0,0.0,0.0,0.3,1.26
11.5,200.0,6.19,49.8,165,200.3,200.0,200.0,500.0,500.0,0.0,0.0,0.0,0.3,1.27
11.5,200.1,6.19,49.8,166,200.3,200.0,200.0,500.0,500.0,0.0,0.0,0.0,0.3,1.28
11.4,200.2,6.19,49.8,167,200.3,200.0,200.0,500.0,500.0,0.0,0.0,0.0,0.3,1.29
11.4,200.3,6.19,49.6,168,200.3,200.0,200.0,500.0,500.0,0.0,0.0,0.0,0.3,1.30
11.4,200.4,6.19,49.6,169,200.3,200.0,200.0,500.0,500.0,0.0,0.0,0.0,0.3,1.31
11.3,200.5,6.19,49.8,170,200.3,200.0,200.0,500.0,500.0,0.0,0.0,0.0,0.3,1.32
11.2,200.6,6.19,49.8,171,200.3,200.0,200.0,500.0,500.0,0.0,0.0,0.0,0.3,1.33
11.2,200.7,6.19,49.8,172,200.3,200.0,200.0,500.0,500.0,0.0,0.0,0.0,0.3,1.34
11.1,200.8,6.19,50.0,173,200.3,200.0,200.0,500.0,500.0,0.0,0.0,0.0,0.3,1.35
11.0,200.9,6.19,50.0,174,200.3,200.0,200.0,500.0,500.0,0.0,0.0,0.0,0.3,1.36
10.9,201.0,6.19,49.8,175,200.3,200.0,200.0,500.0,500.0,0.0,0.0,0.0,0.3,1.37
10.9,201.0,6.19,49.8,176,200.3,200.0,200.0,500.0,500.0,0.0,0.0,0.0,0.3,1.38
10.7,201.1,6.19,49.8,177,200.3,200.0,200.0,500.0,500.0,0.0,0.0,0.0,0.3,1.38
10.7,201.2,6.19,49.8,178,200.3,200.0,200.0,500.0,500.0,0.0,0.0,0.0,0.3,1.39
10.6,201.3,6.19,49.6,179,200.3,200.0,200.0,500.0,500.0,0.0,0.0,0.0,0.3,1.40
10.6,201.4,6.19,49.8,180,200.3,200.0,200.0,500.0,500.0,0.0,0.0,0.0,0.3,1.41
10.7,201.5,6.19,49.8,181,200.2,200.0,200.0,500.0,500.0,0.0,0.0,0.0,0.3,1.42
10.7,201.5,6.19,49.8,182,200.2,200.0,200.0,500.0,500.0,0.0,0.0,0.0,0.3,1.43
10.6,201.5,6.19,49.8,183,200.2,200.0,200.0,500.0,500.0,0.0,0.0,0.0,0.3,1.44
10.5,201.6,6.19,50.0,184,200.2,200.0,200.0,500.0,500.0,0.0,0.0,0.0,0.3,1.45
10.4,201.7,6.19,49.8,185,200.2,200.0,200.0,500.0,500.0,0.0,0.0,0.0,0.3,1.45
10.3,201.7,6.19,49.8,186,200.2,200.0,200.0,500.0,500.0,0.0,0.0,0.0,0.3,1.46
10.2,201.8,6.19,49.8,187,200.2,200.0,200.0,500.0,500.0,0.0,0.0,0.0,0.3,1.47
10.3,201.9,6.19,49.8,188,200.2,200.0,200.0,500.0,500.0,0.0,0.0,0.0,0.3,1.48
10.3,201.9,6.19,49.8,189,200.2,200.0,200.0,500.0,500.0,0.0,0.0,0.0,0.3,1.49
10.3,202.0,6.19,49.8,190,200.2,200.2,200.0,500.0,500.0,0.0,0.0,0.0,0.3,1.50
10.3,202.1,6.19,49.8,191,200.2,200.4,200.0,500.0,500.0,0.0,0.0,0.0,0.3,1.51
10.2,202.1,6.19,49.8,192,200.2,200.5,200.0,500.0,500.0,0.0,0.0,0.0,0.3,1.51
10.2,202.2,6.19,49.8,193,200.2,200.5,200.0,500.0,500.0,0.0,0.0,0.0,0.3,1.52
10.0,202.2,6.19,49.8,194,200.2,200.5,200.0,500.0,500.0,0.0,0.0,0.0,0.3,1.53
10.0,202.2,6.19,49.8,195,200.2,200.5,200.0,500.0,500.0,0.0,0.0,0.0,0.3,1.54
10.0,202.3,6.19,49.8,196,200.2,200.6,200.0,500.0,500.0,0.0,0.0,0.0,0.3,1.55
10.0,202.3,6.19,49.8,197,200.2,200.8,200.0,500.0,500.0,0.0,0.0,0.0,0.3,1.56
10.0,202.4,6.19,49.8,198,200.2,200.8,200.0,500.0,500.0,0.0,0.0,0.0,0.3,1.56
9.9,202.5,6.19,49.6,199,200.2,200.8,200.0,500.0,500.0,0.0,0.0,0.0,0.3,1.57
9.8,202.5,6.19,49.8,200,200.2,200.8,200.0,500.0,500.0,0.0,0.0,0.0,0.3,1.58
9.8,202.6,6.19,49.6,201,200.2,200.8,200.0,500.0,500.0,0.0,0.0,0.0,0.3,1.59
9.8,202.7,6.19,49.6,202,200.2,200.8,200.0,500.0,500.0,0.0,0.0,0.0,0.3,1.60
9.8,202.7,6.19,49.6,203,200.2,200.8,200.0,500.0,500.0,0.0,0.0,0.0,0.3,1.61
9.8,202.8,6.19,49.6,204,200.2,200.7,200.0,500.0,500.0,0.0,0.0,0.0,0.3,1.61
9.8,202.8,6.19,49.6,205,200.2,200.5,200.0,500.0,500.0,0.0,0.0,0.0,0.3,1.62
9.8,202.8,6.19,49.8,206,200.2,200.5,200.0,500.0,500.0,0.0,0.0,0.0,0.3,1.63
9.7,202.8,6.19,49.8,207,200.2,200.5,200.0,500.0,500.0,0.0,0.0,0.0,0.3,1.64
9.6,202.9,6.19,49.8,208,200.2,200.5,200.0,500.0,500.0,0.0,0.0,0.0,0.3,1.65
9.6,203.0,6.19,50.0,209,200.2,200.3,200.0,500.0,500.0,0.0,0.0,0.0,0.3,1.65
9.5,203.0,6.19,49.8,210,200.2,200.1,200.0,500.0,500.0,0.0,0.0,0.0,0.3,1.66
9.4,203.1,6.19,49.8,211,200.2,200.1,200.0,500.0,500.0,0.0,0.0,0.0,0.3,1.67
9.5,203.2,6.19,49.8,212,200.2,200.1,200.0,500.0,500.0,0.0,0.0,0.0,0.3,1.68
9.4,203.2,6.19,49.8,213,200.2,200.0,200.0,500.0,500.0,0.0,0.0,0.0,0.3,1.68
9.4,203.3,6.19,49.8,214,200.2,200.0,200.0,500.0,500.0,0.0,0.0,0.0,0.3,1.69
9.4,203.3,6.19,49.8,215,200.2,200.0,200.0,500.0,500.0,0.0,0.0,0.0,0.3,1.70
9.4,203.3,6.19,49.8,216,200.2,200.0,200.0,500.0,500.0,0.0,0.0,0.0,0.3,1.71
9.3,203.4,6.19,49.8,217,200.2,200.0,200.0,500.0,500.0,0.0,0.0,0.0,0.3,1.72
9.3,203.4,6.19,49.8,218,200.2,200.0,200.0,500.0,500.0,0.0,0.0,0.0,0.3,1.72
9.3,203.4,6.19,49.8,219,200.2,200.0,200.0,500.0,500.0,0.0,0.0,0.0,0.3,1.73
9.3,203.5,6.19,50.0,220,200.2,200.0,200.0,500.0,500.0,0.0,0.0,0.0,0.3,1.74
9.4,203.5,6.19,49.8,221,200.2,200.0,200.0,500.0,500.0,0.0,0.0,0.0,0.3,1.75
9.5,203.5,6.19,49.8,222,200.2,199.9,200.0,500.0,500.0,0.0,0.0,0.0,0.3,1.75
9.5,203.6,6.19,49.8,223,200.2,199.9,200.0,500.0,500.0,0.0,0.0,0.0,0.3,1.76
9.4,203.6,6.19,49.6,224,200.2,199.9,200.0,500.0,500.0,0.0,0.0,0.0,0.3,1.77
9.4,203.7,6.19,49.6,225,200.2,199.9,200.0,500.0,500.0,0.0,0.0,0.0,0.3,1.78
9.3,203.7,6.19,49.8,226,200.2,199.9,200.0,500.0,500.0,0.0,0.0,0.0,0.3,1.79
9.2,203.8,6.19,49.8,227,200.2,199.8,200.0,500.0,500.0,0.0,0.0,0.0,0.3,1.79
9.1,203.9,6.19,49.8,228,200.2,199.8,200.0,500.0,500.0,0.0,0.0,0.0,0.3,1.80
9.1,203.9,6.19,50.0,229,200.2,199.8,200.0,500.0,500.0,0.0,0.0,0.0,0.3,1.81
9.1,203.9,6.19,49.8,230,200.2,199.8,200.0,500.0,500.0,0.0,0.0,0.0,0.3,1.82
9.2,204.0,6.19,49.8,231,200.2,199.9,200.0,500.0,500.0,0.0,0.0,0.0,0.3,1.82
9.1,204.1,6.19,49.8,232,200.2,200.0,200.0,500.0,500.0,0.0,0.0,0.0,0.3,1.83
9.2,204.1,6.19,49.8,233,200.2,200.0,200.0,500.0,500.0,0.0,0.0,0.0,0.3,1.84
9.1,204.2,6.19,49.8,234,200.2,200.0,200.0,500.0,500.0,0.0,0.0,0.0,0.3,1.85
9.1,204.2,6.19,49.8,235,200.2,200.0,200.0,500.0,500.0,0.0,0.0,0.0,0.3,1.85
9.0,204.3,6.19,49.8,236,200.2,200.0,200.0,500.0,500.0,0.0,0.0,0.0,0.3,1.86
8.9,204.4,6.19,49.8,237,200.3,200.0,200.0,500.0,500.0,0.0,0.0,0.0,0.3,1.87
9.0,204.4,6.19,49.8,238,200.3,200.0,200.0,500.0,500.0,0.0,0.0,0.0,0.3,1.88
9.0,204.4,6.19,49.8,239,200.3,200.0,200.0,500.0,500.0,0.0,0.0,0.0,0.3,1.88
9.0,204.4,6.19,49.8,240,200.3,200.0,200.0,500.0,500.0,0.0,0.0,0.0,0.3,1.89
9.0,204.5,6.19,49.8,241,200.3,200.0,200.0,500.0,500.0,0.0,0.0,0.0,0.3,1.90
9.0,204.5,6.19,49.8,242,200.3,200.2,200.0,500.0,500.0,0.0,0.0,0.0,0.3,1.91
8.9,204.5,6.19,49.8,243,200.3,200.4,200.0,500.0,500.0,0.0,0.0,0.0,0.3,1.91
8.9,204.6,6.19,49.8,244,200.3,200.5,200.0,500.0,500.0,0.0,0.0,0.0,0.3,1.92
8.8,204.6,6.19,49.8,245,200.3,200.5,200.0,500.0,500.0,0.0,0.0,0.0,0.3,1.93
8.9,204.7,6.19,49.8,246,200.3,200.5,200.0,500.0,500.0,0.0,0.0,0.0,0.3,1.94
8.9,204.8,6.19,49.8,247,200.3,200.5,200.0,500.0,500.0,0.0,0.0,0.0,0.3,1.94
8.9,204.8,6.19,49.8,248,200.3,200.6,200.0,500.0,500.0,0.0,0.0,0.0,0.3,1.95
9.0,204.8,6.19,49.6,249,200.3,200.6,200.0,500.0,500.0,0.0,0.0,0.0,0.3,1.96
9.0,204.8,6.19,49.8,250,200.3,200.6,200.0,500.0,500.0,0.0,0.0,0.0,0.3,1.97
9.0,204.9,6.19,49.8,251,200.3,200.6,200.0,500.0,500.0,0.0,0.0,0.0,0.3,1.97
8.9,204.9,6.19,49.8,252,200.4,200.6,200.0,500.0,500.0,0.0,0.0,0.0,0.3,1.98
8.9,204.9,6.19,49.8,253,200.4,200.6,200.0,500.0,500.0,0.0,0.0,0.0,0.3,1.99
8.9,205.0,6.19,50.0,254,200.4,200.6,200.0,500.0,500.0,0.0,0.0,0.0,0.3,2.00
9.0,205.0,6.19,49.8,255,200.4,200.5,200.0,500.0,500.0,0.0,0.0,0.0,0.3,2.00
9.0,205.1,6.19,49.8,256,200.4,200.3,200.0,500.0,500.0,0.0,0.0,0.0,0.3,2.01
9.0,205.1,6.19,49.8,257,200.4,200.2,200.0,500.0,500.0,0.0,0.0,0.0,0.3,2.02
9.0,205.1,6.19,49.8,258,200.4,200.2,200.0,500.0,500.0,0.0,0.0,0.0,0.3,2.02
8.9,205.2,6.19,49.8,259,200.4,200.2,200.0,500.0,500.0,0.0,0.0,0.0,0.3,2.03
8.9,205.2,6.19,49.8,260,200.4,200.2,200.0,500.0,500.0,0.0,0.0,0.0,0.3,2.04
8.9,205.3,6.19,49.8,261,200.4,200.0,200.0,500.0,500.0,0.0,0.0,0.0,0.3,2.05
8.9,205.3,6.19,49.8,262,200.4,200.0,200.0,500.0,500.0,0.0,0.0,0.0,0.3,2.05
8.8,205.3,6.19,49.8,263,200.4,200.0,200.0,500.0,500.0,0.0,0.0,0.0,0.3,2.06
8.8,205.4,6.19,49.8,264,200.4,200.0,200.0,500.0,500.0,0.0,0.0,0.0,0.3,2.07
8.7,205.4,6.19,50.0,265,200.4,200.0,200.0,500.0,500.0,0.0,0.0,0.0,0.3,2.08
8.6,205.4,6.19,49.8,266,200.4,200.0,200.0,500.0,500.0,0.0,0.0,0.0,0.3,2.08
8.6,205.5,6.19,49.8,267,200.4,200.0,200.0,500.0,500.0,0.0,0.0,0.0,0.3,2.09
8.5,205.6,6.19,49.8,268,200.4,200.0,200.0,500.0,500.0,0.0,0.0,0.0,0.3,2.10
8.5,205.6,6.19,49.8,269,200.4,200.0,200.0,500.0,500.0,0.0,0.0,0.0,0.3,2.10
8.5,205.7,6.19,49.6,270,200.5,200.0,200.0,500.0,500.0,0.0,0.0,0.0,0.3,2.11
8.6,205.8,6.19,49.8,271,200.6,200.0,200.0,500.0,500.0,0.0,0.0,0.0,0.3,2.12
8.7,205.8,6.19,49.8,272,200.6,200.0,200.1,500.0,500.0,0.0,0.0,0.0,0.3,2.13
8.7,205.8,6.19,49.8,273,200.6,200.0,200.1,500.0,500.0,0.0,0.0,0.0,0.3,2.13
8.7,205.8,6.19,49.8,274,200.6,200.0,200.1,500.0,500.0,0.0,0.0,0.0,0.3,2.14
8.7,205.9,6.19,50.0,275,200.6,200.0,200.1,500.0,500.0,0.0,0.0,0.0,0.3,2.15
8.5,205.9,6.19,49.8,276,200.6,200.0,200.2,500.0,500.0,0.0,0.0,0.0,0.3,2.15
8.5,206.0,6.19,49.8,277,200.6,200.0,200.2,500.0,500.0,0.0,0.0,0.0,0.3,2.16
8.4,206.0,6.19,49.8,278,200.6,200.0,200.2,500.0,500.0,0.0,0.0,0.0,0.3,2.17
8.4,206.0,6.19,49.8,279,200.6,200.0,200.2,500.0,500.0,0.0,0.0,0.0,0.3,2.18
8.4,206.0,6.19,49.6,280,200.6,200.0,200.2,500.0,500.0,0.0,0.0,0.0,0.3,2.18
8.5,206.0,6.19,49.8,281,200.6,200.0,200.2,500.0,500.0,0.0,0.0,0.0,0.3,2.19
8.5,206.0,6.19,49.8,282,200.6,200.0,200.2,500.0,500.0,0.0,0.0,0.0,0.3,2.20
8.5,206.1,6.19,49.8,283,200.6,200.0,200.2,500.0,500.0,0.0,0.0,0.0,0.3,2.20
8.5,206.1,6.19,49.8,284,200.6,200.0,200.2,500.0,500.0,0.0,0.0,0.0,0.3,2.21
8.4,206.1,6.19,50.0,285,200.6,200.0,200.2,500.0,500.0,0.0,0.0,0.0,0.3,2.22
8.4,206.1,6.19,49.8,286,200.6,200.0,200.2,500.0,500.0,0.0,0.0,0.0,0.3,2.22
8.4,206.2,6.19,49.8,287,200.6,200.0,200.2,500.0,500.0,0.0,0.0,0.0,0.3,2.23
8.4,206.2,6.19,49.8,288,200.6,200.0,200.3,500.0,500.0,0.0,0.0,0.0,0.3,2.24
8.5,206.2,6.19,49.8,289,200.6,200.0,200.3,500.0,500.0,0.0,0.0,0.0,0.3,2.25
8.5,206.3,6.19,49.8,290,200.6,200.0,200.3,500.0,500.0,0.0,0.0,0.0,0.3,2.25
8.5,206.3,6.19,49.8,291,200.5,200.1,200.3,500.0,500.0,0.0,0.0,0.0,0.3,2.26
8.5,206.4,6.19,49.8,292,200.5,200.1,200.0,500.0,500.0,0.0,0.0,0.0,0.3,2.27
8.6,206.4,6.19,49.8,293,200.5,200.1,200.0,500.0,500.0,0.0,0.0,0.0,0.3,2.27
8.5,206.4,6.19,49.8,294,200.5,200.2,200.0,500.0,500.0,0.0,0.0,0.0,0.3,2.28
8.4,206.4,6.19,49.8,295,200.5,200.4,200.0,500.0,500.0,0.0,0.0,0.0,0.3,2.29
8.3,206.4,6.19,50.0,296,200.5,200.5,200.0,500.0,500.0,0.0,0.0,0.0,0.3,2.30
8.3,206.5,6.19,50.0,297,200.5,200.5,200.0,500.0,500.0,0.0,0.0,0.0,0.3,2.30
8.3,206.5,6.19,50.0,298,200.5,200.5,200.0,500.0,500.0,0.0,0.0,0.0,0.3,2.31
8.3,206.5,6.19,50.0,299,200.5,200.5,200.0,500.0,500.0,0.0,0.0,0.0,0.3,2.32
8.4,206.6,6.19,50.0,300,200.5,200.6,200.0,500.0,500.0,0.0,0.0,0.0,0.3,2.32
8.4,206.6,6.19,50.0,301,200.5,200.6,200.0,500.0,500.0,0.0,0.0,0.0,0.3,2.33
8.3,206.6,6.19,49.8,302,200.5,200.6,200.0,500.0,500.0,0.0,0.0,0.0,0.3,2.34
8.2,206.7,6.19,49.8,303,200.5,200.6,200.0,500.0,500.0,0.0,0.0,0.0,0.3,2.34
8.2,206.7,6.19,49.8,304,200.4,200.6,200.0,500.0,500.0,0.0,0.0,0.0,0.3,2.35
8.2,206.7,6.19,49.6,305,200.4,200.6,200.0,500.0,500.0,0.0,0.0,0.0,0.3,2.36
8.2,206.7,6.19,49.6,306,200.4,200.5,200.0,500.0,500.0,0.0,0.0,0.0,0.3,2.36
8.1,206.7,6.19,49.8,307,200.4,200.3,200.0,500.0,500.0,0.0,0.0,0.0,0.3,2.37
8.3,206.7,6.19,49.8,308,200.4,200.3,200.0,500.0,500.0,0.0,0.0,0.0,0.3,2.38
8.2,206.8,6.19,49.8,309,200.4,200.3,200.0,500.0,500.0,0.0,0.0,0.0,0.3,2.38
8.1,206.8,6.19,50.0,310,200.4,200.3,200.0,500.0,500.0,0.0,0.0,0.0,0.3,2.39
8.1,206.8,6.19,49.8,311,200.4,200.3,200.0,500.0,500.0,0.0,0.0,0.0,0.3,2.40
8.1,206.8,6.19,49.8,312,200.4,200.1,200.0,500.0,500.0,0.0,0.0,0.0,0.3,2.40
8.1,206.8,6.19,49.8,313,200.4,200.0,200.0,500.0,500.0,0.0,0.0,0.0,0.3,2.41
8.2,206.8,6.19,49.8,314,200.4,200.0,200.0,500.0,500.0,0.0,0.0,0.0,0.3,2.42
8.2,206.8,6.19,49.8,315,200.4,200.0,200.0,500.0,500.0,0.0,0.0,0.0,0.3,2.42
8.1,206.9,6.19,50.0,316,200.4,200.0,200.1,500.0,500.0,0.0,0.0,0.0,0.3,2.43
8.2,206.9,6.19,50.0,317,200.4,200.0,200.1,500.0,500.0,0.0,0.0,0.0,0.3,2.44
8.1,207.0,6.19,50.0,318,200.4,200.0,200.1,500.0,500.0,0.0,0.0,0.0,0.3,2.45
8.1,207.1,6.19,50.0,319,200.4,200.0,200.1,500.0,500.0,0.0,0.0,0.0,0.3,2.45
8.1,207.1,6.19,50.0,320,200.4,200.0,200.1,500.0,500.0,0.0,0.0,0.0,0.3,2.46
8.2,207.1,6.19,50.0,321,200.4,200.0,200.2,500.0,500.0,0.0,0.0,0.0,0.3,2.47
8.1,207.1,6.19,49.8,322,200.4,200.0,200.3,500.0,500.0,0.0,0.0,0.0,0.3,2.47
8.1,207.1,6.19,49.8,323,200.4,200.0,200.3,500.0,500.0,0.0,0.0,0.0,0.3,2.48
8.1,207.2,6.18,49.8,324,200.4,200.0,200.3,500.0,500.0,0.0,0.0,0.0,0.3,2.49
8.0,207.2,6.17,49.8,325,200.4,199.9,200.4,500.0,500.0,0.0,0.0,0.0,0.3,2.49
8.0,207.2,6.17,49.6,326,200.4,199.9,200.5,500.0,500.0,0.0,0.0,0.0,0.3,2.50
7.9,207.2,6.17,49.8,327,200.4,199.9,200.5,500.0,500.0,0.0,0.0,0.0,0.3,2.51
7.9,207.3,6.17,49.8,328,200.4,199.9,200.5,500.0,500.0,0.0,0.0,0.0,0.3,2.51
8.0,207.3,6.18,49.8,329,200.4,199.9,200.5,500.0,500.0,0.0,0.0,0.0,0.3,2.52
8.0,207.3,6.19,49.8,330,200.4,199.9,200.5,500.0,500.0,0.0,0.0,0.0,0.3,2.53
8.0,207.3,6.19,49.8,331,200.4,199.9,200.5,500.0,500.0,0.0,0.0,0.0,0.3,2.53
8.0,207.3,6.19,49.8,332,200.4,200.0,200.5,500.0,500.0,0.0,0.0,0.0,0.3,2.54
7.8,207.4,6.19,49.8,333,200.4,200.0,200.6,500.0,500.0,0.0,0.0,0.0,0.3,2.55
7.7,207.4,6.19,49.8,334,200.4,200.0,200.7,500.0,500.0,0.0,0.0,0.0,0.3,2.55
7.7,207.4,6.19,49.8,335,200.4,200.0,200.7,500.0,500.0,0.0,0.0,0.0,0.3,2.56
7.7,207.4,6.19,49.8,336,200.4,200.0,200.7,500.0,500.0,0.0,0.0,0.0,0.3,2.56
7.7,207.4,6.19,49.8,337,200.4,200.0,200.7,500.0,500.0,0.0,0.0,0.0,0.3,2.57
7.9,207.4,6.19,49.8,338,200.4,200.0,200.8,500.0,500.0,0.0,0.0,0.0,0.3,2.58
8.0,207.4,6.19,49.8,339,200.4,200.0,200.9,500.0,500.0,0.0,0.0,0.0,0.3,2.58
7.9,207.5,6.19,49.8,340,200.4,200.0,200.9,500.0,500.0,0.0,0.0,0.0,0.3,2.59
7.9,207.5,6.19,50.0,341,200.4,200.0,200.9,500.0,500.0,0.0,0.0,0.0,0.3,2.60
7.7,207.5,6.19,49.8,342,200.4,200.0,200.9,500.0,500.0,0.0,0.0,0.0,0.3,2.60
7.7,207.5,6.19,49.8,343,200.3,200.0,200.9,500.0,500.0,0.0,0.0,0.0,0.3,2.61
7.7,207.5,6.19,49.8,344,200.3,200.2,201.0,500.0,500.0,0.0,0.0,0.0,0.3,2.62
7.7,207.5,6.19,49.8,345,200.3,200.3,201.1,500.0,500.0,0.0,0.0,0.0,0.3,2.62
7.9,207.5,6.19,49.6,346,200.3,200.3,201.1,500.0,500.0,0.0,0.0,0.0,0.3,2.63
8.0,207.6,6.19,49.6,347,200.3,200.3,201.1,500.0,500.0,0.0,0.0,0.0,0.3,2.64
8.0,207.6,6.19,49.6,348,200.3,200.3,201.1,500.0,500.0,0.0,0.0,0.0,0.3,2.64
8.0,207.6,6.19,49.6,349,200.3,200.4,201.2,500.0,500.0,0.0,0.0,0.0,0.3,2.65
7.9,207.7,6.19,49.6,350,200.3,200.5,201.3,500.0,500.0,0.0,0.0,0.0,0.3,2.66
7.9,207.7,6.19,49.8,351,200.3,200.5,201.3,500.0,500.0,0.0,0.0,0.0,0.3,2.66
7.8,207.7,6.19,50.0,352,200.3,200.5,201.3,500.0,500.0,0.0,0.0,0.0,0.3,2.67
7.8,207.7,6.19,50.0,353,200.3,200.5,201.4,500.0,500.0,0.0,0.0,0.0,0.3,2.68
7.8,207.7,6.19,50.0,354,200.3,200.5,201.5,500.0,500.0,0.0,0.0,0.0,0.3,2.68
7.8,207.7,6.19,50.0,355,200.3,200.5,201.5,500.0,500.0,0.0,0.0,0.0,0.3,2.69
7.8,207.8,6.19,50.0,356,200.3,200.5,201.5,500.0,500.0,0.0,0.0,0.0,0.3,2.69
7.8,207.8,6.19,49.8,357,200.3,200.3,201.6,500.0,500.0,0.0,0.0,0.0,0.3,2.70
7.7,207.8,6.19,49.8,358,200.3,200.2,201.7,500.0,500.0,0.0,0.0,0.0,0.3,2.71
7.7,207.8,6.19,49.8,359,200.3,200.2,201.7,500.0,500.0,0.0,0.0,0.0,0.3,2.71
7.7,207.9,6.19,49.8,360,200.3,200.0,201.7,500.0,500.0,0.0,0.0,0.0,0.3,2.72
7.7,207.9,6.19,49.8,361,200.3,200.0,201.7,500.0,500.0,0.0,0.0,0.0,0.3,2.73
7.7,207.9,6.19,49.8,362,200.3,200.0,201.8,500.0,500.0,0.0,0.0,0.0,0.3,2.73
7.8,207.9,6.19,49.8,363,200.3,200.0,201.9,500.0,500.0,0.0,0.0,0.0,0.3,2.74
7.8,207.9,6.19,49.8,364,200.2,200.0,201.9,500.0,500.0,0.0,0.0,0.0,0.3,2.75
7.8,207.9,6.19,49.8,365,200.2,200.0,201.9,500.0,500.0,0.0,0.0,0.0,0.3,2.75
7.8,208.0,6.19,49.8,366,200.2,200.0,201.9,500.0,500.0,0.0,0.0,0.0,0.3,2.76
7.7,208.0,6.19,50.0,367,200.2,200.0,202.0,500.0,500.0,0.0,0.0,0.0,0.3,2.77
7.7,208.0,6.19,49.8,368,200.2,200.0,202.0,500.0,500.0,0.0,0.0,0.0,0.3,2.77
7.6,208.0,6.19,49.8,369,200.2,200.0,202.1,500.0,500.0,0.0,0.0,0.0,0.3,2.78
7.6,208.1,6.19,49.8,370,200.2,200.0,202.1,500.0,500.0,0.0,0.0,0.0,0.3,2.78
7.7,208.1,6.19,49.8,371,200.2,200.0,202.1,500.0,500.0,0.0,0.0,0.0,0.3,2.79
7.8,208.1,6.19,49.8,372,200.2,200.0,202.1,500.0,500.0,0.0,0.0,0.0,0.3,2.80
7.8,208.1,6.19,49.8,373,200.2,200.0,202.1,500.0,500.0,0.0,0.0,0.0,0.3,2.80
7.8,208.1,6.19,49.8,374,200.2,200.0,202.1,500.0,500.0,0.0,0.0,0.0,0.3,2.81
7.7,208.1,6.19,49.8,375,200.2,200.0,202.2,500.0,500.0,0.0,0.0,0.0,0.3,2.82
7.6,208.1,6.19,49.8,376,200.2,200.0,202.2,500.0,500.0,0.0,0.0,0.0,0.3,2.82
7.6,208.2,6.19,49.8,377,200.2,199.9,202.2,500.0,500.0,0.0,0.0,0.0,0.3,2.83
7.6,208.2,6.19,50.0,378,200.2,199.9,202.3,500.0,500.0,0.0,0.0,0.0,0.3,2.84
7.6,208.2,6.19,49.8,379,200.2,199.9,202.3,500.0,500.0,0.0,0.0,0.0,0.3,2.84
7.7,208.2,6.19,49.8,380,200.2,199.9,202.3,500.0,500.0,0.0,0.0,0.0,0.3,2.85
7.8,208.2,6.19,49.8,381,200.2,199.9,202.3,500.0,500.0,0.0,0.0,0.0,0.3,2.85
7.8,208.3,6.19,49.6,382,200.2,199.9,202.4,500.0,500.0,0.0,0.0,0.0,0.3,2.86
7.8,208.3,6.19,49.6,383,200.2,200.0,202.4,500.0,500.0,0.0,0.0,0.0,0.3,2.87
7.8,208.3,6.19,49.8,384,200.2,200.0,202.4,500.0,500.0,0.0,0.0,0.0,0.3,2.87
7.8,208.3,6.19,49.8,385,200.2,200.0,202.4,500.0,500.0,0.0,0.0,0.0,0.3,2.88
7.6,208.3,6.19,49.8,386,200.2,200.0,202.4,500.0,500.0,0.0,0.0,0.0,0.3,2.89
7.6,208.3,6.19,50.0,387,200.2,200.0,202.5,500.0,500.0,0.0,0.0,0.0,0.3,2.89
7.7,208.4,6.19,49.8,388,200.2,200.0,202.5,500.0,500.0,0.0,0.0,0.0,0.3,2.90
7.8,208.4,6.19,49.8,389,200.2,200.0,202.5,500.0,500.0,0.0,0.0,0.0,0.3,2.91
7.7,208.4,6.19,49.8,390,200.2,200.0,202.5,500.0,500.0,0.0,0.0,0.0,0.3,2.91
7.8,208.4,6.19,49.8,391,200.2,200.0,202.5,500.0,500.0,0.0,0.0,0.0,0.3,2.92
7.8,208.4,6.19,49.8,392,200.2,200.0,202.5,500.0,500.0,0.0,0.0,0.0,0.3,2.93
7.9,208.4,6.19,49.8,393,200.2,200.0,202.5,500.0,500.0,0.0,0.0,0.0,0.3,2.93
7.8,208.4,6.19,49.8,394,200.2,200.1,202.5,500.0,500.0,0.0,0.0,0.0,0.3,2.94
7.7,208.4,6.19,49.8,395,200.2,200.2,202.5,500.0,500.0,0.0,0.0,0.0,0.3,2.94
7.7,208.5,6.19,49.8,396,200.2,200.2,202.5,500.0,500.0,0.0,0.0,0.0,0.3,2.95
7.6,208.5,6.19,49.8,397,200.2,200.2,202.5,500.0,500.0,0.0,0.0,0.0,0.3,2.96
7.5,208.5,6.19,50.0,398,200.2,200.2,202.5,500.0,500.0,0.0,0.0,0.0,0.3,2.96
7.5,208.5,6.19,49.8,399,200.2,200.3,202.5,500.0,500.0,0.0,0.0,0.0,0.3,2.97
7.4,208.5,6.19,49.8,400,200.2,200.4,202.5,500.0,500.0,0.0,0.0,0.0,0.3,2.98
7.4,208.5,6.19,49.8,401,200.2,200.4,202.5,500.0,500.0,0.0,0.0,0.0,0.3,2.98
7.4,208.6,6.19,49.8,402,200.2,200.4,202.4,500.0,500.0,0.0,0.0,0.0,0.3,2.99
7.3,208.6,6.19,49.8,403,200.2,200.4,202.4,500.0,500.0,0.0,0.0,0.0,0.3,2.99
7.3,208.6,6.19,49.8,404,200.2,200.5,202.4,500.0,500.0,0.0,0.0,0.0,0.3,3.00
7.4,208.6,6.19,49.8,405,200.2,200.5,202.4,500.0,500.0,0.0,0.0,0.0,0.3,3.01
7.4,208.6,6.19,49.8,406,200.2,200.5,202.4,500.0,500.0,0.0,0.0,0.0,0.3,3.01
7.4,208.6,6.19,49.8,407,200.2,200.4,202.4,500.0,500.0,0.0,0.0,0.0,0.3,3.02
7.5,208.6,6.19,49.8,408,200.2,200.3,202.3,500.0,500.0,0.0,0.0,0.0,0.3,3.03
7.6,208.6,6.19,49.8,409,200.2,200.3,202.3,500.0,500.0,0.0,0.0,0.0,0.3,3.03
7.4,208.6,6.19,49.8,410,200.2,200.3,202.3,500.0,500.0,0.0,0.0,0.0,0.3,3.04
7.4,208.6,6.19,49.8,411,200.2,200.1,202.3,500.0,500.0,0.0,0.0,0.0,0.3,3.04
7.4,208.6,6.19,49.8,412,200.2,200.0,202.2,500.0,500.0,0.0,0.0,0.0,0.3,3.05
7.4,208.7,6.19,49.6,413,200.2,200.0,202.2,500.0,500.0,0.0,0.0,0.0,0.3,3.06
7.5,208.7,6.19,49.8,414,200.2,200.0,202.2,500.0,500.0,0.0,0.0,0.0,0.3,3.06
7.6,208.7,6.19,49.8,415,200.2,200.0,202.1,500.0,500.0,0.0,0.0,0.0,0.3,3.07
7.5,208.7,6.19,49.8,416,200.2,200.0,202.0,500.0,500.0,0.0,0.0,0.0,0.3,3.07
7.6,208.7,6.19,49.8,417,200.2,200.0,202.0,500.0,500.0,0.0,0.0,0.0,0.3,3.08
7.5,208.7,6.19,49.8,418,200.2,200.0,202.0,500.0,500.0,0.0,0.0,0.0,0.3,3.09
7.4,208.7,6.19,49.8,419,200.2,200.0,202.0,500.0,500.0,0.0,0.0,0.0,0.3,3.09
7.4,208.7,6.19,49.8,420,200.2,200.0,202.0,500.0,500.0,0.0,0.0,0.0,0.3,3.10
7.4,208.7,6.19,49.8,421,200.2,200.0,201.9,500.0,500.0,0.0,0.0,0.0,0.3,3.11
7.4,208.7,6.19,49.8,422,200.2,200.0,201.8,500.0,500.0,0.0,0.0,0.0,0.3,3.11
7.4,208.8,6.19,50.0,423,200.2,200.0,201.8,500.0,500.0,0.0,0.0,0.0,0.3,3.12
7.4,208.8,6.19,49.8,424,200.2,200.0,201.8,500.0,500.0,0.0,0.0,0.0,0.3,3.12
7.4,208.8,6.19,49.8,425,200.2,200.0,201.8,500.0,500.0,0.0,0.0,0.0,0.3,3.13
7.3,208.8,6.19,49.8,426,200.2,200.0,201.8,500.0,500.0,0.0,0.0,0.0,0.3,3.14
7.3,208.8,6.19,49.8,427,200.2,200.0,201.7,500.0,500.0,0.0,0.0,0.0,0.3,3.14
7.2,208.8,6.18,49.8,428,200.2,200.0,201.6,500.0,500.0,0.0,0.0,0.0,0.3,3.15
7.2,208.8,6.18,49.8,429,200.2,200.0,201.6,500.0,500.0,0.0,0.0,0.0,0.3,3.15
7.3,208.8,6.18,49.8,430,200.2,200.0,201.5,500.0,500.0,0.0,0.0,0.0,0.3,3.16
7.4,208.8,6.18,49.8,431,200.2,200.0,201.4,500.0,500.0,0.0,0.0,0.0,0.3,3.17
7.5,208.8,6.18,49.8,432,200.2,200.0,201.4,500.0,500.0,0.0,0.0,0.0,0.3,3.17
7.5,208.8,6.19,49.8,433,200.2,200.0,201.4,500.0,500.0,0.0,0.0,0.0,0.3,3.18
7.5,208.8,6.19,50.0,434,200.2,200.0,201.3,500.0,500.0,0.0,0.0,0.0,0.3,3.19
7.6,208.8,6.19,49.8,435,200.2,200.0,201.2,500.0,500.0,0.0,0.0,0.0,0.3,3.19
7.5,208.8,6.19,49.8,436,200.2,200.0,201.2,500.0,500.0,0.0,0.0,0.0,0.3,3.20
7.4,208.8,6.19,49.8,437,200.2,200.0,201.2,500.0,500.0,0.0,0.0,0.0,0.3,3.20
7.4,208.8,6.19,49.6,438,200.2,200.0,201.2,500.0,500.0,0.0,0.0,0.0,0.3,3.21
7.4,208.8,6.19,49.6,439,200.2,200.0,201.1,500.0,500.0,0.0,0.0,0.0,0.3,3.22
7.3,208.8,6.19,49.8,440,200.2,200.0,201.0,500.0,500.0,0.0,0.0,0.0,0.3,3.22
7.4,208.8,6.19,49.8,441,200.2,200.1,201.0,500.0,500.0,0.0,0.0,0.0,0.3,3.23
7.5,208.8,6.19,49.8,442,200.2,200.2,201.0,500.0,500.0,0.0,0.0,0.0,0.3,3.23
7.5,208.8,6.19,50.0,443,200.2,200.2,200.9,500.0,500.0,0.0,0.0,0.0,0.3,3.24
7.5,208.8,6.19,49.8,444,200.2,200.2,200.8,500.0,500.0,0.0,0.0,0.0,0.3,3.25
7.5,208.8,6.19,49.8,445,200.2,200.3,200.8,500.0,500.0,0.0,0.0,0.0,0.3,3.25
7.3,208.8,6.19,49.8,446,200.2,200.5,200.8,500.0,500.0,0.0,0.0,0.0,0.3,3.26
7.2,208.9,6.19,49.8,447,200.2,200.5,200.7,500.0,500.0,0.0,0.0,0.0,0.3,3.27
7.3,208.9,6.19,49.8,448,200.2,200.5,200.7,500.0,500.0,0.0,0.0,0.0,0.3,3.27
7.2,208.9,6.19,49.8,449,200.2,200.6,200.7,500.0,500.0,0.0,0.0,0.0,0.3,3.28
7.2,208.9,6.19,49.8,450,200.3,200.6,200.6,500.0,500.0,0.0,0.0,0.0,0.3,3.28
7.4,208.9,6.19,49.8,451,200.3,200.6,200.5,500.0,500.0,0.0,0.0,0.0,0.3,3.29
7.3,208.9,6.19,49.8,452,200.3,200.6,200.5,500.0,500.0,0.0,0.0,0.0,0.3,3.30
7.3,208.9,6.19,49.8,453,200.3,200.6,200.5,500.0,500.0,0.0,0.0,0.0,0.3,3.30
7.3,208.9,6.19,50.0,454,200.3,200.6,200.5,500.0,500.0,0.0,0.0,0.0,0.3,3.31
7.3,208.9,6.19,49.8,455,200.3,200.5,200.4,500.0,500.0,0.0,0.0,0.0,0.3,3.31
7.3,208.9,6.19,49.8,456,200.3,200.4,200.3,500.0,500.0,0.0,0.0,0.0,0.3,3.32
7.4,208.9,6.19,49.8,457,200.3,200.4,200.3,500.0,500.0,0.0,0.0,0.0,0.3,3.33
7.3,208.9,6.19,49.8,458,200.3,200.4,200.3,500.0,500.0,0.0,0.0,0.0,0.3,3.33
7.3,208.9,6.19,49.6,459,200.3,200.2,200.2,500.0,500.0,0.0,0.0,0.0,0.3,3.34
7.3,208.9,6.19,49.6,460,200.3,200.0,200.1,500.0,500.0,0.0,0.0,0.0,0.3,3.34
7.2,208.9,6.19,49.6,461,200.3,200.0,200.1,500.0,500.0,0.0,0.0,0.0,0.3,3.35
7.3,208.9,6.19,49.6,462,200.3,200.0,200.1,500.0,500.0,0.0,0.0,0.0,0.3,3.36
7.4,208.9,6.19,49.6,463,200.3,200.0,200.0,500.0,500.0,0.0,0.0,0.0,0.3,3.36
7.3,208.9,6.19,49.8,464,200.3,200.0,200.0,500.0,500.0,0.0,0.0,0.0,0.3,3.37
7.4,208.9,6.19,50.0,465,200.3,200.0,200.0,500.0,500.0,0.0,0.0,0.0,0.3,3.37
7.3,208.9,6.19,50.0,466,200.3,200.0,200.0,500.0,500.0,0.0,0.0,0.0,0.3,3.38
7.3,208.9,6.19,50.0,467,200.3,200.0,200.0,500.0,500.0,0.0,0.0,0.0,0.3,3.39
7.3,208.9,6.19,50.0,468,200.3,200.0,200.0,500.0,500.0,0.0,0.0,0.0,0.3,3.39
7.2,208.9,6.19,49.8,469,200.3,200.0,200.0,500.0,500.0,0.0,0.0,0.0,0.3,3.40
7.0,208.9,6.19,49.8,470,200.3,200.0,200.0,500.0,500.0,0.0,0.0,0.0,0.3,3.40
7.1,208.9,6.19,49.8,471,200.3,200.0,200.0,500.0,500.0,0.0,0.0,0.0,0.3,3.41
7.1,208.9,6.19,49.8,472,200.3,200.0,200.0,500.0,500.0,0.0,0.0,0.0,0.3,3.42
7.1,208.9,6.19,49.8,473,200.2,200.0,200.0,500.0,500.0,0.0,0.0,0.0,0.3,3.42
7.2,208.8,6.19,50.0,474,200.2,200.0,200.0,500.0,500.0,0.0,0.0,0.0,0.3,3.43
7.2,208.8,6.19,49.8,475,200.2,200.0,200.0,500.0,500.0,0.0,0.0,0.0,0.3,3.43
7.2,208.8,6.19,49.8,476,200.2,200.0,200.0,500.0,500.0,0.0,0.0,0.0,0.3,3.44
7.3,208.8,6.19,49.8,477,200.2,200.0,200.0,500.0,500.0,0.0,0.0,0.0,0.3,3.45
7.3,208.8,6.19,49.8,478,200.2,200.0,200.0,500.0,500.0,0.0,0.0,0.0,0.3,3.45
7.1,208.8,6.19,49.8,479,200.2,200.0,200.0,500.0,500.0,0.0,0.0,0.0,0.3,3.46
7.2,208.8,6.19,50.0,480,200.2,200.0,200.0,500.0,500.0,0.0,0.0,0.0,0.3,3.46
7.1,208.8,6.19,49.8,481,200.2,200.0,200.0,500.0,500.0,0.0,0.0,0.0,0.3,3.47
7.1,208.8,6.19,49.8,482,200.2,200.0,200.0,500.0,500.0,0.0,0.0,0.0,0.3,3.48
7.1,208.8,6.19,49.8,483,200.2,200.0,200.0,500.0,500.0,0.0,0.0,0.0,0.3,3.48
7.3,208.7,6.19,49.8,484,200.2,200.0,200.0,500.0,500.0,0.0,0.0,0.0,0.3,3.49
7.2,208.7,6.19,49.8,485,200.2,200.0,200.0,500.0,500.0,0.0,0.0,0.0,0.3,3.49
7.3,208.8,6.19,49.8,486,200.2,200.0,200.0,500.0,500.0,0.0,0.0,0.0,0.3,3.50
7.2,208.8,6.19,49.8,487,200.2,200.0,200.0,500.0,500.0,0.0,0.0,0.0,0.3,3.51
7.2,208.8,6.19,49.8,488,200.2,200.0,200.0,500.0,500.0,0.0,0.0,0.0,0.3,3.51
7.2,208.8,6.19,49.6,489,200.1,200.0,200.0,500.0,500.0,0.0,0.0,0.0,0.3,3.52
7.2,208.7,6.19,49.6,490,200.1,200.0,200.0,500.0,500.0,0.0,0.0,0.0,0.3,3.52
7.1,208.7,6.19,49.8,491,200.1,200.0,200.0,500.0,500.0,0.0,0.0,0.0,0.3,3.53
7.1,208.7,6.19,49.8,492,200.1,200.0,200.0,500.0,500.0,0.0,0.0,0.0,0.3,3.54
7.1,208.7,6.19,49.8,493,200.1,200.0,200.0,500.0,500.0,0.0,0.0,0.0,0.3,3.54
7.1,208.7,6.19,50.0,494,200.1,200.1,200.0,500.0,500.0,0.0,0.0,0.0,0.3,3.55
7.1,208.7,6.19,49.8,495,200.1,200.2,200.0,500.0,500.0,0.0,0.0,0.0,0.3,3.55
7.2,208.7,6.19,49.8,496,200.1,200.2,200.0,500.0,500.0,0.0,0.0,0.0,0.3,3.56
7.1,208.8,6.19,49.8,497,200.1,200.2,200.0,500.0,500.0,0.0,0.0,0.0,0.3,3.57
7.1,208.8,6.19,49.8,498,200.1,200.2,200.0,500.0,500.0,0.0,0.0,0.0,0.3,3.57
7.1,208.8,6.19,49.8,499,200.1,200.3,200.0,500.0,500.0,0.0,0.0,0.0,0.3,3.58
7.0,208.8,6.19,50.0,500,200.2,200.4,200.0,500.0,500.0,0.0,0.0,0.0,0.3,3.58
6.9,208.8,6.19,49.8,501,200.2,200.4,200.0,500.0,500.0,0.0,0.0,0.0,0.3,3.59
7.0,208.8,6.19,49.8,502,200.2,200.4,200.0,500.0,500.0,0.0,0.0,0.0,0.3,3.59
6.9,208.8,6.19,49.8,503,200.2,200.3,200.0,500.0,500.0,0.0,0.0,0.0,0.3,3.60
7.0,208.8,6.19,49.8,504,200.2,200.2,200.0,500.0,500.0,0.0,0.0,0.0,0.3,3.61
7.2,208.8,6.19,49.8,505,200.2,200.2,200.0,500.0,500.0,0.0,0.0,0.0,0.3,3.61
7.2,208.8,6.19,49.8,506,200.2,200.2,200.0,500.0,500.0,0.0,0.0,0.0,0.3,3.62
7.2,208.7,6.19,49.8,507,200.2,200.0,200.0,500.0,500.0,0.0,0.0,0.0,0.3,3.62
7.2,208.7,6.19,49.8,508,200.2,200.0,200.0,500.0,500.0,0.0,0.0,0.0,0.3,3.63
7.1,208.7,6.19,49.8,509,200.2,200.0,200.0,500.0,500.0,0.0,0.0,0.0,0.3,3.64
7.0,208.7,6.19,49.8,510,200.1,200.0,200.0,500.0,500.0,0.0,0.0,0.0,0.3,3.64
7.1,208.7,6.19,49.8,511,200.1,200.0,200.0,500.0,500.0,0.0,0.0,0.0,0.3,3.65
7.0,208.7,6.19,49.8,512,200.1,200.0,200.0,500.0,500.0,0.0,0.0,0.0,0.3,3.65
7.0,208.7,6.19,49.8,513,200.1,200.0,200.0,500.0,500.0,0.0,0.0,0.0,0.3,3.66
7.1,208.7,6.19,49.8,514,200.1,200.0,200.0,500.0,500.0,0.0,0.0,0.0,0.3,3.67
7.1,208.7,6.19,49.6,515,200.1,200.0,200.0,500.0,500.0,0.0,0.0,0.0,0.3,3.67
7.0,208.7,6.19,49.8,516,200.1,200.0,200.0,500.0,500.0,0.0,0.0,0.0,0.3,3.68
7.1,208.7,6.19,49.8,517,200.1,199.9,200.0,500.0,500.0,0.0,0.0,0.0,0.3,3.68
7.1,208.7,6.19,49.8,518,200.1,199.9,200.0,500.0,500.0,0.0,0.0,0.0,0.3,3.69
7.1,208.7,6.19,49.8,519,200.1,199.9,200.0,500.0,500.0,0.0,0.0,0.0,0.3,3.69
7.2,208.7,6.19,50.0,520,200.1,199.9,200.0,500.0,500.0,0.0,0.0,0.0,0.3,3.70
7.3,208.7,6.19,50.0,521,200.1,199.7,200.0,500.0,500.0,0.0,0.0,0.0,0.3,3.71
7.3,208.7,6.19,49.8,522,200.1,199.6,200.0,500.0,500.0,0.0,0.0,0.0,0.3,3.71
7.3,208.7,6.19,49.8,523,200.0,199.6,200.0,500.0,500.0,0.0,0.0,0.0,0.3,3.72
7.3,208.7,6.19,49.8,524,200.0,199.6,200.0,500.0,500.0,0.0,0.0,0.0,0.3,3.72
7.3,208.7,6.19,49.8,525,200.0,199.6,200.0,500.0,500.0,0.0,0.0,0.0,0.3,3.73
7.2,208.7,6.19,49.6,526,200.0,199.6,200.0,500.0,500.0,0.0,0.0,0.0,0.3,3.74
7.1,208.7,6.19,49.8,527,200.0,199.6,200.0,500.0,500.0,0.0,0.0,0.0,0.3,3.74
7.1,208.6,6.19,49.8,528,200.0,199.6,200.0,500.0,500.0,0.0,0.0,0.0,0.3,3.75
7.0,208.6,6.19,49.8,529,200.0,199.6,200.0,500.0,500.0,0.0,0.0,0.0,0.3,3.75
7.0,208.6,6.19,49.8,530,200.0,199.6,199.9,500.0,500.0,0.0,0.0,0.0,0.3,3.76
7.0,208.6,6.19,50.0,531,200.0,199.7,199.9,500.0,500.0,0.0,0.0,0.0,0.3,3.77
7.0,208.6,6.19,49.8,532,200.0,199.9,199.9,500.0,500.0,0.0,0.0,0.0,0.3,3.77
6.9,208.6,6.19,49.8,533,200.0,199.9,199.9,500.0,500.0,0.0,0.0,0.0,0.3,3.78
6.9,208.6,6.19,49.8,534,200.0,199.9,199.9,500.0,500.0,0.0,0.0,0.0,0.3,3.78
6.9,208.6,6.19,49.8,535,200.0,200.0,199.9,500.0,500.0,0.0,0.0,0.0,0.3,3.79
6.8,208.6,6.19,49.8,536,200.0,200.0,199.9,500.0,500.0,0.0,0.0,0.0,0.3,3.79
6.7,208.6,6.19,49.8,537,200.0,200.0,199.9,500.0,500.0,0.0,0.0,0.0,0.3,3.80
6.9,208.6,6.19,49.8,538,200.0,200.0,199.9,500.0,500.0,0.0,0.0,0.0,0.3,3.81
6.9,208.6,6.19,49.8,539,200.0,200.0,199.9,500.0,500.0,0.0,0.0,0.0,0.3,3.81
6.9,208.6,6.19,49.8,540,200.0,200.0,199.9,500.0,500.0,0.0,0.0,0.0,0.3,3.82
7.0,208.6,6.19,49.8,541,200.0,200.0,199.9,500.0,500.0,0.0,0.0,0.0,0.3,3.82
7.1,208.6,6.19,49.8,542,200.0,200.0,199.9,500.0,500.0,0.0,0.0,0.0,0.3,3.83
7.0,208.6,6.19,49.8,543,200.0,200.0,199.9,500.0,500.0,0.0,0.0,0.0,0.3,3.83
6.9,208.6,6.19,49.8,544,200.0,200.0,199.8,500.0,500.0,0.0,0.0,0.0,0.3,3.84
7.0,208.6,6.19,49.8,545,200.0,200.2,199.8,500.0,500.0,0.0,0.0,0.0,0.3,3.85
7.0,208.6,6.19,49.8,546,200.0,200.2,199.8,500.0,500.0,0.0,0.0,0.0,0.3,3.85
7.0,208.6,6.19,49.8,547,200.0,200.2,199.8,500.0,500.0,0.0,0.0,0.0,0.3,3.86
7.1,208.6,6.19,49.8,548,200.0,200.3,199.8,500.0,500.0,0.0,0.0,0.0,0.3,3.86
7.1,208.6,6.19,49.8,549,200.0,200.4,199.8,500.0,500.0,0.0,0.0,0.0,0.3,3.87
7.1,208.6,6.19,49.8,550,200.0,200.4,199.8,500.0,500.0,0.0,0.0,0.0,0.3,3.88
7.1,208.5,6.19,49.8,551,200.0,200.4,199.8,500.0,500.0,0.0,0.0,0.0,0.3,3.88
7.0,208.5,6.19,49.8,552,200.0,200.4,199.8,500.0,500.0,0.0,0.0,0.0,0.3,3.89
7.0,208.5,6.19,49.8,553,200.0,200.3,199.8,500.0,500.0,0.0,0.0,0.0,0.3,3.89
6.9,208.5,6.19,49.8,554,200.0,200.2,199.7,500.0,500.0,0.0,0.0,0.0,0.3,3.90
7.0,208.5,6.19,49.8,555,200.0,200.2,199.7,500.0,500.0,0.0,0.0,0.0,0.3,3.90
7.0,208.5,6.19,49.8,556,200.0,200.2,199.7,500.0,500.0,0.0,0.0,0.0,0.3,3.91
7.0,208.5,6.19,50.0,557,200.0,200.1,199.7,500.0,500.0,0.0,0.0,0.0,0.3,3.92
6.9,208.5,6.19,49.8,558,200.0,200.0,199.7,500.0,500.0,0.0,0.0,0.0,0.3,3.92
7.0,208.5,6.19,49.8,559,200.0,200.0,199.7,500.0,500.0,0.0,0.0,0.0,0.3,3.93
6.9,208.5,6.19,49.8,560,200.0,200.0,199.6,500.0,500.0,0.0,0.0,0.0,0.3,3.93
6.8,208.5,6.19,49.8,561,200.0,200.0,199.6,500.0,500.0,0.0,0.0,0.0,0.3,3.94
6.8,208.5,6.19,49.8,562,200.0,200.0,199.6,500.0,500.0,0.0,0.0,0.0,0.3,3.94
7.0,208.5,6.19,49.8,563,200.0,200.0,199.6,500.0,500.0,0.0,0.0,0.0,0.3,3.95
7.1,208.5,6.19,49.8,564,200.0,200.0,199.6,500.0,500.0,0.0,0.0,0.0,0.3,3.96
7.2,208.5,6.19,49.8,565,200.0,200.0,199.6,500.0,500.0,0.0,0.0,0.0,0.3,3.96
7.3,208.5,6.19,49.8,566,200.0,200.0,199.6,500.0,500.0,0.0,0.0,0.0,0.3,3.97
7.2,208.5,6.19,49.8,567,200.0,200.0,199.6,500.0,500.0,0.0,0.0,0.0,0.3,3.97
7.1,208.5,6.19,50.0,568,200.0,200.0,199.6,500.0,500.0,0.0,0.0,0.0,0.3,3.98
7.0,208.5,6.19,49.8,569,200.0,200.0,199.5,500.0,500.0,0.0,0.0,0.0,0.3,3.99
6.8,208.4,6.19,49.8,570,200.0,200.0,199.5,500.0,500.0,0.0,0.0,0.0,0.3,3.99
6.7,208.4,6.19,49.8,571,200.0,200.0,199.5,500.0,500.0,0.0,0.0,0.0,0.3,4.00
6.9,208.4,6.19,49.8,572,200.0,200.0,199.5,500.0,500.0,0.0,0.0,0.0,0.3,4.00
6.8,208.4,6.19,49.6,573,200.0,200.0,199.5,500.0,500.0,0.0,0.0,0.0,0.3,4.01
6.9,208.4,6.19,49.8,574,200.0,200.0,199.5,500.0,500.0,0.0,0.0,0.0,0.3,4.01
7.1,208.4,6.19,49.8,575,200.0,200.0,199.5,500.0,500.0,0.0,0.0,0.0,0.3,4.02
7.1,208.4,6.19,49.8,576,200.0,200.0,199.5,500.0,500.0,0.0,0.0,0.0,0.3,4.03
7.0,208.4,6.19,49.8,577,200.0,200.0,199.4,500.0,500.0,0.0,0.0,0.0,0.3,4.03
7.1,208.4,6.19,50.0,578,200.0,200.0,199.4,500.0,500.0,0.0,0.0,0.0,0.3,4.04
6.9,208.4,6.19,49.8,579,200.0,200.0,199.4,500.0,500.0,0.0,0.0,0.0,0.3,4.04
6.8,208.4,6.19,49.8,580,200.0,200.0,199.4,500.0,500.0,0.0,0.0,0.0,0.3,4.05
6.9,208.4,6.19,49.8,581,200.0,200.0,199.4,500.0,500.0,0.0,0.0,0.0,0.3,4.05
6.8,208.4,6.19,49.8,582,200.0,200.0,199.4,500.0,500.0,0.0,0.0,0.0,0.3,4.06
6.9,208.4,6.19,49.6,583,200.0,200.0,199.4,500.0,500.0,0.0,0.0,0.0,0.3,4.07
7.0,208.4,6.19,49.8,584,200.0,200.0,199.4,500.0,500.0,0.0,0.0,0.0,0.3,4.07
7.0,208.4,6.19,49.8,585,200.0,200.0,199.4,500.0,500.0,0.0,0.0,0.0,0.3,4.08
6.9,208.4,6.19,49.8,586,200.0,200.1,199.4,500.0,500.0,0.0,0.0,0.0,0.3,4.08
7.0,208.4,6.19,49.8,587,200.0,200.1,199.4,500.0,500.0,0.0,0.0,0.0,0.3,4.09
7.0,208.4,6.19,50.0,588,200.0,200.1,199.4,500.0,500.0,0.0,0.0,0.0,0.3,4.10
7.0,208.4,6.19,49.8,589,200.0,200.2,199.3,500.0,500.0,0.0,0.0,0.0,0.3,4.10
7.0,208.4,6.19,49.8,590,200.0,200.4,199.3,500.0,500.0,0.0,0.0,0.0,0.3,4.11
6.9,208.4,6.19,49.8,591,200.0,200.4,199.3,500.0,500.0,0.0,0.0,0.0,0.3,4.11
6.9,208.3,6.19,49.8,592,200.0,200.4,199.3,500.0,500.0,0.0,0.0,0.0,0.3,4.12
6.9,208.3,6.19,49.8,593,200.0,200.5,199.3,500.0,500.0,0.0,0.0,0.0,0.3,4.12
6.8,208.3,6.19,49.8,594,200.0,200.6,199.3,500.0,500.0,0.0,0.0,0.0,0.3,4.13
6.7,208.3,6.19,49.8,595,200.0,200.6,199.3,500.0,500.0,0.0,0.0,0.0,0.3,4.14
6.8,208.3,6.19,49.8,596,200.0,200.6,199.3,500.0,500.0,0.0,0.0,0.0,0.3,4.14
6.7,208.3,6.19,49.8,597,200.0,200.6,199.3,500.0,500.0,0.0,0.0,0.0,0.3,4.15
6.7,208.3,6.19,49.8,598,200.0,200.6,199.3,500.0,500.0,0.0,0.0,0.0,0.3,4.15
6.7,208.3,6.19,50.0,599,200.0,200.6,199.3,500.0,500.0,0.0,0.0,0.0,0.3,4.16
