扭矩,料温,压力,转速,时间,温度1,温度2,温度3,温度4,温度5,温度6,温度7,温度8,顶栓,能量
2.0,189.8,6.25,0.0,0,190.0,190.0,190.0,500.0,500.0,0.0,0.0,0.0,0.3,0.00
2.0,189.8,6.25,0.6,1,190.0,190.0,190.0,500.0,500.0,0.0,0.0,0.0,0.3,0.00
1.9,189.8,6.25,5.8,2,190.0,190.0,190.0,500.0,500.0,0.0,0.0,0.0,0.3,0.00
1.9,189.9,6.25,15.4,3,190.0,190.0,190.0,500.0,500.0,0.0,0.0,0.0,0.3,0.00
1.8,189.9,6.25,25.4,4,190.0,190.0,190.0,500.0,500.0,0.0,0.0,0.0,0.3,0.00
1.8,189.9,6.25,35.4,5,190.0,190.0,190.0,500.0,500.0,0.0,0.0,0.0,0.3,0.00
1.5,189.6,6.25,44.8,6,190.0,190.0,190.0,500.0,500.0,0.0,0.0,0.0,0.3,0.00
1.3,189.1,6.25,49.6,7,190.0,190.0,190.0,500.0,500.0,0.0,0.0,0.0,0.3,0.00
1.1,188.4,6.25,50.0,8,190.0,190.0,190.0,500.0,500.0,0.0,0.0,0.0,0.3,0.01
0.9,187.8,6.25,49.8,9,190.0,190.0,190.0,500.0,500.0,0.0,0.0,0.0,0.3,0.01
0.7,187.1,6.25,49.8,10,190.0,190.0,190.0,500.0,500.0,0.0,0.0,0.0,0.3,0.01
0.6,186.5,6.25,49.8,11,190.0,190.0,190.0,500.0,500.0,0.0,0.0,0.0,0.3,0.01
0.5,185.6,6.25,49.6,12,190.0,190.0,190.0,500.0,500.0,0.0,0.0,0.0,0.3,0.01
0.5,184.8,6.25,49.6,13,190.0,190.0,190.0,500.0,500.0,0.0,0.0,0.0,0.3,0.01
0.4,184.1,6.25,49.8,14,190.0,190.0,190.0,500.0,500.0,0.0,0.0,0.0,0.3,0.01
0.4,183.5,6.25,49.8,15,190.0,190.0,190.0,500.0,500.0,0.0,0.0,0.0,0.3,0.01
0.3,183.0,6.25,49.8,16,190.0,190.0,190.0,500.0,500.0,0.0,0.0,0.0,0.3,0.01
0.2,182.4,6.25,50.0,17,190.0,190.0,190.0,500.0,500.0,0.0,0.0,0.0,0.3,0.01
0.2,182.0,6.25,50.0,18,190.0,190.0,190.0,500.0,500.0,0.0,0.0,0.0,0.3,0.01
0.0,181.5,6.25,50.0,19,190.0,190.0,190.0,500.0,500.0,0.0,0.0,0.0,0.3,0.01
0.0,181.1,6.25,50.0,20,190.0,190.0,190.0,500.0,500.0,0.0,0.0,0.0,0.3,0.01
0.1,180.5,6.25,50.0,21,190.0,190.0,190.0,500.0,500.0,0.0,0.0,0.0,0.3,0.01
0.2,179.9,6.25,50.0,22,190.0,190.0,190.0,500.0,500.0,0.0,0.0,0.0,0.3,0.01
0.4,179.2,6.25,50.0,23,190.0,190.0,190.0,500.0,500.0,0.0,0.0,0.0,0.3,0.01
0.6,178.8,6.25,49.8,24,190.0,190.0,190.0,500.0,500.0,0.0,0.0,0.0,0.3,0.01
0.8,178.5,6.25,49.6,25,190.0,190.0,190.0,500.0,500.0,0.0,0.0,0.0,0.3,0.01
0.9,178.3,6.25,49.6,26,190.0,190.0,190.0,500.0,500.0,0.0,0.0,0.0,0.3,0.01
0.9,178.1,6.25,49.6,27,190.0,190.0,190.0,500.0,500.0,0.0,0.0,0.0,0.3,0.01
1.0,178.0,6.25,49.6,28,190.0,190.0,190.0,500.0,500.0,0.0,0.0,0.0,0.3,0.01
1.1,177.8,6.25,49.8,29,190.0,190.0,190.0,500.0,500.0,0.0,0.0,0.0,0.3,0.01
1.1,177.7,6.25,50.0,30,190.0,190.0,190.0,500.0,500.0,0.0,0.0,0.0,0.3,0.02
1.2,177.6,6.25,50.0,31,190.0,190.0,190.0,500.0,500.0,0.0,0.0,0.0,0.3,0.02
1.3,177.5,6.25,50.0,32,190.0,190.0,190.0,500.0,500.0,0.0,0.0,0.0,0.3,0.02
1.4,177.4,6.25,50.0,33,190.0,190.0,190.0,500.0,500.0,0.0,0.0,0.0,0.3,0.02
1.4,177.3,6.25,49.8,34,190.0,190.0,190.0,500.0,500.0,0.0,0.0,0.0,0.3,0.02
1.4,177.3,6.25,49.8,35,190.0,189.9,190.0,500.0,500.0,0.0,0.0,0.0,0.3,0.02
1.4,177.3,6.25,49.8,36,190.0,189.9,190.0,500.0,500.0,0.0,0.0,0.0,0.3,0.02
1.4,177.3,6.25,49.6,37,190.0,189.9,190.0,500.0,500.0,0.0,0.0,0.0,0.3,0.02
1.4,177.3,6.25,49.6,38,190.0,189.9,190.0,500.0,500.0,0.0,0.0,0.0,0.3,0.02
1.4,177.3,6.25,50.0,39,190.0,189.9,190.0,500.0,500.0,0.0,0.0,0.0,0.3,0.03
1.4,177.3,6.25,50.0,40,190.0,189.9,190.0,500.0,500.0,0.0,0.0,0.0,0.3,0.03
1.5,177.2,6.25,50.0,41,189.9,189.8,190.0,500.0,500.0,0.0,0.0,0.0,0.3,0.03
1.5,177.2,6.25,50.2,42,189.9,189.8,190.0,500.0,500.0,0.0,0.0,0.0,0.3,0.03
1.5,177.2,6.25,50.0,43,189.9,189.8,190.0,500.0,500.0,0.0,0.0,0.0,0.3,0.03
1.5,177.3,6.25,49.6,44,189.9,189.8,190.0,500.0,500.0,0.0,0.0,0.0,0.3,0.03
1.5,177.3,6.25,49.6,45,189.8,189.8,190.0,500.0,500.0,0.0,0.0,0.0,0.3,0.03
1.5,177.4,6.25,49.4,46,189.7,189.8,189.9,500.0,500.0,0.0,0.0,0.0,0.3,0.03
1.5,177.4,6.25,49.4,47,189.7,189.8,189.9,500.0,500.0,0.0,0.0,0.0,0.3,0.04
1.5,177.4,6.25,49.6,48,189.7,189.8,189.9,500.0,500.0,0.0,0.0,0.0,0.3,0.04
1.5,177.4,6.25,49.6,49,189.7,189.9,189.9,500.0,500.0,0.0,0.0,0.0,0.3,0.04
1.4,177.4,6.25,49.6,50,189.7,189.9,189.9,500.0,500.0,0.0,0.0,0.0,0.3,0.04
1.4,177.3,6.25,49.8,51,189.7,190.0,189.9,500.0,500.0,0.0,0.0,0.0,0.3,0.04
1.3,177.3,6.25,49.8,52,189.6,190.0,189.9,500.0,500.0,0.0,0.0,0.0,0.3,0.04
1.2,177.2,6.25,49.8,53,189.6,190.0,189.8,500.0,500.0,0.0,0.0,0.0,0.3,0.04
1.2,177.1,6.25,50.0,54,189.6,190.0,189.8,500.0,500.0,0.0,0.0,0.0,0.3,0.04
1.1,177.1,6.25,49.8,55,189.6,190.0,189.8,500.0,500.0,0.0,0.0,0.0,0.3,0.04
1.1,177.1,6.25,49.8,56,189.6,190.0,189.8,500.0,500.0,0.0,0.0,0.0,0.3,0.05
0.9,177.1,6.25,49.8,57,189.6,190.0,189.8,500.0,500.0,0.0,0.0,0.0,0.3,0.05
0.7,177.1,6.25,49.8,58,189.6,190.0,189.8,500.0,500.0,0.0,0.0,0.0,0.3,0.05
0.4,177.1,6.25,49.8,59,189.6,190.0,189.8,500.0,500.0,0.0,0.0,0.0,0.3,0.05
0.3,177.1,6.25,50.0,60,189.5,190.0,189.8,500.0,500.0,0.0,0.0,0.0,0.3,0.05
0.2,177.1,6.25,49.8,61,189.5,190.0,189.7,500.0,500.0,0.0,0.0,0.0,0.3,0.05
0.2,177.1,6.25,49.8,62,189.5,190.0,189.7,500.0,500.0,0.0,0.0,0.0,0.3,0.05
0.3,177.1,6.25,49.6,63,189.5,190.0,189.7,500.0,500.0,0.0,0.0,0.0,0.3,0.05
0.3,177.1,6.25,49.6,64,189.5,190.0,189.7,500.0,500.0,0.0,0.0,0.0,0.3,0.05
0.2,177.2,6.25,49.4,65,189.5,190.0,189.7,500.0,500.0,0.0,0.0,0.0,0.3,0.05
0.3,177.2,6.25,49.6,66,189.5,190.0,189.7,500.0,500.0,0.0,0.0,0.0,0.3,0.05
0.6,177.2,6.25,49.6,67,189.5,190.0,189.7,500.0,500.0,0.0,0.0,0.0,0.3,0.05
0.8,177.2,6.25,49.6,68,189.5,190.0,189.7,500.0,500.0,0.0,0.0,0.0,0.3,0.05
1.1,177.2,6.25,49.6,69,189.5,190.0,189.6,500.0,500.0,0.0,0.0,0.0,0.3,0.05
1.2,177.3,6.25,49.8,70,189.5,190.0,189.6,500.0,500.0,0.0,0.0,0.0,0.3,0.05
1.5,177.4,6.25,49.8,71,189.5,190.0,189.6,500.0,500.0,0.0,0.0,0.0,0.3,0.05
1.8,177.5,6.25,49.8,72,189.5,190.0,189.6,500.0,500.0,0.0,0.0,0.0,0.3,0.05
2.2,177.6,6.25,49.8,73,189.5,190.0,189.6,500.0,500.0,0.0,0.0,0.0,0.3,0.06
3.0,177.6,6.25,49.6,74,189.6,190.0,189.6,500.0,500.0,0.0,0.0,0.0,0.3,0.06
3.6,177.6,6.25,49.6,75,189.6,190.0,189.6,500.0,500.0,0.0,0.0,0.0,0.3,0.06
4.2,177.5,6.25,49.6,76,189.6,190.0,189.6,500.0,500.0,0.0,0.0,0.0,0.3,0.06
4.5,177.4,6.25,49.4,77,189.6,190.0,189.6,500.0,500.0,0.0,0.0,0.0,0.3,0.07
4.6,177.3,6.25,49.8,78,189.6,190.0,189.6,500.0,500.0,0.0,0.0,0.0,0.3,0.07
4.6,177.1,6.25,50.0,79,189.7,190.0,189.6,500.0,500.0,0.0,0.0,0.0,0.3,0.08
4.6,177.0,6.25,50.0,80,189.7,190.0,189.6,500.0,500.0,0.0,0.0,0.0,0.3,0.08
4.7,176.8,6.25,50.0,81,189.7,190.0,189.6,500.0,500.0,0.0,0.0,0.0,0.3,0.08
6.1,176.5,6.25,50.2,82,189.7,190.0,189.5,500.0,500.0,0.0,0.0,0.0,0.3,0.09
8.2,176.2,6.25,50.0,83,189.7,190.0,189.5,500.0,500.0,0.0,0.0,0.0,0.3,0.10
9.5,175.5,6.25,49.8,84,189.7,190.0,189.5,500.0,500.0,0.0,0.0,0.0,0.3,0.10
11.4,173.7,6.25,49.8,85,189.8,190.0,189.5,500.0,500.0,0.0,0.0,0.0,0.3,0.11
13.4,171.5,6.25,49.8,86,189.8,190.0,189.5,500.0,500.0,0.0,0.0,0.0,0.3,0.12
14.0,169.6,6.25,49.8,87,189.8,190.0,189.5,500.0,500.0,0.0,0.0,0.0,0.3,0.14
14.0,168.8,6.25,49.6,88,189.8,190.0,189.6,500.0,500.0,0.0,0.0,0.0,0.3,0.15
14.4,168.6,6.25,49.8,89,190.0,190.0,189.6,500.0,500.0,0.0,0.0,0.0,0.3,0.16
14.5,168.7,6.25,49.8,90,190.0,190.0,189.6,500.0,500.0,0.0,0.0,0.0,0.3,0.17
14.3,169.1,6.25,49.8,91,190.0,190.0,189.6,500.0,500.0,0.0,0.0,0.0,0.3,0.18
14.0,169.5,6.25,49.8,92,190.0,190.0,189.6,500.0,500.0,0.0,0.0,0.0,0.3,0.20
13.5,170.0,6.25,50.0,93,190.0,190.0,189.6,500.0,500.0,0.0,0.0,0.0,0.3,0.21
13.3,170.5,6.25,50.0,94,190.0,190.0,189.6,500.0,500.0,0.0,0.0,0.0,0.3,0.22
13.0,171.1,6.25,50.0,95,190.0,190.0,189.6,500.0,500.0,0.0,0.0,0.0,0.3,0.23
12.6,171.6,6.25,50.0,96,190.0,190.0,189.6,500.0,500.0,0.0,0.0,0.0,0.3,0.24
12.2,172.2,6.25,50.0,97,190.0,190.0,189.6,500.0,500.0,0.0,0.0,0.0,0.3,0.25
12.0,172.8,6.25,50.0,98,190.0,190.0,189.6,500.0,500.0,0.0,0.0,0.0,0.3,0.26
11.6,173.3,6.25,49.8,99,190.0,190.0,189.6,500.0,500.0,0.0,0.0,0.0,0.3,0.27
11.3,173.6,6.25,49.8,100,190.0,190.0,189.6,500.0,500.0,0.0,0.0,0.0,0.3,0.28
11.3,173.9,6.25,49.8,101,190.0,190.0,189.6,500.0,500.0,0.0,0.0,0.0,0.3,0.29
11.3,174.3,6.25,49.8,102,190.0,190.0,189.6,500.0,500.0,0.0,0.0,0.0,0.3,0.30
11.1,174.8,6.25,49.8,103,190.0,190.0,189.6,500.0,500.0,0.0,0.0,0.0,0.3,0.31
11.1,175.3,6.25,50.0,104,190.0,190.0,189.6,500.0,500.0,0.0,0.0,0.0,0.3,0.32
10.9,175.8,6.25,49.8,105,190.0,190.0,189.6,500.0,500.0,0.0,0.0,0.0,0.3,0.32
10.8,176.3,6.25,49.8,106,190.0,190.0,189.7,500.0,500.0,0.0,0.0,0.0,0.3,0.33
10.5,176.9,6.25,49.8,107,190.0,190.0,189.7,500.0,500.0,0.0,0.0,0.0,0.3,0.34
10.4,177.3,6.25,49.8,108,190.0,190.0,189.7,500.0,500.0,0.0,0.0,0.0,0.3,0.35
10.4,177.7,6.25,49.8,109,190.0,190.0,189.7,500.0,500.0,0.0,0.0,0.0,0.3,0.36
10.6,178.2,6.25,49.8,110,190.0,190.0,189.7,500.0,500.0,0.0,0.0,0.0,0.3,0.37
10.6,178.6,6.25,49.8,111,190.0,190.0,189.7,500.0,500.0,0.0,0.0,0.0,0.3,0.38
11.0,179.0,6.25,49.8,112,190.0,190.0,189.8,500.0,500.0,0.0,0.0,0.0,0.3,0.39
11.1,179.4,6.25,49.8,113,190.0,190.0,189.8,500.0,500.0,0.0,0.0,0.0,0.3,0.39
11.1,179.9,6.25,49.8,114,190.0,190.0,189.8,500.0,500.0,0.0,0.0,0.0,0.3,0.40
10.8,180.3,6.25,50.0,115,190.0,190.0,189.8,500.0,500.0,0.0,0.0,0.0,0.3,0.41
10.7,180.7,6.25,50.0,116,190.0,190.0,189.8,500.0,500.0,0.0,0.0,0.0,0.3,0.42
10.9,181.0,6.25,50.0,117,190.0,190.0,189.9,500.0,500.0,0.0,0.0,0.0,0.3,0.43
11.0,181.4,6.25,50.0,118,190.0,190.0,190.0,500.0,500.0,0.0,0.0,0.0,0.3,0.44
11.2,181.7,6.25,50.0,119,190.0,190.0,190.0,500.0,500.0,0.0,0.0,0.0,0.3,0.45
11.1,182.1,6.25,49.8,120,190.0,190.0,190.0,500.0,500.0,0.0,0.0,0.0,0.3,0.46
11.2,182.4,6.25,49.6,121,190.0,190.0,190.0,500.0,500.0,0.0,0.0,0.0,0.3,0.47
11.0,182.7,6.25,49.6,122,190.0,190.0,190.0,500.0,500.0,0.0,0.0,0.0,0.3,0.48
11.0,183.0,6.25,49.6,123,190.0,190.0,190.0,500.0,500.0,0.0,0.0,0.0,0.3,0.49
10.8,183.2,6.25,49.6,124,190.0,190.0,190.0,500.0,500.0,0.0,0.0,0.0,0.3,0.50
10.8,183.5,6.25,49.6,125,190.0,190.0,190.0,500.0,500.0,0.0,0.0,0.0,0.3,0.50
10.7,183.8,6.25,49.8,126,190.0,190.0,190.0,500.0,500.0,0.0,0.0,0.0,0.3,0.51
10.7,183.9,6.25,49.8,127,190.0,190.0,190.0,500.0,500.0,0.0,0.0,0.0,0.3,0.52
11.0,184.1,6.24,49.8,128,190.0,190.0,190.0,500.0,500.0,0.0,0.0,0.0,0.3,0.53
11.1,184.3,6.24,49.8,129,190.0,190.0,190.0,500.0,500.0,0.0,0.0,0.0,0.3,0.54
11.1,184.5,6.24,50.0,130,190.0,190.0,190.0,500.0,500.0,0.0,0.0,0.0,0.3,0.55
10.9,184.8,6.25,49.8,131,190.0,190.0,190.0,500.0,500.0,0.0,0.0,0.0,0.3,0.56
10.7,185.1,6.25,49.8,132,190.0,190.0,190.0,500.0,500.0,0.0,0.0,0.0,0.3,0.57
10.6,185.3,6.25,49.8,133,190.0,190.0,190.0,500.0,500.0,0.0,0.0,0.0,0.3,0.58
10.6,185.5,6.25,49.8,134,190.0,190.0,190.0,500.0,500.0,0.0,0.0,0.0,0.3,0.58
10.5,185.8,6.25,49.8,135,190.0,190.0,190.0,500.0,500.0,0.0,0.0,0.0,0.3,0.59
10.6,186.0,6.25,49.8,136,190.0,190.0,190.0,500.0,500.0,0.0,0.0,0.0,0.3,0.60
10.9,186.1,6.25,49.8,137,190.0,190.0,190.0,500.0,500.0,0.0,0.0,0.0,0.3,0.61
11.0,186.3,6.25,49.8,138,190.0,190.0,190.0,500.0,500.0,0.0,0.0,0.0,0.3,0.62
10.9,186.5,6.25,49.8,139,190.0,190.0,190.0,500.0,500.0,0.0,0.0,0.0,0.3,0.63
10.7,186.7,6.25,49.8,140,190.0,190.0,190.0,500.0,500.0,0.0,0.0,0.0,0.3,0.64
10.6,186.9,6.25,50.0,141,190.0,190.0,190.0,500.0,500.0,0.0,0.0,0.0,0.3,0.65
10.3,187.1,6.24,49.8,142,190.0,190.0,190.0,500.0,500.0,0.0,0.0,0.0,0.3,0.66
10.2,187.3,6.24,49.8,143,190.0,190.0,190.0,500.0,500.0,0.0,0.0,0.0,0.3,0.66
10.5,187.4,6.24,49.8,144,190.0,190.0,190.0,500.0,500.0,0.0,0.0,0.0,0.3,0.67
10.7,187.5,6.24,49.8,145,190.0,190.0,190.0,500.0,500.0,0.0,0.0,0.0,0.3,0.68
10.8,187.7,6.24,49.6,146,190.0,190.0,190.0,500.0,500.0,0.0,0.0,0.0,0.3,0.69
10.7,187.8,6.25,49.8,147,190.0,190.0,190.0,500.0,500.0,0.0,0.0,0.0,0.3,0.70
10.9,188.0,6.25,49.6,148,190.0,190.0,190.0,500.0,500.0,0.0,0.0,0.0,0.3,0.71
10.5,188.1,6.25,49.6,149,190.0,190.0,190.0,500.0,500.0,0.0,0.0,0.0,0.3,0.72
10.1,188.3,6.24,49.6,150,190.0,190.0,190.0,500.0,500.0,0.0,0.0,0.0,0.3,0.73
10.1,188.4,6.25,49.8,151,190.0,190.0,190.0,500.0,500.0,0.0,0.0,0.0,0.3,0.73
10.2,188.6,6.24,49.8,152,190.0,190.0,190.0,500.0,500.0,0.0,0.0,0.0,0.3,0.74
10.1,188.7,6.24,49.8,153,190.0,190.0,190.0,500.0,500.0,0.0,0.0,0.0,0.3,0.75
10.3,188.8,6.24,49.8,154,190.0,190.0,190.0,500.0,500.0,0.0,0.0,0.0,0.3,0.76
10.8,189.0,6.25,49.8,155,190.0,190.0,190.0,500.0,500.0,0.0,0.0,0.0,0.3,0.77
11.0,189.0,6.25,49.8,156,190.0,190.0,190.0,500.0,500.0,0.0,0.0,0.0,0.3,0.78
10.8,189.1,6.25,49.6,157,190.0,190.0,190.0,500.0,500.0,0.0,0.0,0.0,0.3,0.79
10.4,189.2,6.25,49.8,158,190.0,190.0,190.0,500.0,500.0,0.0,0.0,0.0,0.3,0.80
10.5,189.4,6.25,49.8,159,190.0,190.0,190.0,500.0,500.0,0.0,0.0,0.0,0.3,0.80
10.7,189.5,6.25,49.8,160,190.0,190.0,190.0,500.0,500.0,0.0,0.0,0.0,0.3,0.81
10.9,189.6,6.25,49.8,161,190.0,190.0,190.0,500.0,500.0,0.0,0.0,0.0,0.3,0.82
11.1,189.8,6.25,49.8,162,190.0,190.0,190.0,500.0,500.0,0.0,0.0,0.0,0.3,0.83
11.5,189.9,6.24,49.8,163,190.0,190.0,190.0,500.0,500.0,0.0,0.0,0.0,0.3,0.84
11.5,190.0,6.24,49.8,164,190.0,190.0,190.0,500.0,500.0,0.0,0.0,0.0,0.3,0.85
11.6,190.1,6.24,49.8,165,190.0,190.0,190.0,500.0,500.0,0.0,0.0,0.0,0.3,0.86
11.4,190.2,6.24,49.8,166,190.0,190.0,190.0,500.0,500.0,0.0,0.0,0.0,0.3,0.87
11.2,190.3,6.24,50.0,167,190.0,190.0,190.0,500.0,500.0,0.0,0.0,0.0,0.3,0.88
10.8,190.5,6.24,49.8,168,190.0,190.0,190.0,500.0,500.0,0.0,0.0,0.0,0.3,0.89
10.7,190.6,6.25,49.8,169,190.0,190.0,190.0,500.0,500.0,0.0,0.0,0.0,0.3,0.90
10.7,190.7,6.25,49.8,170,190.0,190.0,190.0,500.0,500.0,0.0,0.0,0.0,0.3,0.91
10.6,190.7,6.25,49.8,171,190.0,190.0,190.0,500.0,500.0,0.0,0.0,0.0,0.3,0.91
10.8,190.8,6.25,49.8,172,190.0,190.0,190.0,500.0,500.0,0.0,0.0,0.0,0.3,0.92
10.6,190.9,6.25,50.0,173,190.0,190.0,190.0,500.0,500.0,0.0,0.0,0.0,0.3,0.93
10.4,191.0,6.25,50.0,174,190.0,190.0,190.0,500.0,500.0,0.0,0.0,0.0,0.3,0.94
10.3,191.1,6.25,50.0,175,190.0,190.0,190.0,500.0,500.0,0.0,0.0,0.0,0.3,0.95
10.3,191.2,6.25,50.0,176,190.0,190.0,190.0,500.0,500.0,0.0,0.0,0.0,0.3,0.96
10.1,191.3,6.24,50.0,177,190.0,190.0,190.0,500.0,500.0,0.0,0.0,0.0,0.3,0.97
10.2,191.4,6.24,50.0,178,190.0,190.0,190.0,500.0,500.0,0.0,0.0,0.0,0.3,0.97
10.5,191.5,6.24,49.8,179,190.0,190.0,190.0,500.0,500.0,0.0,0.0,0.0,0.3,0.98
10.5,191.5,6.24,49.8,180,190.0,190.0,190.0,500.0,500.0,0.0,0.0,0.0,0.3,0.99
10.5,191.6,6.24,49.8,181,190.0,190.0,190.0,500.0,500.0,0.0,0.0,0.0,0.3,1.00
10.7,191.7,6.25,49.8,182,190.0,190.0,190.0,500.0,500.0,0.0,0.0,0.0,0.3,1.01
10.6,191.8,6.25,49.6,183,190.0,190.0,190.0,500.0,500.0,0.0,0.0,0.0,0.3,1.02
10.4,191.8,6.25,49.8,184,190.0,190.0,190.0,500.0,500.0,0.0,0.0,0.0,0.3,1.03
10.4,191.9,6.25,49.8,185,190.0,190.0,190.0,500.0,500.0,0.0,0.0,0.0,0.3,1.04
10.5,191.9,6.25,49.8,186,190.0,190.0,190.0,500.0,500.0,0.0,0.0,0.0,0.3,1.04
10.6,192.0,6.25,49.8,187,190.0,190.0,190.0,500.0,500.0,0.0,0.0,0.0,0.3,1.05
10.9,192.1,6.25,50.0,188,190.0,190.0,190.0,500.0,500.0,0.0,0.0,0.0,0.3,1.06
11.1,192.2,6.25,49.8,189,190.0,190.0,190.0,500.0,500.0,0.0,0.0,0.0,0.3,1.07
10.7,192.2,6.25,49.8,190,190.0,190.0,190.0,500.0,500.0,0.0,0.0,0.0,0.3,1.08
10.6,192.3,6.25,49.8,191,190.0,190.0,190.0,500.0,500.0,0.0,0.0,0.0,0.3,1.09
10.4,192.4,6.25,49.8,192,190.0,190.0,190.0,500.0,500.0,0.0,0.0,0.0,0.3,1.10
10.3,192.5,6.25,49.8,193,190.0,190.0,190.0,500.0,500.0,0.0,0.0,0.0,0.3,1.11
10.2,192.5,6.25,49.8,194,190.0,190.0,190.0,500.0,500.0,0.0,0.0,0.0,0.3,1.11
10.5,192.6,6.25,49.8,195,190.0,190.0,190.0,500.0,500.0,0.0,0.0,0.0,0.3,1.12
10.8,192.6,6.25,49.8,196,190.0,189.9,190.0,500.0,500.0,0.0,0.0,0.0,0.3,1.13
11.2,192.7,6.25,49.8,197,190.0,189.9,190.0,500.0,500.0,0.0,0.0,0.0,0.3,1.14
11.5,192.8,6.25,49.8,198,190.0,189.9,190.0,500.0,500.0,0.0,0.0,0.0,0.3,1.15
11.5,192.9,6.25,50.0,199,190.0,189.9,190.0,500.0,500.0,0.0,0.0,0.0,0.3,1.16
11.2,192.9,6.25,49.8,200,190.0,189.9,190.0,500.0,500.0,0.0,0.0,0.0,0.3,1.17
11.0,193.0,6.25,49.8,201,190.0,189.9,190.0,500.0,500.0,0.0,0.0,0.0,0.3,1.18
10.9,193.1,6.25,49.8,202,190.0,190.0,190.0,500.0,500.0,0.0,0.0,0.0,0.3,1.19
10.8,193.1,6.25,49.8,203,190.0,190.0,190.0,500.0,500.0,0.0,0.0,0.0,0.3,1.20
10.7,193.2,6.25,49.8,204,190.0,190.0,190.0,500.0,500.0,0.0,0.0,0.0,0.3,1.21
10.7,193.3,6.25,49.8,205,190.0,190.0,190.0,500.0,500.0,0.0,0.0,0.0,0.3,1.22
10.4,193.3,6.25,49.8,206,190.0,190.0,190.0,500.0,500.0,0.0,0.0,0.0,0.3,1.22
10.5,193.3,6.25,49.8,207,190.0,190.0,190.0,500.0,500.0,0.0,0.0,0.0,0.3,1.23
10.1,193.4,6.25,49.8,208,190.0,190.0,190.0,500.0,500.0,0.0,0.0,0.0,0.3,1.24
10.0,193.5,6.25,49.8,209,190.0,190.0,190.0,500.0,500.0,0.0,0.0,0.0,0.3,1.25
10.1,193.5,6.25,50.0,210,190.0,190.0,190.0,500.0,500.0,0.0,0.0,0.0,0.3,1.26
10.3,193.6,6.25,49.8,211,190.0,190.0,190.0,500.0,500.0,0.0,0.0,0.0,0.3,1.27
10.3,193.6,6.25,49.8,212,190.0,190.0,190.0,500.0,500.0,0.0,0.0,0.0,0.3,1.27
10.7,193.7,6.25,49.8,213,190.0,190.0,190.0,500.0,500.0,0.0,0.0,0.0,0.3,1.28
10.8,193.8,6.25,49.8,214,190.0,190.0,190.0,500.0,500.0,0.0,0.0,0.0,0.3,1.29
10.8,193.8,6.25,49.6,215,190.0,190.0,190.0,500.0,500.0,0.0,0.0,0.0,0.3,1.30
10.6,193.8,6.25,49.8,216,190.0,190.0,190.0,500.0,500.0,0.0,0.0,0.0,0.3,1.31
10.5,193.9,6.25,49.8,217,190.0,190.0,190.0,500.0,500.0,0.0,0.0,0.0,0.3,1.32
10.6,194.0,6.25,49.8,218,190.0,190.1,190.0,500.0,500.0,0.0,0.0,0.0,0.3,1.33
11.0,194.0,6.25,49.8,219,190.0,190.1,190.0,500.0,500.0,0.0,0.0,0.0,0.3,1.34
11.2,194.0,6.25,49.8,220,190.0,190.1,190.0,500.0,500.0,0.0,0.0,0.0,0.3,1.35
11.2,194.1,6.25,49.8,221,190.0,190.1,190.0,500.0,500.0,0.0,0.0,0.0,0.3,1.36
11.2,194.2,6.25,49.8,222,190.0,190.1,190.0,500.0,500.0,0.0,0.0,0.0,0.3,1.36
11.0,194.2,6.25,49.8,223,190.0,190.2,190.0,500.0,500.0,0.0,0.0,0.0,0.3,1.37
10.7,194.3,6.25,49.8,224,190.0,190.2,190.0,500.0,500.0,0.0,0.0,0.0,0.3,1.38
10.6,194.4,6.24,50.0,225,190.0,190.2,190.0,500.0,500.0,0.0,0.0,0.0,0.3,1.39
10.6,194.4,6.24,49.8,226,190.0,190.2,190.0,500.0,500.0,0.0,0.0,0.0,0.3,1.40
10.5,194.4,6.24,49.8,227,190.0,190.2,190.0,500.0,500.0,0.0,0.0,0.0,0.3,1.41
10.8,194.5,6.24,49.8,228,190.0,190.2,190.0,500.0,500.0,0.0,0.0,0.0,0.3,1.42
11.1,194.6,6.24,49.8,229,190.0,190.1,190.0,500.0,500.0,0.0,0.0,0.0,0.3,1.43
11.2,194.6,6.24,49.8,230,190.0,190.0,190.0,500.0,500.0,0.0,0.0,0.0,0.3,1.44
11.2,194.7,6.24,50.0,231,190.0,190.0,190.0,500.0,500.0,0.0,0.0,0.0,0.3,1.45
11.1,194.7,6.24,49.8,232,190.0,190.0,190.0,500.0,500.0,0.0,0.0,0.0,0.3,1.46
10.8,194.7,6.24,49.8,233,190.0,190.0,190.0,500.0,500.0,0.0,0.0,0.0,0.3,1.46
10.7,194.8,6.25,49.8,234,190.0,190.0,190.0,500.0,500.0,0.0,0.0,0.0,0.3,1.47
10.9,194.9,6.25,49.8,235,190.0,190.0,190.0,500.0,500.0,0.0,0.0,0.0,0.3,1.48
10.9,194.9,6.25,49.6,236,190.0,190.0,190.0,500.0,500.0,0.0,0.0,0.0,0.3,1.49
11.2,195.0,6.25,49.6,237,190.0,190.0,190.0,500.0,500.0,0.0,0.0,0.0,0.3,1.50
11.4,195.0,6.25,49.6,238,190.0,190.0,190.0,500.0,500.0,0.0,0.0,0.0,0.3,1.51
11.4,195.1,6.25,49.6,239,190.0,190.0,190.0,500.0,500.0,0.0,0.0,0.0,0.3,1.52
11.2,195.1,6.24,49.6,240,190.0,190.0,190.0,500.0,500.0,0.0,0.0,0.0,0.3,1.53
11.0,195.2,6.24,49.8,241,190.0,190.0,190.0,500.0,500.0,0.0,0.0,0.0,0.3,1.54
10.7,195.2,6.24,49.8,242,190.0,190.0,190.0,500.0,500.0,0.0,0.0,0.0,0.3,1.55
10.6,195.3,6.24,49.8,243,190.0,190.0,190.0,500.0,500.0,0.0,0.0,0.0,0.3,1.56
10.5,195.3,6.24,49.8,244,190.0,190.0,190.0,500.0,500.0,0.0,0.0,0.0,0.3,1.56
10.8,195.3,6.24,49.8,245,190.0,190.0,190.0,500.0,500.0,0.0,0.0,0.0,0.3,1.57
11.0,195.4,6.24,49.6,246,190.0,190.0,190.0,500.0,500.0,0.0,0.0,0.0,0.3,1.58
10.9,195.5,6.24,49.8,247,190.0,190.0,190.0,500.0,500.0,0.0,0.0,0.0,0.3,1.59
10.8,195.5,6.24,49.8,248,190.0,190.0,190.0,500.0,500.0,0.0,0.0,0.0,0.3,1.60
10.5,195.6,6.24,49.8,249,190.0,190.0,190.0,500.0,500.0,0.0,0.0,0.0,0.3,1.61
10.5,195.6,6.24,49.8,250,190.0,190.0,190.0,500.0,500.0,0.0,0.0,0.0,0.3,1.62
10.4,195.7,6.24,50.0,251,190.1,190.0,190.0,500.0,500.0,0.0,0.0,0.0,0.3,1.63
10.5,195.7,6.24,49.8,252,190.1,190.0,190.0,500.0,500.0,0.0,0.0,0.0,0.3,1.63
10.6,195.7,6.24,49.8,253,190.1,190.0,190.0,500.0,500.0,0.0,0.0,0.0,0.3,1.64
10.8,195.8,6.24,49.8,254,190.1,190.0,190.0,500.0,500.0,0.0,0.0,0.0,0.3,1.65
10.7,195.8,6.24,49.8,255,190.1,190.0,190.0,500.0,500.0,0.0,0.0,0.0,0.3,1.66
10.9,195.9,6.24,49.8,256,190.1,190.0,190.0,500.0,500.0,0.0,0.0,0.0,0.3,1.67
11.0,195.9,6.24,49.8,257,190.1,190.0,190.0,500.0,500.0,0.0,0.0,0.0,0.3,1.68
10.9,196.0,6.24,49.8,258,190.1,190.0,190.0,500.0,500.0,0.0,0.0,0.0,0.3,1.69
10.7,196.0,6.24,49.8,259,190.1,190.0,190.0,500.0,500.0,0.0,0.0,0.0,0.3,1.70
10.6,196.1,6.24,49.8,260,190.1,190.0,190.0,500.0,500.0,0.0,0.0,0.0,0.3,1.71
10.9,196.1,6.24,49.8,261,190.1,190.0,190.0,500.0,500.0,0.0,0.0,0.0,0.3,1.72
11.2,196.2,6.24,50.0,262,190.1,190.0,190.0,500.0,500.0,0.0,0.0,0.0,0.3,1.72
11.3,196.2,6.24,49.8,263,190.1,190.0,190.0,500.0,500.0,0.0,0.0,0.0,0.3,1.73
11.6,196.3,6.24,49.8,264,190.1,190.0,190.0,500.0,500.0,0.0,0.0,0.0,0.3,1.74
11.7,196.3,6.24,49.8,265,190.1,190.0,190.0,500.0,500.0,0.0,0.0,0.0,0.3,1.75
11.5,196.3,6.24,49.8,266,190.1,190.0,190.0,500.0,500.0,0.0,0.0,0.0,0.3,1.76
11.3,196.4,6.24,49.8,267,190.1,190.0,190.0,500.0,500.0,0.0,0.0,0.0,0.3,1.77
11.1,196.4,6.24,49.8,268,190.1,190.1,190.0,500.0,500.0,0.0,0.0,0.0,0.3,1.78
10.9,196.5,6.24,49.8,269,190.1,190.1,190.0,500.0,500.0,0.0,0.0,0.0,0.3,1.79
11.0,196.5,6.24,49.8,270,190.1,190.1,190.0,500.0,500.0,0.0,0.0,0.0,0.3,1.80
11.1,196.6,6.24,49.8,271,190.1,190.1,190.0,500.0,500.0,0.0,0.0,0.0,0.3,1.81
11.2,196.6,6.24,49.8,272,190.1,190.2,190.0,500.0,500.0,0.0,0.0,0.0,0.3,1.82
11.3,196.6,6.24,49.8,273,190.1,190.3,190.0,500.0,500.0,0.0,0.0,0.0,0.3,1.83
11.0,196.7,6.24,49.8,274,190.1,190.3,190.0,500.0,500.0,0.0,0.0,0.0,0.3,1.84
10.6,196.7,6.24,49.8,275,190.1,190.3,190.1,500.0,500.0,0.0,0.0,0.0,0.3,1.85
10.6,196.7,6.24,49.8,276,190.1,190.2,190.1,500.0,500.0,0.0,0.0,0.0,0.3,1.85
10.6,196.7,6.24,49.8,277,190.1,190.1,190.1,500.0,500.0,0.0,0.0,0.0,0.3,1.86
10.5,196.8,6.24,50.0,278,190.1,190.1,190.1,500.0,500.0,0.0,0.0,0.0,0.3,1.87
10.8,196.8,6.24,49.8,279,190.1,190.1,190.1,500.0,500.0,0.0,0.0,0.0,0.3,1.88
11.0,196.9,6.24,49.8,280,190.1,190.1,190.1,500.0,500.0,0.0,0.0,0.0,0.3,1.89
11.0,196.9,6.24,49.8,281,190.1,190.1,190.0,500.0,500.0,0.0,0.0,0.0,0.3,1.90
10.9,196.9,6.24,49.8,282,190.1,190.0,190.0,500.0,500.0,0.0,0.0,0.0,0.3,1.91
10.8,196.9,6.24,49.6,283,190.1,190.0,190.0,500.0,500.0,0.0,0.0,0.0,0.3,1.92
10.7,197.0,6.24,49.8,284,190.1,190.0,190.0,500.0,500.0,0.0,0.0,0.0,0.3,1.93
10.7,197.0,6.24,49.8,285,190.1,190.0,190.0,500.0,500.0,0.0,0.0,0.0,0.3,1.94
10.6,197.0,6.24,49.8,286,190.0,190.0,190.0,500.0,500.0,0.0,0.0,0.0,0.3,1.94
10.7,197.1,6.24,49.8,287,190.0,190.0,190.0,500.0,500.0,0.0,0.0,0.0,0.3,1.95
10.9,197.1,6.24,50.0,288,190.0,190.0,190.0,500.0,500.0,0.0,0.0,0.0,0.3,1.96
11.2,197.2,6.24,49.8,289,190.0,190.0,190.0,500.0,500.0,0.0,0.0,0.0,0.3,1.97
11.1,197.2,6.24,49.8,290,190.0,190.0,190.0,500.0,500.0,0.0,0.0,0.0,0.3,1.98
10.9,197.3,6.23,49.8,291,190.0,190.0,190.0,500.0,500.0,0.0,0.0,0.0,0.3,1.99
10.8,197.3,6.23,49.8,292,190.0,190.0,190.0,500.0,500.0,0.0,0.0,0.0,0.3,2.00
10.6,197.3,6.24,49.8,293,190.0,190.0,190.0,500.0,500.0,0.0,0.0,0.0,0.3,2.01
10.4,197.3,6.24,49.8,294,190.0,190.0,190.0,500.0,500.0,0.0,0.0,0.0,0.3,2.02
10.5,197.3,6.24,49.8,295,190.0,190.0,190.0,500.0,500.0,0.0,0.0,0.0,0.3,2.02
10.8,197.3,6.24,49.8,296,190.0,190.0,190.0,500.0,500.0,0.0,0.0,0.0,0.3,2.03
10.9,197.4,6.24,49.8,297,190.0,190.0,190.0,500.0,500.0,0.0,0.0,0.0,0.3,2.04
11.3,197.4,6.24,49.8,298,190.0,190.0,190.0,500.0,500.0,0.0,0.0,0.0,0.3,2.05
11.5,197.4,6.24,50.0,299,190.0,190.0,190.0,500.0,500.0,0.0,0.0,0.0,0.3,2.06
11.3,197.5,6.24,49.8,300,190.0,190.0,190.0,500.0,500.0,0.0,0.0,0.0,0.3,2.07
11.0,197.6,6.24,49.8,301,190.0,190.0,190.0,500.0,500.0,0.0,0.0,0.0,0.3,2.08
11.0,197.6,6.24,49.8,302,190.0,190.0,190.0,500.0,500.0,0.0,0.0,0.0,0.3,2.09
11.0,197.6,6.24,49.8,303,190.0,190.0,190.0,500.0,500.0,0.0,0.0,0.0,0.3,2.10
11.0,197.6,6.24,49.6,304,190.0,190.0,190.0,500.0,500.0,0.0,0.0,0.0,0.3,2.11
11.1,197.6,6.24,49.8,305,190.0,190.0,190.0,500.0,500.0,0.0,0.0,0.0,0.3,2.12
11.0,197.6,6.24,49.8,306,190.0,190.0,190.0,500.0,500.0,0.0,0.0,0.0,0.3,2.13
10.7,197.7,6.24,49.8,307,190.0,190.0,190.0,500.0,500.0,0.0,0.0,0.0,0.3,2.13
10.8,197.7,6.24,49.8,308,190.0,190.0,190.0,500.0,500.0,0.0,0.0,0.0,0.3,2.14
10.8,197.7,6.24,50.0,309,190.0,190.0,190.0,500.0,500.0,0.0,0.0,0.0,0.3,2.15
10.7,197.7,6.24,50.0,310,190.0,190.0,190.0,500.0,500.0,0.0,0.0,0.0,0.3,2.16
10.7,197.8,6.24,50.0,311,190.0,190.0,190.0,500.0,500.0,0.0,0.0,0.0,0.3,2.17
10.9,197.8,6.24,50.0,312,190.0,190.0,190.0,500.0,500.0,0.0,0.0,0.0,0.3,2.18
10.8,197.8,6.24,50.0,313,190.0,190.0,190.0,500.0,500.0,0.0,0.0,0.0,0.3,2.19
10.8,197.8,6.24,50.0,314,190.0,190.0,190.0,500.0,500.0,0.0,0.0,0.0,0.3,2.20
10.9,197.8,6.24,49.8,315,190.0,190.0,190.0,500.0,500.0,0.0,0.0,0.0,0.3,2.21
10.9,197.8,6.24,49.8,316,190.0,190.0,190.0,500.0,500.0,0.0,0.0,0.0,0.3,2.22
10.8,197.9,6.24,49.8,317,190.0,190.0,190.0,500.0,500.0,0.0,0.0,0.0,0.3,2.22
10.7,197.9,6.24,49.8,318,190.0,190.0,190.0,500.0,500.0,0.0,0.0,0.0,0.3,2.23
10.8,197.9,6.24,49.8,319,190.0,190.0,190.0,500.0,500.0,0.0,0.0,0.0,0.3,2.24
11.0,198.0,6.24,50.0,320,190.0,190.0,190.0,500.0,500.0,0.0,0.0,0.0,0.3,2.25
11.2,198.0,6.24,49.8,321,190.0,190.0,190.0,500.0,500.0,0.0,0.0,0.0,0.3,2.26
11.3,198.0,6.24,49.8,322,190.0,190.0,190.0,500.0,500.0,0.0,0.0,0.0,0.3,2.27
11.4,198.0,6.24,49.8,323,190.0,190.1,190.0,500.0,500.0,0.0,0.0,0.0,0.3,2.28
11.2,198.0,6.24,49.8,324,190.0,190.1,190.0,500.0,500.0,0.0,0.0,0.0,0.3,2.29
10.8,198.1,6.24,49.8,325,190.0,190.1,190.0,500.0,500.0,0.0,0.0,0.0,0.3,2.30
10.7,198.2,6.23,49.8,326,190.0,190.1,190.0,500.0,500.0,0.0,0.0,0.0,0.3,2.31
10.6,198.2,6.24,49.8,327,190.0,190.1,190.0,500.0,500.0,0.0,0.0,0.0,0.3,2.32
10.6,198.3,6.24,49.8,328,190.0,190.1,190.0,500.0,500.0,0.0,0.0,0.0,0.3,2.32
10.8,198.3,6.24,49.8,329,190.0,190.1,190.0,500.0,500.0,0.0,0.0,0.0,0.3,2.33
11.2,198.3,6.24,49.8,330,190.0,190.1,190.0,500.0,500.0,0.0,0.0,0.0,0.3,2.34
11.5,198.3,6.24,50.0,331,190.0,190.1,190.0,500.0,500.0,0.0,0.0,0.0,0.3,2.35
11.5,198.3,6.24,49.8,332,190.0,190.0,190.0,500.0,500.0,0.0,0.0,0.0,0.3,2.36
11.2,198.3,6.24,49.8,333,190.0,190.0,190.0,500.0,500.0,0.0,0.0,0.0,0.3,2.37
11.1,198.4,6.24,49.8,334,190.0,190.0,190.0,500.0,500.0,0.0,0.0,0.0,0.3,2.38
11.0,198.4,6.23,49.6,335,190.0,190.0,190.0,500.0,500.0,0.0,0.0,0.0,0.3,2.39
10.7,198.4,6.23,49.6,336,190.0,190.0,190.0,500.0,500.0,0.0,0.0,0.0,0.3,2.40
10.7,198.5,6.23,49.6,337,190.0,190.0,190.0,500.0,500.0,0.0,0.0,0.0,0.3,2.41
11.0,198.5,6.23,49.6,338,190.0,190.0,190.0,500.0,500.0,0.0,0.0,0.0,0.3,2.42
11.0,198.5,6.23,49.6,339,190.0,190.0,190.0,500.0,500.0,0.0,0.0,0.0,0.3,2.43
11.3,198.5,6.23,49.8,340,190.0,190.0,190.0,500.0,500.0,0.0,0.0,0.0,0.3,2.43
11.5,198.5,6.23,49.6,341,190.0,190.0,190.0,500.0,500.0,0.0,0.0,0.0,0.3,2.44
11.4,198.5,6.23,49.8,342,190.0,190.0,190.0,500.0,500.0,0.0,0.0,0.0,0.3,2.45
11.1,198.6,6.23,49.8,343,190.0,190.0,190.0,500.0,500.0,0.0,0.0,0.0,0.3,2.46
11.0,198.6,6.23,49.8,344,190.0,190.0,190.0,500.0,500.0,0.0,0.0,0.0,0.3,2.47
10.8,198.6,6.23,49.8,345,190.0,189.9,190.0,500.0,500.0,0.0,0.0,0.0,0.3,2.48
10.7,198.6,6.23,49.8,346,190.0,189.9,190.0,500.0,500.0,0.0,0.0,0.0,0.3,2.49
10.8,198.6,6.23,49.8,347,190.0,189.9,190.0,500.0,500.0,0.0,0.0,0.0,0.3,2.50
10.9,198.6,6.23,49.8,348,190.0,189.8,190.0,500.0,500.0,0.0,0.0,0.0,0.3,2.51
10.8,198.6,6.23,49.8,349,190.0,189.7,190.0,500.0,500.0,0.0,0.0,0.0,0.3,2.52
10.7,198.6,6.22,49.8,350,190.0,189.7,190.0,500.0,500.0,0.0,0.0,0.0,0.3,2.53
10.7,198.7,6.22,50.0,351,190.0,189.7,190.0,500.0,500.0,0.0,0.0,0.0,0.3,2.53
11.1,198.7,6.22,49.8,352,190.0,189.6,190.0,500.0,500.0,0.0,0.0,0.0,0.3,2.54
11.2,198.7,6.22,49.8,353,190.0,189.6,190.0,500.0,500.0,0.0,0.0,0.0,0.3,2.55
11.3,198.7,6.22,49.8,354,190.0,189.7,190.0,500.0,500.0,0.0,0.0,0.0,0.3,2.56
11.5,198.7,6.23,49.8,355,190.0,189.7,190.0,500.0,500.0,0.0,0.0,0.0,0.3,2.57
11.3,198.8,6.23,49.8,356,190.0,189.7,190.0,500.0,500.0,0.0,0.0,0.0,0.3,2.58
11.1,198.8,6.23,49.8,357,190.0,189.7,190.0,500.0,500.0,0.0,0.0,0.0,0.3,2.59
11.2,198.8,6.23,49.6,358,190.0,189.7,190.0,500.0,500.0,0.0,0.0,0.0,0.3,2.60
11.0,198.8,6.23,49.6,359,190.0,189.8,190.0,500.0,500.0,0.0,0.0,0.0,0.3,2.61
10.8,198.9,6.23,49.6,360,190.0,190.0,190.1,500.0,500.0,0.0,0.0,0.0,0.3,2.62
11.1,198.9,6.23,49.6,361,190.0,190.0,190.1,500.0,500.0,0.0,0.0,0.0,0.3,2.63
11.3,198.9,6.23,49.8,362,190.0,190.0,190.1,500.0,500.0,0.0,0.0,0.0,0.3,2.64
11.4,198.9,6.23,49.8,363,190.0,190.0,190.1,500.0,500.0,0.0,0.0,0.0,0.3,2.65
11.3,198.9,6.23,49.8,364,190.0,190.0,190.1,500.0,500.0,0.0,0.0,0.0,0.3,2.66
11.2,198.9,6.23,49.8,365,190.0,190.0,190.1,500.0,500.0,0.0,0.0,0.0,0.3,2.66
11.0,198.9,6.23,49.8,366,190.0,190.0,190.1,500.0,500.0,0.0,0.0,0.0,0.3,2.67
11.0,199.0,6.24,49.6,367,190.0,190.0,190.1,500.0,500.0,0.0,0.0,0.0,0.3,2.68
11.1,199.0,6.24,49.8,368,190.0,190.0,190.1,500.0,500.0,0.0,0.0,0.0,0.3,2.69
11.0,199.0,6.24,49.8,369,190.0,190.0,190.1,500.0,500.0,0.0,0.0,0.0,0.3,2.70
11.3,199.1,6.24,49.8,370,190.0,190.0,190.1,500.0,500.0,0.0,0.0,0.0,0.3,2.71
11.4,199.1,6.24,49.8,371,190.0,190.0,190.1,500.0,500.0,0.0,0.0,0.0,0.3,2.72
11.3,199.1,6.24,50.0,372,190.0,190.1,190.1,500.0,500.0,0.0,0.0,0.0,0.3,2.73
11.2,199.1,6.23,49.8,373,190.0,190.1,190.1,500.0,500.0,0.0,0.0,0.0,0.3,2.74
11.1,199.2,6.23,49.8,374,190.0,190.1,190.2,500.0,500.0,0.0,0.0,0.0,0.3,2.75
10.9,199.2,6.23,49.8,375,190.0,190.2,190.2,500.0,500.0,0.0,0.0,0.0,0.3,2.76
10.8,199.2,6.23,49.8,376,190.0,190.3,190.2,500.0,500.0,0.0,0.0,0.0,0.3,2.77
10.8,199.2,6.23,49.8,377,190.0,190.3,190.2,500.0,500.0,0.0,0.0,0.0,0.3,2.77
10.9,199.2,6.23,49.8,378,190.0,190.3,190.2,500.0,500.0,0.0,0.0,0.0,0.3,2.78
11.0,199.2,6.23,49.8,379,190.0,190.3,190.2,500.0,500.0,0.0,0.0,0.0,0.3,2.79
11.1,199.3,6.23,49.8,380,190.0,190.3,190.2,500.0,500.0,0.0,0.0,0.0,0.3,2.80
11.0,199.3,6.23,49.8,381,190.0,190.3,190.2,500.0,500.0,0.0,0.0,0.0,0.3,2.81
10.9,199.3,6.23,49.8,382,190.0,190.3,190.2,500.0,500.0,0.0,0.0,0.0,0.3,2.82
11.0,199.3,6.24,50.0,383,190.0,190.3,190.2,500.0,500.0,0.0,0.0,0.0,0.3,2.83
11.0,199.3,6.24,50.0,384,190.0,190.2,190.2,500.0,500.0,0.0,0.0,0.0,0.3,2.84
11.0,199.3,6.23,50.0,385,190.0,190.0,190.2,500.0,500.0,0.0,0.0,0.0,0.3,2.85
11.0,199.3,6.23,50.0,386,190.0,190.0,190.2,500.0,500.0,0.0,0.0,0.0,0.3,2.86
11.2,199.3,6.23,50.0,387,190.0,190.0,190.2,500.0,500.0,0.0,0.0,0.0,0.3,2.87
11.0,199.4,6.23,50.0,388,190.0,190.0,190.2,500.0,500.0,0.0,0.0,0.0,0.3,2.88
11.2,199.4,6.23,49.8,389,190.0,190.0,190.2,500.0,500.0,0.0,0.0,0.0,0.3,2.88
11.2,199.4,6.23,49.8,390,190.0,190.0,190.2,500.0,500.0,0.0,0.0,0.0,0.3,2.89
11.2,199.4,6.23,49.8,391,190.0,190.0,190.2,500.0,500.0,0.0,0.0,0.0,0.3,2.90
11.0,199.4,6.23,49.8,392,190.0,190.0,190.2,500.0,500.0,0.0,0.0,0.0,0.3,2.91
10.9,199.5,6.23,49.8,393,190.0,190.0,190.2,500.0,500.0,0.0,0.0,0.0,0.3,2.92
11.2,199.5,6.23,49.8,394,190.0,190.0,190.2,500.0,500.0,0.0,0.0,0.0,0.3,2.93
11.4,199.5,6.23,49.8,395,190.0,190.0,190.2,500.0,500.0,0.0,0.0,0.0,0.3,2.94
11.3,199.5,6.23,49.8,396,190.0,190.0,190.2,500.0,500.0,0.0,0.0,0.0,0.3,2.95
11.0,199.5,6.23,49.8,397,190.0,190.0,190.2,500.0,500.0,0.0,0.0,0.0,0.3,2.96
11.2,199.5,6.23,49.8,398,190.0,190.0,190.2,500.0,500.0,0.0,0.0,0.0,0.3,2.97
11.0,199.5,6.23,50.0,399,190.0,190.0,190.2,500.0,500.0,0.0,0.0,0.0,0.3,2.98
10.8,199.6,6.23,49.8,400,190.0,190.0,190.2,500.0,500.0,0.0,0.0,0.0,0.3,2.99
10.8,199.6,6.23,49.8,401,190.0,190.0,190.2,500.0,500.0,0.0,0.0,0.0,0.3,3.00
11.0,199.6,6.23,49.8,402,190.0,190.0,190.2,500.0,500.0,0.0,0.0,0.0,0.3,3.00
11.1,199.6,6.23,49.8,403,190.0,190.0,190.2,500.0,500.0,0.0,0.0,0.0,0.3,3.01
11.2,199.6,6.23,49.6,404,190.0,190.0,190.2,500.0,500.0,0.0,0.0,0.0,0.3,3.02
11.0,199.6,6.23,49.8,405,190.0,190.0,190.2,500.0,500.0,0.0,0.0,0.0,0.3,3.03
10.9,199.6,6.23,49.8,406,190.0,190.0,190.2,500.0,500.0,0.0,0.0,0.0,0.3,3.04
10.8,199.6,6.23,49.8,407,190.0,190.0,190.1,500.0,500.0,0.0,0.0,0.0,0.3,3.05
10.7,199.6,6.23,49.8,408,190.0,190.0,190.1,500.0,500.0,0.0,0.0,0.0,0.3,3.06
10.7,199.6,6.23,49.8,409,190.0,190.0,190.1,500.0,500.0,0.0,0.0,0.0,0.3,3.07
10.9,199.6,6.23,49.6,410,190.0,190.0,190.1,500.0,500.0,0.0,0.0,0.0,0.3,3.08
11.2,199.7,6.23,49.6,411,190.0,190.0,190.1,500.0,500.0,0.0,0.0,0.0,0.3,3.09
11.3,199.7,6.23,49.6,412,190.0,190.0,190.1,500.0,500.0,0.0,0.0,0.0,0.3,3.10
11.4,199.7,6.23,49.6,413,190.0,190.0,190.1,500.0,500.0,0.0,0.0,0.0,0.3,3.10
11.4,199.7,6.23,49.8,414,190.0,190.0,190.1,500.0,500.0,0.0,0.0,0.0,0.3,3.11
11.2,199.7,6.23,49.8,415,190.0,190.0,190.1,500.0,500.0,0.0,0.0,0.0,0.3,3.12
11.0,199.7,6.23,49.8,416,190.0,190.0,190.1,500.0,500.0,0.0,0.0,0.0,0.3,3.13
10.9,199.7,6.23,49.8,417,190.0,190.0,190.1,500.0,500.0,0.0,0.0,0.0,0.3,3.14
10.8,199.7,6.23,49.8,418,190.0,190.0,190.0,500.0,500.0,0.0,0.0,0.0,0.3,3.15
10.7,199.7,6.23,49.8,419,190.0,190.0,190.0,500.0,500.0,0.0,0.0,0.0,0.3,3.16
10.9,199.7,6.23,50.0,420,190.0,190.0,190.0,500.0,500.0,0.0,0.0,0.0,0.3,3.17
11.1,199.7,6.23,49.8,421,190.0,190.2,190.0,500.0,500.0,0.0,0.0,0.0,0.3,3.18
11.4,199.7,6.23,49.8,422,190.0,190.4,190.0,500.0,500.0,0.0,0.0,0.0,0.3,3.19
11.3,199.7,6.23,49.8,423,190.0,190.4,190.0,500.0,500.0,0.0,0.0,0.0,0.3,3.20
11.1,199.7,6.23,49.6,424,190.0,190.4,190.0,500.0,500.0,0.0,0.0,0.0,0.3,3.21
11.1,199.8,6.23,49.6,425,190.0,190.4,190.0,500.0,500.0,0.0,0.0,0.0,0.3,3.22
10.9,199.8,6.23,49.6,426,190.0,190.5,190.0,500.0,500.0,0.0,0.0,0.0,0.3,3.22
10.7,199.8,6.23,49.6,427,190.0,190.6,190.0,500.0,500.0,0.0,0.0,0.0,0.3,3.23
10.8,199.8,6.23,49.6,428,190.0,190.6,190.0,500.0,500.0,0.0,0.0,0.0,0.3,3.24
11.1,199.8,6.23,49.8,429,190.0,190.6,190.0,500.0,500.0,0.0,0.0,0.0,0.3,3.25
11.1,199.9,6.23,49.6,430,190.0,190.6,190.0,500.0,500.0,0.0,0.0,0.0,0.3,3.26
11.4,199.9,6.23,49.8,431,190.0,190.6,190.0,500.0,500.0,0.0,0.0,0.0,0.3,3.27
11.6,199.9,6.23,49.8,432,190.0,190.6,190.0,500.0,500.0,0.0,0.0,0.0,0.3,3.28
11.4,199.9,6.23,49.8,433,190.0,190.6,190.0,500.0,500.0,0.0,0.0,0.0,0.3,3.29
11.2,199.9,6.23,49.8,434,190.0,190.5,190.0,500.0,500.0,0.0,0.0,0.0,0.3,3.30
11.2,199.9,6.23,49.8,435,190.0,190.3,190.0,500.0,500.0,0.0,0.0,0.0,0.3,3.31
11.1,199.9,6.23,49.8,436,190.0,190.3,190.0,500.0,500.0,0.0,0.0,0.0,0.3,3.32
11.1,199.9,6.23,49.8,437,190.0,190.3,190.0,500.0,500.0,0.0,0.0,0.0,0.3,3.33
11.1,199.9,6.23,49.8,438,190.0,190.3,190.0,500.0,500.0,0.0,0.0,0.0,0.3,3.34
11.0,199.9,6.23,49.8,439,190.0,190.1,190.0,500.0,500.0,0.0,0.0,0.0,0.3,3.34
11.1,199.9,6.23,49.8,440,190.0,190.0,190.0,500.0,500.0,0.0,0.0,0.0,0.3,3.35
11.3,200.0,6.23,49.8,441,190.0,190.0,190.0,500.0,500.0,0.0,0.0,0.0,0.3,3.36
11.2,200.0,6.23,49.8,442,190.0,190.0,190.0,500.0,500.0,0.0,0.0,0.0,0.3,3.37
11.1,200.0,6.23,49.8,443,190.0,190.0,190.0,500.0,500.0,0.0,0.0,0.0,0.3,3.38
11.2,200.0,6.23,49.8,444,190.0,190.0,190.0,500.0,500.0,0.0,0.0,0.0,0.3,3.39
11.1,200.0,6.23,50.0,445,190.0,190.0,190.0,500.0,500.0,0.0,0.0,0.0,0.3,3.40
10.9,200.0,6.23,49.8,446,190.0,190.0,190.0,500.0,500.0,0.0,0.0,0.0,0.3,3.41
10.9,200.0,6.23,49.8,447,190.0,190.0,190.0,500.0,500.0,0.0,0.0,0.0,0.3,3.42
11.0,200.0,6.23,49.8,448,190.0,190.0,190.0,500.0,500.0,0.0,0.0,0.0,0.3,3.43
11.0,200.0,6.23,49.8,449,190.0,190.0,190.0,500.0,500.0,0.0,0.0,0.0,0.3,3.44
10.9,200.1,6.23,49.8,450,190.0,190.0,190.0,500.0,500.0,0.0,0.0,0.0,0.3,3.45
10.9,200.1,6.23,49.8,451,190.0,190.0,190.0,500.0,500.0,0.0,0.0,0.0,0.3,3.45
11.0,200.1,6.23,49.8,452,190.0,190.0,190.0,500.0,500.0,0.0,0.0,0.0,0.3,3.46
11.2,200.1,6.23,49.8,453,190.0,190.0,190.0,500.0,500.0,0.0,0.0,0.0,0.3,3.47
11.3,200.1,6.23,49.8,454,190.0,190.0,190.0,500.0,500.0,0.0,0.0,0.0,0.3,3.48
11.3,200.1,6.23,49.8,455,190.0,190.0,190.0,500.0,500.0,0.0,0.0,0.0,0.3,3.49
11.4,200.1,6.23,50.0,456,190.0,190.0,190.0,500.0,500.0,0.0,0.0,0.0,0.3,3.50
11.2,200.1,6.23,49.8,457,190.0,190.0,190.0,500.0,500.0,0.0,0.0,0.0,0.3,3.51
11.0,200.1,6.23,49.8,458,190.0,190.0,190.0,500.0,500.0,0.0,0.0,0.0,0.3,3.52
11.0,200.1,6.23,49.8,459,190.0,190.0,190.0,500.0,500.0,0.0,0.0,0.0,0.3,3.53
10.9,200.2,6.23,49.8,460,190.0,190.0,190.0,500.0,500.0,0.0,0.0,0.0,0.3,3.54
10.9,200.2,6.23,49.6,461,190.0,190.0,190.0,500.0,500.0,0.0,0.0,0.0,0.3,3.55
11.0,200.2,6.23,49.8,462,190.0,190.0,190.1,500.0,500.0,0.0,0.0,0.0,0.3,3.56
11.3,200.2,6.23,49.8,463,190.0,190.0,190.1,500.0,500.0,0.0,0.0,0.0,0.3,3.56
11.5,200.2,6.23,49.8,464,190.0,190.0,190.1,500.0,500.0,0.0,0.0,0.0,0.3,3.57
11.5,200.2,6.23,49.8,465,190.0,190.0,190.1,500.0,500.0,0.0,0.0,0.0,0.3,3.58
11.2,200.2,6.23,50.0,466,190.0,190.1,190.1,500.0,500.0,0.0,0.0,0.0,0.3,3.59
11.1,200.2,6.23,49.8,467,190.0,190.3,190.1,500.0,500.0,0.0,0.0,0.0,0.3,3.60
10.8,200.2,6.23,49.8,468,190.0,190.3,190.1,500.0,500.0,0.0,0.0,0.0,0.3,3.61
10.6,200.3,6.23,49.8,469,190.0,190.4,190.1,500.0,500.0,0.0,0.0,0.0,0.3,3.62
10.6,200.3,6.23,49.8,470,190.0,190.5,190.1,500.0,500.0,0.0,0.0,0.0,0.3,3.63
10.9,200.3,6.23,49.8,471,190.0,190.5,190.1,500.0,500.0,0.0,0.0,0.0,0.3,3.64
10.9,200.3,6.23,49.8,472,190.0,190.5,190.1,500.0,500.0,0.0,0.0,0.0,0.3,3.65
11.3,200.3,6.23,49.8,473,190.0,190.5,190.2,500.0,500.0,0.0,0.0,0.0,0.3,3.66
11.5,200.3,6.23,49.8,474,190.0,190.6,190.2,500.0,500.0,0.0,0.0,0.0,0.3,3.67
11.5,200.3,6.23,49.8,475,190.0,190.6,190.2,500.0,500.0,0.0,0.0,0.0,0.3,3.68
11.3,200.3,6.23,49.8,476,190.0,190.6,190.2,500.0,500.0,0.0,0.0,0.0,0.3,3.69
11.2,200.3,6.23,50.0,477,190.0,190.6,190.2,500.0,500.0,0.0,0.0,0.0,0.3,3.69
11.0,200.3,6.23,49.8,478,190.0,190.6,190.2,500.0,500.0,0.0,0.0,0.0,0.3,3.70
10.9,200.3,6.23,49.8,479,190.0,190.6,190.2,500.0,500.0,0.0,0.0,0.0,0.3,3.71
11.0,200.3,6.23,49.8,480,190.0,190.6,190.2,500.0,500.0,0.0,0.0,0.0,0.3,3.72
11.1,200.3,6.23,49.8,481,190.0,190.6,190.2,500.0,500.0,0.0,0.0,0.0,0.3,3.73
11.1,200.3,6.23,49.8,482,190.0,190.6,190.2,500.0,500.0,0.0,0.0,0.0,0.3,3.74
11.3,200.3,6.23,49.8,483,190.0,190.5,190.2,500.0,500.0,0.0,0.0,0.0,0.3,3.75
11.3,200.3,6.23,49.8,484,190.0,190.3,190.2,500.0,500.0,0.0,0.0,0.0,0.3,3.76
11.0,200.3,6.23,49.8,485,190.0,190.3,190.2,500.0,500.0,0.0,0.0,0.0,0.3,3.77
11.0,200.3,6.23,49.8,486,190.0,190.3,190.2,500.0,500.0,0.0,0.0,0.0,0.3,3.78
11.0,200.3,6.23,49.8,487,190.0,190.2,190.2,500.0,500.0,0.0,0.0,0.0,0.3,3.79
10.8,200.3,6.23,50.0,488,190.0,190.0,190.2,500.0,500.0,0.0,0.0,0.0,0.3,3.80
10.8,200.4,6.23,50.0,489,190.0,190.0,190.3,500.0,500.0,0.0,0.0,0.0,0.3,3.80
11.0,200.5,6.23,50.0,490,190.0,190.0,190.3,500.0,500.0,0.0,0.0,0.0,0.3,3.81
11.1,200.5,6.23,50.0,491,190.0,190.0,190.3,500.0,500.0,0.0,0.0,0.0,0.3,3.82
11.1,200.5,6.23,49.8,492,190.0,190.0,190.3,500.0,500.0,0.0,0.0,0.0,0.3,3.83
10.9,200.5,6.23,49.8,493,190.0,190.0,190.3,500.0,500.0,0.0,0.0,0.0,0.3,3.84
11.0,200.5,6.23,49.8,494,190.0,190.0,190.3,500.0,500.0,0.0,0.0,0.0,0.3,3.85
11.2,200.5,6.23,49.8,495,190.0,190.0,190.3,500.0,500.0,0.0,0.0,0.0,0.3,3.86
11.2,200.5,6.23,49.8,496,190.0,190.0,190.3,500.0,500.0,0.0,0.0,0.0,0.3,3.87
11.3,200.5,6.23,50.0,497,190.0,190.0,190.3,500.0,500.0,0.0,0.0,0.0,0.3,3.88
11.5,200.5,6.23,49.8,498,190.0,190.0,190.3,500.0,500.0,0.0,0.0,0.0,0.3,3.89
11.4,200.5,6.23,49.8,499,190.0,190.0,190.3,500.0,500.0,0.0,0.0,0.0,0.3,3.90
11.2,200.5,6.23,49.8,500,190.0,190.0,190.3,500.0,500.0,0.0,0.0,0.0,0.3,3.91
11.3,200.5,6.23,49.8,501,190.0,190.0,190.3,500.0,500.0,0.0,0.0,0.0,0.3,3.92
11.1,200.6,6.23,49.8,502,190.0,190.0,190.3,500.0,500.0,0.0,0.0,0.0,0.3,3.93
10.9,200.6,6.23,49.8,503,190.0,190.0,190.3,500.0,500.0,0.0,0.0,0.0,0.3,3.93
10.9,200.6,6.23,49.8,504,190.0,190.0,190.3,500.0,500.0,0.0,0.0,0.0,0.3,3.94
11.0,200.6,6.23,49.8,505,190.0,190.0,190.3,500.0,500.0,0.0,0.0,0.0,0.3,3.95
11.2,200.6,6.23,49.8,506,190.0,190.0,190.3,500.0,500.0,0.0,0.0,0.0,0.3,3.96
11.2,200.6,6.23,49.8,507,190.0,190.0,190.3,500.0,500.0,0.0,0.0,0.0,0.3,3.97
11.1,200.6,6.23,50.0,508,190.0,190.0,190.3,500.0,500.0,0.0,0.0,0.0,0.3,3.98
10.9,200.6,6.23,50.0,509,190.0,190.0,190.3,500.0,500.0,0.0,0.0,0.0,0.3,3.99
10.9,200.6,6.23,50.0,510,190.0,190.0,190.3,500.0,500.0,0.0,0.0,0.0,0.3,4.00
10.8,200.6,6.23,50.0,511,190.0,190.0,190.3,500.0,500.0,0.0,0.0,0.0,0.3,4.01
10.7,200.6,6.23,50.0,512,190.0,190.0,190.3,500.0,500.0,0.0,0.0,0.0,0.3,4.02
10.9,200.6,6.23,50.0,513,190.0,190.0,190.3,500.0,500.0,0.0,0.0,0.0,0.3,4.03
11.0,200.5,6.23,49.8,514,190.0,190.0,190.3,500.0,500.0,0.0,0.0,0.0,0.3,4.03
11.2,200.5,6.23,49.8,515,190.0,190.0,190.2,500.0,500.0,0.0,0.0,0.0,0.3,4.04
11.1,200.5,6.23,49.8,516,190.0,190.0,190.2,500.0,500.0,0.0,0.0,0.0,0.3,4.05
11.0,200.5,6.23,49.8,517,190.0,190.0,190.2,500.0,500.0,0.0,0.0,0.0,0.3,4.06
10.9,200.5,6.23,49.6,518,190.0,190.0,190.2,500.0,500.0,0.0,0.0,0.0,0.3,4.07
10.8,200.5,6.23,49.8,519,190.0,190.1,190.2,500.0,500.0,0.0,0.0,0.0,0.3,4.08
10.7,200.5,6.23,49.8,520,190.0,190.2,190.2,500.0,500.0,0.0,0.0,0.0,0.3,4.09
10.8,200.6,6.23,49.8,521,190.0,190.2,190.2,500.0,500.0,0.0,0.0,0.0,0.3,4.10
11.0,200.6,6.23,49.8,522,190.0,190.2,190.2,500.0,500.0,0.0,0.0,0.0,0.3,4.11
11.2,200.6,6.23,49.8,523,190.0,190.2,190.2,500.0,500.0,0.0,0.0,0.0,0.3,4.12
11.1,200.6,6.23,49.8,524,190.0,190.3,190.2,500.0,500.0,0.0,0.0,0.0,0.3,4.13
11.0,200.6,6.23,49.8,525,190.0,190.3,190.2,500.0,500.0,0.0,0.0,0.0,0.3,4.13
10.9,200.6,6.23,49.8,526,190.0,190.3,190.1,500.0,500.0,0.0,0.0,0.0,0.3,4.14
11.0,200.6,6.23,49.8,527,190.0,190.3,190.1,500.0,500.0,0.0,0.0,0.0,0.3,4.15
11.0,200.6,6.23,50.0,528,190.0,190.3,190.1,500.0,500.0,0.0,0.0,0.0,0.3,4.16
11.1,200.6,6.23,49.8,529,190.0,190.3,190.1,500.0,500.0,0.0,0.0,0.0,0.3,4.17
11.3,200.6,6.23,49.8,530,190.0,190.3,190.1,500.0,500.0,0.0,0.0,0.0,0.3,4.18
11.4,200.6,6.23,49.8,531,190.0,190.3,190.1,500.0,500.0,0.0,0.0,0.0,0.3,4.19
11.4,200.6,6.23,49.8,532,190.0,190.3,190.0,500.0,500.0,0.0,0.0,0.0,0.3,4.20
11.5,200.6,6.23,49.8,533,190.0,190.2,190.0,500.0,500.0,0.0,0.0,0.0,0.3,4.21
11.3,200.6,6.23,50.0,534,190.0,190.1,190.0,500.0,500.0,0.0,0.0,0.0,0.3,4.22
11.1,200.6,6.23,49.8,535,190.0,190.1,190.0,500.0,500.0,0.0,0.0,0.0,0.3,4.23
11.1,200.6,6.23,49.8,536,190.0,190.1,190.0,500.0,500.0,0.0,0.0,0.0,0.3,4.24
11.1,200.6,6.23,49.8,537,190.0,190.1,190.0,500.0,500.0,0.0,0.0,0.0,0.3,4.25
11.1,200.6,6.23,49.8,538,190.0,190.0,190.0,500.0,500.0,0.0,0.0,0.0,0.3,4.26
11.1,200.7,6.23,49.6,539,190.0,190.0,190.0,500.0,500.0,0.0,0.0,0.0,0.3,4.26
11.0,200.7,6.23,49.8,540,190.0,190.0,190.0,500.0,500.0,0.0,0.0,0.0,0.3,4.27
10.8,200.7,6.23,49.8,541,190.0,190.0,190.0,500.0,500.0,0.0,0.0,0.0,0.3,4.28
10.8,200.7,6.23,49.8,542,190.0,190.0,190.0,500.0,500.0,0.0,0.0,0.0,0.3,4.29
10.9,200.7,6.23,49.8,543,190.0,190.0,190.0,500.0,500.0,0.0,0.0,0.0,0.3,4.30
10.9,200.7,6.23,50.0,544,190.0,190.0,190.0,500.0,500.0,0.0,0.0,0.0,0.3,4.31
10.9,200.7,6.23,49.8,545,190.0,190.0,190.0,500.0,500.0,0.0,0.0,0.0,0.3,4.32
11.1,200.7,6.23,49.8,546,190.0,190.0,190.0,500.0,500.0,0.0,0.0,0.0,0.3,4.33
11.0,200.6,6.23,49.8,547,190.0,190.0,190.0,500.0,500.0,0.0,0.0,0.0,0.3,4.34
10.9,200.6,6.23,49.8,548,190.0,190.0,190.0,500.0,500.0,0.0,0.0,0.0,0.3,4.35
10.9,200.6,6.23,49.6,549,190.0,190.0,190.0,500.0,500.0,0.0,0.0,0.0,0.3,4.36
10.9,200.6,6.23,49.8,550,190.0,190.0,190.0,500.0,500.0,0.0,0.0,0.0,0.3,4.36
10.8,200.6,6.23,49.8,551,190.0,190.0,190.0,500.0,500.0,0.0,0.0,0.0,0.3,4.37
10.8,200.6,6.23,49.8,552,190.0,190.0,190.0,500.0,500.0,0.0,0.0,0.0,0.3,4.38
10.9,200.6,6.23,49.8,553,190.0,190.0,190.0,500.0,500.0,0.0,0.0,0.0,0.3,4.39
11.1,200.6,6.23,50.0,554,190.0,190.0,190.0,500.0,500.0,0.0,0.0,0.0,0.3,4.40
11.2,200.6,6.23,49.8,555,190.0,190.0,190.0,500.0,500.0,0.0,0.0,0.0,0.3,4.41
11.3,200.6,6.23,49.8,556,190.0,190.0,190.0,500.0,500.0,0.0,0.0,0.0,0.3,4.42
11.3,200.6,6.23,49.8,557,190.0,190.0,190.0,500.0,500.0,0.0,0.0,0.0,0.3,4.43
11.1,200.6,6.23,49.8,558,190.0,190.0,190.0,500.0,500.0,0.0,0.0,0.0,0.3,4.44
10.9,200.6,6.23,49.8,559,190.0,190.0,190.0,500.0,500.0,0.0,0.0,0.0,0.3,4.45
10.8,200.6,6.23,49.8,560,190.0,190.0,190.0,500.0,500.0,0.0,0.0,0.0,0.3,4.46
10.8,200.6,6.23,49.8,561,190.0,190.0,190.0,500.0,500.0,0.0,0.0,0.0,0.3,4.46
10.9,200.6,6.23,49.8,562,190.0,190.0,190.0,500.0,500.0,0.0,0.0,0.0,0.3,4.47
11.1,200.7,6.23,49.8,563,190.0,190.0,190.0,500.0,500.0,0.0,0.0,0.0,0.3,4.48
11.4,200.7,6.23,49.8,564,190.0,190.0,190.0,500.0,500.0,0.0,0.0,0.0,0.3,4.49
11.6,200.7,6.23,49.8,565,190.0,190.0,190.0,500.0,500.0,0.0,0.0,0.0,0.3,4.50
11.5,200.7,6.23,49.8,566,190.0,190.0,190.0,500.0,500.0,0.0,0.0,0.0,0.3,4.51
11.2,200.8,6.23,49.8,567,190.0,190.0,190.0,500.0,500.0,0.0,0.0,0.0,0.3,4.52
11.1,200.7,6.23,49.8,568,190.0,190.0,190.0,500.0,500.0,0.0,0.0,0.0,0.3,4.53
11.0,200.7,6.23,49.6,569,190.0,190.0,190.0,500.0,500.0,0.0,0.0,0.0,0.3,4.54
10.9,200.6,6.23,49.8,570,190.0,190.0,190.0,500.0,500.0,0.0,0.0,0.0,0.3,4.55
10.9,200.6,6.23,49.6,571,190.0,190.0,190.0,500.0,500.0,0.0,0.0,0.0,0.3,4.56
11.1,200.7,6.23,49.6,572,190.0,190.0,190.0,500.0,500.0,0.0,0.0,0.0,0.3,4.57
11.2,200.7,6.23,49.6,573,190.0,190.0,190.0,500.0,500.0,0.0,0.0,0.0,0.3,4.58
11.3,200.8,6.23,49.6,574,190.0,190.0,190.0,500.0,500.0,0.0,0.0,0.0,0.3,4.59
11.4,200.8,6.23,49.6,575,190.0,190.2,190.0,500.0,500.0,0.0,0.0,0.0,0.3,4.59
11.4,200.8,6.23,49.8,576,190.0,190.2,190.0,500.0,500.0,0.0,0.0,0.0,0.3,4.60
11.3,200.7,6.23,49.8,577,190.0,190.2,190.0,500.0,500.0,0.0,0.0,0.0,0.3,4.61
11.2,200.7,6.23,49.8,578,190.0,190.2,190.0,500.0,500.0,0.0,0.0,0.0,0.3,4.62
11.1,200.7,6.23,50.0,579,190.0,190.2,190.0,500.0,500.0,0.0,0.0,0.0,0.3,4.63
11.1,200.7,6.23,49.8,580,190.0,190.2,190.0,500.0,500.0,0.0,0.0,0.0,0.3,4.64
11.2,200.7,6.23,49.8,581,190.0,190.2,190.0,500.0,500.0,0.0,0.0,0.0,0.3,4.65
11.1,200.7,6.23,49.8,582,190.0,190.2,190.0,500.0,500.0,0.0,0.0,0.0,0.3,4.66
11.0,200.7,6.23,49.8,583,190.0,190.1,190.0,500.0,500.0,0.0,0.0,0.0,0.3,4.67
11.1,200.7,6.23,49.8,584,190.0,190.0,190.0,500.0,500.0,0.0,0.0,0.0,0.3,4.68
11.0,200.7,6.23,49.8,585,190.0,190.0,190.0,500.0,500.0,0.0,0.0,0.0,0.3,4.69
10.8,200.7,6.23,49.8,586,190.0,190.0,190.0,500.0,500.0,0.0,0.0,0.0,0.3,4.70
11.0,200.7,6.23,49.8,587,190.0,190.0,190.0,500.0,500.0,0.0,0.0,0.0,0.3,4.71
11.1,200.8,6.23,49.8,588,190.0,190.0,190.0,500.0,500.0,0.0,0.0,0.0,0.3,4.71
11.0,200.8,6.23,49.8,589,190.0,190.0,190.0,500.0,500.0,0.0,0.0,0.0,0.3,4.72
11.0,200.8,6.23,50.0,590,190.0,190.0,190.0,500.0,500.0,0.0,0.0,0.0,0.3,4.73
11.0,200.8,6.23,49.8,591,190.0,190.0,190.1,500.0,500.0,0.0,0.0,0.0,0.3,4.74
11.0,200.8,6.23,49.8,592,190.0,190.0,190.1,500.0,500.0,0.0,0.0,0.0,0.3,4.75
10.9,200.8,6.23,49.8,593,190.0,190.0,190.1,500.0,500.0,0.0,0.0,0.0,0.3,4.76
10.8,200.8,6.23,49.8,594,190.0,190.0,190.1,500.0,500.0,0.0,0.0,0.0,0.3,4.77
10.9,200.8,6.23,49.6,595,190.0,190.0,190.1,500.0,500.0,0.0,0.0,0.0,0.3,4.78
11.1,200.8,6.23,49.8,596,190.0,190.0,190.1,500.0,500.0,0.0,0.0,0.0,0.3,4.79
11.3,200.8,6.23,49.8,597,190.0,190.0,190.1,500.0,500.0,0.0,0.0,0.0,0.3,4.80
11.4,200.8,6.23,49.8,598,190.0,190.0,190.1,500.0,500.0,0.0,0.0,0.0,0.3,4.81
11.5,200.8,6.23,49.8,599,190.0,190.0,190.1,500.0,500.0,0.0,0.0,0.0,0.3,4.82
