扭矩,料温,压力,转速,时间,温度1,温度2,温度3,温度4,温度5,温度6,温度7,温度8,顶栓,能量
1.9,184.1,6.23,0.0,0,186.5,188.2,187.9,500.0,500.0,0.0,0.0,0.0,0.3,0.00
1.9,184.1,6.23,2.4,1,186.5,188.2,187.9,500.0,500.0,0.0,0.0,0.0,0.3,0.00
1.8,184.1,6.23,10.6,2,186.6,188.2,187.9,500.0,500.0,0.0,0.0,0.0,0.3,0.00
1.7,184.1,6.23,20.4,3,186.6,188.2,187.7,500.0,500.0,0.0,0.0,0.0,0.3,0.00
1.5,184.1,6.23,30.4,4,186.6,188.3,187.4,500.0,500.0,0.0,0.0,0.0,0.3,0.00
1.4,184.1,6.23,40.6,5,186.6,188.5,187.3,500.0,500.0,0.0,0.0,0.0,0.3,0.00
1.3,184.0,6.23,48.2,6,186.7,188.7,187.3,500.0,500.0,0.0,0.0,0.0,0.3,0.00
1.3,183.6,6.23,49.8,7,186.7,188.9,187.3,500.0,500.0,0.0,0.0,0.0,0.3,0.00
1.2,182.9,6.23,50.0,8,186.7,189.1,187.3,500.0,500.0,0.0,0.0,0.0,0.3,0.01
1.1,182.2,6.23,50.0,9,186.7,189.2,187.1,500.0,500.0,0.0,0.0,0.0,0.3,0.01
1.1,181.6,6.23,49.6,10,186.7,189.3,187.0,500.0,500.0,0.0,0.0,0.0,0.3,0.01
1.0,181.1,6.23,49.6,11,186.8,189.5,187.0,500.0,500.0,0.0,0.0,0.0,0.3,0.01
0.9,180.5,6.23,49.8,12,186.8,189.8,187.0,500.0,500.0,0.0,0.0,0.0,0.3,0.01
0.8,180.0,6.23,49.6,13,186.8,189.9,186.8,500.0,500.0,0.0,0.0,0.0,0.3,0.01
0.8,179.5,6.23,49.6,14,186.8,190.0,186.7,500.0,500.0,0.0,0.0,0.0,0.3,0.01
0.8,179.2,6.23,49.8,15,186.8,190.0,186.7,500.0,500.0,0.0,0.0,0.0,0.3,0.01
0.8,178.8,6.23,49.8,16,186.8,190.0,186.7,500.0,500.0,0.0,0.0,0.0,0.3,0.01
0.7,178.6,6.23,49.8,17,186.8,190.0,186.6,500.0,500.0,0.0,0.0,0.0,0.3,0.01
0.7,178.4,6.23,50.0,18,186.8,190.0,186.6,500.0,500.0,0.0,0.0,0.0,0.3,0.01
0.7,178.2,6.23,50.0,19,186.9,190.0,186.5,500.0,500.0,0.0,0.0,0.0,0.3,0.01
0.7,178.0,6.23,49.8,20,186.9,190.0,186.5,500.0,500.0,0.0,0.0,0.0,0.3,0.01
0.7,177.7,6.23,49.8,21,186.9,190.0,186.4,500.0,500.0,0.0,0.0,0.0,0.3,0.01
0.8,177.3,6.23,49.8,22,186.9,190.0,186.2,500.0,500.0,0.0,0.0,0.0,0.3,0.02
0.9,176.8,6.23,49.8,23,186.9,190.0,186.2,500.0,500.0,0.0,0.0,0.0,0.3,0.02
1.0,176.2,6.23,49.8,24,186.9,190.0,186.2,500.0,500.0,0.0,0.0,0.0,0.3,0.02
0.9,175.6,6.23,50.0,25,186.9,190.1,186.2,500.0,500.0,0.0,0.0,0.0,0.3,0.02
0.9,175.1,6.23,49.8,26,186.9,190.1,186.2,500.0,500.0,0.0,0.0,0.0,0.3,0.02
1.0,174.6,6.23,49.8,27,186.8,190.1,186.2,500.0,500.0,0.0,0.0,0.0,0.3,0.02
0.9,174.2,6.23,49.8,28,186.8,190.0,186.1,500.0,500.0,0.0,0.0,0.0,0.3,0.02
1.0,173.8,6.23,49.8,29,186.8,190.0,186.0,500.0,500.0,0.0,0.0,0.0,0.3,0.02
1.1,173.5,6.23,49.8,30,186.8,190.0,186.0,500.0,500.0,0.0,0.0,0.0,0.3,0.02
1.1,173.4,6.23,50.0,31,186.8,190.0,186.0,500.0,500.0,0.0,0.0,0.0,0.3,0.02
1.1,173.2,6.23,50.0,32,186.8,190.0,186.0,500.0,500.0,0.0,0.0,0.0,0.3,0.02
1.2,173.1,6.23,50.0,33,186.8,190.0,186.0,500.0,500.0,0.0,0.0,0.0,0.3,0.02
1.2,172.9,6.23,50.0,34,186.8,189.9,186.0,500.0,500.0,0.0,0.0,0.0,0.3,0.03
1.2,172.8,6.23,49.8,35,186.8,189.8,186.0,500.0,500.0,0.0,0.0,0.0,0.3,0.03
1.1,172.6,6.23,49.8,36,186.8,189.6,185.9,500.0,500.0,0.0,0.0,0.0,0.3,0.03
1.1,172.4,6.23,49.8,37,186.8,189.3,185.9,500.0,500.0,0.0,0.0,0.0,0.3,0.03
1.0,172.3,6.23,49.8,38,186.8,189.2,185.9,500.0,500.0,0.0,0.0,0.0,0.3,0.03
1.0,172.2,6.23,49.8,39,186.8,189.1,185.9,500.0,500.0,0.0,0.0,0.0,0.3,0.03
1.0,172.1,6.23,50.0,40,186.8,189.1,185.9,500.0,500.0,0.0,0.0,0.0,0.3,0.03
1.1,172.1,6.23,50.2,41,186.8,189.1,185.9,500.0,500.0,0.0,0.0,0.0,0.3,0.03
1.2,172.1,6.23,50.2,42,186.8,189.1,185.9,500.0,500.0,0.0,0.0,0.0,0.3,0.03
1.2,172.2,6.23,50.2,43,186.8,189.0,185.9,500.0,500.0,0.0,0.0,0.0,0.3,0.03
1.2,172.2,6.23,50.0,44,186.8,188.9,185.9,500.0,500.0,0.0,0.0,0.0,0.3,0.04
1.3,172.2,6.23,50.0,45,186.8,188.9,185.9,500.0,500.0,0.0,0.0,0.0,0.3,0.04
1.2,172.2,6.23,49.8,46,186.8,188.9,185.9,500.0,500.0,0.0,0.0,0.0,0.3,0.04
1.2,172.2,6.23,49.6,47,186.8,189.0,185.9,500.0,500.0,0.0,0.0,0.0,0.3,0.04
1.1,172.1,6.23,49.6,48,186.8,189.0,185.9,500.0,500.0,0.0,0.0,0.0,0.3,0.04
1.2,172.1,6.23,49.8,49,186.8,189.2,185.9,500.0,500.0,0.0,0.0,0.0,0.3,0.04
1.2,172.1,6.23,49.8,50,186.9,189.3,186.0,500.0,500.0,0.0,0.0,0.0,0.3,0.04
1.2,172.1,6.23,49.8,51,186.9,189.4,186.0,500.0,500.0,0.0,0.0,0.0,0.3,0.04
1.2,172.1,6.23,50.0,52,186.9,189.5,186.0,500.0,500.0,0.0,0.0,0.0,0.3,0.04
1.2,172.1,6.23,50.0,53,186.9,189.7,186.0,500.0,500.0,0.0,0.0,0.0,0.3,0.04
1.2,172.1,6.23,50.0,54,186.9,190.0,186.0,500.0,500.0,0.0,0.0,0.0,0.3,0.05
1.2,172.2,6.23,49.8,55,186.9,190.0,186.0,500.0,500.0,0.0,0.0,0.0,0.3,0.05
1.3,172.2,6.23,49.8,56,187.0,190.0,186.0,500.0,500.0,0.0,0.0,0.0,0.3,0.05
1.2,172.2,6.23,49.6,57,187.0,190.0,186.1,500.0,500.0,0.0,0.0,0.0,0.3,0.05
1.3,172.2,6.23,49.6,58,187.0,190.0,186.1,500.0,500.0,0.0,0.0,0.0,0.3,0.05
1.2,172.2,6.23,49.6,59,187.1,190.1,186.1,500.0,500.0,0.0,0.0,0.0,0.3,0.05
1.2,172.2,6.23,49.8,60,187.2,190.3,186.2,500.0,500.0,0.0,0.0,0.0,0.3,0.05
1.2,172.2,6.23,49.8,61,187.2,190.5,186.3,500.0,500.0,0.0,0.0,0.0,0.3,0.05
1.3,172.2,6.23,50.0,62,187.2,190.6,186.3,500.0,500.0,0.0,0.0,0.0,0.3,0.05
1.3,172.2,6.23,50.0,63,187.2,190.7,186.3,500.0,500.0,0.0,0.0,0.0,0.3,0.05
1.3,172.2,6.23,50.0,64,187.3,190.9,186.3,500.0,500.0,0.0,0.0,0.0,0.3,0.06
1.3,172.2,6.23,49.8,65,187.4,191.0,186.3,500.0,500.0,0.0,0.0,0.0,0.3,0.06
1.3,172.1,6.23,49.8,66,187.4,191.0,186.4,500.0,500.0,0.0,0.0,0.0,0.3,0.06
1.2,172.1,6.23,49.8,67,187.4,191.0,186.5,500.0,500.0,0.0,0.0,0.0,0.3,0.06
1.0,172.1,6.23,49.8,68,187.4,191.0,186.5,500.0,500.0,0.0,0.0,0.0,0.3,0.06
0.8,172.0,6.23,49.8,69,187.5,191.1,186.5,500.0,500.0,0.0,0.0,0.0,0.3,0.06
0.6,172.0,6.23,50.0,70,187.6,191.1,186.5,500.0,500.0,0.0,0.0,0.0,0.3,0.06
0.5,172.0,6.23,49.8,71,187.6,191.1,186.5,500.0,500.0,0.0,0.0,0.0,0.3,0.06
0.5,171.9,6.23,49.8,72,187.6,190.9,186.5,500.0,500.0,0.0,0.0,0.0,0.3,0.06
0.4,171.8,6.23,49.8,73,187.6,190.7,186.6,500.0,500.0,0.0,0.0,0.0,0.3,0.06
0.4,171.7,6.23,49.8,74,187.6,190.6,186.7,500.0,500.0,0.0,0.0,0.0,0.3,0.06
0.3,171.6,6.23,49.8,75,187.7,190.4,186.7,500.0,500.0,0.0,0.0,0.0,0.3,0.06
0.3,171.5,6.23,49.8,76,187.9,190.1,186.7,500.0,500.0,0.0,0.0,0.0,0.3,0.06
0.5,171.5,6.23,49.8,77,187.9,190.0,186.7,500.0,500.0,0.0,0.0,0.0,0.3,0.06
0.8,171.6,6.23,49.8,78,187.9,190.0,186.7,500.0,500.0,0.0,0.0,0.0,0.3,0.06
1.1,171.6,6.23,49.6,79,187.9,190.0,186.8,500.0,500.0,0.0,0.0,0.0,0.3,0.06
1.5,171.5,6.23,49.6,80,187.9,190.0,186.8,500.0,500.0,0.0,0.0,0.0,0.3,0.07
1.7,171.5,6.23,49.8,81,188.0,190.0,186.8,500.0,500.0,0.0,0.0,0.0,0.3,0.07
2.5,171.5,6.23,49.8,82,188.1,190.0,186.8,500.0,500.0,0.0,0.0,0.0,0.3,0.07
4.6,171.5,6.23,49.8,83,188.2,190.0,186.8,500.0,500.0,0.0,0.0,0.0,0.3,0.07
7.5,171.4,6.23,49.8,84,188.2,190.0,186.9,500.0,500.0,0.0,0.0,0.0,0.3,0.08
13.1,170.7,6.23,49.8,85,188.2,189.8,186.9,500.0,500.0,0.0,0.0,0.0,0.3,0.09
20.4,169.7,6.23,49.8,86,188.2,189.8,186.9,500.0,500.0,0.0,0.0,0.0,0.3,0.11
26.1,168.1,6.23,49.8,87,188.3,189.8,186.9,500.0,500.0,0.0,0.0,0.0,0.3,0.13
29.2,166.6,6.23,49.8,88,188.5,189.8,187.0,500.0,500.0,0.0,0.0,0.0,0.3,0.15
32.0,165.2,6.23,50.0,89,188.6,189.7,187.1,500.0,500.0,0.0,0.0,0.0,0.3,0.18
31.5,164.4,6.23,49.8,90,188.6,189.7,187.2,500.0,500.0,0.0,0.0,0.0,0.3,0.21
28.9,163.9,6.23,49.8,91,188.6,189.7,187.2,500.0,500.0,0.0,0.0,0.0,0.3,0.23
26.2,163.7,6.23,49.8,92,188.6,189.7,187.2,500.0,500.0,0.0,0.0,0.0,0.3,0.25
24.8,163.7,6.23,49.8,93,188.7,189.7,187.2,500.0,500.0,0.0,0.0,0.0,0.3,0.27
22.9,163.9,6.23,49.8,94,188.8,189.9,187.2,500.0,500.0,0.0,0.0,0.0,0.3,0.29
21.1,164.2,6.23,50.0,95,188.8,190.0,187.2,500.0,500.0,0.0,0.0,0.0,0.3,0.31
20.2,164.6,6.23,50.0,96,188.9,190.0,187.3,500.0,500.0,0.0,0.0,0.0,0.3,0.33
19.5,165.0,6.23,49.8,97,189.0,190.0,187.3,500.0,500.0,0.0,0.0,0.0,0.3,0.34
18.3,165.5,6.23,49.8,98,189.0,190.0,187.3,500.0,500.0,0.0,0.0,0.0,0.3,0.36
16.9,165.8,6.23,49.8,99,189.0,190.0,187.3,500.0,500.0,0.0,0.0,0.0,0.3,0.37
15.7,166.2,6.23,49.8,100,189.0,190.1,187.3,500.0,500.0,0.0,0.0,0.0,0.3,0.38
14.0,166.6,6.23,49.8,101,189.0,190.3,187.3,500.0,500.0,0.0,0.0,0.0,0.3,0.40
12.9,167.0,6.23,50.0,102,189.0,190.5,187.3,500.0,500.0,0.0,0.0,0.0,0.3,0.41
11.9,167.5,6.23,49.8,103,189.1,190.6,187.3,500.0,500.0,0.0,0.0,0.0,0.3,0.42
11.3,167.9,6.23,49.8,104,189.2,190.9,187.3,500.0,500.0,0.0,0.0,0.0,0.3,0.43
11.2,168.4,6.23,49.8,105,189.2,191.1,187.3,500.0,500.0,0.0,0.0,0.0,0.3,0.43
11.0,168.8,6.23,49.8,106,189.2,191.2,187.3,500.0,500.0,0.0,0.0,0.0,0.3,0.44
10.8,169.1,6.23,49.8,107,189.2,191.2,187.3,500.0,500.0,0.0,0.0,0.0,0.3,0.45
10.6,169.5,6.23,50.0,108,189.2,191.4,187.3,500.0,500.0,0.0,0.0,0.0,0.3,0.46
10.1,169.7,6.23,50.0,109,189.2,191.5,187.4,500.0,500.0,0.0,0.0,0.0,0.3,0.47
9.6,170.1,6.23,49.8,110,189.3,191.7,187.4,500.0,500.0,0.0,0.0,0.0,0.3,0.48
9.4,170.5,6.23,49.8,111,189.4,191.8,187.4,500.0,500.0,0.0,0.0,0.0,0.3,0.49
9.3,170.8,6.23,49.8,112,189.4,191.8,187.4,500.0,500.0,0.0,0.0,0.0,0.3,0.49
9.4,171.2,6.23,49.8,113,189.4,191.8,187.4,500.0,500.0,0.0,0.0,0.0,0.3,0.50
9.6,171.6,6.23,49.8,114,189.4,191.8,187.4,500.0,500.0,0.0,0.0,0.0,0.3,0.51
9.8,171.9,6.23,50.0,115,189.4,191.8,187.4,500.0,500.0,0.0,0.0,0.0,0.3,0.52
9.8,172.3,6.23,49.8,116,189.5,191.8,187.4,500.0,500.0,0.0,0.0,0.0,0.3,0.53
9.8,172.7,6.23,49.8,117,189.6,191.6,187.4,500.0,500.0,0.0,0.0,0.0,0.3,0.53
9.6,173.0,6.23,49.8,118,189.6,191.4,187.4,500.0,500.0,0.0,0.0,0.0,0.3,0.54
9.3,173.3,6.23,49.8,119,189.6,191.3,187.4,500.0,500.0,0.0,0.0,0.0,0.3,0.55
9.1,173.6,6.23,49.8,120,189.6,191.1,187.4,500.0,500.0,0.0,0.0,0.0,0.3,0.56
9.2,173.9,6.23,50.0,121,189.6,191.0,187.4,500.0,500.0,0.0,0.0,0.0,0.3,0.56
9.3,174.2,6.23,49.8,122,189.6,190.8,187.4,500.0,500.0,0.0,0.0,0.0,0.3,0.57
9.4,174.5,6.23,49.8,123,189.6,190.6,187.4,500.0,500.0,0.0,0.0,0.0,0.3,0.58
9.4,174.8,6.23,49.8,124,189.6,190.5,187.5,500.0,500.0,0.0,0.0,0.0,0.3,0.59
9.2,175.1,6.23,49.8,125,189.7,190.3,187.5,500.0,500.0,0.0,0.0,0.0,0.3,0.60
9.0,175.3,6.23,49.8,126,189.8,190.1,187.5,500.0,500.0,0.0,0.0,0.0,0.3,0.60
8.7,175.6,6.23,50.0,127,189.8,190.0,187.5,500.0,500.0,0.0,0.0,0.0,0.3,0.61
8.5,175.9,6.23,49.8,128,189.8,190.0,187.5,500.0,500.0,0.0,0.0,0.0,0.3,0.62
8.4,176.1,6.23,49.8,129,189.8,190.0,187.5,500.0,500.0,0.0,0.0,0.0,0.3,0.62
8.6,176.4,6.23,49.8,130,189.8,190.0,187.5,500.0,500.0,0.0,0.0,0.0,0.3,0.63
8.7,176.6,6.23,49.8,131,189.8,190.0,187.6,500.0,500.0,0.0,0.0,0.0,0.3,0.64
8.8,176.8,6.23,49.8,132,189.9,190.0,187.6,500.0,500.0,0.0,0.0,0.0,0.3,0.65
9.2,177.0,6.23,50.0,133,189.9,190.0,187.6,500.0,500.0,0.0,0.0,0.0,0.3,0.65
9.3,177.2,6.23,50.0,134,189.9,190.0,187.6,500.0,500.0,0.0,0.0,0.0,0.3,0.66
9.0,177.3,6.23,49.8,135,189.9,190.0,187.6,500.0,500.0,0.0,0.0,0.0,0.3,0.67
8.8,177.5,6.23,49.8,136,189.9,190.0,187.6,500.0,500.0,0.0,0.0,0.0,0.3,0.68
8.7,177.6,6.23,49.8,137,190.0,190.0,187.6,500.0,500.0,0.0,0.0,0.0,0.3,0.68
8.8,177.8,6.23,49.8,138,190.0,190.0,187.7,500.0,500.0,0.0,0.0,0.0,0.3,0.69
9.2,178.0,6.23,49.8,139,190.0,190.0,187.8,500.0,500.0,0.0,0.0,0.0,0.3,0.70
9.6,178.3,6.23,50.0,140,190.0,190.0,187.8,500.0,500.0,0.0,0.0,0.0,0.3,0.71
9.5,178.5,6.23,50.0,141,190.0,190.0,187.8,500.0,500.0,0.0,0.0,0.0,0.3,0.71
9.3,178.7,6.23,49.8,142,190.0,190.2,187.8,500.0,500.0,0.0,0.0,0.0,0.3,0.72
9.2,178.8,6.23,49.8,143,190.0,190.3,187.9,500.0,500.0,0.0,0.0,0.0,0.3,0.73
8.9,179.0,6.23,49.8,144,190.0,190.5,188.0,500.0,500.0,0.0,0.0,0.0,0.3,0.74
8.6,179.2,6.23,49.8,145,190.0,190.6,188.0,500.0,500.0,0.0,0.0,0.0,0.3,0.74
8.7,179.3,6.23,49.8,146,190.0,190.8,188.0,500.0,500.0,0.0,0.0,0.0,0.3,0.75
8.9,179.4,6.23,50.0,147,190.0,191.2,188.0,500.0,500.0,0.0,0.0,0.0,0.3,0.76
8.9,179.6,6.23,49.8,148,190.0,191.3,188.1,500.0,500.0,0.0,0.0,0.0,0.3,0.77
8.9,179.8,6.23,49.8,149,190.0,191.5,188.2,500.0,500.0,0.0,0.0,0.0,0.3,0.77
9.0,180.0,6.23,49.8,150,190.0,191.7,188.2,500.0,500.0,0.0,0.0,0.0,0.3,0.78
8.9,180.1,6.23,49.8,151,190.0,191.8,188.2,500.0,500.0,0.0,0.0,0.0,0.3,0.79
8.8,180.3,6.23,49.8,152,190.0,191.9,188.3,500.0,500.0,0.0,0.0,0.0,0.3,0.80
8.7,180.5,6.23,50.0,153,190.0,191.9,188.4,500.0,500.0,0.0,0.0,0.0,0.3,0.80
8.6,180.6,6.23,50.0,154,190.0,191.9,188.4,500.0,500.0,0.0,0.0,0.0,0.3,0.81
8.9,180.8,6.23,49.8,155,190.0,192.0,188.4,500.0,500.0,0.0,0.0,0.0,0.3,0.82
8.9,180.9,6.23,49.8,156,190.0,192.2,188.5,500.0,500.0,0.0,0.0,0.0,0.3,0.82
9.0,181.0,6.23,49.8,157,190.0,192.2,188.6,500.0,500.0,0.0,0.0,0.0,0.3,0.83
9.1,181.2,6.23,49.8,158,190.0,192.2,188.6,500.0,500.0,0.0,0.0,0.0,0.3,0.84
9.1,181.3,6.23,49.8,159,190.0,192.2,188.6,500.0,500.0,0.0,0.0,0.0,0.3,0.85
8.8,181.5,6.23,49.8,160,190.0,192.1,188.7,500.0,500.0,0.0,0.0,0.0,0.3,0.85
8.6,181.7,6.23,49.8,161,190.0,191.9,188.8,500.0,500.0,0.0,0.0,0.0,0.3,0.86
8.4,181.8,6.23,49.8,162,190.0,191.7,188.8,500.0,500.0,0.0,0.0,0.0,0.3,0.87
8.3,181.9,6.23,49.8,163,190.0,191.6,188.8,500.0,500.0,0.0,0.0,0.0,0.3,0.88
8.3,182.0,6.23,49.8,164,190.0,191.6,188.8,500.0,500.0,0.0,0.0,0.0,0.3,0.88
8.4,182.1,6.23,50.0,165,190.0,191.4,189.0,500.0,500.0,0.0,0.0,0.0,0.3,0.89
8.6,182.2,6.23,50.0,166,190.0,191.2,189.1,500.0,500.0,0.0,0.0,0.0,0.3,0.90
8.6,182.3,6.23,49.8,167,190.0,191.0,189.1,500.0,500.0,0.0,0.0,0.0,0.3,0.90
8.5,182.4,6.23,49.8,168,190.0,190.9,189.1,500.0,500.0,0.0,0.0,0.0,0.3,0.91
8.1,182.6,6.23,49.8,169,190.0,190.7,189.1,500.0,500.0,0.0,0.0,0.0,0.3,0.92
8.2,182.8,6.23,49.8,170,190.0,190.5,189.2,500.0,500.0,0.0,0.0,0.0,0.3,0.92
8.0,182.9,6.23,49.8,171,190.0,190.3,189.4,500.0,500.0,0.0,0.0,0.0,0.3,0.93
8.1,183.1,6.23,50.0,172,190.0,190.1,189.4,500.0,500.0,0.0,0.0,0.0,0.3,0.94
8.1,183.2,6.23,49.8,173,190.0,190.0,189.4,500.0,500.0,0.0,0.0,0.0,0.3,0.94
8.4,183.3,6.23,49.8,174,190.0,190.0,189.4,500.0,500.0,0.0,0.0,0.0,0.3,0.95
8.4,183.5,6.23,49.8,175,190.0,190.0,189.5,500.0,500.0,0.0,0.0,0.0,0.3,0.96
8.8,183.6,6.23,49.8,176,190.0,190.0,189.6,500.0,500.0,0.0,0.0,0.0,0.3,0.97
8.9,183.7,6.23,49.8,177,190.0,190.0,189.7,500.0,500.0,0.0,0.0,0.0,0.3,0.97
8.8,183.9,6.23,50.0,178,190.0,190.0,189.7,500.0,500.0,0.0,0.0,0.0,0.3,0.98
8.5,184.0,6.23,50.0,179,190.0,190.0,189.7,500.0,500.0,0.0,0.0,0.0,0.3,0.99
8.4,184.1,6.23,49.8,180,190.0,190.0,189.7,500.0,500.0,0.0,0.0,0.0,0.3,0.99
8.4,184.2,6.23,49.8,181,190.0,190.0,189.8,500.0,500.0,0.0,0.0,0.0,0.3,1.00
8.6,184.3,6.23,49.8,182,190.0,190.0,189.9,500.0,500.0,0.0,0.0,0.0,0.3,1.01
8.7,184.4,6.23,49.8,183,190.0,190.0,189.9,500.0,500.0,0.0,0.0,0.0,0.3,1.02
8.4,184.5,6.23,49.8,184,190.0,190.0,190.0,500.0,500.0,0.0,0.0,0.0,0.3,1.02
8.4,184.7,6.23,50.0,185,190.0,190.0,190.0,500.0,500.0,0.0,0.0,0.0,0.3,1.03
8.4,184.9,6.23,49.8,186,190.0,190.0,190.0,500.0,500.0,0.0,0.0,0.0,0.3,1.04
8.2,185.0,6.23,49.8,187,190.0,190.0,190.0,500.0,500.0,0.0,0.0,0.0,0.3,1.04
8.1,185.1,6.23,49.8,188,190.0,190.0,190.0,500.0,500.0,0.0,0.0,0.0,0.3,1.05
8.4,185.2,6.23,49.8,189,190.0,190.0,190.0,500.0,500.0,0.0,0.0,0.0,0.3,1.06
8.4,185.3,6.23,49.8,190,190.0,190.0,190.0,500.0,500.0,0.0,0.0,0.0,0.3,1.06
8.5,185.3,6.23,50.0,191,190.1,190.0,190.0,500.0,500.0,0.0,0.0,0.0,0.3,1.07
8.6,185.4,6.23,49.8,192,190.1,190.0,190.0,500.0,500.0,0.0,0.0,0.0,0.3,1.08
8.5,185.4,6.23,49.6,193,190.1,190.0,190.0,500.0,500.0,0.0,0.0,0.0,0.3,1.09
8.2,185.5,6.23,49.6,194,190.1,190.2,190.0,500.0,500.0,0.0,0.0,0.0,0.3,1.09
8.0,185.7,6.23,49.6,195,190.1,190.4,190.0,500.0,500.0,0.0,0.0,0.0,0.3,1.10
7.8,185.8,6.23,49.6,196,190.1,190.5,190.0,500.0,500.0,0.0,0.0,0.0,0.3,1.11
7.9,185.9,6.23,49.8,197,190.1,190.6,190.0,500.0,500.0,0.0,0.0,0.0,0.3,1.11
8.0,186.1,6.23,50.0,198,190.1,190.8,190.0,500.0,500.0,0.0,0.0,0.0,0.3,1.12
8.2,186.2,6.23,49.8,199,190.2,190.9,190.0,500.0,500.0,0.0,0.0,0.0,0.3,1.13
8.4,186.3,6.23,49.8,200,190.2,191.0,190.0,500.0,500.0,0.0,0.0,0.0,0.3,1.13
8.5,186.4,6.23,49.8,201,190.2,191.0,190.0,500.0,500.0,0.0,0.0,0.0,0.3,1.14
8.2,186.4,6.23,49.8,202,190.2,191.1,190.0,500.0,500.0,0.0,0.0,0.0,0.3,1.15
7.9,186.5,6.23,49.8,203,190.2,191.2,190.0,500.0,500.0,0.0,0.0,0.0,0.3,1.15
7.8,186.6,6.23,49.8,204,190.2,191.2,190.0,500.0,500.0,0.0,0.0,0.0,0.3,1.16
7.6,186.7,6.23,49.6,205,190.2,191.2,190.0,500.0,500.0,0.0,0.0,0.0,0.3,1.17
7.6,186.8,6.23,49.6,206,190.3,191.2,190.0,500.0,500.0,0.0,0.0,0.0,0.3,1.17
7.9,186.9,6.23,49.6,207,190.3,191.1,190.0,500.0,500.0,0.0,0.0,0.0,0.3,1.18
8.3,187.1,6.23,49.6,208,190.3,190.9,190.0,500.0,500.0,0.0,0.0,0.0,0.3,1.19
8.6,187.2,6.23,49.8,209,190.3,190.8,190.0,500.0,500.0,0.0,0.0,0.0,0.3,1.19
8.6,187.3,6.23,50.0,210,190.3,190.7,190.0,500.0,500.0,0.0,0.0,0.0,0.3,1.20
8.1,187.4,6.23,49.8,211,190.3,190.5,190.0,500.0,500.0,0.0,0.0,0.0,0.3,1.21
8.1,187.5,6.23,49.8,212,190.3,190.4,190.0,500.0,500.0,0.0,0.0,0.0,0.3,1.21
8.1,187.5,6.23,49.8,213,190.3,190.3,190.0,500.0,500.0,0.0,0.0,0.0,0.3,1.22
8.1,187.6,6.23,49.8,214,190.3,190.2,190.0,500.0,500.0,0.0,0.0,0.0,0.3,1.23
8.1,187.7,6.23,49.8,215,190.4,190.0,190.0,500.0,500.0,0.0,0.0,0.0,0.3,1.23
8.5,187.8,6.23,50.0,216,190.4,190.0,190.0,500.0,500.0,0.0,0.0,0.0,0.3,1.24
8.5,187.9,6.23,49.8,217,190.4,190.0,190.0,500.0,500.0,0.0,0.0,0.0,0.3,1.25
8.6,188.1,6.23,49.8,218,190.4,190.0,190.0,500.0,500.0,0.0,0.0,0.0,0.3,1.25
8.4,188.2,6.23,49.8,219,190.4,190.0,190.0,500.0,500.0,0.0,0.0,0.0,0.3,1.26
8.2,188.2,6.23,49.8,220,190.4,190.0,190.0,500.0,500.0,0.0,0.0,0.0,0.3,1.27
8.1,188.3,6.23,49.8,221,190.4,190.0,190.0,500.0,500.0,0.0,0.0,0.0,0.3,1.28
8.1,188.4,6.23,50.0,222,190.4,190.0,190.0,500.0,500.0,0.0,0.0,0.0,0.3,1.28
8.0,188.4,6.23,49.8,223,190.4,190.0,190.0,500.0,500.0,0.0,0.0,0.0,0.3,1.29
8.0,188.5,6.23,49.6,224,190.4,190.0,190.0,500.0,500.0,0.0,0.0,0.0,0.3,1.30
8.0,188.6,6.23,49.6,225,190.4,190.0,190.0,500.0,500.0,0.0,0.0,0.0,0.3,1.30
7.8,188.6,6.23,49.6,226,190.4,190.0,190.0,500.0,500.0,0.0,0.0,0.0,0.3,1.31
7.7,188.6,6.23,49.6,227,190.4,190.0,190.0,500.0,500.0,0.0,0.0,0.0,0.3,1.31
7.7,188.7,6.23,49.8,228,190.4,190.0,190.0,500.0,500.0,0.0,0.0,0.0,0.3,1.32
7.8,188.8,6.23,50.0,229,190.5,190.0,190.0,500.0,500.0,0.0,0.0,0.0,0.3,1.33
8.1,188.9,6.23,49.8,230,190.5,190.0,190.0,500.0,500.0,0.0,0.0,0.0,0.3,1.33
8.3,189.0,6.23,49.8,231,190.5,190.0,190.0,500.0,500.0,0.0,0.0,0.0,0.3,1.34
8.2,189.1,6.23,49.8,232,190.5,190.0,190.0,500.0,500.0,0.0,0.0,0.0,0.3,1.35
8.3,189.2,6.23,49.8,233,190.5,190.0,190.0,500.0,500.0,0.0,0.0,0.0,0.3,1.35
8.1,189.2,6.23,49.8,234,190.5,190.0,190.0,500.0,500.0,0.0,0.0,0.0,0.3,1.36
7.8,189.3,6.23,50.0,235,190.5,190.0,190.0,500.0,500.0,0.0,0.0,0.0,0.3,1.37
7.6,189.4,6.23,49.8,236,190.5,190.1,190.0,500.0,500.0,0.0,0.0,0.0,0.3,1.37
7.6,189.4,6.23,49.8,237,190.5,190.3,190.0,500.0,500.0,0.0,0.0,0.0,0.3,1.38
7.5,189.5,6.23,49.8,238,190.5,190.4,190.0,500.0,500.0,0.0,0.0,0.0,0.3,1.39
7.7,189.6,6.23,49.8,239,190.5,190.7,190.0,500.0,500.0,0.0,0.0,0.0,0.3,1.39
8.1,189.7,6.23,49.8,240,190.5,190.9,190.0,500.0,500.0,0.0,0.0,0.0,0.3,1.40
8.3,189.8,6.23,50.0,241,190.6,191.0,190.0,500.0,500.0,0.0,0.0,0.0,0.3,1.41
8.3,189.9,6.23,49.8,242,190.6,191.2,190.0,500.0,500.0,0.0,0.0,0.0,0.3,1.41
8.2,190.0,6.23,49.8,243,190.6,191.3,190.0,500.0,500.0,0.0,0.0,0.0,0.3,1.42
8.1,190.1,6.23,49.8,244,190.6,191.4,190.0,500.0,500.0,0.0,0.0,0.0,0.3,1.43
8.1,190.1,6.23,49.8,245,190.6,191.5,190.0,500.0,500.0,0.0,0.0,0.0,0.3,1.43
8.1,190.2,6.23,49.8,246,190.6,191.6,190.0,500.0,500.0,0.0,0.0,0.0,0.3,1.44
8.1,190.2,6.23,50.0,247,190.6,191.6,190.0,500.0,500.0,0.0,0.0,0.0,0.3,1.45
8.2,190.3,6.23,49.8,248,190.6,191.6,190.0,500.0,500.0,0.0,0.0,0.0,0.3,1.45
8.3,190.4,6.22,49.8,249,190.6,191.6,190.0,500.0,500.0,0.0,0.0,0.0,0.3,1.46
8.3,190.4,6.23,49.8,250,190.6,191.7,190.0,500.0,500.0,0.0,0.0,0.0,0.3,1.47
8.3,190.5,6.23,49.8,251,190.6,191.7,190.0,500.0,500.0,0.0,0.0,0.0,0.3,1.47
8.2,190.6,6.23,49.8,252,190.6,191.7,190.0,500.0,500.0,0.0,0.0,0.0,0.3,1.48
8.1,190.7,6.23,50.0,253,190.6,191.7,190.0,500.0,500.0,0.0,0.0,0.0,0.3,1.49
8.0,190.8,6.23,50.0,254,190.6,191.7,190.0,500.0,500.0,0.0,0.0,0.0,0.3,1.50
7.9,190.8,6.23,49.8,255,190.6,191.5,190.0,500.0,500.0,0.0,0.0,0.0,0.3,1.50
7.9,190.8,6.23,49.8,256,190.7,191.4,190.0,500.0,500.0,0.0,0.0,0.0,0.3,1.51
7.9,190.8,6.22,49.8,257,190.7,191.4,190.0,500.0,500.0,0.0,0.0,0.0,0.3,1.51
7.7,190.9,6.23,49.8,258,190.7,191.4,190.0,500.0,500.0,0.0,0.0,0.0,0.3,1.52
7.5,191.0,6.23,49.6,259,190.7,191.1,190.0,500.0,500.0,0.0,0.0,0.0,0.3,1.53
7.6,191.0,6.23,49.6,260,190.7,190.8,190.0,500.0,500.0,0.0,0.0,0.0,0.3,1.53
7.4,191.1,6.23,49.6,261,190.7,190.8,190.0,500.0,500.0,0.0,0.0,0.0,0.3,1.54
7.3,191.2,6.23,49.6,262,190.7,190.6,190.0,500.0,500.0,0.0,0.0,0.0,0.3,1.55
7.5,191.3,6.23,49.6,263,190.8,190.5,190.0,500.0,500.0,0.0,0.0,0.0,0.3,1.55
7.6,191.4,6.23,49.8,264,190.8,190.5,190.0,500.0,500.0,0.0,0.0,0.0,0.3,1.56
7.6,191.5,6.23,50.0,265,190.8,190.5,190.0,500.0,500.0,0.0,0.0,0.0,0.3,1.56
7.7,191.5,6.23,50.0,266,190.8,190.5,190.0,500.0,500.0,0.0,0.0,0.0,0.3,1.57
7.8,191.6,6.23,49.8,267,190.8,190.2,190.0,500.0,500.0,0.0,0.0,0.0,0.3,1.58
7.7,191.7,6.23,49.8,268,190.8,190.0,190.0,500.0,500.0,0.0,0.0,0.0,0.3,1.58
7.5,191.7,6.23,49.8,269,190.8,190.0,190.0,500.0,500.0,0.0,0.0,0.0,0.3,1.59
7.4,191.8,6.23,49.8,270,190.8,190.0,190.0,500.0,500.0,0.0,0.0,0.0,0.3,1.60
7.4,191.9,6.23,49.6,271,190.8,190.0,190.1,500.0,500.0,0.0,0.0,0.0,0.3,1.60
7.8,192.0,6.23,49.8,272,190.8,190.0,190.1,500.0,500.0,0.0,0.0,0.0,0.3,1.61
8.1,192.0,6.23,49.8,273,190.8,190.0,190.1,500.0,500.0,0.0,0.0,0.0,0.3,1.62
8.3,192.1,6.23,49.8,274,190.8,190.0,190.2,500.0,500.0,0.0,0.0,0.0,0.3,1.62
8.4,192.1,6.23,49.8,275,190.8,190.0,190.2,500.0,500.0,0.0,0.0,0.0,0.3,1.63
8.3,192.2,6.23,50.0,276,190.9,190.0,190.2,500.0,500.0,0.0,0.0,0.0,0.3,1.64
8.1,192.3,6.23,50.0,277,190.9,190.0,190.2,500.0,500.0,0.0,0.0,0.0,0.3,1.64
7.9,192.3,6.23,50.0,278,190.9,190.0,190.3,500.0,500.0,0.0,0.0,0.0,0.3,1.65
7.8,192.4,6.23,49.8,279,190.9,190.1,190.3,500.0,500.0,0.0,0.0,0.0,0.3,1.66
7.7,192.4,6.23,49.8,280,190.9,190.1,190.3,500.0,500.0,0.0,0.0,0.0,0.3,1.66
7.7,192.5,6.23,49.8,281,190.9,190.1,190.3,500.0,500.0,0.0,0.0,0.0,0.3,1.67
7.8,192.5,6.23,49.8,282,190.9,190.1,190.3,500.0,500.0,0.0,0.0,0.0,0.3,1.68
8.1,192.5,6.23,49.6,283,190.9,190.3,190.4,500.0,500.0,0.0,0.0,0.0,0.3,1.68
8.1,192.5,6.23,49.8,284,190.9,190.5,190.5,500.0,500.0,0.0,0.0,0.0,0.3,1.69
7.9,192.6,6.23,49.8,285,190.9,190.7,190.5,500.0,500.0,0.0,0.0,0.0,0.3,1.70
7.8,192.7,6.23,49.8,286,190.9,190.8,190.5,500.0,500.0,0.0,0.0,0.0,0.3,1.70
7.8,192.7,6.23,49.8,287,190.9,191.0,190.5,500.0,500.0,0.0,0.0,0.0,0.3,1.71
7.7,192.8,6.23,50.0,288,190.9,191.1,190.5,500.0,500.0,0.0,0.0,0.0,0.3,1.72
7.6,192.8,6.23,50.0,289,190.9,191.2,190.5,500.0,500.0,0.0,0.0,0.0,0.3,1.72
7.7,192.8,6.23,50.0,290,190.9,191.4,190.6,500.0,500.0,0.0,0.0,0.0,0.3,1.73
7.8,192.9,6.23,49.8,291,190.9,191.5,190.6,500.0,500.0,0.0,0.0,0.0,0.3,1.73
7.9,193.0,6.23,49.8,292,190.9,191.7,190.6,500.0,500.0,0.0,0.0,0.0,0.3,1.74
8.0,193.0,6.23,49.8,293,190.9,191.7,190.6,500.0,500.0,0.0,0.0,0.0,0.3,1.75
8.0,193.1,6.23,49.8,294,190.9,191.7,190.6,500.0,500.0,0.0,0.0,0.0,0.3,1.75
7.8,193.1,6.23,49.8,295,190.8,191.8,190.7,500.0,500.0,0.0,0.0,0.0,0.3,1.76
7.7,193.1,6.23,49.8,296,190.8,192.0,190.7,500.0,500.0,0.0,0.0,0.0,0.3,1.77
7.6,193.2,6.23,49.8,297,190.8,192.0,190.7,500.0,500.0,0.0,0.0,0.0,0.3,1.77
7.6,193.3,6.23,49.8,298,190.8,192.0,190.7,500.0,500.0,0.0,0.0,0.0,0.3,1.78
7.5,193.3,6.23,49.8,299,190.8,192.0,190.7,500.0,500.0,0.0,0.0,0.0,0.3,1.79
7.6,193.4,6.23,49.8,300,190.8,192.0,190.7,500.0,500.0,0.0,0.0,0.0,0.3,1.79
7.6,193.5,6.23,50.0,301,190.8,192.0,190.7,500.0,500.0,0.0,0.0,0.0,0.3,1.80
7.7,193.5,6.23,50.0,302,190.8,192.0,190.8,500.0,500.0,0.0,0.0,0.0,0.3,1.80
7.6,193.6,6.23,50.0,303,190.8,191.8,190.8,500.0,500.0,0.0,0.0,0.0,0.3,1.81
7.6,193.6,6.23,49.8,304,190.8,191.6,190.8,500.0,500.0,0.0,0.0,0.0,0.3,1.82
7.6,193.7,6.23,49.8,305,190.8,191.5,190.8,500.0,500.0,0.0,0.0,0.0,0.3,1.82
7.6,193.7,6.23,49.8,306,190.8,191.4,190.8,500.0,500.0,0.0,0.0,0.0,0.3,1.83
7.6,193.8,6.23,49.8,307,190.8,191.3,190.8,500.0,500.0,0.0,0.0,0.0,0.3,1.84
7.6,193.9,6.23,49.8,308,190.8,191.1,190.8,500.0,500.0,0.0,0.0,0.0,0.3,1.84
7.7,193.9,6.23,50.0,309,190.8,191.0,190.8,500.0,500.0,0.0,0.0,0.0,0.3,1.85
7.8,194.0,6.22,50.0,310,190.8,191.0,190.8,500.0,500.0,0.0,0.0,0.0,0.3,1.86
7.8,194.0,6.23,50.0,311,190.8,190.7,190.8,500.0,500.0,0.0,0.0,0.0,0.3,1.86
7.8,194.0,6.23,50.0,312,190.8,190.5,190.8,500.0,500.0,0.0,0.0,0.0,0.3,1.87
7.8,194.1,6.23,50.0,313,190.8,190.4,190.8,500.0,500.0,0.0,0.0,0.0,0.3,1.87
7.9,194.1,6.23,49.8,314,190.8,190.3,190.8,500.0,500.0,0.0,0.0,0.0,0.3,1.88
8.0,194.2,6.23,49.8,315,190.8,190.2,190.8,500.0,500.0,0.0,0.0,0.0,0.3,1.89
8.2,194.2,6.23,49.8,316,190.7,190.0,190.8,500.0,500.0,0.0,0.0,0.0,0.3,1.89
8.3,194.2,6.23,49.8,317,190.7,190.0,190.8,500.0,500.0,0.0,0.0,0.0,0.3,1.90
8.3,194.3,6.23,49.8,318,190.7,190.0,190.8,500.0,500.0,0.0,0.0,0.0,0.3,1.91
8.2,194.3,6.23,50.0,319,190.7,190.0,190.8,500.0,500.0,0.0,0.0,0.0,0.3,1.92
8.1,194.3,6.23,50.0,320,190.7,190.0,190.8,500.0,500.0,0.0,0.0,0.0,0.3,1.92
8.0,194.4,6.23,49.8,321,190.7,190.0,190.8,500.0,500.0,0.0,0.0,0.0,0.3,1.93
7.8,194.4,6.22,49.8,322,190.7,190.0,190.7,500.0,500.0,0.0,0.0,0.0,0.3,1.94
7.7,194.5,6.22,49.8,323,190.7,190.0,190.7,500.0,500.0,0.0,0.0,0.0,0.3,1.94
7.8,194.5,6.22,49.8,324,190.7,190.0,190.7,500.0,500.0,0.0,0.0,0.0,0.3,1.95
7.9,194.5,6.22,49.8,325,190.7,190.0,190.7,500.0,500.0,0.0,0.0,0.0,0.3,1.95
7.9,194.5,6.22,50.0,326,190.7,190.0,190.7,500.0,500.0,0.0,0.0,0.0,0.3,1.96
7.8,194.6,6.22,49.8,327,190.7,190.0,190.7,500.0,500.0,0.0,0.0,0.0,0.3,1.97
7.6,194.6,6.23,49.8,328,190.7,190.0,190.6,500.0,500.0,0.0,0.0,0.0,0.3,1.97
7.5,194.6,6.23,49.8,329,190.7,190.0,190.6,500.0,500.0,0.0,0.0,0.0,0.3,1.98
7.4,194.7,6.23,49.8,330,190.7,190.0,190.6,500.0,500.0,0.0,0.0,0.0,0.3,1.99
7.3,194.8,6.23,49.8,331,190.7,190.0,190.6,500.0,500.0,0.0,0.0,0.0,0.3,1.99
7.5,194.8,6.23,50.0,332,190.7,190.1,190.6,500.0,500.0,0.0,0.0,0.0,0.3,2.00
7.7,194.8,6.23,49.8,333,190.7,190.2,190.5,500.0,500.0,0.0,0.0,0.0,0.3,2.01
7.7,194.9,6.23,49.8,334,190.7,190.3,190.5,500.0,500.0,0.0,0.0,0.0,0.3,2.01
7.9,194.9,6.23,49.8,335,190.7,190.3,190.5,500.0,500.0,0.0,0.0,0.0,0.3,2.02
7.7,194.9,6.23,49.8,336,190.7,190.3,190.5,500.0,500.0,0.0,0.0,0.0,0.3,2.02
7.6,195.0,6.23,49.8,337,190.7,190.4,190.5,500.0,500.0,0.0,0.0,0.0,0.3,2.03
7.5,195.0,6.23,50.0,338,190.7,190.6,190.5,500.0,500.0,0.0,0.0,0.0,0.3,2.04
7.4,195.0,6.23,49.8,339,190.7,190.6,190.5,500.0,500.0,0.0,0.0,0.0,0.3,2.04
7.4,195.0,6.23,49.8,340,190.7,190.6,190.5,500.0,500.0,0.0,0.0,0.0,0.3,2.05
7.6,195.1,6.23,49.8,341,190.7,190.6,190.4,500.0,500.0,0.0,0.0,0.0,0.3,2.06
7.8,195.1,6.23,49.8,342,190.7,190.7,190.4,500.0,500.0,0.0,0.0,0.0,0.3,2.06
7.9,195.2,6.23,49.8,343,190.7,190.8,190.4,500.0,500.0,0.0,0.0,0.0,0.3,2.07
7.9,195.2,6.23,50.0,344,190.7,190.8,190.4,500.0,500.0,0.0,0.0,0.0,0.3,2.08
7.8,195.3,6.23,49.8,345,190.7,190.8,190.4,500.0,500.0,0.0,0.0,0.0,0.3,2.08
7.6,195.3,6.23,49.8,346,190.7,190.8,190.3,500.0,500.0,0.0,0.0,0.0,0.3,2.09
7.4,195.3,6.23,49.8,347,190.7,190.8,190.3,500.0,500.0,0.0,0.0,0.0,0.3,2.09
7.3,195.4,6.23,49.8,348,190.7,190.7,190.3,500.0,500.0,0.0,0.0,0.0,0.3,2.10
7.3,195.4,6.23,49.8,349,190.7,190.6,190.3,500.0,500.0,0.0,0.0,0.0,0.3,2.11
7.3,195.4,6.23,50.0,350,190.7,190.6,190.3,500.0,500.0,0.0,0.0,0.0,0.3,2.11
7.6,195.4,6.23,49.8,351,190.7,190.6,190.3,500.0,500.0,0.0,0.0,0.0,0.3,2.12
7.8,195.5,6.23,49.8,352,190.7,190.4,190.2,500.0,500.0,0.0,0.0,0.0,0.3,2.13
8.0,195.5,6.23,49.8,353,190.7,190.2,190.2,500.0,500.0,0.0,0.0,0.0,0.3,2.13
7.9,195.5,6.23,49.8,354,190.7,190.1,190.2,500.0,500.0,0.0,0.0,0.0,0.3,2.14
7.8,195.5,6.23,49.8,355,190.7,190.0,190.2,500.0,500.0,0.0,0.0,0.0,0.3,2.15
7.8,195.5,6.23,50.0,356,190.7,190.0,190.2,500.0,500.0,0.0,0.0,0.0,0.3,2.15
7.9,195.6,6.23,49.8,357,190.7,190.0,190.2,500.0,500.0,0.0,0.0,0.0,0.3,2.16
7.8,195.6,6.23,49.6,358,190.7,190.0,190.2,500.0,500.0,0.0,0.0,0.0,0.3,2.16
7.7,195.6,6.23,49.6,359,190.7,190.0,190.2,500.0,500.0,0.0,0.0,0.0,0.3,2.17
7.5,195.7,6.23,49.6,360,190.7,190.0,190.2,500.0,500.0,0.0,0.0,0.0,0.3,2.18
7.4,195.7,6.23,49.6,361,190.7,190.0,190.2,500.0,500.0,0.0,0.0,0.0,0.3,2.18
7.3,195.7,6.23,49.8,362,190.7,190.0,190.2,500.0,500.0,0.0,0.0,0.0,0.3,2.19
7.2,195.7,6.23,49.8,363,190.7,190.0,190.2,500.0,500.0,0.0,0.0,0.0,0.3,2.20
7.4,195.8,6.23,49.8,364,190.7,190.0,190.2,500.0,500.0,0.0,0.0,0.0,0.3,2.20
7.6,195.8,6.23,49.8,365,190.7,189.9,190.2,500.0,500.0,0.0,0.0,0.0,0.3,2.21
7.7,195.8,6.23,49.8,366,190.7,189.9,190.2,500.0,500.0,0.0,0.0,0.0,0.3,2.21
7.7,195.9,6.23,49.8,367,190.7,189.9,190.2,500.0,500.0,0.0,0.0,0.0,0.3,2.22
7.6,195.9,6.23,50.0,368,190.7,189.8,190.2,500.0,500.0,0.0,0.0,0.0,0.3,2.23
7.5,195.9,6.23,50.0,369,190.6,189.8,190.2,500.0,500.0,0.0,0.0,0.0,0.3,2.23
7.4,196.0,6.23,49.8,370,190.6,189.8,190.2,500.0,500.0,0.0,0.0,0.0,0.3,2.24
7.3,196.0,6.23,49.8,371,190.6,189.8,190.2,500.0,500.0,0.0,0.0,0.0,0.3,2.25
7.4,196.0,6.23,49.8,372,190.6,189.8,190.2,500.0,500.0,0.0,0.0,0.0,0.3,2.25
7.6,196.0,6.23,49.8,373,190.6,189.8,190.2,500.0,500.0,0.0,0.0,0.0,0.3,2.26
7.9,196.0,6.23,49.8,374,190.6,189.8,190.2,500.0,500.0,0.0,0.0,0.0,0.3,2.26
8.0,196.1,6.23,50.0,375,190.6,189.9,190.2,500.0,500.0,0.0,0.0,0.0,0.3,2.27
7.9,196.1,6.23,49.8,376,190.6,190.0,190.2,500.0,500.0,0.0,0.0,0.0,0.3,2.28
7.8,196.1,6.23,49.8,377,190.6,190.0,190.2,500.0,500.0,0.0,0.0,0.0,0.3,2.28
7.5,196.1,6.23,49.8,378,190.6,190.0,190.3,500.0,500.0,0.0,0.0,0.0,0.3,2.29
7.4,196.1,6.23,49.8,379,190.6,190.0,190.3,500.0,500.0,0.0,0.0,0.0,0.3,2.30
7.3,196.1,6.23,49.8,380,190.6,190.0,190.3,500.0,500.0,0.0,0.0,0.0,0.3,2.30
7.5,196.2,6.23,49.8,381,190.6,190.0,190.3,500.0,500.0,0.0,0.0,0.0,0.3,2.31
7.6,196.2,6.23,49.6,382,190.6,190.0,190.3,500.0,500.0,0.0,0.0,0.0,0.3,2.32
7.9,196.2,6.23,49.6,383,190.6,190.0,190.3,500.0,500.0,0.0,0.0,0.0,0.3,2.32
8.1,196.2,6.23,49.6,384,190.6,190.0,190.3,500.0,500.0,0.0,0.0,0.0,0.3,2.33
8.1,196.2,6.23,49.6,385,190.6,190.0,190.4,500.0,500.0,0.0,0.0,0.0,0.3,2.34
7.9,196.3,6.23,49.8,386,190.6,190.0,190.4,500.0,500.0,0.0,0.0,0.0,0.3,2.34
7.8,196.3,6.23,50.0,387,190.6,190.0,190.4,500.0,500.0,0.0,0.0,0.0,0.3,2.35
7.6,196.3,6.23,49.8,388,190.6,190.1,190.4,500.0,500.0,0.0,0.0,0.0,0.3,2.35
7.6,196.4,6.23,49.8,389,190.6,190.3,190.4,500.0,500.0,0.0,0.0,0.0,0.3,2.36
7.7,196.4,6.23,49.8,390,190.6,190.3,190.4,500.0,500.0,0.0,0.0,0.0,0.3,2.37
7.6,196.4,6.23,49.8,391,190.6,190.3,190.5,500.0,500.0,0.0,0.0,0.0,0.3,2.37
7.7,196.5,6.23,49.8,392,190.7,190.3,190.5,500.0,500.0,0.0,0.0,0.0,0.3,2.38
7.8,196.5,6.23,50.0,393,190.7,190.4,190.5,500.0,500.0,0.0,0.0,0.0,0.3,2.39
7.8,196.6,6.23,49.8,394,190.7,190.4,190.5,500.0,500.0,0.0,0.0,0.0,0.3,2.39
7.7,196.6,6.23,49.8,395,190.7,190.4,190.6,500.0,500.0,0.0,0.0,0.0,0.3,2.40
7.8,196.6,6.23,49.8,396,190.7,190.4,190.7,500.0,500.0,0.0,0.0,0.0,0.3,2.41
7.8,196.6,6.23,49.8,397,190.8,190.4,190.7,500.0,500.0,0.0,0.0,0.0,0.3,2.41
7.7,196.6,6.23,49.8,398,190.8,190.4,190.7,500.0,500.0,0.0,0.0,0.0,0.3,2.42
7.7,196.6,6.23,50.0,399,190.8,190.4,190.7,500.0,500.0,0.0,0.0,0.0,0.3,2.43
7.7,196.6,6.23,49.8,400,190.8,190.4,190.7,500.0,500.0,0.0,0.0,0.0,0.3,2.43
7.7,196.6,6.23,49.8,401,190.7,190.2,190.7,500.0,500.0,0.0,0.0,0.0,0.3,2.44
7.5,196.6,6.23,49.8,402,190.7,190.0,190.7,500.0,500.0,0.0,0.0,0.0,0.3,2.44
7.5,196.7,6.23,49.8,403,190.7,190.0,190.7,500.0,500.0,0.0,0.0,0.0,0.3,2.45
7.4,196.8,6.23,49.6,404,190.7,190.0,190.7,500.0,500.0,0.0,0.0,0.0,0.3,2.46
7.5,196.8,6.23,49.8,405,190.7,190.0,190.7,500.0,500.0,0.0,0.0,0.0,0.3,2.46
7.5,196.8,6.23,49.6,406,190.8,190.0,190.8,500.0,500.0,0.0,0.0,0.0,0.3,2.47
7.6,196.9,6.23,49.6,407,190.8,190.0,190.8,500.0,500.0,0.0,0.0,0.0,0.3,2.48
7.6,196.9,6.23,49.6,408,190.8,190.0,190.8,500.0,500.0,0.0,0.0,0.0,0.3,2.48
7.6,196.9,6.23,49.8,409,190.8,190.0,190.8,500.0,500.0,0.0,0.0,0.0,0.3,2.49
7.6,197.0,6.23,49.8,410,190.8,190.0,190.8,500.0,500.0,0.0,0.0,0.0,0.3,2.49
7.6,197.0,6.23,49.8,411,190.8,190.0,190.8,500.0,500.0,0.0,0.0,0.0,0.3,2.50
7.6,197.0,6.23,49.8,412,190.8,189.9,190.8,500.0,500.0,0.0,0.0,0.0,0.3,2.51
7.6,197.0,6.23,49.8,413,190.8,189.9,190.8,500.0,500.0,0.0,0.0,0.0,0.3,2.51
7.5,197.0,6.23,49.8,414,190.8,189.9,190.9,500.0,500.0,0.0,0.0,0.0,0.3,2.52
7.6,197.0,6.23,49.8,415,190.8,189.9,190.9,500.0,500.0,0.0,0.0,0.0,0.3,2.53
7.8,197.1,6.23,50.0,416,190.8,189.7,190.9,500.0,500.0,0.0,0.0,0.0,0.3,2.53
8.0,197.1,6.23,50.0,417,190.8,189.6,190.9,500.0,500.0,0.0,0.0,0.0,0.3,2.54
8.0,197.1,6.23,50.0,418,190.8,189.6,190.9,500.0,500.0,0.0,0.0,0.0,0.3,2.55
8.0,197.1,6.23,50.0,419,190.8,189.6,190.9,500.0,500.0,0.0,0.0,0.0,0.3,2.55
7.9,197.1,6.23,50.0,420,190.8,189.6,190.9,500.0,500.0,0.0,0.0,0.0,0.3,2.56
7.8,197.1,6.23,49.8,421,190.8,189.6,190.9,500.0,500.0,0.0,0.0,0.0,0.3,2.57
7.7,197.1,6.23,49.8,422,190.8,189.6,190.9,500.0,500.0,0.0,0.0,0.0,0.3,2.57
7.6,197.2,6.23,49.8,423,190.7,189.6,190.9,500.0,500.0,0.0,0.0,0.0,0.3,2.58
7.7,197.2,6.23,49.8,424,190.7,189.7,190.8,500.0,500.0,0.0,0.0,0.0,0.3,2.58
7.7,197.2,6.23,49.8,425,190.7,189.9,190.8,500.0,500.0,0.0,0.0,0.0,0.3,2.59
7.8,197.2,6.23,50.0,426,190.7,189.9,190.8,500.0,500.0,0.0,0.0,0.0,0.3,2.60
7.8,197.2,6.23,49.8,427,190.7,190.0,190.8,500.0,500.0,0.0,0.0,0.0,0.3,2.60
7.8,197.2,6.23,49.8,428,190.7,190.0,190.8,500.0,500.0,0.0,0.0,0.0,0.3,2.61
7.7,197.2,6.23,49.8,429,190.7,190.0,190.8,500.0,500.0,0.0,0.0,0.0,0.3,2.62
7.5,197.3,6.23,49.8,430,190.7,190.0,190.8,500.0,500.0,0.0,0.0,0.0,0.3,2.62
7.5,197.3,6.23,49.8,431,190.7,190.0,190.8,500.0,500.0,0.0,0.0,0.0,0.3,2.63
7.6,197.3,6.23,50.0,432,190.7,190.0,190.8,500.0,500.0,0.0,0.0,0.0,0.3,2.64
7.6,197.3,6.23,49.8,433,190.7,190.0,190.8,500.0,500.0,0.0,0.0,0.0,0.3,2.64
7.8,197.3,6.23,49.8,434,190.7,190.0,190.8,500.0,500.0,0.0,0.0,0.0,0.3,2.65
7.9,197.3,6.23,49.8,435,190.7,190.0,190.8,500.0,500.0,0.0,0.0,0.0,0.3,2.65
8.0,197.3,6.23,49.8,436,190.7,190.1,190.7,500.0,500.0,0.0,0.0,0.0,0.3,2.66
7.8,197.4,6.23,49.8,437,190.6,190.4,190.7,500.0,500.0,0.0,0.0,0.0,0.3,2.67
7.8,197.4,6.23,50.0,438,190.6,190.4,190.7,500.0,500.0,0.0,0.0,0.0,0.3,2.67
7.7,197.4,6.23,49.8,439,190.6,190.4,190.7,500.0,500.0,0.0,0.0,0.0,0.3,2.68
7.6,197.4,6.23,49.6,440,190.6,190.4,190.7,500.0,500.0,0.0,0.0,0.0,0.3,2.69
7.5,197.4,6.23,49.6,441,190.6,190.5,190.6,500.0,500.0,0.0,0.0,0.0,0.3,2.69
7.5,197.5,6.23,49.6,442,190.6,190.6,190.6,500.0,500.0,0.0,0.0,0.0,0.3,2.70
7.6,197.5,6.23,49.6,443,190.6,190.6,190.6,500.0,500.0,0.0,0.0,0.0,0.3,2.71
7.6,197.5,6.23,49.8,444,190.6,190.6,190.6,500.0,500.0,0.0,0.0,0.0,0.3,2.71
7.6,197.5,6.23,50.0,445,190.6,190.5,190.5,500.0,500.0,0.0,0.0,0.0,0.3,2.72
7.6,197.5,6.23,49.8,446,190.6,190.4,190.5,500.0,500.0,0.0,0.0,0.0,0.3,2.72
7.4,197.5,6.23,49.8,447,190.5,190.4,190.5,500.0,500.0,0.0,0.0,0.0,0.3,2.73
7.4,197.5,6.23,49.8,448,190.5,190.4,190.5,500.0,500.0,0.0,0.0,0.0,0.3,2.74
7.4,197.6,6.23,49.8,449,190.5,190.2,190.5,500.0,500.0,0.0,0.0,0.0,0.3,2.74
7.4,197.6,6.23,49.8,450,190.5,190.0,190.4,500.0,500.0,0.0,0.0,0.0,0.3,2.75
7.5,197.6,6.23,50.0,451,190.5,190.0,190.4,500.0,500.0,0.0,0.0,0.0,0.3,2.76
7.5,197.7,6.23,49.8,452,190.5,190.0,190.4,500.0,500.0,0.0,0.0,0.0,0.3,2.76
7.7,197.8,6.23,49.8,453,190.5,190.0,190.4,500.0,500.0,0.0,0.0,0.0,0.3,2.77
7.9,197.8,6.23,49.8,454,190.5,190.0,190.4,500.0,500.0,0.0,0.0,0.0,0.3,2.77
7.9,197.8,6.23,49.8,455,190.5,190.0,190.4,500.0,500.0,0.0,0.0,0.0,0.3,2.78
7.7,197.8,6.23,49.8,456,190.5,190.0,190.4,500.0,500.0,0.0,0.0,0.0,0.3,2.79
7.8,197.8,6.23,50.0,457,190.5,190.0,190.4,500.0,500.0,0.0,0.0,0.0,0.3,2.79
7.8,197.8,6.23,49.8,458,190.5,190.0,190.4,500.0,500.0,0.0,0.0,0.0,0.3,2.80
7.7,197.8,6.23,49.8,459,190.5,190.0,190.4,500.0,500.0,0.0,0.0,0.0,0.3,2.81
7.6,197.8,6.23,49.8,460,190.5,190.0,190.4,500.0,500.0,0.0,0.0,0.0,0.3,2.81
7.4,197.8,6.23,49.8,461,190.5,190.0,190.3,500.0,500.0,0.0,0.0,0.0,0.3,2.82
7.3,197.8,6.23,49.8,462,190.5,190.0,190.3,500.0,500.0,0.0,0.0,0.0,0.3,2.83
7.4,197.8,6.23,49.8,463,190.5,189.9,190.3,500.0,500.0,0.0,0.0,0.0,0.3,2.83
7.5,197.8,6.23,49.6,464,190.5,189.9,190.3,500.0,500.0,0.0,0.0,0.0,0.3,2.84
7.5,197.8,6.23,49.6,465,190.5,189.9,190.3,500.0,500.0,0.0,0.0,0.0,0.3,2.84
7.7,197.8,6.23,49.6,466,190.5,189.9,190.2,500.0,500.0,0.0,0.0,0.0,0.3,2.85
7.8,197.9,6.23,49.6,467,190.5,189.9,190.2,500.0,500.0,0.0,0.0,0.0,0.3,2.86
7.7,197.9,6.23,49.8,468,190.5,189.9,190.2,500.0,500.0,0.0,0.0,0.0,0.3,2.86
7.6,197.9,6.23,50.0,469,190.5,189.9,190.2,500.0,500.0,0.0,0.0,0.0,0.3,2.87
7.6,197.9,6.23,49.8,470,190.5,190.0,190.2,500.0,500.0,0.0,0.0,0.0,0.3,2.88
7.6,197.9,6.23,49.8,471,190.5,190.0,190.2,500.0,500.0,0.0,0.0,0.0,0.3,2.88
7.5,197.9,6.23,49.8,472,190.5,190.0,190.2,500.0,500.0,0.0,0.0,0.0,0.3,2.89
7.5,197.9,6.23,49.8,473,190.5,190.0,190.2,500.0,500.0,0.0,0.0,0.0,0.3,2.89
7.6,197.9,6.23,49.8,474,190.5,190.0,190.1,500.0,500.0,0.0,0.0,0.0,0.3,2.90
7.7,197.9,6.23,49.8,475,190.5,190.0,190.1,500.0,500.0,0.0,0.0,0.0,0.3,2.91
7.7,198.0,6.23,49.8,476,190.4,190.0,190.1,500.0,500.0,0.0,0.0,0.0,0.3,2.91
7.7,198.0,6.23,49.8,477,190.4,190.0,190.1,500.0,500.0,0.0,0.0,0.0,0.3,2.92
7.6,197.9,6.23,49.8,478,190.4,190.0,190.1,500.0,500.0,0.0,0.0,0.0,0.3,2.93
7.5,197.9,6.23,49.8,479,190.4,190.0,190.1,500.0,500.0,0.0,0.0,0.0,0.3,2.93
7.5,197.9,6.23,50.0,480,190.4,190.0,190.1,500.0,500.0,0.0,0.0,0.0,0.3,2.94
7.4,198.0,6.23,50.0,481,190.4,190.1,190.1,500.0,500.0,0.0,0.0,0.0,0.3,2.94
7.5,198.0,6.23,49.8,482,190.4,190.1,190.1,500.0,500.0,0.0,0.0,0.0,0.3,2.95
7.6,198.0,6.23,49.8,483,190.4,190.1,190.1,500.0,500.0,0.0,0.0,0.0,0.3,2.96
7.8,198.0,6.23,49.8,484,190.4,190.2,190.1,500.0,500.0,0.0,0.0,0.0,0.3,2.96
7.8,198.0,6.23,49.8,485,190.4,190.3,190.1,500.0,500.0,0.0,0.0,0.0,0.3,2.97
8.0,198.1,6.23,49.6,486,190.4,190.3,190.1,500.0,500.0,0.0,0.0,0.0,0.3,2.98
8.0,198.1,6.23,49.8,487,190.4,190.3,190.1,500.0,500.0,0.0,0.0,0.0,0.3,2.98
7.9,198.0,6.23,49.8,488,190.4,190.3,190.1,500.0,500.0,0.0,0.0,0.0,0.3,2.99
7.8,198.0,6.23,49.8,489,190.4,190.3,190.1,500.0,500.0,0.0,0.0,0.0,0.3,3.00
7.8,198.1,6.23,49.8,490,190.4,190.4,190.1,500.0,500.0,0.0,0.0,0.0,0.3,3.00
7.8,198.1,6.23,49.8,491,190.4,190.4,190.1,500.0,500.0,0.0,0.0,0.0,0.3,3.01
7.7,198.1,6.23,49.8,492,190.4,190.4,190.0,500.0,500.0,0.0,0.0,0.0,0.3,3.02
7.8,198.1,6.23,49.6,493,190.3,190.3,190.0,500.0,500.0,0.0,0.0,0.0,0.3,3.02
7.9,198.1,6.23,49.6,494,190.3,190.1,190.0,500.0,500.0,0.0,0.0,0.0,0.3,3.03
7.9,198.1,6.23,49.6,495,190.3,190.0,190.0,500.0,500.0,0.0,0.0,0.0,0.3,3.04
7.9,198.1,6.23,49.8,496,190.3,190.0,190.0,500.0,500.0,0.0,0.0,0.0,0.3,3.04
8.0,198.1,6.23,49.6,497,190.3,190.0,190.0,500.0,500.0,0.0,0.0,0.0,0.3,3.05
7.9,198.1,6.23,49.8,498,190.3,190.0,190.0,500.0,500.0,0.0,0.0,0.0,0.3,3.06
7.8,198.1,6.23,49.8,499,190.3,190.0,190.0,500.0,500.0,0.0,0.0,0.0,0.3,3.06
7.8,198.2,6.23,49.8,500,190.3,190.0,190.0,500.0,500.0,0.0,0.0,0.0,0.3,3.07
7.8,198.2,6.23,49.8,501,190.3,190.0,190.0,500.0,500.0,0.0,0.0,0.0,0.3,3.07
7.7,198.2,6.23,50.0,502,190.3,190.0,190.0,500.0,500.0,0.0,0.0,0.0,0.3,3.08
7.6,198.2,6.23,49.8,503,190.3,190.0,190.0,500.0,500.0,0.0,0.0,0.0,0.3,3.09
7.5,198.2,6.23,49.8,504,190.3,190.0,190.0,500.0,500.0,0.0,0.0,0.0,0.3,3.09
7.4,198.2,6.23,49.8,505,190.3,190.0,190.0,500.0,500.0,0.0,0.0,0.0,0.3,3.10
7.6,198.2,6.23,49.8,506,190.3,190.0,190.0,500.0,500.0,0.0,0.0,0.0,0.3,3.11
7.8,198.2,6.23,49.8,507,190.3,190.0,190.0,500.0,500.0,0.0,0.0,0.0,0.3,3.11
7.8,198.2,6.23,50.0,508,190.3,190.0,190.0,500.0,500.0,0.0,0.0,0.0,0.3,3.12
7.9,198.2,6.23,49.8,509,190.3,190.0,190.0,500.0,500.0,0.0,0.0,0.0,0.3,3.13
7.9,198.2,6.23,49.8,510,190.3,190.0,190.0,500.0,500.0,0.0,0.0,0.0,0.3,3.13
7.8,198.2,6.23,49.8,511,190.3,190.0,190.0,500.0,500.0,0.0,0.0,0.0,0.3,3.14
7.6,198.2,6.23,49.8,512,190.3,190.0,190.0,500.0,500.0,0.0,0.0,0.0,0.3,3.14
7.6,198.2,6.23,49.8,513,190.3,190.0,190.0,500.0,500.0,0.0,0.0,0.0,0.3,3.15
7.6,198.2,6.23,50.0,514,190.3,190.0,190.0,500.0,500.0,0.0,0.0,0.0,0.3,3.16
7.5,198.2,6.23,49.8,515,190.3,190.0,190.0,500.0,500.0,0.0,0.0,0.0,0.3,3.16
7.6,198.3,6.23,49.8,516,190.3,190.0,190.0,500.0,500.0,0.0,0.0,0.0,0.3,3.17
7.9,198.3,6.23,49.8,517,190.3,190.0,190.0,500.0,500.0,0.0,0.0,0.0,0.3,3.18
8.1,198.3,6.23,49.8,518,190.3,190.0,190.0,500.0,500.0,0.0,0.0,0.0,0.3,3.18
8.0,198.3,6.23,49.8,519,190.3,190.0,190.0,500.0,500.0,0.0,0.0,0.0,0.3,3.19
8.0,198.3,6.23,50.0,520,190.3,190.0,190.0,500.0,500.0,0.0,0.0,0.0,0.3,3.20
8.0,198.3,6.23,49.8,521,190.3,190.0,190.0,500.0,500.0,0.0,0.0,0.0,0.3,3.20
7.8,198.3,6.23,49.8,522,190.3,190.0,190.0,500.0,500.0,0.0,0.0,0.0,0.3,3.21
7.9,198.3,6.23,49.8,523,190.3,190.0,190.0,500.0,500.0,0.0,0.0,0.0,0.3,3.22
7.9,198.3,6.23,49.8,524,190.3,190.0,190.1,500.0,500.0,0.0,0.0,0.0,0.3,3.22
7.9,198.3,6.23,49.8,525,190.2,190.0,190.1,500.0,500.0,0.0,0.0,0.0,0.3,3.23
7.9,198.3,6.23,50.0,526,190.2,190.0,190.1,500.0,500.0,0.0,0.0,0.0,0.3,3.24
8.0,198.3,6.23,49.8,527,190.2,190.0,190.1,500.0,500.0,0.0,0.0,0.0,0.3,3.24
7.9,198.3,6.23,49.8,528,190.2,190.0,190.1,500.0,500.0,0.0,0.0,0.0,0.3,3.25
7.8,198.3,6.23,49.8,529,190.2,190.0,190.1,500.0,500.0,0.0,0.0,0.0,0.3,3.26
7.8,198.3,6.23,49.8,530,190.2,190.0,190.1,500.0,500.0,0.0,0.0,0.0,0.3,3.26
7.7,198.4,6.23,49.8,531,190.2,190.0,190.1,500.0,500.0,0.0,0.0,0.0,0.3,3.27
7.6,198.4,6.23,50.0,532,190.2,190.1,190.1,500.0,500.0,0.0,0.0,0.0,0.3,3.27
7.5,198.4,6.23,49.8,533,190.2,190.1,190.1,500.0,500.0,0.0,0.0,0.0,0.3,3.28
7.5,198.4,6.23,49.8,534,190.2,190.1,190.1,500.0,500.0,0.0,0.0,0.0,0.3,3.29
7.4,198.4,6.23,49.8,535,190.2,190.1,190.1,500.0,500.0,0.0,0.0,0.0,0.3,3.29
7.5,198.4,6.23,49.8,536,190.2,190.1,190.1,500.0,500.0,0.0,0.0,0.0,0.3,3.30
7.5,198.4,6.23,49.8,537,190.2,190.2,190.1,500.0,500.0,0.0,0.0,0.0,0.3,3.31
7.7,198.4,6.23,49.8,538,190.2,190.2,190.1,500.0,500.0,0.0,0.0,0.0,0.3,3.31
8.0,198.4,6.23,49.8,539,190.2,190.2,190.1,500.0,500.0,0.0,0.0,0.0,0.3,3.32
8.0,198.4,6.23,49.8,540,190.2,190.2,190.1,500.0,500.0,0.0,0.0,0.0,0.3,3.33
8.0,198.4,6.23,49.8,541,190.2,190.2,190.1,500.0,500.0,0.0,0.0,0.0,0.3,3.33
8.0,198.4,6.23,49.8,542,190.2,190.1,190.1,500.0,500.0,0.0,0.0,0.0,0.3,3.34
7.8,198.4,6.23,50.0,543,190.2,190.0,190.1,500.0,500.0,0.0,0.0,0.0,0.3,3.35
7.6,198.4,6.23,50.0,544,190.2,190.0,190.1,500.0,500.0,0.0,0.0,0.0,0.3,3.35
7.7,198.4,6.23,49.8,545,190.2,190.0,190.1,500.0,500.0,0.0,0.0,0.0,0.3,3.36
7.6,198.4,6.23,49.8,546,190.2,190.0,190.0,500.0,500.0,0.0,0.0,0.0,0.3,3.36
7.6,198.4,6.23,49.8,547,190.2,190.0,190.0,500.0,500.0,0.0,0.0,0.0,0.3,3.37
7.8,198.4,6.23,49.8,548,190.2,190.0,190.0,500.0,500.0,0.0,0.0,0.0,0.3,3.38
8.1,198.4,6.23,49.6,549,190.2,190.0,190.0,500.0,500.0,0.0,0.0,0.0,0.3,3.38
8.2,198.5,6.23,49.8,550,190.1,190.0,190.0,500.0,500.0,0.0,0.0,0.0,0.3,3.39
8.2,198.5,6.23,49.8,551,190.1,190.0,190.0,500.0,500.0,0.0,0.0,0.0,0.3,3.40
8.0,198.5,6.23,49.8,552,190.1,190.0,190.0,500.0,500.0,0.0,0.0,0.0,0.3,3.40
8.0,198.5,6.23,49.8,553,190.1,190.0,190.0,500.0,500.0,0.0,0.0,0.0,0.3,3.41
7.9,198.5,6.23,50.0,554,190.1,190.0,190.0,500.0,500.0,0.0,0.0,0.0,0.3,3.42
7.7,198.5,6.23,50.0,555,190.1,190.0,190.0,500.0,500.0,0.0,0.0,0.0,0.3,3.42
7.7,198.5,6.23,50.0,556,190.1,189.8,190.0,500.0,500.0,0.0,0.0,0.0,0.3,3.43
7.9,198.5,6.23,50.0,557,190.1,189.8,190.0,500.0,500.0,0.0,0.0,0.0,0.3,3.44
7.9,198.5,6.23,50.0,558,190.1,189.8,190.0,500.0,500.0,0.0,0.0,0.0,0.3,3.44
8.1,198.5,6.23,50.0,559,190.1,189.8,190.0,500.0,500.0,0.0,0.0,0.0,0.3,3.45
8.1,198.5,6.23,50.0,560,190.1,189.7,190.0,500.0,500.0,0.0,0.0,0.0,0.3,3.46
8.0,198.6,6.23,49.8,561,190.1,189.7,190.0,500.0,500.0,0.0,0.0,0.0,0.3,3.46
8.0,198.6,6.23,49.8,562,190.1,189.8,190.0,500.0,500.0,0.0,0.0,0.0,0.3,3.47
7.9,198.6,6.23,49.8,563,190.1,189.8,190.0,500.0,500.0,0.0,0.0,0.0,0.3,3.48
7.8,198.6,6.23,49.8,564,190.2,189.8,190.0,500.0,500.0,0.0,0.0,0.0,0.3,3.48
7.8,198.6,6.23,49.8,565,190.2,189.8,190.0,500.0,500.0,0.0,0.0,0.0,0.3,3.49
7.9,198.6,6.23,50.0,566,190.2,189.8,190.0,500.0,500.0,0.0,0.0,0.0,0.3,3.50
7.9,198.6,6.23,49.8,567,190.2,189.9,190.0,500.0,500.0,0.0,0.0,0.0,0.3,3.50
8.1,198.6,6.23,49.8,568,190.2,190.0,190.0,500.0,500.0,0.0,0.0,0.0,0.3,3.51
8.2,198.6,6.23,49.8,569,190.2,190.0,190.0,500.0,500.0,0.0,0.0,0.0,0.3,3.52
8.0,198.6,6.23,49.8,570,190.2,190.0,190.0,500.0,500.0,0.0,0.0,0.0,0.3,3.52
7.9,198.6,6.23,49.8,571,190.2,190.0,190.0,500.0,500.0,0.0,0.0,0.0,0.3,3.53
7.8,198.6,6.23,50.0,572,190.2,190.0,190.0,500.0,500.0,0.0,0.0,0.0,0.3,3.54
7.7,198.6,6.23,49.8,573,190.2,190.0,190.0,500.0,500.0,0.0,0.0,0.0,0.3,3.54
7.6,198.6,6.23,49.8,574,190.2,190.0,190.0,500.0,500.0,0.0,0.0,0.0,0.3,3.55
7.7,198.6,6.23,49.8,575,190.2,190.0,190.0,500.0,500.0,0.0,0.0,0.0,0.3,3.55
7.9,198.7,6.23,49.8,576,190.2,190.0,190.0,500.0,500.0,0.0,0.0,0.0,0.3,3.56
7.9,198.7,6.23,49.8,577,190.2,190.0,190.0,500.0,500.0,0.0,0.0,0.0,0.3,3.57
7.9,198.6,6.23,50.0,578,190.2,190.0,190.0,500.0,500.0,0.0,0.0,0.0,0.3,3.57
7.9,198.6,6.23,49.8,579,190.2,190.0,190.0,500.0,500.0,0.0,0.0,0.0,0.3,3.58
7.9,198.6,6.23,49.8,580,190.2,190.0,190.0,500.0,500.0,0.0,0.0,0.0,0.3,3.59
7.8,198.6,6.23,49.8,581,190.2,190.0,190.0,500.0,500.0,0.0,0.0,0.0,0.3,3.59
7.8,198.6,6.23,49.8,582,190.2,190.0,190.0,500.0,500.0,0.0,0.0,0.0,0.3,3.60
7.8,198.6,6.23,49.8,583,190.2,190.1,190.0,500.0,500.0,0.0,0.0,0.0,0.3,3.61
7.9,198.7,6.23,50.0,584,190.2,190.2,190.0,500.0,500.0,0.0,0.0,0.0,0.3,3.61
7.9,198.7,6.23,49.8,585,190.2,190.2,190.0,500.0,500.0,0.0,0.0,0.0,0.3,3.62
8.1,198.7,6.23,49.8,586,190.2,190.2,190.0,500.0,500.0,0.0,0.0,0.0,0.3,3.63
8.2,198.7,6.23,49.8,587,190.2,190.2,190.0,500.0,500.0,0.0,0.0,0.0,0.3,3.63
8.1,198.7,6.23,49.8,588,190.2,190.2,190.0,500.0,500.0,0.0,0.0,0.0,0.3,3.64
7.9,198.7,6.23,49.8,589,190.2,190.2,190.0,500.0,500.0,0.0,0.0,0.0,0.3,3.65
7.9,198.7,6.23,50.0,590,190.1,190.1,190.0,500.0,500.0,0.0,0.0,0.0,0.3,3.65
7.9,198.7,6.23,49.8,591,190.1,190.0,190.0,500.0,500.0,0.0,0.0,0.0,0.3,3.66
8.0,198.7,6.23,49.8,592,190.1,190.0,190.0,500.0,500.0,0.0,0.0,0.0,0.3,3.67
8.0,198.7,6.23,49.8,593,190.1,190.0,190.0,500.0,500.0,0.0,0.0,0.0,0.3,3.67
7.9,198.7,6.23,49.8,594,190.1,190.0,190.0,500.0,500.0,0.0,0.0,0.0,0.3,3.68
8.0,198.7,6.23,49.8,595,190.1,190.0,190.0,500.0,500.0,0.0,0.0,0.0,0.3,3.69
8.0,198.7,6.23,49.8,596,190.1,190.0,190.0,500.0,500.0,0.0,0.0,0.0,0.3,3.69
8.0,198.7,6.23,49.6,597,190.1,190.0,190.0,500.0,500.0,0.0,0.0,0.0,0.3,3.70
7.9,198.7,6.23,49.6,598,190.1,190.0,190.0,500.0,500.0,0.0,0.0,0.0,0.3,3.71
8.1,198.7,6.23,49.6,599,190.1,190.0,190.0,500.0,500.0,0.0,0.0,0.0,0.3,3.71
8.1,198.7,6.23,49.6,600,190.1,190.0,190.0,500.0,500.0,0.0,0.0,0.0,0.3,3.72
8.0,198.7,6.23,49.8,601,190.1,190.0,190.0,500.0,500.0,0.0,0.0,0.0,0.3,3.73
7.8,198.8,6.23,50.0,602,190.1,190.0,190.0,500.0,500.0,0.0,0.0,0.0,0.3,3.73
7.9,198.8,6.23,49.8,603,190.1,190.0,190.0,500.0,500.0,0.0,0.0,0.0,0.3,3.74
7.8,198.7,6.23,49.8,604,190.1,190.0,190.0,500.0,500.0,0.0,0.0,0.0,0.3,3.75
7.7,198.8,6.22,49.8,605,190.0,189.8,190.0,500.0,500.0,0.0,0.0,0.0,0.3,3.75
7.7,198.8,6.22,49.8,606,190.0,189.7,190.0,500.0,500.0,0.0,0.0,0.0,0.3,3.76
7.8,198.9,6.22,49.6,607,190.1,189.7,190.0,500.0,500.0,0.0,0.0,0.0,0.3,3.77
7.8,198.9,6.22,49.8,608,190.1,189.7,190.0,500.0,500.0,0.0,0.0,0.0,0.3,3.77
8.0,198.9,6.22,49.6,609,190.1,189.7,190.0,500.0,500.0,0.0,0.0,0.0,0.3,3.78
8.0,198.9,6.23,49.6,610,190.1,189.7,190.0,500.0,500.0,0.0,0.0,0.0,0.3,3.78
