扭矩,料温,压力,转速,时间,温度1,温度2,温度3,温度4,温度5,温度6,温度7,温度8,顶栓,能量
1.6,196.2,6.19,0.0,0,200.2,200.0,200.0,500.0,500.0,0.0,0.0,0.0,0.3,0.00
1.5,196.0,6.19,3.8,1,200.2,200.0,200.0,500.0,500.0,0.0,0.0,0.0,0.3,0.00
1.5,195.8,6.19,12.6,2,200.2,200.0,200.0,500.0,500.0,0.0,0.0,0.0,0.3,0.00
1.4,194.8,6.19,22.6,3,200.2,200.0,200.0,500.0,500.0,0.0,0.0,0.0,0.3,0.00
1.4,192.4,6.19,32.6,4,200.2,200.0,200.0,500.0,500.0,0.0,0.0,0.0,0.3,0.00
1.4,189.4,6.19,42.6,5,200.2,200.0,200.0,500.0,500.0,0.0,0.0,0.0,0.3,0.00
1.4,186.3,6.19,48.8,6,200.2,199.9,200.0,500.0,500.0,0.0,0.0,0.0,0.3,0.00
1.4,184.4,6.19,49.8,7,200.2,199.9,200.0,500.0,500.0,0.0,0.0,0.0,0.3,0.01
1.4,183.0,6.19,49.8,8,200.2,200.0,200.0,500.0,500.0,0.0,0.0,0.0,0.3,0.01
1.4,182.0,6.19,49.8,9,200.2,200.0,200.0,500.0,500.0,0.0,0.0,0.0,0.3,0.01
1.4,181.1,6.19,49.8,10,200.2,200.0,200.0,500.0,500.0,0.0,0.0,0.0,0.3,0.01
1.5,180.5,6.19,49.8,11,200.2,200.0,200.0,500.0,500.0,0.0,0.0,0.0,0.3,0.01
1.5,180.2,6.19,50.2,12,200.2,200.0,200.0,500.0,500.0,0.0,0.0,0.0,0.3,0.01
1.4,180.1,6.19,50.2,13,200.2,200.0,200.0,500.0,500.0,0.0,0.0,0.0,0.3,0.01
1.4,180.2,6.19,50.2,14,200.2,200.0,200.0,500.0,500.0,0.0,0.0,0.0,0.3,0.01
1.4,180.4,6.19,50.2,15,200.2,200.0,200.0,500.0,500.0,0.0,0.0,0.0,0.3,0.01
1.4,180.6,6.19,50.2,16,200.2,200.0,200.0,500.0,500.0,0.0,0.0,0.0,0.3,0.02
1.4,180.9,6.19,50.0,17,200.2,200.0,200.0,500.0,500.0,0.0,0.0,0.0,0.3,0.02
1.4,181.2,6.19,50.0,18,200.1,200.0,200.0,500.0,500.0,0.0,0.0,0.0,0.3,0.02
1.4,181.5,6.19,50.0,19,200.1,200.0,200.0,500.0,500.0,0.0,0.0,0.0,0.3,0.02
1.5,181.8,6.19,49.8,20,200.1,200.0,200.0,500.0,500.0,0.0,0.0,0.0,0.3,0.02
1.5,182.0,6.19,49.8,21,200.1,200.0,200.0,500.0,500.0,0.0,0.0,0.0,0.3,0.02
1.5,182.3,6.19,49.8,22,200.1,200.0,200.0,500.0,500.0,0.0,0.0,0.0,0.3,0.02
1.5,182.5,6.19,49.8,23,200.0,200.0,200.0,500.0,500.0,0.0,0.0,0.0,0.3,0.02
1.5,182.7,6.19,49.8,24,200.0,200.0,200.0,500.0,500.0,0.0,0.0,0.0,0.3,0.03
1.5,182.8,6.19,50.0,25,200.0,200.0,200.0,500.0,500.0,0.0,0.0,0.0,0.3,0.03
1.5,183.1,6.19,49.8,26,200.0,200.0,200.0,500.0,500.0,0.0,0.0,0.0,0.3,0.03
1.5,183.3,6.19,49.8,27,200.0,200.1,200.0,500.0,500.0,0.0,0.0,0.0,0.3,0.03
1.5,183.6,6.19,49.8,28,200.0,200.1,200.0,500.0,500.0,0.0,0.0,0.0,0.3,0.03
1.5,183.9,6.19,49.6,29,200.0,200.1,200.0,500.0,500.0,0.0,0.0,0.0,0.3,0.03
1.4,184.2,6.19,49.6,30,200.0,200.1,200.0,500.0,500.0,0.0,0.0,0.0,0.3,0.03
1.4,184.6,6.19,49.8,31,200.0,200.2,200.0,500.0,500.0,0.0,0.0,0.0,0.3,0.03
1.4,184.9,6.19,49.8,32,200.0,200.2,200.0,500.0,500.0,0.0,0.0,0.0,0.3,0.04
1.4,185.1,6.19,49.8,33,200.0,200.2,200.0,500.0,500.0,0.0,0.0,0.0,0.3,0.04
1.4,185.3,6.19,50.0,34,200.0,200.2,200.0,500.0,500.0,0.0,0.0,0.0,0.3,0.04
1.4,185.6,6.19,50.0,35,200.0,200.2,200.0,500.0,500.0,0.0,0.0,0.0,0.3,0.04
1.4,185.8,6.19,50.2,36,200.0,200.1,200.0,500.0,500.0,0.0,0.0,0.0,0.3,0.04
1.4,186.0,6.19,50.2,37,200.0,200.0,200.0,500.0,500.0,0.0,0.0,0.0,0.3,0.04
1.4,186.1,6.19,50.2,38,200.0,200.0,200.0,500.0,500.0,0.0,0.0,0.0,0.3,0.04
1.4,186.3,6.19,50.2,39,200.0,200.0,200.0,500.0,500.0,0.0,0.0,0.0,0.3,0.04
1.4,186.5,6.19,50.2,40,200.0,200.0,200.0,500.0,500.0,0.0,0.0,0.0,0.3,0.04
1.5,186.7,6.19,49.8,41,200.0,200.0,200.0,500.0,500.0,0.0,0.0,0.0,0.3,0.05
1.4,186.8,6.19,49.8,42,200.0,200.0,200.0,500.0,500.0,0.0,0.0,0.0,0.3,0.05
1.4,187.0,6.19,49.8,43,200.0,200.0,200.0,500.0,500.0,0.0,0.0,0.0,0.3,0.05
1.4,187.2,6.19,49.8,44,200.0,200.0,200.0,500.0,500.0,0.0,0.0,0.0,0.3,0.05
1.4,187.4,6.19,49.8,45,200.0,200.0,200.0,500.0,500.0,0.0,0.0,0.0,0.3,0.05
1.4,187.6,6.19,50.0,46,200.0,200.0,200.0,500.0,500.0,0.0,0.0,0.0,0.3,0.05
1.4,187.8,6.19,50.0,47,200.0,200.0,200.0,500.0,500.0,0.0,0.0,0.0,0.3,0.05
1.4,187.9,6.19,50.0,48,200.0,199.9,200.0,500.0,500.0,0.0,0.0,0.0,0.3,0.05
1.4,188.1,6.19,50.0,49,200.0,199.9,199.9,500.0,500.0,0.0,0.0,0.0,0.3,0.06
1.4,188.3,6.19,50.0,50,200.0,199.9,199.9,500.0,500.0,0.0,0.0,0.0,0.3,0.06
1.4,188.5,6.19,50.0,51,200.0,199.9,199.9,500.0,500.0,0.0,0.0,0.0,0.3,0.06
1.4,188.6,6.19,49.8,52,200.0,199.8,199.9,500.0,500.0,0.0,0.0,0.0,0.3,0.06
1.4,188.7,6.19,49.8,53,200.0,199.7,199.9,500.0,500.0,0.0,0.0,0.0,0.3,0.06
1.4,188.8,6.19,49.8,54,200.0,199.7,199.9,500.0,500.0,0.0,0.0,0.0,0.3,0.06
1.4,188.8,6.19,49.8,55,200.0,199.7,199.9,500.0,500.0,0.0,0.0,0.0,0.3,0.06
1.4,188.8,6.19,49.8,56,200.0,199.7,199.9,500.0,500.0,0.0,0.0,0.0,0.3,0.06
1.4,188.8,6.19,50.0,57,200.0,199.7,199.9,500.0,500.0,0.0,0.0,0.0,0.3,0.06
1.4,188.8,6.19,49.8,58,200.0,199.7,199.9,500.0,500.0,0.0,0.0,0.0,0.3,0.07
1.4,188.8,6.19,49.6,59,200.0,199.7,199.9,500.0,500.0,0.0,0.0,0.0,0.3,0.07
1.4,188.9,6.19,49.6,60,200.0,199.7,199.9,500.0,500.0,0.0,0.0,0.0,0.3,0.07
1.4,189.0,6.19,49.6,61,200.0,199.9,199.9,500.0,500.0,0.0,0.0,0.0,0.3,0.07
1.4,189.1,6.19,49.6,62,200.0,199.9,199.9,500.0,500.0,0.0,0.0,0.0,0.3,0.07
1.4,189.3,6.19,49.8,63,200.0,199.9,199.9,500.0,500.0,0.0,0.0,0.0,0.3,0.07
1.4,189.4,6.19,49.8,64,200.0,200.0,200.0,500.0,500.0,0.0,0.0,0.0,0.3,0.07
1.4,189.5,6.19,49.8,65,200.0,200.0,200.0,500.0,500.0,0.0,0.0,0.0,0.3,0.07
1.5,189.5,6.19,49.8,66,200.0,200.0,200.0,500.0,500.0,0.0,0.0,0.0,0.3,0.08
1.5,189.5,6.19,49.8,67,200.0,200.0,200.0,500.0,500.0,0.0,0.0,0.0,0.3,0.08
1.5,189.6,6.19,49.8,68,200.0,200.0,200.0,500.0,500.0,0.0,0.0,0.0,0.3,0.08
1.5,189.7,6.19,50.0,69,200.0,200.0,200.0,500.0,500.0,0.0,0.0,0.0,0.3,0.08
1.5,189.8,6.19,49.8,70,200.0,200.0,200.0,500.0,500.0,0.0,0.0,0.0,0.3,0.08
1.5,189.9,6.19,49.8,71,200.0,200.0,200.0,500.0,500.0,0.0,0.0,0.0,0.3,0.08
1.5,189.9,6.19,49.8,72,200.0,200.0,200.0,500.0,500.0,0.0,0.0,0.0,0.3,0.08
1.5,189.9,6.19,49.6,73,200.0,200.0,200.0,500.0,500.0,0.0,0.0,0.0,0.3,0.08
1.4,189.9,6.19,49.6,74,200.0,200.1,200.0,500.0,500.0,0.0,0.0,0.0,0.3,0.08
1.4,190.0,6.19,49.6,75,200.0,200.2,200.0,500.0,500.0,0.0,0.0,0.0,0.3,0.09
1.4,190.1,6.19,49.6,76,200.0,200.3,200.0,500.0,500.0,0.0,0.0,0.0,0.3,0.09
1.4,190.1,6.19,49.6,77,200.0,200.3,200.0,500.0,500.0,0.0,0.0,0.0,0.3,0.09
1.4,190.1,6.19,49.6,78,200.0,200.4,200.0,500.0,500.0,0.0,0.0,0.0,0.3,0.09
1.4,190.0,6.19,49.6,79,200.0,200.5,200.0,500.0,500.0,0.0,0.0,0.0,0.3,0.09
1.4,190.0,6.19,49.8,80,200.0,200.5,200.0,500.0,500.0,0.0,0.0,0.0,0.3,0.09
1.4,190.0,6.19,49.8,81,200.0,200.5,200.0,500.0,500.0,0.0,0.0,0.0,0.3,0.09
1.4,190.1,6.19,49.8,82,200.0,200.5,200.0,500.0,500.0,0.0,0.0,0.0,0.3,0.09
1.4,190.1,6.19,50.0,83,200.0,200.5,200.0,500.0,500.0,0.0,0.0,0.0,0.3,0.10
1.4,190.2,6.19,49.8,84,200.0,200.4,200.0,500.0,500.0,0.0,0.0,0.0,0.3,0.10
1.4,190.2,6.19,49.6,85,200.0,200.3,200.0,500.0,500.0,0.0,0.0,0.0,0.3,0.10
1.4,190.3,6.19,49.6,86,200.0,200.3,200.0,500.0,500.0,0.0,0.0,0.0,0.3,0.10
1.4,190.4,6.19,49.6,87,200.0,200.3,200.0,500.0,500.0,0.0,0.0,0.0,0.3,0.10
1.3,190.5,6.19,49.6,88,200.0,200.3,200.0,500.0,500.0,0.0,0.0,0.0,0.3,0.10
1.3,190.5,6.19,49.8,89,200.0,200.1,200.0,500.0,500.0,0.0,0.0,0.0,0.3,0.10
1.3,190.3,6.19,49.8,90,200.0,200.0,200.0,500.0,500.0,0.0,0.0,0.0,0.3,0.10
1.3,190.0,6.19,49.8,91,200.0,200.0,200.0,500.0,500.0,0.0,0.0,0.0,0.3,0.10
1.2,189.8,6.19,49.8,92,200.0,200.0,200.0,500.0,500.0,0.0,0.0,0.0,0.3,0.11
1.2,189.7,6.19,49.8,93,200.0,200.0,200.0,500.0,500.0,0.0,0.0,0.0,0.3,0.11
1.2,189.7,6.19,49.8,94,200.0,200.0,200.0,500.0,500.0,0.0,0.0,0.0,0.3,0.11
0.9,189.7,6.19,49.8,95,200.0,200.0,200.0,500.0,500.0,0.0,0.0,0.0,0.3,0.11
0.8,189.5,6.19,49.8,96,200.1,200.0,200.2,500.0,500.0,0.0,0.0,0.0,0.3,0.11
2.4,188.2,6.19,49.6,97,200.1,200.0,200.2,500.0,500.0,0.0,0.0,0.0,0.3,0.11
5.5,185.6,6.19,49.6,98,200.1,200.0,200.2,500.0,500.0,0.0,0.0,0.0,0.3,0.12
7.3,182.4,6.19,49.4,99,200.1,200.0,200.2,500.0,500.0,0.0,0.0,0.0,0.3,0.12
9.4,179.4,6.19,49.6,100,200.1,199.9,200.2,500.0,500.0,0.0,0.0,0.0,0.3,0.13
11.7,177.1,6.19,49.6,101,200.1,199.9,200.2,500.0,500.0,0.0,0.0,0.0,0.3,0.14
11.6,175.3,6.19,49.8,102,200.1,199.9,200.3,500.0,500.0,0.0,0.0,0.0,0.3,0.15
10.4,174.5,6.19,49.8,103,200.1,199.8,200.3,500.0,500.0,0.0,0.0,0.0,0.3,0.16
10.5,174.3,6.19,50.0,104,200.1,199.7,200.3,500.0,500.0,0.0,0.0,0.0,0.3,0.17
10.2,174.6,6.19,49.8,105,200.1,199.7,200.3,500.0,500.0,0.0,0.0,0.0,0.3,0.17
9.3,175.0,6.19,49.8,106,200.2,199.7,200.4,500.0,500.0,0.0,0.0,0.0,0.3,0.18
8.9,175.6,6.19,49.8,107,200.2,199.7,200.4,500.0,500.0,0.0,0.0,0.0,0.3,0.19
8.4,176.2,6.19,49.8,108,200.2,199.7,200.4,500.0,500.0,0.0,0.0,0.0,0.3,0.20
8.0,176.8,6.19,49.8,109,200.1,199.7,200.4,500.0,500.0,0.0,0.0,0.0,0.3,0.20
8.0,177.3,6.19,49.8,110,200.1,199.7,200.4,500.0,500.0,0.0,0.0,0.0,0.3,0.21
8.0,177.7,6.19,49.8,111,200.1,199.8,200.4,500.0,500.0,0.0,0.0,0.0,0.3,0.22
8.0,178.1,6.19,49.8,112,200.1,199.9,200.4,500.0,500.0,0.0,0.0,0.0,0.3,0.22
7.4,178.6,6.19,49.8,113,200.1,200.0,200.4,500.0,500.0,0.0,0.0,0.0,0.3,0.23
7.0,179.1,6.19,49.8,114,200.1,200.0,200.4,500.0,500.0,0.0,0.0,0.0,0.3,0.23
6.5,179.6,6.19,50.0,115,200.1,200.0,200.4,500.0,500.0,0.0,0.0,0.0,0.3,0.24
6.6,180.0,6.19,49.8,116,200.1,200.0,200.4,500.0,500.0,0.0,0.0,0.0,0.3,0.25
6.7,180.5,6.19,49.8,117,200.0,200.0,200.3,500.0,500.0,0.0,0.0,0.0,0.3,0.25
6.9,180.9,6.19,49.8,118,200.0,200.0,200.3,500.0,500.0,0.0,0.0,0.0,0.3,0.26
7.0,181.3,6.19,49.8,119,200.0,200.0,200.3,500.0,500.0,0.0,0.0,0.0,0.3,0.26
7.0,181.7,6.19,49.8,120,200.0,200.0,200.3,500.0,500.0,0.0,0.0,0.0,0.3,0.27
6.6,182.1,6.19,49.8,121,200.0,200.0,200.3,500.0,500.0,0.0,0.0,0.0,0.3,0.27
6.4,182.5,6.19,49.8,122,200.0,200.1,200.2,500.0,500.0,0.0,0.0,0.0,0.3,0.28
6.1,182.8,6.19,49.8,123,200.0,200.2,200.2,500.0,500.0,0.0,0.0,0.0,0.3,0.28
5.8,183.2,6.19,49.8,124,200.0,200.2,200.2,500.0,500.0,0.0,0.0,0.0,0.3,0.29
5.7,183.5,6.19,49.8,125,200.0,200.2,200.2,500.0,500.0,0.0,0.0,0.0,0.3,0.29
5.6,183.9,6.19,50.0,126,200.0,200.3,200.1,500.0,500.0,0.0,0.0,0.0,0.3,0.30
5.7,184.2,6.19,49.8,127,200.0,200.5,200.0,500.0,500.0,0.0,0.0,0.0,0.3,0.30
5.6,184.5,6.19,49.8,128,200.0,200.6,200.0,500.0,500.0,0.0,0.0,0.0,0.3,0.31
5.4,184.7,6.19,49.8,129,200.0,200.6,200.0,500.0,500.0,0.0,0.0,0.0,0.3,0.31
5.2,185.0,6.19,49.8,130,200.0,200.6,200.0,500.0,500.0,0.0,0.0,0.0,0.3,0.32
5.1,185.3,6.19,49.8,131,200.0,200.6,200.0,500.0,500.0,0.0,0.0,0.0,0.3,0.32
4.9,185.6,6.19,50.0,132,200.0,200.6,200.0,500.0,500.0,0.0,0.0,0.0,0.3,0.33
4.8,185.9,6.19,49.8,133,200.0,200.6,200.0,500.0,500.0,0.0,0.0,0.0,0.3,0.33
4.8,186.2,6.19,49.8,134,200.0,200.6,200.0,500.0,500.0,0.0,0.0,0.0,0.3,0.33
4.8,186.5,6.19,49.8,135,200.0,200.6,200.0,500.0,500.0,0.0,0.0,0.0,0.3,0.34
4.7,186.7,6.19,49.6,136,200.0,200.6,200.0,500.0,500.0,0.0,0.0,0.0,0.3,0.34
4.7,187.0,6.19,49.6,137,200.0,200.4,200.0,500.0,500.0,0.0,0.0,0.0,0.3,0.34
4.8,187.2,6.19,49.8,138,200.0,200.4,200.0,500.0,500.0,0.0,0.0,0.0,0.3,0.35
4.7,187.4,6.19,49.8,139,200.0,200.2,200.0,500.0,500.0,0.0,0.0,0.0,0.3,0.35
4.5,187.5,6.19,49.8,140,200.0,200.1,200.0,500.0,500.0,0.0,0.0,0.0,0.3,0.36
4.5,187.7,6.19,50.0,141,200.0,200.1,200.0,500.0,500.0,0.0,0.0,0.0,0.3,0.36
4.4,187.9,6.19,49.8,142,200.0,200.1,200.0,500.0,500.0,0.0,0.0,0.0,0.3,0.36
4.4,188.2,6.19,49.8,143,200.0,200.0,200.0,500.0,500.0,0.0,0.0,0.0,0.3,0.37
4.4,188.4,6.19,49.8,144,200.0,200.0,200.0,500.0,500.0,0.0,0.0,0.0,0.3,0.37
4.5,188.6,6.19,49.8,145,200.0,200.0,200.0,500.0,500.0,0.0,0.0,0.0,0.3,0.37
4.4,188.8,6.19,49.8,146,200.0,200.0,200.0,500.0,500.0,0.0,0.0,0.0,0.3,0.38
4.4,189.0,6.19,49.8,147,200.0,200.0,200.0,500.0,500.0,0.0,0.0,0.0,0.3,0.38
4.3,189.1,6.19,49.8,148,200.0,200.0,200.0,500.0,500.0,0.0,0.0,0.0,0.3,0.39
4.2,189.3,6.19,49.8,149,200.0,200.0,200.0,500.0,500.0,0.0,0.0,0.0,0.3,0.39
4.1,189.5,6.19,49.8,150,200.0,200.0,200.0,500.0,500.0,0.0,0.0,0.0,0.3,0.39
4.1,189.7,6.19,49.8,151,200.0,200.0,200.0,500.0,500.0,0.0,0.0,0.0,0.3,0.40
4.2,189.9,6.19,50.0,152,200.0,200.0,200.0,500.0,500.0,0.0,0.0,0.0,0.3,0.40
4.2,190.1,6.19,49.8,153,200.0,200.0,200.0,500.0,500.0,0.0,0.0,0.0,0.3,0.40
4.2,190.3,6.19,49.8,154,200.0,200.0,200.0,500.0,500.0,0.0,0.0,0.0,0.3,0.41
4.2,190.5,6.19,49.8,155,200.0,200.0,200.0,500.0,500.0,0.0,0.0,0.0,0.3,0.41
4.1,190.7,6.19,49.6,156,200.0,200.0,200.0,500.0,500.0,0.0,0.0,0.0,0.3,0.41
4.1,190.9,6.19,49.6,157,200.0,200.0,200.0,500.0,500.0,0.0,0.0,0.0,0.3,0.42
4.1,191.0,6.19,49.8,158,200.0,200.0,200.0,500.0,500.0,0.0,0.0,0.0,0.3,0.42
4.1,191.1,6.19,49.8,159,200.0,200.0,200.0,500.0,500.0,0.0,0.0,0.0,0.3,0.42
4.0,191.2,6.19,49.8,160,200.0,200.0,200.0,500.0,500.0,0.0,0.0,0.0,0.3,0.43
4.1,191.3,6.19,50.0,161,200.0,200.0,200.0,500.0,500.0,0.0,0.0,0.0,0.3,0.43
4.1,191.5,6.19,50.0,162,200.0,200.0,200.0,500.0,500.0,0.0,0.0,0.0,0.3,0.43
4.1,191.7,6.19,49.8,163,200.0,200.0,200.0,500.0,500.0,0.0,0.0,0.0,0.3,0.44
4.0,191.9,6.19,49.8,164,200.0,200.1,200.0,500.0,500.0,0.0,0.0,0.0,0.3,0.44
4.0,192.1,6.19,49.8,165,200.0,200.2,200.0,500.0,500.0,0.0,0.0,0.0,0.3,0.44
3.9,192.2,6.19,49.8,166,200.0,200.4,200.0,500.0,500.0,0.0,0.0,0.0,0.3,0.45
3.8,192.4,6.19,49.6,167,200.1,200.5,200.0,500.0,500.0,0.0,0.0,0.0,0.3,0.45
3.8,192.6,6.19,49.8,168,200.1,200.5,200.0,500.0,500.0,0.0,0.0,0.0,0.3,0.45
3.9,192.7,6.19,49.8,169,200.1,200.5,200.0,500.0,500.0,0.0,0.0,0.0,0.3,0.46
3.9,192.7,6.19,49.8,170,200.1,200.6,200.0,500.0,500.0,0.0,0.0,0.0,0.3,0.46
3.9,192.8,6.19,49.8,171,200.1,200.8,200.0,500.0,500.0,0.0,0.0,0.0,0.3,0.46
3.8,192.9,6.19,50.0,172,200.1,200.8,200.0,500.0,500.0,0.0,0.0,0.0,0.3,0.47
3.8,193.0,6.19,49.8,173,200.1,200.8,200.0,500.0,500.0,0.0,0.0,0.0,0.3,0.47
3.9,193.2,6.19,49.8,174,200.1,200.9,200.0,500.0,500.0,0.0,0.0,0.0,0.3,0.47
4.0,193.3,6.19,49.8,175,200.1,201.0,200.0,500.0,500.0,0.0,0.0,0.0,0.3,0.48
4.0,193.5,6.19,49.6,176,200.1,201.0,200.0,500.0,500.0,0.0,0.0,0.0,0.3,0.48
4.0,193.6,6.19,49.4,177,200.1,201.0,200.0,500.0,500.0,0.0,0.0,0.0,0.3,0.48
4.0,193.7,6.19,49.4,178,200.1,201.0,200.0,500.0,500.0,0.0,0.0,0.0,0.3,0.49
3.9,193.8,6.19,49.4,179,200.2,201.0,200.0,500.0,500.0,0.0,0.0,0.0,0.3,0.49
3.8,193.9,6.19,49.4,180,200.2,201.0,200.0,500.0,500.0,0.0,0.0,0.0,0.3,0.49
3.8,194.0,6.19,49.6,181,200.2,201.0,200.0,500.0,500.0,0.0,0.0,0.0,0.3,0.50
3.8,194.1,6.19,49.8,182,200.2,201.0,200.0,500.0,500.0,0.0,0.0,0.0,0.3,0.50
3.9,194.2,6.19,49.8,183,200.2,200.9,200.0,500.0,500.0,0.0,0.0,0.0,0.3,0.50
4.0,194.3,6.19,49.8,184,200.2,200.7,200.0,500.0,500.0,0.0,0.0,0.0,0.3,0.50
4.0,194.4,6.19,49.8,185,200.2,200.6,200.0,500.0,500.0,0.0,0.0,0.0,0.3,0.51
3.9,194.6,6.19,49.6,186,200.2,200.6,200.0,500.0,500.0,0.0,0.0,0.0,0.3,0.51
3.8,194.7,6.19,49.6,187,200.2,200.6,200.0,500.0,500.0,0.0,0.0,0.0,0.3,0.51
3.8,194.8,6.19,49.8,188,200.2,200.4,200.0,500.0,500.0,0.0,0.0,0.0,0.3,0.52
3.8,194.9,6.19,49.8,189,200.2,200.2,200.0,500.0,500.0,0.0,0.0,0.0,0.3,0.52
3.8,195.0,6.19,49.8,190,200.2,200.1,200.0,500.0,500.0,0.0,0.0,0.0,0.3,0.52
3.8,195.1,6.19,50.0,191,200.2,200.1,200.0,500.0,500.0,0.0,0.0,0.0,0.3,0.53
3.8,195.2,6.19,49.8,192,200.2,200.1,200.0,500.0,500.0,0.0,0.0,0.0,0.3,0.53
3.7,195.3,6.19,49.8,193,200.2,200.1,200.0,500.0,500.0,0.0,0.0,0.0,0.3,0.53
3.8,195.4,6.19,49.8,194,200.2,200.0,200.0,500.0,500.0,0.0,0.0,0.0,0.3,0.54
3.8,195.5,6.19,49.8,195,200.2,200.0,200.0,500.0,500.0,0.0,0.0,0.0,0.3,0.54
3.7,195.6,6.19,49.8,196,200.2,200.0,200.0,500.0,500.0,0.0,0.0,0.0,0.3,0.54
3.7,195.7,6.19,49.8,197,200.2,200.0,200.0,500.0,500.0,0.0,0.0,0.0,0.3,0.55
3.7,195.8,6.19,49.8,198,200.2,200.0,200.1,500.0,500.0,0.0,0.0,0.0,0.3,0.55
3.6,195.9,6.19,49.8,199,200.2,200.0,200.1,500.0,500.0,0.0,0.0,0.0,0.3,0.55
3.6,195.9,6.19,49.8,200,200.2,200.0,200.1,500.0,500.0,0.0,0.0,0.0,0.3,0.55
3.7,195.9,6.19,49.8,201,200.2,200.0,200.1,500.0,500.0,0.0,0.0,0.0,0.3,0.56
3.8,196.0,6.19,50.0,202,200.2,200.0,200.1,500.0,500.0,0.0,0.0,0.0,0.3,0.56
3.8,196.1,6.19,49.8,203,200.2,200.0,200.2,500.0,500.0,0.0,0.0,0.0,0.3,0.56
3.8,196.2,6.19,49.8,204,200.2,200.0,200.2,500.0,500.0,0.0,0.0,0.0,0.3,0.57
3.8,196.2,6.19,49.8,205,200.2,200.0,200.2,500.0,500.0,0.0,0.0,0.0,0.3,0.57
3.8,196.3,6.19,49.6,206,200.2,200.0,200.2,500.0,500.0,0.0,0.0,0.0,0.3,0.57
3.8,196.4,6.19,49.6,207,200.2,200.0,200.3,500.0,500.0,0.0,0.0,0.0,0.3,0.58
3.8,196.5,6.19,49.6,208,200.2,200.0,200.3,500.0,500.0,0.0,0.0,0.0,0.3,0.58
3.8,196.6,6.19,49.6,209,200.2,200.0,200.3,500.0,500.0,0.0,0.0,0.0,0.3,0.58
3.8,196.7,6.19,49.6,210,200.2,200.0,200.3,500.0,500.0,0.0,0.0,0.0,0.3,0.59
3.8,196.8,6.19,49.8,211,200.2,200.0,200.3,500.0,500.0,0.0,0.0,0.0,0.3,0.59
3.8,196.9,6.19,49.6,212,200.2,200.0,200.3,500.0,500.0,0.0,0.0,0.0,0.3,0.59
3.8,197.0,6.19,49.8,213,200.2,200.0,200.3,500.0,500.0,0.0,0.0,0.0,0.3,0.60
3.8,197.0,6.19,49.8,214,200.2,200.1,200.3,500.0,500.0,0.0,0.0,0.0,0.3,0.60
3.9,197.1,6.19,49.8,215,200.2,200.3,200.3,500.0,500.0,0.0,0.0,0.0,0.3,0.60
3.9,197.1,6.19,49.8,216,200.2,200.4,200.3,500.0,500.0,0.0,0.0,0.0,0.3,0.61
3.9,197.2,6.19,50.0,217,200.2,200.5,200.3,500.0,500.0,0.0,0.0,0.0,0.3,0.61
3.9,197.3,6.19,49.8,218,200.2,200.5,200.3,500.0,500.0,0.0,0.0,0.0,0.3,0.61
3.8,197.4,6.19,49.8,219,200.2,200.5,200.3,500.0,500.0,0.0,0.0,0.0,0.3,0.62
3.8,197.4,6.19,49.8,220,200.2,200.6,200.3,500.0,500.0,0.0,0.0,0.0,0.3,0.62
3.8,197.5,6.19,49.8,221,200.2,200.8,200.3,500.0,500.0,0.0,0.0,0.0,0.3,0.62
3.8,197.6,6.19,49.6,222,200.2,200.8,200.3,500.0,500.0,0.0,0.0,0.0,0.3,0.62
3.9,197.6,6.19,49.8,223,200.2,200.9,200.3,500.0,500.0,0.0,0.0,0.0,0.3,0.63
3.9,197.7,6.19,49.8,224,200.2,201.0,200.3,500.0,500.0,0.0,0.0,0.0,0.3,0.63
3.9,197.8,6.19,49.8,225,200.2,201.0,200.3,500.0,500.0,0.0,0.0,0.0,0.3,0.63
3.8,197.8,6.19,49.8,226,200.2,201.0,200.3,500.0,500.0,0.0,0.0,0.0,0.3,0.64
3.9,197.9,6.19,50.0,227,200.2,201.0,200.3,500.0,500.0,0.0,0.0,0.0,0.3,0.64
3.8,198.0,6.19,49.8,228,200.2,201.0,200.3,500.0,500.0,0.0,0.0,0.0,0.3,0.64
3.7,198.1,6.19,49.8,229,200.2,201.0,200.3,500.0,500.0,0.0,0.0,0.0,0.3,0.65
3.7,198.2,6.19,49.8,230,200.2,201.0,200.3,500.0,500.0,0.0,0.0,0.0,0.3,0.65
3.7,198.3,6.19,49.8,231,200.3,200.9,200.3,500.0,500.0,0.0,0.0,0.0,0.3,0.65
3.7,198.3,6.19,49.6,232,200.3,200.7,200.4,500.0,500.0,0.0,0.0,0.0,0.3,0.66
3.8,198.3,6.19,49.8,233,200.3,200.6,200.4,500.0,500.0,0.0,0.0,0.0,0.3,0.66
3.9,198.3,6.19,49.8,234,200.3,200.5,200.4,500.0,500.0,0.0,0.0,0.0,0.3,0.66
3.9,198.4,6.19,49.8,235,200.2,200.4,200.4,500.0,500.0,0.0,0.0,0.0,0.3,0.67
3.8,198.5,6.19,49.8,236,200.2,200.4,200.3,500.0,500.0,0.0,0.0,0.0,0.3,0.67
3.8,198.6,6.19,49.8,237,200.2,200.4,200.2,500.0,500.0,0.0,0.0,0.0,0.3,0.67
3.7,198.7,6.19,49.8,238,200.2,200.4,200.2,500.0,500.0,0.0,0.0,0.0,0.3,0.68
3.7,198.8,6.19,49.8,239,200.2,200.0,200.2,500.0,500.0,0.0,0.0,0.0,0.3,0.68
3.7,198.9,6.19,49.8,240,200.2,200.0,200.2,500.0,500.0,0.0,0.0,0.0,0.3,0.68
3.8,198.9,6.19,49.8,241,200.3,200.0,200.2,500.0,500.0,0.0,0.0,0.0,0.3,0.68
3.8,199.0,6.19,49.8,242,200.3,200.0,200.2,500.0,500.0,0.0,0.0,0.0,0.3,0.69
3.8,199.0,6.19,49.6,243,200.3,200.0,200.2,500.0,500.0,0.0,0.0,0.0,0.3,0.69
3.8,199.1,6.19,49.6,244,200.3,200.0,200.2,500.0,500.0,0.0,0.0,0.0,0.3,0.69
3.8,199.1,6.19,49.6,245,200.3,200.0,200.1,500.0,500.0,0.0,0.0,0.0,0.3,0.70
3.7,199.2,6.19,49.6,246,200.3,200.0,200.1,500.0,500.0,0.0,0.0,0.0,0.3,0.70
3.8,199.2,6.19,49.8,247,200.3,200.0,200.1,500.0,500.0,0.0,0.0,0.0,0.3,0.70
3.7,199.3,6.19,49.8,248,200.3,200.0,200.1,500.0,500.0,0.0,0.0,0.0,0.3,0.71
3.8,199.3,6.19,49.8,249,200.3,200.0,200.1,500.0,500.0,0.0,0.0,0.0,0.3,0.71
3.8,199.4,6.19,49.8,250,200.3,200.0,200.1,500.0,500.0,0.0,0.0,0.0,0.3,0.71
3.9,199.5,6.19,49.8,251,200.3,200.0,200.1,500.0,500.0,0.0,0.0,0.0,0.3,0.72
3.9,199.5,6.19,49.8,252,200.3,200.0,200.0,500.0,500.0,0.0,0.0,0.0,0.3,0.72
3.9,199.5,6.19,50.0,253,200.3,200.0,200.0,500.0,500.0,0.0,0.0,0.0,0.3,0.72
3.9,199.5,6.19,49.8,254,200.2,200.0,200.0,500.0,500.0,0.0,0.0,0.0,0.3,0.73
3.8,199.6,6.19,49.8,255,200.2,200.0,200.0,500.0,500.0,0.0,0.0,0.0,0.3,0.73
3.8,199.7,6.19,49.8,256,200.2,200.0,200.0,500.0,500.0,0.0,0.0,0.0,0.3,0.73
3.7,199.7,6.19,49.8,257,200.2,200.0,200.0,500.0,500.0,0.0,0.0,0.0,0.3,0.73
3.8,199.7,6.19,49.8,258,200.2,200.0,200.0,500.0,500.0,0.0,0.0,0.0,0.3,0.74
3.8,199.8,6.19,50.0,259,200.2,200.0,200.0,500.0,500.0,0.0,0.0,0.0,0.3,0.74
3.8,199.8,6.19,50.0,260,200.2,200.0,200.0,500.0,500.0,0.0,0.0,0.0,0.3,0.74
3.7,199.8,6.19,50.0,261,200.2,200.0,200.0,500.0,500.0,0.0,0.0,0.0,0.3,0.75
3.7,199.9,6.19,50.0,262,200.2,200.0,200.0,500.0,500.0,0.0,0.0,0.0,0.3,0.75
3.7,199.9,6.19,50.0,263,200.2,200.1,200.0,500.0,500.0,0.0,0.0,0.0,0.3,0.75
3.7,200.0,6.19,49.8,264,200.2,200.2,200.0,500.0,500.0,0.0,0.0,0.0,0.3,0.76
3.7,200.1,6.19,49.8,265,200.2,200.2,200.0,500.0,500.0,0.0,0.0,0.0,0.3,0.76
3.8,200.1,6.19,49.8,266,200.2,200.2,200.0,500.0,500.0,0.0,0.0,0.0,0.3,0.76
3.8,200.1,6.19,49.8,267,200.2,200.3,200.0,500.0,500.0,0.0,0.0,0.0,0.3,0.77
3.8,200.1,6.19,49.6,268,200.2,200.4,200.0,500.0,500.0,0.0,0.0,0.0,0.3,0.77
3.7,200.1,6.19,49.8,269,200.2,200.4,200.0,500.0,500.0,0.0,0.0,0.0,0.3,0.77
3.7,200.1,6.19,49.8,270,200.1,200.4,200.0,500.0,500.0,0.0,0.0,0.0,0.3,0.78
3.7,200.2,6.19,49.8,271,200.1,200.4,200.0,500.0,500.0,0.0,0.0,0.0,0.3,0.78
3.7,200.2,6.19,49.8,272,200.1,200.4,200.0,500.0,500.0,0.0,0.0,0.0,0.3,0.78
3.7,200.3,6.19,49.8,273,200.1,200.4,200.0,500.0,500.0,0.0,0.0,0.0,0.3,0.78
3.7,200.3,6.19,49.6,274,200.1,200.4,200.0,500.0,500.0,0.0,0.0,0.0,0.3,0.79
3.7,200.4,6.19,49.6,275,200.1,200.4,200.0,500.0,500.0,0.0,0.0,0.0,0.3,0.79
3.7,200.4,6.19,49.6,276,200.1,200.4,200.0,500.0,500.0,0.0,0.0,0.0,0.3,0.79
3.7,200.5,6.19,49.6,277,200.1,200.4,200.0,500.0,500.0,0.0,0.0,0.0,0.3,0.80
3.7,200.5,6.19,49.8,278,200.1,200.4,200.0,500.0,500.0,0.0,0.0,0.0,0.3,0.80
3.6,200.6,6.19,49.8,279,200.1,200.3,200.0,500.0,500.0,0.0,0.0,0.0,0.3,0.80
3.5,200.6,6.19,49.8,280,200.2,200.1,200.0,500.0,500.0,0.0,0.0,0.0,0.3,0.81
3.6,200.7,6.19,49.8,281,200.2,200.0,200.0,500.0,500.0,0.0,0.0,0.0,0.3,0.81
3.6,200.7,6.19,49.8,282,200.2,200.0,200.0,500.0,500.0,0.0,0.0,0.0,0.3,0.81
3.6,200.7,6.19,49.8,283,200.2,200.0,200.0,500.0,500.0,0.0,0.0,0.0,0.3,0.81
3.7,200.8,6.19,50.0,284,200.2,200.0,200.0,500.0,500.0,0.0,0.0,0.0,0.3,0.82
3.8,200.8,6.19,50.0,285,200.2,200.0,200.0,500.0,500.0,0.0,0.0,0.0,0.3,0.82
3.8,200.8,6.19,50.0,286,200.2,200.0,200.0,500.0,500.0,0.0,0.0,0.0,0.3,0.82
3.8,200.8,6.19,49.8,287,200.2,200.0,200.0,500.0,500.0,0.0,0.0,0.0,0.3,0.83
3.7,200.9,6.19,49.8,288,200.2,200.0,200.0,500.0,500.0,0.0,0.0,0.0,0.3,0.83
3.7,200.9,6.19,49.8,289,200.2,200.0,200.0,500.0,500.0,0.0,0.0,0.0,0.3,0.83
3.7,200.9,6.19,49.8,290,200.2,200.0,200.0,500.0,500.0,0.0,0.0,0.0,0.3,0.84
3.7,201.0,6.19,49.8,291,200.2,200.0,200.0,500.0,500.0,0.0,0.0,0.0,0.3,0.84
3.7,201.0,6.19,49.8,292,200.2,200.0,200.0,500.0,500.0,0.0,0.0,0.0,0.3,0.84
3.7,201.0,6.19,49.8,293,200.2,200.0,200.0,500.0,500.0,0.0,0.0,0.0,0.3,0.85
3.7,201.1,6.19,49.8,294,200.2,200.0,200.0,500.0,500.0,0.0,0.0,0.0,0.3,0.85
3.7,201.1,6.19,49.8,295,200.2,200.0,200.0,500.0,500.0,0.0,0.0,0.0,0.3,0.85
3.7,201.2,6.19,49.8,296,200.2,200.0,200.0,500.0,500.0,0.0,0.0,0.0,0.3,0.85
3.7,201.2,6.19,50.0,297,200.2,200.0,200.0,500.0,500.0,0.0,0.0,0.0,0.3,0.86
3.6,201.3,6.19,50.0,298,200.2,200.0,200.0,500.0,500.0,0.0,0.0,0.0,0.3,0.86
3.6,201.3,6.19,49.8,299,200.2,200.0,200.0,500.0,500.0,0.0,0.0,0.0,0.3,0.86
3.6,201.3,6.19,49.8,300,200.2,200.0,200.0,500.0,500.0,0.0,0.0,0.0,0.3,0.87
3.6,201.3,6.19,49.8,301,200.2,200.0,200.0,500.0,500.0,0.0,0.0,0.0,0.3,0.87
3.6,201.4,6.19,49.8,302,200.2,200.0,200.0,500.0,500.0,0.0,0.0,0.0,0.3,0.87
3.6,201.4,6.19,49.8,303,200.2,200.0,200.0,500.0,500.0,0.0,0.0,0.0,0.3,0.88
3.6,201.4,6.19,50.0,304,200.2,200.0,200.0,500.0,500.0,0.0,0.0,0.0,0.3,0.88
3.5,201.4,6.19,50.0,305,200.2,200.0,200.0,500.0,500.0,0.0,0.0,0.0,0.3,0.88
3.4,201.4,6.19,50.0,306,200.2,200.0,200.0,500.0,500.0,0.0,0.0,0.0,0.3,0.88
3.4,201.5,6.19,50.0,307,200.2,200.0,200.0,500.0,500.0,0.0,0.0,0.0,0.3,0.89
3.4,201.5,6.19,50.0,308,200.2,200.0,200.0,500.0,500.0,0.0,0.0,0.0,0.3,0.89
3.5,201.5,6.19,49.8,309,200.2,200.0,200.0,500.0,500.0,0.0,0.0,0.0,0.3,0.89
3.5,201.6,6.19,49.8,310,200.2,200.0,200.0,500.0,500.0,0.0,0.0,0.0,0.3,0.90
3.6,201.6,6.19,49.8,311,200.2,200.0,200.1,500.0,500.0,0.0,0.0,0.0,0.3,0.90
3.6,201.6,6.19,49.8,312,200.2,200.0,200.1,500.0,500.0,0.0,0.0,0.0,0.3,0.90
3.5,201.7,6.19,49.6,313,200.2,200.0,200.1,500.0,500.0,0.0,0.0,0.0,0.3,0.90
3.5,201.7,6.19,49.8,314,200.2,200.0,200.1,500.0,500.0,0.0,0.0,0.0,0.3,0.91
3.6,201.7,6.19,49.8,315,200.2,200.0,200.1,500.0,500.0,0.0,0.0,0.0,0.3,0.91
3.6,201.7,6.19,49.8,316,200.2,200.0,200.1,500.0,500.0,0.0,0.0,0.0,0.3,0.91
3.6,201.7,6.19,49.8,317,200.2,200.0,200.2,500.0,500.0,0.0,0.0,0.0,0.3,0.92
3.7,201.8,6.19,49.8,318,200.2,200.0,200.2,500.0,500.0,0.0,0.0,0.0,0.3,0.92
3.6,201.8,6.19,49.6,319,200.2,200.1,200.2,500.0,500.0,0.0,0.0,0.0,0.3,0.92
3.5,201.8,6.19,49.6,320,200.2,200.1,200.2,500.0,500.0,0.0,0.0,0.0,0.3,0.93
3.4,201.9,6.19,49.6,321,200.2,200.1,200.2,500.0,500.0,0.0,0.0,0.0,0.3,0.93
3.4,201.9,6.19,49.6,322,200.2,200.1,200.2,500.0,500.0,0.0,0.0,0.0,0.3,0.93
3.4,201.9,6.19,49.6,323,200.2,200.1,200.2,500.0,500.0,0.0,0.0,0.0,0.3,0.93
3.4,201.9,6.19,49.6,324,200.2,200.1,200.3,500.0,500.0,0.0,0.0,0.0,0.3,0.94
3.5,202.0,6.19,49.6,325,200.2,200.1,200.3,500.0,500.0,0.0,0.0,0.0,0.3,0.94
3.6,202.0,6.19,49.6,326,200.2,200.1,200.3,500.0,500.0,0.0,0.0,0.0,0.3,0.94
3.6,202.0,6.19,49.6,327,200.2,200.1,200.3,500.0,500.0,0.0,0.0,0.0,0.3,0.95
3.6,202.1,6.19,49.8,328,200.2,200.0,200.3,500.0,500.0,0.0,0.0,0.0,0.3,0.95
3.6,202.1,6.19,49.8,329,200.2,200.0,200.3,500.0,500.0,0.0,0.0,0.0,0.3,0.95
3.5,202.1,6.19,49.8,330,200.2,200.0,200.3,500.0,500.0,0.0,0.0,0.0,0.3,0.95
3.5,202.2,6.19,49.8,331,200.2,200.0,200.3,500.0,500.0,0.0,0.0,0.0,0.3,0.96
3.5,202.2,6.19,49.8,332,200.2,200.0,200.3,500.0,500.0,0.0,0.0,0.0,0.3,0.96
3.5,202.2,6.19,49.6,333,200.2,200.0,200.3,500.0,500.0,0.0,0.0,0.0,0.3,0.96
3.5,202.2,6.19,49.8,334,200.2,200.0,200.3,500.0,500.0,0.0,0.0,0.0,0.3,0.97
3.5,202.3,6.19,49.8,335,200.2,200.0,200.4,500.0,500.0,0.0,0.0,0.0,0.3,0.97
3.4,202.3,6.19,49.8,336,200.2,200.0,200.4,500.0,500.0,0.0,0.0,0.0,0.3,0.97
3.4,202.4,6.19,49.8,337,200.2,200.0,200.4,500.0,500.0,0.0,0.0,0.0,0.3,0.97
3.3,202.4,6.19,50.0,338,200.2,200.0,200.4,500.0,500.0,0.0,0.0,0.0,0.3,0.98
3.3,202.4,6.19,50.0,339,200.2,200.0,200.4,500.0,500.0,0.0,0.0,0.0,0.3,0.98
3.3,202.4,6.19,49.8,340,200.2,200.0,200.4,500.0,500.0,0.0,0.0,0.0,0.3,0.98
3.3,202.4,6.19,49.8,341,200.2,200.0,200.4,500.0,500.0,0.0,0.0,0.0,0.3,0.99
3.3,202.4,6.19,49.8,342,200.2,200.0,200.4,500.0,500.0,0.0,0.0,0.0,0.3,0.99
3.4,202.4,6.19,49.8,343,200.2,200.0,200.4,500.0,500.0,0.0,0.0,0.0,0.3,0.99
3.3,202.5,6.19,49.6,344,200.2,200.0,200.3,500.0,500.0,0.0,0.0,0.0,0.3,0.99
3.3,202.5,6.19,49.8,345,200.2,200.0,200.3,500.0,500.0,0.0,0.0,0.0,0.3,1.00
3.3,202.5,6.19,49.8,346,200.2,200.0,200.3,500.0,500.0,0.0,0.0,0.0,0.3,1.00
3.3,202.5,6.19,49.8,347,200.2,199.9,200.3,500.0,500.0,0.0,0.0,0.0,0.3,1.00
3.3,202.5,6.19,49.8,348,200.2,199.9,200.3,500.0,500.0,0.0,0.0,0.0,0.3,1.01
3.4,202.6,6.19,50.0,349,200.1,199.9,200.3,500.0,500.0,0.0,0.0,0.0,0.3,1.01
3.3,202.6,6.19,49.8,350,200.1,199.9,200.3,500.0,500.0,0.0,0.0,0.0,0.3,1.01
3.3,202.6,6.19,49.8,351,200.1,200.0,200.3,500.0,500.0,0.0,0.0,0.0,0.3,1.01
3.3,202.6,6.19,49.8,352,200.1,200.0,200.3,500.0,500.0,0.0,0.0,0.0,0.3,1.02
3.3,202.6,6.19,49.8,353,200.1,200.0,200.3,500.0,500.0,0.0,0.0,0.0,0.3,1.02
3.2,202.6,6.19,49.8,354,200.1,200.0,200.3,500.0,500.0,0.0,0.0,0.0,0.3,1.02
3.3,202.7,6.19,49.8,355,200.1,200.0,200.3,500.0,500.0,0.0,0.0,0.0,0.3,1.02
3.3,202.7,6.19,49.8,356,200.1,200.0,200.2,500.0,500.0,0.0,0.0,0.0,0.3,1.03
3.3,202.7,6.19,49.8,357,200.1,200.0,200.2,500.0,500.0,0.0,0.0,0.0,0.3,1.03
3.3,202.7,6.19,49.8,358,200.1,200.0,200.2,500.0,500.0,0.0,0.0,0.0,0.3,1.03
3.3,202.7,6.19,49.8,359,200.1,200.0,200.2,500.0,500.0,0.0,0.0,0.0,0.3,1.04
3.3,202.7,6.19,50.0,360,200.1,200.0,200.2,500.0,500.0,0.0,0.0,0.0,0.3,1.04
3.2,202.8,6.19,50.0,361,200.1,200.0,200.2,500.0,500.0,0.0,0.0,0.0,0.3,1.04
3.2,202.8,6.19,50.0,362,200.1,200.0,200.1,500.0,500.0,0.0,0.0,0.0,0.3,1.04
3.1,202.8,6.19,50.0,363,200.1,200.0,200.1,500.0,500.0,0.0,0.0,0.0,0.3,1.05
3.1,202.8,6.19,49.8,364,200.1,200.0,200.1,500.0,500.0,0.0,0.0,0.0,0.3,1.05
3.2,202.8,6.19,49.8,365,200.1,200.0,200.1,500.0,500.0,0.0,0.0,0.0,0.3,1.05
3.2,202.9,6.19,49.8,366,200.1,200.0,200.1,500.0,500.0,0.0,0.0,0.0,0.3,1.05
3.3,202.9,6.19,49.8,367,200.1,200.0,200.1,500.0,500.0,0.0,0.0,0.0,0.3,1.06
3.3,202.9,6.19,49.8,368,200.1,200.0,200.0,500.0,500.0,0.0,0.0,0.0,0.3,1.06
3.2,202.9,6.19,49.8,369,200.1,200.1,200.0,500.0,500.0,0.0,0.0,0.0,0.3,1.06
3.2,203.0,6.19,49.8,370,200.1,200.1,200.0,500.0,500.0,0.0,0.0,0.0,0.3,1.06
3.2,203.0,6.19,49.8,371,200.1,200.1,200.0,500.0,500.0,0.0,0.0,0.0,0.3,1.07
3.1,203.0,6.19,49.8,372,200.1,200.1,200.0,500.0,500.0,0.0,0.0,0.0,0.3,1.07
3.1,203.0,6.19,49.8,373,200.1,200.1,200.0,500.0,500.0,0.0,0.0,0.0,0.3,1.07
3.2,203.0,6.19,50.0,374,200.1,200.1,200.0,500.0,500.0,0.0,0.0,0.0,0.3,1.07
3.2,203.0,6.19,49.8,375,200.1,200.0,200.0,500.0,500.0,0.0,0.0,0.0,0.3,1.08
3.1,203.0,6.19,49.8,376,200.1,200.0,200.0,500.0,500.0,0.0,0.0,0.0,0.3,1.08
3.1,203.0,6.19,49.8,377,200.1,200.0,200.0,500.0,500.0,0.0,0.0,0.0,0.3,1.08
3.1,203.1,6.19,49.8,378,200.1,200.0,200.0,500.0,500.0,0.0,0.0,0.0,0.3,1.09
3.1,203.1,6.19,49.8,379,200.1,200.0,200.0,500.0,500.0,0.0,0.0,0.0,0.3,1.09
3.1,203.1,6.19,49.8,380,200.1,200.0,200.0,500.0,500.0,0.0,0.0,0.0,0.3,1.09
3.1,203.1,6.19,49.8,381,200.1,200.0,200.0,500.0,500.0,0.0,0.0,0.0,0.3,1.09
3.1,203.1,6.19,49.8,382,200.1,200.0,200.0,500.0,500.0,0.0,0.0,0.0,0.3,1.10
3.2,203.1,6.19,49.8,383,200.1,200.0,200.0,500.0,500.0,0.0,0.0,0.0,0.3,1.10
3.2,203.1,6.19,49.8,384,200.1,200.0,200.0,500.0,500.0,0.0,0.0,0.0,0.3,1.10
3.2,203.2,6.19,49.8,385,200.1,200.0,200.0,500.0,500.0,0.0,0.0,0.0,0.3,1.10
3.2,203.3,6.19,49.8,386,200.1,200.0,200.0,500.0,500.0,0.0,0.0,0.0,0.3,1.11
3.2,203.3,6.19,49.8,387,200.1,200.0,200.0,500.0,500.0,0.0,0.0,0.0,0.3,1.11
3.2,203.3,6.19,49.8,388,200.1,200.0,200.0,500.0,500.0,0.0,0.0,0.0,0.3,1.11
3.1,203.3,6.19,49.6,389,200.1,200.0,200.0,500.0,500.0,0.0,0.0,0.0,0.3,1.11
3.1,203.3,6.19,49.8,390,200.1,200.0,200.0,500.0,500.0,0.0,0.0,0.0,0.3,1.12
3.1,203.3,6.19,49.8,391,200.1,200.0,200.0,500.0,500.0,0.0,0.0,0.0,0.3,1.12
3.2,203.4,6.19,49.8,392,200.1,200.0,200.0,500.0,500.0,0.0,0.0,0.0,0.3,1.12
3.2,203.4,6.19,49.8,393,200.1,200.0,200.0,500.0,500.0,0.0,0.0,0.0,0.3,1.12
3.2,203.4,6.19,49.8,394,200.1,200.0,200.0,500.0,500.0,0.0,0.0,0.0,0.3,1.13
3.2,203.3,6.19,49.8,395,200.1,200.0,200.0,500.0,500.0,0.0,0.0,0.0,0.3,1.13
3.1,203.3,6.19,49.8,396,200.1,200.0,200.0,500.0,500.0,0.0,0.0,0.0,0.3,1.13
3.1,203.3,6.19,49.8,397,200.1,199.9,200.0,500.0,500.0,0.0,0.0,0.0,0.3,1.14
3.0,203.3,6.19,49.8,398,200.1,199.9,200.0,500.0,500.0,0.0,0.0,0.0,0.3,1.14
2.9,203.3,6.19,50.0,399,200.1,199.9,200.0,500.0,500.0,0.0,0.0,0.0,0.3,1.14
2.9,203.3,6.19,49.8,400,200.1,199.9,200.0,500.0,500.0,0.0,0.0,0.0,0.3,1.14
2.9,203.4,6.19,49.8,401,200.1,199.9,200.0,500.0,500.0,0.0,0.0,0.0,0.3,1.14
3.0,203.4,6.19,49.8,402,200.1,200.0,200.0,500.0,500.0,0.0,0.0,0.0,0.3,1.15
3.0,203.5,6.19,49.8,403,200.1,200.0,200.0,500.0,500.0,0.0,0.0,0.0,0.3,1.15
3.0,203.5,6.19,49.8,404,200.1,200.0,200.0,500.0,500.0,0.0,0.0,0.0,0.3,1.15
3.0,203.5,6.19,50.0,405,200.1,200.0,200.0,500.0,500.0,0.0,0.0,0.0,0.3,1.15
2.9,203.5,6.19,50.0,406,200.1,200.0,200.0,500.0,500.0,0.0,0.0,0.0,0.3,1.16
2.9,203.5,6.19,50.0,407,200.1,200.0,200.0,500.0,500.0,0.0,0.0,0.0,0.3,1.16
2.8,203.5,6.19,50.0,408,200.1,200.0,200.0,500.0,500.0,0.0,0.0,0.0,0.3,1.16
2.9,203.5,6.19,50.0,409,200.1,200.0,200.0,500.0,500.0,0.0,0.0,0.0,0.3,1.16
2.9,203.5,6.19,50.0,410,200.1,200.0,200.0,500.0,500.0,0.0,0.0,0.0,0.3,1.17
2.9,203.5,6.19,49.8,411,200.1,200.0,200.0,500.0,500.0,0.0,0.0,0.0,0.3,1.17
2.9,203.5,6.19,49.8,412,200.1,200.0,200.0,500.0,500.0,0.0,0.0,0.0,0.3,1.17
2.9,203.5,6.19,49.8,413,200.1,200.0,200.0,500.0,500.0,0.0,0.0,0.0,0.3,1.17
2.9,203.6,6.19,49.6,414,200.1,200.0,200.0,500.0,500.0,0.0,0.0,0.0,0.3,1.18
2.8,203.6,6.19,49.6,415,200.1,200.0,200.0,500.0,500.0,0.0,0.0,0.0,0.3,1.18
2.9,203.6,6.19,49.8,416,200.1,200.0,200.0,500.0,500.0,0.0,0.0,0.0,0.3,1.18
2.9,203.6,6.19,49.8,417,200.1,200.0,200.0,500.0,500.0,0.0,0.0,0.0,0.3,1.18
2.9,203.6,6.19,49.8,418,200.1,200.0,200.0,500.0,500.0,0.0,0.0,0.0,0.3,1.19
2.9,203.6,6.19,50.0,419,200.1,200.0,200.0,500.0,500.0,0.0,0.0,0.0,0.3,1.19
2.9,203.7,6.19,49.8,420,200.1,200.0,200.0,500.0,500.0,0.0,0.0,0.0,0.3,1.19
2.9,203.7,6.19,49.6,421,200.1,200.0,200.0,500.0,500.0,0.0,0.0,0.0,0.3,1.19
2.8,203.7,6.19,49.6,422,200.1,200.0,200.0,500.0,500.0,0.0,0.0,0.0,0.3,1.20
2.8,203.7,6.19,49.6,423,200.1,200.0,200.0,500.0,500.0,0.0,0.0,0.0,0.3,1.20
2.8,203.7,6.19,49.6,424,200.1,200.0,200.0,500.0,500.0,0.0,0.0,0.0,0.3,1.20
2.8,203.7,6.19,49.6,425,200.1,200.0,200.0,500.0,500.0,0.0,0.0,0.0,0.3,1.20
2.7,203.7,6.19,49.8,426,200.1,200.0,200.0,500.0,500.0,0.0,0.0,0.0,0.3,1.20
2.7,203.7,6.19,49.8,427,200.1,200.0,200.0,500.0,500.0,0.0,0.0,0.0,0.3,1.21
2.8,203.7,6.19,49.8,428,200.1,200.0,200.0,500.0,500.0,0.0,0.0,0.0,0.3,1.21
2.8,203.7,6.19,49.8,429,200.1,200.0,200.0,500.0,500.0,0.0,0.0,0.0,0.3,1.21
2.8,203.7,6.19,50.0,430,200.1,200.0,200.0,500.0,500.0,0.0,0.0,0.0,0.3,1.21
2.7,203.8,6.19,49.8,431,200.1,200.0,200.0,500.0,500.0,0.0,0.0,0.0,0.3,1.22
2.8,203.8,6.19,49.8,432,200.1,200.0,200.0,500.0,500.0,0.0,0.0,0.0,0.3,1.22
2.8,203.8,6.19,49.8,433,200.1,200.0,200.0,500.0,500.0,0.0,0.0,0.0,0.3,1.22
2.8,203.8,6.19,49.8,434,200.1,200.0,200.0,500.0,500.0,0.0,0.0,0.0,0.3,1.22
2.8,203.9,6.19,49.6,435,200.1,200.0,200.0,500.0,500.0,0.0,0.0,0.0,0.3,1.23
2.8,203.9,6.19,49.6,436,200.1,200.0,200.0,500.0,500.0,0.0,0.0,0.0,0.3,1.23
2.9,203.9,6.19,49.6,437,200.1,200.0,200.0,500.0,500.0,0.0,0.0,0.0,0.3,1.23
2.8,203.9,6.19,49.6,438,200.2,200.0,200.1,500.0,500.0,0.0,0.0,0.0,0.3,1.23
2.8,203.9,6.19,49.6,439,200.2,200.0,200.1,500.0,500.0,0.0,0.0,0.0,0.3,1.23
2.7,203.9,6.19,49.8,440,200.2,200.0,200.1,500.0,500.0,0.0,0.0,0.0,0.3,1.24
2.7,203.9,6.19,50.0,441,200.2,200.0,200.1,500.0,500.0,0.0,0.0,0.0,0.3,1.24
2.7,203.9,6.19,50.0,442,200.1,200.0,200.1,500.0,500.0,0.0,0.0,0.0,0.3,1.24
2.7,203.9,6.19,50.0,443,200.1,200.0,200.1,500.0,500.0,0.0,0.0,0.0,0.3,1.24
2.8,203.9,6.19,50.0,444,200.1,200.0,200.1,500.0,500.0,0.0,0.0,0.0,0.3,1.25
2.7,203.9,6.19,49.8,445,200.1,200.0,200.1,500.0,500.0,0.0,0.0,0.0,0.3,1.25
2.7,203.9,6.19,49.8,446,200.1,200.0,200.1,500.0,500.0,0.0,0.0,0.0,0.3,1.25
2.7,203.9,6.19,49.8,447,200.1,200.0,200.1,500.0,500.0,0.0,0.0,0.0,0.3,1.25
2.6,203.9,6.19,49.8,448,200.1,200.0,200.1,500.0,500.0,0.0,0.0,0.0,0.3,1.25
2.6,204.0,6.19,49.8,449,200.1,200.0,200.1,500.0,500.0,0.0,0.0,0.0,0.3,1.26
2.6,204.0,6.19,49.8,450,200.1,200.0,200.1,500.0,500.0,0.0,0.0,0.0,0.3,1.26
2.7,204.0,6.19,49.8,451,200.1,200.0,200.1,500.0,500.0,0.0,0.0,0.0,0.3,1.26
2.7,204.0,6.19,49.8,452,200.1,200.0,200.1,500.0,500.0,0.0,0.0,0.0,0.3,1.26
2.7,204.1,6.19,49.8,453,200.2,200.0,200.2,500.0,500.0,0.0,0.0,0.0,0.3,1.27
2.7,204.1,6.19,49.8,454,200.2,200.0,200.2,500.0,500.0,0.0,0.0,0.0,0.3,1.27
2.7,204.1,6.19,50.0,455,200.2,200.0,200.2,500.0,500.0,0.0,0.0,0.0,0.3,1.27
2.7,204.1,6.19,49.8,456,200.2,200.0,200.2,500.0,500.0,0.0,0.0,0.0,0.3,1.27
2.7,204.1,6.19,49.8,457,200.2,200.0,200.2,500.0,500.0,0.0,0.0,0.0,0.3,1.27
2.7,204.1,6.19,49.8,458,200.2,200.0,200.2,500.0,500.0,0.0,0.0,0.0,0.3,1.28
2.6,204.1,6.19,49.8,459,200.2,200.0,200.2,500.0,500.0,0.0,0.0,0.0,0.3,1.28
2.7,204.1,6.19,49.8,460,200.2,200.0,200.2,500.0,500.0,0.0,0.0,0.0,0.3,1.28
2.7,204.1,6.19,50.0,461,200.2,200.0,200.2,500.0,500.0,0.0,0.0,0.0,0.3,1.28
2.7,204.1,6.19,49.8,462,200.2,200.0,200.2,500.0,500.0,0.0,0.0,0.0,0.3,1.29
2.6,204.1,6.19,49.8,463,200.2,200.0,200.2,500.0,500.0,0.0,0.0,0.0,0.3,1.29
2.6,204.1,6.19,49.8,464,200.2,200.0,200.2,500.0,500.0,0.0,0.0,0.0,0.3,1.29
2.6,204.1,6.19,49.6,465,200.2,200.0,200.2,500.0,500.0,0.0,0.0,0.0,0.3,1.29
2.5,204.1,6.19,49.6,466,200.2,200.0,200.2,500.0,500.0,0.0,0.0,0.0,0.3,1.29
2.5,204.2,6.19,49.6,467,200.2,200.1,200.2,500.0,500.0,0.0,0.0,0.0,0.3,1.30
2.5,204.2,6.19,49.6,468,200.2,200.1,200.2,500.0,500.0,0.0,0.0,0.0,0.3,1.30
2.5,204.2,6.19,49.6,469,200.2,200.1,200.2,500.0,500.0,0.0,0.0,0.0,0.3,1.30
2.6,204.2,6.19,49.6,470,200.2,200.1,200.1,500.0,500.0,0.0,0.0,0.0,0.3,1.30
2.6,204.2,6.19,49.6,471,200.2,200.2,200.1,500.0,500.0,0.0,0.0,0.0,0.3,1.30
2.6,204.2,6.19,49.8,472,200.2,200.2,200.1,500.0,500.0,0.0,0.0,0.0,0.3,1.31
2.6,204.2,6.19,49.8,473,200.2,200.2,200.1,500.0,500.0,0.0,0.0,0.0,0.3,1.31
2.6,204.2,6.19,49.8,474,200.1,200.2,200.1,500.0,500.0,0.0,0.0,0.0,0.3,1.31
2.6,204.2,6.19,50.0,475,200.1,200.2,200.1,500.0,500.0,0.0,0.0,0.0,0.3,1.31
2.6,204.2,6.19,49.8,476,200.1,200.2,200.1,500.0,500.0,0.0,0.0,0.0,0.3,1.32
2.6,204.2,6.19,49.8,477,200.1,200.1,200.1,500.0,500.0,0.0,0.0,0.0,0.3,1.32
2.6,204.2,6.19,49.8,478,200.1,200.0,200.1,500.0,500.0,0.0,0.0,0.0,0.3,1.32
2.6,204.2,6.19,49.8,479,200.1,200.0,200.1,500.0,500.0,0.0,0.0,0.0,0.3,1.32
2.5,204.2,6.19,49.8,480,200.1,200.0,200.1,500.0,500.0,0.0,0.0,0.0,0.3,1.32
2.6,204.3,6.19,50.0,481,200.1,200.0,200.0,500.0,500.0,0.0,0.0,0.0,0.3,1.33
2.6,204.3,6.19,49.8,482,200.1,200.0,200.0,500.0,500.0,0.0,0.0,0.0,0.3,1.33
2.5,204.3,6.19,49.8,483,200.1,200.0,200.0,500.0,500.0,0.0,0.0,0.0,0.3,1.33
2.5,204.3,6.19,49.8,484,200.1,200.0,200.0,500.0,500.0,0.0,0.0,0.0,0.3,1.33
2.5,204.3,6.19,49.8,485,200.1,200.0,200.0,500.0,500.0,0.0,0.0,0.0,0.3,1.33
2.5,204.3,6.19,49.8,486,200.1,200.0,200.0,500.0,500.0,0.0,0.0,0.0,0.3,1.34
2.5,204.3,6.19,49.8,487,200.1,200.0,200.0,500.0,500.0,0.0,0.0,0.0,0.3,1.34
2.5,204.3,6.19,49.8,488,200.1,200.0,200.0,500.0,500.0,0.0,0.0,0.0,0.3,1.34
2.5,204.3,6.19,49.8,489,200.1,200.0,200.0,500.0,500.0,0.0,0.0,0.0,0.3,1.34
2.5,204.3,6.19,49.8,490,200.0,200.0,200.0,500.0,500.0,0.0,0.0,0.0,0.3,1.35
2.6,204.3,6.18,49.8,491,200.0,200.0,200.0,500.0,500.0,0.0,0.0,0.0,0.3,1.35
2.6,204.3,6.18,50.0,492,200.0,200.0,200.0,500.0,500.0,0.0,0.0,0.0,0.3,1.35
2.6,204.3,6.18,50.0,493,200.0,199.9,200.0,500.0,500.0,0.0,0.0,0.0,0.3,1.35
2.5,204.3,6.18,50.0,494,200.0,199.9,200.0,500.0,500.0,0.0,0.0,0.0,0.3,1.35
2.5,204.3,6.18,50.0,495,200.0,199.9,200.0,500.0,500.0,0.0,0.0,0.0,0.3,1.36
2.5,204.3,6.19,49.8,496,200.0,199.9,200.0,500.0,500.0,0.0,0.0,0.0,0.3,1.36
2.5,204.3,6.19,49.8,497,200.0,199.8,200.0,500.0,500.0,0.0,0.0,0.0,0.3,1.36
2.6,204.3,6.19,49.8,498,200.0,199.8,200.0,500.0,500.0,0.0,0.0,0.0,0.3,1.36
2.6,204.3,6.19,49.8,499,200.0,199.8,200.0,500.0,500.0,0.0,0.0,0.0,0.3,1.36
2.6,204.3,6.19,49.8,500,200.0,199.8,200.0,500.0,500.0,0.0,0.0,0.0,0.3,1.37
2.6,204.3,6.19,49.8,501,200.0,199.8,200.0,500.0,500.0,0.0,0.0,0.0,0.3,1.37
2.6,204.3,6.19,49.8,502,200.0,199.8,200.0,500.0,500.0,0.0,0.0,0.0,0.3,1.37
2.5,204.3,6.19,49.8,503,200.0,199.9,200.0,500.0,500.0,0.0,0.0,0.0,0.3,1.37
2.5,204.3,6.19,49.8,504,200.0,200.0,200.0,500.0,500.0,0.0,0.0,0.0,0.3,1.37
2.4,204.3,6.19,49.8,505,200.0,200.0,200.0,500.0,500.0,0.0,0.0,0.0,0.3,1.38
2.5,204.3,6.19,50.0,506,200.0,200.0,200.0,500.0,500.0,0.0,0.0,0.0,0.3,1.38
2.5,204.3,6.19,49.8,507,200.0,200.0,200.0,500.0,500.0,0.0,0.0,0.0,0.3,1.38
2.5,204.3,6.19,49.8,508,200.0,200.0,200.0,500.0,500.0,0.0,0.0,0.0,0.3,1.38
2.5,204.3,6.19,49.8,509,200.0,200.0,200.0,500.0,500.0,0.0,0.0,0.0,0.3,1.39
2.5,204.3,6.19,49.8,510,200.0,200.0,200.0,500.0,500.0,0.0,0.0,0.0,0.3,1.39
2.4,204.3,6.19,49.8,511,200.0,200.0,200.0,500.0,500.0,0.0,0.0,0.0,0.3,1.39
2.4,204.3,6.19,50.0,512,200.0,200.0,200.0,500.0,500.0,0.0,0.0,0.0,0.3,1.39
2.4,204.3,6.19,49.8,513,200.0,200.0,200.0,500.0,500.0,0.0,0.0,0.0,0.3,1.39
2.5,204.3,6.19,49.8,514,200.0,200.0,200.0,500.0,500.0,0.0,0.0,0.0,0.3,1.40
2.5,204.3,6.19,49.8,515,200.0,200.0,200.0,500.0,500.0,0.0,0.0,0.0,0.3,1.40
2.5,204.3,6.19,49.8,516,200.0,200.0,200.0,500.0,500.0,0.0,0.0,0.0,0.3,1.40
2.5,204.3,6.19,49.8,517,200.0,200.0,200.0,500.0,500.0,0.0,0.0,0.0,0.3,1.40
2.4,204.3,6.19,49.8,518,200.0,200.0,200.0,500.0,500.0,0.0,0.0,0.0,0.3,1.40
2.4,204.3,6.19,49.8,519,200.0,200.0,200.0,500.0,500.0,0.0,0.0,0.0,0.3,1.41
2.4,204.3,6.19,49.8,520,200.0,200.0,200.0,500.0,500.0,0.0,0.0,0.0,0.3,1.41
2.3,204.3,6.19,49.6,521,200.0,200.0,200.0,500.0,500.0,0.0,0.0,0.0,0.3,1.41
2.3,204.3,6.19,49.6,522,200.0,200.0,200.0,500.0,500.0,0.0,0.0,0.0,0.3,1.41
2.4,204.3,6.19,49.8,523,200.0,200.0,200.0,500.0,500.0,0.0,0.0,0.0,0.3,1.41
2.4,204.3,6.19,49.8,524,200.0,200.0,200.0,500.0,500.0,0.0,0.0,0.0,0.3,1.42
2.4,204.3,6.19,49.8,525,200.0,200.0,200.0,500.0,500.0,0.0,0.0,0.0,0.3,1.42
2.4,204.3,6.19,50.0,526,200.0,200.0,200.0,500.0,500.0,0.0,0.0,0.0,0.3,1.42
2.3,204.4,6.19,49.8,527,200.0,200.0,200.0,500.0,500.0,0.0,0.0,0.0,0.3,1.42
2.3,204.4,6.19,49.8,528,200.0,200.0,200.0,500.0,500.0,0.0,0.0,0.0,0.3,1.42
2.2,204.4,6.19,49.8,529,200.0,200.0,200.0,500.0,500.0,0.0,0.0,0.0,0.3,1.42
2.3,204.4,6.19,49.8,530,200.0,200.0,200.0,500.0,500.0,0.0,0.0,0.0,0.3,1.43
2.2,204.4,6.19,49.8,531,200.0,200.0,200.0,500.0,500.0,0.0,0.0,0.0,0.3,1.43
2.3,204.4,6.19,49.8,532,200.0,200.0,200.0,500.0,500.0,0.0,0.0,0.0,0.3,1.43
2.3,204.4,6.19,49.6,533,200.0,200.0,200.0,500.0,500.0,0.0,0.0,0.0,0.3,1.43
2.3,204.4,6.19,49.6,534,200.0,200.0,200.0,500.0,500.0,0.0,0.0,0.0,0.3,1.43
2.3,204.4,6.19,49.6,535,200.0,200.0,200.0,500.0,500.0,0.0,0.0,0.0,0.3,1.44
2.3,204.4,6.19,49.6,536,200.0,200.0,200.0,500.0,500.0,0.0,0.0,0.0,0.3,1.44
2.2,204.4,6.19,49.8,537,200.0,200.0,200.0,500.0,500.0,0.0,0.0,0.0,0.3,1.44
2.2,204.4,6.19,49.8,538,200.0,200.0,200.0,500.0,500.0,0.0,0.0,0.0,0.3,1.44
2.3,204.4,6.19,49.6,539,200.0,200.0,200.0,500.0,500.0,0.0,0.0,0.0,0.3,1.44
2.3,204.4,6.19,49.6,540,200.0,200.0,200.0,500.0,500.0,0.0,0.0,0.0,0.3,1.45
2.4,204.4,6.19,49.6,541,200.0,200.0,200.0,500.0,500.0,0.0,0.0,0.0,0.3,1.45
2.4,204.4,6.19,49.6,542,200.0,200.0,200.0,500.0,500.0,0.0,0.0,0.0,0.3,1.45
2.4,204.4,6.19,49.8,543,200.0,199.9,200.0,500.0,500.0,0.0,0.0,0.0,0.3,1.45
2.4,204.4,6.19,49.8,544,200.0,199.9,200.0,500.0,500.0,0.0,0.0,0.0,0.3,1.45
2.3,204.4,6.19,49.8,545,200.0,199.9,200.0,500.0,500.0,0.0,0.0,0.0,0.3,1.46
2.3,204.4,6.19,49.8,546,200.0,199.9,200.0,500.0,500.0,0.0,0.0,0.0,0.3,1.46
2.3,204.4,6.19,49.8,547,200.0,199.9,200.0,500.0,500.0,0.0,0.0,0.0,0.3,1.46
2.3,204.4,6.19,49.6,548,200.0,199.9,200.0,500.0,500.0,0.0,0.0,0.0,0.3,1.46
2.3,204.5,6.19,49.8,549,200.0,199.9,200.0,500.0,500.0,0.0,0.0,0.0,0.3,1.46
2.3,204.5,6.19,49.8,550,200.0,199.9,200.0,500.0,500.0,0.0,0.0,0.0,0.3,1.46
2.3,204.5,6.19,49.8,551,200.0,199.9,200.0,500.0,500.0,0.0,0.0,0.0,0.3,1.47
2.2,204.4,6.19,49.6,552,200.0,199.9,200.0,500.0,500.0,0.0,0.0,0.0,0.3,1.47
2.2,204.4,6.19,49.6,553,200.0,199.9,200.0,500.0,500.0,0.0,0.0,0.0,0.3,1.47
2.2,204.4,6.19,49.6,554,200.0,200.0,200.0,500.0,500.0,0.0,0.0,0.0,0.3,1.47
2.2,204.4,6.19,49.6,555,200.0,200.0,200.0,500.0,500.0,0.0,0.0,0.0,0.3,1.47
2.2,204.4,6.19,49.6,556,200.0,200.0,200.0,500.0,500.0,0.0,0.0,0.0,0.3,1.48
2.2,204.4,6.19,49.8,557,200.0,200.0,200.0,500.0,500.0,0.0,0.0,0.0,0.3,1.48
2.3,204.4,6.19,49.8,558,200.0,200.0,200.0,500.0,500.0,0.0,0.0,0.0,0.3,1.48
2.3,204.4,6.19,49.8,559,200.0,200.0,200.0,500.0,500.0,0.0,0.0,0.0,0.3,1.48
2.3,204.5,6.19,49.8,560,200.0,200.0,200.0,500.0,500.0,0.0,0.0,0.0,0.3,1.48
2.3,204.5,6.19,49.8,561,200.0,200.0,200.1,500.0,500.0,0.0,0.0,0.0,0.3,1.49
2.3,204.5,6.19,49.8,562,200.0,200.0,200.1,500.0,500.0,0.0,0.0,0.0,0.3,1.49
2.2,204.5,6.19,50.0,563,200.0,200.0,200.1,500.0,500.0,0.0,0.0,0.0,0.3,1.49
2.2,204.5,6.19,49.8,564,200.0,200.0,200.1,500.0,500.0,0.0,0.0,0.0,0.3,1.49
2.2,204.5,6.19,49.8,565,200.0,200.0,200.1,500.0,500.0,0.0,0.0,0.0,0.3,1.49
2.1,204.5,6.19,49.8,566,200.0,200.0,200.1,500.0,500.0,0.0,0.0,0.0,0.3,1.49
2.1,204.5,6.19,49.8,567,200.0,200.0,200.1,500.0,500.0,0.0,0.0,0.0,0.3,1.50
2.2,204.4,6.19,49.8,568,200.0,200.1,200.1,500.0,500.0,0.0,0.0,0.0,0.3,1.50
2.1,204.4,6.19,50.0,569,200.0,200.1,200.1,500.0,500.0,0.0,0.0,0.0,0.3,1.50
2.2,204.4,6.19,50.0,570,200.0,200.1,200.1,500.0,500.0,0.0,0.0,0.0,0.3,1.50
2.1,204.4,6.19,50.0,571,200.0,200.1,200.1,500.0,500.0,0.0,0.0,0.0,0.3,1.50
2.1,204.4,6.19,50.0,572,200.0,200.2,200.1,500.0,500.0,0.0,0.0,0.0,0.3,1.51
2.1,204.5,6.19,50.0,573,200.0,200.2,200.1,500.0,500.0,0.0,0.0,0.0,0.3,1.51
2.1,204.5,6.19,49.8,574,200.0,200.2,200.1,500.0,500.0,0.0,0.0,0.0,0.3,1.51
2.1,204.5,6.19,49.8,575,200.0,200.2,200.1,500.0,500.0,0.0,0.0,0.0,0.3,1.51
2.1,204.5,6.19,49.8,576,200.0,200.2,200.1,500.0,500.0,0.0,0.0,0.0,0.3,1.51
2.1,204.5,6.19,49.8,577,200.0,200.2,200.1,500.0,500.0,0.0,0.0,0.0,0.3,1.51
2.1,204.5,6.19,49.6,578,200.0,200.2,200.1,500.0,500.0,0.0,0.0,0.0,0.3,1.52
2.1,204.5,6.19,49.8,579,200.0,200.2,200.1,500.0,500.0,0.0,0.0,0.0,0.3,1.52
2.0,204.5,6.19,49.8,580,200.0,200.0,200.1,500.0,500.0,0.0,0.0,0.0,0.3,1.52
2.1,204.5,6.19,49.8,581,200.0,200.0,200.1,500.0,500.0,0.0,0.0,0.0,0.3,1.52
2.1,204.5,6.19,49.8,582,200.0,200.0,200.1,500.0,500.0,0.0,0.0,0.0,0.3,1.52
2.1,204.5,6.19,50.0,583,200.0,200.0,200.1,500.0,500.0,0.0,0.0,0.0,0.3,1.52
2.2,204.5,6.19,50.0,584,200.0,200.0,200.1,500.0,500.0,0.0,0.0,0.0,0.3,1.53
2.2,204.5,6.19,50.0,585,200.0,200.0,200.1,500.0,500.0,0.0,0.0,0.0,0.3,1.53
2.3,204.5,6.19,50.0,586,200.0,200.0,200.1,500.0,500.0,0.0,0.0,0.0,0.3,1.53
2.2,204.5,6.19,50.0,587,200.0,200.0,200.1,500.0,500.0,0.0,0.0,0.0,0.3,1.53
2.1,204.5,6.19,50.0,588,200.0,200.0,200.1,500.0,500.0,0.0,0.0,0.0,0.3,1.53
2.1,204.5,6.19,49.8,589,200.0,200.0,200.1,500.0,500.0,0.0,0.0,0.0,0.3,1.54
2.0,204.5,6.19,49.8,590,200.0,200.0,200.1,500.0,500.0,0.0,0.0,0.0,0.3,1.54
2.0,204.5,6.19,49.8,591,200.0,200.0,200.1,500.0,500.0,0.0,0.0,0.0,0.3,1.54
2.0,204.5,6.19,49.8,592,200.0,200.0,200.0,500.0,500.0,0.0,0.0,0.0,0.3,1.54
2.0,204.5,6.19,49.8,593,200.0,200.0,200.0,500.0,500.0,0.0,0.0,0.0,0.3,1.54
2.0,204.5,6.19,50.0,594,200.0,200.0,200.0,500.0,500.0,0.0,0.0,0.0,0.3,1.54
2.0,204.5,6.19,49.8,595,200.0,200.0,200.0,500.0,500.0,0.0,0.0,0.0,0.3,1.55
2.0,204.5,6.19,49.8,596,200.0,200.0,200.0,500.0,500.0,0.0,0.0,0.0,0.3,1.55
2.0,204.5,6.19,49.8,597,200.0,200.0,200.0,500.0,500.0,0.0,0.0,0.0,0.3,1.55
2.0,204.6,6.19,49.8,598,200.0,200.0,200.0,500.0,500.0,0.0,0.0,0.0,0.3,1.55
2.0,204.6,6.19,49.8,599,200.0,200.0,200.0,500.0,500.0,0.0,0.0,0.0,0.3,1.55
