扭矩,料温,压力,转速,时间,温度1,温度2,温度3,温度4,温度5,温度6,温度7,温度8,顶栓,能量
1.7,191.8,6.19,1.6,0,200.0,200.0,199.0,500.0,500.0,0.0,0.0,0.0,0.3,0.00
1.6,192.0,6.19,9.0,1,200.0,200.0,198.9,500.0,500.0,0.0,0.0,0.0,0.3,0.00
1.5,192.1,6.19,22.8,2,200.0,200.0,198.9,500.0,500.0,0.0,0.0,0.0,0.3,0.00
1.5,192.2,6.19,38.8,3,200.0,200.0,198.9,500.0,500.0,0.0,0.0,0.0,0.3,0.00
1.4,192.3,6.19,54.6,4,200.0,200.0,198.9,500.0,500.0,0.0,0.0,0.0,0.3,0.00
1.4,192.4,6.19,68.8,5,200.0,200.0,198.9,500.0,500.0,0.0,0.0,0.0,0.3,0.00
1.4,192.5,6.19,77.4,6,200.0,200.0,198.9,500.0,500.0,0.0,0.0,0.0,0.3,0.01
1.4,192.6,6.19,79.6,7,200.0,200.0,198.8,500.0,500.0,0.0,0.0,0.0,0.3,0.01
1.5,192.6,6.19,79.4,8,200.0,200.0,198.8,500.0,500.0,0.0,0.0,0.0,0.3,0.01
1.5,192.7,6.19,79.6,9,200.0,200.0,198.8,500.0,500.0,0.0,0.0,0.0,0.3,0.01
1.5,192.8,6.19,79.8,10,200.0,199.9,198.8,500.0,500.0,0.0,0.0,0.0,0.3,0.01
1.5,192.9,6.19,79.6,11,200.0,199.9,198.8,500.0,500.0,0.0,0.0,0.0,0.3,0.02
1.5,192.9,6.19,79.6,12,200.0,199.9,198.8,500.0,500.0,0.0,0.0,0.0,0.3,0.02
1.5,192.6,6.19,79.8,13,200.0,199.9,198.8,500.0,500.0,0.0,0.0,0.0,0.3,0.02
1.5,191.9,6.19,79.8,14,200.0,199.8,198.8,500.0,500.0,0.0,0.0,0.0,0.3,0.02
1.2,191.0,6.19,79.6,15,200.0,199.7,198.8,500.0,500.0,0.0,0.0,0.0,0.3,0.02
3.7,190.2,6.19,79.6,16,200.0,199.7,198.8,500.0,500.0,0.0,0.0,0.0,0.3,0.03
11.8,189.0,6.19,79.6,17,200.0,199.7,198.8,500.0,500.0,0.0,0.0,0.0,0.3,0.04
23.5,187.2,6.19,79.4,18,200.0,199.7,198.8,500.0,500.0,0.0,0.0,0.0,0.3,0.08
38.5,184.9,6.19,79.4,19,200.0,199.6,198.8,500.0,500.0,0.0,0.0,0.0,0.3,0.13
50.3,182.0,6.19,79.4,20,200.0,199.5,198.8,500.0,500.0,0.0,0.0,0.0,0.3,0.19
57.9,179.4,6.19,79.6,21,200.0,199.5,198.8,500.0,500.0,0.0,0.0,0.0,0.3,0.27
59.6,177.2,6.19,79.6,22,200.0,199.5,198.8,500.0,500.0,0.0,0.0,0.0,0.3,0.35
57.3,175.8,6.19,79.6,23,200.0,199.5,198.8,500.0,500.0,0.0,0.0,0.0,0.3,0.43
51.8,175.1,6.19,79.6,24,200.0,199.4,198.8,500.0,500.0,0.0,0.0,0.0,0.3,0.49
48.7,174.7,6.19,79.8,25,200.0,199.4,198.8,500.0,500.0,0.0,0.0,0.0,0.3,0.56
46.8,174.6,6.19,79.8,26,200.0,199.4,198.8,500.0,500.0,0.0,0.0,0.0,0.3,0.62
45.1,174.6,6.19,79.8,27,200.0,199.4,198.8,500.0,500.0,0.0,0.0,0.0,0.3,0.68
42.7,174.8,6.19,79.8,28,200.0,199.3,198.9,500.0,500.0,0.0,0.0,0.0,0.3,0.74
39.6,175.0,6.19,79.8,29,200.0,199.3,198.9,500.0,500.0,0.0,0.0,0.0,0.3,0.79
38.1,175.3,6.19,79.8,30,200.0,199.3,198.9,500.0,500.0,0.0,0.0,0.0,0.3,0.84
35.8,175.6,6.19,79.6,31,200.0,199.3,198.9,500.0,500.0,0.0,0.0,0.0,0.3,0.89
33.7,175.9,6.19,79.6,32,200.0,199.3,198.9,500.0,500.0,0.0,0.0,0.0,0.3,0.93
32.5,176.3,6.19,79.8,33,200.0,199.3,198.9,500.0,500.0,0.0,0.0,0.0,0.3,0.98
31.1,176.7,6.19,79.6,34,200.0,199.3,198.9,500.0,500.0,0.0,0.0,0.0,0.3,1.02
29.0,177.1,6.19,79.6,35,200.0,199.3,198.9,500.0,500.0,0.0,0.0,0.0,0.3,1.06
27.7,177.5,6.19,79.8,36,200.0,199.3,198.9,500.0,500.0,0.0,0.0,0.0,0.3,1.09
26.1,177.9,6.19,79.6,37,200.0,199.3,198.9,500.0,500.0,0.0,0.0,0.0,0.3,1.13
24.5,178.3,6.19,79.6,38,200.0,199.3,198.9,500.0,500.0,0.0,0.0,0.0,0.3,1.16
23.6,178.5,6.19,79.8,39,200.0,199.3,198.9,500.0,500.0,0.0,0.0,0.0,0.3,1.19
22.7,178.8,6.19,79.6,40,200.0,199.3,198.9,500.0,500.0,0.0,0.0,0.0,0.3,1.22
21.8,179.0,6.19,79.6,41,200.0,199.3,198.9,500.0,500.0,0.0,0.0,0.0,0.3,1.25
20.8,179.2,6.19,79.8,42,200.0,199.4,198.9,500.0,500.0,0.0,0.0,0.0,0.3,1.28
19.9,179.5,6.19,79.6,43,200.0,199.5,198.9,500.0,500.0,0.0,0.0,0.0,0.3,1.30
18.8,179.7,6.19,79.6,44,199.9,199.5,198.9,500.0,500.0,0.0,0.0,0.0,0.3,1.33
17.8,180.0,6.19,79.8,45,199.9,199.5,198.9,500.0,500.0,0.0,0.0,0.0,0.3,1.35
16.7,180.2,6.19,79.8,46,199.9,199.5,198.9,500.0,500.0,0.0,0.0,0.0,0.3,1.38
16.1,180.4,6.19,79.6,47,199.9,199.5,198.9,500.0,500.0,0.0,0.0,0.0,0.3,1.40
15.3,180.7,6.19,79.8,48,199.9,199.7,198.9,500.0,500.0,0.0,0.0,0.0,0.3,1.42
14.6,181.0,6.19,79.8,49,199.9,199.7,198.9,500.0,500.0,0.0,0.0,0.0,0.3,1.44
13.9,181.3,6.19,79.6,50,199.9,199.7,198.9,500.0,500.0,0.0,0.0,0.0,0.3,1.46
13.3,181.5,6.19,79.6,51,199.9,199.7,198.9,500.0,500.0,0.0,0.0,0.0,0.3,1.47
12.6,181.9,6.19,79.8,52,199.9,199.7,198.9,500.0,500.0,0.0,0.0,0.0,0.3,1.49
12.0,182.2,6.19,79.6,53,199.9,199.8,199.0,500.0,500.0,0.0,0.0,0.0,0.3,1.51
11.4,182.6,6.19,79.6,54,199.9,199.9,199.0,500.0,500.0,0.0,0.0,0.0,0.3,1.52
10.9,182.9,6.19,79.8,55,199.9,199.9,199.0,500.0,500.0,0.0,0.0,0.0,0.3,1.53
10.5,183.2,6.19,79.8,56,199.9,199.9,199.0,500.0,500.0,0.0,0.0,0.0,0.3,1.55
10.1,183.5,6.19,79.6,57,199.9,199.9,199.0,500.0,500.0,0.0,0.0,0.0,0.3,1.56
9.7,183.8,6.19,79.8,58,199.9,199.9,199.1,500.0,500.0,0.0,0.0,0.0,0.3,1.58
9.4,184.1,6.19,79.8,59,200.0,199.9,199.1,500.0,500.0,0.0,0.0,0.0,0.3,1.59
9.1,184.4,6.19,79.6,60,200.0,199.9,199.1,500.0,500.0,0.0,0.0,0.0,0.3,1.60
8.8,184.7,6.19,79.6,61,200.0,200.0,199.1,500.0,500.0,0.0,0.0,0.0,0.3,1.61
8.6,185.0,6.19,79.8,62,200.0,200.0,199.2,500.0,500.0,0.0,0.0,0.0,0.3,1.62
8.4,185.2,6.19,79.6,63,200.0,200.0,199.3,500.0,500.0,0.0,0.0,0.0,0.3,1.63
8.3,185.4,6.19,79.6,64,200.0,200.0,199.3,500.0,500.0,0.0,0.0,0.0,0.3,1.65
8.2,185.6,6.19,79.8,65,200.0,200.0,199.3,500.0,500.0,0.0,0.0,0.0,0.3,1.66
8.0,185.8,6.19,79.6,66,200.0,200.0,199.3,500.0,500.0,0.0,0.0,0.0,0.3,1.67
8.0,186.0,6.19,79.4,67,200.0,200.0,199.3,500.0,500.0,0.0,0.0,0.0,0.3,1.68
7.9,186.3,6.19,79.6,68,200.0,200.0,199.3,500.0,500.0,0.0,0.0,0.0,0.3,1.69
7.8,186.5,6.19,79.6,69,200.0,200.0,199.4,500.0,500.0,0.0,0.0,0.0,0.3,1.70
7.7,186.8,6.19,79.4,70,200.0,200.0,199.5,500.0,500.0,0.0,0.0,0.0,0.3,1.71
7.6,187.0,6.19,79.6,71,200.0,200.0,199.5,500.0,500.0,0.0,0.0,0.0,0.3,1.72
7.5,187.3,6.19,79.8,72,200.0,200.0,199.5,500.0,500.0,0.0,0.0,0.0,0.3,1.73
7.4,187.6,6.19,79.8,73,200.0,200.0,199.6,500.0,500.0,0.0,0.0,0.0,0.3,1.74
7.4,187.8,6.19,79.6,74,200.0,200.0,199.7,500.0,500.0,0.0,0.0,0.0,0.3,1.75
7.4,188.0,6.19,79.8,75,200.0,200.0,199.7,500.0,500.0,0.0,0.0,0.0,0.3,1.76
7.3,188.3,6.19,79.8,76,200.0,200.0,199.7,500.0,500.0,0.0,0.0,0.0,0.3,1.77
7.3,188.5,6.19,79.6,77,200.0,200.0,199.7,500.0,500.0,0.0,0.0,0.0,0.3,1.78
7.3,188.7,6.19,79.6,78,200.0,200.0,199.8,500.0,500.0,0.0,0.0,0.0,0.3,1.79
7.3,189.0,6.19,79.8,79,200.0,200.0,199.9,500.0,500.0,0.0,0.0,0.0,0.3,1.80
7.2,189.2,6.19,79.6,80,200.0,200.0,199.9,500.0,500.0,0.0,0.0,0.0,0.3,1.81
7.2,189.4,6.19,79.6,81,200.0,200.0,199.9,500.0,500.0,0.0,0.0,0.0,0.3,1.82
7.2,189.6,6.19,79.8,82,200.0,200.0,199.9,500.0,500.0,0.0,0.0,0.0,0.3,1.83
7.2,189.8,6.19,79.6,83,200.0,200.0,200.0,500.0,500.0,0.0,0.0,0.0,0.3,1.83
7.2,190.0,6.19,79.6,84,200.0,200.0,200.0,500.0,500.0,0.0,0.0,0.0,0.3,1.84
7.2,190.1,6.19,79.8,85,200.1,200.0,200.0,500.0,500.0,0.0,0.0,0.0,0.3,1.85
7.1,190.3,6.19,79.8,86,200.2,200.0,200.0,500.0,500.0,0.0,0.0,0.0,0.3,1.86
7.1,190.5,6.19,79.6,87,200.2,200.0,200.0,500.0,500.0,0.0,0.0,0.0,0.3,1.87
7.0,190.7,6.19,79.8,88,200.2,200.0,200.0,500.0,500.0,0.0,0.0,0.0,0.3,1.88
7.0,191.0,6.19,79.8,89,200.3,200.0,200.0,500.0,500.0,0.0,0.0,0.0,0.3,1.89
7.0,191.2,6.19,79.6,90,200.5,200.0,200.0,500.0,500.0,0.0,0.0,0.0,0.3,1.90
7.0,191.4,6.19,79.6,91,200.5,200.0,200.0,500.0,500.0,0.0,0.0,0.0,0.3,1.91
6.9,191.6,6.19,79.8,92,200.5,200.0,200.0,500.0,500.0,0.0,0.0,0.0,0.3,1.92
6.9,191.8,6.19,79.8,93,200.5,200.0,200.0,500.0,500.0,0.0,0.0,0.0,0.3,1.93
6.9,191.9,6.19,79.6,94,200.6,200.0,200.0,500.0,500.0,0.0,0.0,0.0,0.3,1.94
6.9,192.1,6.19,79.8,95,200.7,200.0,200.0,500.0,500.0,0.0,0.0,0.0,0.3,1.95
6.9,192.3,6.19,79.8,96,200.7,200.0,200.0,500.0,500.0,0.0,0.0,0.0,0.3,1.96
6.9,192.4,6.19,79.6,97,200.7,200.0,200.0,500.0,500.0,0.0,0.0,0.0,0.3,1.96
6.9,192.6,6.19,79.6,98,200.7,200.0,200.0,500.0,500.0,0.0,0.0,0.0,0.3,1.97
6.8,192.7,6.19,79.8,99,200.7,200.0,200.0,500.0,500.0,0.0,0.0,0.0,0.3,1.98
6.8,192.8,6.19,79.6,100,200.7,200.0,200.0,500.0,500.0,0.0,0.0,0.0,0.3,1.99
6.8,192.9,6.19,79.6,101,200.7,200.0,200.0,500.0,500.0,0.0,0.0,0.0,0.3,2.00
6.7,193.1,6.19,79.8,102,200.8,200.0,200.0,500.0,500.0,0.0,0.0,0.0,0.3,2.01
6.7,193.2,6.19,79.6,103,200.8,200.0,200.0,500.0,500.0,0.0,0.0,0.0,0.3,2.02
6.7,193.4,6.19,79.6,104,200.8,200.0,200.0,500.0,500.0,0.0,0.0,0.0,0.3,2.03
6.7,193.6,6.19,79.8,105,200.8,200.0,200.0,500.0,500.0,0.0,0.0,0.0,0.3,2.04
6.7,193.7,6.19,79.6,106,200.9,200.0,200.0,500.0,500.0,0.0,0.0,0.0,0.3,2.05
6.7,193.8,6.19,79.6,107,200.9,200.0,200.0,500.0,500.0,0.0,0.0,0.0,0.3,2.05
6.7,193.9,6.19,79.8,108,200.9,200.0,200.0,500.0,500.0,0.0,0.0,0.0,0.3,2.06
6.7,194.1,6.19,79.6,109,201.0,200.0,200.0,500.0,500.0,0.0,0.0,0.0,0.3,2.07
6.6,194.3,6.19,79.6,110,201.0,200.0,200.0,500.0,500.0,0.0,0.0,0.0,0.3,2.08
6.5,194.4,6.19,79.8,111,201.0,200.0,200.0,500.0,500.0,0.0,0.0,0.0,0.3,2.09
6.5,194.6,6.19,79.6,112,201.0,200.0,200.0,500.0,500.0,0.0,0.0,0.0,0.3,2.10
6.5,194.7,6.19,79.4,113,201.0,200.0,200.0,500.0,500.0,0.0,0.0,0.0,0.3,2.11
6.5,194.9,6.19,79.6,114,201.0,200.0,200.0,500.0,500.0,0.0,0.0,0.0,0.3,2.12
6.5,195.0,6.19,79.6,115,201.0,200.0,200.0,500.0,500.0,0.0,0.0,0.0,0.3,2.12
6.5,195.1,6.19,79.4,116,201.0,200.0,200.1,500.0,500.0,0.0,0.0,0.0,0.3,2.13
6.4,195.2,6.19,79.6,117,201.1,200.0,200.1,500.0,500.0,0.0,0.0,0.0,0.3,2.14
6.4,195.4,6.19,79.8,118,201.1,200.0,200.1,500.0,500.0,0.0,0.0,0.0,0.3,2.15
6.4,195.5,6.19,79.6,119,201.1,200.0,200.1,500.0,500.0,0.0,0.0,0.0,0.3,2.16
6.4,195.6,6.19,79.6,120,201.1,200.0,200.1,500.0,500.0,0.0,0.0,0.0,0.3,2.17
6.4,195.7,6.19,79.8,121,201.1,200.0,200.1,500.0,500.0,0.0,0.0,0.0,0.3,2.18
6.3,195.9,6.19,79.6,122,201.1,200.0,200.1,500.0,500.0,0.0,0.0,0.0,0.3,2.18
6.3,196.0,6.19,79.6,123,201.1,200.0,200.1,500.0,500.0,0.0,0.0,0.0,0.3,2.19
6.3,196.1,6.19,79.6,124,201.1,200.0,200.1,500.0,500.0,0.0,0.0,0.0,0.3,2.20
6.3,196.2,6.19,79.6,125,201.1,200.0,200.1,500.0,500.0,0.0,0.0,0.0,0.3,2.21
6.3,196.3,6.19,79.4,126,201.1,200.0,200.1,500.0,500.0,0.0,0.0,0.0,0.3,2.22
6.3,196.4,6.19,79.6,127,201.1,200.0,200.1,500.0,500.0,0.0,0.0,0.0,0.3,2.23
6.3,196.6,6.19,79.6,128,201.1,200.0,200.0,500.0,500.0,0.0,0.0,0.0,0.3,2.23
6.3,196.7,6.19,79.6,129,201.1,200.0,200.0,500.0,500.0,0.0,0.0,0.0,0.3,2.24
6.3,196.8,6.18,79.6,130,201.1,200.0,200.0,500.0,500.0,0.0,0.0,0.0,0.3,2.25
6.3,196.9,6.19,79.8,131,201.1,200.0,200.0,500.0,500.0,0.0,0.0,0.0,0.3,2.26
6.3,196.9,6.18,79.6,132,201.1,200.0,200.0,500.0,500.0,0.0,0.0,0.0,0.3,2.27
6.2,197.0,6.18,79.4,133,201.0,200.0,200.0,500.0,500.0,0.0,0.0,0.0,0.3,2.28
6.2,197.1,6.18,79.6,134,201.0,200.0,200.0,500.0,500.0,0.0,0.0,0.0,0.3,2.28
6.2,197.2,6.19,79.6,135,201.0,200.0,200.0,500.0,500.0,0.0,0.0,0.0,0.3,2.29
6.2,197.3,6.19,79.4,136,201.0,200.0,200.0,500.0,500.0,0.0,0.0,0.0,0.3,2.30
6.2,197.4,6.19,79.6,137,201.0,200.0,200.0,500.0,500.0,0.0,0.0,0.0,0.3,2.31
6.2,197.5,6.19,79.8,138,201.0,200.0,200.0,500.0,500.0,0.0,0.0,0.0,0.3,2.32
6.2,197.6,6.19,79.8,139,201.0,200.0,200.0,500.0,500.0,0.0,0.0,0.0,0.3,2.33
6.2,197.7,6.19,79.6,140,201.0,200.0,200.0,500.0,500.0,0.0,0.0,0.0,0.3,2.33
6.2,197.8,6.19,79.8,141,200.9,200.0,200.0,500.0,500.0,0.0,0.0,0.0,0.3,2.34
6.2,197.9,6.19,79.8,142,200.9,200.0,200.0,500.0,500.0,0.0,0.0,0.0,0.3,2.35
6.1,198.0,6.19,79.6,143,200.9,200.0,200.0,500.0,500.0,0.0,0.0,0.0,0.3,2.36
6.1,198.1,6.19,79.6,144,200.9,200.0,200.0,500.0,500.0,0.0,0.0,0.0,0.3,2.37
6.1,198.1,6.19,79.8,145,200.9,200.0,200.0,500.0,500.0,0.0,0.0,0.0,0.3,2.37
6.1,198.2,6.19,79.6,146,200.9,200.0,200.0,500.0,500.0,0.0,0.0,0.0,0.3,2.38
6.1,198.3,6.19,79.6,147,200.9,200.0,200.0,500.0,500.0,0.0,0.0,0.0,0.3,2.39
6.1,198.4,6.19,79.6,148,200.8,200.0,200.0,500.0,500.0,0.0,0.0,0.0,0.3,2.40
6.1,198.5,6.19,79.6,149,200.8,200.0,200.0,500.0,500.0,0.0,0.0,0.0,0.3,2.41
6.1,198.6,6.19,79.6,150,200.8,200.0,200.0,500.0,500.0,0.0,0.0,0.0,0.3,2.41
6.1,198.7,6.19,79.6,151,200.8,200.0,200.0,500.0,500.0,0.0,0.0,0.0,0.3,2.42
6.1,198.8,6.19,79.6,152,200.8,200.0,200.0,500.0,500.0,0.0,0.0,0.0,0.3,2.43
6.1,198.8,6.19,79.8,153,200.8,200.0,200.0,500.0,500.0,0.0,0.0,0.0,0.3,2.44
6.1,198.9,6.19,79.8,154,200.8,200.0,200.0,500.0,500.0,0.0,0.0,0.0,0.3,2.45
6.0,199.0,6.19,79.6,155,200.8,200.0,200.0,500.0,500.0,0.0,0.0,0.0,0.3,2.46
6.0,199.1,6.19,79.8,156,200.8,200.0,200.0,500.0,500.0,0.0,0.0,0.0,0.3,2.46
6.0,199.1,6.19,79.8,157,200.7,200.0,200.0,500.0,500.0,0.0,0.0,0.0,0.3,2.47
6.0,199.2,6.19,79.6,158,200.7,200.0,200.0,500.0,500.0,0.0,0.0,0.0,0.3,2.48
6.0,199.3,6.19,79.6,159,200.7,200.0,200.0,500.0,500.0,0.0,0.0,0.0,0.3,2.49
6.0,199.3,6.19,79.8,160,200.7,200.0,200.0,500.0,500.0,0.0,0.0,0.0,0.3,2.49
6.0,199.4,6.19,79.6,161,200.7,200.0,200.0,500.0,500.0,0.0,0.0,0.0,0.3,2.50
6.0,199.4,6.19,79.4,162,200.7,200.0,200.0,500.0,500.0,0.0,0.0,0.0,0.3,2.51
6.0,199.5,6.19,79.6,163,200.7,200.0,200.0,500.0,500.0,0.0,0.0,0.0,0.3,2.52
6.0,199.6,6.19,79.6,164,200.7,200.0,200.0,500.0,500.0,0.0,0.0,0.0,0.3,2.53
6.0,199.6,6.19,79.4,165,200.7,200.0,200.0,500.0,500.0,0.0,0.0,0.0,0.3,2.53
6.0,199.7,6.19,79.6,166,200.7,200.0,200.0,500.0,500.0,0.0,0.0,0.0,0.3,2.54
5.9,199.8,6.19,79.8,167,200.7,200.0,200.0,500.0,500.0,0.0,0.0,0.0,0.3,2.55
5.9,199.8,6.19,79.6,168,200.7,200.0,200.0,500.0,500.0,0.0,0.0,0.0,0.3,2.56
5.9,199.9,6.19,79.6,169,200.6,200.0,200.0,500.0,500.0,0.0,0.0,0.0,0.3,2.57
5.9,200.0,6.19,79.8,170,200.6,200.0,200.0,500.0,500.0,0.0,0.0,0.0,0.3,2.57
5.8,200.1,6.19,79.8,171,200.6,200.0,200.0,500.0,500.0,0.0,0.0,0.0,0.3,2.58
5.8,200.2,6.19,79.6,172,200.6,200.0,200.0,500.0,500.0,0.0,0.0,0.0,0.3,2.59
5.8,200.2,6.19,79.8,173,200.6,200.0,200.0,500.0,500.0,0.0,0.0,0.0,0.3,2.60
5.8,200.3,6.19,79.8,174,200.6,200.0,200.0,500.0,500.0,0.0,0.0,0.0,0.3,2.60
5.8,200.4,6.19,79.6,175,200.6,200.0,200.0,500.0,500.0,0.0,0.0,0.0,0.3,2.61
5.7,200.4,6.19,79.6,176,200.6,200.0,200.0,500.0,500.0,0.0,0.0,0.0,0.3,2.62
5.7,200.5,6.19,79.8,177,200.6,200.0,200.0,500.0,500.0,0.0,0.0,0.0,0.3,2.63
5.7,200.5,6.19,79.8,178,200.6,200.0,200.0,500.0,500.0,0.0,0.0,0.0,0.3,2.64
5.7,200.6,6.19,79.8,179,200.6,200.0,200.0,500.0,500.0,0.0,0.0,0.0,0.3,2.64
5.7,200.7,6.19,79.8,180,200.6,200.0,200.0,500.0,500.0,0.0,0.0,0.0,0.3,2.65
5.7,200.7,6.19,79.8,181,200.6,200.0,200.0,500.0,500.0,0.0,0.0,0.0,0.3,2.66
5.7,200.8,6.19,79.8,182,200.6,200.0,200.0,500.0,500.0,0.0,0.0,0.0,0.3,2.67
5.7,200.8,6.19,79.6,183,200.6,200.0,200.1,500.0,500.0,0.0,0.0,0.0,0.3,2.67
5.7,200.9,6.19,79.6,184,200.6,200.0,200.1,500.0,500.0,0.0,0.0,0.0,0.3,2.68
5.7,201.0,6.19,79.8,185,200.6,200.0,200.1,500.0,500.0,0.0,0.0,0.0,0.3,2.69
5.7,201.0,6.19,79.8,186,200.6,200.0,200.1,500.0,500.0,0.0,0.0,0.0,0.3,2.70
5.7,201.1,6.19,79.6,187,200.6,200.0,200.2,500.0,500.0,0.0,0.0,0.0,0.3,2.70
5.7,201.2,6.19,79.8,188,200.6,200.0,200.2,500.0,500.0,0.0,0.0,0.0,0.3,2.71
5.7,201.2,6.19,79.8,189,200.6,200.0,200.2,500.0,500.0,0.0,0.0,0.0,0.3,2.72
5.7,201.3,6.19,79.6,190,200.6,200.0,200.2,500.0,500.0,0.0,0.0,0.0,0.3,2.73
5.7,201.3,6.19,79.6,191,200.6,200.0,200.3,500.0,500.0,0.0,0.0,0.0,0.3,2.73
5.7,201.4,6.19,79.8,192,200.6,200.0,200.3,500.0,500.0,0.0,0.0,0.0,0.3,2.74
5.6,201.5,6.19,79.6,193,200.6,200.0,200.3,500.0,500.0,0.0,0.0,0.0,0.3,2.75
5.7,201.5,6.19,79.4,194,200.6,200.0,200.3,500.0,500.0,0.0,0.0,0.0,0.3,2.76
5.7,201.5,6.19,79.6,195,200.7,200.0,200.4,500.0,500.0,0.0,0.0,0.0,0.3,2.76
5.7,201.6,6.19,79.6,196,200.7,200.0,200.5,500.0,500.0,0.0,0.0,0.0,0.3,2.77
5.7,201.7,6.19,79.4,197,200.7,200.0,200.5,500.0,500.0,0.0,0.0,0.0,0.3,2.78
5.7,201.7,6.19,79.6,198,200.7,200.0,200.5,500.0,500.0,0.0,0.0,0.0,0.3,2.79
5.6,201.8,6.19,79.8,199,200.7,200.0,200.5,500.0,500.0,0.0,0.0,0.0,0.3,2.79
5.6,201.9,6.19,79.6,200,200.7,200.0,200.5,500.0,500.0,0.0,0.0,0.0,0.3,2.80
5.6,201.9,6.19,79.6,201,200.7,200.0,200.5,500.0,500.0,0.0,0.0,0.0,0.3,2.81
5.6,202.0,6.18,79.8,202,200.7,200.0,200.6,500.0,500.0,0.0,0.0,0.0,0.3,2.82
5.6,202.1,6.18,79.8,203,200.7,200.0,200.6,500.0,500.0,0.0,0.0,0.0,0.3,2.82
5.6,202.1,6.19,79.6,204,200.7,200.0,200.6,500.0,500.0,0.0,0.0,0.0,0.3,2.83
5.6,202.2,6.19,79.8,205,200.7,200.0,200.6,500.0,500.0,0.0,0.0,0.0,0.3,2.84
5.6,202.2,6.19,79.8,206,200.7,200.0,200.7,500.0,500.0,0.0,0.0,0.0,0.3,2.85
5.6,202.2,6.19,79.8,207,200.7,200.0,200.7,500.0,500.0,0.0,0.0,0.0,0.3,2.85
5.6,202.3,6.19,79.8,208,200.7,200.0,200.7,500.0,500.0,0.0,0.0,0.0,0.3,2.86
5.6,202.4,6.19,79.8,209,200.7,200.0,200.7,500.0,500.0,0.0,0.0,0.0,0.3,2.87
5.6,202.4,6.19,79.8,210,200.7,200.0,200.7,500.0,500.0,0.0,0.0,0.0,0.3,2.88
5.6,202.5,6.19,79.8,211,200.7,200.0,200.7,500.0,500.0,0.0,0.0,0.0,0.3,2.88
5.5,202.6,6.18,79.6,212,200.7,200.0,200.8,500.0,500.0,0.0,0.0,0.0,0.3,2.89
5.5,202.6,6.18,79.6,213,200.7,200.0,200.8,500.0,500.0,0.0,0.0,0.0,0.3,2.90
5.5,202.7,6.19,79.8,214,200.8,200.0,200.8,500.0,500.0,0.0,0.0,0.0,0.3,2.90
5.5,202.8,6.19,79.6,215,200.8,200.0,200.8,500.0,500.0,0.0,0.0,0.0,0.3,2.91
5.5,202.8,6.19,79.6,216,200.8,200.0,200.8,500.0,500.0,0.0,0.0,0.0,0.3,2.92
5.5,202.8,6.19,79.8,217,200.8,200.0,200.8,500.0,500.0,0.0,0.0,0.0,0.3,2.93
5.5,202.9,6.19,79.8,218,200.8,200.0,200.8,500.0,500.0,0.0,0.0,0.0,0.3,2.93
5.6,202.9,6.19,79.6,219,200.8,200.0,200.9,500.0,500.0,0.0,0.0,0.0,0.3,2.94
5.6,203.0,6.19,79.8,220,200.8,200.0,200.9,500.0,500.0,0.0,0.0,0.0,0.3,2.95
5.5,203.0,6.19,79.8,221,200.8,200.0,200.9,500.0,500.0,0.0,0.0,0.0,0.3,2.96
5.6,203.1,6.19,79.6,222,200.8,200.0,200.9,500.0,500.0,0.0,0.0,0.0,0.3,2.96
5.5,203.2,6.19,79.6,223,200.8,200.0,200.9,500.0,500.0,0.0,0.0,0.0,0.3,2.97
5.5,203.3,6.19,79.8,224,200.8,200.0,200.9,500.0,500.0,0.0,0.0,0.0,0.3,2.98
5.5,203.4,6.19,79.8,225,200.8,200.0,200.9,500.0,500.0,0.0,0.0,0.0,0.3,2.99
5.5,203.4,6.19,79.8,226,200.9,200.0,201.0,500.0,500.0,0.0,0.0,0.0,0.3,2.99
5.5,203.4,6.19,80.0,227,200.9,200.0,201.0,500.0,500.0,0.0,0.0,0.0,0.3,3.00
5.5,203.4,6.19,80.0,228,200.9,200.0,201.0,500.0,500.0,0.0,0.0,0.0,0.3,3.01
5.5,203.5,6.19,80.0,229,200.9,200.0,201.0,500.0,500.0,0.0,0.0,0.0,0.3,3.02
5.5,203.6,6.18,80.0,230,200.9,200.0,201.0,500.0,500.0,0.0,0.0,0.0,0.3,3.02
5.5,203.6,6.18,79.8,231,200.9,200.0,201.0,500.0,500.0,0.0,0.0,0.0,0.3,3.03
5.5,203.7,6.18,79.8,232,200.9,200.0,201.0,500.0,500.0,0.0,0.0,0.0,0.3,3.04
5.5,203.7,6.18,79.8,233,200.9,200.0,201.0,500.0,500.0,0.0,0.0,0.0,0.3,3.04
5.5,203.7,6.19,79.8,234,200.9,200.0,201.0,500.0,500.0,0.0,0.0,0.0,0.3,3.05
5.5,203.8,6.19,79.6,235,200.9,200.0,201.0,500.0,500.0,0.0,0.0,0.0,0.3,3.06
5.4,203.9,6.19,79.8,236,200.9,200.0,200.9,500.0,500.0,0.0,0.0,0.0,0.3,3.07
5.4,203.9,6.19,79.8,237,200.9,200.0,200.9,500.0,500.0,0.0,0.0,0.0,0.3,3.07
5.4,203.9,6.19,79.6,238,200.9,200.0,200.9,500.0,500.0,0.0,0.0,0.0,0.3,3.08
5.4,203.9,6.19,79.6,239,200.9,200.0,200.9,500.0,500.0,0.0,0.0,0.0,0.3,3.09
5.4,203.9,6.19,79.8,240,200.8,200.0,200.8,500.0,500.0,0.0,0.0,0.0,0.3,3.09
5.4,203.9,6.19,79.6,241,200.8,200.0,200.7,500.0,500.0,0.0,0.0,0.0,0.3,3.10
5.5,204.0,6.19,79.6,242,200.8,200.0,200.7,500.0,500.0,0.0,0.0,0.0,0.3,3.11
5.5,204.1,6.19,79.8,243,200.8,200.0,200.7,500.0,500.0,0.0,0.0,0.0,0.3,3.12
5.5,204.2,6.19,79.6,244,200.8,200.0,200.7,500.0,500.0,0.0,0.0,0.0,0.3,3.12
5.5,204.2,6.19,79.6,245,200.8,200.0,200.7,500.0,500.0,0.0,0.0,0.0,0.3,3.13
5.4,204.3,6.19,79.8,246,200.9,200.0,200.8,500.0,500.0,0.0,0.0,0.0,0.3,3.14
5.4,204.3,6.19,79.8,247,200.9,200.0,200.8,500.0,500.0,0.0,0.0,0.0,0.3,3.15
5.4,204.3,6.19,79.8,248,200.9,200.0,200.8,500.0,500.0,0.0,0.0,0.0,0.3,3.15
5.4,204.4,6.19,79.8,249,200.9,200.0,200.8,500.0,500.0,0.0,0.0,0.0,0.3,3.16
5.4,204.4,6.19,79.8,250,200.9,200.0,200.7,500.0,500.0,0.0,0.0,0.0,0.3,3.17
5.4,204.5,6.19,79.8,251,200.9,200.0,200.7,500.0,500.0,0.0,0.0,0.0,0.3,3.17
5.4,204.5,6.19,79.8,252,200.9,200.0,200.7,500.0,500.0,0.0,0.0,0.0,0.3,3.18
5.4,204.5,6.19,79.6,253,200.9,200.0,200.7,500.0,500.0,0.0,0.0,0.0,0.3,3.19
5.4,204.6,6.19,79.8,254,200.8,200.0,200.6,500.0,500.0,0.0,0.0,0.0,0.3,3.20
5.4,204.6,6.18,79.8,255,200.8,200.0,200.6,500.0,500.0,0.0,0.0,0.0,0.3,3.20
5.4,204.6,6.18,79.6,256,200.8,200.0,200.6,500.0,500.0,0.0,0.0,0.0,0.3,3.21
5.4,204.7,6.18,79.6,257,200.8,200.0,200.6,500.0,500.0,0.0,0.0,0.0,0.3,3.22
5.4,204.7,6.18,79.8,258,200.8,200.0,200.6,500.0,500.0,0.0,0.0,0.0,0.3,3.22
5.4,204.7,6.18,79.6,259,200.8,200.0,200.6,500.0,500.0,0.0,0.0,0.0,0.3,3.23
5.3,204.8,6.18,79.4,260,200.8,200.0,200.5,500.0,500.0,0.0,0.0,0.0,0.3,3.24
5.3,204.8,6.18,79.6,261,200.8,200.0,200.5,500.0,500.0,0.0,0.0,0.0,0.3,3.25
5.3,204.8,6.18,79.6,262,200.8,200.0,200.5,500.0,500.0,0.0,0.0,0.0,0.3,3.25
5.3,204.9,6.18,79.4,263,200.8,200.0,200.5,500.0,500.0,0.0,0.0,0.0,0.3,3.26
5.3,204.9,6.19,79.6,264,200.8,200.0,200.5,500.0,500.0,0.0,0.0,0.0,0.3,3.27
5.4,204.9,6.18,79.8,265,200.8,200.0,200.5,500.0,500.0,0.0,0.0,0.0,0.3,3.27
5.4,205.0,6.18,79.8,266,200.7,200.0,200.5,500.0,500.0,0.0,0.0,0.0,0.3,3.28
5.4,205.0,6.18,79.8,267,200.7,200.0,200.4,500.0,500.0,0.0,0.0,0.0,0.3,3.29
5.3,205.0,6.19,80.0,268,200.7,200.0,200.3,500.0,500.0,0.0,0.0,0.0,0.3,3.30
5.3,205.1,6.18,79.8,269,200.7,200.0,200.3,500.0,500.0,0.0,0.0,0.0,0.3,3.30
5.2,205.1,6.19,79.8,270,200.7,200.0,200.3,500.0,500.0,0.0,0.0,0.0,0.3,3.31
5.2,205.1,6.19,79.8,271,200.7,200.0,200.3,500.0,500.0,0.0,0.0,0.0,0.3,3.32
5.2,205.2,6.19,79.6,272,200.7,200.0,200.3,500.0,500.0,0.0,0.0,0.0,0.3,3.32
5.3,205.2,6.19,79.6,273,200.7,200.0,200.3,500.0,500.0,0.0,0.0,0.0,0.3,3.33
5.3,205.2,6.19,79.8,274,200.6,200.0,200.3,500.0,500.0,0.0,0.0,0.0,0.3,3.34
5.3,205.2,6.19,79.6,275,200.6,200.0,200.3,500.0,500.0,0.0,0.0,0.0,0.3,3.34
5.3,205.3,6.19,79.6,276,200.6,200.0,200.2,500.0,500.0,0.0,0.0,0.0,0.3,3.35
5.3,205.3,6.19,79.8,277,200.6,200.0,200.2,500.0,500.0,0.0,0.0,0.0,0.3,3.36
5.3,205.3,6.18,79.6,278,200.6,200.0,200.2,500.0,500.0,0.0,0.0,0.0,0.3,3.37
5.3,205.4,6.19,79.6,279,200.6,200.0,200.2,500.0,500.0,0.0,0.0,0.0,0.3,3.37
5.3,205.4,6.19,79.8,280,200.5,200.0,200.2,500.0,500.0,0.0,0.0,0.0,0.3,3.38
5.3,205.4,6.18,79.8,281,200.5,200.0,200.1,500.0,500.0,0.0,0.0,0.0,0.3,3.39
5.3,205.4,6.18,79.6,282,200.5,200.0,200.1,500.0,500.0,0.0,0.0,0.0,0.3,3.39
5.2,205.5,6.19,79.8,283,200.5,200.0,200.1,500.0,500.0,0.0,0.0,0.0,0.3,3.40
5.2,205.5,6.18,79.8,284,200.5,200.0,200.1,500.0,500.0,0.0,0.0,0.0,0.3,3.41
5.2,205.5,6.18,79.6,285,200.5,200.0,200.1,500.0,500.0,0.0,0.0,0.0,0.3,3.41
5.2,205.5,6.18,79.6,286,200.5,200.0,200.1,500.0,500.0,0.0,0.0,0.0,0.3,3.42
5.2,205.5,6.18,79.6,287,200.5,200.0,200.1,500.0,500.0,0.0,0.0,0.0,0.3,3.43
5.2,205.5,6.18,79.6,288,200.4,200.0,200.1,500.0,500.0,0.0,0.0,0.0,0.3,3.44
5.2,205.6,6.18,79.6,289,200.4,200.0,200.1,500.0,500.0,0.0,0.0,0.0,0.3,3.44
5.2,205.6,6.18,79.6,290,200.4,200.0,200.1,500.0,500.0,0.0,0.0,0.0,0.3,3.45
5.2,205.6,6.18,79.6,291,200.4,200.0,200.1,500.0,500.0,0.0,0.0,0.0,0.3,3.46
5.2,205.7,6.19,79.8,292,200.4,200.0,200.0,500.0,500.0,0.0,0.0,0.0,0.3,3.46
5.2,205.7,6.19,79.8,293,200.4,200.0,200.0,500.0,500.0,0.0,0.0,0.0,0.3,3.47
5.2,205.7,6.19,79.6,294,200.4,200.0,200.0,500.0,500.0,0.0,0.0,0.0,0.3,3.48
5.2,205.7,6.19,79.8,295,200.4,200.0,200.0,500.0,500.0,0.0,0.0,0.0,0.3,3.48
5.2,205.7,6.19,79.8,296,200.3,200.0,200.0,500.0,500.0,0.0,0.0,0.0,0.3,3.49
5.2,205.8,6.18,79.6,297,200.3,200.0,200.0,500.0,500.0,0.0,0.0,0.0,0.3,3.50
5.1,205.8,6.18,79.6,298,200.3,200.0,200.0,500.0,500.0,0.0,0.0,0.0,0.3,3.50
5.1,205.9,6.18,79.8,299,200.3,200.0,200.0,500.0,500.0,0.0,0.0,0.0,0.3,3.51
5.1,205.9,6.18,79.6,300,200.4,200.0,200.1,500.0,500.0,0.0,0.0,0.0,0.3,3.52
5.1,205.9,6.18,79.6,301,200.4,200.0,200.2,500.0,500.0,0.0,0.0,0.0,0.3,3.52
5.1,206.0,6.19,79.8,302,200.4,200.0,200.2,500.0,500.0,0.0,0.0,0.0,0.3,3.53
5.1,206.0,6.19,79.8,303,200.4,200.0,200.2,500.0,500.0,0.0,0.0,0.0,0.3,3.54
5.1,206.0,6.19,79.6,304,200.4,200.0,200.2,500.0,500.0,0.0,0.0,0.0,0.3,3.55
5.2,206.1,6.19,79.8,305,200.3,200.0,200.2,500.0,500.0,0.0,0.0,0.0,0.3,3.55
5.2,206.1,6.19,79.8,306,200.3,200.0,200.2,500.0,500.0,0.0,0.0,0.0,0.3,3.56
5.2,206.1,6.19,79.8,307,200.3,200.0,200.2,500.0,500.0,0.0,0.0,0.0,0.3,3.57
5.2,206.1,6.19,79.8,308,200.3,200.0,200.2,500.0,500.0,0.0,0.0,0.0,0.3,3.57
5.2,206.1,6.19,79.8,309,200.3,200.0,200.2,500.0,500.0,0.0,0.0,0.0,0.3,3.58
5.2,206.1,6.19,79.8,310,200.3,200.0,200.2,500.0,500.0,0.0,0.0,0.0,0.3,3.59
5.2,206.1,6.19,79.8,311,200.3,200.0,200.2,500.0,500.0,0.0,0.0,0.0,0.3,3.59
5.2,206.2,6.19,79.8,312,200.3,200.0,200.2,500.0,500.0,0.0,0.0,0.0,0.3,3.60
5.1,206.2,6.19,79.6,313,200.3,200.0,200.2,500.0,500.0,0.0,0.0,0.0,0.3,3.61
5.1,206.2,6.19,79.8,314,200.3,200.0,200.2,500.0,500.0,0.0,0.0,0.0,0.3,3.61
5.1,206.3,6.19,79.8,315,200.3,200.0,200.3,500.0,500.0,0.0,0.0,0.0,0.3,3.62
5.1,206.3,6.19,79.6,316,200.3,200.0,200.3,500.0,500.0,0.0,0.0,0.0,0.3,3.63
5.1,206.3,6.19,79.6,317,200.3,200.0,200.3,500.0,500.0,0.0,0.0,0.0,0.3,3.63
5.1,206.3,6.19,79.8,318,200.3,200.0,200.3,500.0,500.0,0.0,0.0,0.0,0.3,3.64
5.1,206.3,6.19,79.6,319,200.2,200.0,200.3,500.0,500.0,0.0,0.0,0.0,0.3,3.65
5.1,206.3,6.19,79.6,320,200.2,200.0,200.3,500.0,500.0,0.0,0.0,0.0,0.3,3.65
5.1,206.3,6.19,79.6,321,200.2,200.0,200.3,500.0,500.0,0.0,0.0,0.0,0.3,3.66
5.1,206.4,6.19,79.6,322,200.2,200.0,200.3,500.0,500.0,0.0,0.0,0.0,0.3,3.67
5.1,206.4,6.19,79.6,323,200.2,200.0,200.3,500.0,500.0,0.0,0.0,0.0,0.3,3.67
5.1,206.4,6.18,79.6,324,200.2,200.0,200.3,500.0,500.0,0.0,0.0,0.0,0.3,3.68
5.1,206.4,6.18,79.4,325,200.2,200.0,200.3,500.0,500.0,0.0,0.0,0.0,0.3,3.69
5.1,206.5,6.19,79.6,326,200.2,200.0,200.4,500.0,500.0,0.0,0.0,0.0,0.3,3.69
5.1,206.5,6.19,79.6,327,200.2,200.0,200.4,500.0,500.0,0.0,0.0,0.0,0.3,3.70
5.1,206.5,6.19,79.4,328,200.2,200.0,200.4,500.0,500.0,0.0,0.0,0.0,0.3,3.71
5.1,206.5,6.19,79.6,329,200.2,200.0,200.4,500.0,500.0,0.0,0.0,0.0,0.3,3.72
5.1,206.5,6.19,79.8,330,200.2,200.0,200.4,500.0,500.0,0.0,0.0,0.0,0.3,3.72
5.1,206.5,6.19,79.6,331,200.1,200.0,200.4,500.0,500.0,0.0,0.0,0.0,0.3,3.73
5.1,206.6,6.18,79.6,332,200.1,200.0,200.4,500.0,500.0,0.0,0.0,0.0,0.3,3.74
5.1,206.6,6.18,79.8,333,200.1,200.0,200.4,500.0,500.0,0.0,0.0,0.0,0.3,3.74
5.1,206.6,6.18,79.6,334,200.1,200.0,200.4,500.0,500.0,0.0,0.0,0.0,0.3,3.75
5.1,206.7,6.18,79.6,335,200.1,200.0,200.4,500.0,500.0,0.0,0.0,0.0,0.3,3.76
5.1,206.7,6.18,79.8,336,200.1,200.0,200.4,500.0,500.0,0.0,0.0,0.0,0.3,3.76
5.1,206.7,6.18,79.8,337,200.1,200.0,200.4,500.0,500.0,0.0,0.0,0.0,0.3,3.77
5.1,206.7,6.19,79.6,338,200.1,200.0,200.4,500.0,500.0,0.0,0.0,0.0,0.3,3.78
5.1,206.7,6.19,79.8,339,200.1,200.0,200.4,500.0,500.0,0.0,0.0,0.0,0.3,3.78
5.1,206.7,6.19,79.8,340,200.1,200.0,200.4,500.0,500.0,0.0,0.0,0.0,0.3,3.79
5.1,206.7,6.18,79.6,341,200.1,200.0,200.4,500.0,500.0,0.0,0.0,0.0,0.3,3.80
5.1,206.8,6.19,79.6,342,200.1,200.0,200.4,500.0,500.0,0.0,0.0,0.0,0.3,3.80
5.1,206.8,6.19,79.8,343,200.1,200.0,200.4,500.0,500.0,0.0,0.0,0.0,0.3,3.81
5.1,206.8,6.19,79.6,344,200.1,200.0,200.4,500.0,500.0,0.0,0.0,0.0,0.3,3.82
5.1,206.9,6.19,79.4,345,200.1,200.0,200.4,500.0,500.0,0.0,0.0,0.0,0.3,3.82
5.1,206.9,6.19,79.6,346,200.1,200.0,200.4,500.0,500.0,0.0,0.0,0.0,0.3,3.83
5.1,206.9,6.19,79.6,347,200.1,200.0,200.4,500.0,500.0,0.0,0.0,0.0,0.3,3.84
5.1,206.9,6.19,79.4,348,200.1,200.0,200.4,500.0,500.0,0.0,0.0,0.0,0.3,3.84
5.1,206.9,6.19,79.6,349,200.1,200.0,200.4,500.0,500.0,0.0,0.0,0.0,0.3,3.85
5.1,206.9,6.18,79.8,350,200.1,200.0,200.4,500.0,500.0,0.0,0.0,0.0,0.3,3.86
5.1,206.9,6.18,79.6,351,200.0,200.0,200.4,500.0,500.0,0.0,0.0,0.0,0.3,3.86
5.1,206.9,6.18,79.6,352,200.0,200.0,200.4,500.0,500.0,0.0,0.0,0.0,0.3,3.87
5.1,207.0,6.18,79.6,353,200.0,200.0,200.4,500.0,500.0,0.0,0.0,0.0,0.3,3.88
5.0,207.0,6.18,79.6,354,200.0,200.0,200.4,500.0,500.0,0.0,0.0,0.0,0.3,3.88
5.0,207.0,6.19,79.6,355,200.0,200.0,200.3,500.0,500.0,0.0,0.0,0.0,0.3,3.89
5.0,207.0,6.19,79.6,356,200.0,200.0,200.3,500.0,500.0,0.0,0.0,0.0,0.3,3.90
5.0,207.0,6.19,79.6,357,200.0,200.0,200.3,500.0,500.0,0.0,0.0,0.0,0.3,3.90
5.0,207.0,6.19,79.8,358,200.0,200.0,200.3,500.0,500.0,0.0,0.0,0.0,0.3,3.91
5.0,207.0,6.19,79.6,359,200.0,200.0,200.3,500.0,500.0,0.0,0.0,0.0,0.3,3.92
5.1,207.0,6.19,79.6,360,200.0,200.0,200.3,500.0,500.0,0.0,0.0,0.0,0.3,3.92
5.1,207.0,6.19,79.8,361,200.0,200.0,200.3,500.0,500.0,0.0,0.0,0.0,0.3,3.93
5.1,207.1,6.19,79.8,362,200.0,200.0,200.3,500.0,500.0,0.0,0.0,0.0,0.3,3.94
5.1,207.1,6.19,79.6,363,200.0,200.0,200.2,500.0,500.0,0.0,0.0,0.0,0.3,3.94
5.1,207.1,6.19,79.8,364,200.0,200.0,200.2,500.0,500.0,0.0,0.0,0.0,0.3,3.95
5.1,207.1,6.19,79.8,365,200.0,200.0,200.2,500.0,500.0,0.0,0.0,0.0,0.3,3.96
5.1,207.1,6.19,79.6,366,200.0,200.0,200.2,500.0,500.0,0.0,0.0,0.0,0.3,3.97
5.1,207.1,6.19,79.6,367,200.0,200.0,200.2,500.0,500.0,0.0,0.0,0.0,0.3,3.97
5.1,207.1,6.19,79.8,368,200.0,200.0,200.2,500.0,500.0,0.0,0.0,0.0,0.3,3.98
5.1,207.2,6.19,79.6,369,200.0,200.0,200.1,500.0,500.0,0.0,0.0,0.0,0.3,3.99
5.1,207.2,6.19,79.6,370,200.0,200.0,200.1,500.0,500.0,0.0,0.0,0.0,0.3,3.99
5.1,207.2,6.19,79.8,371,200.0,200.0,200.1,500.0,500.0,0.0,0.0,0.0,0.3,4.00
5.1,207.2,6.19,79.8,372,200.0,200.0,200.1,500.0,500.0,0.0,0.0,0.0,0.3,4.01
5.1,207.2,6.19,79.8,373,200.0,200.0,200.1,500.0,500.0,0.0,0.0,0.0,0.3,4.01
5.1,207.2,6.18,80.0,374,200.0,200.0,200.1,500.0,500.0,0.0,0.0,0.0,0.3,4.02
5.1,207.2,6.18,79.8,375,200.0,200.0,200.0,500.0,500.0,0.0,0.0,0.0,0.3,4.03
5.1,207.2,6.18,79.8,376,200.0,200.0,200.0,500.0,500.0,0.0,0.0,0.0,0.3,4.03
5.1,207.2,6.19,79.8,377,200.0,200.0,200.0,500.0,500.0,0.0,0.0,0.0,0.3,4.04
5.1,207.2,6.19,79.6,378,200.0,200.0,200.0,500.0,500.0,0.0,0.0,0.0,0.3,4.05
5.1,207.2,6.19,79.6,379,200.0,200.0,200.0,500.0,500.0,0.0,0.0,0.0,0.3,4.05
5.1,207.2,6.19,79.8,380,200.0,200.0,200.0,500.0,500.0,0.0,0.0,0.0,0.3,4.06
5.1,207.2,6.19,79.8,381,200.0,200.0,200.0,500.0,500.0,0.0,0.0,0.0,0.3,4.07
5.1,207.3,6.19,79.6,382,200.0,200.0,200.0,500.0,500.0,0.0,0.0,0.0,0.3,4.07
5.1,207.3,6.18,79.8,383,200.0,200.0,200.0,500.0,500.0,0.0,0.0,0.0,0.3,4.08
5.1,207.3,6.18,79.8,384,200.0,200.0,200.0,500.0,500.0,0.0,0.0,0.0,0.3,4.09
5.1,207.3,6.18,79.6,385,200.0,200.0,200.0,500.0,500.0,0.0,0.0,0.0,0.3,4.09
5.1,207.3,6.19,79.6,386,200.0,200.0,200.0,500.0,500.0,0.0,0.0,0.0,0.3,4.10
5.0,207.3,6.19,79.8,387,200.0,200.0,200.0,500.0,500.0,0.0,0.0,0.0,0.3,4.11
5.1,207.3,6.19,79.6,388,200.0,200.0,200.0,500.0,500.0,0.0,0.0,0.0,0.3,4.11
5.0,207.3,6.19,79.6,389,200.0,200.0,200.0,500.0,500.0,0.0,0.0,0.0,0.3,4.12
5.0,207.3,6.19,79.6,390,200.0,200.0,200.0,500.0,500.0,0.0,0.0,0.0,0.3,4.13
5.0,207.3,6.19,79.6,391,200.0,200.0,200.0,500.0,500.0,0.0,0.0,0.0,0.3,4.13
5.0,207.3,6.19,79.4,392,200.0,200.0,200.0,500.0,500.0,0.0,0.0,0.0,0.3,4.14
5.0,207.4,6.18,79.6,393,200.0,200.0,200.0,500.0,500.0,0.0,0.0,0.0,0.3,4.15
5.0,207.4,6.19,79.4,394,200.0,200.0,200.0,500.0,500.0,0.0,0.0,0.0,0.3,4.15
5.1,207.4,6.18,79.6,395,200.0,200.0,200.0,500.0,500.0,0.0,0.0,0.0,0.3,4.16
5.0,207.4,6.18,79.6,396,200.0,200.0,200.0,500.0,500.0,0.0,0.0,0.0,0.3,4.17
5.0,207.4,6.18,79.6,397,200.0,200.0,200.0,500.0,500.0,0.0,0.0,0.0,0.3,4.17
5.0,207.4,6.19,79.6,398,200.0,200.0,200.0,500.0,500.0,0.0,0.0,0.0,0.3,4.18
5.0,207.4,6.18,79.8,399,200.0,200.0,200.0,500.0,500.0,0.0,0.0,0.0,0.3,4.19
5.0,207.4,6.18,79.6,400,200.0,200.0,200.0,500.0,500.0,0.0,0.0,0.0,0.3,4.19
5.0,207.4,6.18,79.6,401,200.0,200.0,200.0,500.0,500.0,0.0,0.0,0.0,0.3,4.20
5.0,207.4,6.18,79.8,402,200.0,200.0,200.0,500.0,500.0,0.0,0.0,0.0,0.3,4.21
5.0,207.4,6.18,79.6,403,200.0,200.0,200.0,500.0,500.0,0.0,0.0,0.0,0.3,4.21
5.0,207.4,6.18,79.6,404,200.0,200.0,200.0,500.0,500.0,0.0,0.0,0.0,0.3,4.22
5.0,207.4,6.18,79.8,405,200.0,200.0,200.0,500.0,500.0,0.0,0.0,0.0,0.3,4.23
5.0,207.4,6.19,79.8,406,200.0,200.0,200.0,500.0,500.0,0.0,0.0,0.0,0.3,4.23
5.0,207.4,6.18,79.6,407,200.0,200.0,200.0,500.0,500.0,0.0,0.0,0.0,0.3,4.24
5.0,207.4,6.18,79.8,408,200.0,200.0,200.0,500.0,500.0,0.0,0.0,0.0,0.3,4.25
5.0,207.5,6.18,79.8,409,200.0,200.0,200.0,500.0,500.0,0.0,0.0,0.0,0.3,4.25
5.0,207.5,6.18,79.8,410,200.0,200.0,200.0,500.0,500.0,0.0,0.0,0.0,0.3,4.26
5.0,207.5,6.18,79.8,411,200.0,200.0,200.0,500.0,500.0,0.0,0.0,0.0,0.3,4.27
5.0,207.5,6.18,79.8,412,200.0,200.0,200.0,500.0,500.0,0.0,0.0,0.0,0.3,4.27
5.0,207.5,6.19,79.8,413,200.0,200.0,200.0,500.0,500.0,0.0,0.0,0.0,0.3,4.28
5.0,207.5,6.18,79.8,414,200.0,200.0,200.0,500.0,500.0,0.0,0.0,0.0,0.3,4.29
5.0,207.6,6.19,79.8,415,200.0,200.0,200.0,500.0,500.0,0.0,0.0,0.0,0.3,4.29
5.0,207.6,6.19,79.6,416,200.0,200.0,200.0,500.0,500.0,0.0,0.0,0.0,0.3,4.30
5.0,207.6,6.19,79.8,417,200.0,200.0,200.0,500.0,500.0,0.0,0.0,0.0,0.3,4.31
5.0,207.6,6.19,79.8,418,200.0,200.0,200.0,500.0,500.0,0.0,0.0,0.0,0.3,4.31
5.0,207.6,6.19,79.6,419,200.0,200.0,200.0,500.0,500.0,0.0,0.0,0.0,0.3,4.32
5.1,207.6,6.19,79.6,420,200.0,200.0,200.0,500.0,500.0,0.0,0.0,0.0,0.3,4.33
5.0,207.5,6.19,79.8,421,200.0,200.0,200.0,500.0,500.0,0.0,0.0,0.0,0.3,4.33
5.0,207.5,6.19,79.6,422,200.0,200.0,200.0,500.0,500.0,0.0,0.0,0.0,0.3,4.34
5.0,207.5,6.19,79.4,423,200.0,200.0,200.0,500.0,500.0,0.0,0.0,0.0,0.3,4.35
5.0,207.5,6.19,79.6,424,200.0,200.0,200.0,500.0,500.0,0.0,0.0,0.0,0.3,4.35
5.0,207.6,6.19,79.6,425,200.0,200.0,200.0,500.0,500.0,0.0,0.0,0.0,0.3,4.36
5.0,207.6,6.19,79.4,426,200.0,200.0,200.0,500.0,500.0,0.0,0.0,0.0,0.3,4.37
5.0,207.7,6.19,79.6,427,200.0,200.0,200.0,500.0,500.0,0.0,0.0,0.0,0.3,4.37
5.0,207.7,6.19,79.8,428,200.0,200.0,200.0,500.0,500.0,0.0,0.0,0.0,0.3,4.38
5.0,207.7,6.19,79.6,429,200.0,200.0,200.0,500.0,500.0,0.0,0.0,0.0,0.3,4.39
5.0,207.7,6.19,79.6,430,200.0,200.0,200.0,500.0,500.0,0.0,0.0,0.0,0.3,4.39
5.0,207.7,6.19,79.6,431,200.0,200.0,200.0,500.0,500.0,0.0,0.0,0.0,0.3,4.40
5.0,207.7,6.19,79.6,432,200.0,200.0,200.0,500.0,500.0,0.0,0.0,0.0,0.3,4.41
5.0,207.7,6.19,79.6,433,200.0,200.0,200.0,500.0,500.0,0.0,0.0,0.0,0.3,4.41
5.0,207.7,6.19,79.6,434,200.0,200.0,200.0,500.0,500.0,0.0,0.0,0.0,0.3,4.42
5.0,207.7,6.19,79.6,435,200.0,200.0,200.0,500.0,500.0,0.0,0.0,0.0,0.3,4.43
5.0,207.7,6.19,79.8,436,200.0,200.0,200.0,500.0,500.0,0.0,0.0,0.0,0.3,4.43
5.0,207.7,6.19,79.8,437,200.0,200.0,200.0,500.0,500.0,0.0,0.0,0.0,0.3,4.44
5.0,207.7,6.19,79.6,438,200.0,200.0,200.0,500.0,500.0,0.0,0.0,0.0,0.3,4.45
4.9,207.7,6.19,79.8,439,200.0,200.0,200.0,500.0,500.0,0.0,0.0,0.0,0.3,4.45
5.0,207.7,6.19,79.8,440,200.0,200.0,200.0,500.0,500.0,0.0,0.0,0.0,0.3,4.46
5.0,207.7,6.19,79.6,441,200.0,200.0,200.0,500.0,500.0,0.0,0.0,0.0,0.3,4.47
5.0,207.8,6.19,79.6,442,200.0,200.0,200.0,500.0,500.0,0.0,0.0,0.0,0.3,4.47
5.0,207.8,6.19,79.6,443,200.0,200.0,200.0,500.0,500.0,0.0,0.0,0.0,0.3,4.48
5.0,207.8,6.19,79.6,444,200.0,200.0,200.0,500.0,500.0,0.0,0.0,0.0,0.3,4.49
5.0,207.8,6.19,79.6,445,200.0,200.0,200.0,500.0,500.0,0.0,0.0,0.0,0.3,4.49
5.0,207.8,6.19,79.6,446,200.0,200.0,200.0,500.0,500.0,0.0,0.0,0.0,0.3,4.50
5.0,207.8,6.18,79.6,447,200.0,200.0,200.0,500.0,500.0,0.0,0.0,0.0,0.3,4.51
5.0,207.8,6.18,79.8,448,200.0,200.0,200.0,500.0,500.0,0.0,0.0,0.0,0.3,4.51
5.0,207.8,6.18,79.8,449,200.0,200.0,200.0,500.0,500.0,0.0,0.0,0.0,0.3,4.52
5.0,207.8,6.18,79.6,450,200.0,200.0,200.0,500.0,500.0,0.0,0.0,0.0,0.3,4.53
5.0,207.8,6.19,79.8,451,200.0,200.0,200.0,500.0,500.0,0.0,0.0,0.0,0.3,4.53
5.0,207.8,6.19,79.8,452,200.0,200.0,200.0,500.0,500.0,0.0,0.0,0.0,0.3,4.54
5.0,207.8,6.19,79.6,453,200.0,200.0,200.0,500.0,500.0,0.0,0.0,0.0,0.3,4.55
5.0,207.8,6.19,79.6,454,200.0,200.0,200.0,500.0,500.0,0.0,0.0,0.0,0.3,4.55
5.0,207.8,6.19,79.8,455,200.0,200.0,200.0,500.0,500.0,0.0,0.0,0.0,0.3,4.56
5.0,207.8,6.19,79.6,456,200.0,200.0,200.0,500.0,500.0,0.0,0.0,0.0,0.3,4.57
5.0,207.8,6.19,79.4,457,200.0,200.0,200.0,500.0,500.0,0.0,0.0,0.0,0.3,4.57
5.0,207.8,6.19,79.6,458,200.0,200.0,200.0,500.0,500.0,0.0,0.0,0.0,0.3,4.58
5.0,207.8,6.19,79.6,459,200.0,200.0,200.0,500.0,500.0,0.0,0.0,0.0,0.3,4.59
5.0,207.8,6.19,79.4,460,200.0,200.0,200.0,500.0,500.0,0.0,0.0,0.0,0.3,4.59
5.0,207.9,6.19,79.6,461,200.0,200.0,200.0,500.0,500.0,0.0,0.0,0.0,0.3,4.60
5.0,207.9,6.19,79.8,462,200.0,200.0,200.0,500.0,500.0,0.0,0.0,0.0,0.3,4.61
5.0,207.9,6.19,79.6,463,200.0,200.0,200.0,500.0,500.0,0.0,0.0,0.0,0.3,4.61
5.0,207.9,6.19,79.6,464,200.0,200.0,200.0,500.0,500.0,0.0,0.0,0.0,0.3,4.62
5.0,207.9,6.19,79.6,465,200.0,200.0,200.0,500.0,500.0,0.0,0.0,0.0,0.3,4.63
5.0,207.9,6.19,79.6,466,200.0,200.0,200.0,500.0,500.0,0.0,0.0,0.0,0.3,4.63
5.0,207.9,6.19,79.6,467,200.0,200.0,200.0,500.0,500.0,0.0,0.0,0.0,0.3,4.64
5.0,207.9,6.19,79.6,468,200.0,200.0,200.0,500.0,500.0,0.0,0.0,0.0,0.3,4.65
5.0,207.9,6.19,79.6,469,200.0,200.0,200.0,500.0,500.0,0.0,0.0,0.0,0.3,4.65
5.0,207.9,6.19,79.8,470,200.0,200.0,200.0,500.0,500.0,0.0,0.0,0.0,0.3,4.66
5.0,207.9,6.19,79.8,471,200.0,200.0,200.0,500.0,500.0,0.0,0.0,0.0,0.3,4.67
5.0,207.9,6.19,79.6,472,200.0,200.0,200.0,500.0,500.0,0.0,0.0,0.0,0.3,4.67
5.0,207.9,6.19,79.8,473,200.0,200.0,200.0,500.0,500.0,0.0,0.0,0.0,0.3,4.68
5.0,207.9,6.19,79.8,474,200.0,200.0,200.0,500.0,500.0,0.0,0.0,0.0,0.3,4.69
5.0,207.9,6.19,79.6,475,200.0,200.0,200.0,500.0,500.0,0.0,0.0,0.0,0.3,4.69
5.0,207.9,6.19,79.6,476,200.0,200.0,200.0,500.0,500.0,0.0,0.0,0.0,0.3,4.70
5.0,207.9,6.19,79.8,477,200.0,200.0,200.0,500.0,500.0,0.0,0.0,0.0,0.3,4.71
5.0,207.9,6.19,79.6,478,200.0,200.0,200.0,500.0,500.0,0.0,0.0,0.0,0.3,4.71
5.0,207.9,6.19,79.6,479,200.0,200.0,200.0,500.0,500.0,0.0,0.0,0.0,0.3,4.72
5.0,207.9,6.19,79.8,480,200.0,200.0,200.0,500.0,500.0,0.0,0.0,0.0,0.3,4.72
5.0,207.9,6.19,79.8,481,200.0,200.0,200.0,500.0,500.0,0.0,0.0,0.0,0.3,4.73
5.0,207.9,6.19,79.8,482,200.0,200.0,200.0,500.0,500.0,0.0,0.0,0.0,0.3,4.74
4.9,207.9,6.19,80.0,483,200.0,200.0,200.0,500.0,500.0,0.0,0.0,0.0,0.3,4.74
4.9,208.0,6.19,79.8,484,200.0,200.0,200.0,500.0,500.0,0.0,0.0,0.0,0.3,4.75
4.9,208.0,6.19,79.8,485,200.0,200.0,200.0,500.0,500.0,0.0,0.0,0.0,0.3,4.76
5.0,208.1,6.19,79.8,486,200.0,200.0,200.0,500.0,500.0,0.0,0.0,0.0,0.3,4.76
5.0,208.1,6.19,79.6,487,200.0,200.0,200.0,500.0,500.0,0.0,0.0,0.0,0.3,4.77
5.0,208.1,6.19,79.6,488,200.0,200.0,200.0,500.0,500.0,0.0,0.0,0.0,0.3,4.78
5.0,208.1,6.19,79.8,489,200.0,200.0,200.0,500.0,500.0,0.0,0.0,0.0,0.3,4.78
5.0,208.1,6.19,79.6,490,200.0,200.0,200.0,500.0,500.0,0.0,0.0,0.0,0.3,4.79
5.0,208.1,6.19,79.6,491,200.0,200.0,200.0,500.0,500.0,0.0,0.0,0.0,0.3,4.80
5.0,208.1,6.19,79.8,492,200.0,200.0,200.0,500.0,500.0,0.0,0.0,0.0,0.3,4.80
5.0,208.1,6.19,79.6,493,200.0,200.0,200.0,500.0,500.0,0.0,0.0,0.0,0.3,4.81
5.0,208.1,6.19,79.6,494,200.0,200.0,200.0,500.0,500.0,0.0,0.0,0.0,0.3,4.82
5.0,208.1,6.18,79.8,495,200.0,200.0,200.0,500.0,500.0,0.0,0.0,0.0,0.3,4.82
5.0,208.1,6.18,79.8,496,200.0,200.0,200.0,500.0,500.0,0.0,0.0,0.0,0.3,4.83
5.0,208.1,6.18,79.6,497,200.0,200.0,200.0,500.0,500.0,0.0,0.0,0.0,0.3,4.84
5.0,208.1,6.18,79.8,498,200.0,200.0,200.0,500.0,500.0,0.0,0.0,0.0,0.3,4.84
5.0,208.1,6.18,79.8,499,200.0,200.0,200.0,500.0,500.0,0.0,0.0,0.0,0.3,4.85
5.0,208.1,6.19,79.6,500,200.0,200.0,200.0,500.0,500.0,0.0,0.0,0.0,0.3,4.86
5.0,208.1,6.19,79.6,501,200.0,200.0,200.0,500.0,500.0,0.0,0.0,0.0,0.3,4.86
5.0,208.1,6.19,79.8,502,200.0,200.0,200.0,500.0,500.0,0.0,0.0,0.0,0.3,4.87
5.0,208.1,6.19,79.6,503,200.0,200.0,200.0,500.0,500.0,0.0,0.0,0.0,0.3,4.88
5.0,208.1,6.18,79.6,504,200.0,200.0,200.0,500.0,500.0,0.0,0.0,0.0,0.3,4.88
5.0,208.1,6.18,79.8,505,200.0,200.0,200.0,500.0,500.0,0.0,0.0,0.0,0.3,4.89
5.0,208.1,6.18,79.8,506,200.0,200.0,200.0,500.0,500.0,0.0,0.0,0.0,0.3,4.90
5.0,208.1,6.18,79.8,507,200.0,200.0,200.0,500.0,500.0,0.0,0.0,0.0,0.3,4.90
5.0,208.1,6.18,80.0,508,200.0,200.0,200.0,500.0,500.0,0.0,0.0,0.0,0.3,4.91
5.0,208.1,6.19,79.8,509,200.0,200.0,200.0,500.0,500.0,0.0,0.0,0.0,0.3,4.92
5.0,208.1,6.19,79.8,510,200.0,200.0,200.0,500.0,500.0,0.0,0.0,0.0,0.3,4.92
5.0,208.1,6.19,79.8,511,200.0,200.0,200.0,500.0,500.0,0.0,0.0,0.0,0.3,4.93
5.0,208.1,6.19,79.6,512,200.0,200.0,200.0,500.0,500.0,0.0,0.0,0.0,0.3,4.94
5.0,208.1,6.19,79.6,513,200.0,200.0,200.0,500.0,500.0,0.0,0.0,0.0,0.3,4.94
4.9,208.1,6.19,79.8,514,200.0,200.0,200.0,500.0,500.0,0.0,0.0,0.0,0.3,4.95
4.9,208.1,6.19,79.6,515,200.0,200.0,200.0,500.0,500.0,0.0,0.0,0.0,0.3,4.96
4.9,208.1,6.19,79.6,516,200.0,200.0,200.0,500.0,500.0,0.0,0.0,0.0,0.3,4.96
4.9,208.1,6.19,79.8,517,200.0,200.0,200.0,500.0,500.0,0.0,0.0,0.0,0.3,4.97
4.9,208.1,6.19,79.8,518,200.0,200.0,200.0,500.0,500.0,0.0,0.0,0.0,0.3,4.98
4.9,208.1,6.19,79.8,519,200.0,200.0,200.0,500.0,500.0,0.0,0.0,0.0,0.3,4.98
4.9,208.1,6.19,80.0,520,200.0,200.0,200.0,500.0,500.0,0.0,0.0,0.0,0.3,4.99
4.9,208.1,6.19,80.0,521,200.0,200.0,200.0,500.0,500.0,0.0,0.0,0.0,0.3,5.00
5.0,208.1,6.19,80.0,522,200.0,200.0,200.0,500.0,500.0,0.0,0.0,0.0,0.3,5.00
5.0,208.1,6.19,80.0,523,200.0,200.0,200.0,500.0,500.0,0.0,0.0,0.0,0.3,5.01
5.0,208.1,6.19,79.8,524,200.0,200.0,200.0,500.0,500.0,0.0,0.0,0.0,0.3,5.02
4.9,208.1,6.19,79.8,525,200.0,200.0,200.0,500.0,500.0,0.0,0.0,0.0,0.3,5.02
4.9,208.1,6.19,79.8,526,200.0,200.0,200.0,500.0,500.0,0.0,0.0,0.0,0.3,5.03
4.9,208.1,6.19,79.6,527,200.0,200.0,200.0,500.0,500.0,0.0,0.0,0.0,0.3,5.03
4.9,208.1,6.19,79.6,528,200.0,200.0,200.0,500.0,500.0,0.0,0.0,0.0,0.3,5.04
4.9,208.1,6.19,79.8,529,200.0,200.0,200.0,500.0,500.0,0.0,0.0,0.0,0.3,5.05
4.9,208.1,6.19,79.6,530,200.0,200.0,200.0,500.0,500.0,0.0,0.0,0.0,0.3,5.05
4.9,208.1,6.19,79.6,531,200.0,200.0,200.0,500.0,500.0,0.0,0.0,0.0,0.3,5.06
4.9,208.1,6.19,79.8,532,200.0,200.0,200.0,500.0,500.0,0.0,0.0,0.0,0.3,5.07
5.0,208.1,6.19,79.6,533,200.0,200.0,200.0,500.0,500.0,0.0,0.0,0.0,0.3,5.07
5.0,208.1,6.19,79.6,534,200.0,200.0,200.0,500.0,500.0,0.0,0.0,0.0,0.3,5.08
5.0,208.1,6.19,79.8,535,200.0,200.0,200.0,500.0,500.0,0.0,0.0,0.0,0.3,5.09
5.0,208.1,6.19,79.8,536,200.0,200.0,200.0,500.0,500.0,0.0,0.0,0.0,0.3,5.09
5.0,208.1,6.19,79.6,537,200.0,200.0,200.0,500.0,500.0,0.0,0.0,0.0,0.3,5.10
4.9,208.1,6.19,79.8,538,200.0,200.0,200.0,500.0,500.0,0.0,0.0,0.0,0.3,5.11
4.9,208.1,6.19,79.6,539,200.0,200.0,200.0,500.0,500.0,0.0,0.0,0.0,0.3,5.11
4.9,208.1,6.19,79.6,540,200.0,200.0,200.0,500.0,500.0,0.0,0.0,0.0,0.3,5.12
4.9,208.1,6.19,79.6,541,200.0,200.0,200.0,500.0,500.0,0.0,0.0,0.0,0.3,5.13
4.9,208.1,6.19,79.6,542,200.0,200.0,200.0,500.0,500.0,0.0,0.0,0.0,0.3,5.13
4.9,208.1,6.19,79.4,543,200.0,200.0,200.0,500.0,500.0,0.0,0.0,0.0,0.3,5.14
5.0,208.1,6.19,79.6,544,200.0,200.0,200.0,500.0,500.0,0.0,0.0,0.0,0.3,5.15
5.0,208.1,6.19,79.6,545,200.0,200.0,200.0,500.0,500.0,0.0,0.0,0.0,0.3,5.15
5.0,208.1,6.19,79.4,546,200.0,200.0,200.0,500.0,500.0,0.0,0.0,0.0,0.3,5.16
5.0,208.1,6.19,79.6,547,200.0,200.0,200.0,500.0,500.0,0.0,0.0,0.0,0.3,5.17
5.0,208.1,6.19,79.8,548,200.0,200.0,200.0,500.0,500.0,0.0,0.0,0.0,0.3,5.17
4.9,208.1,6.19,79.6,549,200.0,200.0,200.0,500.0,500.0,0.0,0.0,0.0,0.3,5.18
4.9,208.1,6.19,79.6,550,200.0,200.0,200.0,500.0,500.0,0.0,0.0,0.0,0.3,5.19
4.9,208.1,6.19,79.8,551,200.0,200.0,200.0,500.0,500.0,0.0,0.0,0.0,0.3,5.19
4.9,208.1,6.19,79.6,552,200.0,200.0,200.0,500.0,500.0,0.0,0.0,0.0,0.3,5.20
4.9,208.1,6.19,79.6,553,200.0,200.0,200.0,500.0,500.0,0.0,0.0,0.0,0.3,5.21
5.0,208.1,6.19,79.8,554,200.0,200.0,200.0,500.0,500.0,0.0,0.0,0.0,0.3,5.21
5.0,208.1,6.19,79.8,555,200.0,200.0,200.0,500.0,500.0,0.0,0.0,0.0,0.3,5.22
4.9,208.1,6.19,79.6,556,200.0,200.0,200.0,500.0,500.0,0.0,0.0,0.0,0.3,5.23
4.9,208.1,6.19,79.8,557,200.0,200.0,200.0,500.0,500.0,0.0,0.0,0.0,0.3,5.23
4.9,208.1,6.19,79.8,558,200.0,200.0,200.0,500.0,500.0,0.0,0.0,0.0,0.3,5.24
4.9,208.1,6.19,79.8,559,200.0,200.0,200.0,500.0,500.0,0.0,0.0,0.0,0.3,5.24
4.9,208.1,6.19,79.8,560,200.0,200.0,200.0,500.0,500.0,0.0,0.0,0.0,0.3,5.25
4.9,208.1,6.19,79.8,561,200.0,200.0,200.0,500.0,500.0,0.0,0.0,0.0,0.3,5.26
4.9,208.2,6.19,79.8,562,200.0,200.0,200.0,500.0,500.0,0.0,0.0,0.0,0.3,5.26
4.9,208.2,6.19,79.8,563,200.0,200.0,200.0,500.0,500.0,0.0,0.0,0.0,0.3,5.27
4.9,208.2,6.19,79.6,564,200.0,200.0,200.0,500.0,500.0,0.0,0.0,0.0,0.3,5.28
4.9,208.2,6.19,79.6,565,200.0,200.0,200.0,500.0,500.0,0.0,0.0,0.0,0.3,5.28
4.9,208.2,6.19,79.8,566,200.0,200.0,200.0,500.0,500.0,0.0,0.0,0.0,0.3,5.29
4.9,208.2,6.19,79.6,567,200.0,200.0,200.0,500.0,500.0,0.0,0.0,0.0,0.3,5.30
4.9,208.2,6.19,79.6,568,200.0,200.0,200.0,500.0,500.0,0.0,0.0,0.0,0.3,5.30
4.9,208.2,6.19,79.8,569,200.0,200.0,200.0,500.0,500.0,0.0,0.0,0.0,0.3,5.31
4.9,208.2,6.19,79.8,570,200.0,200.0,200.0,500.0,500.0,0.0,0.0,0.0,0.3,5.32
4.9,208.1,6.19,79.6,571,200.0,200.0,200.0,500.0,500.0,0.0,0.0,0.0,0.3,5.32
4.9,208.1,6.19,79.8,572,200.0,200.0,200.0,500.0,500.0,0.0,0.0,0.0,0.3,5.33
4.9,208.2,6.19,79.8,573,200.0,200.0,200.0,500.0,500.0,0.0,0.0,0.0,0.3,5.34
4.9,208.2,6.19,79.8,574,200.0,200.0,200.0,500.0,500.0,0.0,0.0,0.0,0.3,5.34
4.9,208.2,6.19,79.8,575,200.0,200.0,200.0,500.0,500.0,0.0,0.0,0.0,0.3,5.35
4.9,208.2,6.19,79.8,576,200.0,200.0,200.0,500.0,500.0,0.0,0.0,0.0,0.3,5.36
4.9,208.2,6.19,79.8,577,200.0,200.0,200.0,500.0,500.0,0.0,0.0,0.0,0.3,5.36
4.9,208.2,6.19,79.8,578,200.0,200.0,200.0,500.0,500.0,0.0,0.0,0.0,0.3,5.37
4.9,208.2,6.19,79.8,579,200.0,200.0,200.0,500.0,500.0,0.0,0.0,0.0,0.3,5.38
4.9,208.2,6.19,79.6,580,200.0,200.0,200.0,500.0,500.0,0.0,0.0,0.0,0.3,5.38
4.9,208.2,6.19,79.8,581,200.0,200.0,200.0,500.0,500.0,0.0,0.0,0.0,0.3,5.39
4.9,208.2,6.19,79.8,582,200.0,200.0,200.0,500.0,500.0,0.0,0.0,0.0,0.3,5.40
4.9,208.2,6.19,79.6,583,200.0,200.0,200.0,500.0,500.0,0.0,0.0,0.0,0.3,5.40
4.9,208.2,6.19,79.6,584,200.0,200.0,200.0,500.0,500.0,0.0,0.0,0.0,0.3,5.41
4.9,208.1,6.19,79.8,585,200.0,200.0,200.0,500.0,500.0,0.0,0.0,0.0,0.3,5.41
4.9,208.1,6.19,79.8,586,200.0,200.0,200.0,500.0,500.0,0.0,0.0,0.0,0.3,5.42
4.9,208.1,6.19,79.8,587,200.0,200.0,200.0,500.0,500.0,0.0,0.0,0.0,0.3,5.43
4.9,208.1,6.19,80.0,588,200.0,200.0,200.0,500.0,500.0,0.0,0.0,0.0,0.3,5.43
4.9,208.1,6.19,79.8,589,200.0,200.0,200.0,500.0,500.0,0.0,0.0,0.0,0.3,5.44
4.9,208.2,6.18,79.8,590,200.0,200.0,200.0,500.0,500.0,0.0,0.0,0.0,0.3,5.45
4.9,208.2,6.18,79.8,591,200.0,200.0,200.0,500.0,500.0,0.0,0.0,0.0,0.3,5.45
4.9,208.2,6.18,79.8,592,200.0,200.0,200.0,500.0,500.0,0.0,0.0,0.0,0.3,5.46
4.9,208.2,6.18,79.6,593,200.0,200.0,200.0,500.0,500.0,0.0,0.0,0.0,0.3,5.47
4.9,208.2,6.18,79.8,594,200.0,200.0,200.0,500.0,500.0,0.0,0.0,0.0,0.3,5.47
4.9,208.2,6.19,79.6,595,200.0,200.0,200.0,500.0,500.0,0.0,0.0,0.0,0.3,5.48
4.9,208.2,6.19,79.6,596,200.0,200.0,200.0,500.0,500.0,0.0,0.0,0.0,0.3,5.49
4.9,208.2,6.19,79.6,597,200.0,200.0,200.0,500.0,500.0,0.0,0.0,0.0,0.3,5.49
4.9,208.2,6.19,79.6,598,200.0,200.0,200.0,500.0,500.0,0.0,0.0,0.0,0.3,5.50
4.9,208.2,6.19,79.6,599,200.0,200.0,200.0,500.0,500.0,0.0,0.0,0.0,0.3,5.51
