扭矩,料温,压力,转速,时间,温度1,温度2,温度3,温度4,温度5,温度6,温度7,温度8,顶栓,能量
1.9,190.1,6.24,2.4,0,190.0,190.0,190.0,500.0,500.0,0.0,0.0,0.0,0.3,0.00
1.9,190.1,6.24,10.4,1,190.0,190.0,190.0,500.0,500.0,0.0,0.0,0.0,0.3,0.00
1.8,190.1,6.24,20.4,2,190.0,190.0,190.0,500.0,500.0,0.0,0.0,0.0,0.3,0.00
1.7,190.1,6.24,30.4,3,190.0,190.0,190.0,500.0,500.0,0.0,0.0,0.0,0.3,0.00
1.7,190.1,6.24,40.4,4,190.0,190.0,190.0,500.0,500.0,0.0,0.0,0.0,0.3,0.00
1.7,190.1,6.24,48.0,5,190.0,190.0,190.0,500.0,500.0,0.0,0.0,0.0,0.3,0.00
1.6,190.1,6.24,50.0,6,190.0,190.1,190.0,500.0,500.0,0.0,0.0,0.0,0.3,0.01
1.6,190.0,6.23,50.0,7,190.0,190.1,190.0,500.0,500.0,0.0,0.0,0.0,0.3,0.01
1.5,189.7,6.24,50.0,8,190.0,190.1,190.0,500.0,500.0,0.0,0.0,0.0,0.3,0.01
1.4,189.1,6.24,49.8,9,190.0,190.1,190.0,500.0,500.0,0.0,0.0,0.0,0.3,0.01
1.2,188.4,6.24,49.8,10,190.0,190.1,190.0,500.0,500.0,0.0,0.0,0.0,0.3,0.01
1.1,187.9,6.24,49.8,11,190.0,190.1,190.0,500.0,500.0,0.0,0.0,0.0,0.3,0.01
0.9,187.3,6.24,49.6,12,190.0,190.2,190.0,500.0,500.0,0.0,0.0,0.0,0.3,0.01
0.8,186.8,6.24,49.6,13,190.0,190.2,190.0,500.0,500.0,0.0,0.0,0.0,0.3,0.01
0.7,186.1,6.24,49.8,14,190.0,190.2,190.0,500.0,500.0,0.0,0.0,0.0,0.3,0.01
0.5,185.4,6.24,49.8,15,190.0,190.2,190.0,500.0,500.0,0.0,0.0,0.0,0.3,0.01
0.4,184.7,6.24,49.8,16,190.0,190.1,190.0,500.0,500.0,0.0,0.0,0.0,0.3,0.01
0.4,184.1,6.24,50.0,17,190.0,190.0,190.0,500.0,500.0,0.0,0.0,0.0,0.3,0.01
0.3,183.3,6.24,49.8,18,190.0,190.0,190.0,500.0,500.0,0.0,0.0,0.0,0.3,0.01
0.2,182.7,6.24,49.8,19,190.0,190.0,190.0,500.0,500.0,0.0,0.0,0.0,0.3,0.01
0.2,182.0,6.24,49.8,20,190.0,190.0,190.0,500.0,500.0,0.0,0.0,0.0,0.3,0.01
0.2,181.5,6.24,49.8,21,190.0,190.0,190.0,500.0,500.0,0.0,0.0,0.0,0.3,0.02
0.2,180.9,6.24,49.8,22,190.0,190.0,190.0,500.0,500.0,0.0,0.0,0.0,0.3,0.02
0.4,180.2,6.24,49.8,23,190.0,190.0,190.0,500.0,500.0,0.0,0.0,0.0,0.3,0.02
0.5,179.4,6.24,49.6,24,190.0,190.0,190.0,500.0,500.0,0.0,0.0,0.0,0.3,0.02
0.7,178.7,6.24,49.6,25,190.0,190.0,190.0,500.0,500.0,0.0,0.0,0.0,0.3,0.02
0.9,178.2,6.24,49.6,26,190.0,189.9,190.0,500.0,500.0,0.0,0.0,0.0,0.3,0.02
1.2,177.9,6.24,49.6,27,190.0,189.9,190.0,500.0,500.0,0.0,0.0,0.0,0.3,0.02
1.3,177.7,6.24,49.8,28,190.0,189.9,190.0,500.0,500.0,0.0,0.0,0.0,0.3,0.02
1.5,177.6,6.24,50.0,29,190.0,189.9,190.0,500.0,500.0,0.0,0.0,0.0,0.3,0.02
1.5,177.5,6.24,50.0,30,190.0,189.7,190.0,500.0,500.0,0.0,0.0,0.0,0.3,0.02
1.5,177.4,6.24,49.8,31,190.0,189.5,190.0,500.0,500.0,0.0,0.0,0.0,0.3,0.02
1.5,177.4,6.24,49.8,32,190.0,189.5,190.0,500.0,500.0,0.0,0.0,0.0,0.3,0.02
1.5,177.4,6.24,49.8,33,190.0,189.5,190.0,500.0,500.0,0.0,0.0,0.0,0.3,0.03
1.5,177.4,6.24,49.6,34,190.0,189.5,190.0,500.0,500.0,0.0,0.0,0.0,0.3,0.03
1.5,177.4,6.24,49.6,35,190.0,189.5,190.0,500.0,500.0,0.0,0.0,0.0,0.3,0.03
1.5,177.5,6.24,49.8,36,190.0,189.5,190.0,500.0,500.0,0.0,0.0,0.0,0.3,0.03
1.5,177.5,6.24,49.8,37,190.0,189.5,190.0,500.0,500.0,0.0,0.0,0.0,0.3,0.03
1.5,177.5,6.24,49.8,38,190.0,189.5,190.0,500.0,500.0,0.0,0.0,0.0,0.3,0.03
1.6,177.5,6.24,50.2,39,190.0,189.6,190.0,500.0,500.0,0.0,0.0,0.0,0.3,0.03
1.5,177.5,6.24,50.2,40,190.0,189.6,190.0,500.0,500.0,0.0,0.0,0.0,0.3,0.03
1.5,177.5,6.24,50.2,41,190.0,189.8,190.0,500.0,500.0,0.0,0.0,0.0,0.3,0.04
1.5,177.4,6.24,50.2,42,190.0,189.9,190.0,500.0,500.0,0.0,0.0,0.0,0.3,0.04
1.5,177.3,6.24,50.0,43,190.0,190.0,190.0,500.0,500.0,0.0,0.0,0.0,0.3,0.04
1.5,177.2,6.24,49.6,44,190.0,190.0,190.0,500.0,500.0,0.0,0.0,0.0,0.3,0.04
1.5,177.2,6.24,49.6,45,190.0,190.0,190.0,500.0,500.0,0.0,0.0,0.0,0.3,0.04
1.5,177.2,6.24,49.6,46,190.0,190.0,190.0,500.0,500.0,0.0,0.0,0.0,0.3,0.04
1.5,177.3,6.24,49.6,47,190.0,190.0,190.0,500.0,500.0,0.0,0.0,0.0,0.3,0.04
1.6,177.3,6.24,49.8,48,190.0,190.0,190.0,500.0,500.0,0.0,0.0,0.0,0.3,0.04
1.6,177.3,6.24,49.8,49,190.0,190.0,190.0,500.0,500.0,0.0,0.0,0.0,0.3,0.05
1.5,177.3,6.24,49.8,50,190.0,190.0,190.0,500.0,500.0,0.0,0.0,0.0,0.3,0.05
1.5,177.3,6.24,49.8,51,190.0,190.0,190.0,500.0,500.0,0.0,0.0,0.0,0.3,0.05
1.5,177.3,6.24,49.8,52,190.0,190.0,190.0,500.0,500.0,0.0,0.0,0.0,0.3,0.05
1.5,177.4,6.24,49.8,53,190.0,190.2,190.0,500.0,500.0,0.0,0.0,0.0,0.3,0.05
1.5,177.4,6.24,50.0,54,190.0,190.2,190.0,500.0,500.0,0.0,0.0,0.0,0.3,0.05
1.5,177.4,6.24,49.8,55,190.0,190.2,190.0,500.0,500.0,0.0,0.0,0.0,0.3,0.05
1.5,177.4,6.24,49.8,56,189.9,190.3,190.0,500.0,500.0,0.0,0.0,0.0,0.3,0.05
1.5,177.4,6.24,49.8,57,189.9,190.4,190.0,500.0,500.0,0.0,0.0,0.0,0.3,0.06
1.4,177.5,6.24,49.8,58,189.9,190.4,190.0,500.0,500.0,0.0,0.0,0.0,0.3,0.06
1.4,177.5,6.24,49.8,59,189.9,190.4,190.0,500.0,500.0,0.0,0.0,0.0,0.3,0.06
1.4,177.6,6.24,50.0,60,189.9,190.4,190.0,500.0,500.0,0.0,0.0,0.0,0.3,0.06
1.4,177.6,6.24,49.8,61,189.9,190.4,190.0,500.0,500.0,0.0,0.0,0.0,0.3,0.06
1.1,177.5,6.24,49.8,62,189.9,190.4,190.0,500.0,500.0,0.0,0.0,0.0,0.3,0.06
0.9,177.4,6.24,49.6,63,189.9,190.4,190.0,500.0,500.0,0.0,0.0,0.0,0.3,0.06
0.6,177.3,6.24,49.6,64,189.9,190.3,190.0,500.0,500.0,0.0,0.0,0.0,0.3,0.06
0.4,177.2,6.24,49.6,65,189.9,190.1,190.0,500.0,500.0,0.0,0.0,0.0,0.3,0.06
0.3,177.2,6.24,49.6,66,189.9,190.1,190.0,500.0,500.0,0.0,0.0,0.0,0.3,0.06
0.3,177.2,6.24,49.6,67,189.9,190.1,190.0,500.0,500.0,0.0,0.0,0.0,0.3,0.06
0.2,177.2,6.24,49.8,68,189.9,190.1,190.0,500.0,500.0,0.0,0.0,0.0,0.3,0.06
0.2,177.3,6.24,49.8,69,189.9,190.0,190.0,500.0,500.0,0.0,0.0,0.0,0.3,0.06
1.6,177.2,6.24,49.8,70,190.0,190.0,190.0,500.0,500.0,0.0,0.0,0.0,0.3,0.07
4.6,176.9,6.24,50.0,71,190.0,190.0,190.0,500.0,500.0,0.0,0.0,0.0,0.3,0.07
8.5,175.2,6.24,50.0,72,190.0,190.0,190.0,500.0,500.0,0.0,0.0,0.0,0.3,0.08
11.9,172.3,6.24,50.0,73,190.0,190.0,190.0,500.0,500.0,0.0,0.0,0.0,0.3,0.09
17.1,169.7,6.24,49.8,74,190.0,190.0,190.0,500.0,500.0,0.0,0.0,0.0,0.3,0.10
19.3,167.8,6.24,49.8,75,190.0,190.0,190.0,500.0,500.0,0.0,0.0,0.0,0.3,0.12
20.8,166.8,6.24,49.8,76,190.0,190.0,190.0,500.0,500.0,0.0,0.0,0.0,0.3,0.13
19.8,165.8,6.24,49.8,77,190.0,190.0,190.0,500.0,500.0,0.0,0.0,0.0,0.3,0.15
19.9,165.4,6.24,49.8,78,190.0,190.0,190.0,500.0,500.0,0.0,0.0,0.0,0.3,0.17
17.8,165.5,6.24,49.8,79,190.0,190.0,190.0,500.0,500.0,0.0,0.0,0.0,0.3,0.18
17.1,165.7,6.24,49.8,80,190.0,190.0,190.0,500.0,500.0,0.0,0.0,0.0,0.3,0.20
15.6,166.0,6.24,49.8,81,190.0,190.0,190.0,500.0,500.0,0.0,0.0,0.0,0.3,0.21
15.2,166.4,6.24,49.8,82,190.0,190.0,190.0,500.0,500.0,0.0,0.0,0.0,0.3,0.22
14.4,167.0,6.24,49.6,83,190.0,190.0,190.0,500.0,500.0,0.0,0.0,0.0,0.3,0.23
13.7,167.7,6.24,49.8,84,190.0,190.0,190.0,500.0,500.0,0.0,0.0,0.0,0.3,0.24
12.9,168.3,6.24,49.6,85,190.0,189.9,190.0,500.0,500.0,0.0,0.0,0.0,0.3,0.25
12.0,168.9,6.24,49.6,86,190.0,189.9,190.0,500.0,500.0,0.0,0.0,0.0,0.3,0.26
11.6,169.6,6.24,49.6,87,190.0,189.9,190.0,500.0,500.0,0.0,0.0,0.0,0.3,0.27
10.8,170.3,6.24,49.8,88,190.0,189.9,190.0,500.0,500.0,0.0,0.0,0.0,0.3,0.28
10.5,170.9,6.24,49.8,89,190.0,189.9,190.0,500.0,500.0,0.0,0.0,0.0,0.3,0.29
10.4,171.4,6.24,50.0,90,190.0,190.0,190.0,500.0,500.0,0.0,0.0,0.0,0.3,0.30
10.4,172.0,6.24,50.0,91,190.0,190.0,190.0,500.0,500.0,0.0,0.0,0.0,0.3,0.31
10.2,172.5,6.24,50.0,92,190.0,190.0,190.0,500.0,500.0,0.0,0.0,0.0,0.3,0.32
10.1,173.0,6.24,50.0,93,190.0,190.0,190.0,500.0,500.0,0.0,0.0,0.0,0.3,0.33
10.0,173.5,6.24,50.0,94,190.0,190.0,190.0,500.0,500.0,0.0,0.0,0.0,0.3,0.33
10.0,174.0,6.24,49.8,95,190.0,190.0,190.0,500.0,500.0,0.0,0.0,0.0,0.3,0.34
10.1,174.5,6.24,49.8,96,190.0,190.0,190.0,500.0,500.0,0.0,0.0,0.0,0.3,0.35
10.0,175.1,6.24,49.8,97,190.0,190.0,190.0,500.0,500.0,0.0,0.0,0.0,0.3,0.36
10.1,175.5,6.24,49.8,98,190.0,190.0,190.0,500.0,500.0,0.0,0.0,0.0,0.3,0.37
10.3,176.0,6.24,49.8,99,190.0,190.0,190.0,500.0,500.0,0.0,0.0,0.0,0.3,0.38
10.3,176.5,6.24,50.0,100,190.0,190.0,190.0,500.0,500.0,0.0,0.0,0.0,0.3,0.38
10.1,176.9,6.24,49.8,101,190.0,190.0,190.0,500.0,500.0,0.0,0.0,0.0,0.3,0.39
10.0,177.4,6.24,49.8,102,190.0,190.1,190.0,500.0,500.0,0.0,0.0,0.0,0.3,0.40
9.7,177.8,6.24,49.8,103,190.0,190.3,190.0,500.0,500.0,0.0,0.0,0.0,0.3,0.41
9.3,178.2,6.24,49.8,104,190.0,190.4,190.0,500.0,500.0,0.0,0.0,0.0,0.3,0.42
9.3,178.5,6.24,49.8,105,190.0,190.4,190.0,500.0,500.0,0.0,0.0,0.0,0.3,0.42
9.5,178.7,6.24,50.0,106,190.0,190.4,190.0,500.0,500.0,0.0,0.0,0.0,0.3,0.43
9.6,178.9,6.24,49.8,107,190.0,190.4,190.0,500.0,500.0,0.0,0.0,0.0,0.3,0.44
9.5,179.2,6.24,49.8,108,190.0,190.4,190.0,500.0,500.0,0.0,0.0,0.0,0.3,0.45
9.4,179.6,6.24,49.8,109,190.0,190.4,190.0,500.0,500.0,0.0,0.0,0.0,0.3,0.46
9.2,179.9,6.24,49.8,110,190.0,190.5,190.0,500.0,500.0,0.0,0.0,0.0,0.3,0.46
9.3,180.2,6.24,49.8,111,190.0,190.5,190.0,500.0,500.0,0.0,0.0,0.0,0.3,0.47
9.1,180.5,6.24,49.8,112,190.0,190.5,190.0,500.0,500.0,0.0,0.0,0.0,0.3,0.48
9.1,180.8,6.24,49.8,113,190.0,190.4,190.0,500.0,500.0,0.0,0.0,0.0,0.3,0.49
9.4,181.1,6.24,49.8,114,190.0,190.3,190.0,500.0,500.0,0.0,0.0,0.0,0.3,0.49
9.5,181.4,6.24,49.8,115,190.0,190.3,190.0,500.0,500.0,0.0,0.0,0.0,0.3,0.50
9.4,181.7,6.24,49.8,116,190.0,190.3,190.0,500.0,500.0,0.0,0.0,0.0,0.3,0.51
9.7,182.0,6.24,50.0,117,190.0,190.3,190.0,500.0,500.0,0.0,0.0,0.0,0.3,0.52
9.8,182.2,6.24,49.8,118,190.0,190.1,190.0,500.0,500.0,0.0,0.0,0.0,0.3,0.53
9.7,182.5,6.24,49.8,119,190.0,190.0,190.0,500.0,500.0,0.0,0.0,0.0,0.3,0.53
9.4,182.8,6.24,49.8,120,190.0,190.0,190.0,500.0,500.0,0.0,0.0,0.0,0.3,0.54
9.4,183.0,6.24,49.8,121,190.0,190.0,190.0,500.0,500.0,0.0,0.0,0.0,0.3,0.55
9.6,183.2,6.24,49.8,122,190.0,190.0,190.0,500.0,500.0,0.0,0.0,0.0,0.3,0.56
10.0,183.5,6.24,50.0,123,190.0,190.0,190.0,500.0,500.0,0.0,0.0,0.0,0.3,0.57
10.2,183.7,6.24,49.8,124,190.0,190.0,190.0,500.0,500.0,0.0,0.0,0.0,0.3,0.58
10.5,183.9,6.24,49.8,125,190.0,190.0,190.0,500.0,500.0,0.0,0.0,0.0,0.3,0.58
10.7,184.1,6.24,49.8,126,190.0,190.0,190.0,500.0,500.0,0.0,0.0,0.0,0.3,0.59
10.6,184.3,6.24,49.8,127,190.0,190.0,190.0,500.0,500.0,0.0,0.0,0.0,0.3,0.60
10.2,184.5,6.24,49.8,128,190.0,190.0,190.0,500.0,500.0,0.0,0.0,0.0,0.3,0.61
9.9,184.7,6.24,50.0,129,190.0,190.0,190.0,500.0,500.0,0.0,0.0,0.0,0.3,0.62
9.6,184.9,6.24,49.8,130,190.0,190.0,190.0,500.0,500.0,0.0,0.0,0.0,0.3,0.63
9.4,185.1,6.24,49.8,131,190.0,190.0,190.0,500.0,500.0,0.0,0.0,0.0,0.3,0.63
9.6,185.3,6.24,49.8,132,190.0,190.0,190.0,500.0,500.0,0.0,0.0,0.0,0.3,0.64
9.9,185.4,6.24,49.8,133,190.0,190.0,190.0,500.0,500.0,0.0,0.0,0.0,0.3,0.65
10.3,185.6,6.24,49.8,134,190.0,190.0,190.0,500.0,500.0,0.0,0.0,0.0,0.3,0.66
9.9,185.7,6.24,50.0,135,190.0,190.0,190.0,500.0,500.0,0.0,0.0,0.0,0.3,0.67
9.6,185.8,6.24,50.0,136,190.0,190.0,190.0,500.0,500.0,0.0,0.0,0.0,0.3,0.67
9.3,186.0,6.24,50.0,137,190.0,190.0,190.0,500.0,500.0,0.0,0.0,0.0,0.3,0.68
9.3,186.1,6.24,50.0,138,190.0,190.0,190.0,500.0,500.0,0.0,0.0,0.0,0.3,0.69
9.0,186.2,6.24,50.0,139,190.0,190.0,190.0,500.0,500.0,0.0,0.0,0.0,0.3,0.70
9.3,186.4,6.24,50.0,140,190.0,190.0,190.0,500.0,500.0,0.0,0.0,0.0,0.3,0.71
9.6,186.5,6.24,50.0,141,190.0,190.0,190.0,500.0,500.0,0.0,0.0,0.0,0.3,0.71
9.8,186.6,6.24,49.8,142,190.0,190.0,190.0,500.0,500.0,0.0,0.0,0.0,0.3,0.72
9.9,186.8,6.24,49.8,143,190.0,190.0,190.0,500.0,500.0,0.0,0.0,0.0,0.3,0.73
9.9,187.0,6.24,49.8,144,190.0,190.0,190.0,500.0,500.0,0.0,0.0,0.0,0.3,0.74
9.7,187.1,6.24,49.6,145,190.0,190.0,190.0,500.0,500.0,0.0,0.0,0.0,0.3,0.75
9.3,187.3,6.24,49.6,146,190.0,190.0,190.0,500.0,500.0,0.0,0.0,0.0,0.3,0.75
9.0,187.4,6.24,49.8,147,190.0,190.0,190.0,500.0,500.0,0.0,0.0,0.0,0.3,0.76
9.0,187.5,6.24,49.8,148,190.0,190.0,190.0,500.0,500.0,0.0,0.0,0.0,0.3,0.77
9.2,187.7,6.24,49.8,149,190.0,190.0,190.0,500.0,500.0,0.0,0.0,0.0,0.3,0.78
9.4,187.8,6.24,50.0,150,190.0,190.0,190.0,500.0,500.0,0.0,0.0,0.0,0.3,0.78
9.5,187.9,6.24,49.8,151,190.0,190.0,190.0,500.0,500.0,0.0,0.0,0.0,0.3,0.79
9.5,188.0,6.24,49.8,152,190.0,190.0,190.0,500.0,500.0,0.0,0.0,0.0,0.3,0.80
9.5,188.1,6.24,49.8,153,190.0,190.1,190.0,500.0,500.0,0.0,0.0,0.0,0.3,0.81
9.0,188.2,6.24,49.8,154,190.0,190.3,190.0,500.0,500.0,0.0,0.0,0.0,0.3,0.82
8.8,188.3,6.24,49.8,155,190.0,190.3,190.0,500.0,500.0,0.0,0.0,0.0,0.3,0.82
8.8,188.5,6.24,50.0,156,190.0,190.3,190.0,500.0,500.0,0.0,0.0,0.0,0.3,0.83
9.0,188.6,6.24,49.8,157,190.0,190.3,190.0,500.0,500.0,0.0,0.0,0.0,0.3,0.84
9.1,188.7,6.24,49.8,158,190.0,190.3,190.0,500.0,500.0,0.0,0.0,0.0,0.3,0.85
9.7,188.9,6.24,49.8,159,190.0,190.4,190.0,500.0,500.0,0.0,0.0,0.0,0.3,0.85
10.0,189.0,6.24,49.8,160,190.0,190.4,190.0,500.0,500.0,0.0,0.0,0.0,0.3,0.86
10.1,189.0,6.24,49.8,161,190.0,190.4,190.0,500.0,500.0,0.0,0.0,0.0,0.3,0.87
9.8,189.1,6.24,50.0,162,190.0,190.4,190.0,500.0,500.0,0.0,0.0,0.0,0.3,0.88
9.5,189.1,6.24,49.8,163,190.0,190.4,190.0,500.0,500.0,0.0,0.0,0.0,0.3,0.89
9.6,189.2,6.24,49.8,164,190.0,190.4,190.0,500.0,500.0,0.0,0.0,0.0,0.3,0.89
10.0,189.3,6.24,49.8,165,190.0,190.4,190.0,500.0,500.0,0.0,0.0,0.0,0.3,0.90
10.1,189.5,6.24,49.8,166,190.0,190.3,190.0,500.0,500.0,0.0,0.0,0.0,0.3,0.91
9.9,189.6,6.24,49.8,167,190.0,190.2,190.0,500.0,500.0,0.0,0.0,0.0,0.3,0.92
10.3,189.7,6.24,49.8,168,190.0,190.2,190.0,500.0,500.0,0.0,0.0,0.0,0.3,0.93
10.1,189.8,6.24,49.8,169,190.0,190.2,190.0,500.0,500.0,0.0,0.0,0.0,0.3,0.94
9.9,189.9,6.24,49.8,170,190.0,190.0,190.0,500.0,500.0,0.0,0.0,0.0,0.3,0.94
9.9,189.9,6.24,49.8,171,190.0,190.0,190.0,500.0,500.0,0.0,0.0,0.0,0.3,0.95
9.9,190.0,6.24,49.8,172,190.0,190.0,190.0,500.0,500.0,0.0,0.0,0.0,0.3,0.96
9.6,190.1,6.24,50.0,173,190.0,190.0,190.0,500.0,500.0,0.0,0.0,0.0,0.3,0.97
9.8,190.3,6.24,49.8,174,190.0,190.0,190.0,500.0,500.0,0.0,0.0,0.0,0.3,0.98
10.0,190.4,6.24,49.8,175,190.0,190.0,190.0,500.0,500.0,0.0,0.0,0.0,0.3,0.98
9.9,190.5,6.24,49.8,176,190.0,190.0,190.0,500.0,500.0,0.0,0.0,0.0,0.3,0.99
9.7,190.6,6.24,49.8,177,190.0,190.0,190.0,500.0,500.0,0.0,0.0,0.0,0.3,1.00
9.4,190.7,6.24,49.8,178,190.0,190.0,190.0,500.0,500.0,0.0,0.0,0.0,0.3,1.01
9.2,190.8,6.24,50.0,179,190.0,190.0,190.0,500.0,500.0,0.0,0.0,0.0,0.3,1.02
9.1,190.9,6.24,50.0,180,190.0,190.0,190.0,500.0,500.0,0.0,0.0,0.0,0.3,1.02
9.5,191.0,6.24,50.0,181,190.0,190.0,190.0,500.0,500.0,0.0,0.0,0.0,0.3,1.03
9.7,191.0,6.24,50.0,182,190.0,190.0,190.0,500.0,500.0,0.0,0.0,0.0,0.3,1.04
10.0,191.1,6.24,50.0,183,190.0,190.0,190.0,500.0,500.0,0.0,0.0,0.0,0.3,1.05
10.2,191.2,6.24,50.0,184,190.0,190.0,190.0,500.0,500.0,0.0,0.0,0.0,0.3,1.06
10.2,191.3,6.24,49.8,185,190.0,190.0,190.0,500.0,500.0,0.0,0.0,0.0,0.3,1.07
9.6,191.3,6.24,49.8,186,190.0,190.0,190.0,500.0,500.0,0.0,0.0,0.0,0.3,1.07
9.4,191.4,6.24,49.8,187,190.0,190.0,190.0,500.0,500.0,0.0,0.0,0.0,0.3,1.08
9.2,191.5,6.24,49.8,188,190.0,190.0,190.0,500.0,500.0,0.0,0.0,0.0,0.3,1.09
9.0,191.5,6.24,49.6,189,190.0,190.0,190.0,500.0,500.0,0.0,0.0,0.0,0.3,1.10
8.8,191.6,6.24,49.8,190,190.0,190.0,190.0,500.0,500.0,0.0,0.0,0.0,0.3,1.10
9.3,191.6,6.24,49.8,191,190.0,190.0,190.0,500.0,500.0,0.0,0.0,0.0,0.3,1.11
9.8,191.7,6.23,49.8,192,190.0,190.0,190.0,500.0,500.0,0.0,0.0,0.0,0.3,1.12
10.0,191.8,6.24,49.8,193,190.0,190.0,190.0,500.0,500.0,0.0,0.0,0.0,0.3,1.13
9.8,191.8,6.24,50.0,194,190.0,190.0,190.0,500.0,500.0,0.0,0.0,0.0,0.3,1.14
9.6,191.9,6.24,50.0,195,190.0,190.0,190.0,500.0,500.0,0.0,0.0,0.0,0.3,1.14
9.5,192.0,6.24,49.8,196,190.0,190.0,190.0,500.0,500.0,0.0,0.0,0.0,0.3,1.15
9.1,192.1,6.24,49.8,197,190.0,190.0,190.0,500.0,500.0,0.0,0.0,0.0,0.3,1.16
8.9,192.1,6.24,49.8,198,190.0,190.0,190.0,500.0,500.0,0.0,0.0,0.0,0.3,1.17
9.0,192.2,6.24,49.8,199,190.0,190.0,190.0,500.0,500.0,0.0,0.0,0.0,0.3,1.17
9.3,192.3,6.24,49.8,200,190.0,190.0,190.0,500.0,500.0,0.0,0.0,0.0,0.3,1.18
9.5,192.3,6.24,49.8,201,190.0,190.0,190.0,500.0,500.0,0.0,0.0,0.0,0.3,1.19
9.9,192.4,6.24,49.8,202,190.0,190.1,190.0,500.0,500.0,0.0,0.0,0.0,0.3,1.20
10.1,192.5,6.24,49.8,203,190.0,190.1,190.0,500.0,500.0,0.0,0.0,0.0,0.3,1.21
10.0,192.5,6.24,49.8,204,190.0,190.1,190.0,500.0,500.0,0.0,0.0,0.0,0.3,1.21
9.6,192.6,6.24,49.8,205,190.0,190.2,190.0,500.0,500.0,0.0,0.0,0.0,0.3,1.22
9.4,192.6,6.24,50.0,206,190.0,190.3,190.0,500.0,500.0,0.0,0.0,0.0,0.3,1.23
9.4,192.7,6.24,49.8,207,190.0,190.4,190.0,500.0,500.0,0.0,0.0,0.0,0.3,1.24
9.5,192.7,6.24,49.8,208,190.0,190.4,190.0,500.0,500.0,0.0,0.0,0.0,0.3,1.25
9.6,192.8,6.24,49.8,209,190.0,190.4,190.0,500.0,500.0,0.0,0.0,0.0,0.3,1.25
9.5,192.9,6.24,49.8,210,190.0,190.4,190.0,500.0,500.0,0.0,0.0,0.0,0.3,1.26
9.6,192.9,6.24,49.8,211,190.0,190.4,190.0,500.0,500.0,0.0,0.0,0.0,0.3,1.27
9.8,193.0,6.24,50.0,212,190.0,190.4,190.0,500.0,500.0,0.0,0.0,0.0,0.3,1.28
9.4,193.1,6.24,49.8,213,190.0,190.4,190.0,500.0,500.0,0.0,0.0,0.0,0.3,1.29
9.1,193.1,6.24,49.8,214,190.0,190.4,190.0,500.0,500.0,0.0,0.0,0.0,0.3,1.29
9.4,193.2,6.24,49.8,215,190.0,190.3,190.0,500.0,500.0,0.0,0.0,0.0,0.3,1.30
9.4,193.3,6.24,49.8,216,190.0,190.1,190.0,500.0,500.0,0.0,0.0,0.0,0.3,1.31
9.3,193.3,6.24,49.8,217,190.0,190.1,190.0,500.0,500.0,0.0,0.0,0.0,0.3,1.32
9.5,193.4,6.24,50.0,218,190.0,190.1,190.0,500.0,500.0,0.0,0.0,0.0,0.3,1.32
9.6,193.5,6.24,49.8,219,190.0,190.0,190.0,500.0,500.0,0.0,0.0,0.0,0.3,1.33
9.3,193.6,6.24,49.8,220,190.0,190.0,190.0,500.0,500.0,0.0,0.0,0.0,0.3,1.34
9.2,193.6,6.24,49.8,221,190.0,190.0,190.0,500.0,500.0,0.0,0.0,0.0,0.3,1.35
9.2,193.6,6.24,49.8,222,190.0,190.0,190.0,500.0,500.0,0.0,0.0,0.0,0.3,1.36
9.4,193.7,6.24,49.8,223,190.0,190.0,190.0,500.0,500.0,0.0,0.0,0.0,0.3,1.36
9.9,193.7,6.24,50.0,224,190.0,190.0,190.0,500.0,500.0,0.0,0.0,0.0,0.3,1.37
10.3,193.7,6.24,50.0,225,190.0,190.0,190.0,500.0,500.0,0.0,0.0,0.0,0.3,1.38
10.0,193.8,6.24,50.0,226,190.0,190.0,190.0,500.0,500.0,0.0,0.0,0.0,0.3,1.39
9.6,193.9,6.24,50.0,227,190.0,190.0,190.0,500.0,500.0,0.0,0.0,0.0,0.3,1.40
9.3,193.9,6.24,50.0,228,190.0,190.0,190.0,500.0,500.0,0.0,0.0,0.0,0.3,1.40
9.1,194.0,6.24,50.0,229,190.0,190.0,190.0,500.0,500.0,0.0,0.0,0.0,0.3,1.41
8.8,194.1,6.24,49.8,230,190.0,190.0,190.0,500.0,500.0,0.0,0.0,0.0,0.3,1.42
9.0,194.1,6.24,49.8,231,190.0,190.0,190.0,500.0,500.0,0.0,0.0,0.0,0.3,1.43
9.4,194.2,6.24,49.8,232,190.0,190.0,190.0,500.0,500.0,0.0,0.0,0.0,0.3,1.43
9.8,194.2,6.24,49.8,233,190.0,189.9,190.0,500.0,500.0,0.0,0.0,0.0,0.3,1.44
10.0,194.2,6.24,49.6,234,190.0,189.9,190.0,500.0,500.0,0.0,0.0,0.0,0.3,1.45
10.1,194.2,6.24,49.8,235,190.0,189.9,190.0,500.0,500.0,0.0,0.0,0.0,0.3,1.46
9.8,194.3,6.24,49.8,236,190.0,189.9,190.0,500.0,500.0,0.0,0.0,0.0,0.3,1.47
9.6,194.3,6.24,49.8,237,190.0,189.8,190.0,500.0,500.0,0.0,0.0,0.0,0.3,1.48
9.3,194.4,6.24,49.8,238,190.0,189.8,190.0,500.0,500.0,0.0,0.0,0.0,0.3,1.48
9.4,194.5,6.24,50.0,239,190.0,189.8,190.0,500.0,500.0,0.0,0.0,0.0,0.3,1.49
9.6,194.5,6.24,49.8,240,190.0,189.8,190.0,500.0,500.0,0.0,0.0,0.0,0.3,1.50
9.7,194.5,6.24,49.8,241,190.0,189.8,190.0,500.0,500.0,0.0,0.0,0.0,0.3,1.51
9.5,194.6,6.24,49.8,242,190.0,189.9,190.0,500.0,500.0,0.0,0.0,0.0,0.3,1.51
9.7,194.6,6.24,49.8,243,190.0,190.0,190.0,500.0,500.0,0.0,0.0,0.0,0.3,1.52
9.5,194.6,6.24,49.8,244,190.0,190.0,190.0,500.0,500.0,0.0,0.0,0.0,0.3,1.53
9.2,194.7,6.24,49.8,245,190.0,190.0,190.0,500.0,500.0,0.0,0.0,0.0,0.3,1.54
9.2,194.8,6.24,49.8,246,190.0,190.0,190.0,500.0,500.0,0.0,0.0,0.0,0.3,1.55
9.4,194.8,6.24,49.8,247,190.0,190.0,190.0,500.0,500.0,0.0,0.0,0.0,0.3,1.55
9.1,194.8,6.24,49.8,248,190.0,190.0,190.0,500.0,500.0,0.0,0.0,0.0,0.3,1.56
9.1,194.9,6.24,49.8,249,190.0,190.0,190.0,500.0,500.0,0.0,0.0,0.0,0.3,1.57
9.3,194.9,6.24,50.0,250,190.0,190.0,190.0,500.0,500.0,0.0,0.0,0.0,0.3,1.58
9.4,194.9,6.24,49.8,251,190.0,190.0,190.0,500.0,500.0,0.0,0.0,0.0,0.3,1.58
9.3,194.9,6.24,49.6,252,190.0,190.0,190.0,500.0,500.0,0.0,0.0,0.0,0.3,1.59
9.2,195.0,6.24,49.6,253,190.0,190.0,190.0,500.0,500.0,0.0,0.0,0.0,0.3,1.60
9.1,195.0,6.24,49.6,254,190.0,190.0,190.0,500.0,500.0,0.0,0.0,0.0,0.3,1.61
9.5,195.0,6.24,49.6,255,190.0,190.0,190.0,500.0,500.0,0.0,0.0,0.0,0.3,1.61
9.8,195.1,6.24,49.8,256,190.0,190.1,190.0,500.0,500.0,0.0,0.0,0.0,0.3,1.62
9.9,195.1,6.24,49.8,257,190.0,190.1,190.0,500.0,500.0,0.0,0.0,0.0,0.3,1.63
10.1,195.1,6.24,49.8,258,190.0,190.2,190.0,500.0,500.0,0.0,0.0,0.0,0.3,1.64
10.3,195.2,6.24,49.8,259,190.0,190.3,190.0,500.0,500.0,0.0,0.0,0.0,0.3,1.65
10.1,195.2,6.24,49.8,260,190.0,190.3,190.0,500.0,500.0,0.0,0.0,0.0,0.3,1.66
9.8,195.3,6.24,49.8,261,190.0,190.3,190.0,500.0,500.0,0.0,0.0,0.0,0.3,1.66
9.8,195.3,6.24,50.0,262,190.0,190.3,190.0,500.0,500.0,0.0,0.0,0.0,0.3,1.67
9.6,195.4,6.24,49.8,263,190.0,190.3,190.0,500.0,500.0,0.0,0.0,0.0,0.3,1.68
9.3,195.4,6.24,49.8,264,190.0,190.3,190.0,500.0,500.0,0.0,0.0,0.0,0.3,1.69
9.4,195.5,6.24,49.8,265,190.0,190.3,190.0,500.0,500.0,0.0,0.0,0.0,0.3,1.70
9.6,195.5,6.24,49.8,266,190.0,190.3,190.0,500.0,500.0,0.0,0.0,0.0,0.3,1.70
9.9,195.5,6.24,49.8,267,190.0,190.2,190.0,500.0,500.0,0.0,0.0,0.0,0.3,1.71
9.9,195.6,6.24,50.0,268,190.0,190.0,190.0,500.0,500.0,0.0,0.0,0.0,0.3,1.72
9.7,195.6,6.24,50.0,269,190.0,190.0,190.0,500.0,500.0,0.0,0.0,0.0,0.3,1.73
9.5,195.6,6.24,50.0,270,190.0,190.0,190.0,500.0,500.0,0.0,0.0,0.0,0.3,1.74
9.4,195.6,6.24,50.0,271,190.0,190.0,190.0,500.0,500.0,0.0,0.0,0.0,0.3,1.74
9.2,195.7,6.24,50.0,272,190.0,190.0,190.0,500.0,500.0,0.0,0.0,0.0,0.3,1.75
9.1,195.7,6.24,50.0,273,190.0,190.0,190.0,500.0,500.0,0.0,0.0,0.0,0.3,1.76
9.3,195.7,6.24,49.8,274,190.0,190.0,190.0,500.0,500.0,0.0,0.0,0.0,0.3,1.77
9.5,195.8,6.24,49.8,275,190.0,190.0,190.0,500.0,500.0,0.0,0.0,0.0,0.3,1.78
9.7,195.8,6.24,49.8,276,190.0,190.0,190.0,500.0,500.0,0.0,0.0,0.0,0.3,1.78
9.6,195.9,6.24,49.8,277,190.0,190.0,190.0,500.0,500.0,0.0,0.0,0.0,0.3,1.79
9.6,195.9,6.24,49.6,278,190.0,190.0,190.0,500.0,500.0,0.0,0.0,0.0,0.3,1.80
9.5,195.9,6.24,49.8,279,190.0,190.0,190.0,500.0,500.0,0.0,0.0,0.0,0.3,1.81
9.2,195.9,6.24,49.8,280,190.0,190.0,190.0,500.0,500.0,0.0,0.0,0.0,0.3,1.81
9.2,196.0,6.24,49.8,281,190.0,190.0,190.0,500.0,500.0,0.0,0.0,0.0,0.3,1.82
9.4,196.0,6.24,49.8,282,190.0,190.0,190.0,500.0,500.0,0.0,0.0,0.0,0.3,1.83
9.5,196.0,6.24,50.0,283,190.0,190.0,190.0,500.0,500.0,0.0,0.0,0.0,0.3,1.84
9.7,196.1,6.24,50.0,284,190.0,189.9,190.0,500.0,500.0,0.0,0.0,0.0,0.3,1.85
10.0,196.2,6.24,50.0,285,190.0,189.9,190.0,500.0,500.0,0.0,0.0,0.0,0.3,1.85
9.9,196.2,6.24,50.0,286,190.0,189.9,190.0,500.0,500.0,0.0,0.0,0.0,0.3,1.86
9.7,196.2,6.24,50.0,287,190.0,189.9,190.0,500.0,500.0,0.0,0.0,0.0,0.3,1.87
9.5,196.3,6.24,50.0,288,190.0,189.9,190.0,500.0,500.0,0.0,0.0,0.0,0.3,1.88
9.3,196.3,6.24,49.8,289,190.0,189.9,190.0,500.0,500.0,0.0,0.0,0.0,0.3,1.89
9.2,196.3,6.24,49.8,290,190.0,190.0,190.0,500.0,500.0,0.0,0.0,0.0,0.3,1.89
9.3,196.3,6.24,49.8,291,190.0,190.0,190.0,500.0,500.0,0.0,0.0,0.0,0.3,1.90
9.5,196.3,6.24,49.8,292,190.0,190.0,190.0,500.0,500.0,0.0,0.0,0.0,0.3,1.91
9.8,196.3,6.24,49.8,293,190.1,190.0,190.0,500.0,500.0,0.0,0.0,0.0,0.3,1.92
10.0,196.4,6.24,50.0,294,190.1,190.0,190.0,500.0,500.0,0.0,0.0,0.0,0.3,1.93
9.8,196.5,6.24,49.8,295,190.1,190.0,190.0,500.0,500.0,0.0,0.0,0.0,0.3,1.93
9.6,196.5,6.24,49.8,296,190.1,190.0,190.0,500.0,500.0,0.0,0.0,0.0,0.3,1.94
9.5,196.5,6.24,49.8,297,190.1,190.0,190.1,500.0,500.0,0.0,0.0,0.0,0.3,1.95
9.6,196.6,6.24,49.8,298,190.1,190.0,190.1,500.0,500.0,0.0,0.0,0.0,0.3,1.96
9.5,196.6,6.24,49.8,299,190.1,190.0,190.1,500.0,500.0,0.0,0.0,0.0,0.3,1.97
9.6,196.6,6.24,50.0,300,190.1,190.0,190.1,500.0,500.0,0.0,0.0,0.0,0.3,1.97
10.0,196.7,6.24,49.8,301,190.1,190.0,190.1,500.0,500.0,0.0,0.0,0.0,0.3,1.98
10.0,196.7,6.24,49.8,302,190.1,190.1,190.1,500.0,500.0,0.0,0.0,0.0,0.3,1.99
10.0,196.7,6.24,49.8,303,190.1,190.3,190.1,500.0,500.0,0.0,0.0,0.0,0.3,2.00
10.2,196.7,6.24,49.8,304,190.1,190.3,190.1,500.0,500.0,0.0,0.0,0.0,0.3,2.01
9.9,196.8,6.24,49.8,305,190.1,190.3,190.1,500.0,500.0,0.0,0.0,0.0,0.3,2.02
9.6,196.8,6.24,50.0,306,190.1,190.4,190.1,500.0,500.0,0.0,0.0,0.0,0.3,2.02
9.6,196.9,6.24,49.8,307,190.1,190.5,190.1,500.0,500.0,0.0,0.0,0.0,0.3,2.03
9.7,197.0,6.24,49.8,308,190.1,190.5,190.1,500.0,500.0,0.0,0.0,0.0,0.3,2.04
9.7,197.0,6.24,49.8,309,190.1,190.6,190.1,500.0,500.0,0.0,0.0,0.0,0.3,2.05
9.6,197.0,6.24,49.8,310,190.1,190.6,190.1,500.0,500.0,0.0,0.0,0.0,0.3,2.06
9.4,197.0,6.24,49.6,311,190.1,190.6,190.2,500.0,500.0,0.0,0.0,0.0,0.3,2.06
9.4,197.1,6.24,49.8,312,190.2,190.6,190.2,500.0,500.0,0.0,0.0,0.0,0.3,2.07
9.3,197.1,6.23,49.8,313,190.2,190.4,190.2,500.0,500.0,0.0,0.0,0.0,0.3,2.08
9.4,197.1,6.23,49.8,314,190.2,190.4,190.2,500.0,500.0,0.0,0.0,0.0,0.3,2.09
9.7,197.1,6.23,49.8,315,190.2,190.4,190.2,500.0,500.0,0.0,0.0,0.0,0.3,2.09
9.9,197.2,6.23,50.0,316,190.2,190.4,190.2,500.0,500.0,0.0,0.0,0.0,0.3,2.10
10.0,197.2,6.23,50.0,317,190.2,190.2,190.2,500.0,500.0,0.0,0.0,0.0,0.3,2.11
10.0,197.2,6.24,49.8,318,190.2,190.0,190.2,500.0,500.0,0.0,0.0,0.0,0.3,2.12
9.8,197.3,6.24,49.8,319,190.2,190.0,190.2,500.0,500.0,0.0,0.0,0.0,0.3,2.13
9.6,197.3,6.24,49.8,320,190.2,190.0,190.2,500.0,500.0,0.0,0.0,0.0,0.3,2.14
9.4,197.3,6.24,49.8,321,190.2,190.0,190.2,500.0,500.0,0.0,0.0,0.0,0.3,2.14
9.3,197.3,6.24,49.6,322,190.2,190.0,190.2,500.0,500.0,0.0,0.0,0.0,0.3,2.15
9.5,197.3,6.24,49.8,323,190.2,190.0,190.2,500.0,500.0,0.0,0.0,0.0,0.3,2.16
9.7,197.3,6.24,49.8,324,190.2,190.0,190.2,500.0,500.0,0.0,0.0,0.0,0.3,2.17
10.0,197.4,6.24,49.8,325,190.2,190.0,190.2,500.0,500.0,0.0,0.0,0.0,0.3,2.18
10.2,197.4,6.24,49.8,326,190.2,190.0,190.2,500.0,500.0,0.0,0.0,0.0,0.3,2.18
9.9,197.4,6.24,50.0,327,190.2,190.0,190.2,500.0,500.0,0.0,0.0,0.0,0.3,2.19
9.6,197.5,6.24,49.8,328,190.2,190.0,190.2,500.0,500.0,0.0,0.0,0.0,0.3,2.20
9.7,197.5,6.24,49.8,329,190.2,190.0,190.2,500.0,500.0,0.0,0.0,0.0,0.3,2.21
9.8,197.6,6.24,49.8,330,190.2,190.0,190.2,500.0,500.0,0.0,0.0,0.0,0.3,2.22
9.7,197.6,6.24,49.8,331,190.2,190.0,190.2,500.0,500.0,0.0,0.0,0.0,0.3,2.22
10.0,197.7,6.24,49.8,332,190.2,190.0,190.2,500.0,500.0,0.0,0.0,0.0,0.3,2.23
10.2,197.7,6.24,49.8,333,190.2,190.0,190.2,500.0,500.0,0.0,0.0,0.0,0.3,2.24
10.3,197.7,6.24,49.8,334,190.2,190.0,190.1,500.0,500.0,0.0,0.0,0.0,0.3,2.25
10.2,197.7,6.24,49.8,335,190.2,190.0,190.1,500.0,500.0,0.0,0.0,0.0,0.3,2.26
10.2,197.7,6.24,49.8,336,190.2,190.0,190.1,500.0,500.0,0.0,0.0,0.0,0.3,2.27
9.9,197.7,6.24,49.8,337,190.2,190.0,190.1,500.0,500.0,0.0,0.0,0.0,0.3,2.28
9.6,197.8,6.24,50.0,338,190.2,190.0,190.1,500.0,500.0,0.0,0.0,0.0,0.3,2.28
9.5,197.8,6.24,49.8,339,190.1,190.0,190.1,500.0,500.0,0.0,0.0,0.0,0.3,2.29
9.5,197.8,6.24,49.8,340,190.1,190.0,190.1,500.0,500.0,0.0,0.0,0.0,0.3,2.30
9.5,197.8,6.24,49.8,341,190.1,190.0,190.1,500.0,500.0,0.0,0.0,0.0,0.3,2.31
9.5,197.8,6.24,49.8,342,190.1,190.0,190.1,500.0,500.0,0.0,0.0,0.0,0.3,2.31
9.4,197.8,6.24,49.8,343,190.1,190.0,190.1,500.0,500.0,0.0,0.0,0.0,0.3,2.32
9.2,197.8,6.24,50.0,344,190.1,190.0,190.1,500.0,500.0,0.0,0.0,0.0,0.3,2.33
9.2,197.8,6.24,49.8,345,190.1,190.0,190.1,500.0,500.0,0.0,0.0,0.0,0.3,2.34
9.1,197.8,6.24,49.8,346,190.1,190.2,190.1,500.0,500.0,0.0,0.0,0.0,0.3,2.35
9.1,197.8,6.24,49.8,347,190.1,190.3,190.1,500.0,500.0,0.0,0.0,0.0,0.3,2.35
9.3,197.9,6.24,49.8,348,190.1,190.4,190.0,500.0,500.0,0.0,0.0,0.0,0.3,2.36
9.4,197.9,6.24,49.8,349,190.1,190.4,190.0,500.0,500.0,0.0,0.0,0.0,0.3,2.37
9.5,197.9,6.24,49.8,350,190.1,190.5,190.0,500.0,500.0,0.0,0.0,0.0,0.3,2.38
9.4,197.9,6.24,49.8,351,190.1,190.7,190.0,500.0,500.0,0.0,0.0,0.0,0.3,2.38
9.5,198.0,6.24,49.8,352,190.1,190.8,190.0,500.0,500.0,0.0,0.0,0.0,0.3,2.39
9.4,198.0,6.24,49.8,353,190.1,190.9,190.0,500.0,500.0,0.0,0.0,0.0,0.3,2.40
9.4,198.0,6.24,49.6,354,190.1,190.9,190.0,500.0,500.0,0.0,0.0,0.0,0.3,2.41
9.4,198.1,6.24,49.8,355,190.1,190.9,190.0,500.0,500.0,0.0,0.0,0.0,0.3,2.42
9.7,198.1,6.24,49.8,356,190.1,190.9,190.0,500.0,500.0,0.0,0.0,0.0,0.3,2.42
10.0,198.1,6.24,49.8,357,190.1,191.0,190.0,500.0,500.0,0.0,0.0,0.0,0.3,2.43
10.3,198.1,6.24,49.8,358,190.1,191.0,190.0,500.0,500.0,0.0,0.0,0.0,0.3,2.44
10.4,198.1,6.24,50.0,359,190.1,191.0,190.0,500.0,500.0,0.0,0.0,0.0,0.3,2.45
10.4,198.1,6.24,49.8,360,190.0,191.0,190.0,500.0,500.0,0.0,0.0,0.0,0.3,2.46
10.1,198.2,6.24,49.8,361,190.0,191.0,190.0,500.0,500.0,0.0,0.0,0.0,0.3,2.47
10.1,198.2,6.24,49.8,362,190.0,191.0,190.0,500.0,500.0,0.0,0.0,0.0,0.3,2.47
9.8,198.2,6.24,49.8,363,190.0,191.0,190.0,500.0,500.0,0.0,0.0,0.0,0.3,2.48
9.6,198.3,6.24,49.8,364,190.0,191.0,190.0,500.0,500.0,0.0,0.0,0.0,0.3,2.49
9.6,198.3,6.24,49.8,365,190.0,190.8,190.0,500.0,500.0,0.0,0.0,0.0,0.3,2.50
9.9,198.3,6.24,49.8,366,190.0,190.6,190.0,500.0,500.0,0.0,0.0,0.0,0.3,2.51
10.1,198.3,6.24,49.8,367,190.0,190.6,190.0,500.0,500.0,0.0,0.0,0.0,0.3,2.52
10.1,198.4,6.24,49.8,368,190.0,190.6,190.0,500.0,500.0,0.0,0.0,0.0,0.3,2.52
9.9,198.4,6.24,49.8,369,190.0,190.6,190.0,500.0,500.0,0.0,0.0,0.0,0.3,2.53
9.7,198.4,6.24,50.0,370,190.0,190.4,190.0,500.0,500.0,0.0,0.0,0.0,0.3,2.54
9.5,198.4,6.24,50.0,371,190.0,190.2,190.0,500.0,500.0,0.0,0.0,0.0,0.3,2.55
9.4,198.4,6.24,49.8,372,190.0,190.2,190.0,500.0,500.0,0.0,0.0,0.0,0.3,2.56
9.4,198.4,6.24,49.8,373,190.0,190.2,190.0,500.0,500.0,0.0,0.0,0.0,0.3,2.56
9.4,198.4,6.24,49.8,374,190.0,190.0,190.0,500.0,500.0,0.0,0.0,0.0,0.3,2.57
9.3,198.5,6.24,49.8,375,190.0,190.0,190.0,500.0,500.0,0.0,0.0,0.0,0.3,2.58
9.4,198.5,6.24,49.8,376,190.0,190.0,190.0,500.0,500.0,0.0,0.0,0.0,0.3,2.59
9.3,198.5,6.24,49.8,377,190.0,190.0,190.0,500.0,500.0,0.0,0.0,0.0,0.3,2.59
9.1,198.5,6.24,49.8,378,190.0,190.0,190.0,500.0,500.0,0.0,0.0,0.0,0.3,2.60
9.1,198.5,6.24,49.8,379,190.0,190.0,190.0,500.0,500.0,0.0,0.0,0.0,0.3,2.61
9.3,198.5,6.24,49.8,380,190.0,190.0,190.0,500.0,500.0,0.0,0.0,0.0,0.3,2.62
9.2,198.5,6.24,49.8,381,190.0,190.0,190.0,500.0,500.0,0.0,0.0,0.0,0.3,2.62
9.2,198.5,6.24,50.0,382,190.0,190.0,190.0,500.0,500.0,0.0,0.0,0.0,0.3,2.63
9.5,198.5,6.24,49.8,383,190.0,190.0,190.0,500.0,500.0,0.0,0.0,0.0,0.3,2.64
9.7,198.6,6.24,49.8,384,190.0,190.0,190.0,500.0,500.0,0.0,0.0,0.0,0.3,2.65
9.6,198.6,6.24,49.8,385,190.0,190.0,190.0,500.0,500.0,0.0,0.0,0.0,0.3,2.66
9.5,198.6,6.24,49.8,386,190.0,190.0,190.0,500.0,500.0,0.0,0.0,0.0,0.3,2.66
9.6,198.6,6.24,49.6,387,190.0,190.0,190.0,500.0,500.0,0.0,0.0,0.0,0.3,2.67
9.9,198.6,6.24,49.8,388,190.0,190.0,190.0,500.0,500.0,0.0,0.0,0.0,0.3,2.68
10.3,198.6,6.24,49.8,389,190.0,190.0,190.0,500.0,500.0,0.0,0.0,0.0,0.3,2.69
10.3,198.6,6.24,49.8,390,190.0,190.0,190.0,500.0,500.0,0.0,0.0,0.0,0.3,2.70
10.2,198.7,6.24,49.8,391,190.0,190.0,190.0,500.0,500.0,0.0,0.0,0.0,0.3,2.71
10.1,198.7,6.24,50.0,392,190.0,190.0,190.0,500.0,500.0,0.0,0.0,0.0,0.3,2.71
9.9,198.8,6.24,50.0,393,190.0,190.0,190.0,500.0,500.0,0.0,0.0,0.0,0.3,2.72
9.6,198.9,6.24,50.0,394,190.1,190.0,190.1,500.0,500.0,0.0,0.0,0.0,0.3,2.73
9.5,198.9,6.24,50.0,395,190.1,190.0,190.2,500.0,500.0,0.0,0.0,0.0,0.3,2.74
9.6,198.9,6.24,50.0,396,190.1,190.1,190.2,500.0,500.0,0.0,0.0,0.0,0.3,2.75
9.7,198.9,6.24,50.0,397,190.1,190.4,190.2,500.0,500.0,0.0,0.0,0.0,0.3,2.75
9.9,198.9,6.24,49.8,398,190.1,190.5,190.2,500.0,500.0,0.0,0.0,0.0,0.3,2.76
10.1,198.9,6.24,49.8,399,190.1,190.5,190.2,500.0,500.0,0.0,0.0,0.0,0.3,2.77
10.0,198.9,6.24,49.8,400,190.1,190.5,190.2,500.0,500.0,0.0,0.0,0.0,0.3,2.78
9.8,198.9,6.24,49.8,401,190.1,190.5,190.2,500.0,500.0,0.0,0.0,0.0,0.3,2.79
9.6,199.0,6.24,49.8,402,190.1,190.6,190.2,500.0,500.0,0.0,0.0,0.0,0.3,2.80
9.4,199.0,6.24,50.0,403,190.1,190.8,190.2,500.0,500.0,0.0,0.0,0.0,0.3,2.80
9.3,199.0,6.24,49.8,404,190.1,190.8,190.2,500.0,500.0,0.0,0.0,0.0,0.3,2.81
9.6,199.0,6.24,49.8,405,190.1,190.9,190.2,500.0,500.0,0.0,0.0,0.0,0.3,2.82
9.8,199.0,6.24,49.8,406,190.1,191.0,190.2,500.0,500.0,0.0,0.0,0.0,0.3,2.83
9.9,199.0,6.24,49.8,407,190.1,191.0,190.3,500.0,500.0,0.0,0.0,0.0,0.3,2.84
10.1,199.1,6.24,49.8,408,190.1,191.0,190.3,500.0,500.0,0.0,0.0,0.0,0.3,2.84
10.2,199.1,6.24,49.8,409,190.1,191.0,190.3,500.0,500.0,0.0,0.0,0.0,0.3,2.85
9.9,199.1,6.24,49.8,410,190.1,191.0,190.3,500.0,500.0,0.0,0.0,0.0,0.3,2.86
9.6,199.1,6.24,49.8,411,190.1,191.0,190.3,500.0,500.0,0.0,0.0,0.0,0.3,2.87
9.5,199.1,6.24,49.8,412,190.1,191.0,190.3,500.0,500.0,0.0,0.0,0.0,0.3,2.88
9.4,199.1,6.24,49.8,413,190.1,190.9,190.3,500.0,500.0,0.0,0.0,0.0,0.3,2.88
9.2,199.1,6.24,50.0,414,190.1,190.8,190.3,500.0,500.0,0.0,0.0,0.0,0.3,2.89
9.4,199.2,6.24,49.8,415,190.1,190.8,190.3,500.0,500.0,0.0,0.0,0.0,0.3,2.90
9.7,199.2,6.24,49.8,416,190.1,190.8,190.3,500.0,500.0,0.0,0.0,0.0,0.3,2.91
9.7,199.2,6.24,49.8,417,190.1,190.6,190.3,500.0,500.0,0.0,0.0,0.0,0.3,2.92
9.6,199.2,6.24,49.8,418,190.1,190.4,190.3,500.0,500.0,0.0,0.0,0.0,0.3,2.92
9.5,199.2,6.24,49.6,419,190.1,190.4,190.3,500.0,500.0,0.0,0.0,0.0,0.3,2.93
9.3,199.2,6.24,49.6,420,190.1,190.4,190.3,500.0,500.0,0.0,0.0,0.0,0.3,2.94
9.1,199.2,6.24,49.6,421,190.1,190.3,190.4,500.0,500.0,0.0,0.0,0.0,0.3,2.95
9.1,199.2,6.24,49.6,422,190.0,190.1,190.4,500.0,500.0,0.0,0.0,0.0,0.3,2.95
9.2,199.2,6.24,49.6,423,190.0,190.1,190.4,500.0,500.0,0.0,0.0,0.0,0.3,2.96
9.4,199.3,6.24,49.8,424,190.0,190.1,190.4,500.0,500.0,0.0,0.0,0.0,0.3,2.97
9.6,199.3,6.24,49.8,425,190.0,190.1,190.4,500.0,500.0,0.0,0.0,0.0,0.3,2.98
9.9,199.2,6.24,49.8,426,190.0,190.1,190.4,500.0,500.0,0.0,0.0,0.0,0.3,2.99
10.0,199.2,6.24,49.8,427,190.0,190.0,190.4,500.0,500.0,0.0,0.0,0.0,0.3,2.99
9.6,199.3,6.24,49.8,428,190.0,190.0,190.4,500.0,500.0,0.0,0.0,0.0,0.3,3.00
9.4,199.3,6.24,49.8,429,190.0,190.0,190.4,500.0,500.0,0.0,0.0,0.0,0.3,3.01
9.6,199.3,6.24,49.8,430,190.0,190.0,190.4,500.0,500.0,0.0,0.0,0.0,0.3,3.02
9.7,199.4,6.24,49.8,431,190.0,190.0,190.4,500.0,500.0,0.0,0.0,0.0,0.3,3.03
9.8,199.4,6.24,49.8,432,190.0,190.0,190.4,500.0,500.0,0.0,0.0,0.0,0.3,3.03
10.1,199.4,6.24,49.8,433,190.0,190.0,190.4,500.0,500.0,0.0,0.0,0.0,0.3,3.04
10.4,199.4,6.24,49.8,434,190.1,190.0,190.4,500.0,500.0,0.0,0.0,0.0,0.3,3.05
10.3,199.5,6.24,49.8,435,190.1,190.1,190.4,500.0,500.0,0.0,0.0,0.0,0.3,3.06
10.2,199.5,6.24,49.8,436,190.1,190.1,190.4,500.0,500.0,0.0,0.0,0.0,0.3,3.07
10.0,199.5,6.24,49.8,437,190.1,190.1,190.4,500.0,500.0,0.0,0.0,0.0,0.3,3.08
9.7,199.5,6.24,49.8,438,190.1,190.2,190.4,500.0,500.0,0.0,0.0,0.0,0.3,3.08
9.4,199.5,6.24,49.8,439,190.1,190.3,190.4,500.0,500.0,0.0,0.0,0.0,0.3,3.09
9.4,199.5,6.24,50.0,440,190.1,190.3,190.4,500.0,500.0,0.0,0.0,0.0,0.3,3.10
9.4,199.6,6.24,49.8,441,190.1,190.4,190.4,500.0,500.0,0.0,0.0,0.0,0.3,3.11
9.6,199.6,6.24,49.8,442,190.1,190.6,190.4,500.0,500.0,0.0,0.0,0.0,0.3,3.12
9.6,199.6,6.24,49.8,443,190.0,190.6,190.4,500.0,500.0,0.0,0.0,0.0,0.3,3.12
9.5,199.6,6.24,49.8,444,190.0,190.6,190.4,500.0,500.0,0.0,0.0,0.0,0.3,3.13
9.4,199.6,6.24,49.8,445,190.0,190.7,190.4,500.0,500.0,0.0,0.0,0.0,0.3,3.14
9.4,199.6,6.24,50.0,446,190.0,190.9,190.4,500.0,500.0,0.0,0.0,0.0,0.3,3.15
9.2,199.6,6.24,49.8,447,190.0,190.9,190.4,500.0,500.0,0.0,0.0,0.0,0.3,3.15
9.2,199.6,6.24,49.8,448,190.0,190.9,190.4,500.0,500.0,0.0,0.0,0.0,0.3,3.16
9.3,199.6,6.24,49.8,449,190.0,190.9,190.3,500.0,500.0,0.0,0.0,0.0,0.3,3.17
9.5,199.7,6.24,49.8,450,190.0,191.0,190.3,500.0,500.0,0.0,0.0,0.0,0.3,3.18
9.4,199.7,6.24,49.8,451,190.0,191.1,190.3,500.0,500.0,0.0,0.0,0.0,0.3,3.19
9.5,199.7,6.24,50.0,452,190.0,191.1,190.3,500.0,500.0,0.0,0.0,0.0,0.3,3.19
9.5,199.7,6.24,49.8,453,190.0,191.1,190.3,500.0,500.0,0.0,0.0,0.0,0.3,3.20
9.4,199.7,6.24,49.8,454,190.0,191.1,190.3,500.0,500.0,0.0,0.0,0.0,0.3,3.21
9.4,199.7,6.24,49.8,455,190.0,191.1,190.3,500.0,500.0,0.0,0.0,0.0,0.3,3.22
9.4,199.6,6.24,49.8,456,190.0,191.1,190.3,500.0,500.0,0.0,0.0,0.0,0.3,3.23
9.7,199.6,6.24,49.6,457,190.0,191.1,190.3,500.0,500.0,0.0,0.0,0.0,0.3,3.23
9.9,199.7,6.24,49.8,458,190.0,191.0,190.2,500.0,500.0,0.0,0.0,0.0,0.3,3.24
10.1,199.7,6.24,49.8,459,190.0,190.9,190.2,500.0,500.0,0.0,0.0,0.0,0.3,3.25
9.9,199.7,6.24,49.8,460,190.0,190.9,190.2,500.0,500.0,0.0,0.0,0.0,0.3,3.26
9.8,199.7,6.24,49.8,461,190.0,190.9,190.2,500.0,500.0,0.0,0.0,0.0,0.3,3.27
9.6,199.8,6.24,50.0,462,190.0,190.7,190.2,500.0,500.0,0.0,0.0,0.0,0.3,3.27
9.5,199.8,6.24,50.0,463,190.0,190.5,190.2,500.0,500.0,0.0,0.0,0.0,0.3,3.28
9.3,199.8,6.24,50.0,464,190.0,190.5,190.2,500.0,500.0,0.0,0.0,0.0,0.3,3.29
9.4,199.8,6.24,50.0,465,190.0,190.5,190.2,500.0,500.0,0.0,0.0,0.0,0.3,3.30
9.5,199.8,6.24,50.0,466,190.0,190.5,190.1,500.0,500.0,0.0,0.0,0.0,0.3,3.31
9.8,199.8,6.24,50.0,467,190.0,190.3,190.1,500.0,500.0,0.0,0.0,0.0,0.3,3.31
10.0,199.8,6.24,49.8,468,190.0,190.0,190.1,500.0,500.0,0.0,0.0,0.0,0.3,3.32
10.2,199.8,6.24,49.8,469,190.0,190.0,190.1,500.0,500.0,0.0,0.0,0.0,0.3,3.33
10.1,199.8,6.24,49.8,470,190.0,190.0,190.1,500.0,500.0,0.0,0.0,0.0,0.3,3.34
9.9,199.8,6.24,49.8,471,190.0,190.0,190.1,500.0,500.0,0.0,0.0,0.0,0.3,3.35
9.7,199.8,6.24,49.8,472,190.0,190.0,190.0,500.0,500.0,0.0,0.0,0.0,0.3,3.36
9.6,199.8,6.24,50.0,473,190.0,190.0,190.0,500.0,500.0,0.0,0.0,0.0,0.3,3.36
9.6,199.8,6.24,49.8,474,190.0,190.0,190.0,500.0,500.0,0.0,0.0,0.0,0.3,3.37
9.5,199.8,6.24,49.8,475,190.0,190.0,190.0,500.0,500.0,0.0,0.0,0.0,0.3,3.38
9.7,199.8,6.24,49.8,476,190.0,190.0,190.0,500.0,500.0,0.0,0.0,0.0,0.3,3.39
9.8,199.8,6.24,49.8,477,190.0,190.0,190.0,500.0,500.0,0.0,0.0,0.0,0.3,3.40
10.0,199.8,6.24,49.8,478,190.0,190.0,190.0,500.0,500.0,0.0,0.0,0.0,0.3,3.40
9.8,199.8,6.24,49.8,479,190.0,190.0,190.0,500.0,500.0,0.0,0.0,0.0,0.3,3.41
9.9,199.8,6.24,49.8,480,190.0,190.0,190.0,500.0,500.0,0.0,0.0,0.0,0.3,3.42
9.7,199.8,6.24,49.8,481,190.0,190.0,190.0,500.0,500.0,0.0,0.0,0.0,0.3,3.43
9.6,199.8,6.24,49.8,482,190.0,190.0,190.0,500.0,500.0,0.0,0.0,0.0,0.3,3.44
9.4,199.9,6.24,49.8,483,190.0,190.0,190.0,500.0,500.0,0.0,0.0,0.0,0.3,3.44
9.5,199.9,6.24,50.0,484,190.0,190.0,190.0,500.0,500.0,0.0,0.0,0.0,0.3,3.45
9.5,199.9,6.24,49.8,485,190.0,190.0,190.0,500.0,500.0,0.0,0.0,0.0,0.3,3.46
9.3,199.8,6.24,49.8,486,190.0,190.0,190.0,500.0,500.0,0.0,0.0,0.0,0.3,3.47
9.3,199.8,6.24,49.8,487,190.0,190.0,190.0,500.0,500.0,0.0,0.0,0.0,0.3,3.47
9.2,199.8,6.24,49.6,488,190.0,190.0,190.0,500.0,500.0,0.0,0.0,0.0,0.3,3.48
9.3,199.8,6.24,49.6,489,190.0,190.0,190.0,500.0,500.0,0.0,0.0,0.0,0.3,3.49
9.7,199.8,6.24,49.8,490,190.0,190.0,190.0,500.0,500.0,0.0,0.0,0.0,0.3,3.50
9.9,199.9,6.24,49.8,491,190.0,190.0,190.0,500.0,500.0,0.0,0.0,0.0,0.3,3.51
10.0,199.9,6.24,49.8,492,190.0,190.0,190.0,500.0,500.0,0.0,0.0,0.0,0.3,3.51
10.1,199.9,6.24,50.0,493,190.0,190.0,190.0,500.0,500.0,0.0,0.0,0.0,0.3,3.52
9.9,199.9,6.24,50.0,494,190.0,190.1,190.0,500.0,500.0,0.0,0.0,0.0,0.3,3.53
9.6,199.9,6.24,50.0,495,190.0,190.1,190.0,500.0,500.0,0.0,0.0,0.0,0.3,3.54
9.5,199.9,6.24,50.0,496,190.0,190.1,190.0,500.0,500.0,0.0,0.0,0.0,0.3,3.55
9.3,199.9,6.24,50.0,497,190.0,190.2,190.0,500.0,500.0,0.0,0.0,0.0,0.3,3.56
9.2,199.9,6.24,50.0,498,190.0,190.4,190.0,500.0,500.0,0.0,0.0,0.0,0.3,3.56
9.4,199.9,6.24,49.8,499,190.0,190.4,190.0,500.0,500.0,0.0,0.0,0.0,0.3,3.57
9.7,199.9,6.24,49.8,500,190.0,190.4,190.0,500.0,500.0,0.0,0.0,0.0,0.3,3.58
10.0,199.9,6.24,49.8,501,190.0,190.5,190.0,500.0,500.0,0.0,0.0,0.0,0.3,3.59
10.1,199.9,6.24,49.8,502,190.0,190.6,190.0,500.0,500.0,0.0,0.0,0.0,0.3,3.60
9.8,199.9,6.24,49.8,503,190.0,190.6,190.0,500.0,500.0,0.0,0.0,0.0,0.3,3.60
9.8,199.9,6.24,50.0,504,190.0,190.6,190.0,500.0,500.0,0.0,0.0,0.0,0.3,3.61
9.6,199.9,6.24,49.8,505,190.0,190.6,190.0,500.0,500.0,0.0,0.0,0.0,0.3,3.62
9.4,199.9,6.24,49.8,506,190.0,190.6,190.0,500.0,500.0,0.0,0.0,0.0,0.3,3.63
9.3,199.9,6.24,49.8,507,190.0,190.6,190.0,500.0,500.0,0.0,0.0,0.0,0.3,3.64
9.4,199.9,6.24,49.8,508,190.0,190.6,190.0,500.0,500.0,0.0,0.0,0.0,0.3,3.64
9.6,199.9,6.23,49.8,509,190.0,190.6,190.0,500.0,500.0,0.0,0.0,0.0,0.3,3.65
9.8,199.9,6.23,50.0,510,190.0,190.5,190.0,500.0,500.0,0.0,0.0,0.0,0.3,3.66
9.9,199.9,6.23,49.8,511,190.0,190.5,190.0,500.0,500.0,0.0,0.0,0.0,0.3,3.67
10.0,199.9,6.23,49.8,512,190.0,190.4,190.0,500.0,500.0,0.0,0.0,0.0,0.3,3.68
9.9,199.9,6.23,49.8,513,190.0,190.4,190.0,500.0,500.0,0.0,0.0,0.0,0.3,3.68
9.7,200.0,6.24,49.8,514,190.0,190.2,190.0,500.0,500.0,0.0,0.0,0.0,0.3,3.69
9.5,200.0,6.24,49.8,515,190.0,190.0,190.0,500.0,500.0,0.0,0.0,0.0,0.3,3.70
9.5,200.0,6.24,50.0,516,190.0,190.0,190.0,500.0,500.0,0.0,0.0,0.0,0.3,3.71
9.5,200.0,6.24,49.8,517,190.0,190.0,190.0,500.0,500.0,0.0,0.0,0.0,0.3,3.72
9.4,200.0,6.24,49.8,518,190.0,190.0,190.0,500.0,500.0,0.0,0.0,0.0,0.3,3.72
9.5,200.0,6.24,49.8,519,190.0,190.0,190.0,500.0,500.0,0.0,0.0,0.0,0.3,3.73
9.7,200.0,6.24,49.8,520,190.0,190.0,190.0,500.0,500.0,0.0,0.0,0.0,0.3,3.74
9.4,200.0,6.24,49.8,521,190.0,190.0,190.0,500.0,500.0,0.0,0.0,0.0,0.3,3.75
9.1,200.0,6.25,49.8,522,190.0,190.0,190.0,500.0,500.0,0.0,0.0,0.0,0.3,3.75
9.3,200.0,6.25,49.8,523,190.0,190.0,190.0,500.0,500.0,0.0,0.0,0.0,0.3,3.76
9.3,200.0,6.25,49.8,524,190.0,190.0,190.0,500.0,500.0,0.0,0.0,0.0,0.3,3.77
9.2,200.0,6.24,49.8,525,190.0,190.0,190.0,500.0,500.0,0.0,0.0,0.0,0.3,3.78
9.3,200.0,6.24,49.8,526,190.0,190.0,190.0,500.0,500.0,0.0,0.0,0.0,0.3,3.79
9.6,200.0,6.24,50.0,527,190.0,190.0,190.0,500.0,500.0,0.0,0.0,0.0,0.3,3.79
9.7,200.0,6.24,50.0,528,190.0,190.0,190.0,500.0,500.0,0.0,0.0,0.0,0.3,3.80
9.5,200.0,6.24,50.0,529,190.0,190.0,190.0,500.0,500.0,0.0,0.0,0.0,0.3,3.81
9.4,200.0,6.24,50.0,530,190.0,190.0,190.0,500.0,500.0,0.0,0.0,0.0,0.3,3.82
9.6,200.0,6.24,50.0,531,190.0,190.0,190.0,500.0,500.0,0.0,0.0,0.0,0.3,3.83
9.9,200.0,6.24,49.8,532,190.0,190.0,190.0,500.0,500.0,0.0,0.0,0.0,0.3,3.83
10.1,200.0,6.24,49.8,533,190.0,190.0,190.0,500.0,500.0,0.0,0.0,0.0,0.3,3.84
10.1,200.0,6.24,49.8,534,190.0,190.0,190.0,500.0,500.0,0.0,0.0,0.0,0.3,3.85
10.2,200.0,6.24,49.8,535,190.0,190.0,190.0,500.0,500.0,0.0,0.0,0.0,0.3,3.86
10.1,200.0,6.24,49.8,536,190.0,190.0,190.0,500.0,500.0,0.0,0.0,0.0,0.3,3.87
9.9,200.0,6.24,50.0,537,190.0,190.0,190.0,500.0,500.0,0.0,0.0,0.0,0.3,3.88
9.7,200.0,6.24,49.8,538,190.0,190.0,190.0,500.0,500.0,0.0,0.0,0.0,0.3,3.88
9.6,200.1,6.24,49.8,539,190.0,190.0,190.0,500.0,500.0,0.0,0.0,0.0,0.3,3.89
9.4,200.1,6.24,49.8,540,190.0,190.1,190.0,500.0,500.0,0.0,0.0,0.0,0.3,3.90
9.5,200.1,6.24,49.8,541,190.0,190.2,190.0,500.0,500.0,0.0,0.0,0.0,0.3,3.91
9.6,200.1,6.24,49.8,542,190.0,190.2,190.0,500.0,500.0,0.0,0.0,0.0,0.3,3.91
9.5,200.1,6.24,49.8,543,190.0,190.2,190.0,500.0,500.0,0.0,0.0,0.0,0.3,3.92
9.4,200.1,6.24,49.8,544,190.0,190.2,190.0,500.0,500.0,0.0,0.0,0.0,0.3,3.93
9.4,200.1,6.24,49.8,545,190.0,190.3,190.0,500.0,500.0,0.0,0.0,0.0,0.3,3.94
9.3,200.1,6.24,49.8,546,190.0,190.5,190.0,500.0,500.0,0.0,0.0,0.0,0.3,3.95
9.2,200.1,6.24,49.8,547,190.0,190.6,190.0,500.0,500.0,0.0,0.0,0.0,0.3,3.95
9.4,200.1,6.24,50.0,548,190.0,190.6,190.0,500.0,500.0,0.0,0.0,0.0,0.3,3.96
9.5,200.1,6.24,49.8,549,190.0,190.7,190.0,500.0,500.0,0.0,0.0,0.0,0.3,3.97
9.6,200.1,6.24,49.8,550,190.0,190.8,190.0,500.0,500.0,0.0,0.0,0.0,0.3,3.98
9.8,200.1,6.24,49.8,551,190.0,190.8,190.0,500.0,500.0,0.0,0.0,0.0,0.3,3.99
9.8,200.1,6.24,49.8,552,190.0,190.8,190.0,500.0,500.0,0.0,0.0,0.0,0.3,3.99
9.6,200.1,6.24,49.8,553,190.0,190.8,190.0,500.0,500.0,0.0,0.0,0.0,0.3,4.00
9.5,200.1,6.24,49.8,554,190.0,190.8,190.0,500.0,500.0,0.0,0.0,0.0,0.3,4.01
9.5,200.1,6.24,49.8,555,190.0,190.8,190.0,500.0,500.0,0.0,0.0,0.0,0.3,4.02
9.3,200.1,6.24,49.8,556,190.0,190.8,190.0,500.0,500.0,0.0,0.0,0.0,0.3,4.03
9.4,200.2,6.24,49.8,557,190.0,190.8,190.0,500.0,500.0,0.0,0.0,0.0,0.3,4.03
9.6,200.2,6.24,49.8,558,190.0,190.7,190.0,500.0,500.0,0.0,0.0,0.0,0.3,4.04
9.8,200.2,6.24,50.0,559,190.0,190.5,190.0,500.0,500.0,0.0,0.0,0.0,0.3,4.05
9.9,200.2,6.24,49.8,560,190.0,190.5,190.0,500.0,500.0,0.0,0.0,0.0,0.3,4.06
9.8,200.2,6.24,49.8,561,190.0,190.5,190.0,500.0,500.0,0.0,0.0,0.0,0.3,4.07
9.6,200.2,6.24,49.8,562,190.0,190.5,190.0,500.0,500.0,0.0,0.0,0.0,0.3,4.07
9.6,200.2,6.24,49.8,563,190.0,190.3,190.0,500.0,500.0,0.0,0.0,0.0,0.3,4.08
9.7,200.2,6.24,49.6,564,190.0,190.1,190.0,500.0,500.0,0.0,0.0,0.0,0.3,4.09
9.7,200.2,6.24,49.8,565,190.0,190.1,190.0,500.0,500.0,0.0,0.0,0.0,0.3,4.10
9.8,200.2,6.24,49.6,566,190.0,190.1,190.0,500.0,500.0,0.0,0.0,0.0,0.3,4.11
10.0,200.2,6.24,49.6,567,190.0,190.0,190.0,500.0,500.0,0.0,0.0,0.0,0.3,4.11
10.1,200.2,6.24,49.6,568,190.0,190.0,190.0,500.0,500.0,0.0,0.0,0.0,0.3,4.12
10.1,200.2,6.24,49.8,569,190.0,190.0,190.0,500.0,500.0,0.0,0.0,0.0,0.3,4.13
10.1,200.2,6.24,49.6,570,190.0,190.0,190.0,500.0,500.0,0.0,0.0,0.0,0.3,4.14
9.9,200.2,6.24,49.8,571,190.0,190.0,190.0,500.0,500.0,0.0,0.0,0.0,0.3,4.15
9.7,200.2,6.24,49.8,572,190.0,190.0,190.0,500.0,500.0,0.0,0.0,0.0,0.3,4.16
9.6,200.2,6.24,49.8,573,190.0,190.0,190.0,500.0,500.0,0.0,0.0,0.0,0.3,4.16
9.6,200.2,6.24,49.8,574,190.0,190.0,190.0,500.0,500.0,0.0,0.0,0.0,0.3,4.17
9.7,200.1,6.24,49.8,575,190.0,190.0,190.0,500.0,500.0,0.0,0.0,0.0,0.3,4.18
9.7,200.1,6.24,49.8,576,190.0,190.0,190.0,500.0,500.0,0.0,0.0,0.0,0.3,4.19
9.6,200.2,6.24,49.8,577,190.0,190.0,190.0,500.0,500.0,0.0,0.0,0.0,0.3,4.20
9.6,200.2,6.24,49.8,578,190.0,190.0,190.0,500.0,500.0,0.0,0.0,0.0,0.3,4.20
9.7,200.2,6.24,49.8,579,190.0,190.0,190.0,500.0,500.0,0.0,0.0,0.0,0.3,4.21
9.6,200.2,6.24,50.0,580,190.0,190.0,190.0,500.0,500.0,0.0,0.0,0.0,0.3,4.22
9.6,200.2,6.24,49.8,581,190.0,190.0,190.0,500.0,500.0,0.0,0.0,0.0,0.3,4.23
9.8,200.2,6.24,49.8,582,190.0,190.0,190.0,500.0,500.0,0.0,0.0,0.0,0.3,4.24
9.7,200.2,6.24,49.8,583,190.0,190.0,190.0,500.0,500.0,0.0,0.0,0.0,0.3,4.24
9.7,200.2,6.24,49.8,584,190.0,190.0,190.0,500.0,500.0,0.0,0.0,0.0,0.3,4.25
9.5,200.2,6.24,49.8,585,190.0,190.0,190.0,500.0,500.0,0.0,0.0,0.0,0.3,4.26
9.5,200.2,6.24,50.0,586,190.0,190.0,190.0,500.0,500.0,0.0,0.0,0.0,0.3,4.27
9.3,200.2,6.24,49.8,587,190.0,190.0,190.0,500.0,500.0,0.0,0.0,0.0,0.3,4.27
9.3,200.1,6.24,49.8,588,190.0,190.1,190.0,500.0,500.0,0.0,0.0,0.0,0.3,4.28
9.2,200.1,6.24,49.8,589,190.0,190.2,190.0,500.0,500.0,0.0,0.0,0.0,0.3,4.29
9.3,200.1,6.24,49.8,590,190.0,190.2,190.0,500.0,500.0,0.0,0.0,0.0,0.3,4.30
9.6,200.1,6.24,49.8,591,190.0,190.2,190.0,500.0,500.0,0.0,0.0,0.0,0.3,4.31
9.8,200.1,6.24,49.8,592,190.0,190.3,190.0,500.0,500.0,0.0,0.0,0.0,0.3,4.31
9.9,200.2,6.24,49.8,593,190.0,190.5,190.0,500.0,500.0,0.0,0.0,0.0,0.3,4.32
10.0,200.2,6.24,49.8,594,190.0,190.6,190.0,500.0,500.0,0.0,0.0,0.0,0.3,4.33
9.9,200.2,6.24,49.8,595,190.0,190.7,190.0,500.0,500.0,0.0,0.0,0.0,0.3,4.34
9.6,200.2,6.24,49.8,596,190.0,190.7,190.0,500.0,500.0,0.0,0.0,0.0,0.3,4.35
9.5,200.2,6.24,50.0,597,190.0,190.7,190.0,500.0,500.0,0.0,0.0,0.0,0.3,4.35
9.3,200.2,6.24,49.8,598,190.0,190.8,190.0,500.0,500.0,0.0,0.0,0.0,0.3,4.36
9.3,200.2,6.24,49.8,599,190.0,190.8,190.0,500.0,500.0,0.0,0.0,0.0,0.3,4.37
9.6,200.2,6.24,49.8,600,190.0,190.9,190.0,500.0,500.0,0.0,0.0,0.0,0.3,4.38
9.9,200.2,6.24,49.8,601,190.0,190.9,190.0,500.0,500.0,0.0,0.0,0.0,0.3,4.39
10.1,200.2,6.24,49.6,602,190.0,190.9,190.0,500.0,500.0,0.0,0.0,0.0,0.3,4.39
10.2,200.2,6.24,49.8,603,190.0,190.9,190.0,500.0,500.0,0.0,0.0,0.0,0.3,4.40
9.9,200.2,6.24,49.8,604,190.0,190.9,190.0,500.0,500.0,0.0,0.0,0.0,0.3,4.41
9.7,200.2,6.24,49.8,605,190.0,190.8,190.0,500.0,500.0,0.0,0.0,0.0,0.3,4.42
9.6,200.2,6.24,49.8,606,190.0,190.7,190.0,500.0,500.0,0.0,0.0,0.0,0.3,4.43
9.4,200.2,6.24,50.0,607,190.0,190.7,190.0,500.0,500.0,0.0,0.0,0.0,0.3,4.43
9.2,200.2,6.24,50.0,608,190.0,190.7,190.0,500.0,500.0,0.0,0.0,0.0,0.3,4.44
9.5,200.2,6.24,49.8,609,190.0,190.5,190.0,500.0,500.0,0.0,0.0,0.0,0.3,4.45
9.5,200.2,6.24,49.8,610,190.0,190.3,190.0,500.0,500.0,0.0,0.0,0.0,0.3,4.46
9.8,200.1,6.24,49.8,611,190.0,190.3,190.0,500.0,500.0,0.0,0.0,0.0,0.3,4.47
10.0,200.1,6.24,49.8,612,190.0,190.3,190.0,500.0,500.0,0.0,0.0,0.0,0.3,4.47
9.8,200.2,6.24,49.6,613,190.0,190.3,190.0,500.0,500.0,0.0,0.0,0.0,0.3,4.48
9.6,200.2,6.24,49.8,614,190.0,190.1,190.0,500.0,500.0,0.0,0.0,0.0,0.3,4.49
9.5,200.2,6.24,49.8,615,190.0,190.0,190.0,500.0,500.0,0.0,0.0,0.0,0.3,4.50
9.4,200.2,6.24,49.8,616,190.0,190.0,190.0,500.0,500.0,0.0,0.0,0.0,0.3,4.51
9.4,200.2,6.24,49.8,617,190.0,190.0,190.0,500.0,500.0,0.0,0.0,0.0,0.3,4.51
9.5,200.2,6.24,50.0,618,190.0,190.0,190.0,500.0,500.0,0.0,0.0,0.0,0.3,4.52
9.5,200.2,6.24,49.8,619,190.0,190.0,190.0,500.0,500.0,0.0,0.0,0.0,0.3,4.53
9.7,200.2,6.24,49.8,620,190.0,190.0,190.0,500.0,500.0,0.0,0.0,0.0,0.3,4.54
9.8,200.2,6.24,49.8,621,190.0,190.0,190.0,500.0,500.0,0.0,0.0,0.0,0.3,4.55
9.9,200.2,6.24,49.8,622,190.0,190.0,190.0,500.0,500.0,0.0,0.0,0.0,0.3,4.55
9.7,200.3,6.24,49.8,623,190.0,190.0,190.0,500.0,500.0,0.0,0.0,0.0,0.3,4.56
