扭矩,料温,压力,转速,时间,温度1,温度2,温度3,温度4,温度5,温度6,温度7,温度8,顶栓,能量
1.1,192.6,6.20,0.2,0,190.0,190.0,190.0,500.0,500.0,0.0,0.0,0.0,0.2,0.00
3.2,192.6,6.20,4.6,1,190.0,190.0,190.0,500.0,500.0,0.0,0.0,0.0,0.2,0.00
5.3,192.5,6.20,10.4,2,190.0,190.0,190.0,500.0,500.0,0.0,0.0,0.0,0.3,0.00
7.4,192.6,6.20,16.4,3,190.0,190.0,190.0,500.0,500.0,0.0,0.0,0.0,0.3,0.00
9.6,192.6,6.20,22.2,4,190.0,190.0,190.0,500.0,500.0,0.0,0.0,0.0,0.3,0.01
12.1,192.7,6.20,28.0,5,190.0,190.0,190.0,500.0,500.0,0.0,0.0,0.0,0.3,0.01
12.2,192.7,6.19,29.6,6,190.0,190.0,190.0,500.0,500.0,0.0,0.0,0.0,0.3,0.02
12.3,192.8,6.19,29.8,7,190.0,190.0,190.0,500.0,500.0,0.0,0.0,0.0,0.3,0.02
12.3,192.8,6.19,29.6,8,190.0,190.0,190.0,500.0,500.0,0.0,0.0,0.0,0.3,0.03
12.4,192.9,6.19,29.6,9,190.0,190.0,190.0,500.0,500.0,0.0,0.0,0.0,0.3,0.04
12.4,193.0,6.20,29.6,10,190.0,190.0,190.0,500.0,500.0,0.0,0.0,0.0,0.3,0.04
12.4,193.1,6.20,29.6,11,190.0,190.0,190.0,500.0,500.0,0.0,0.0,0.0,0.3,0.05
12.5,193.2,6.20,29.6,12,190.0,190.0,190.0,500.0,500.0,0.0,0.0,0.0,0.3,0.06
12.5,193.2,6.20,29.6,13,190.0,190.0,190.0,500.0,500.0,0.0,0.0,0.0,0.3,0.06
12.5,193.3,6.20,29.6,14,190.0,190.0,190.0,500.0,500.0,0.0,0.0,0.0,0.3,0.07
12.6,193.4,6.20,29.6,15,190.0,190.0,190.0,500.0,500.0,0.0,0.0,0.0,0.3,0.07
12.7,193.4,6.20,29.6,16,190.0,190.0,190.0,500.0,500.0,0.0,0.0,0.0,0.3,0.08
12.7,193.5,6.20,29.6,17,190.0,190.0,190.0,500.0,500.0,0.0,0.0,0.0,0.3,0.09
12.8,193.5,6.20,29.6,18,190.0,190.0,190.0,500.0,500.0,0.0,0.0,0.0,0.3,0.09
12.9,193.6,6.20,29.8,19,190.0,190.0,190.0,500.0,500.0,0.0,0.0,0.0,0.3,0.10
12.9,193.7,6.19,29.8,20,190.0,190.0,190.0,500.0,500.0,0.0,0.0,0.0,0.3,0.11
13.1,193.7,6.19,29.8,21,190.0,190.0,190.0,500.0,500.0,0.0,0.0,0.0,0.3,0.11
13.1,193.7,6.19,29.6,22,190.0,190.0,190.0,500.0,500.0,0.0,0.0,0.0,0.3,0.12
13.2,193.8,6.19,29.8,23,190.0,190.0,190.0,500.0,500.0,0.0,0.0,0.0,0.3,0.12
13.1,193.9,6.19,29.8,24,190.0,190.0,190.0,500.0,500.0,0.0,0.0,0.0,0.3,0.13
13.3,193.9,6.19,29.8,25,190.0,190.0,190.0,500.0,500.0,0.0,0.0,0.0,0.3,0.14
13.2,193.9,6.20,29.8,26,190.0,190.0,190.0,500.0,500.0,0.0,0.0,0.0,0.3,0.14
13.3,194.0,6.20,30.0,27,190.0,190.0,190.0,500.0,500.0,0.0,0.0,0.0,0.3,0.15
13.2,194.1,6.20,29.8,28,190.0,190.0,190.0,500.0,500.0,0.0,0.0,0.0,0.3,0.16
13.3,194.1,6.20,29.8,29,190.0,190.0,190.0,500.0,500.0,0.0,0.0,0.0,0.3,0.16
13.3,194.2,6.20,29.8,30,190.0,190.0,190.0,500.0,500.0,0.0,0.0,0.0,0.3,0.17
13.4,194.2,6.20,29.8,31,190.0,190.0,190.0,500.0,500.0,0.0,0.0,0.0,0.3,0.18
13.3,194.2,6.20,29.6,32,190.0,190.0,190.0,500.0,500.0,0.0,0.0,0.0,0.3,0.18
13.5,194.3,6.19,29.8,33,190.0,190.0,190.0,500.0,500.0,0.0,0.0,0.0,0.3,0.19
13.4,194.4,6.19,29.8,34,190.0,190.0,190.0,500.0,500.0,0.0,0.0,0.0,0.3,0.20
13.5,194.4,6.19,29.8,35,190.0,190.0,190.0,500.0,500.0,0.0,0.0,0.0,0.3,0.20
13.4,194.4,6.19,29.6,36,190.0,190.0,190.0,500.0,500.0,0.0,0.0,0.0,0.3,0.21
13.5,194.5,6.19,29.8,37,190.0,190.0,190.0,500.0,500.0,0.0,0.0,0.0,0.3,0.22
13.5,194.5,6.19,29.8,38,190.0,190.0,190.0,500.0,500.0,0.0,0.0,0.0,0.3,0.22
13.6,194.5,6.19,29.6,39,190.0,190.0,190.0,500.0,500.0,0.0,0.0,0.0,0.3,0.23
13.6,194.6,6.19,29.6,40,190.0,190.0,190.0,500.0,500.0,0.0,0.0,0.0,0.3,0.24
13.7,194.6,6.19,29.8,41,190.0,190.0,190.0,500.0,500.0,0.0,0.0,0.0,0.3,0.24
13.7,194.6,6.20,29.8,42,190.0,190.0,190.0,500.0,500.0,0.0,0.0,0.0,0.3,0.25
13.7,194.7,6.20,29.8,43,190.0,190.0,190.0,500.0,500.0,0.0,0.0,0.0,0.3,0.26
13.6,194.7,6.20,29.8,44,190.0,190.0,190.0,500.0,500.0,0.0,0.0,0.0,0.3,0.26
13.6,194.8,6.20,29.8,45,190.0,190.0,190.0,500.0,500.0,0.0,0.0,0.0,0.3,0.27
13.5,194.8,6.20,29.8,46,190.0,190.0,190.0,500.0,500.0,0.0,0.0,0.0,0.3,0.28
13.5,194.8,6.19,29.8,47,190.0,190.0,190.0,500.0,500.0,0.0,0.0,0.0,0.3,0.28
13.6,194.9,6.19,29.8,48,190.0,190.0,190.0,500.0,500.0,0.0,0.0,0.0,0.3,0.29
13.6,194.9,6.20,29.8,49,190.0,190.0,190.0,500.0,500.0,0.0,0.0,0.0,0.3,0.30
13.7,194.9,6.20,29.8,50,190.0,190.0,190.0,500.0,500.0,0.0,0.0,0.0,0.3,0.31
13.6,194.9,6.20,29.8,51,190.0,190.0,190.0,500.0,500.0,0.0,0.0,0.0,0.3,0.31
13.7,194.9,6.20,29.8,52,190.0,190.0,190.0,500.0,500.0,0.0,0.0,0.0,0.3,0.32
13.6,195.0,6.20,29.6,53,190.0,190.0,190.0,500.0,500.0,0.0,0.0,0.0,0.3,0.33
13.7,195.0,6.20,29.8,54,190.0,190.0,190.0,500.0,500.0,0.0,0.0,0.0,0.3,0.33
13.7,195.0,6.20,29.8,55,190.0,190.0,190.0,500.0,500.0,0.0,0.0,0.0,0.3,0.34
13.7,195.0,6.20,29.8,56,190.0,190.0,190.0,500.0,500.0,0.0,0.0,0.0,0.3,0.35
13.7,195.1,6.20,29.6,57,190.0,190.0,190.0,500.0,500.0,0.0,0.0,0.0,0.3,0.35
13.7,195.1,6.19,29.6,58,190.0,190.0,190.0,500.0,500.0,0.0,0.0,0.0,0.3,0.36
13.6,195.1,6.19,29.6,59,190.0,190.0,190.0,500.0,500.0,0.0,0.0,0.0,0.3,0.37
13.7,195.2,6.19,29.6,60,190.0,190.0,190.0,500.0,500.0,0.0,0.0,0.0,0.3,0.37
13.7,195.2,6.19,29.6,61,190.0,190.0,190.0,500.0,500.0,0.0,0.0,0.0,0.3,0.38
13.7,195.2,6.19,29.6,62,190.0,190.0,190.0,500.0,500.0,0.0,0.0,0.0,0.3,0.39
13.7,195.2,6.20,29.8,63,190.0,190.0,190.0,500.0,500.0,0.0,0.0,0.0,0.3,0.39
13.7,195.2,6.20,29.8,64,190.0,190.0,190.0,500.0,500.0,0.0,0.0,0.0,0.3,0.40
13.7,195.2,6.20,29.8,65,190.0,190.0,190.0,500.0,500.0,0.0,0.0,0.0,0.3,0.41
13.7,195.3,6.20,29.8,66,190.0,190.0,190.0,500.0,500.0,0.0,0.0,0.0,0.3,0.41
13.6,195.3,6.20,30.0,67,190.0,190.0,190.0,500.0,500.0,0.0,0.0,0.0,0.3,0.42
13.6,195.3,6.20,30.0,68,190.0,190.0,190.0,500.0,500.0,0.0,0.0,0.0,0.3,0.43
13.5,195.3,6.20,29.8,69,190.0,190.0,190.0,500.0,500.0,0.0,0.0,0.0,0.3,0.43
13.5,195.4,6.20,29.8,70,190.0,190.0,190.0,500.0,500.0,0.0,0.0,0.0,0.3,0.44
13.5,195.4,6.20,29.8,71,190.0,190.0,190.0,500.0,500.0,0.0,0.0,0.0,0.3,0.45
13.5,195.4,6.19,29.8,72,190.0,190.0,190.0,500.0,500.0,0.0,0.0,0.0,0.3,0.45
13.5,195.4,6.19,29.8,73,190.0,190.0,190.0,500.0,500.0,0.0,0.0,0.0,0.3,0.46
13.5,195.5,6.19,30.0,74,190.0,190.0,190.0,500.0,500.0,0.0,0.0,0.0,0.3,0.47
13.5,195.5,6.19,29.8,75,190.0,190.0,190.0,500.0,500.0,0.0,0.0,0.0,0.3,0.47
13.5,195.5,6.19,29.8,76,190.0,190.0,190.0,500.0,500.0,0.0,0.0,0.0,0.3,0.48
13.5,195.5,6.19,29.8,77,190.0,190.0,190.0,500.0,500.0,0.0,0.0,0.0,0.3,0.49
13.4,195.5,6.19,29.8,78,190.0,190.0,190.0,500.0,500.0,0.0,0.0,0.0,0.3,0.49
13.4,195.6,6.19,29.6,79,190.0,190.0,190.0,500.0,500.0,0.0,0.0,0.0,0.3,0.50
13.4,195.6,6.20,29.8,80,190.0,190.0,190.0,500.0,500.0,0.0,0.0,0.0,0.3,0.51
13.4,195.6,6.20,29.8,81,190.0,190.0,190.0,500.0,500.0,0.0,0.0,0.0,0.3,0.51
13.3,195.6,6.20,29.8,82,190.0,190.0,190.0,500.0,500.0,0.0,0.0,0.0,0.3,0.52
13.4,195.6,6.20,29.6,83,190.0,190.0,190.0,500.0,500.0,0.0,0.0,0.0,0.3,0.53
13.4,195.7,6.20,29.8,84,190.0,190.0,190.0,500.0,500.0,0.0,0.0,0.0,0.3,0.53
13.4,195.7,6.20,29.8,85,190.0,190.0,190.0,500.0,500.0,0.0,0.0,0.0,0.3,0.54
13.5,195.7,6.19,29.8,86,190.0,190.0,190.0,500.0,500.0,0.0,0.0,0.0,0.3,0.55
13.5,195.7,6.19,29.6,87,190.0,190.0,190.0,500.0,500.0,0.0,0.0,0.0,0.3,0.55
13.4,195.7,6.19,29.8,88,190.0,190.0,190.0,500.0,500.0,0.0,0.0,0.0,0.3,0.56
13.4,195.8,6.20,29.8,89,190.0,190.0,190.0,500.0,500.0,0.0,0.0,0.0,0.3,0.57
13.4,195.8,6.19,29.8,90,190.0,190.0,190.0,500.0,500.0,0.0,0.0,0.0,0.3,0.57
13.4,195.8,6.19,29.6,91,190.0,190.0,190.0,500.0,500.0,0.0,0.0,0.0,0.3,0.58
13.3,195.8,6.20,29.8,92,190.0,190.0,190.0,500.0,500.0,0.0,0.0,0.0,0.3,0.59
13.4,195.8,6.19,29.8,93,190.0,190.0,190.0,500.0,500.0,0.0,0.0,0.0,0.3,0.59
13.3,195.8,6.19,29.8,94,190.0,190.0,190.0,500.0,500.0,0.0,0.0,0.0,0.3,0.60
13.4,195.8,6.19,29.6,95,190.0,190.0,190.0,500.0,500.0,0.0,0.0,0.0,0.3,0.61
13.3,195.8,6.19,29.8,96,190.0,190.0,190.0,500.0,500.0,0.0,0.0,0.0,0.3,0.61
13.4,195.9,6.19,29.8,97,190.0,190.0,190.0,500.0,500.0,0.0,0.0,0.0,0.3,0.62
13.3,195.9,6.19,29.8,98,190.0,190.0,190.0,500.0,500.0,0.0,0.0,0.0,0.3,0.63
13.3,195.9,6.19,29.8,99,190.0,190.0,190.0,500.0,500.0,0.0,0.0,0.0,0.3,0.63
13.2,195.9,6.20,30.0,100,190.0,190.0,190.0,500.0,500.0,0.0,0.0,0.0,0.3,0.64
13.3,195.9,6.20,29.8,101,190.0,190.0,190.0,500.0,500.0,0.0,0.0,0.0,0.3,0.65
13.2,195.9,6.20,29.8,102,190.0,190.0,190.0,500.0,500.0,0.0,0.0,0.0,0.3,0.65
13.3,195.9,6.20,29.8,103,190.0,190.0,190.0,500.0,500.0,0.0,0.0,0.0,0.3,0.66
13.2,196.0,6.20,29.8,104,190.0,190.0,190.0,500.0,500.0,0.0,0.0,0.0,0.3,0.67
13.3,196.0,6.20,29.6,105,190.0,190.0,190.0,500.0,500.0,0.0,0.0,0.0,0.3,0.67
13.2,196.0,6.20,29.8,106,190.0,190.0,190.0,500.0,500.0,0.0,0.0,0.0,0.3,0.68
13.3,196.0,6.20,29.8,107,190.0,190.0,190.0,500.0,500.0,0.0,0.0,0.0,0.3,0.69
13.2,196.0,6.19,29.8,108,190.0,190.0,190.0,500.0,500.0,0.0,0.0,0.0,0.3,0.69
13.2,196.0,6.19,29.6,109,190.0,190.0,190.0,500.0,500.0,0.0,0.0,0.0,0.3,0.70
13.1,196.0,6.19,29.8,110,190.0,190.0,190.0,500.0,500.0,0.0,0.0,0.0,0.3,0.71
13.1,196.0,6.19,29.8,111,190.0,190.0,190.0,500.0,500.0,0.0,0.0,0.0,0.3,0.71
13.0,196.0,6.20,29.8,112,190.0,190.0,190.0,500.0,500.0,0.0,0.0,0.0,0.3,0.72
13.1,196.1,6.20,29.6,113,190.0,190.0,190.0,500.0,500.0,0.0,0.0,0.0,0.3,0.73
13.0,196.1,6.20,29.8,114,190.0,190.0,190.0,500.0,500.0,0.0,0.0,0.0,0.3,0.73
13.0,196.1,6.20,29.8,115,190.0,190.0,190.0,500.0,500.0,0.0,0.0,0.0,0.3,0.74
13.0,196.1,6.20,29.8,116,190.0,190.0,190.0,500.0,500.0,0.0,0.0,0.0,0.3,0.74
13.1,196.2,6.20,29.8,117,190.0,190.0,190.0,500.0,500.0,0.0,0.0,0.0,0.3,0.75
13.1,196.2,6.20,30.0,118,190.0,190.0,190.0,500.0,500.0,0.0,0.0,0.0,0.3,0.76
13.1,196.2,6.20,30.0,119,190.0,190.0,190.0,500.0,500.0,0.0,0.0,0.0,0.3,0.76
13.2,196.2,6.20,30.0,120,190.0,190.0,190.0,500.0,500.0,0.0,0.0,0.0,0.3,0.77
13.1,196.2,6.20,29.8,121,190.0,190.0,190.0,500.0,500.0,0.0,0.0,0.0,0.3,0.78
13.1,196.2,6.20,29.8,122,190.0,190.0,190.0,500.0,500.0,0.0,0.0,0.0,0.3,0.78
13.0,196.3,6.20,29.8,123,190.0,190.0,190.0,500.0,500.0,0.0,0.0,0.0,0.3,0.79
13.0,196.3,6.20,29.8,124,190.0,190.0,190.0,500.0,500.0,0.0,0.0,0.0,0.3,0.80
13.0,196.3,6.20,29.8,125,190.0,190.0,190.0,500.0,500.0,0.0,0.0,0.0,0.3,0.80
13.1,196.3,6.20,30.0,126,190.0,190.0,190.0,500.0,500.0,0.0,0.0,0.0,0.3,0.81
13.1,196.3,6.19,29.8,127,190.0,190.0,190.0,500.0,500.0,0.0,0.0,0.0,0.3,0.82
13.1,196.3,6.20,29.8,128,190.0,190.0,190.0,500.0,500.0,0.0,0.0,0.0,0.3,0.82
13.1,196.3,6.19,29.8,129,190.0,190.0,190.0,500.0,500.0,0.0,0.0,0.0,0.3,0.83
13.1,196.3,6.19,29.8,130,190.0,190.0,190.0,500.0,500.0,0.0,0.0,0.0,0.3,0.84
13.0,196.3,6.19,29.6,131,190.0,190.0,190.0,500.0,500.0,0.0,0.0,0.0,0.3,0.84
13.0,196.3,6.19,29.8,132,190.0,190.0,190.0,500.0,500.0,0.0,0.0,0.0,0.3,0.85
13.0,196.4,6.19,29.8,133,190.0,190.0,190.0,500.0,500.0,0.0,0.0,0.0,0.3,0.86
13.0,196.4,6.20,29.8,134,190.0,190.0,190.0,500.0,500.0,0.0,0.0,0.0,0.3,0.86
13.1,196.4,6.20,29.6,135,190.0,190.0,190.0,500.0,500.0,0.0,0.0,0.0,0.3,0.87
13.1,196.4,6.20,29.8,136,190.0,190.0,190.0,500.0,500.0,0.0,0.0,0.0,0.3,0.87
13.1,196.4,6.20,29.8,137,190.0,190.0,190.0,500.0,500.0,0.0,0.0,0.0,0.3,0.88
13.1,196.4,6.20,29.8,138,190.0,190.0,190.0,500.0,500.0,0.0,0.0,0.0,0.3,0.89
13.0,196.4,6.20,29.6,139,190.0,190.0,190.0,500.0,500.0,0.0,0.0,0.0,0.3,0.89
13.0,196.4,6.20,29.8,140,190.0,190.0,190.0,500.0,500.0,0.0,0.0,0.0,0.3,0.90
13.0,196.4,6.20,29.8,141,190.0,190.0,190.0,500.0,500.0,0.0,0.0,0.0,0.3,0.91
13.1,196.4,6.20,29.8,142,190.0,190.0,190.0,500.0,500.0,0.0,0.0,0.0,0.3,0.91
13.0,196.5,6.20,29.6,143,190.0,190.0,190.0,500.0,500.0,0.0,0.0,0.0,0.3,0.92
13.0,196.5,6.20,29.8,144,190.0,190.0,190.0,500.0,500.0,0.0,0.0,0.0,0.3,0.93
13.0,196.5,6.20,29.8,145,190.0,190.0,190.0,500.0,500.0,0.0,0.0,0.0,0.3,0.93
13.0,196.5,6.20,29.8,146,190.0,190.0,190.0,500.0,500.0,0.0,0.0,0.0,0.3,0.94
13.0,196.5,6.19,29.6,147,190.0,190.0,190.0,500.0,500.0,0.0,0.0,0.0,0.3,0.95
13.1,196.5,6.19,30.0,148,190.0,190.0,190.0,500.0,500.0,0.0,0.0,0.0,0.3,0.95
13.1,196.5,6.19,29.8,149,190.0,190.0,190.0,500.0,500.0,0.0,0.0,0.0,0.3,0.96
13.0,196.5,6.20,29.8,150,190.0,190.0,190.0,500.0,500.0,0.0,0.0,0.0,0.3,0.97
13.0,196.5,6.20,29.8,151,190.0,190.0,190.0,500.0,500.0,0.0,0.0,0.0,0.3,0.97
12.9,196.5,6.20,30.0,152,190.0,190.0,190.0,500.0,500.0,0.0,0.0,0.0,0.3,0.98
12.9,196.5,6.20,29.6,153,190.0,190.0,190.0,500.0,500.0,0.0,0.0,0.0,0.3,0.98
12.9,196.5,6.20,29.8,154,190.0,190.0,190.0,500.0,500.0,0.0,0.0,0.0,0.3,0.99
12.9,196.5,6.20,29.8,155,190.0,190.0,190.0,500.0,500.0,0.0,0.0,0.0,0.3,1.00
12.8,196.6,6.20,29.8,156,190.0,190.0,190.0,500.0,500.0,0.0,0.0,0.0,0.3,1.00
12.8,196.6,6.20,29.6,157,190.0,190.0,190.0,500.0,500.0,0.0,0.0,0.0,0.3,1.01
12.8,196.6,6.20,29.8,158,190.0,190.0,190.0,500.0,500.0,0.0,0.0,0.0,0.3,1.02
12.9,196.6,6.20,29.8,159,190.0,190.0,190.0,500.0,500.0,0.0,0.0,0.0,0.3,1.02
12.9,196.6,6.20,29.8,160,190.0,190.0,190.0,500.0,500.0,0.0,0.0,0.0,0.3,1.03
13.0,196.6,6.20,29.6,161,190.0,190.0,190.0,500.0,500.0,0.0,0.0,0.0,0.3,1.04
12.9,196.6,6.20,29.8,162,190.0,190.0,190.0,500.0,500.0,0.0,0.0,0.0,0.3,1.04
13.0,196.6,6.20,29.8,163,190.0,190.0,190.0,500.0,500.0,0.0,0.0,0.0,0.3,1.05
12.9,196.6,6.20,29.8,164,190.0,190.0,190.0,500.0,500.0,0.0,0.0,0.0,0.3,1.05
12.9,196.6,6.20,29.6,165,190.0,190.0,190.0,500.0,500.0,0.0,0.0,0.0,0.3,1.06
12.8,196.6,6.20,29.8,166,190.0,190.0,190.0,500.0,500.0,0.0,0.0,0.0,0.3,1.07
12.8,196.6,6.20,29.8,167,190.0,190.0,190.0,500.0,500.0,0.0,0.0,0.0,0.3,1.07
12.8,196.6,6.19,29.8,168,190.0,190.0,190.0,500.0,500.0,0.0,0.0,0.0,0.3,1.08
12.8,196.6,6.19,29.6,169,190.0,190.0,190.0,500.0,500.0,0.0,0.0,0.0,0.3,1.09
12.9,196.6,6.19,29.6,170,190.0,190.0,190.0,500.0,500.0,0.0,0.0,0.0,0.3,1.09
12.9,196.6,6.19,29.6,171,190.0,190.0,190.0,500.0,500.0,0.0,0.0,0.0,0.3,1.10
12.9,196.6,6.19,29.6,172,190.0,190.0,190.0,500.0,500.0,0.0,0.0,0.0,0.3,1.11
12.9,196.6,6.19,29.6,173,190.0,190.0,190.0,500.0,500.0,0.0,0.0,0.0,0.3,1.11
12.8,196.7,6.19,29.8,174,190.0,190.0,190.0,500.0,500.0,0.0,0.0,0.0,0.3,1.12
12.8,196.7,6.20,29.8,175,190.0,190.0,190.0,500.0,500.0,0.0,0.0,0.0,0.3,1.12
12.8,196.8,6.20,29.8,176,190.0,190.0,190.0,500.0,500.0,0.0,0.0,0.0,0.3,1.13
12.8,196.8,6.20,29.8,177,190.0,190.0,190.0,500.0,500.0,0.0,0.0,0.0,0.3,1.14
12.8,196.8,6.20,29.8,178,190.0,190.0,190.0,500.0,500.0,0.0,0.0,0.0,0.3,1.14
12.8,196.8,6.20,29.6,179,190.0,190.0,190.0,500.0,500.0,0.0,0.0,0.0,0.3,1.15
12.9,196.8,6.20,29.8,180,190.0,190.0,190.0,500.0,500.0,0.0,0.0,0.0,0.3,1.16
12.8,196.8,6.20,29.8,181,190.0,190.0,190.0,500.0,500.0,0.0,0.0,0.0,0.3,1.16
12.9,196.8,6.20,29.8,182,190.0,190.0,190.0,500.0,500.0,0.0,0.0,0.0,0.3,1.17
12.9,196.8,6.20,29.6,183,190.0,190.0,190.0,500.0,500.0,0.0,0.0,0.0,0.3,1.18
12.9,196.8,6.20,29.8,184,190.0,190.0,190.0,500.0,500.0,0.0,0.0,0.0,0.3,1.18
12.9,196.8,6.20,29.8,185,190.0,190.0,190.0,500.0,500.0,0.0,0.0,0.0,0.3,1.19
12.9,196.8,6.20,29.8,186,190.0,190.0,190.0,500.0,500.0,0.0,0.0,0.0,0.3,1.19
12.8,196.8,6.20,29.6,187,190.0,190.0,190.0,500.0,500.0,0.0,0.0,0.0,0.3,1.20
12.9,196.8,6.20,29.8,188,190.0,190.0,190.0,500.0,500.0,0.0,0.0,0.0,0.3,1.21
12.9,196.8,6.20,29.8,189,190.0,190.0,190.0,500.0,500.0,0.0,0.0,0.0,0.3,1.21
13.0,196.8,6.20,29.8,190,190.0,190.0,190.0,500.0,500.0,0.0,0.0,0.0,0.3,1.22
12.9,196.8,6.20,29.6,191,190.0,190.0,190.0,500.0,500.0,0.0,0.0,0.0,0.3,1.23
13.0,196.9,6.20,29.8,192,190.0,190.0,190.0,500.0,500.0,0.0,0.0,0.0,0.3,1.23
12.9,196.9,6.20,29.8,193,190.0,190.0,190.0,500.0,500.0,0.0,0.0,0.0,0.3,1.24
13.0,196.9,6.19,29.8,194,190.0,190.0,190.0,500.0,500.0,0.0,0.0,0.0,0.3,1.25
12.9,196.9,6.19,29.8,195,190.0,190.0,190.0,500.0,500.0,0.0,0.0,0.0,0.3,1.25
13.0,196.9,6.20,29.8,196,190.0,190.0,190.0,500.0,500.0,0.0,0.0,0.0,0.3,1.26
12.9,196.9,6.20,29.8,197,190.0,190.0,190.0,500.0,500.0,0.0,0.0,0.0,0.3,1.27
12.9,196.9,6.20,29.8,198,190.0,190.0,190.0,500.0,500.0,0.0,0.0,0.0,0.3,1.27
12.9,196.9,6.20,29.8,199,190.0,190.0,190.0,500.0,500.0,0.0,0.0,0.0,0.3,1.28
12.9,196.9,6.20,29.6,200,190.0,190.0,190.0,500.0,500.0,0.0,0.0,0.0,0.3,1.28
12.8,196.9,6.20,29.8,201,190.0,190.0,190.0,500.0,500.0,0.0,0.0,0.0,0.3,1.29
12.9,196.9,6.20,29.8,202,190.0,190.0,190.0,500.0,500.0,0.0,0.0,0.0,0.3,1.30
12.8,196.9,6.20,29.8,203,190.0,190.0,190.0,500.0,500.0,0.0,0.0,0.0,0.3,1.30
12.8,196.9,6.20,29.8,204,190.0,190.0,190.0,500.0,500.0,0.0,0.0,0.0,0.3,1.31
12.8,196.9,6.19,29.8,205,190.0,190.0,190.0,500.0,500.0,0.0,0.0,0.0,0.3,1.32
12.8,196.9,6.19,29.8,206,190.0,190.0,190.0,500.0,500.0,0.0,0.0,0.0,0.3,1.32
12.7,196.9,6.19,29.8,207,190.0,190.0,190.0,500.0,500.0,0.0,0.0,0.0,0.3,1.33
12.8,196.9,6.19,29.8,208,190.0,190.0,190.0,500.0,500.0,0.0,0.0,0.0,0.3,1.34
12.7,197.0,6.19,29.6,209,190.0,190.0,190.0,500.0,500.0,0.0,0.0,0.0,0.3,1.34
12.8,197.0,6.19,29.8,210,190.0,190.0,190.0,500.0,500.0,0.0,0.0,0.0,0.3,1.35
12.8,196.9,6.19,29.8,211,190.0,190.0,190.0,500.0,500.0,0.0,0.0,0.0,0.3,1.35
12.8,196.9,6.20,29.8,212,190.0,190.0,190.0,500.0,500.0,0.0,0.0,0.0,0.3,1.36
12.7,196.9,6.20,29.8,213,190.0,190.0,190.0,500.0,500.0,0.0,0.0,0.0,0.3,1.37
12.8,197.0,6.20,29.8,214,190.0,190.0,190.0,500.0,500.0,0.0,0.0,0.0,0.3,1.37
12.8,197.0,6.20,29.8,215,190.0,190.0,190.0,500.0,500.0,0.0,0.0,0.0,0.3,1.38
12.8,197.0,6.20,29.8,216,190.0,190.0,190.0,500.0,500.0,0.0,0.0,0.0,0.3,1.39
12.8,197.0,6.20,29.8,217,190.0,190.0,190.0,500.0,500.0,0.0,0.0,0.0,0.3,1.39
12.9,197.0,6.20,29.6,218,190.0,190.0,190.0,500.0,500.0,0.0,0.0,0.0,0.3,1.40
12.8,197.0,6.20,29.8,219,190.0,190.0,190.0,500.0,500.0,0.0,0.0,0.0,0.3,1.40
12.8,197.0,6.20,29.8,220,190.0,190.0,190.0,500.0,500.0,0.0,0.0,0.0,0.3,1.41
12.8,197.0,6.20,29.8,221,190.0,190.0,190.0,500.0,500.0,0.0,0.0,0.0,0.3,1.42
12.8,197.0,6.20,29.6,222,190.0,190.0,190.0,500.0,500.0,0.0,0.0,0.0,0.3,1.42
12.8,197.0,6.20,29.8,223,190.0,190.0,190.0,500.0,500.0,0.0,0.0,0.0,0.3,1.43
12.8,197.0,6.20,29.8,224,190.0,190.0,190.0,500.0,500.0,0.0,0.0,0.0,0.3,1.44
12.8,197.0,6.20,29.8,225,190.0,190.0,190.0,500.0,500.0,0.0,0.0,0.0,0.3,1.44
12.8,197.0,6.19,29.6,226,190.0,190.0,190.0,500.0,500.0,0.0,0.0,0.0,0.3,1.45
12.9,197.0,6.19,29.8,227,190.0,190.0,190.0,500.0,500.0,0.0,0.0,0.0,0.3,1.46
12.9,197.0,6.19,29.8,228,190.0,190.0,190.0,500.0,500.0,0.0,0.0,0.0,0.3,1.46
12.9,197.0,6.19,29.8,229,190.0,190.0,190.0,500.0,500.0,0.0,0.0,0.0,0.3,1.47
12.8,197.0,6.19,29.6,230,190.0,190.0,190.0,500.0,500.0,0.0,0.0,0.0,0.3,1.47
12.8,197.0,6.20,29.8,231,190.0,190.0,190.0,500.0,500.0,0.0,0.0,0.0,0.3,1.48
12.7,197.0,6.19,29.8,232,190.0,190.0,190.0,500.0,500.0,0.0,0.0,0.0,0.3,1.49
12.7,197.0,6.20,29.8,233,190.0,190.0,190.0,500.0,500.0,0.0,0.0,0.0,0.3,1.49
12.7,197.0,6.20,29.6,234,190.0,190.0,190.0,500.0,500.0,0.0,0.0,0.0,0.3,1.50
12.7,197.0,6.20,29.6,235,190.0,190.0,190.0,500.0,500.0,0.0,0.0,0.0,0.3,1.51
12.7,197.0,6.20,29.6,236,190.0,190.0,190.0,500.0,500.0,0.0,0.0,0.0,0.3,1.51
12.8,197.0,6.20,29.6,237,190.0,190.0,190.0,500.0,500.0,0.0,0.0,0.0,0.3,1.52
12.8,197.0,6.20,29.6,238,190.0,190.0,190.0,500.0,500.0,0.0,0.0,0.0,0.3,1.53
12.8,197.0,6.20,29.8,239,190.0,190.0,190.0,500.0,500.0,0.0,0.0,0.0,0.3,1.53
12.7,197.0,6.19,29.8,240,190.0,190.0,190.0,500.0,500.0,0.0,0.0,0.0,0.3,1.54
12.7,197.0,6.20,29.8,241,190.0,190.0,190.0,500.0,500.0,0.0,0.0,0.0,0.3,1.54
12.7,197.0,6.20,29.8,242,190.0,190.0,190.0,500.0,500.0,0.0,0.0,0.0,0.3,1.55
12.6,197.0,6.20,29.8,243,190.0,190.0,190.0,500.0,500.0,0.0,0.0,0.0,0.3,1.56
12.7,197.0,6.20,29.6,244,190.0,190.0,190.0,500.0,500.0,0.0,0.0,0.0,0.3,1.56
12.7,197.0,6.20,29.8,245,190.0,190.0,190.0,500.0,500.0,0.0,0.0,0.0,0.3,1.57
12.7,197.0,6.20,29.8,246,190.0,190.0,190.0,500.0,500.0,0.0,0.0,0.0,0.3,1.58
12.7,197.0,6.20,29.8,247,190.0,190.0,190.0,500.0,500.0,0.0,0.0,0.0,0.3,1.58
12.7,197.0,6.20,29.6,248,190.0,190.0,190.0,500.0,500.0,0.0,0.0,0.0,0.3,1.59
12.7,197.0,6.20,29.8,249,190.0,190.0,190.0,500.0,500.0,0.0,0.0,0.0,0.3,1.59
12.7,197.0,6.20,29.8,250,190.0,190.0,190.0,500.0,500.0,0.0,0.0,0.0,0.3,1.60
12.7,197.0,6.20,29.8,251,190.0,190.0,190.0,500.0,500.0,0.0,0.0,0.0,0.3,1.61
12.7,197.1,6.20,29.8,252,190.0,190.0,190.0,500.0,500.0,0.0,0.0,0.0,0.3,1.61
12.7,197.1,6.19,30.0,253,190.0,190.0,190.0,500.0,500.0,0.0,0.0,0.0,0.3,1.62
12.8,197.2,6.19,30.0,254,190.0,190.0,190.0,500.0,500.0,0.0,0.0,0.0,0.3,1.63
12.7,197.2,6.20,30.0,255,190.0,190.0,190.0,500.0,500.0,0.0,0.0,0.0,0.3,1.63
12.8,197.2,6.20,30.0,256,190.0,190.0,190.0,500.0,500.0,0.0,0.0,0.0,0.3,1.64
12.7,197.2,6.20,30.2,257,190.0,190.0,190.0,500.0,500.0,0.0,0.0,0.0,0.3,1.65
12.8,197.2,6.20,30.0,258,190.0,190.0,190.0,500.0,500.0,0.0,0.0,0.0,0.3,1.65
12.7,197.2,6.20,30.0,259,190.0,190.0,190.0,500.0,500.0,0.0,0.0,0.0,0.3,1.66
12.8,197.2,6.20,30.0,260,190.0,190.0,190.0,500.0,500.0,0.0,0.0,0.0,0.3,1.66
12.7,197.2,6.20,30.0,261,190.0,190.0,190.0,500.0,500.0,0.0,0.0,0.0,0.3,1.67
12.7,197.2,6.20,29.6,262,190.0,190.0,190.0,500.0,500.0,0.0,0.0,0.0,0.3,1.68
12.6,197.1,6.20,29.8,263,190.0,190.0,190.0,500.0,500.0,0.0,0.0,0.0,0.3,1.68
12.7,197.1,6.20,29.8,264,190.0,190.0,190.0,500.0,500.0,0.0,0.0,0.0,0.3,1.69
12.6,197.1,6.20,29.8,265,190.0,190.0,190.0,500.0,500.0,0.0,0.0,0.0,0.3,1.70
12.7,197.1,6.20,29.6,266,190.0,190.0,190.0,500.0,500.0,0.0,0.0,0.0,0.3,1.70
12.6,197.2,6.20,29.8,267,190.0,190.0,190.0,500.0,500.0,0.0,0.0,0.0,0.3,1.71
12.7,197.2,6.20,29.8,268,190.0,190.0,190.0,500.0,500.0,0.0,0.0,0.0,0.3,1.71
12.6,197.2,6.20,29.8,269,190.0,190.0,190.0,500.0,500.0,0.0,0.0,0.0,0.3,1.72
12.7,197.2,6.20,29.6,270,190.0,190.0,190.0,500.0,500.0,0.0,0.0,0.0,0.3,1.73
12.6,197.2,6.20,29.8,271,190.0,190.0,190.0,500.0,500.0,0.0,0.0,0.0,0.3,1.73
12.6,197.2,6.20,29.8,272,190.0,190.0,190.0,500.0,500.0,0.0,0.0,0.0,0.3,1.74
12.5,197.2,6.20,29.8,273,190.0,190.0,190.0,500.0,500.0,0.0,0.0,0.0,0.3,1.75
12.6,197.2,6.20,29.6,274,190.0,190.0,190.0,500.0,500.0,0.0,0.0,0.0,0.3,1.75
12.5,197.2,6.20,29.8,275,190.0,190.0,190.0,500.0,500.0,0.0,0.0,0.0,0.3,1.76
12.6,197.2,6.20,29.6,276,190.0,190.0,190.0,500.0,500.0,0.0,0.0,0.0,0.3,1.76
12.5,197.2,6.19,29.6,277,190.0,190.0,190.0,500.0,500.0,0.0,0.0,0.0,0.3,1.77
12.6,197.2,6.19,29.6,278,190.0,190.0,190.0,500.0,500.0,0.0,0.0,0.0,0.3,1.78
12.6,197.2,6.20,29.8,279,190.0,190.0,190.0,500.0,500.0,0.0,0.0,0.0,0.3,1.78
12.7,197.2,6.19,29.6,280,190.0,190.0,190.0,500.0,500.0,0.0,0.0,0.0,0.3,1.79
12.6,197.2,6.19,29.8,281,190.0,190.0,190.0,500.0,500.0,0.0,0.0,0.0,0.3,1.80
12.6,197.2,6.19,29.8,282,190.0,190.0,190.0,500.0,500.0,0.0,0.0,0.0,0.3,1.80
12.5,197.2,6.20,29.8,283,190.0,190.0,190.0,500.0,500.0,0.0,0.0,0.0,0.3,1.81
12.5,197.2,6.20,29.6,284,190.0,190.0,190.0,500.0,500.0,0.0,0.0,0.0,0.3,1.81
12.5,197.2,6.20,29.8,285,190.0,190.0,190.0,500.0,500.0,0.0,0.0,0.0,0.3,1.82
12.5,197.2,6.20,29.8,286,190.0,190.0,190.0,500.0,500.0,0.0,0.0,0.0,0.3,1.83
12.5,197.2,6.20,29.8,287,190.0,190.0,190.0,500.0,500.0,0.0,0.0,0.0,0.3,1.83
12.5,197.2,6.20,29.6,288,190.0,190.0,190.0,500.0,500.0,0.0,0.0,0.0,0.3,1.84
12.5,197.2,6.20,29.8,289,190.0,190.0,190.0,500.0,500.0,0.0,0.0,0.0,0.3,1.85
12.6,197.2,6.20,29.8,290,190.0,190.0,190.0,500.0,500.0,0.0,0.0,0.0,0.3,1.85
12.6,197.2,6.20,29.8,291,190.0,190.0,190.0,500.0,500.0,0.0,0.0,0.0,0.3,1.86
12.6,197.2,6.20,29.6,292,190.0,190.0,190.0,500.0,500.0,0.0,0.0,0.0,0.3,1.86
12.6,197.2,6.20,29.8,293,190.0,190.0,190.0,500.0,500.0,0.0,0.0,0.0,0.3,1.87
12.6,197.2,6.19,29.8,294,190.0,190.0,190.0,500.0,500.0,0.0,0.0,0.0,0.3,1.88
12.6,197.2,6.20,29.8,295,190.0,190.0,190.0,500.0,500.0,0.0,0.0,0.0,0.3,1.88
12.6,197.2,6.20,29.6,296,190.0,190.0,190.0,500.0,500.0,0.0,0.0,0.0,0.3,1.89
12.6,197.2,6.20,29.8,297,190.0,190.0,190.0,500.0,500.0,0.0,0.0,0.0,0.3,1.90
12.5,197.2,6.20,29.8,298,190.0,190.0,190.0,500.0,500.0,0.0,0.0,0.0,0.3,1.90
12.6,197.2,6.20,29.8,299,190.0,190.0,190.0,500.0,500.0,0.0,0.0,0.0,0.3,1.91
12.6,197.2,6.20,29.8,300,190.0,190.0,190.0,500.0,500.0,0.0,0.0,0.0,0.3,1.91
12.6,197.2,6.19,30.0,301,190.0,190.0,190.0,500.0,500.0,0.0,0.0,0.0,0.3,1.92
12.6,197.2,6.19,30.0,302,190.0,190.0,190.0,500.0,500.0,0.0,0.0,0.0,0.3,1.93
12.7,197.2,6.20,30.0,303,190.0,190.0,190.0,500.0,500.0,0.0,0.0,0.0,0.3,1.93
12.7,197.2,6.20,30.0,304,190.0,190.0,190.0,500.0,500.0,0.0,0.0,0.0,0.3,1.94
12.7,197.2,6.20,30.0,305,190.0,190.0,190.0,500.0,500.0,0.0,0.0,0.0,0.3,1.95
12.6,197.2,6.20,29.8,306,190.0,190.0,190.0,500.0,500.0,0.0,0.0,0.0,0.3,1.95
12.7,197.2,6.20,29.8,307,190.0,190.0,190.0,500.0,500.0,0.0,0.0,0.0,0.3,1.96
12.6,197.2,6.20,29.8,308,190.0,190.0,190.0,500.0,500.0,0.0,0.0,0.0,0.3,1.96
12.6,197.2,6.20,29.8,309,190.0,190.0,190.0,500.0,500.0,0.0,0.0,0.0,0.3,1.97
12.7,197.2,6.20,29.6,310,190.0,190.0,190.0,500.0,500.0,0.0,0.0,0.0,0.3,1.98
12.7,197.2,6.20,29.8,311,190.0,190.0,190.0,500.0,500.0,0.0,0.0,0.0,0.3,1.98
12.7,197.2,6.20,29.8,312,190.0,190.0,190.0,500.0,500.0,0.0,0.0,0.0,0.3,1.99
12.7,197.2,6.20,29.8,313,190.0,190.0,190.0,500.0,500.0,0.0,0.0,0.0,0.3,2.00
12.7,197.2,6.20,29.6,314,190.0,190.0,190.0,500.0,500.0,0.0,0.0,0.0,0.3,2.00
12.7,197.2,6.20,29.8,315,190.0,190.0,190.0,500.0,500.0,0.0,0.0,0.0,0.3,2.01
12.6,197.2,6.20,29.8,316,190.0,190.0,190.0,500.0,500.0,0.0,0.0,0.0,0.3,2.01
12.6,197.2,6.20,29.8,317,190.0,190.0,190.0,500.0,500.0,0.0,0.0,0.0,0.3,2.02
12.5,197.2,6.20,29.6,318,190.0,190.0,190.0,500.0,500.0,0.0,0.0,0.0,0.3,2.03
12.5,197.2,6.20,30.0,319,190.0,190.0,190.0,500.0,500.0,0.0,0.0,0.0,0.3,2.03
12.5,197.2,6.20,29.8,320,190.0,190.0,190.0,500.0,500.0,0.0,0.0,0.0,0.3,2.04
12.5,197.2,6.20,29.8,321,190.0,190.0,190.0,500.0,500.0,0.0,0.0,0.0,0.3,2.05
12.5,197.2,6.20,29.8,322,190.0,190.0,190.0,500.0,500.0,0.0,0.0,0.0,0.3,2.05
12.5,197.2,6.20,30.0,323,190.0,190.0,190.0,500.0,500.0,0.0,0.0,0.0,0.3,2.06
12.5,197.2,6.20,29.6,324,190.0,190.0,190.0,500.0,500.0,0.0,0.0,0.0,0.3,2.06
12.4,197.2,6.20,29.8,325,190.0,190.0,190.0,500.0,500.0,0.0,0.0,0.0,0.3,2.07
12.4,197.2,6.20,29.8,326,190.0,190.0,190.0,500.0,500.0,0.0,0.0,0.0,0.3,2.08
12.3,197.2,6.20,29.8,327,190.0,190.0,190.0,500.0,500.0,0.0,0.0,0.0,0.3,2.08
12.4,197.2,6.20,29.6,328,190.0,190.0,190.0,500.0,500.0,0.0,0.0,0.0,0.3,2.09
12.4,197.2,6.20,29.8,329,190.0,190.0,190.0,500.0,500.0,0.0,0.0,0.0,0.3,2.10
12.4,197.2,6.20,29.8,330,190.0,190.0,190.0,500.0,500.0,0.0,0.0,0.0,0.3,2.10
12.4,197.2,6.20,29.8,331,190.0,190.0,190.0,500.0,500.0,0.0,0.0,0.0,0.3,2.11
12.5,197.2,6.20,29.6,332,190.0,190.0,190.0,500.0,500.0,0.0,0.0,0.0,0.3,2.11
12.4,197.2,6.20,29.8,333,190.0,190.0,190.0,500.0,500.0,0.0,0.0,0.0,0.3,2.12
12.4,197.2,6.20,29.8,334,190.0,190.0,190.0,500.0,500.0,0.0,0.0,0.0,0.3,2.13
12.4,197.2,6.20,29.8,335,190.0,190.0,190.0,500.0,500.0,0.0,0.0,0.0,0.3,2.13
12.4,197.2,6.20,29.6,336,190.0,190.0,190.0,500.0,500.0,0.0,0.0,0.0,0.3,2.14
12.3,197.2,6.20,29.8,337,190.0,190.0,190.0,500.0,500.0,0.0,0.0,0.0,0.3,2.14
12.4,197.1,6.20,29.8,338,190.0,190.0,190.0,500.0,500.0,0.0,0.0,0.0,0.3,2.15
12.4,197.1,6.20,29.8,339,190.0,190.0,190.0,500.0,500.0,0.0,0.0,0.0,0.3,2.16
12.4,197.1,6.20,29.8,340,190.0,190.0,190.0,500.0,500.0,0.0,0.0,0.0,0.3,2.16
12.4,197.1,6.20,29.8,341,190.0,190.0,190.0,500.0,500.0,0.0,0.0,0.0,0.3,2.17
12.4,197.1,6.20,29.8,342,190.0,190.0,190.0,500.0,500.0,0.0,0.0,0.0,0.3,2.18
12.4,197.1,6.20,29.8,343,190.0,190.0,190.0,500.0,500.0,0.0,0.0,0.0,0.3,2.18
12.4,197.1,6.20,29.8,344,190.0,190.0,190.0,500.0,500.0,0.0,0.0,0.0,0.3,2.19
12.4,197.2,6.20,29.6,345,190.0,190.0,190.0,500.0,500.0,0.0,0.0,0.0,0.3,2.19
12.4,197.2,6.20,29.8,346,190.0,190.0,190.0,500.0,500.0,0.0,0.0,0.0,0.3,2.20
12.4,197.2,6.20,29.8,347,190.0,190.0,190.0,500.0,500.0,0.0,0.0,0.0,0.3,2.21
12.4,197.2,6.20,29.8,348,190.0,190.0,190.0,500.0,500.0,0.0,0.0,0.0,0.3,2.21
12.4,197.2,6.20,29.8,349,190.0,190.0,190.0,500.0,500.0,0.0,0.0,0.0,0.3,2.22
12.3,197.1,6.20,29.8,350,190.0,190.0,190.0,500.0,500.0,0.0,0.0,0.0,0.3,2.22
12.4,197.1,6.20,29.8,351,190.0,190.0,190.0,500.0,500.0,0.0,0.0,0.0,0.3,2.23
12.3,197.2,6.20,29.8,352,190.0,190.0,190.0,500.0,500.0,0.0,0.0,0.0,0.3,2.24
12.4,197.2,6.20,29.8,353,190.0,190.0,190.0,500.0,500.0,0.0,0.0,0.0,0.3,2.24
12.4,197.2,6.20,29.6,354,190.0,190.0,190.0,500.0,500.0,0.0,0.0,0.0,0.3,2.25
12.5,197.2,6.20,29.8,355,190.0,190.0,190.0,500.0,500.0,0.0,0.0,0.0,0.3,2.26
12.4,197.2,6.20,29.8,356,190.0,190.0,190.0,500.0,500.0,0.0,0.0,0.0,0.3,2.26
12.4,197.2,6.20,29.8,357,190.0,190.0,190.0,500.0,500.0,0.0,0.0,0.0,0.3,2.27
12.4,197.2,6.20,29.8,358,190.0,190.0,190.0,500.0,500.0,0.0,0.0,0.0,0.3,2.27
12.4,197.2,6.20,29.8,359,190.0,190.0,190.0,500.0,500.0,0.0,0.0,0.0,0.3,2.28
12.3,197.2,6.20,29.8,360,190.0,190.0,190.0,500.0,500.0,0.0,0.0,0.0,0.3,2.29
12.4,197.3,6.20,29.8,361,190.0,190.0,190.0,500.0,500.0,0.0,0.0,0.0,0.3,2.29
12.3,197.3,6.20,29.8,362,190.0,190.0,190.0,500.0,500.0,0.0,0.0,0.0,0.3,2.30
12.4,197.3,6.20,29.8,363,190.0,190.0,190.0,500.0,500.0,0.0,0.0,0.0,0.3,2.30
12.4,197.3,6.20,29.8,364,190.0,190.0,190.0,500.0,500.0,0.0,0.0,0.0,0.3,2.31
12.5,197.3,6.19,29.8,365,190.0,190.0,190.0,500.0,500.0,0.0,0.0,0.0,0.3,2.32
12.4,197.3,6.20,29.8,366,190.0,190.0,190.0,500.0,500.0,0.0,0.0,0.0,0.3,2.32
12.4,197.3,6.20,29.6,367,190.0,190.0,190.0,500.0,500.0,0.0,0.0,0.0,0.3,2.33
12.3,197.2,6.20,29.6,368,190.0,190.0,190.0,500.0,500.0,0.0,0.0,0.0,0.3,2.33
12.4,197.2,6.20,29.8,369,190.0,190.0,190.0,500.0,500.0,0.0,0.0,0.0,0.3,2.34
12.4,197.2,6.20,29.8,370,190.0,190.0,190.0,500.0,500.0,0.0,0.0,0.0,0.3,2.35
12.4,197.2,6.20,29.6,371,190.0,190.0,190.0,500.0,500.0,0.0,0.0,0.0,0.3,2.35
12.3,197.2,6.20,29.8,372,190.0,190.0,190.0,500.0,500.0,0.0,0.0,0.0,0.3,2.36
12.4,197.2,6.20,29.8,373,190.0,190.0,190.0,500.0,500.0,0.0,0.0,0.0,0.3,2.37
12.3,197.2,6.19,29.8,374,190.0,190.0,190.0,500.0,500.0,0.0,0.0,0.0,0.3,2.37
12.4,197.3,6.19,29.6,375,190.0,190.0,190.0,500.0,500.0,0.0,0.0,0.0,0.3,2.38
12.3,197.3,6.19,29.8,376,190.0,190.0,190.0,500.0,500.0,0.0,0.0,0.0,0.3,2.38
12.4,197.3,6.19,29.8,377,190.0,190.0,190.0,500.0,500.0,0.0,0.0,0.0,0.3,2.39
12.4,197.3,6.20,29.8,378,190.0,190.0,190.0,500.0,500.0,0.0,0.0,0.0,0.3,2.40
12.4,197.3,6.20,29.8,379,190.0,190.0,190.0,500.0,500.0,0.0,0.0,0.0,0.3,2.40
12.3,197.3,6.20,29.8,380,190.0,190.0,190.0,500.0,500.0,0.0,0.0,0.0,0.3,2.41
12.3,197.3,6.20,29.8,381,190.0,190.0,190.0,500.0,500.0,0.0,0.0,0.0,0.3,2.41
12.2,197.4,6.20,29.8,382,190.0,190.0,190.0,500.0,500.0,0.0,0.0,0.0,0.3,2.42
12.2,197.4,6.20,29.8,383,190.0,190.0,190.0,500.0,500.0,0.0,0.0,0.0,0.3,2.43
12.2,197.4,6.20,29.8,384,190.0,190.0,190.0,500.0,500.0,0.0,0.0,0.0,0.3,2.43
12.2,197.4,6.20,29.8,385,190.0,190.0,190.0,500.0,500.0,0.0,0.0,0.0,0.3,2.44
12.3,197.4,6.20,29.8,386,190.0,190.0,190.0,500.0,500.0,0.0,0.0,0.0,0.3,2.44
12.3,197.4,6.20,29.8,387,190.0,190.0,190.0,500.0,500.0,0.0,0.0,0.0,0.3,2.45
12.3,197.4,6.20,29.8,388,190.0,190.0,190.0,500.0,500.0,0.0,0.0,0.0,0.3,2.46
12.3,197.4,6.20,29.6,389,190.0,190.0,190.0,500.0,500.0,0.0,0.0,0.0,0.3,2.46
12.3,197.4,6.20,29.8,390,190.0,190.0,190.0,500.0,500.0,0.0,0.0,0.0,0.3,2.47
12.3,197.4,6.20,29.8,391,190.0,190.0,190.0,500.0,500.0,0.0,0.0,0.0,0.3,2.48
12.3,197.4,6.20,29.8,392,190.0,190.0,190.0,500.0,500.0,0.0,0.0,0.0,0.3,2.48
12.3,197.4,6.20,29.6,393,190.0,190.0,190.0,500.0,500.0,0.0,0.0,0.0,0.3,2.49
12.3,197.3,6.20,29.6,394,190.0,190.0,190.0,500.0,500.0,0.0,0.0,0.0,0.3,2.49
12.2,197.3,6.20,29.6,395,190.0,190.0,190.0,500.0,500.0,0.0,0.0,0.0,0.3,2.50
12.3,197.3,6.20,29.6,396,190.0,190.0,190.0,500.0,500.0,0.0,0.0,0.0,0.3,2.51
12.3,197.3,6.20,29.6,397,190.0,190.0,190.0,500.0,500.0,0.0,0.0,0.0,0.3,2.51
12.3,197.3,6.20,29.6,398,190.0,190.0,190.0,500.0,500.0,0.0,0.0,0.0,0.3,2.52
12.3,197.3,6.20,29.8,399,190.0,190.0,190.0,500.0,500.0,0.0,0.0,0.0,0.3,2.52
12.3,197.3,6.20,29.8,400,190.0,190.0,190.0,500.0,500.0,0.0,0.0,0.0,0.3,2.53
12.2,197.3,6.20,29.8,401,190.0,190.0,190.0,500.0,500.0,0.0,0.0,0.0,0.3,2.54
12.2,197.3,6.20,29.8,402,190.0,190.0,190.0,500.0,500.0,0.0,0.0,0.0,0.3,2.54
12.1,197.3,6.20,29.8,403,190.0,190.0,190.0,500.0,500.0,0.0,0.0,0.0,0.3,2.55
12.1,197.3,6.20,29.8,404,190.0,190.0,190.0,500.0,500.0,0.0,0.0,0.0,0.3,2.55
12.1,197.3,6.20,29.8,405,190.0,190.0,190.0,500.0,500.0,0.0,0.0,0.0,0.3,2.56
12.1,197.3,6.20,29.8,406,190.0,190.0,190.0,500.0,500.0,0.0,0.0,0.0,0.3,2.57
12.2,197.3,6.20,29.6,407,190.0,190.0,190.0,500.0,500.0,0.0,0.0,0.0,0.3,2.57
12.2,197.3,6.20,29.8,408,190.0,190.0,190.0,500.0,500.0,0.0,0.0,0.0,0.3,2.58
12.2,197.3,6.20,29.8,409,190.0,190.0,190.0,500.0,500.0,0.0,0.0,0.0,0.3,2.58
12.2,197.3,6.20,29.8,410,190.0,190.0,190.0,500.0,500.0,0.0,0.0,0.0,0.3,2.59
12.2,197.3,6.20,29.6,411,190.0,190.0,190.0,500.0,500.0,0.0,0.0,0.0,0.3,2.60
12.1,197.3,6.20,29.8,412,190.0,190.0,190.0,500.0,500.0,0.0,0.0,0.0,0.3,2.60
12.2,197.3,6.20,29.8,413,190.0,190.0,190.0,500.0,500.0,0.0,0.0,0.0,0.3,2.61
12.1,197.3,6.20,29.8,414,190.0,190.0,190.0,500.0,500.0,0.0,0.0,0.0,0.3,2.61
12.2,197.3,6.19,29.6,415,190.0,190.0,190.0,500.0,500.0,0.0,0.0,0.0,0.3,2.62
12.1,197.3,6.19,29.8,416,190.0,190.0,190.0,500.0,500.0,0.0,0.0,0.0,0.3,2.63
12.2,197.3,6.19,29.8,417,190.0,190.0,190.0,500.0,500.0,0.0,0.0,0.0,0.3,2.63
12.2,197.3,6.19,29.8,418,190.0,190.0,190.0,500.0,500.0,0.0,0.0,0.0,0.3,2.64
12.2,197.3,6.20,29.6,419,190.0,190.0,190.0,500.0,500.0,0.0,0.0,0.0,0.3,2.64
12.2,197.3,6.20,29.8,420,190.0,190.0,190.0,500.0,500.0,0.0,0.0,0.0,0.3,2.65
12.3,197.3,6.20,29.8,421,190.0,190.0,190.0,500.0,500.0,0.0,0.0,0.0,0.3,2.66
12.2,197.3,6.20,29.8,422,190.0,190.0,190.0,500.0,500.0,0.0,0.0,0.0,0.3,2.66
12.2,197.3,6.20,29.8,423,190.0,190.0,190.0,500.0,500.0,0.0,0.0,0.0,0.3,2.67
12.2,197.3,6.20,30.0,424,190.0,190.0,190.0,500.0,500.0,0.0,0.0,0.0,0.3,2.68
12.2,197.3,6.20,29.8,425,190.0,190.0,190.0,500.0,500.0,0.0,0.0,0.0,0.3,2.68
12.2,197.3,6.20,29.8,426,190.0,190.0,190.0,500.0,500.0,0.0,0.0,0.0,0.3,2.69
12.3,197.3,6.20,29.8,427,190.0,190.0,190.0,500.0,500.0,0.0,0.0,0.0,0.3,2.69
12.2,197.3,6.20,29.8,428,190.0,190.0,190.0,500.0,500.0,0.0,0.0,0.0,0.3,2.70
12.3,197.3,6.20,29.6,429,190.0,190.0,190.0,500.0,500.0,0.0,0.0,0.0,0.3,2.71
12.2,197.3,6.20,29.8,430,190.0,190.0,190.0,500.0,500.0,0.0,0.0,0.0,0.3,2.71
12.3,197.3,6.20,29.8,431,190.0,190.0,190.0,500.0,500.0,0.0,0.0,0.0,0.3,2.72
12.2,197.3,6.20,29.8,432,190.0,190.0,190.0,500.0,500.0,0.0,0.0,0.0,0.3,2.72
12.2,197.3,6.20,29.6,433,190.0,190.0,190.0,500.0,500.0,0.0,0.0,0.0,0.3,2.73
12.2,197.3,6.20,29.8,434,190.0,190.0,190.0,500.0,500.0,0.0,0.0,0.0,0.3,2.74
12.2,197.3,6.20,29.8,435,190.0,190.0,190.0,500.0,500.0,0.0,0.0,0.0,0.3,2.74
12.1,197.3,6.20,29.8,436,190.0,190.0,190.0,500.0,500.0,0.0,0.0,0.0,0.3,2.75
12.2,197.3,6.20,29.6,437,190.0,190.0,190.0,500.0,500.0,0.0,0.0,0.0,0.3,2.75
12.1,197.3,6.19,29.8,438,190.0,190.0,190.0,500.0,500.0,0.0,0.0,0.0,0.3,2.76
12.2,197.3,6.19,29.8,439,190.0,190.0,190.0,500.0,500.0,0.0,0.0,0.0,0.3,2.77
12.2,197.3,6.19,29.8,440,190.0,190.0,190.0,500.0,500.0,0.0,0.0,0.0,0.3,2.77
12.2,197.3,6.19,29.6,441,190.0,190.0,190.0,500.0,500.0,0.0,0.0,0.0,0.3,2.78
12.2,197.3,6.19,30.0,442,190.0,190.0,190.0,500.0,500.0,0.0,0.0,0.0,0.3,2.78
12.2,197.3,6.19,29.8,443,190.0,190.0,190.0,500.0,500.0,0.0,0.0,0.0,0.3,2.79
12.1,197.3,6.19,29.8,444,190.0,190.0,190.0,500.0,500.0,0.0,0.0,0.0,0.3,2.80
12.1,197.3,6.19,29.8,445,190.0,190.0,190.0,500.0,500.0,0.0,0.0,0.0,0.3,2.80
12.1,197.3,6.19,30.0,446,190.0,190.0,190.0,500.0,500.0,0.0,0.0,0.0,0.3,2.81
12.1,197.3,6.20,29.6,447,190.0,190.0,190.0,500.0,500.0,0.0,0.0,0.0,0.3,2.81
12.0,197.3,6.20,29.8,448,190.0,190.0,190.0,500.0,500.0,0.0,0.0,0.0,0.3,2.82
12.1,197.3,6.20,29.8,449,190.0,190.0,190.0,500.0,500.0,0.0,0.0,0.0,0.3,2.83
12.0,197.3,6.20,29.8,450,190.0,190.0,190.0,500.0,500.0,0.0,0.0,0.0,0.3,2.83
12.1,197.3,6.20,29.6,451,190.0,190.0,190.0,500.0,500.0,0.0,0.0,0.0,0.3,2.84
12.1,197.3,6.20,29.8,452,190.0,190.0,190.0,500.0,500.0,0.0,0.0,0.0,0.3,2.84
12.1,197.3,6.20,29.8,453,190.0,190.0,190.0,500.0,500.0,0.0,0.0,0.0,0.3,2.85
12.1,197.3,6.20,29.8,454,190.0,190.0,190.0,500.0,500.0,0.0,0.0,0.0,0.3,2.86
12.1,197.3,6.19,29.6,455,190.0,190.0,190.0,500.0,500.0,0.0,0.0,0.0,0.3,2.86
12.0,197.3,6.20,29.8,456,190.0,190.0,190.0,500.0,500.0,0.0,0.0,0.0,0.3,2.87
12.0,197.3,6.19,29.8,457,190.0,190.0,190.0,500.0,500.0,0.0,0.0,0.0,0.3,2.87
12.0,197.3,6.19,29.8,458,190.0,190.0,190.0,500.0,500.0,0.0,0.0,0.0,0.3,2.88
12.0,197.2,6.19,29.6,459,190.0,190.0,190.0,500.0,500.0,0.0,0.0,0.0,0.3,2.89
12.0,197.2,6.19,29.8,460,190.0,190.0,190.0,500.0,500.0,0.0,0.0,0.0,0.3,2.89
12.0,197.3,6.19,29.8,461,190.0,190.0,190.0,500.0,500.0,0.0,0.0,0.0,0.3,2.90
12.1,197.3,6.20,29.8,462,190.0,190.0,190.0,500.0,500.0,0.0,0.0,0.0,0.3,2.90
12.1,197.2,6.20,29.6,463,190.0,190.0,190.0,500.0,500.0,0.0,0.0,0.0,0.3,2.91
12.1,197.2,6.20,29.8,464,190.0,190.0,190.0,500.0,500.0,0.0,0.0,0.0,0.3,2.92
12.1,197.2,6.20,29.8,465,190.0,190.0,190.0,500.0,500.0,0.0,0.0,0.0,0.3,2.92
12.1,197.2,6.20,29.8,466,190.0,190.0,190.0,500.0,500.0,0.0,0.0,0.0,0.3,2.93
12.1,197.2,6.20,29.8,467,190.0,190.0,190.0,500.0,500.0,0.0,0.0,0.0,0.3,2.93
12.1,197.2,6.20,30.0,468,190.0,190.0,190.0,500.0,500.0,0.0,0.0,0.0,0.3,2.94
12.0,197.2,6.20,29.8,469,190.0,190.0,190.0,500.0,500.0,0.0,0.0,0.0,0.3,2.95
12.0,197.2,6.20,29.8,470,190.0,190.0,190.0,500.0,500.0,0.0,0.0,0.0,0.3,2.95
12.0,197.2,6.20,29.8,471,190.0,190.0,190.0,500.0,500.0,0.0,0.0,0.0,0.3,2.96
12.0,197.2,6.20,29.8,472,190.0,190.0,190.0,500.0,500.0,0.0,0.0,0.0,0.3,2.96
11.9,197.2,6.20,29.6,473,190.0,190.0,190.0,500.0,500.0,0.0,0.0,0.0,0.3,2.97
12.0,197.3,6.20,29.8,474,190.0,190.0,190.0,500.0,500.0,0.0,0.0,0.0,0.3,2.98
12.0,197.3,6.20,29.8,475,190.0,190.0,190.0,500.0,500.0,0.0,0.0,0.0,0.3,2.98
12.1,197.2,6.20,29.8,476,190.0,190.0,190.0,500.0,500.0,0.0,0.0,0.0,0.3,2.99
12.0,197.2,6.20,29.6,477,190.0,190.0,190.0,500.0,500.0,0.0,0.0,0.0,0.3,2.99
12.1,197.2,6.19,29.8,478,190.0,190.0,190.0,500.0,500.0,0.0,0.0,0.0,0.3,3.00
12.0,197.3,6.19,29.8,479,190.0,190.0,190.0,500.0,500.0,0.0,0.0,0.0,0.3,3.01
12.0,197.3,6.19,29.8,480,190.0,190.0,190.0,500.0,500.0,0.0,0.0,0.0,0.3,3.01
12.0,197.3,6.19,29.6,481,190.0,190.0,190.0,500.0,500.0,0.0,0.0,0.0,0.3,3.02
12.0,197.3,6.19,29.8,482,190.0,190.0,190.0,500.0,500.0,0.0,0.0,0.0,0.3,3.02
12.0,197.3,6.20,29.8,483,190.0,190.0,190.1,500.0,500.0,0.0,0.0,0.0,0.3,3.03
12.0,197.3,6.20,29.8,484,190.0,190.0,190.1,500.0,500.0,0.0,0.0,0.0,0.3,3.04
11.9,197.3,6.19,29.6,485,190.0,190.0,190.1,500.0,500.0,0.0,0.0,0.0,0.3,3.04
11.9,197.3,6.20,29.8,486,190.0,190.0,190.1,500.0,500.0,0.0,0.0,0.0,0.3,3.05
11.9,197.4,6.19,29.8,487,190.0,190.0,190.1,500.0,500.0,0.0,0.0,0.0,0.3,3.05
11.9,197.4,6.19,29.8,488,190.0,190.0,190.1,500.0,500.0,0.0,0.0,0.0,0.3,3.06
12.0,197.3,6.20,29.8,489,190.0,190.0,190.1,500.0,500.0,0.0,0.0,0.0,0.3,3.06
12.0,197.3,6.20,29.8,490,190.0,190.0,190.1,500.0,500.0,0.0,0.0,0.0,0.3,3.07
12.0,197.4,6.19,29.8,491,190.0,190.0,190.1,500.0,500.0,0.0,0.0,0.0,0.3,3.08
12.0,197.4,6.19,29.8,492,190.0,190.0,190.1,500.0,500.0,0.0,0.0,0.0,0.3,3.08
12.0,197.4,6.18,29.8,493,190.0,190.0,190.1,500.0,500.0,0.0,0.0,0.0,0.3,3.09
12.0,197.4,6.18,29.8,494,190.0,190.0,190.1,500.0,500.0,0.0,0.0,0.0,0.3,3.09
12.0,197.4,6.18,29.8,495,190.0,190.0,190.1,500.0,500.0,0.0,0.0,0.0,0.3,3.10
12.0,197.4,6.18,29.8,496,190.0,190.0,190.1,500.0,500.0,0.0,0.0,0.0,0.3,3.11
12.0,197.4,6.19,29.8,497,190.0,190.0,190.1,500.0,500.0,0.0,0.0,0.0,0.3,3.11
12.0,197.4,6.19,29.8,498,190.0,190.0,190.1,500.0,500.0,0.0,0.0,0.0,0.3,3.12
12.0,197.4,6.19,29.6,499,190.0,190.0,190.1,500.0,500.0,0.0,0.0,0.0,0.3,3.12
12.0,197.4,6.19,29.8,500,190.0,190.0,190.1,500.0,500.0,0.0,0.0,0.0,0.3,3.13
12.0,197.4,6.19,29.8,501,190.0,190.0,190.1,500.0,500.0,0.0,0.0,0.0,0.3,3.14
12.0,197.3,6.19,29.8,502,190.0,190.0,190.1,500.0,500.0,0.0,0.0,0.0,0.3,3.14
12.1,197.3,6.19,29.6,503,190.0,190.0,190.1,500.0,500.0,0.0,0.0,0.0,0.3,3.15
12.1,197.3,6.19,29.8,504,190.0,190.0,190.1,500.0,500.0,0.0,0.0,0.0,0.3,3.15
12.1,197.3,6.19,29.8,505,190.0,190.0,190.1,500.0,500.0,0.0,0.0,0.0,0.3,3.16
12.0,197.3,6.19,29.8,506,190.0,190.0,190.1,500.0,500.0,0.0,0.0,0.0,0.3,3.17
12.0,197.4,6.19,29.8,507,190.0,190.0,190.1,500.0,500.0,0.0,0.0,0.0,0.3,3.17
12.0,197.4,6.19,29.8,508,190.0,190.0,190.1,500.0,500.0,0.0,0.0,0.0,0.3,3.18
11.9,197.4,6.19,29.6,509,190.0,190.0,190.1,500.0,500.0,0.0,0.0,0.0,0.3,3.18
11.9,197.4,6.19,29.6,510,190.0,190.0,190.1,500.0,500.0,0.0,0.0,0.0,0.3,3.19
11.9,197.4,6.19,29.6,511,190.0,190.0,190.1,500.0,500.0,0.0,0.0,0.0,0.3,3.20
11.9,197.3,6.19,29.6,512,190.0,190.0,190.1,500.0,500.0,0.0,0.0,0.0,0.3,3.20
11.9,197.3,6.19,29.6,513,190.0,190.0,190.0,500.0,500.0,0.0,0.0,0.0,0.3,3.21
11.9,197.3,6.20,29.8,514,190.0,190.0,190.0,500.0,500.0,0.0,0.0,0.0,0.3,3.21
11.9,197.3,6.20,29.8,515,190.0,190.0,190.0,500.0,500.0,0.0,0.0,0.0,0.3,3.22
12.0,197.3,6.20,29.8,516,190.0,190.0,190.0,500.0,500.0,0.0,0.0,0.0,0.3,3.23
12.0,197.3,6.20,29.8,517,190.0,190.0,190.0,500.0,500.0,0.0,0.0,0.0,0.3,3.23
12.0,197.3,6.20,30.0,518,190.0,190.0,190.0,500.0,500.0,0.0,0.0,0.0,0.3,3.24
11.9,197.3,6.20,30.0,519,190.0,190.0,190.0,500.0,500.0,0.0,0.0,0.0,0.3,3.24
11.9,197.3,6.20,30.0,520,190.0,190.0,190.0,500.0,500.0,0.0,0.0,0.0,0.3,3.25
11.9,197.3,6.19,29.8,521,190.0,190.0,190.0,500.0,500.0,0.0,0.0,0.0,0.3,3.26
11.9,197.3,6.19,29.8,522,190.0,190.0,190.0,500.0,500.0,0.0,0.0,0.0,0.3,3.26
11.8,197.3,6.19,29.8,523,190.0,190.0,190.0,500.0,500.0,0.0,0.0,0.0,0.3,3.27
11.8,197.4,6.19,29.8,524,190.0,190.0,190.0,500.0,500.0,0.0,0.0,0.0,0.3,3.27
11.8,197.4,6.20,29.8,525,190.0,190.0,190.0,500.0,500.0,0.0,0.0,0.0,0.3,3.28
11.9,197.4,6.20,29.8,526,190.0,190.0,190.0,500.0,500.0,0.0,0.0,0.0,0.3,3.28
11.8,197.4,6.20,29.8,527,190.0,190.0,190.0,500.0,500.0,0.0,0.0,0.0,0.3,3.29
12.0,197.4,6.20,29.8,528,190.0,190.0,190.0,500.0,500.0,0.0,0.0,0.0,0.3,3.30
11.9,197.4,6.20,29.8,529,190.0,190.0,190.0,500.0,500.0,0.0,0.0,0.0,0.3,3.30
12.0,197.4,6.19,29.6,530,190.0,190.0,190.0,500.0,500.0,0.0,0.0,0.0,0.3,3.31
11.9,197.4,6.19,29.8,531,190.0,190.0,190.0,500.0,500.0,0.0,0.0,0.0,0.3,3.31
11.9,197.4,6.19,29.8,532,190.0,190.0,190.0,500.0,500.0,0.0,0.0,0.0,0.3,3.32
11.8,197.4,6.19,29.8,533,190.0,190.0,190.0,500.0,500.0,0.0,0.0,0.0,0.3,3.33
11.8,197.5,6.19,29.6,534,190.0,190.0,190.0,500.0,500.0,0.0,0.0,0.0,0.3,3.33
11.7,197.5,6.20,29.8,535,190.0,190.0,190.0,500.0,500.0,0.0,0.0,0.0,0.3,3.34
11.8,197.4,6.20,29.8,536,190.0,190.0,190.0,500.0,500.0,0.0,0.0,0.0,0.3,3.34
11.8,197.4,6.20,29.8,537,190.0,190.0,190.0,500.0,500.0,0.0,0.0,0.0,0.3,3.35
11.9,197.4,6.20,29.6,538,190.0,190.0,190.0,500.0,500.0,0.0,0.0,0.0,0.3,3.35
11.8,197.4,6.20,29.8,539,190.0,190.0,190.0,500.0,500.0,0.0,0.0,0.0,0.3,3.36
11.9,197.4,6.20,29.8,540,190.0,190.0,190.0,500.0,500.0,0.0,0.0,0.0,0.3,3.37
11.9,197.4,6.20,29.8,541,190.0,190.0,190.0,500.0,500.0,0.0,0.0,0.0,0.3,3.37
11.9,197.4,6.20,29.8,542,190.0,190.0,190.0,500.0,500.0,0.0,0.0,0.0,0.3,3.38
11.8,197.4,6.20,30.0,543,190.0,190.0,190.0,500.0,500.0,0.0,0.0,0.0,0.3,3.38
11.9,197.4,6.20,29.8,544,190.0,190.0,190.0,500.0,500.0,0.0,0.0,0.0,0.3,3.39
11.8,197.4,6.20,29.8,545,190.0,190.0,190.0,500.0,500.0,0.0,0.0,0.0,0.3,3.40
11.9,197.4,6.20,29.8,546,190.0,190.0,190.0,500.0,500.0,0.0,0.0,0.0,0.3,3.40
11.8,197.4,6.20,29.8,547,190.0,190.0,190.0,500.0,500.0,0.0,0.0,0.0,0.3,3.41
11.9,197.4,6.20,29.6,548,190.0,190.0,190.0,500.0,500.0,0.0,0.0,0.0,0.3,3.41
11.8,197.4,6.19,29.8,549,190.0,190.0,190.0,500.0,500.0,0.0,0.0,0.0,0.3,3.42
11.8,197.4,6.19,29.8,550,190.0,190.0,190.0,500.0,500.0,0.0,0.0,0.0,0.3,3.43
11.8,197.4,6.19,29.8,551,190.0,190.0,190.0,500.0,500.0,0.0,0.0,0.0,0.3,3.43
11.8,197.4,6.19,29.6,552,190.0,190.0,190.0,500.0,500.0,0.0,0.0,0.0,0.3,3.44
11.7,197.4,6.19,29.8,553,190.0,190.0,190.0,500.0,500.0,0.0,0.0,0.0,0.3,3.44
11.7,197.4,6.19,29.8,554,190.0,190.0,190.0,500.0,500.0,0.0,0.0,0.0,0.3,3.45
11.7,197.4,6.20,29.8,555,190.0,190.0,190.0,500.0,500.0,0.0,0.0,0.0,0.3,3.45
11.8,197.4,6.20,29.8,556,190.0,190.0,190.0,500.0,500.0,0.0,0.0,0.0,0.3,3.46
11.8,197.4,6.19,29.8,557,190.0,190.0,190.0,500.0,500.0,0.0,0.0,0.0,0.3,3.47
11.8,197.4,6.19,29.8,558,190.0,190.0,190.0,500.0,500.0,0.0,0.0,0.0,0.3,3.47
11.8,197.4,6.20,29.8,559,190.0,190.0,190.0,500.0,500.0,0.0,0.0,0.0,0.3,3.48
11.8,197.4,6.19,29.8,560,190.0,190.0,190.0,500.0,500.0,0.0,0.0,0.0,0.3,3.48
11.7,197.4,6.19,29.8,561,190.0,190.0,190.0,500.0,500.0,0.0,0.0,0.0,0.3,3.49
11.7,197.3,6.20,29.8,562,190.0,190.0,190.0,500.0,500.0,0.0,0.0,0.0,0.3,3.50
11.6,197.3,6.20,29.8,563,190.0,190.0,190.0,500.0,500.0,0.0,0.0,0.0,0.3,3.50
11.6,197.3,6.20,29.8,564,190.0,190.0,190.0,500.0,500.0,0.0,0.0,0.0,0.3,3.51
11.7,197.3,6.20,29.8,565,190.0,190.0,190.0,500.0,500.0,0.0,0.0,0.0,0.3,3.51
11.6,197.3,6.20,29.6,566,190.0,190.0,190.0,500.0,500.0,0.0,0.0,0.0,0.3,3.52
11.6,197.3,6.20,29.8,567,190.0,190.0,190.0,500.0,500.0,0.0,0.0,0.0,0.3,3.52
11.6,197.3,6.20,29.8,568,190.0,190.0,190.0,500.0,500.0,0.0,0.0,0.0,0.3,3.53
11.6,197.3,6.20,29.8,569,190.0,190.0,190.0,500.0,500.0,0.0,0.0,0.0,0.3,3.54
11.6,197.3,6.20,29.6,570,190.0,190.0,190.0,500.0,500.0,0.0,0.0,0.0,0.3,3.54
11.6,197.3,6.20,29.8,571,190.0,190.0,190.0,500.0,500.0,0.0,0.0,0.0,0.3,3.55
11.6,197.3,6.20,29.8,572,190.0,190.0,190.0,500.0,500.0,0.0,0.0,0.0,0.3,3.55
11.6,197.3,6.20,29.8,573,190.0,190.0,190.0,500.0,500.0,0.0,0.0,0.0,0.3,3.56
11.6,197.3,6.20,29.6,574,190.0,190.0,190.0,500.0,500.0,0.0,0.0,0.0,0.3,3.56
11.6,197.3,6.20,29.8,575,190.0,190.0,190.0,500.0,500.0,0.0,0.0,0.0,0.3,3.57
11.6,197.3,6.20,29.8,576,190.0,190.0,190.0,500.0,500.0,0.0,0.0,0.0,0.3,3.58
11.7,197.3,6.20,29.8,577,190.0,190.0,190.0,500.0,500.0,0.0,0.0,0.0,0.3,3.58
11.7,197.3,6.19,29.6,578,190.0,190.0,190.0,500.0,500.0,0.0,0.0,0.0,0.3,3.59
11.7,197.3,6.20,30.0,579,190.0,190.0,190.0,500.0,500.0,0.0,0.0,0.0,0.3,3.59
11.7,197.3,6.20,30.0,580,190.0,190.0,190.0,500.0,500.0,0.0,0.0,0.0,0.3,3.60
11.7,197.3,6.20,30.0,581,190.0,190.0,190.0,500.0,500.0,0.0,0.0,0.0,0.3,3.61
11.7,197.3,6.19,30.0,582,190.0,190.0,190.0,500.0,500.0,0.0,0.0,0.0,0.3,3.61
11.7,197.3,6.20,30.2,583,190.0,190.0,190.0,500.0,500.0,0.0,0.0,0.0,0.3,3.62
11.7,197.3,6.19,29.8,584,190.0,190.0,190.0,500.0,500.0,0.0,0.0,0.0,0.3,3.62
11.7,197.3,6.19,29.8,585,190.0,190.0,190.0,500.0,500.0,0.0,0.0,0.0,0.3,3.63
11.7,197.3,6.19,29.8,586,190.0,190.0,190.0,500.0,500.0,0.0,0.0,0.0,0.3,3.63
11.6,197.3,6.19,29.8,587,190.0,190.0,190.0,500.0,500.0,0.0,0.0,0.0,0.3,3.64
11.7,197.3,6.19,29.6,588,190.0,190.0,190.0,500.0,500.0,0.0,0.0,0.0,0.3,3.65
11.6,197.3,6.20,29.8,589,190.0,190.0,190.0,500.0,500.0,0.0,0.0,0.0,0.3,3.65
11.6,197.3,6.20,29.8,590,190.0,190.0,190.0,500.0,500.0,0.0,0.0,0.0,0.3,3.66
11.6,197.3,6.20,29.8,591,190.0,190.0,190.0,500.0,500.0,0.0,0.0,0.0,0.3,3.66
11.6,197.3,6.20,29.6,592,190.0,190.0,190.0,500.0,500.0,0.0,0.0,0.0,0.3,3.67
11.6,197.3,6.20,29.8,593,190.0,190.0,190.0,500.0,500.0,0.0,0.0,0.0,0.3,3.67
11.6,197.3,6.20,29.8,594,190.0,190.0,190.0,500.0,500.0,0.0,0.0,0.0,0.3,3.68
11.6,197.3,6.20,29.8,595,190.0,190.0,190.0,500.0,500.0,0.0,0.0,0.0,0.3,3.69
11.7,197.3,6.19,29.8,596,190.0,190.0,190.0,500.0,500.0,0.0,0.0,0.0,0.3,3.69
11.6,197.3,6.19,30.0,597,190.0,190.0,190.0,500.0,500.0,0.0,0.0,0.0,0.3,3.70
11.7,197.3,6.19,29.8,598,190.0,190.0,190.0,500.0,500.0,0.0,0.0,0.0,0.3,3.70
11.7,197.3,6.19,29.8,599,190.0,190.0,190.0,500.0,500.0,0.0,0.0,0.0,0.3,3.71
