扭矩,料温,压力,转速,时间,温度1,温度2,温度3,温度4,温度5,温度6,温度7,温度8,顶栓,能量
1.7,190.4,6.19,0.0,0,190.0,190.3,190.0,500.0,500.0,0.0,0.0,0.0,0.2,0.00
1.6,190.4,6.19,2.4,1,190.0,190.3,190.0,500.0,500.0,0.0,0.0,0.0,0.2,0.00
1.6,190.4,6.19,10.4,2,190.0,190.4,190.0,500.0,500.0,0.0,0.0,0.0,0.2,0.00
1.4,190.4,6.19,24.8,3,190.0,190.4,190.0,500.0,500.0,0.0,0.0,0.0,0.3,0.00
1.4,190.4,6.19,40.8,4,190.0,190.4,190.0,500.0,500.0,0.0,0.0,0.0,0.3,0.00
1.2,190.3,6.19,56.6,5,190.0,190.4,190.0,500.0,500.0,0.0,0.0,0.0,0.3,0.00
1.1,190.3,6.19,70.2,6,190.0,190.4,190.0,500.0,500.0,0.0,0.0,0.0,0.3,0.00
1.0,190.0,6.19,78.2,7,190.0,190.4,190.0,500.0,500.0,0.0,0.0,0.0,0.3,0.01
1.0,189.5,6.19,79.6,8,190.0,190.4,190.0,500.0,500.0,0.0,0.0,0.0,0.3,0.01
0.9,188.8,6.19,79.6,9,190.0,190.3,190.0,500.0,500.0,0.0,0.0,0.0,0.3,0.01
0.9,188.0,6.19,79.8,10,190.0,190.1,190.1,500.0,500.0,0.0,0.0,0.0,0.3,0.01
0.9,187.3,6.19,79.6,11,190.0,190.0,190.1,500.0,500.0,0.0,0.0,0.0,0.3,0.01
0.9,186.7,6.19,79.6,12,190.0,190.0,190.1,500.0,500.0,0.0,0.0,0.0,0.3,0.01
0.9,186.1,6.19,79.8,13,190.0,190.0,190.1,500.0,500.0,0.0,0.0,0.0,0.3,0.01
0.8,185.7,6.19,79.8,14,190.0,190.0,190.1,500.0,500.0,0.0,0.0,0.0,0.3,0.01
0.8,185.2,6.19,79.6,15,190.0,190.0,190.1,500.0,500.0,0.0,0.0,0.0,0.3,0.01
0.8,184.9,6.19,79.8,16,190.0,190.0,190.1,500.0,500.0,0.0,0.0,0.0,0.3,0.02
0.7,184.5,6.19,79.8,17,190.0,190.0,190.1,500.0,500.0,0.0,0.0,0.0,0.3,0.02
0.6,184.1,6.19,79.6,18,190.0,190.0,190.1,500.0,500.0,0.0,0.0,0.0,0.3,0.02
0.5,183.8,6.19,79.6,19,190.0,190.0,190.1,500.0,500.0,0.0,0.0,0.0,0.3,0.02
0.4,183.4,6.19,79.8,20,190.0,190.0,190.1,500.0,500.0,0.0,0.0,0.0,0.3,0.02
0.4,183.1,6.19,79.8,21,190.0,190.0,190.1,500.0,500.0,0.0,0.0,0.0,0.3,0.02
0.4,182.7,6.19,79.6,22,190.0,190.0,190.1,500.0,500.0,0.0,0.0,0.0,0.3,0.02
0.4,182.4,6.19,79.8,23,190.0,190.0,190.1,500.0,500.0,0.0,0.0,0.0,0.3,0.02
0.4,182.1,6.19,79.8,24,190.0,190.0,190.1,500.0,500.0,0.0,0.0,0.0,0.3,0.02
0.3,181.6,6.19,79.6,25,190.0,190.0,190.1,500.0,500.0,0.0,0.0,0.0,0.3,0.02
0.1,181.2,6.19,79.6,26,190.0,190.0,190.1,500.0,500.0,0.0,0.0,0.0,0.3,0.02
0.1,180.7,6.19,79.6,27,190.0,190.0,190.1,500.0,500.0,0.0,0.0,0.0,0.3,0.02
0.1,180.2,6.19,79.6,28,190.0,190.0,190.1,500.0,500.0,0.0,0.0,0.0,0.3,0.02
0.1,179.8,6.19,79.4,29,190.0,190.0,190.1,500.0,500.0,0.0,0.0,0.0,0.3,0.02
0.1,179.4,6.19,79.6,30,190.0,190.0,190.1,500.0,500.0,0.0,0.0,0.0,0.3,0.02
0.1,178.9,6.19,79.4,31,190.0,190.0,190.1,500.0,500.0,0.0,0.0,0.0,0.3,0.02
0.1,178.4,6.19,79.6,32,190.0,190.0,190.0,500.0,500.0,0.0,0.0,0.0,0.3,0.02
0.1,178.0,6.19,79.6,33,190.0,190.0,190.0,500.0,500.0,0.0,0.0,0.0,0.3,0.02
0.3,177.5,6.19,79.6,34,190.0,190.0,190.0,500.0,500.0,0.0,0.0,0.0,0.3,0.02
0.4,177.2,6.19,79.6,35,190.0,190.0,190.0,500.0,500.0,0.0,0.0,0.0,0.3,0.02
0.5,176.9,6.19,79.8,36,190.0,190.0,190.0,500.0,500.0,0.0,0.0,0.0,0.3,0.02
0.7,176.7,6.19,79.8,37,190.0,190.0,190.0,500.0,500.0,0.0,0.0,0.0,0.3,0.03
0.8,176.5,6.19,79.8,38,190.0,190.0,190.0,500.0,500.0,0.0,0.0,0.0,0.3,0.03
0.9,176.3,6.19,79.8,39,190.0,190.0,190.0,500.0,500.0,0.0,0.0,0.0,0.3,0.03
1.0,176.2,6.19,79.8,40,190.0,190.0,190.0,500.0,500.0,0.0,0.0,0.0,0.3,0.03
1.0,176.2,6.19,79.8,41,190.0,190.1,190.0,500.0,500.0,0.0,0.0,0.0,0.3,0.03
1.1,176.2,6.19,79.6,42,190.0,190.2,190.0,500.0,500.0,0.0,0.0,0.0,0.3,0.03
1.2,176.3,6.19,79.6,43,190.0,190.3,190.0,500.0,500.0,0.0,0.0,0.0,0.3,0.03
1.1,176.4,6.19,79.8,44,190.0,190.4,190.0,500.0,500.0,0.0,0.0,0.0,0.3,0.03
1.1,176.5,6.19,79.8,45,190.0,190.4,190.0,500.0,500.0,0.0,0.0,0.0,0.3,0.04
1.1,176.7,6.19,79.6,46,190.0,190.4,190.0,500.0,500.0,0.0,0.0,0.0,0.3,0.04
1.1,176.8,6.19,79.8,47,190.0,190.5,190.0,500.0,500.0,0.0,0.0,0.0,0.3,0.04
1.1,176.9,6.19,79.8,48,190.0,190.6,190.0,500.0,500.0,0.0,0.0,0.0,0.3,0.04
1.1,177.0,6.19,79.6,49,190.0,190.6,190.0,500.0,500.0,0.0,0.0,0.0,0.3,0.04
1.1,177.2,6.19,79.6,50,190.0,190.6,190.0,500.0,500.0,0.0,0.0,0.0,0.3,0.04
1.1,177.3,6.19,79.8,51,190.0,190.6,190.0,500.0,500.0,0.0,0.0,0.0,0.3,0.04
1.1,177.5,6.19,79.6,52,190.0,190.6,190.0,500.0,500.0,0.0,0.0,0.0,0.3,0.05
1.1,177.6,6.19,79.4,53,190.0,190.6,190.0,500.0,500.0,0.0,0.0,0.0,0.3,0.05
1.2,177.8,6.19,79.6,54,190.0,190.6,190.0,500.0,500.0,0.0,0.0,0.0,0.3,0.05
1.2,178.1,6.19,79.6,55,190.0,190.6,190.0,500.0,500.0,0.0,0.0,0.0,0.3,0.05
1.1,178.4,6.19,79.4,56,190.0,190.5,190.0,500.0,500.0,0.0,0.0,0.0,0.3,0.05
1.1,178.7,6.19,79.6,57,190.0,190.3,190.0,500.0,500.0,0.0,0.0,0.0,0.3,0.05
1.0,178.9,6.19,79.8,58,190.0,190.3,190.0,500.0,500.0,0.0,0.0,0.0,0.3,0.05
0.9,179.1,6.19,79.6,59,190.0,190.3,190.0,500.0,500.0,0.0,0.0,0.0,0.3,0.06
0.8,179.2,6.19,79.6,60,190.0,190.1,190.0,500.0,500.0,0.0,0.0,0.0,0.3,0.06
0.8,179.3,6.19,79.8,61,190.0,190.0,190.0,500.0,500.0,0.0,0.0,0.0,0.3,0.06
0.7,179.5,6.19,79.8,62,190.0,190.0,190.0,500.0,500.0,0.0,0.0,0.0,0.3,0.06
0.7,179.6,6.19,79.6,63,190.0,190.0,190.0,500.0,500.0,0.0,0.0,0.0,0.3,0.06
0.7,179.7,6.19,79.8,64,190.0,190.0,190.0,500.0,500.0,0.0,0.0,0.0,0.3,0.06
0.6,179.8,6.19,79.8,65,190.0,190.0,190.0,500.0,500.0,0.0,0.0,0.0,0.3,0.06
0.5,179.9,6.19,79.6,66,190.0,190.0,190.0,500.0,500.0,0.0,0.0,0.0,0.3,0.06
0.5,180.1,6.19,79.6,67,190.0,190.0,190.0,500.0,500.0,0.0,0.0,0.0,0.3,0.06
0.6,180.2,6.19,79.8,68,190.0,190.0,190.0,500.0,500.0,0.0,0.0,0.0,0.3,0.06
0.6,180.4,6.19,79.6,69,190.0,190.0,190.0,500.0,500.0,0.0,0.0,0.0,0.3,0.06
0.6,180.5,6.19,79.6,70,190.0,190.0,190.0,500.0,500.0,0.0,0.0,0.0,0.3,0.07
0.6,180.7,6.19,79.6,71,190.0,190.0,190.0,500.0,500.0,0.0,0.0,0.0,0.3,0.07
0.5,180.9,6.19,79.6,72,190.0,190.0,190.0,500.0,500.0,0.0,0.0,0.0,0.3,0.07
0.4,181.1,6.19,79.6,73,190.0,190.0,190.0,500.0,500.0,0.0,0.0,0.0,0.3,0.07
0.3,181.3,6.19,79.6,74,190.0,190.0,190.0,500.0,500.0,0.0,0.0,0.0,0.3,0.07
0.2,181.5,6.19,79.4,75,190.0,190.0,190.0,500.0,500.0,0.0,0.0,0.0,0.3,0.07
0.2,181.6,6.19,79.6,76,190.0,190.0,190.0,500.0,500.0,0.0,0.0,0.0,0.3,0.07
0.3,181.8,6.19,79.6,77,190.0,190.0,190.0,500.0,500.0,0.0,0.0,0.0,0.3,0.07
0.2,182.0,6.19,79.4,78,190.0,190.0,190.0,500.0,500.0,0.0,0.0,0.0,0.3,0.07
0.5,182.1,6.19,79.6,79,190.0,190.0,190.0,500.0,500.0,0.0,0.0,0.0,0.3,0.07
0.6,182.2,6.19,79.8,80,190.0,190.0,190.0,500.0,500.0,0.0,0.0,0.0,0.3,0.07
0.7,182.4,6.19,79.6,81,190.0,190.0,190.0,500.0,500.0,0.0,0.0,0.0,0.3,0.07
0.8,182.5,6.19,79.6,82,190.0,190.0,190.0,500.0,500.0,0.0,0.0,0.0,0.3,0.07
1.0,182.6,6.19,79.8,83,190.0,190.0,190.0,500.0,500.0,0.0,0.0,0.0,0.3,0.07
0.9,182.6,6.19,79.8,84,190.0,190.0,190.0,500.0,500.0,0.0,0.0,0.0,0.3,0.08
1.0,182.6,6.19,79.6,85,190.0,190.1,190.0,500.0,500.0,0.0,0.0,0.0,0.3,0.08
1.2,182.7,6.19,79.8,86,190.0,190.2,190.0,500.0,500.0,0.0,0.0,0.0,0.3,0.08
1.2,182.9,6.19,79.8,87,190.0,190.2,190.0,500.0,500.0,0.0,0.0,0.0,0.3,0.08
1.3,183.0,6.19,79.6,88,190.0,190.2,190.0,500.0,500.0,0.0,0.0,0.0,0.3,0.08
1.4,183.1,6.19,79.6,89,190.0,190.3,190.0,500.0,500.0,0.0,0.0,0.0,0.3,0.08
1.4,183.3,6.19,79.8,90,190.0,190.6,190.0,500.0,500.0,0.0,0.0,0.0,0.3,0.09
1.5,183.4,6.19,79.8,91,190.0,190.7,190.0,500.0,500.0,0.0,0.0,0.0,0.3,0.09
1.4,183.5,6.19,79.8,92,190.0,190.8,190.0,500.0,500.0,0.0,0.0,0.0,0.3,0.09
1.3,183.7,6.19,80.0,93,190.0,190.8,190.0,500.0,500.0,0.0,0.0,0.0,0.3,0.09
1.4,183.8,6.19,80.0,94,190.0,190.8,190.0,500.0,500.0,0.0,0.0,0.0,0.3,0.09
1.6,184.0,6.19,79.8,95,190.0,191.1,190.0,500.0,500.0,0.0,0.0,0.0,0.3,0.10
1.9,184.1,6.19,79.8,96,190.0,191.1,190.0,500.0,500.0,0.0,0.0,0.0,0.3,0.10
2.2,184.2,6.19,79.6,97,190.0,191.1,190.0,500.0,500.0,0.0,0.0,0.0,0.3,0.10
2.3,184.3,6.19,79.6,98,190.0,191.1,190.0,500.0,500.0,0.0,0.0,0.0,0.3,0.10
2.5,184.4,6.19,79.6,99,190.0,191.1,190.0,500.0,500.0,0.0,0.0,0.0,0.3,0.11
2.5,184.6,6.19,79.6,100,190.0,191.1,190.0,500.0,500.0,0.0,0.0,0.0,0.3,0.11
2.5,184.7,6.19,79.6,101,190.0,191.1,190.0,500.0,500.0,0.0,0.0,0.0,0.3,0.11
2.7,184.8,6.19,79.8,102,190.0,191.1,190.0,500.0,500.0,0.0,0.0,0.0,0.3,0.12
2.8,185.0,6.19,79.6,103,190.0,191.1,190.0,500.0,500.0,0.0,0.0,0.0,0.3,0.12
2.8,185.2,6.19,79.6,104,190.0,191.1,190.0,500.0,500.0,0.0,0.0,0.0,0.3,0.12
2.8,185.4,6.19,79.8,105,190.0,190.9,190.0,500.0,500.0,0.0,0.0,0.0,0.3,0.13
2.6,185.5,6.19,79.6,106,190.0,190.8,190.0,500.0,500.0,0.0,0.0,0.0,0.3,0.13
2.5,185.6,6.19,79.4,107,190.0,190.8,190.0,500.0,500.0,0.0,0.0,0.0,0.3,0.13
2.2,185.6,6.19,79.6,108,190.0,190.8,190.0,500.0,500.0,0.0,0.0,0.0,0.3,0.14
2.2,185.6,6.19,79.6,109,190.0,190.6,190.0,500.0,500.0,0.0,0.0,0.0,0.3,0.14
2.3,185.5,6.19,79.6,110,190.0,190.4,190.0,500.0,500.0,0.0,0.0,0.0,0.3,0.14
2.4,185.6,6.19,79.8,111,190.0,190.3,190.0,500.0,500.0,0.0,0.0,0.0,0.3,0.15
2.4,185.6,6.19,79.8,112,190.0,190.1,190.0,500.0,500.0,0.0,0.0,0.0,0.3,0.15
2.7,185.5,6.19,79.8,113,190.0,190.0,190.0,500.0,500.0,0.0,0.0,0.0,0.3,0.15
2.9,185.5,6.19,79.8,114,190.0,190.0,190.0,500.0,500.0,0.0,0.0,0.0,0.3,0.16
3.3,185.5,6.19,79.6,115,190.0,190.0,190.0,500.0,500.0,0.0,0.0,0.0,0.3,0.16
4.5,185.5,6.19,79.6,116,190.0,190.0,190.0,500.0,500.0,0.0,0.0,0.0,0.3,0.17
7.6,185.1,6.19,79.8,117,190.0,190.0,190.0,500.0,500.0,0.0,0.0,0.0,0.3,0.18
11.3,183.3,6.19,79.6,118,190.0,190.0,190.0,500.0,500.0,0.0,0.0,0.0,0.3,0.19
15.0,180.5,6.19,79.6,119,190.0,190.0,190.0,500.0,500.0,0.0,0.0,0.0,0.3,0.21
18.0,177.1,6.19,79.8,120,190.0,190.0,190.1,500.0,500.0,0.0,0.0,0.0,0.3,0.24
19.9,174.6,6.19,79.6,121,190.0,190.0,190.1,500.0,500.0,0.0,0.0,0.0,0.3,0.26
19.6,173.0,6.19,79.6,122,190.0,190.0,190.1,500.0,500.0,0.0,0.0,0.0,0.3,0.29
18.8,172.4,6.19,79.8,123,190.0,190.0,190.1,500.0,500.0,0.0,0.0,0.0,0.3,0.31
17.5,172.2,6.19,79.6,124,190.0,190.0,190.2,500.0,500.0,0.0,0.0,0.0,0.3,0.34
16.4,172.3,6.19,79.6,125,190.0,190.0,190.2,500.0,500.0,0.0,0.0,0.0,0.3,0.36
15.7,172.6,6.19,79.8,126,190.0,190.0,190.2,500.0,500.0,0.0,0.0,0.0,0.3,0.38
15.2,173.0,6.19,79.6,127,190.0,190.0,190.2,500.0,500.0,0.0,0.0,0.0,0.3,0.40
14.5,173.4,6.19,79.6,128,190.0,190.0,190.2,500.0,500.0,0.0,0.0,0.0,0.3,0.42
14.2,173.9,6.19,79.8,129,190.0,190.0,190.2,500.0,500.0,0.0,0.0,0.0,0.3,0.44
13.9,174.2,6.19,79.6,130,190.0,190.0,190.2,500.0,500.0,0.0,0.0,0.0,0.3,0.46
13.5,174.5,6.19,79.6,131,190.0,190.0,190.2,500.0,500.0,0.0,0.0,0.0,0.3,0.47
13.3,174.7,6.19,79.8,132,190.0,190.0,190.2,500.0,500.0,0.0,0.0,0.0,0.3,0.49
13.0,175.1,6.19,79.8,133,190.0,190.3,190.2,500.0,500.0,0.0,0.0,0.0,0.3,0.51
12.8,175.6,6.19,79.6,134,190.0,190.4,190.2,500.0,500.0,0.0,0.0,0.0,0.3,0.53
13.0,176.2,6.19,79.8,135,190.0,190.5,190.2,500.0,500.0,0.0,0.0,0.0,0.3,0.54
12.8,176.7,6.19,79.8,136,190.0,190.5,190.2,500.0,500.0,0.0,0.0,0.0,0.3,0.56
12.8,177.2,6.19,79.6,137,190.0,190.5,190.2,500.0,500.0,0.0,0.0,0.0,0.3,0.58
12.6,177.8,6.19,79.6,138,190.0,190.7,190.2,500.0,500.0,0.0,0.0,0.0,0.3,0.60
12.5,178.3,6.19,79.6,139,190.0,190.9,190.2,500.0,500.0,0.0,0.0,0.0,0.3,0.61
12.3,178.9,6.19,79.6,140,190.0,191.0,190.2,500.0,500.0,0.0,0.0,0.0,0.3,0.63
12.3,179.3,6.19,79.6,141,190.0,191.0,190.2,500.0,500.0,0.0,0.0,0.0,0.3,0.64
12.2,179.8,6.19,79.8,142,190.0,191.0,190.1,500.0,500.0,0.0,0.0,0.0,0.3,0.66
12.4,180.3,6.19,79.6,143,190.0,191.1,190.1,500.0,500.0,0.0,0.0,0.0,0.3,0.68
12.0,180.8,6.19,79.8,144,190.0,191.2,190.1,500.0,500.0,0.0,0.0,0.0,0.3,0.69
12.1,181.3,6.19,79.8,145,190.0,191.2,190.1,500.0,500.0,0.0,0.0,0.0,0.3,0.71
12.0,181.7,6.19,79.6,146,190.0,191.2,190.1,500.0,500.0,0.0,0.0,0.0,0.3,0.72
11.8,182.1,6.19,79.6,147,190.0,191.2,190.1,500.0,500.0,0.0,0.0,0.0,0.3,0.74
11.8,182.5,6.19,79.8,148,190.0,191.3,190.0,500.0,500.0,0.0,0.0,0.0,0.3,0.76
12.1,182.9,6.19,79.6,149,190.0,191.3,190.0,500.0,500.0,0.0,0.0,0.0,0.3,0.77
12.0,183.2,6.19,79.6,150,190.0,191.3,190.0,500.0,500.0,0.0,0.0,0.0,0.3,0.79
12.2,183.6,6.19,79.6,151,190.0,191.0,190.0,500.0,500.0,0.0,0.0,0.0,0.3,0.80
12.3,184.0,6.19,79.6,152,190.0,191.0,190.0,500.0,500.0,0.0,0.0,0.0,0.3,0.82
12.5,184.3,6.19,79.6,153,190.0,191.0,190.0,500.0,500.0,0.0,0.0,0.0,0.3,0.84
12.3,184.7,6.19,79.8,154,190.0,190.8,190.0,500.0,500.0,0.0,0.0,0.0,0.3,0.85
12.3,185.0,6.19,79.6,155,190.0,190.6,190.0,500.0,500.0,0.0,0.0,0.0,0.3,0.87
12.1,185.3,6.19,79.8,156,190.0,190.5,190.0,500.0,500.0,0.0,0.0,0.0,0.3,0.89
11.8,185.7,6.19,79.8,157,190.0,190.4,190.0,500.0,500.0,0.0,0.0,0.0,0.3,0.90
11.5,186.0,6.19,79.6,158,190.0,190.3,190.0,500.0,500.0,0.0,0.0,0.0,0.3,0.92
11.6,186.3,6.19,79.6,159,190.0,190.2,190.0,500.0,500.0,0.0,0.0,0.0,0.3,0.93
11.6,186.5,6.19,79.8,160,190.0,190.2,190.0,500.0,500.0,0.0,0.0,0.0,0.3,0.95
11.7,186.7,6.19,79.6,161,190.0,190.0,190.0,500.0,500.0,0.0,0.0,0.0,0.3,0.96
11.9,186.8,6.19,79.6,162,190.0,190.0,190.0,500.0,500.0,0.0,0.0,0.0,0.3,0.98
11.7,187.1,6.19,79.8,163,190.0,190.0,190.0,500.0,500.0,0.0,0.0,0.0,0.3,0.99
11.5,187.4,6.19,79.6,164,190.0,190.0,190.0,500.0,500.0,0.0,0.0,0.0,0.3,1.01
11.7,187.6,6.19,79.6,165,190.0,190.0,190.0,500.0,500.0,0.0,0.0,0.0,0.3,1.03
11.5,187.8,6.19,79.6,166,190.0,190.0,190.0,500.0,500.0,0.0,0.0,0.0,0.3,1.04
11.4,188.0,6.19,79.6,167,190.0,190.0,190.0,500.0,500.0,0.0,0.0,0.0,0.3,1.06
11.5,188.3,6.19,79.6,168,190.0,190.0,190.0,500.0,500.0,0.0,0.0,0.0,0.3,1.07
11.6,188.5,6.19,79.8,169,190.0,190.0,190.0,500.0,500.0,0.0,0.0,0.0,0.3,1.09
11.3,188.7,6.19,79.6,170,190.0,190.0,190.0,500.0,500.0,0.0,0.0,0.0,0.3,1.10
11.3,188.9,6.19,79.8,171,190.0,190.0,190.0,500.0,500.0,0.0,0.0,0.0,0.3,1.12
11.2,189.1,6.19,79.8,172,190.0,190.0,190.0,500.0,500.0,0.0,0.0,0.0,0.3,1.13
11.4,189.3,6.19,79.6,173,190.0,190.0,190.0,500.0,500.0,0.0,0.0,0.0,0.3,1.15
11.4,189.5,6.19,79.6,174,190.0,190.0,190.0,500.0,500.0,0.0,0.0,0.0,0.3,1.16
11.5,189.7,6.19,79.8,175,190.0,190.0,190.0,500.0,500.0,0.0,0.0,0.0,0.3,1.18
11.6,189.9,6.19,79.6,176,190.0,190.0,190.0,500.0,500.0,0.0,0.0,0.0,0.3,1.19
11.6,190.0,6.19,79.6,177,190.0,190.0,190.0,500.0,500.0,0.0,0.0,0.0,0.3,1.21
11.4,190.2,6.19,79.8,178,190.0,190.0,190.0,500.0,500.0,0.0,0.0,0.0,0.3,1.22
11.6,190.4,6.19,79.6,179,190.0,190.0,190.0,500.0,500.0,0.0,0.0,0.0,0.3,1.24
11.4,190.5,6.19,79.4,180,190.0,190.0,190.0,500.0,500.0,0.0,0.0,0.0,0.3,1.25
11.4,190.7,6.19,79.6,181,190.0,190.0,190.0,500.0,500.0,0.0,0.0,0.0,0.3,1.27
11.6,190.9,6.19,79.6,182,190.0,190.0,190.0,500.0,500.0,0.0,0.0,0.0,0.3,1.28
11.4,191.0,6.19,79.6,183,190.0,190.2,190.0,500.0,500.0,0.0,0.0,0.0,0.3,1.30
11.2,191.1,6.19,79.8,184,190.0,190.3,190.0,500.0,500.0,0.0,0.0,0.0,0.3,1.31
11.1,191.3,6.19,79.8,185,190.0,190.4,190.0,500.0,500.0,0.0,0.0,0.0,0.3,1.33
11.1,191.4,6.19,79.8,186,190.0,190.5,190.0,500.0,500.0,0.0,0.0,0.0,0.3,1.34
11.0,191.6,6.19,79.8,187,190.0,190.6,190.0,500.0,500.0,0.0,0.0,0.0,0.3,1.36
11.0,191.7,6.19,79.6,188,190.0,190.7,190.0,500.0,500.0,0.0,0.0,0.0,0.3,1.37
11.0,191.8,6.19,79.6,189,190.0,190.7,190.0,500.0,500.0,0.0,0.0,0.0,0.3,1.39
11.2,192.0,6.19,79.8,190,190.0,190.8,190.0,500.0,500.0,0.0,0.0,0.0,0.3,1.40
11.0,192.1,6.19,79.8,191,190.0,190.9,190.0,500.0,500.0,0.0,0.0,0.0,0.3,1.42
11.2,192.2,6.19,79.6,192,190.0,190.9,190.0,500.0,500.0,0.0,0.0,0.0,0.3,1.43
11.2,192.4,6.19,79.8,193,190.0,190.9,190.0,500.0,500.0,0.0,0.0,0.0,0.3,1.45
11.1,192.5,6.19,79.8,194,190.0,190.9,190.0,500.0,500.0,0.0,0.0,0.0,0.3,1.46
11.2,192.6,6.19,79.6,195,190.0,190.9,190.0,500.0,500.0,0.0,0.0,0.0,0.3,1.48
11.4,192.7,6.19,79.6,196,190.1,191.0,190.0,500.0,500.0,0.0,0.0,0.0,0.3,1.49
11.1,192.8,6.19,79.6,197,190.1,191.0,190.0,500.0,500.0,0.0,0.0,0.0,0.3,1.51
11.3,193.0,6.19,79.6,198,190.1,191.0,190.0,500.0,500.0,0.0,0.0,0.0,0.3,1.52
11.2,193.1,6.19,79.6,199,190.1,191.0,190.0,500.0,500.0,0.0,0.0,0.0,0.3,1.54
11.3,193.2,6.19,79.6,200,190.2,190.8,190.0,500.0,500.0,0.0,0.0,0.0,0.3,1.55
11.2,193.3,6.19,79.4,201,190.2,190.6,190.0,500.0,500.0,0.0,0.0,0.0,0.3,1.57
11.2,193.4,6.19,79.6,202,190.2,190.6,190.0,500.0,500.0,0.0,0.0,0.0,0.3,1.58
11.3,193.5,6.19,79.6,203,190.2,190.6,190.0,500.0,500.0,0.0,0.0,0.0,0.3,1.60
11.4,193.6,6.19,79.4,204,190.2,190.6,190.0,500.0,500.0,0.0,0.0,0.0,0.3,1.61
11.2,193.7,6.19,79.6,205,190.2,190.4,190.0,500.0,500.0,0.0,0.0,0.0,0.3,1.63
11.4,193.8,6.19,79.8,206,190.2,190.2,190.0,500.0,500.0,0.0,0.0,0.0,0.3,1.64
11.3,193.9,6.19,79.6,207,190.2,190.1,190.0,500.0,500.0,0.0,0.0,0.0,0.3,1.66
11.0,194.1,6.19,79.6,208,190.2,190.0,190.0,500.0,500.0,0.0,0.0,0.0,0.3,1.67
11.1,194.2,6.19,79.8,209,190.2,190.0,190.0,500.0,500.0,0.0,0.0,0.0,0.3,1.68
11.1,194.3,6.19,79.6,210,190.2,190.0,190.0,500.0,500.0,0.0,0.0,0.0,0.3,1.70
11.0,194.4,6.19,79.6,211,190.3,190.0,190.1,500.0,500.0,0.0,0.0,0.0,0.3,1.71
11.2,194.5,6.19,79.6,212,190.3,190.0,190.1,500.0,500.0,0.0,0.0,0.0,0.3,1.73
11.3,194.6,6.19,79.6,213,190.3,190.0,190.1,500.0,500.0,0.0,0.0,0.0,0.3,1.74
11.2,194.7,6.19,79.6,214,190.3,190.0,190.1,500.0,500.0,0.0,0.0,0.0,0.3,1.76
11.2,194.8,6.19,79.8,215,190.3,190.0,190.2,500.0,500.0,0.0,0.0,0.0,0.3,1.77
11.3,194.9,6.19,79.6,216,190.3,190.0,190.2,500.0,500.0,0.0,0.0,0.0,0.3,1.79
11.2,195.0,6.19,79.8,217,190.3,190.0,190.2,500.0,500.0,0.0,0.0,0.0,0.3,1.80
11.1,195.1,6.19,79.8,218,190.3,190.0,190.2,500.0,500.0,0.0,0.0,0.0,0.3,1.82
11.1,195.2,6.19,79.6,219,190.3,190.0,190.3,500.0,500.0,0.0,0.0,0.0,0.3,1.83
11.3,195.3,6.19,79.6,220,190.3,190.0,190.3,500.0,500.0,0.0,0.0,0.0,0.3,1.85
11.2,195.4,6.19,79.8,221,190.3,190.0,190.3,500.0,500.0,0.0,0.0,0.0,0.3,1.86
11.2,195.4,6.19,79.6,222,190.3,190.0,190.3,500.0,500.0,0.0,0.0,0.0,0.3,1.88
11.3,195.5,6.19,79.6,223,190.3,190.0,190.3,500.0,500.0,0.0,0.0,0.0,0.3,1.89
11.2,195.6,6.19,79.8,224,190.3,190.0,190.3,500.0,500.0,0.0,0.0,0.0,0.3,1.91
11.1,195.6,6.19,79.8,225,190.3,190.0,190.3,500.0,500.0,0.0,0.0,0.0,0.3,1.92
11.2,195.7,6.19,79.8,226,190.3,190.0,190.4,500.0,500.0,0.0,0.0,0.0,0.3,1.94
11.2,195.7,6.19,79.8,227,190.3,190.0,190.4,500.0,500.0,0.0,0.0,0.0,0.3,1.95
11.3,195.8,6.19,79.8,228,190.3,190.0,190.4,500.0,500.0,0.0,0.0,0.0,0.3,1.97
11.3,195.9,6.19,79.8,229,190.3,190.0,190.4,500.0,500.0,0.0,0.0,0.0,0.3,1.98
11.2,196.0,6.19,79.8,230,190.3,190.0,190.4,500.0,500.0,0.0,0.0,0.0,0.3,2.00
11.2,196.1,6.19,79.6,231,190.3,190.0,190.4,500.0,500.0,0.0,0.0,0.0,0.3,2.01
11.3,196.3,6.19,79.8,232,190.3,190.1,190.4,500.0,500.0,0.0,0.0,0.0,0.3,2.03
11.1,196.4,6.19,79.8,233,190.3,190.3,190.5,500.0,500.0,0.0,0.0,0.0,0.3,2.04
11.4,196.5,6.19,79.6,234,190.3,190.4,190.6,500.0,500.0,0.0,0.0,0.0,0.3,2.06
11.4,196.5,6.19,79.6,235,190.3,190.4,190.6,500.0,500.0,0.0,0.0,0.0,0.3,2.07
11.3,196.6,6.19,79.8,236,190.4,190.4,190.6,500.0,500.0,0.0,0.0,0.0,0.3,2.09
11.3,196.7,6.19,79.6,237,190.4,190.5,190.6,500.0,500.0,0.0,0.0,0.0,0.3,2.10
11.4,196.8,6.19,79.6,238,190.4,190.6,190.6,500.0,500.0,0.0,0.0,0.0,0.3,2.12
11.3,196.9,6.19,79.8,239,190.4,190.6,190.6,500.0,500.0,0.0,0.0,0.0,0.3,2.13
11.4,197.0,6.19,79.6,240,190.4,190.6,190.6,500.0,500.0,0.0,0.0,0.0,0.3,2.15
11.3,197.1,6.19,79.6,241,190.4,190.6,190.6,500.0,500.0,0.0,0.0,0.0,0.3,2.16
11.4,197.1,6.19,79.8,242,190.4,190.7,190.6,500.0,500.0,0.0,0.0,0.0,0.3,2.18
11.4,197.2,6.19,79.8,243,190.4,190.7,190.6,500.0,500.0,0.0,0.0,0.0,0.3,2.19
11.3,197.3,6.19,79.8,244,190.4,190.7,190.6,500.0,500.0,0.0,0.0,0.0,0.3,2.21
11.3,197.4,6.19,80.0,245,190.4,190.7,190.6,500.0,500.0,0.0,0.0,0.0,0.3,2.22
11.4,197.4,6.19,79.8,246,190.4,190.7,190.6,500.0,500.0,0.0,0.0,0.0,0.3,2.24
11.3,197.5,6.19,79.8,247,190.4,190.6,190.6,500.0,500.0,0.0,0.0,0.0,0.3,2.25
11.4,197.6,6.19,79.8,248,190.4,190.4,190.6,500.0,500.0,0.0,0.0,0.0,0.3,2.27
11.4,197.6,6.19,79.6,249,190.4,190.4,190.6,500.0,500.0,0.0,0.0,0.0,0.3,2.28
11.4,197.7,6.19,79.6,250,190.4,190.4,190.5,500.0,500.0,0.0,0.0,0.0,0.3,2.30
11.3,197.8,6.19,79.8,251,190.4,190.4,190.5,500.0,500.0,0.0,0.0,0.0,0.3,2.31
11.3,197.9,6.19,79.8,252,190.4,190.2,190.5,500.0,500.0,0.0,0.0,0.0,0.3,2.33
11.2,198.0,6.19,79.6,253,190.4,190.1,190.5,500.0,500.0,0.0,0.0,0.0,0.3,2.34
11.3,198.0,6.19,79.8,254,190.4,190.1,190.5,500.0,500.0,0.0,0.0,0.0,0.3,2.36
11.3,198.1,6.19,79.8,255,190.4,190.1,190.5,500.0,500.0,0.0,0.0,0.0,0.3,2.37
11.5,198.2,6.19,79.6,256,190.4,190.0,190.5,500.0,500.0,0.0,0.0,0.0,0.3,2.39
11.4,198.3,6.19,79.6,257,190.4,190.0,190.4,500.0,500.0,0.0,0.0,0.0,0.3,2.40
11.4,198.4,6.19,79.8,258,190.4,190.0,190.4,500.0,500.0,0.0,0.0,0.0,0.3,2.42
11.5,198.4,6.19,79.6,259,190.4,190.0,190.4,500.0,500.0,0.0,0.0,0.0,0.3,2.43
11.5,198.4,6.19,79.6,260,190.3,190.0,190.4,500.0,500.0,0.0,0.0,0.0,0.3,2.45
11.3,198.4,6.19,79.6,261,190.3,190.0,190.4,500.0,500.0,0.0,0.0,0.0,0.3,2.46
11.5,198.5,6.19,79.6,262,190.3,190.0,190.4,500.0,500.0,0.0,0.0,0.0,0.3,2.48
11.5,198.5,6.19,79.6,263,190.3,190.0,190.4,500.0,500.0,0.0,0.0,0.0,0.3,2.50
11.3,198.6,6.19,79.6,264,190.3,190.0,190.4,500.0,500.0,0.0,0.0,0.0,0.3,2.51
11.4,198.7,6.19,79.6,265,190.3,190.0,190.4,500.0,500.0,0.0,0.0,0.0,0.3,2.53
11.5,198.7,6.19,79.8,266,190.3,190.0,190.3,500.0,500.0,0.0,0.0,0.0,0.3,2.54
11.3,198.7,6.19,79.8,267,190.3,190.0,190.3,500.0,500.0,0.0,0.0,0.0,0.3,2.56
11.3,198.8,6.19,79.6,268,190.3,190.0,190.3,500.0,500.0,0.0,0.0,0.0,0.3,2.57
11.3,198.9,6.19,79.8,269,190.3,190.0,190.3,500.0,500.0,0.0,0.0,0.0,0.3,2.59
11.3,198.9,6.19,79.8,270,190.3,190.0,190.3,500.0,500.0,0.0,0.0,0.0,0.3,2.60
11.3,199.0,6.19,79.6,271,190.3,190.0,190.3,500.0,500.0,0.0,0.0,0.0,0.3,2.62
11.4,199.0,6.19,79.6,272,190.3,190.0,190.3,500.0,500.0,0.0,0.0,0.0,0.3,2.63
11.4,199.1,6.19,79.6,273,190.3,190.0,190.2,500.0,500.0,0.0,0.0,0.0,0.3,2.65
11.3,199.2,6.19,79.6,274,190.3,190.0,190.2,500.0,500.0,0.0,0.0,0.0,0.3,2.66
11.3,199.2,6.19,79.6,275,190.3,190.0,190.2,500.0,500.0,0.0,0.0,0.0,0.3,2.68
11.4,199.2,6.19,79.6,276,190.3,190.0,190.2,500.0,500.0,0.0,0.0,0.0,0.3,2.69
11.4,199.3,6.19,79.6,277,190.3,190.0,190.2,500.0,500.0,0.0,0.0,0.0,0.3,2.71
11.6,199.4,6.19,79.8,278,190.3,190.0,190.2,500.0,500.0,0.0,0.0,0.0,0.3,2.72
11.6,199.4,6.19,79.6,279,190.3,190.0,190.2,500.0,500.0,0.0,0.0,0.0,0.3,2.74
11.6,199.5,6.19,79.4,280,190.3,190.1,190.2,500.0,500.0,0.0,0.0,0.0,0.3,2.75
11.7,199.6,6.19,79.6,281,190.3,190.1,190.2,500.0,500.0,0.0,0.0,0.0,0.3,2.77
11.7,199.6,6.19,79.6,282,190.3,190.1,190.1,500.0,500.0,0.0,0.0,0.0,0.3,2.78
11.6,199.6,6.19,79.4,283,190.3,190.4,190.1,500.0,500.0,0.0,0.0,0.0,0.3,2.80
11.5,199.7,6.19,79.6,284,190.3,190.5,190.1,500.0,500.0,0.0,0.0,0.0,0.3,2.81
11.5,199.7,6.19,79.6,285,190.4,190.6,190.1,500.0,500.0,0.0,0.0,0.0,0.3,2.83
11.4,199.7,6.19,79.6,286,190.4,190.6,190.1,500.0,500.0,0.0,0.0,0.0,0.3,2.84
11.4,199.8,6.19,79.6,287,190.4,190.6,190.1,500.0,500.0,0.0,0.0,0.0,0.3,2.86
11.4,199.8,6.19,79.6,288,190.4,190.6,190.1,500.0,500.0,0.0,0.0,0.0,0.3,2.87
11.5,199.8,6.19,79.6,289,190.4,190.7,190.1,500.0,500.0,0.0,0.0,0.0,0.3,2.89
11.5,199.9,6.19,79.8,290,190.4,190.8,190.1,500.0,500.0,0.0,0.0,0.0,0.3,2.91
11.4,200.0,6.19,79.6,291,190.4,190.8,190.1,500.0,500.0,0.0,0.0,0.0,0.3,2.92
11.4,200.0,6.19,79.4,292,190.4,190.8,190.1,500.0,500.0,0.0,0.0,0.0,0.3,2.94
11.3,200.1,6.19,79.6,293,190.4,190.8,190.1,500.0,500.0,0.0,0.0,0.0,0.3,2.95
11.3,200.2,6.19,79.6,294,190.4,190.8,190.1,500.0,500.0,0.0,0.0,0.0,0.3,2.97
11.4,200.2,6.19,79.4,295,190.4,190.8,190.1,500.0,500.0,0.0,0.0,0.0,0.3,2.98
11.5,200.2,6.19,79.6,296,190.4,190.8,190.1,500.0,500.0,0.0,0.0,0.0,0.3,3.00
11.6,200.3,6.19,79.6,297,190.4,190.7,190.1,500.0,500.0,0.0,0.0,0.0,0.3,3.01
11.7,200.4,6.19,79.6,298,190.4,190.5,190.1,500.0,500.0,0.0,0.0,0.0,0.3,3.03
11.7,200.4,6.19,79.6,299,190.4,190.5,190.2,500.0,500.0,0.0,0.0,0.0,0.3,3.04
11.7,200.4,6.19,79.6,300,190.4,190.5,190.2,500.0,500.0,0.0,0.0,0.0,0.3,3.06
11.6,200.5,6.19,79.6,301,190.4,190.3,190.2,500.0,500.0,0.0,0.0,0.0,0.3,3.07
11.5,200.5,6.19,79.8,302,190.4,190.1,190.2,500.0,500.0,0.0,0.0,0.0,0.3,3.09
11.6,200.6,6.19,79.8,303,190.4,190.1,190.2,500.0,500.0,0.0,0.0,0.0,0.3,3.10
11.7,200.7,6.19,79.6,304,190.4,190.1,190.2,500.0,500.0,0.0,0.0,0.0,0.3,3.12
11.7,200.7,6.18,79.8,305,190.4,190.1,190.2,500.0,500.0,0.0,0.0,0.0,0.3,3.13
11.7,200.7,6.18,79.8,306,190.4,190.0,190.2,500.0,500.0,0.0,0.0,0.0,0.3,3.15
11.6,200.8,6.18,79.6,307,190.4,190.0,190.3,500.0,500.0,0.0,0.0,0.0,0.3,3.17
11.5,200.8,6.18,79.6,308,190.4,190.0,190.3,500.0,500.0,0.0,0.0,0.0,0.3,3.18
11.4,200.8,6.18,79.6,309,190.4,190.0,190.3,500.0,500.0,0.0,0.0,0.0,0.3,3.20
11.3,200.9,6.19,79.6,310,190.4,190.0,190.3,500.0,500.0,0.0,0.0,0.0,0.3,3.21
11.5,201.0,6.19,79.6,311,190.4,190.0,190.4,500.0,500.0,0.0,0.0,0.0,0.3,3.23
11.6,201.1,6.19,79.8,312,190.4,190.0,190.5,500.0,500.0,0.0,0.0,0.0,0.3,3.24
11.6,201.1,6.19,79.6,313,190.4,190.0,190.5,500.0,500.0,0.0,0.0,0.0,0.3,3.26
11.6,201.2,6.19,79.8,314,190.5,190.0,190.5,500.0,500.0,0.0,0.0,0.0,0.3,3.27
11.6,201.2,6.19,79.8,315,190.5,190.0,190.5,500.0,500.0,0.0,0.0,0.0,0.3,3.29
11.5,201.2,6.19,79.6,316,190.5,190.0,190.5,500.0,500.0,0.0,0.0,0.0,0.3,3.30
11.5,201.3,6.19,79.6,317,190.5,190.0,190.6,500.0,500.0,0.0,0.0,0.0,0.3,3.32
11.6,201.4,6.19,79.8,318,190.5,190.0,190.6,500.0,500.0,0.0,0.0,0.0,0.3,3.33
11.7,201.4,6.19,79.6,319,190.6,190.0,190.6,500.0,500.0,0.0,0.0,0.0,0.3,3.35
11.8,201.4,6.19,79.6,320,190.6,190.0,190.6,500.0,500.0,0.0,0.0,0.0,0.3,3.37
11.8,201.4,6.19,79.8,321,190.6,190.0,190.6,500.0,500.0,0.0,0.0,0.0,0.3,3.38
11.6,201.5,6.19,79.6,322,190.6,190.0,190.7,500.0,500.0,0.0,0.0,0.0,0.3,3.40
11.6,201.5,6.19,79.6,323,190.6,190.0,190.7,500.0,500.0,0.0,0.0,0.0,0.3,3.41
11.6,201.5,6.19,79.8,324,190.6,190.0,190.7,500.0,500.0,0.0,0.0,0.0,0.3,3.43
11.5,201.6,6.19,79.6,325,190.6,190.0,190.7,500.0,500.0,0.0,0.0,0.0,0.3,3.44
11.6,201.6,6.19,79.6,326,190.6,190.1,190.7,500.0,500.0,0.0,0.0,0.0,0.3,3.46
11.7,201.6,6.19,79.8,327,190.6,190.2,190.8,500.0,500.0,0.0,0.0,0.0,0.3,3.47
11.7,201.7,6.19,79.6,328,190.6,190.3,190.8,500.0,500.0,0.0,0.0,0.0,0.3,3.49
11.6,201.7,6.19,79.6,329,190.6,190.4,190.8,500.0,500.0,0.0,0.0,0.0,0.3,3.50
11.7,201.7,6.19,79.8,330,190.6,190.5,190.8,500.0,500.0,0.0,0.0,0.0,0.3,3.52
11.6,201.8,6.19,79.6,331,190.6,190.5,190.9,500.0,500.0,0.0,0.0,0.0,0.3,3.54
11.5,201.8,6.19,79.6,332,190.6,190.5,190.9,500.0,500.0,0.0,0.0,0.0,0.3,3.55
11.5,201.8,6.19,79.8,333,190.6,190.6,190.9,500.0,500.0,0.0,0.0,0.0,0.3,3.57
11.5,201.9,6.19,79.6,334,190.6,190.8,190.9,500.0,500.0,0.0,0.0,0.0,0.3,3.58
11.6,202.0,6.19,79.6,335,190.6,190.9,190.9,500.0,500.0,0.0,0.0,0.0,0.3,3.60
11.8,202.0,6.19,79.6,336,190.6,190.9,190.9,500.0,500.0,0.0,0.0,0.0,0.3,3.61
11.8,202.0,6.19,79.6,337,190.6,191.0,191.0,500.0,500.0,0.0,0.0,0.0,0.3,3.63
11.8,202.1,6.19,79.6,338,190.6,191.1,191.0,500.0,500.0,0.0,0.0,0.0,0.3,3.64
11.8,202.1,6.19,79.8,339,190.6,191.1,191.0,500.0,500.0,0.0,0.0,0.0,0.3,3.66
11.9,202.2,6.19,79.6,340,190.6,191.1,191.0,500.0,500.0,0.0,0.0,0.0,0.3,3.68
11.9,202.2,6.19,79.8,341,190.6,191.1,191.0,500.0,500.0,0.0,0.0,0.0,0.3,3.69
11.9,202.2,6.19,79.8,342,190.6,191.1,191.0,500.0,500.0,0.0,0.0,0.0,0.3,3.71
12.0,202.3,6.19,79.6,343,190.6,191.0,191.1,500.0,500.0,0.0,0.0,0.0,0.3,3.72
12.0,202.3,6.19,79.6,344,190.6,190.9,191.1,500.0,500.0,0.0,0.0,0.0,0.3,3.74
11.8,202.3,6.19,79.8,345,190.6,190.9,191.1,500.0,500.0,0.0,0.0,0.0,0.3,3.75
11.9,202.4,6.19,79.8,346,190.6,190.9,191.1,500.0,500.0,0.0,0.0,0.0,0.3,3.77
11.8,202.4,6.19,79.8,347,190.6,190.9,191.1,500.0,500.0,0.0,0.0,0.0,0.3,3.79
11.8,202.4,6.19,80.0,348,190.6,190.9,191.1,500.0,500.0,0.0,0.0,0.0,0.3,3.80
11.8,202.5,6.19,80.0,349,190.6,190.8,191.1,500.0,500.0,0.0,0.0,0.0,0.3,3.82
11.7,202.5,6.19,80.0,350,190.6,190.7,191.1,500.0,500.0,0.0,0.0,0.0,0.3,3.83
11.5,202.6,6.19,79.8,351,190.6,190.7,191.1,500.0,500.0,0.0,0.0,0.0,0.3,3.85
11.6,202.7,6.19,79.8,352,190.6,190.7,191.2,500.0,500.0,0.0,0.0,0.0,0.3,3.86
11.7,202.7,6.19,79.8,353,190.6,190.6,191.3,500.0,500.0,0.0,0.0,0.0,0.3,3.88
11.8,202.8,6.19,79.8,354,190.7,190.4,191.3,500.0,500.0,0.0,0.0,0.0,0.3,3.89
11.9,202.8,6.19,79.6,355,190.7,190.3,191.3,500.0,500.0,0.0,0.0,0.0,0.3,3.91
11.9,202.8,6.19,79.8,356,190.7,190.3,191.3,500.0,500.0,0.0,0.0,0.0,0.3,3.93
11.9,202.9,6.19,79.8,357,190.7,190.3,191.3,500.0,500.0,0.0,0.0,0.0,0.3,3.94
11.8,202.9,6.19,79.6,358,190.7,190.1,191.3,500.0,500.0,0.0,0.0,0.0,0.3,3.96
11.7,203.0,6.19,79.6,359,190.8,190.0,191.3,500.0,500.0,0.0,0.0,0.0,0.3,3.97
11.7,203.0,6.19,79.8,360,190.8,190.0,191.3,500.0,500.0,0.0,0.0,0.0,0.3,3.99
11.8,203.0,6.19,79.8,361,190.8,190.0,191.3,500.0,500.0,0.0,0.0,0.0,0.3,4.00
11.8,203.0,6.19,79.8,362,190.8,190.0,191.3,500.0,500.0,0.0,0.0,0.0,0.3,4.02
11.9,203.0,6.19,79.8,363,190.8,190.0,191.3,500.0,500.0,0.0,0.0,0.0,0.3,4.04
11.9,203.1,6.19,79.8,364,190.8,190.0,191.3,500.0,500.0,0.0,0.0,0.0,0.3,4.05
11.8,203.1,6.19,79.8,365,190.8,190.0,191.3,500.0,500.0,0.0,0.0,0.0,0.3,4.07
11.7,203.1,6.19,79.8,366,190.8,190.0,191.3,500.0,500.0,0.0,0.0,0.0,0.3,4.08
11.7,203.2,6.19,79.6,367,190.8,190.0,191.3,500.0,500.0,0.0,0.0,0.0,0.3,4.10
11.7,203.2,6.19,79.8,368,190.8,190.0,191.4,500.0,500.0,0.0,0.0,0.0,0.3,4.11
11.8,203.2,6.19,79.8,369,190.8,190.0,191.4,500.0,500.0,0.0,0.0,0.0,0.3,4.13
11.9,203.2,6.19,79.6,370,190.8,190.0,191.4,500.0,500.0,0.0,0.0,0.0,0.3,4.15
11.9,203.3,6.19,79.6,371,190.9,190.0,191.4,500.0,500.0,0.0,0.0,0.0,0.3,4.16
11.9,203.3,6.19,79.8,372,190.9,190.0,191.4,500.0,500.0,0.0,0.0,0.0,0.3,4.18
12.0,203.3,6.19,79.6,373,190.9,190.1,191.4,500.0,500.0,0.0,0.0,0.0,0.3,4.19
11.9,203.3,6.19,79.6,374,190.9,190.3,191.4,500.0,500.0,0.0,0.0,0.0,0.3,4.21
11.8,203.4,6.19,79.8,375,190.9,190.3,191.4,500.0,500.0,0.0,0.0,0.0,0.3,4.22
11.9,203.4,6.19,79.6,376,190.9,190.3,191.4,500.0,500.0,0.0,0.0,0.0,0.3,4.24
12.0,203.4,6.19,79.6,377,190.9,190.3,191.4,500.0,500.0,0.0,0.0,0.0,0.3,4.26
12.0,203.4,6.19,79.8,378,190.9,190.4,191.4,500.0,500.0,0.0,0.0,0.0,0.3,4.27
12.0,203.5,6.19,79.6,379,190.9,190.6,191.4,500.0,500.0,0.0,0.0,0.0,0.3,4.29
11.9,203.5,6.19,79.6,380,190.9,190.6,191.4,500.0,500.0,0.0,0.0,0.0,0.3,4.30
11.8,203.5,6.19,79.8,381,190.9,190.6,191.4,500.0,500.0,0.0,0.0,0.0,0.3,4.32
11.8,203.5,6.19,79.6,382,190.9,190.6,191.4,500.0,500.0,0.0,0.0,0.0,0.3,4.34
11.9,203.5,6.19,79.6,383,190.9,190.7,191.4,500.0,500.0,0.0,0.0,0.0,0.3,4.35
12.0,203.6,6.19,79.8,384,190.9,190.9,191.4,500.0,500.0,0.0,0.0,0.0,0.3,4.37
12.2,203.6,6.19,79.6,385,190.9,190.9,191.4,500.0,500.0,0.0,0.0,0.0,0.3,4.38
12.2,203.6,6.19,79.6,386,191.0,190.9,191.3,500.0,500.0,0.0,0.0,0.0,0.3,4.40
12.2,203.7,6.19,79.8,387,191.0,190.9,191.3,500.0,500.0,0.0,0.0,0.0,0.3,4.42
12.1,203.7,6.19,79.6,388,191.0,190.9,191.3,500.0,500.0,0.0,0.0,0.0,0.3,4.43
12.0,203.7,6.19,79.6,389,191.0,190.9,191.3,500.0,500.0,0.0,0.0,0.0,0.3,4.45
12.1,203.7,6.19,79.8,390,191.0,190.9,191.3,500.0,500.0,0.0,0.0,0.0,0.3,4.46
12.1,203.8,6.19,79.6,391,191.0,190.9,191.3,500.0,500.0,0.0,0.0,0.0,0.3,4.48
12.0,203.8,6.19,79.6,392,191.0,190.9,191.3,500.0,500.0,0.0,0.0,0.0,0.3,4.50
11.9,203.8,6.19,79.8,393,191.0,190.9,191.3,500.0,500.0,0.0,0.0,0.0,0.3,4.51
11.8,203.8,6.19,79.6,394,191.0,190.8,191.3,500.0,500.0,0.0,0.0,0.0,0.3,4.53
11.6,203.9,6.19,79.6,395,191.0,190.6,191.3,500.0,500.0,0.0,0.0,0.0,0.3,4.54
11.6,203.9,6.19,79.8,396,191.0,190.6,191.3,500.0,500.0,0.0,0.0,0.0,0.3,4.56
11.7,203.9,6.19,79.6,397,191.0,190.6,191.3,500.0,500.0,0.0,0.0,0.0,0.3,4.57
11.8,204.0,6.19,79.6,398,191.0,190.6,191.3,500.0,500.0,0.0,0.0,0.0,0.3,4.59
11.8,204.0,6.19,79.8,399,191.0,190.4,191.3,500.0,500.0,0.0,0.0,0.0,0.3,4.61
11.9,204.0,6.19,79.6,400,191.0,190.3,191.3,500.0,500.0,0.0,0.0,0.0,0.3,4.62
12.0,204.0,6.19,79.6,401,191.0,190.3,191.3,500.0,500.0,0.0,0.0,0.0,0.3,4.64
11.9,204.0,6.19,79.8,402,191.0,190.3,191.3,500.0,500.0,0.0,0.0,0.0,0.3,4.65
11.9,204.1,6.19,79.6,403,191.0,190.1,191.3,500.0,500.0,0.0,0.0,0.0,0.3,4.67
12.0,204.1,6.19,79.6,404,191.0,190.0,191.3,500.0,500.0,0.0,0.0,0.0,0.3,4.68
11.9,204.1,6.19,79.8,405,191.0,190.0,191.3,500.0,500.0,0.0,0.0,0.0,0.3,4.70
11.9,204.1,6.19,79.6,406,191.0,190.0,191.2,500.0,500.0,0.0,0.0,0.0,0.3,4.72
12.0,204.2,6.19,79.6,407,191.0,190.0,191.2,500.0,500.0,0.0,0.0,0.0,0.3,4.73
12.0,204.2,6.19,79.8,408,191.0,190.0,191.2,500.0,500.0,0.0,0.0,0.0,0.3,4.75
12.0,204.2,6.19,79.6,409,191.0,190.0,191.2,500.0,500.0,0.0,0.0,0.0,0.3,4.76
12.1,204.2,6.19,79.6,410,191.0,190.0,191.2,500.0,500.0,0.0,0.0,0.0,0.3,4.78
12.0,204.2,6.19,79.6,411,191.0,190.0,191.2,500.0,500.0,0.0,0.0,0.0,0.3,4.80
11.9,204.2,6.19,79.6,412,191.0,190.0,191.2,500.0,500.0,0.0,0.0,0.0,0.3,4.81
12.0,204.2,6.19,79.6,413,191.0,190.0,191.2,500.0,500.0,0.0,0.0,0.0,0.3,4.83
11.9,204.3,6.19,79.6,414,191.0,190.0,191.2,500.0,500.0,0.0,0.0,0.0,0.3,4.84
11.9,204.3,6.19,79.6,415,191.0,190.0,191.2,500.0,500.0,0.0,0.0,0.0,0.3,4.86
11.9,204.3,6.19,79.8,416,191.0,190.0,191.2,500.0,500.0,0.0,0.0,0.0,0.3,4.88
11.9,204.3,6.19,79.8,417,191.0,190.0,191.2,500.0,500.0,0.0,0.0,0.0,0.3,4.89
11.8,204.4,6.19,79.6,418,191.0,190.0,191.2,500.0,500.0,0.0,0.0,0.0,0.3,4.91
11.8,204.4,6.19,79.8,419,191.0,190.0,191.2,500.0,500.0,0.0,0.0,0.0,0.3,4.92
11.8,204.4,6.19,79.8,420,191.0,190.0,191.2,500.0,500.0,0.0,0.0,0.0,0.3,4.94
11.9,204.4,6.19,79.6,421,191.0,190.0,191.2,500.0,500.0,0.0,0.0,0.0,0.3,4.95
11.9,204.4,6.19,79.6,422,191.0,190.0,191.2,500.0,500.0,0.0,0.0,0.0,0.3,4.97
12.0,204.4,6.19,79.8,423,191.0,190.0,191.2,500.0,500.0,0.0,0.0,0.0,0.3,4.99
12.0,204.4,6.19,79.8,424,191.0,190.0,191.2,500.0,500.0,0.0,0.0,0.0,0.3,5.00
12.0,204.4,6.19,79.8,425,191.0,190.0,191.2,500.0,500.0,0.0,0.0,0.0,0.3,5.02
11.8,204.4,6.19,79.8,426,191.0,190.1,191.2,500.0,500.0,0.0,0.0,0.0,0.3,5.03
11.9,204.5,6.19,79.8,427,191.0,190.1,191.2,500.0,500.0,0.0,0.0,0.0,0.3,5.05
11.9,204.5,6.19,79.8,428,191.0,190.1,191.2,500.0,500.0,0.0,0.0,0.0,0.3,5.06
12.0,204.5,6.19,79.6,429,190.9,190.2,191.2,500.0,500.0,0.0,0.0,0.0,0.3,5.08
12.0,204.5,6.19,79.6,430,190.9,190.4,191.2,500.0,500.0,0.0,0.0,0.0,0.3,5.10
12.2,204.5,6.19,79.8,431,190.9,190.4,191.2,500.0,500.0,0.0,0.0,0.0,0.3,5.11
12.2,204.5,6.19,79.8,432,190.9,190.5,191.2,500.0,500.0,0.0,0.0,0.0,0.3,5.13
12.1,204.5,6.19,79.6,433,190.9,190.6,191.2,500.0,500.0,0.0,0.0,0.0,0.3,5.15
11.9,204.6,6.19,79.8,434,190.9,190.6,191.1,500.0,500.0,0.0,0.0,0.0,0.3,5.16
11.9,204.6,6.19,79.8,435,190.9,190.6,191.1,500.0,500.0,0.0,0.0,0.0,0.3,5.18
11.7,204.6,6.19,79.6,436,190.9,190.6,191.1,500.0,500.0,0.0,0.0,0.0,0.3,5.19
11.7,204.6,6.19,79.6,437,190.9,190.6,191.1,500.0,500.0,0.0,0.0,0.0,0.3,5.21
11.7,204.7,6.18,79.8,438,190.9,190.6,191.1,500.0,500.0,0.0,0.0,0.0,0.3,5.22
11.8,204.7,6.18,79.6,439,190.9,190.7,191.1,500.0,500.0,0.0,0.0,0.0,0.3,5.24
12.0,204.8,6.18,79.6,440,190.9,190.7,191.1,500.0,500.0,0.0,0.0,0.0,0.3,5.25
11.9,204.8,6.18,79.8,441,190.9,190.7,191.1,500.0,500.0,0.0,0.0,0.0,0.3,5.27
11.8,204.8,6.18,79.6,442,190.9,190.7,191.2,500.0,500.0,0.0,0.0,0.0,0.3,5.29
11.9,204.8,6.19,79.6,443,190.9,190.7,191.2,500.0,500.0,0.0,0.0,0.0,0.3,5.30
11.9,204.8,6.19,79.8,444,190.9,190.7,191.2,500.0,500.0,0.0,0.0,0.0,0.3,5.32
11.9,204.8,6.19,79.6,445,190.9,190.6,191.2,500.0,500.0,0.0,0.0,0.0,0.3,5.33
12.0,204.8,6.19,79.6,446,190.9,190.4,191.2,500.0,500.0,0.0,0.0,0.0,0.3,5.35
12.1,204.9,6.19,79.8,447,190.9,190.4,191.2,500.0,500.0,0.0,0.0,0.0,0.3,5.37
12.2,204.9,6.19,79.6,448,190.9,190.4,191.2,500.0,500.0,0.0,0.0,0.0,0.3,5.38
12.3,204.9,6.19,79.6,449,190.9,190.2,191.2,500.0,500.0,0.0,0.0,0.0,0.3,5.40
12.4,204.9,6.19,79.8,450,190.9,190.1,191.2,500.0,500.0,0.0,0.0,0.0,0.3,5.41
12.3,204.9,6.19,79.6,451,190.8,190.1,191.2,500.0,500.0,0.0,0.0,0.0,0.3,5.43
12.2,204.9,6.19,79.6,452,190.8,190.1,191.2,500.0,500.0,0.0,0.0,0.0,0.3,5.45
12.2,204.9,6.19,79.8,453,190.8,190.0,191.1,500.0,500.0,0.0,0.0,0.0,0.3,5.46
12.1,205.0,6.19,79.6,454,190.8,190.0,191.1,500.0,500.0,0.0,0.0,0.0,0.3,5.48
12.0,205.0,6.19,79.6,455,190.8,190.0,191.1,500.0,500.0,0.0,0.0,0.0,0.3,5.50
12.0,205.0,6.19,79.8,456,190.8,190.0,191.1,500.0,500.0,0.0,0.0,0.0,0.3,5.51
12.0,205.0,6.19,79.6,457,190.8,190.0,191.1,500.0,500.0,0.0,0.0,0.0,0.3,5.53
11.9,205.0,6.19,79.6,458,190.8,190.0,191.1,500.0,500.0,0.0,0.0,0.0,0.3,5.54
12.0,205.1,6.19,79.8,459,190.7,190.0,191.1,500.0,500.0,0.0,0.0,0.0,0.3,5.56
11.9,205.1,6.19,79.6,460,190.7,190.0,191.1,500.0,500.0,0.0,0.0,0.0,0.3,5.57
11.9,205.1,6.19,79.6,461,190.7,190.0,191.1,500.0,500.0,0.0,0.0,0.0,0.3,5.59
12.0,205.1,6.19,79.8,462,190.7,190.0,191.1,500.0,500.0,0.0,0.0,0.0,0.3,5.61
12.0,205.1,6.19,79.6,463,190.7,190.0,191.1,500.0,500.0,0.0,0.0,0.0,0.3,5.62
12.0,205.1,6.19,79.6,464,190.7,190.0,191.1,500.0,500.0,0.0,0.0,0.0,0.3,5.64
12.0,205.1,6.19,79.8,465,190.7,190.0,191.1,500.0,500.0,0.0,0.0,0.0,0.3,5.65
12.1,205.1,6.19,79.6,466,190.7,190.0,191.0,500.0,500.0,0.0,0.0,0.0,0.3,5.67
12.1,205.1,6.19,79.6,467,190.6,190.0,191.0,500.0,500.0,0.0,0.0,0.0,0.3,5.69
12.1,205.1,6.19,79.8,468,190.6,190.0,191.0,500.0,500.0,0.0,0.0,0.0,0.3,5.70
12.1,205.1,6.19,79.6,469,190.6,190.0,191.0,500.0,500.0,0.0,0.0,0.0,0.3,5.72
12.2,205.1,6.19,79.6,470,190.6,190.0,191.0,500.0,500.0,0.0,0.0,0.0,0.3,5.74
12.1,205.1,6.19,79.8,471,190.6,190.0,191.0,500.0,500.0,0.0,0.0,0.0,0.3,5.75
12.1,205.1,6.19,79.6,472,190.6,190.0,191.0,500.0,500.0,0.0,0.0,0.0,0.3,5.77
12.0,205.1,6.19,79.6,473,190.6,190.0,191.0,500.0,500.0,0.0,0.0,0.0,0.3,5.78
12.0,205.1,6.19,79.8,474,190.6,190.0,191.0,500.0,500.0,0.0,0.0,0.0,0.3,5.80
11.9,205.1,6.19,79.8,475,190.5,190.0,190.9,500.0,500.0,0.0,0.0,0.0,0.3,5.81
11.9,205.1,6.19,79.8,476,190.5,190.0,190.9,500.0,500.0,0.0,0.0,0.0,0.3,5.83
11.9,205.1,6.19,80.0,477,190.5,190.0,190.9,500.0,500.0,0.0,0.0,0.0,0.3,5.85
12.0,205.1,6.19,79.8,478,190.5,190.0,190.9,500.0,500.0,0.0,0.0,0.0,0.3,5.86
12.0,205.1,6.19,79.8,479,190.5,190.0,190.9,500.0,500.0,0.0,0.0,0.0,0.3,5.88
12.0,205.1,6.19,79.8,480,190.5,190.2,190.9,500.0,500.0,0.0,0.0,0.0,0.3,5.89
12.0,205.2,6.19,79.6,481,190.5,190.2,190.9,500.0,500.0,0.0,0.0,0.0,0.3,5.91
12.0,205.2,6.19,79.6,482,190.5,190.2,190.9,500.0,500.0,0.0,0.0,0.0,0.3,5.93
11.9,205.2,6.19,79.8,483,190.5,190.2,190.9,500.0,500.0,0.0,0.0,0.0,0.3,5.94
12.0,205.2,6.19,79.6,484,190.4,190.3,190.9,500.0,500.0,0.0,0.0,0.0,0.3,5.96
11.9,205.2,6.19,79.6,485,190.4,190.4,190.9,500.0,500.0,0.0,0.0,0.0,0.3,5.97
11.9,205.2,6.19,79.8,486,190.4,190.4,190.9,500.0,500.0,0.0,0.0,0.0,0.3,5.99
12.0,205.2,6.19,79.6,487,190.4,190.4,190.8,500.0,500.0,0.0,0.0,0.0,0.3,6.01
11.9,205.2,6.19,79.6,488,190.4,190.4,190.8,500.0,500.0,0.0,0.0,0.0,0.3,6.02
11.9,205.2,6.19,79.6,489,190.4,190.4,190.8,500.0,500.0,0.0,0.0,0.0,0.3,6.04
12.1,205.2,6.19,79.6,490,190.4,190.4,190.8,500.0,500.0,0.0,0.0,0.0,0.3,6.05
12.1,205.2,6.19,79.6,491,190.4,190.3,190.8,500.0,500.0,0.0,0.0,0.0,0.3,6.07
12.2,205.2,6.19,79.8,492,190.4,190.2,190.8,500.0,500.0,0.0,0.0,0.0,0.3,6.09
12.3,205.2,6.19,79.6,493,190.4,190.2,190.8,500.0,500.0,0.0,0.0,0.0,0.3,6.10
12.3,205.2,6.19,79.8,494,190.3,190.2,190.8,500.0,500.0,0.0,0.0,0.0,0.3,6.12
12.2,205.2,6.19,79.8,495,190.3,190.2,190.8,500.0,500.0,0.0,0.0,0.0,0.3,6.13
12.2,205.2,6.19,79.6,496,190.3,190.1,190.7,500.0,500.0,0.0,0.0,0.0,0.3,6.15
11.9,205.3,6.19,79.6,497,190.3,190.0,190.7,500.0,500.0,0.0,0.0,0.0,0.3,6.17
11.8,205.3,6.19,79.8,498,190.3,190.0,190.7,500.0,500.0,0.0,0.0,0.0,0.3,6.18
11.7,205.3,6.19,79.8,499,190.3,190.0,190.7,500.0,500.0,0.0,0.0,0.0,0.3,6.20
11.8,205.3,6.19,79.8,500,190.3,190.0,190.7,500.0,500.0,0.0,0.0,0.0,0.3,6.21
12.0,205.3,6.19,79.8,501,190.3,190.0,190.7,500.0,500.0,0.0,0.0,0.0,0.3,6.23
12.0,205.3,6.19,79.8,502,190.3,190.0,190.7,500.0,500.0,0.0,0.0,0.0,0.3,6.25
12.0,205.4,6.19,79.8,503,190.3,190.0,190.7,500.0,500.0,0.0,0.0,0.0,0.3,6.26
12.0,205.4,6.19,79.6,504,190.3,190.0,190.7,500.0,500.0,0.0,0.0,0.0,0.3,6.28
12.0,205.4,6.19,79.6,505,190.3,190.0,190.7,500.0,500.0,0.0,0.0,0.0,0.3,6.29
12.0,205.3,6.19,79.8,506,190.3,190.0,190.7,500.0,500.0,0.0,0.0,0.0,0.3,6.31
12.0,205.3,6.19,79.6,507,190.2,190.0,190.6,500.0,500.0,0.0,0.0,0.0,0.3,6.33
12.2,205.3,6.19,79.4,508,190.2,190.0,190.6,500.0,500.0,0.0,0.0,0.0,0.3,6.34
12.2,205.3,6.19,79.6,509,190.2,190.0,190.6,500.0,500.0,0.0,0.0,0.0,0.3,6.36
12.2,205.3,6.19,79.6,510,190.2,190.0,190.6,500.0,500.0,0.0,0.0,0.0,0.3,6.37
12.1,205.3,6.19,79.4,511,190.2,190.0,190.6,500.0,500.0,0.0,0.0,0.0,0.3,6.39
12.0,205.3,6.19,79.6,512,190.2,190.0,190.6,500.0,500.0,0.0,0.0,0.0,0.3,6.41
11.9,205.3,6.19,79.6,513,190.2,190.0,190.6,500.0,500.0,0.0,0.0,0.0,0.3,6.42
11.9,205.3,6.19,79.6,514,190.2,190.0,190.6,500.0,500.0,0.0,0.0,0.0,0.3,6.44
11.9,205.3,6.19,79.6,515,190.2,190.0,190.6,500.0,500.0,0.0,0.0,0.0,0.3,6.45
11.9,205.3,6.19,79.6,516,190.2,190.0,190.6,500.0,500.0,0.0,0.0,0.0,0.3,6.47
11.9,205.3,6.19,79.6,517,190.2,190.0,190.6,500.0,500.0,0.0,0.0,0.0,0.3,6.48
11.9,205.4,6.19,79.8,518,190.2,190.0,190.6,500.0,500.0,0.0,0.0,0.0,0.3,6.50
11.8,205.4,6.19,79.6,519,190.2,190.0,190.6,500.0,500.0,0.0,0.0,0.0,0.3,6.52
12.0,205.4,6.19,79.6,520,190.2,190.0,190.7,500.0,500.0,0.0,0.0,0.0,0.3,6.53
12.1,205.4,6.19,79.8,521,190.3,190.0,190.7,500.0,500.0,0.0,0.0,0.0,0.3,6.55
12.2,205.4,6.19,79.8,522,190.3,190.0,190.7,500.0,500.0,0.0,0.0,0.0,0.3,6.56
12.2,205.4,6.19,79.6,523,190.3,190.0,190.6,500.0,500.0,0.0,0.0,0.0,0.3,6.58
12.2,205.4,6.19,79.8,524,190.3,190.0,190.6,500.0,500.0,0.0,0.0,0.0,0.3,6.60
12.1,205.4,6.19,79.8,525,190.3,190.0,190.6,500.0,500.0,0.0,0.0,0.0,0.3,6.61
11.9,205.4,6.19,79.8,526,190.3,190.0,190.6,500.0,500.0,0.0,0.0,0.0,0.3,6.63
11.9,205.4,6.19,79.8,527,190.3,190.0,190.6,500.0,500.0,0.0,0.0,0.0,0.3,6.64
11.9,205.4,6.19,79.8,528,190.3,190.0,190.6,500.0,500.0,0.0,0.0,0.0,0.3,6.66
12.1,205.3,6.19,79.8,529,190.3,190.0,190.6,500.0,500.0,0.0,0.0,0.0,0.3,6.68
12.2,205.3,6.19,79.8,530,190.3,190.0,190.6,500.0,500.0,0.0,0.0,0.0,0.3,6.69
12.3,205.3,6.19,79.6,531,190.3,190.0,190.6,500.0,500.0,0.0,0.0,0.0,0.3,6.71
12.3,205.3,6.19,79.4,532,190.3,190.0,190.6,500.0,500.0,0.0,0.0,0.0,0.3,6.73
12.4,205.3,6.19,79.6,533,190.3,190.1,190.6,500.0,500.0,0.0,0.0,0.0,0.3,6.74
12.4,205.4,6.19,79.4,534,190.3,190.2,190.6,500.0,500.0,0.0,0.0,0.0,0.3,6.76
12.3,205.4,6.19,79.2,535,190.2,190.2,190.6,500.0,500.0,0.0,0.0,0.0,0.3,6.77
12.2,205.3,6.19,79.4,536,190.2,190.2,190.6,500.0,500.0,0.0,0.0,0.0,0.3,6.79
12.0,205.3,6.19,79.6,537,190.2,190.2,190.6,500.0,500.0,0.0,0.0,0.0,0.3,6.81
11.8,205.4,6.19,79.4,538,190.2,190.3,190.6,500.0,500.0,0.0,0.0,0.0,0.3,6.82
11.6,205.4,6.19,79.6,539,190.2,190.3,190.6,500.0,500.0,0.0,0.0,0.0,0.3,6.84
11.6,205.4,6.19,79.6,540,190.2,190.3,190.6,500.0,500.0,0.0,0.0,0.0,0.3,6.85
11.6,205.5,6.19,79.6,541,190.2,190.3,190.5,500.0,500.0,0.0,0.0,0.0,0.3,6.87
11.7,205.5,6.19,79.6,542,190.2,190.3,190.5,500.0,500.0,0.0,0.0,0.0,0.3,6.88
11.8,205.5,6.19,79.6,543,190.2,190.3,190.5,500.0,500.0,0.0,0.0,0.0,0.3,6.90
11.9,205.5,6.19,79.6,544,190.2,190.1,190.5,500.0,500.0,0.0,0.0,0.0,0.3,6.92
11.9,205.5,6.19,79.8,545,190.2,190.1,190.5,500.0,500.0,0.0,0.0,0.0,0.3,6.93
11.9,205.5,6.19,79.8,546,190.2,190.1,190.5,500.0,500.0,0.0,0.0,0.0,0.3,6.95
12.0,205.5,6.19,79.6,547,190.2,190.0,190.5,500.0,500.0,0.0,0.0,0.0,0.3,6.96
11.9,205.5,6.19,79.8,548,190.2,190.0,190.5,500.0,500.0,0.0,0.0,0.0,0.3,6.98
11.9,205.5,6.19,79.8,549,190.2,190.0,190.5,500.0,500.0,0.0,0.0,0.0,0.3,6.99
12.0,205.4,6.19,79.8,550,190.2,190.0,190.5,500.0,500.0,0.0,0.0,0.0,0.3,7.01
12.1,205.4,6.19,79.8,551,190.2,190.0,190.4,500.0,500.0,0.0,0.0,0.0,0.3,7.03
12.1,205.4,6.19,79.8,552,190.2,190.0,190.4,500.0,500.0,0.0,0.0,0.0,0.3,7.04
12.1,205.4,6.19,79.8,553,190.2,190.0,190.4,500.0,500.0,0.0,0.0,0.0,0.3,7.06
12.0,205.4,6.19,79.8,554,190.2,190.0,190.4,500.0,500.0,0.0,0.0,0.0,0.3,7.07
12.0,205.4,6.19,79.6,555,190.2,190.0,190.4,500.0,500.0,0.0,0.0,0.0,0.3,7.09
11.9,205.4,6.19,79.6,556,190.2,190.0,190.4,500.0,500.0,0.0,0.0,0.0,0.3,7.11
11.9,205.4,6.19,79.8,557,190.2,190.0,190.4,500.0,500.0,0.0,0.0,0.0,0.3,7.12
11.9,205.4,6.19,79.8,558,190.2,190.0,190.4,500.0,500.0,0.0,0.0,0.0,0.3,7.14
11.9,205.4,6.19,79.6,559,190.2,190.0,190.3,500.0,500.0,0.0,0.0,0.0,0.3,7.15
11.9,205.4,6.19,79.8,560,190.2,190.0,190.3,500.0,500.0,0.0,0.0,0.0,0.3,7.17
11.9,205.5,6.19,79.8,561,190.2,190.0,190.3,500.0,500.0,0.0,0.0,0.0,0.3,7.19
11.9,205.5,6.19,79.8,562,190.2,190.0,190.3,500.0,500.0,0.0,0.0,0.0,0.3,7.20
11.9,205.5,6.19,79.8,563,190.2,190.0,190.3,500.0,500.0,0.0,0.0,0.0,0.3,7.22
11.7,205.5,6.19,79.8,564,190.2,190.0,190.3,500.0,500.0,0.0,0.0,0.0,0.3,7.23
11.7,205.5,6.19,79.8,565,190.3,190.0,190.3,500.0,500.0,0.0,0.0,0.0,0.3,7.25
11.7,205.5,6.19,79.8,566,190.3,190.0,190.3,500.0,500.0,0.0,0.0,0.0,0.3,7.26
11.7,205.5,6.19,79.6,567,190.3,190.0,190.3,500.0,500.0,0.0,0.0,0.0,0.3,7.28
11.8,205.5,6.19,79.6,568,190.3,190.0,190.3,500.0,500.0,0.0,0.0,0.0,0.3,7.29
12.0,205.5,6.19,79.8,569,190.3,190.0,190.3,500.0,500.0,0.0,0.0,0.0,0.3,7.31
12.1,205.5,6.19,79.8,570,190.3,190.0,190.3,500.0,500.0,0.0,0.0,0.0,0.3,7.33
12.2,205.5,6.19,79.6,571,190.3,190.0,190.3,500.0,500.0,0.0,0.0,0.0,0.3,7.34
12.3,205.5,6.19,79.8,572,190.3,190.0,190.3,500.0,500.0,0.0,0.0,0.0,0.3,7.36
12.2,205.5,6.19,79.6,573,190.3,190.0,190.3,500.0,500.0,0.0,0.0,0.0,0.3,7.38
12.2,205.5,6.19,79.6,574,190.3,190.2,190.2,500.0,500.0,0.0,0.0,0.0,0.3,7.39
12.3,205.5,6.19,79.6,575,190.3,190.2,190.2,500.0,500.0,0.0,0.0,0.0,0.3,7.41
12.4,205.5,6.19,79.6,576,190.3,190.2,190.2,500.0,500.0,0.0,0.0,0.0,0.3,7.42
12.4,205.5,6.19,79.6,577,190.3,190.3,190.2,500.0,500.0,0.0,0.0,0.0,0.3,7.44
12.4,205.5,6.19,79.8,578,190.3,190.4,190.2,500.0,500.0,0.0,0.0,0.0,0.3,7.46
12.3,205.5,6.19,79.6,579,190.3,190.5,190.2,500.0,500.0,0.0,0.0,0.0,0.3,7.47
12.0,205.5,6.19,79.6,580,190.3,190.5,190.1,500.0,500.0,0.0,0.0,0.0,0.3,7.49
11.8,205.5,6.19,79.8,581,190.3,190.5,190.1,500.0,500.0,0.0,0.0,0.0,0.3,7.50
11.6,205.5,6.19,79.8,582,190.3,190.5,190.1,500.0,500.0,0.0,0.0,0.0,0.3,7.52
11.6,205.5,6.19,79.6,583,190.3,190.6,190.1,500.0,500.0,0.0,0.0,0.0,0.3,7.54
11.6,205.5,6.19,79.8,584,190.3,190.6,190.1,500.0,500.0,0.0,0.0,0.0,0.3,7.55
11.7,205.5,6.19,79.6,585,190.3,190.6,190.1,500.0,500.0,0.0,0.0,0.0,0.3,7.57
11.8,205.6,6.19,79.6,586,190.3,190.6,190.1,500.0,500.0,0.0,0.0,0.0,0.3,7.58
11.8,205.6,6.19,79.6,587,190.3,190.5,190.0,500.0,500.0,0.0,0.0,0.0,0.3,7.60
11.9,205.6,6.19,79.6,588,190.3,190.4,190.0,500.0,500.0,0.0,0.0,0.0,0.3,7.61
11.9,205.6,6.19,79.6,589,190.3,190.4,190.0,500.0,500.0,0.0,0.0,0.0,0.3,7.63
12.0,205.6,6.19,79.8,590,190.3,190.4,190.0,500.0,500.0,0.0,0.0,0.0,0.3,7.65
12.0,205.6,6.19,79.6,591,190.3,190.4,190.0,500.0,500.0,0.0,0.0,0.0,0.3,7.66
12.1,205.6,6.19,79.6,592,190.3,190.4,190.0,500.0,500.0,0.0,0.0,0.0,0.3,7.68
12.2,205.5,6.19,79.8,593,190.3,190.2,190.0,500.0,500.0,0.0,0.0,0.0,0.3,7.69
12.2,205.5,6.19,79.6,594,190.3,190.1,190.0,500.0,500.0,0.0,0.0,0.0,0.3,7.71
12.0,205.5,6.19,79.6,595,190.3,190.1,190.0,500.0,500.0,0.0,0.0,0.0,0.3,7.73
11.8,205.5,6.19,79.6,596,190.3,190.1,190.0,500.0,500.0,0.0,0.0,0.0,0.3,7.74
11.7,205.5,6.19,79.6,597,190.3,190.0,190.0,500.0,500.0,0.0,0.0,0.0,0.3,7.76
11.5,205.5,6.19,79.6,598,190.3,190.0,190.0,500.0,500.0,0.0,0.0,0.0,0.3,7.77
11.5,205.5,6.19,79.8,599,190.3,190.0,190.0,500.0,500.0,0.0,0.0,0.0,0.3,7.79
