扭矩,料温,压力,转速,时间,温度1,温度2,温度3,温度4,温度5,温度6,温度7,温度8,顶栓,能量
1.7,189.3,6.19,0.2,0,190.0,189.8,190.0,500.0,500.0,0.0,0.0,0.0,0.2,0.00
1.7,189.3,6.19,4.0,1,190.0,189.7,190.0,500.0,500.0,0.0,0.0,0.0,0.2,0.00
1.6,189.2,6.19,14.6,2,190.0,189.7,190.0,500.0,500.0,0.0,0.0,0.0,0.2,0.00
1.5,189.2,6.19,30.0,3,190.0,189.7,190.0,500.0,500.0,0.0,0.0,0.0,0.3,0.00
1.5,189.2,6.19,45.8,4,190.0,189.6,190.0,500.0,500.0,0.0,0.0,0.0,0.3,0.00
1.5,189.3,6.19,61.6,5,190.0,189.5,190.0,500.0,500.0,0.0,0.0,0.0,0.3,0.00
1.5,189.3,6.19,73.8,6,190.0,189.5,190.0,500.0,500.0,0.0,0.0,0.0,0.3,0.01
1.5,189.3,6.19,79.0,7,190.0,189.5,190.0,500.0,500.0,0.0,0.0,0.0,0.3,0.01
1.4,189.2,6.19,79.8,8,190.0,189.5,190.0,500.0,500.0,0.0,0.0,0.0,0.3,0.01
1.4,188.9,6.19,79.8,9,190.0,189.5,190.0,500.0,500.0,0.0,0.0,0.0,0.3,0.01
1.3,188.5,6.19,79.8,10,190.0,189.6,190.0,500.0,500.0,0.0,0.0,0.0,0.3,0.01
1.3,187.9,6.19,79.8,11,190.0,189.8,190.0,500.0,500.0,0.0,0.0,0.0,0.3,0.01
1.2,187.3,6.19,79.8,12,190.0,189.8,190.0,500.0,500.0,0.0,0.0,0.0,0.3,0.02
1.2,186.7,6.19,79.4,13,190.0,189.8,190.0,500.0,500.0,0.0,0.0,0.0,0.3,0.02
1.1,186.1,6.19,79.6,14,190.0,190.0,190.0,500.0,500.0,0.0,0.0,0.0,0.3,0.02
1.0,185.4,6.19,79.6,15,190.0,190.0,190.0,500.0,500.0,0.0,0.0,0.0,0.3,0.02
0.9,184.8,6.19,79.4,16,190.0,190.0,190.0,500.0,500.0,0.0,0.0,0.0,0.3,0.02
0.8,184.2,6.19,79.6,17,190.0,190.0,190.0,500.0,500.0,0.0,0.0,0.0,0.3,0.02
0.7,183.7,6.19,79.8,18,190.0,190.0,190.0,500.0,500.0,0.0,0.0,0.0,0.3,0.02
0.6,183.2,6.19,79.6,19,190.0,190.0,190.0,500.0,500.0,0.0,0.0,0.0,0.3,0.02
0.6,182.8,6.19,79.6,20,190.0,190.0,190.0,500.0,500.0,0.0,0.0,0.0,0.3,0.03
0.5,182.3,6.19,79.8,21,190.0,190.0,190.0,500.0,500.0,0.0,0.0,0.0,0.3,0.03
0.6,181.9,6.19,79.6,22,190.0,190.1,190.0,500.0,500.0,0.0,0.0,0.0,0.3,0.03
0.8,181.3,6.19,79.6,23,190.0,190.2,190.0,500.0,500.0,0.0,0.0,0.0,0.3,0.03
0.9,180.5,6.19,79.8,24,190.0,190.3,190.0,500.0,500.0,0.0,0.0,0.0,0.3,0.03
1.0,179.6,6.19,79.8,25,190.0,190.3,190.0,500.0,500.0,0.0,0.0,0.0,0.3,0.03
1.2,178.8,6.19,79.6,26,190.0,190.4,190.0,500.0,500.0,0.0,0.0,0.0,0.3,0.03
1.2,178.1,6.19,79.8,27,190.0,190.5,190.0,500.0,500.0,0.0,0.0,0.0,0.3,0.03
1.3,177.6,6.19,79.8,28,190.0,190.6,190.0,500.0,500.0,0.0,0.0,0.0,0.3,0.04
1.3,177.2,6.19,79.6,29,190.0,190.6,190.0,500.0,500.0,0.0,0.0,0.0,0.3,0.04
1.3,176.8,6.19,79.6,30,190.0,190.6,190.0,500.0,500.0,0.0,0.0,0.0,0.3,0.04
1.3,176.5,6.19,79.6,31,190.0,190.6,190.0,500.0,500.0,0.0,0.0,0.0,0.3,0.04
1.3,176.3,6.19,79.6,32,190.0,190.5,190.0,500.0,500.0,0.0,0.0,0.0,0.3,0.04
1.3,176.0,6.19,79.6,33,190.0,190.4,190.0,500.0,500.0,0.0,0.0,0.0,0.3,0.04
1.3,175.8,6.19,79.6,34,190.0,190.4,190.0,500.0,500.0,0.0,0.0,0.0,0.3,0.05
1.3,175.7,6.19,79.6,35,190.0,190.4,190.0,500.0,500.0,0.0,0.0,0.0,0.3,0.05
1.3,175.6,6.19,79.8,36,190.0,190.4,190.0,500.0,500.0,0.0,0.0,0.0,0.3,0.05
1.4,175.5,6.19,79.8,37,190.0,190.2,190.0,500.0,500.0,0.0,0.0,0.0,0.3,0.05
1.4,175.4,6.19,79.8,38,190.0,190.1,190.0,500.0,500.0,0.0,0.0,0.0,0.3,0.05
1.4,175.3,6.19,80.0,39,190.0,190.1,190.0,500.0,500.0,0.0,0.0,0.0,0.3,0.05
1.4,175.2,6.19,80.0,40,190.0,190.1,190.0,500.0,500.0,0.0,0.0,0.0,0.3,0.06
1.4,175.2,6.19,79.8,41,190.0,190.1,190.0,500.0,500.0,0.0,0.0,0.0,0.3,0.06
1.4,175.2,6.19,79.8,42,190.0,190.0,190.0,500.0,500.0,0.0,0.0,0.0,0.3,0.06
1.4,175.2,6.19,79.8,43,190.0,190.0,190.0,500.0,500.0,0.0,0.0,0.0,0.3,0.06
1.4,175.2,6.19,80.0,44,190.0,190.0,190.0,500.0,500.0,0.0,0.0,0.0,0.3,0.06
1.4,175.3,6.19,79.8,45,190.0,190.0,190.0,500.0,500.0,0.0,0.0,0.0,0.3,0.07
1.4,175.3,6.19,80.0,46,190.0,190.0,190.0,500.0,500.0,0.0,0.0,0.0,0.3,0.07
1.4,175.3,6.19,80.0,47,190.0,190.0,190.0,500.0,500.0,0.0,0.0,0.0,0.3,0.07
1.4,175.4,6.19,79.8,48,190.0,190.0,189.9,500.0,500.0,0.0,0.0,0.0,0.3,0.07
1.4,175.4,6.19,79.6,49,190.0,190.0,189.9,500.0,500.0,0.0,0.0,0.0,0.3,0.07
1.4,175.4,6.19,79.8,50,190.0,190.0,189.9,500.0,500.0,0.0,0.0,0.0,0.3,0.08
1.4,175.4,6.19,79.6,51,190.0,190.0,189.9,500.0,500.0,0.0,0.0,0.0,0.3,0.08
1.4,175.5,6.19,79.6,52,190.0,190.0,189.9,500.0,500.0,0.0,0.0,0.0,0.3,0.08
1.4,175.5,6.19,79.8,53,190.0,190.0,189.9,500.0,500.0,0.0,0.0,0.0,0.3,0.08
1.4,175.5,6.19,79.6,54,190.0,190.0,189.9,500.0,500.0,0.0,0.0,0.0,0.3,0.08
1.4,175.5,6.19,79.6,55,190.0,190.0,189.9,500.0,500.0,0.0,0.0,0.0,0.3,0.08
1.4,175.5,6.19,79.8,56,190.0,190.0,189.8,500.0,500.0,0.0,0.0,0.0,0.3,0.09
1.2,175.5,6.19,79.8,57,190.0,190.0,189.8,500.0,500.0,0.0,0.0,0.0,0.3,0.09
1.9,175.5,6.19,79.6,58,190.0,190.0,189.8,500.0,500.0,0.0,0.0,0.0,0.3,0.09
5.9,175.0,6.19,79.6,59,190.0,190.0,189.8,500.0,500.0,0.0,0.0,0.0,0.3,0.10
11.5,173.1,6.19,79.6,60,190.0,190.0,189.8,500.0,500.0,0.0,0.0,0.0,0.3,0.11
16.4,170.5,6.19,79.6,61,190.0,190.2,189.8,500.0,500.0,0.0,0.0,0.0,0.3,0.13
21.1,167.8,6.19,79.4,62,190.0,190.3,189.8,500.0,500.0,0.0,0.0,0.0,0.3,0.16
24.1,166.2,6.19,79.6,63,190.0,190.6,189.8,500.0,500.0,0.0,0.0,0.0,0.3,0.19
24.5,165.3,6.19,79.6,64,190.0,190.6,189.8,500.0,500.0,0.0,0.0,0.0,0.3,0.23
22.6,165.1,6.19,79.6,65,190.0,190.6,189.8,500.0,500.0,0.0,0.0,0.0,0.3,0.26
21.1,165.3,6.19,79.6,66,190.0,190.6,189.8,500.0,500.0,0.0,0.0,0.0,0.3,0.29
19.7,165.6,6.19,79.6,67,190.0,190.8,189.8,500.0,500.0,0.0,0.0,0.0,0.3,0.31
19.0,166.1,6.19,79.6,68,190.0,191.0,189.8,500.0,500.0,0.0,0.0,0.0,0.3,0.34
17.0,166.7,6.19,79.8,69,190.0,191.1,189.8,500.0,500.0,0.0,0.0,0.0,0.3,0.36
15.7,167.4,6.19,79.6,70,190.0,191.2,189.8,500.0,500.0,0.0,0.0,0.0,0.3,0.38
14.7,168.1,6.19,79.6,71,190.0,191.3,189.8,500.0,500.0,0.0,0.0,0.0,0.3,0.40
13.4,168.7,6.19,79.8,72,190.0,191.3,189.8,500.0,500.0,0.0,0.0,0.0,0.3,0.42
12.6,169.4,6.19,79.8,73,190.0,191.3,189.8,500.0,500.0,0.0,0.0,0.0,0.3,0.43
12.0,170.2,6.19,79.6,74,190.0,191.4,189.8,500.0,500.0,0.0,0.0,0.0,0.3,0.45
11.6,171.1,6.19,79.8,75,190.0,191.5,189.8,500.0,500.0,0.0,0.0,0.0,0.3,0.47
11.1,171.9,6.19,79.8,76,190.0,191.5,189.8,500.0,500.0,0.0,0.0,0.0,0.3,0.48
10.7,172.6,6.19,79.6,77,190.0,191.5,189.8,500.0,500.0,0.0,0.0,0.0,0.3,0.49
10.4,173.3,6.19,79.6,78,190.0,191.5,189.8,500.0,500.0,0.0,0.0,0.0,0.3,0.51
10.2,173.9,6.19,79.8,79,190.0,191.5,189.8,500.0,500.0,0.0,0.0,0.0,0.3,0.52
9.9,174.5,6.19,79.6,80,190.0,191.5,189.8,500.0,500.0,0.0,0.0,0.0,0.3,0.53
9.9,175.1,6.19,79.6,81,190.0,191.5,189.9,500.0,500.0,0.0,0.0,0.0,0.3,0.55
9.9,175.7,6.19,79.8,82,190.0,191.2,189.9,500.0,500.0,0.0,0.0,0.0,0.3,0.56
9.8,176.3,6.19,79.6,83,190.0,191.2,189.9,500.0,500.0,0.0,0.0,0.0,0.3,0.57
9.9,176.9,6.19,79.6,84,190.0,191.2,189.9,500.0,500.0,0.0,0.0,0.0,0.3,0.59
9.9,177.5,6.19,79.8,85,190.0,190.9,189.9,500.0,500.0,0.0,0.0,0.0,0.3,0.60
9.7,178.0,6.19,79.8,86,190.0,190.7,189.9,500.0,500.0,0.0,0.0,0.0,0.3,0.61
9.8,178.6,6.19,79.6,87,190.0,190.7,189.9,500.0,500.0,0.0,0.0,0.0,0.3,0.63
9.8,179.0,6.19,79.8,88,190.0,190.7,189.9,500.0,500.0,0.0,0.0,0.0,0.3,0.64
9.9,179.5,6.19,79.8,89,190.0,190.5,190.0,500.0,500.0,0.0,0.0,0.0,0.3,0.65
9.8,180.0,6.19,79.6,90,190.0,190.3,190.0,500.0,500.0,0.0,0.0,0.0,0.3,0.67
9.8,180.5,6.19,79.6,91,190.0,190.3,190.0,500.0,500.0,0.0,0.0,0.0,0.3,0.68
9.9,181.0,6.19,79.8,92,190.0,190.3,190.0,500.0,500.0,0.0,0.0,0.0,0.3,0.69
9.8,181.4,6.19,79.8,93,190.0,190.1,190.0,500.0,500.0,0.0,0.0,0.0,0.3,0.70
9.6,181.8,6.19,79.8,94,190.0,190.0,190.0,500.0,500.0,0.0,0.0,0.0,0.3,0.72
9.8,182.1,6.19,80.0,95,190.0,190.0,190.0,500.0,500.0,0.0,0.0,0.0,0.3,0.73
9.7,182.3,6.19,79.8,96,190.0,190.0,190.0,500.0,500.0,0.0,0.0,0.0,0.3,0.74
10.0,182.5,6.19,79.8,97,190.0,190.0,190.0,500.0,500.0,0.0,0.0,0.0,0.3,0.76
10.0,182.8,6.19,79.8,98,190.0,190.0,190.0,500.0,500.0,0.0,0.0,0.0,0.3,0.77
10.0,183.2,6.19,79.6,99,190.0,190.0,190.0,500.0,500.0,0.0,0.0,0.0,0.3,0.78
10.0,183.5,6.19,79.6,100,190.0,190.0,190.0,500.0,500.0,0.0,0.0,0.0,0.3,0.80
10.3,183.9,6.19,79.8,101,190.0,190.0,190.0,500.0,500.0,0.0,0.0,0.0,0.3,0.81
10.2,184.2,6.19,79.8,102,190.0,190.0,190.0,500.0,500.0,0.0,0.0,0.0,0.3,0.82
10.1,184.5,6.19,79.6,103,190.0,190.0,190.0,500.0,500.0,0.0,0.0,0.0,0.3,0.84
10.0,184.8,6.19,79.8,104,190.0,190.0,190.0,500.0,500.0,0.0,0.0,0.0,0.3,0.85
10.1,185.0,6.19,79.8,105,190.0,190.1,190.0,500.0,500.0,0.0,0.0,0.0,0.3,0.86
9.8,185.3,6.19,79.6,106,190.0,190.2,190.0,500.0,500.0,0.0,0.0,0.0,0.3,0.88
9.6,185.6,6.19,79.6,107,190.0,190.3,190.0,500.0,500.0,0.0,0.0,0.0,0.3,0.89
9.8,185.9,6.19,79.8,108,190.0,190.3,190.0,500.0,500.0,0.0,0.0,0.0,0.3,0.90
9.7,186.1,6.19,79.6,109,190.0,190.3,190.0,500.0,500.0,0.0,0.0,0.0,0.3,0.92
9.2,186.4,6.19,79.6,110,190.0,190.5,190.0,500.0,500.0,0.0,0.0,0.0,0.3,0.93
9.6,186.7,6.19,79.8,111,190.0,190.8,190.0,500.0,500.0,0.0,0.0,0.0,0.3,0.94
9.6,186.9,6.19,79.6,112,190.0,190.9,190.0,500.0,500.0,0.0,0.0,0.0,0.3,0.95
9.6,187.1,6.19,79.4,113,190.0,191.0,190.0,500.0,500.0,0.0,0.0,0.0,0.3,0.97
9.9,187.3,6.19,79.6,114,190.1,191.2,190.0,500.0,500.0,0.0,0.0,0.0,0.3,0.98
9.9,187.6,6.19,79.6,115,190.1,191.3,190.0,500.0,500.0,0.0,0.0,0.0,0.3,0.99
9.5,187.8,6.19,79.4,116,190.1,191.4,190.0,500.0,500.0,0.0,0.0,0.0,0.3,1.00
9.8,188.0,6.19,79.6,117,190.1,191.4,190.0,500.0,500.0,0.0,0.0,0.0,0.3,1.02
9.5,188.2,6.19,79.8,118,190.1,191.4,190.0,500.0,500.0,0.0,0.0,0.0,0.3,1.03
9.6,188.4,6.19,79.6,119,190.1,191.5,190.0,500.0,500.0,0.0,0.0,0.0,0.3,1.04
9.7,188.6,6.19,79.6,120,190.2,191.7,190.0,500.0,500.0,0.0,0.0,0.0,0.3,1.06
9.8,188.8,6.19,79.8,121,190.2,191.7,190.0,500.0,500.0,0.0,0.0,0.0,0.3,1.07
9.6,188.9,6.19,79.8,122,190.2,191.7,190.0,500.0,500.0,0.0,0.0,0.0,0.3,1.08
9.5,189.1,6.19,79.6,123,190.2,191.7,190.0,500.0,500.0,0.0,0.0,0.0,0.3,1.09
9.4,189.3,6.19,79.8,124,190.2,191.7,190.0,500.0,500.0,0.0,0.0,0.0,0.3,1.11
9.6,189.5,6.19,79.8,125,190.3,191.7,190.0,500.0,500.0,0.0,0.0,0.0,0.3,1.12
9.6,189.6,6.19,79.6,126,190.3,191.6,190.0,500.0,500.0,0.0,0.0,0.0,0.3,1.13
9.7,189.8,6.19,79.6,127,190.3,191.5,190.0,500.0,500.0,0.0,0.0,0.0,0.3,1.15
10.1,189.9,6.19,79.8,128,190.3,191.5,190.0,500.0,500.0,0.0,0.0,0.0,0.3,1.16
9.9,190.0,6.19,79.8,129,190.3,191.5,190.0,500.0,500.0,0.0,0.0,0.0,0.3,1.17
9.6,190.1,6.19,79.8,130,190.3,191.5,190.0,500.0,500.0,0.0,0.0,0.0,0.3,1.18
9.9,190.3,6.19,79.8,131,190.3,191.3,190.0,500.0,500.0,0.0,0.0,0.0,0.3,1.20
9.8,190.5,6.19,79.8,132,190.4,191.0,190.0,500.0,500.0,0.0,0.0,0.0,0.3,1.21
9.7,190.7,6.19,79.8,133,190.4,191.0,190.0,500.0,500.0,0.0,0.0,0.0,0.3,1.22
10.0,190.8,6.19,79.6,134,190.4,191.0,190.0,500.0,500.0,0.0,0.0,0.0,0.3,1.24
10.1,191.0,6.19,79.4,135,190.4,191.0,190.0,500.0,500.0,0.0,0.0,0.0,0.3,1.25
10.0,191.2,6.19,79.6,136,190.4,190.8,190.0,500.0,500.0,0.0,0.0,0.0,0.3,1.26
9.6,191.3,6.19,79.6,137,190.4,190.5,190.0,500.0,500.0,0.0,0.0,0.0,0.3,1.28
9.7,191.5,6.19,79.4,138,190.4,190.4,190.0,500.0,500.0,0.0,0.0,0.0,0.3,1.29
9.6,191.7,6.19,79.6,139,190.4,190.3,190.0,500.0,500.0,0.0,0.0,0.0,0.3,1.30
9.3,191.8,6.19,79.8,140,190.4,190.3,190.0,500.0,500.0,0.0,0.0,0.0,0.3,1.31
9.4,191.9,6.19,79.6,141,190.4,190.3,190.0,500.0,500.0,0.0,0.0,0.0,0.3,1.33
9.8,192.0,6.19,79.4,142,190.5,190.1,190.0,500.0,500.0,0.0,0.0,0.0,0.3,1.34
9.7,192.1,6.19,79.6,143,190.5,190.0,190.0,500.0,500.0,0.0,0.0,0.0,0.3,1.35
9.7,192.2,6.19,79.6,144,190.5,190.0,190.0,500.0,500.0,0.0,0.0,0.0,0.3,1.37
10.0,192.4,6.19,79.4,145,190.5,190.0,190.0,500.0,500.0,0.0,0.0,0.0,0.3,1.38
9.6,192.5,6.19,79.6,146,190.5,190.0,190.0,500.0,500.0,0.0,0.0,0.0,0.3,1.39
9.7,192.6,6.19,79.8,147,190.5,190.0,190.0,500.0,500.0,0.0,0.0,0.0,0.3,1.40
9.7,192.8,6.19,79.6,148,190.5,190.0,190.0,500.0,500.0,0.0,0.0,0.0,0.3,1.42
9.5,192.9,6.19,79.6,149,190.5,190.0,190.0,500.0,500.0,0.0,0.0,0.0,0.3,1.43
9.3,193.0,6.19,79.8,150,190.5,190.0,190.0,500.0,500.0,0.0,0.0,0.0,0.3,1.44
9.3,193.1,6.19,79.6,151,190.5,190.0,190.0,500.0,500.0,0.0,0.0,0.0,0.3,1.45
9.3,193.2,6.19,79.4,152,190.5,190.0,190.0,500.0,500.0,0.0,0.0,0.0,0.3,1.47
9.3,193.3,6.19,79.6,153,190.4,190.0,190.0,500.0,500.0,0.0,0.0,0.0,0.3,1.48
9.3,193.4,6.19,79.6,154,190.4,190.0,190.0,500.0,500.0,0.0,0.0,0.0,0.3,1.49
9.6,193.6,6.19,79.4,155,190.4,190.0,190.0,500.0,500.0,0.0,0.0,0.0,0.3,1.50
9.8,193.7,6.19,79.6,156,190.4,190.1,190.0,500.0,500.0,0.0,0.0,0.0,0.3,1.52
9.6,193.8,6.19,79.8,157,190.4,190.1,190.0,500.0,500.0,0.0,0.0,0.0,0.3,1.53
9.8,193.9,6.19,79.8,158,190.4,190.3,190.0,500.0,500.0,0.0,0.0,0.0,0.3,1.54
9.9,194.0,6.19,79.8,159,190.4,190.3,190.0,500.0,500.0,0.0,0.0,0.0,0.3,1.56
9.5,194.0,6.19,79.8,160,190.4,190.5,190.0,500.0,500.0,0.0,0.0,0.0,0.3,1.57
9.5,194.1,6.19,79.8,161,190.4,190.6,190.0,500.0,500.0,0.0,0.0,0.0,0.3,1.58
9.6,194.1,6.19,79.8,162,190.4,190.7,190.0,500.0,500.0,0.0,0.0,0.0,0.3,1.59
9.4,194.2,6.19,79.6,163,190.3,190.8,190.0,500.0,500.0,0.0,0.0,0.0,0.3,1.61
9.8,194.3,6.19,79.6,164,190.3,190.8,190.0,500.0,500.0,0.0,0.0,0.0,0.3,1.62
9.7,194.4,6.19,79.8,165,190.3,190.8,190.0,500.0,500.0,0.0,0.0,0.0,0.3,1.63
9.9,194.5,6.19,79.8,166,190.3,190.9,190.0,500.0,500.0,0.0,0.0,0.0,0.3,1.65
9.8,194.6,6.19,79.6,167,190.3,191.1,190.0,500.0,500.0,0.0,0.0,0.0,0.3,1.66
9.7,194.7,6.19,79.8,168,190.3,191.2,190.0,500.0,500.0,0.0,0.0,0.0,0.3,1.67
9.6,194.8,6.19,79.8,169,190.3,191.2,190.0,500.0,500.0,0.0,0.0,0.0,0.3,1.68
9.9,194.9,6.19,79.6,170,190.3,191.2,190.0,500.0,500.0,0.0,0.0,0.0,0.3,1.70
9.5,195.0,6.19,79.6,171,190.3,191.2,190.0,500.0,500.0,0.0,0.0,0.0,0.3,1.71
10.0,195.1,6.19,79.8,172,190.2,191.3,190.0,500.0,500.0,0.0,0.0,0.0,0.3,1.72
9.9,195.2,6.19,79.8,173,190.2,191.3,190.0,500.0,500.0,0.0,0.0,0.0,0.3,1.74
9.8,195.2,6.19,79.6,174,190.2,191.3,190.0,500.0,500.0,0.0,0.0,0.0,0.3,1.75
9.7,195.3,6.19,79.8,175,190.2,191.3,190.0,500.0,500.0,0.0,0.0,0.0,0.3,1.76
9.7,195.4,6.19,79.8,176,190.2,191.3,190.0,500.0,500.0,0.0,0.0,0.0,0.3,1.78
9.4,195.5,6.19,79.6,177,190.2,191.3,190.0,500.0,500.0,0.0,0.0,0.0,0.3,1.79
9.7,195.6,6.19,79.6,178,190.2,191.0,190.0,500.0,500.0,0.0,0.0,0.0,0.3,1.80
9.7,195.7,6.19,79.8,179,190.2,191.0,190.0,500.0,500.0,0.0,0.0,0.0,0.3,1.81
9.5,195.7,6.19,79.6,180,190.2,191.0,190.0,500.0,500.0,0.0,0.0,0.0,0.3,1.83
9.7,195.8,6.19,79.6,181,190.2,191.0,190.0,500.0,500.0,0.0,0.0,0.0,0.3,1.84
9.6,195.9,6.19,79.8,182,190.1,190.8,190.0,500.0,500.0,0.0,0.0,0.0,0.3,1.85
9.5,195.9,6.19,79.6,183,190.1,190.6,190.0,500.0,500.0,0.0,0.0,0.0,0.3,1.86
9.6,196.0,6.19,79.4,184,190.1,190.4,190.0,500.0,500.0,0.0,0.0,0.0,0.3,1.88
9.8,196.1,6.19,79.6,185,190.1,190.4,190.0,500.0,500.0,0.0,0.0,0.0,0.3,1.89
9.9,196.2,6.19,79.6,186,190.1,190.4,190.0,500.0,500.0,0.0,0.0,0.0,0.3,1.90
10.0,196.2,6.19,79.6,187,190.1,190.4,190.0,500.0,500.0,0.0,0.0,0.0,0.3,1.92
9.9,196.3,6.19,79.8,188,190.1,190.2,190.0,500.0,500.0,0.0,0.0,0.0,0.3,1.93
10.1,196.4,6.19,79.8,189,190.1,190.0,190.0,500.0,500.0,0.0,0.0,0.0,0.3,1.94
10.0,196.5,6.19,79.8,190,190.1,190.0,190.0,500.0,500.0,0.0,0.0,0.0,0.3,1.96
9.7,196.6,6.19,79.8,191,190.1,190.0,190.0,500.0,500.0,0.0,0.0,0.0,0.3,1.97
9.9,196.6,6.19,79.6,192,190.1,190.0,190.0,500.0,500.0,0.0,0.0,0.0,0.3,1.98
9.7,196.6,6.19,79.6,193,190.1,190.0,190.0,500.0,500.0,0.0,0.0,0.0,0.3,2.00
9.7,196.7,6.19,79.8,194,190.1,190.0,190.0,500.0,500.0,0.0,0.0,0.0,0.3,2.01
9.7,196.7,6.19,79.6,195,190.1,190.0,190.0,500.0,500.0,0.0,0.0,0.0,0.3,2.02
9.4,196.8,6.19,79.6,196,190.1,190.0,190.0,500.0,500.0,0.0,0.0,0.0,0.3,2.03
9.4,196.9,6.19,79.8,197,190.1,190.0,190.0,500.0,500.0,0.0,0.0,0.0,0.3,2.05
9.6,197.0,6.19,79.8,198,190.1,190.0,190.0,500.0,500.0,0.0,0.0,0.0,0.3,2.06
9.6,197.1,6.19,79.6,199,190.1,190.0,190.0,500.0,500.0,0.0,0.0,0.0,0.3,2.07
9.6,197.2,6.19,79.8,200,190.1,190.0,190.0,500.0,500.0,0.0,0.0,0.0,0.3,2.08
9.8,197.3,6.19,79.8,201,190.2,190.0,190.0,500.0,500.0,0.0,0.0,0.0,0.3,2.10
9.8,197.3,6.19,79.6,202,190.2,190.0,190.0,500.0,500.0,0.0,0.0,0.0,0.3,2.11
9.7,197.4,6.19,79.6,203,190.2,190.0,190.0,500.0,500.0,0.0,0.0,0.0,0.3,2.12
9.7,197.5,6.19,79.8,204,190.2,190.0,190.0,500.0,500.0,0.0,0.0,0.0,0.3,2.14
9.8,197.6,6.19,79.8,205,190.2,190.0,190.0,500.0,500.0,0.0,0.0,0.0,0.3,2.15
9.8,197.6,6.19,79.6,206,190.2,190.0,190.0,500.0,500.0,0.0,0.0,0.0,0.3,2.16
9.6,197.6,6.19,79.8,207,190.2,190.1,190.0,500.0,500.0,0.0,0.0,0.0,0.3,2.18
9.9,197.7,6.19,79.8,208,190.2,190.1,190.0,500.0,500.0,0.0,0.0,0.0,0.3,2.19
9.8,197.8,6.19,79.6,209,190.2,190.1,190.0,500.0,500.0,0.0,0.0,0.0,0.3,2.20
9.6,197.8,6.19,79.6,210,190.2,190.2,190.0,500.0,500.0,0.0,0.0,0.0,0.3,2.21
9.6,197.9,6.19,79.6,211,190.2,190.4,190.0,500.0,500.0,0.0,0.0,0.0,0.3,2.23
9.8,198.0,6.19,79.6,212,190.2,190.6,190.0,500.0,500.0,0.0,0.0,0.0,0.3,2.24
9.5,198.0,6.19,79.6,213,190.2,190.7,190.0,500.0,500.0,0.0,0.0,0.0,0.3,2.25
9.9,198.0,6.19,79.6,214,190.2,190.7,190.0,500.0,500.0,0.0,0.0,0.0,0.3,2.27
9.9,198.1,6.19,79.4,215,190.2,190.8,190.0,500.0,500.0,0.0,0.0,0.0,0.3,2.28
10.1,198.1,6.19,79.6,216,190.2,190.9,190.0,500.0,500.0,0.0,0.0,0.0,0.3,2.29
10.0,198.2,6.19,79.6,217,190.2,191.0,190.0,500.0,500.0,0.0,0.0,0.0,0.3,2.31
10.0,198.3,6.19,79.4,218,190.2,191.0,190.0,500.0,500.0,0.0,0.0,0.0,0.3,2.32
9.7,198.4,6.19,79.6,219,190.2,191.0,190.0,500.0,500.0,0.0,0.0,0.0,0.3,2.33
9.7,198.4,6.19,79.8,220,190.2,191.0,190.0,500.0,500.0,0.0,0.0,0.0,0.3,2.34
9.5,198.5,6.19,79.6,221,190.2,191.0,190.0,500.0,500.0,0.0,0.0,0.0,0.3,2.36
9.7,198.6,6.19,79.6,222,190.2,191.0,190.0,500.0,500.0,0.0,0.0,0.0,0.3,2.37
9.8,198.6,6.19,79.8,223,190.2,191.0,190.0,500.0,500.0,0.0,0.0,0.0,0.3,2.38
9.8,198.6,6.19,79.6,224,190.2,191.0,190.0,500.0,500.0,0.0,0.0,0.0,0.3,2.40
9.9,198.7,6.19,79.6,225,190.3,190.9,190.0,500.0,500.0,0.0,0.0,0.0,0.3,2.41
9.7,198.7,6.19,79.8,226,190.3,190.8,190.0,500.0,500.0,0.0,0.0,0.0,0.3,2.42
9.4,198.7,6.19,79.6,227,190.3,190.8,190.0,500.0,500.0,0.0,0.0,0.0,0.3,2.43
9.4,198.8,6.19,79.6,228,190.3,190.8,190.0,500.0,500.0,0.0,0.0,0.0,0.3,2.45
9.5,198.9,6.19,79.8,229,190.3,190.6,190.1,500.0,500.0,0.0,0.0,0.0,0.3,2.46
9.4,198.9,6.19,79.8,230,190.3,190.5,190.1,500.0,500.0,0.0,0.0,0.0,0.3,2.47
9.5,199.0,6.19,79.6,231,190.3,190.5,190.1,500.0,500.0,0.0,0.0,0.0,0.3,2.48
9.7,199.0,6.19,79.8,232,190.3,190.5,190.1,500.0,500.0,0.0,0.0,0.0,0.3,2.50
9.8,199.0,6.19,79.6,233,190.3,190.1,190.1,500.0,500.0,0.0,0.0,0.0,0.3,2.51
9.7,199.1,6.19,79.6,234,190.3,190.0,190.1,500.0,500.0,0.0,0.0,0.0,0.3,2.52
9.8,199.2,6.19,79.6,235,190.3,190.0,190.2,500.0,500.0,0.0,0.0,0.0,0.3,2.54
9.8,199.2,6.19,79.8,236,190.3,190.0,190.2,500.0,500.0,0.0,0.0,0.0,0.3,2.55
9.6,199.2,6.19,79.6,237,190.3,190.0,190.2,500.0,500.0,0.0,0.0,0.0,0.3,2.56
9.6,199.3,6.19,79.8,238,190.3,190.0,190.2,500.0,500.0,0.0,0.0,0.0,0.3,2.58
9.7,199.3,6.19,79.8,239,190.3,190.0,190.2,500.0,500.0,0.0,0.0,0.0,0.3,2.59
9.6,199.4,6.19,79.6,240,190.3,190.0,190.2,500.0,500.0,0.0,0.0,0.0,0.3,2.60
9.8,199.4,6.19,79.6,241,190.3,190.0,190.2,500.0,500.0,0.0,0.0,0.0,0.3,2.61
9.7,199.5,6.19,79.8,242,190.3,190.0,190.2,500.0,500.0,0.0,0.0,0.0,0.3,2.63
9.4,199.6,6.19,79.6,243,190.3,190.0,190.3,500.0,500.0,0.0,0.0,0.0,0.3,2.64
9.4,199.6,6.19,79.6,244,190.3,190.0,190.3,500.0,500.0,0.0,0.0,0.0,0.3,2.65
9.4,199.7,6.19,79.8,245,190.3,190.0,190.3,500.0,500.0,0.0,0.0,0.0,0.3,2.66
9.4,199.7,6.19,79.8,246,190.3,190.0,190.3,500.0,500.0,0.0,0.0,0.0,0.3,2.68
9.4,199.7,6.19,79.6,247,190.3,190.0,190.3,500.0,500.0,0.0,0.0,0.0,0.3,2.69
9.6,199.8,6.19,79.8,248,190.3,190.0,190.3,500.0,500.0,0.0,0.0,0.0,0.3,2.70
9.9,199.9,6.19,79.8,249,190.3,190.0,190.3,500.0,500.0,0.0,0.0,0.0,0.3,2.71
9.8,199.9,6.19,79.6,250,190.3,190.0,190.3,500.0,500.0,0.0,0.0,0.0,0.3,2.73
9.7,199.9,6.19,79.6,251,190.3,190.0,190.3,500.0,500.0,0.0,0.0,0.0,0.3,2.74
9.8,200.0,6.19,79.8,252,190.3,190.0,190.3,500.0,500.0,0.0,0.0,0.0,0.3,2.75
9.7,200.0,6.19,79.8,253,190.3,190.0,190.3,500.0,500.0,0.0,0.0,0.0,0.3,2.77
9.4,200.0,6.19,79.8,254,190.3,190.0,190.3,500.0,500.0,0.0,0.0,0.0,0.3,2.78
9.7,200.0,6.19,79.8,255,190.3,190.2,190.3,500.0,500.0,0.0,0.0,0.0,0.3,2.79
9.7,200.1,6.19,79.8,256,190.3,190.3,190.3,500.0,500.0,0.0,0.0,0.0,0.3,2.80
9.8,200.1,6.19,79.8,257,190.3,190.3,190.3,500.0,500.0,0.0,0.0,0.0,0.3,2.82
10.0,200.1,6.19,79.6,258,190.3,190.3,190.3,500.0,500.0,0.0,0.0,0.0,0.3,2.83
9.9,200.2,6.19,79.6,259,190.3,190.4,190.3,500.0,500.0,0.0,0.0,0.0,0.3,2.84
9.8,200.3,6.19,79.8,260,190.3,190.6,190.3,500.0,500.0,0.0,0.0,0.0,0.3,2.86
9.7,200.3,6.19,79.8,261,190.3,190.6,190.3,500.0,500.0,0.0,0.0,0.0,0.3,2.87
9.6,200.4,6.19,79.6,262,190.3,190.6,190.3,500.0,500.0,0.0,0.0,0.0,0.3,2.88
9.7,200.4,6.19,79.8,263,190.3,190.7,190.3,500.0,500.0,0.0,0.0,0.0,0.3,2.90
9.7,200.4,6.19,79.8,264,190.3,190.8,190.3,500.0,500.0,0.0,0.0,0.0,0.3,2.91
9.6,200.5,6.19,79.6,265,190.3,190.8,190.3,500.0,500.0,0.0,0.0,0.0,0.3,2.92
9.8,200.5,6.18,79.6,266,190.3,190.8,190.3,500.0,500.0,0.0,0.0,0.0,0.3,2.93
9.6,200.5,6.18,79.8,267,190.3,190.8,190.3,500.0,500.0,0.0,0.0,0.0,0.3,2.95
9.5,200.5,6.18,79.6,268,190.3,190.9,190.3,500.0,500.0,0.0,0.0,0.0,0.3,2.96
9.7,200.6,6.18,79.4,269,190.3,190.9,190.3,500.0,500.0,0.0,0.0,0.0,0.3,2.97
9.6,200.7,6.18,79.6,270,190.3,190.9,190.3,500.0,500.0,0.0,0.0,0.0,0.3,2.99
9.7,200.7,6.19,79.6,271,190.3,190.8,190.2,500.0,500.0,0.0,0.0,0.0,0.3,3.00
9.8,200.7,6.19,79.4,272,190.3,190.7,190.2,500.0,500.0,0.0,0.0,0.0,0.3,3.01
9.6,200.7,6.19,79.6,273,190.3,190.7,190.2,500.0,500.0,0.0,0.0,0.0,0.3,3.02
9.6,200.8,6.19,79.8,274,190.3,190.7,190.2,500.0,500.0,0.0,0.0,0.0,0.3,3.04
9.7,200.8,6.19,79.8,275,190.3,190.5,190.2,500.0,500.0,0.0,0.0,0.0,0.3,3.05
9.6,200.9,6.19,79.8,276,190.3,190.4,190.2,500.0,500.0,0.0,0.0,0.0,0.3,3.06
9.8,200.9,6.19,80.0,277,190.3,190.4,190.2,500.0,500.0,0.0,0.0,0.0,0.3,3.08
9.8,200.9,6.19,79.8,278,190.3,190.4,190.2,500.0,500.0,0.0,0.0,0.0,0.3,3.09
9.8,200.9,6.19,79.8,279,190.3,190.2,190.2,500.0,500.0,0.0,0.0,0.0,0.3,3.10
9.8,201.0,6.19,79.8,280,190.3,190.0,190.2,500.0,500.0,0.0,0.0,0.0,0.3,3.11
9.7,201.0,6.19,79.6,281,190.3,190.0,190.2,500.0,500.0,0.0,0.0,0.0,0.3,3.13
9.6,201.1,6.19,79.6,282,190.3,190.0,190.2,500.0,500.0,0.0,0.0,0.0,0.3,3.14
9.6,201.1,6.19,79.8,283,190.3,190.0,190.2,500.0,500.0,0.0,0.0,0.0,0.3,3.15
9.4,201.1,6.19,79.6,284,190.3,190.0,190.1,500.0,500.0,0.0,0.0,0.0,0.3,3.17
9.5,201.2,6.19,79.6,285,190.3,190.0,190.1,500.0,500.0,0.0,0.0,0.0,0.3,3.18
9.6,201.2,6.19,79.8,286,190.3,190.0,190.1,500.0,500.0,0.0,0.0,0.0,0.3,3.19
9.5,201.2,6.19,79.6,287,190.2,190.0,190.1,500.0,500.0,0.0,0.0,0.0,0.3,3.20
9.7,201.2,6.19,79.6,288,190.2,190.0,190.1,500.0,500.0,0.0,0.0,0.0,0.3,3.22
9.6,201.3,6.19,79.8,289,190.2,190.0,190.1,500.0,500.0,0.0,0.0,0.0,0.3,3.23
9.3,201.3,6.19,79.6,290,190.2,190.0,190.1,500.0,500.0,0.0,0.0,0.0,0.3,3.24
9.1,201.3,6.19,79.4,291,190.2,190.0,190.1,500.0,500.0,0.0,0.0,0.0,0.3,3.25
9.1,201.4,6.19,79.6,292,190.2,190.0,190.1,500.0,500.0,0.0,0.0,0.0,0.3,3.27
9.1,201.4,6.19,79.6,293,190.2,190.0,190.0,500.0,500.0,0.0,0.0,0.0,0.3,3.28
9.3,201.4,6.19,79.6,294,190.2,190.0,190.0,500.0,500.0,0.0,0.0,0.0,0.3,3.29
9.4,201.4,6.19,79.8,295,190.2,190.0,190.0,500.0,500.0,0.0,0.0,0.0,0.3,3.30
9.7,201.5,6.19,79.8,296,190.2,190.0,190.0,500.0,500.0,0.0,0.0,0.0,0.3,3.32
9.6,201.5,6.19,79.8,297,190.2,190.0,190.0,500.0,500.0,0.0,0.0,0.0,0.3,3.33
9.6,201.6,6.19,79.8,298,190.2,190.0,190.0,500.0,500.0,0.0,0.0,0.0,0.3,3.34
9.7,201.6,6.19,79.6,299,190.2,190.0,190.0,500.0,500.0,0.0,0.0,0.0,0.3,3.35
9.6,201.6,6.19,79.6,300,190.2,190.0,190.0,500.0,500.0,0.0,0.0,0.0,0.3,3.37
9.5,201.6,6.19,79.8,301,190.2,190.0,190.0,500.0,500.0,0.0,0.0,0.0,0.3,3.38
9.7,201.6,6.19,79.8,302,190.2,190.0,190.0,500.0,500.0,0.0,0.0,0.0,0.3,3.39
9.4,201.7,6.19,79.6,303,190.2,190.0,190.0,500.0,500.0,0.0,0.0,0.0,0.3,3.40
9.4,201.7,6.19,79.8,304,190.2,190.0,190.0,500.0,500.0,0.0,0.0,0.0,0.3,3.42
9.4,201.7,6.19,79.8,305,190.2,190.1,190.0,500.0,500.0,0.0,0.0,0.0,0.3,3.43
9.3,201.7,6.19,79.6,306,190.2,190.3,190.0,500.0,500.0,0.0,0.0,0.0,0.3,3.44
9.2,201.8,6.19,79.6,307,190.2,190.5,190.0,500.0,500.0,0.0,0.0,0.0,0.3,3.45
9.3,201.9,6.19,79.8,308,190.2,190.6,190.0,500.0,500.0,0.0,0.0,0.0,0.3,3.47
9.5,201.9,6.19,79.6,309,190.3,190.6,190.0,500.0,500.0,0.0,0.0,0.0,0.3,3.48
9.5,201.9,6.19,79.4,310,190.3,190.7,190.1,500.0,500.0,0.0,0.0,0.0,0.3,3.49
9.5,201.9,6.19,79.6,311,190.3,190.8,190.1,500.0,500.0,0.0,0.0,0.0,0.3,3.50
9.8,202.0,6.19,79.6,312,190.3,190.8,190.1,500.0,500.0,0.0,0.0,0.0,0.3,3.52
9.8,202.0,6.19,79.4,313,190.3,190.8,190.1,500.0,500.0,0.0,0.0,0.0,0.3,3.53
9.6,202.0,6.19,79.6,314,190.3,190.8,190.1,500.0,500.0,0.0,0.0,0.0,0.3,3.54
9.7,202.1,6.19,79.8,315,190.3,190.8,190.1,500.0,500.0,0.0,0.0,0.0,0.3,3.56
9.9,202.1,6.19,79.6,316,190.3,190.9,190.1,500.0,500.0,0.0,0.0,0.0,0.3,3.57
9.7,202.1,6.19,79.6,317,190.3,190.9,190.1,500.0,500.0,0.0,0.0,0.0,0.3,3.58
9.7,202.1,6.19,79.8,318,190.3,190.9,190.1,500.0,500.0,0.0,0.0,0.0,0.3,3.59
9.8,202.1,6.19,79.8,319,190.3,190.9,190.1,500.0,500.0,0.0,0.0,0.0,0.3,3.61
9.6,202.1,6.19,79.8,320,190.3,190.9,190.1,500.0,500.0,0.0,0.0,0.0,0.3,3.62
9.6,202.2,6.19,79.8,321,190.3,190.8,190.1,500.0,500.0,0.0,0.0,0.0,0.3,3.63
9.8,202.2,6.19,79.8,322,190.3,190.7,190.1,500.0,500.0,0.0,0.0,0.0,0.3,3.65
9.7,202.3,6.19,79.8,323,190.3,190.7,190.1,500.0,500.0,0.0,0.0,0.0,0.3,3.66
9.8,202.3,6.19,79.8,324,190.3,190.7,190.1,500.0,500.0,0.0,0.0,0.0,0.3,3.67
9.8,202.3,6.19,79.6,325,190.3,190.5,190.1,500.0,500.0,0.0,0.0,0.0,0.3,3.69
9.9,202.4,6.19,79.8,326,190.3,190.4,190.1,500.0,500.0,0.0,0.0,0.0,0.3,3.70
9.8,202.4,6.19,79.8,327,190.3,190.4,190.1,500.0,500.0,0.0,0.0,0.0,0.3,3.71
9.6,202.4,6.19,79.6,328,190.3,190.2,190.1,500.0,500.0,0.0,0.0,0.0,0.3,3.72
9.7,202.4,6.19,79.6,329,190.3,190.0,190.1,500.0,500.0,0.0,0.0,0.0,0.3,3.74
10.0,202.5,6.19,79.8,330,190.3,190.0,190.1,500.0,500.0,0.0,0.0,0.0,0.3,3.75
9.6,202.5,6.19,79.6,331,190.3,190.0,190.2,500.0,500.0,0.0,0.0,0.0,0.3,3.76
9.8,202.5,6.19,79.6,332,190.3,190.0,190.2,500.0,500.0,0.0,0.0,0.0,0.3,3.78
9.8,202.5,6.19,79.8,333,190.3,190.0,190.2,500.0,500.0,0.0,0.0,0.0,0.3,3.79
9.6,202.5,6.19,79.6,334,190.3,190.0,190.2,500.0,500.0,0.0,0.0,0.0,0.3,3.80
9.6,202.5,6.19,79.6,335,190.3,190.0,190.2,500.0,500.0,0.0,0.0,0.0,0.3,3.81
9.8,202.6,6.19,79.8,336,190.3,190.0,190.2,500.0,500.0,0.0,0.0,0.0,0.3,3.83
9.5,202.6,6.19,79.8,337,190.3,190.0,190.2,500.0,500.0,0.0,0.0,0.0,0.3,3.84
9.8,202.6,6.19,79.6,338,190.3,190.0,190.2,500.0,500.0,0.0,0.0,0.0,0.3,3.85
10.0,202.6,6.19,79.8,339,190.3,190.0,190.2,500.0,500.0,0.0,0.0,0.0,0.3,3.87
9.7,202.6,6.19,79.8,340,190.3,190.0,190.2,500.0,500.0,0.0,0.0,0.0,0.3,3.88
9.8,202.6,6.19,79.6,341,190.3,190.0,190.2,500.0,500.0,0.0,0.0,0.0,0.3,3.89
9.7,202.7,6.19,79.6,342,190.3,190.0,190.2,500.0,500.0,0.0,0.0,0.0,0.3,3.91
9.4,202.7,6.19,79.6,343,190.3,190.0,190.2,500.0,500.0,0.0,0.0,0.0,0.3,3.92
9.3,202.7,6.19,79.6,344,190.3,190.0,190.2,500.0,500.0,0.0,0.0,0.0,0.3,3.93
9.4,202.7,6.19,79.6,345,190.3,190.0,190.2,500.0,500.0,0.0,0.0,0.0,0.3,3.94
9.5,202.8,6.19,79.8,346,190.3,190.0,190.2,500.0,500.0,0.0,0.0,0.0,0.3,3.96
9.6,202.8,6.19,79.6,347,190.3,190.0,190.2,500.0,500.0,0.0,0.0,0.0,0.3,3.97
9.6,202.9,6.19,79.8,348,190.3,190.0,190.2,500.0,500.0,0.0,0.0,0.0,0.3,3.98
9.7,202.9,6.19,79.8,349,190.3,190.1,190.2,500.0,500.0,0.0,0.0,0.0,0.3,3.99
9.5,202.9,6.19,79.6,350,190.3,190.2,190.2,500.0,500.0,0.0,0.0,0.0,0.3,4.01
9.3,202.9,6.19,79.6,351,190.3,190.2,190.2,500.0,500.0,0.0,0.0,0.0,0.3,4.02
9.6,202.9,6.19,79.8,352,190.3,190.2,190.2,500.0,500.0,0.0,0.0,0.0,0.3,4.03
9.6,202.9,6.19,79.6,353,190.3,190.4,190.2,500.0,500.0,0.0,0.0,0.0,0.3,4.04
9.7,202.9,6.19,79.6,354,190.3,190.6,190.2,500.0,500.0,0.0,0.0,0.0,0.3,4.06
9.9,202.9,6.19,79.8,355,190.3,190.6,190.2,500.0,500.0,0.0,0.0,0.0,0.3,4.07
9.9,202.9,6.19,79.8,356,190.3,190.6,190.2,500.0,500.0,0.0,0.0,0.0,0.3,4.08
9.8,202.9,6.19,79.6,357,190.3,190.7,190.2,500.0,500.0,0.0,0.0,0.0,0.3,4.10
9.7,203.0,6.19,79.8,358,190.3,190.9,190.2,500.0,500.0,0.0,0.0,0.0,0.3,4.11
9.6,203.0,6.19,79.8,359,190.3,191.0,190.2,500.0,500.0,0.0,0.0,0.0,0.3,4.12
9.8,203.1,6.19,79.8,360,190.3,191.0,190.2,500.0,500.0,0.0,0.0,0.0,0.3,4.14
9.7,203.1,6.19,79.8,361,190.3,191.0,190.2,500.0,500.0,0.0,0.0,0.0,0.3,4.15
9.7,203.1,6.19,79.8,362,190.3,191.1,190.2,500.0,500.0,0.0,0.0,0.0,0.3,4.16
9.9,203.1,6.19,79.8,363,190.3,191.2,190.2,500.0,500.0,0.0,0.0,0.0,0.3,4.17
9.7,203.1,6.19,79.8,364,190.3,191.2,190.2,500.0,500.0,0.0,0.0,0.0,0.3,4.19
9.5,203.1,6.19,79.6,365,190.2,191.2,190.2,500.0,500.0,0.0,0.0,0.0,0.3,4.20
9.6,203.1,6.19,79.6,366,190.2,191.1,190.2,500.0,500.0,0.0,0.0,0.0,0.3,4.21
9.5,203.1,6.19,79.8,367,190.2,191.0,190.2,500.0,500.0,0.0,0.0,0.0,0.3,4.22
9.6,203.1,6.19,79.6,368,190.2,191.0,190.2,500.0,500.0,0.0,0.0,0.0,0.3,4.24
9.8,203.2,6.19,79.6,369,190.2,191.0,190.2,500.0,500.0,0.0,0.0,0.0,0.3,4.25
9.6,203.2,6.19,79.8,370,190.2,191.0,190.2,500.0,500.0,0.0,0.0,0.0,0.3,4.26
9.6,203.2,6.19,79.8,371,190.2,190.8,190.2,500.0,500.0,0.0,0.0,0.0,0.3,4.28
9.6,203.3,6.19,79.6,372,190.2,190.7,190.2,500.0,500.0,0.0,0.0,0.0,0.3,4.29
9.5,203.3,6.19,79.8,373,190.2,190.7,190.2,500.0,500.0,0.0,0.0,0.0,0.3,4.30
9.4,203.3,6.19,79.8,374,190.2,190.7,190.2,500.0,500.0,0.0,0.0,0.0,0.3,4.31
9.4,203.3,6.19,79.6,375,190.2,190.5,190.2,500.0,500.0,0.0,0.0,0.0,0.3,4.33
9.5,203.3,6.19,79.6,376,190.2,190.3,190.2,500.0,500.0,0.0,0.0,0.0,0.3,4.34
9.5,203.3,6.19,79.8,377,190.2,190.3,190.2,500.0,500.0,0.0,0.0,0.0,0.3,4.35
9.5,203.4,6.19,79.6,378,190.2,190.3,190.2,500.0,500.0,0.0,0.0,0.0,0.3,4.36
9.5,203.4,6.19,79.6,379,190.2,190.3,190.2,500.0,500.0,0.0,0.0,0.0,0.3,4.38
9.4,203.4,6.19,79.8,380,190.2,190.3,190.2,500.0,500.0,0.0,0.0,0.0,0.3,4.39
9.2,203.4,6.19,79.6,381,190.2,190.1,190.2,500.0,500.0,0.0,0.0,0.0,0.3,4.40
9.3,203.4,6.19,79.6,382,190.2,190.0,190.2,500.0,500.0,0.0,0.0,0.0,0.3,4.41
9.3,203.4,6.19,79.8,383,190.2,190.0,190.2,500.0,500.0,0.0,0.0,0.0,0.3,4.43
9.4,203.4,6.19,79.6,384,190.2,190.0,190.2,500.0,500.0,0.0,0.0,0.0,0.3,4.44
9.5,203.4,6.19,79.6,385,190.2,190.0,190.2,500.0,500.0,0.0,0.0,0.0,0.3,4.45
9.7,203.5,6.19,79.8,386,190.2,190.0,190.2,500.0,500.0,0.0,0.0,0.0,0.3,4.46
9.8,203.5,6.19,79.8,387,190.2,190.0,190.2,500.0,500.0,0.0,0.0,0.0,0.3,4.48
9.7,203.5,6.19,79.6,388,190.2,190.0,190.2,500.0,500.0,0.0,0.0,0.0,0.3,4.49
9.6,203.5,6.19,79.8,389,190.2,190.0,190.2,500.0,500.0,0.0,0.0,0.0,0.3,4.50
9.6,203.5,6.19,79.8,390,190.2,190.0,190.2,500.0,500.0,0.0,0.0,0.0,0.3,4.52
9.5,203.5,6.19,79.6,391,190.2,190.1,190.2,500.0,500.0,0.0,0.0,0.0,0.3,4.53
9.3,203.5,6.19,79.6,392,190.2,190.2,190.2,500.0,500.0,0.0,0.0,0.0,0.3,4.54
9.5,203.5,6.19,79.8,393,190.2,190.2,190.2,500.0,500.0,0.0,0.0,0.0,0.3,4.55
9.6,203.5,6.19,79.8,394,190.2,190.2,190.2,500.0,500.0,0.0,0.0,0.0,0.3,4.57
9.8,203.6,6.19,79.8,395,190.2,190.3,190.2,500.0,500.0,0.0,0.0,0.0,0.3,4.58
9.8,203.6,6.19,79.8,396,190.2,190.5,190.2,500.0,500.0,0.0,0.0,0.0,0.3,4.59
9.7,203.6,6.19,79.8,397,190.2,190.6,190.2,500.0,500.0,0.0,0.0,0.0,0.3,4.61
9.6,203.6,6.19,79.8,398,190.2,190.7,190.2,500.0,500.0,0.0,0.0,0.0,0.3,4.62
9.7,203.6,6.19,79.6,399,190.2,190.8,190.2,500.0,500.0,0.0,0.0,0.0,0.3,4.63
9.6,203.7,6.19,79.4,400,190.2,190.8,190.2,500.0,500.0,0.0,0.0,0.0,0.3,4.64
9.6,203.7,6.19,79.6,401,190.2,191.0,190.2,500.0,500.0,0.0,0.0,0.0,0.3,4.66
9.6,203.7,6.19,79.6,402,190.2,191.3,190.2,500.0,500.0,0.0,0.0,0.0,0.3,4.67
9.8,203.8,6.19,79.4,403,190.2,191.3,190.3,500.0,500.0,0.0,0.0,0.0,0.3,4.68
9.7,203.8,6.19,79.6,404,190.2,191.3,190.3,500.0,500.0,0.0,0.0,0.0,0.3,4.69
9.6,203.8,6.19,79.8,405,190.2,191.3,190.3,500.0,500.0,0.0,0.0,0.0,0.3,4.71
9.7,203.8,6.19,79.6,406,190.2,191.4,190.3,500.0,500.0,0.0,0.0,0.0,0.3,4.72
9.5,203.8,6.19,79.6,407,190.2,191.4,190.3,500.0,500.0,0.0,0.0,0.0,0.3,4.73
9.3,203.8,6.19,79.8,408,190.2,191.5,190.3,500.0,500.0,0.0,0.0,0.0,0.3,4.75
9.6,203.9,6.19,79.6,409,190.2,191.5,190.3,500.0,500.0,0.0,0.0,0.0,0.3,4.76
9.6,203.9,6.19,79.6,410,190.2,191.5,190.3,500.0,500.0,0.0,0.0,0.0,0.3,4.77
9.6,203.9,6.19,79.8,411,190.2,191.5,190.3,500.0,500.0,0.0,0.0,0.0,0.3,4.78
9.8,203.9,6.19,79.6,412,190.2,191.5,190.3,500.0,500.0,0.0,0.0,0.0,0.3,4.80
9.7,204.0,6.19,79.6,413,190.2,191.5,190.3,500.0,500.0,0.0,0.0,0.0,0.3,4.81
9.6,204.0,6.19,79.8,414,190.2,191.5,190.3,500.0,500.0,0.0,0.0,0.0,0.3,4.82
9.5,204.0,6.19,79.6,415,190.2,191.4,190.3,500.0,500.0,0.0,0.0,0.0,0.3,4.83
9.4,204.0,6.19,79.6,416,190.2,191.3,190.3,500.0,500.0,0.0,0.0,0.0,0.3,4.85
9.3,204.0,6.19,79.8,417,190.2,191.3,190.3,500.0,500.0,0.0,0.0,0.0,0.3,4.86
9.6,204.0,6.19,79.6,418,190.2,191.3,190.3,500.0,500.0,0.0,0.0,0.0,0.3,4.87
9.5,204.1,6.19,79.6,419,190.2,190.9,190.3,500.0,500.0,0.0,0.0,0.0,0.3,4.89
9.8,204.1,6.19,79.8,420,190.2,190.8,190.3,500.0,500.0,0.0,0.0,0.0,0.3,4.90
9.8,204.1,6.19,79.8,421,190.2,190.8,190.3,500.0,500.0,0.0,0.0,0.0,0.3,4.91
9.9,204.1,6.19,79.6,422,190.2,190.8,190.3,500.0,500.0,0.0,0.0,0.0,0.3,4.92
10.0,204.1,6.19,79.8,423,190.2,190.8,190.3,500.0,500.0,0.0,0.0,0.0,0.3,4.94
9.9,204.0,6.19,79.8,424,190.2,190.6,190.3,500.0,500.0,0.0,0.0,0.0,0.3,4.95
9.8,204.0,6.19,79.6,425,190.2,190.4,190.3,500.0,500.0,0.0,0.0,0.0,0.3,4.96
10.0,204.0,6.19,79.6,426,190.2,190.3,190.3,500.0,500.0,0.0,0.0,0.0,0.3,4.98
9.9,204.1,6.19,79.8,427,190.2,190.3,190.3,500.0,500.0,0.0,0.0,0.0,0.3,4.99
9.8,204.1,6.19,79.8,428,190.2,190.3,190.3,500.0,500.0,0.0,0.0,0.0,0.3,5.00
9.9,204.1,6.19,79.8,429,190.2,190.3,190.3,500.0,500.0,0.0,0.0,0.0,0.3,5.02
9.9,204.1,6.19,80.0,430,190.2,190.1,190.2,500.0,500.0,0.0,0.0,0.0,0.3,5.03
9.8,204.2,6.19,79.8,431,190.2,190.0,190.2,500.0,500.0,0.0,0.0,0.0,0.3,5.04
9.7,204.2,6.19,79.8,432,190.2,190.0,190.2,500.0,500.0,0.0,0.0,0.0,0.3,5.06
9.8,204.2,6.19,79.8,433,190.2,190.0,190.2,500.0,500.0,0.0,0.0,0.0,0.3,5.07
9.8,204.2,6.19,79.6,434,190.2,190.0,190.2,500.0,500.0,0.0,0.0,0.0,0.3,5.08
9.5,204.2,6.19,79.6,435,190.2,190.0,190.2,500.0,500.0,0.0,0.0,0.0,0.3,5.09
9.6,204.2,6.19,79.8,436,190.2,190.0,190.2,500.0,500.0,0.0,0.0,0.0,0.3,5.11
9.7,204.2,6.19,79.6,437,190.2,190.0,190.2,500.0,500.0,0.0,0.0,0.0,0.3,5.12
9.4,204.2,6.19,79.6,438,190.2,190.0,190.2,500.0,500.0,0.0,0.0,0.0,0.3,5.13
9.5,204.2,6.19,79.8,439,190.2,190.0,190.2,500.0,500.0,0.0,0.0,0.0,0.3,5.14
9.6,204.2,6.19,79.6,440,190.2,190.0,190.2,500.0,500.0,0.0,0.0,0.0,0.3,5.16
9.6,204.2,6.19,79.6,441,190.2,190.0,190.2,500.0,500.0,0.0,0.0,0.0,0.3,5.17
9.8,204.2,6.19,79.8,442,190.2,190.0,190.2,500.0,500.0,0.0,0.0,0.0,0.3,5.18
9.8,204.2,6.19,79.8,443,190.2,190.2,190.2,500.0,500.0,0.0,0.0,0.0,0.3,5.20
9.5,204.2,6.19,79.8,444,190.2,190.2,190.2,500.0,500.0,0.0,0.0,0.0,0.3,5.21
9.6,204.3,6.19,79.8,445,190.2,190.2,190.2,500.0,500.0,0.0,0.0,0.0,0.3,5.22
9.5,204.3,6.19,79.6,446,190.2,190.4,190.2,500.0,500.0,0.0,0.0,0.0,0.3,5.23
9.4,204.3,6.19,79.6,447,190.2,190.7,190.2,500.0,500.0,0.0,0.0,0.0,0.3,5.25
9.5,204.3,6.19,79.6,448,190.3,190.8,190.3,500.0,500.0,0.0,0.0,0.0,0.3,5.26
9.7,204.3,6.19,79.4,449,190.3,190.8,190.3,500.0,500.0,0.0,0.0,0.0,0.3,5.27
9.9,204.3,6.19,79.6,450,190.3,190.8,190.3,500.0,500.0,0.0,0.0,0.0,0.3,5.29
9.8,204.3,6.19,79.8,451,190.3,190.9,190.3,500.0,500.0,0.0,0.0,0.0,0.3,5.30
9.8,204.3,6.19,79.6,452,190.2,191.0,190.2,500.0,500.0,0.0,0.0,0.0,0.3,5.31
9.8,204.3,6.19,79.6,453,190.2,191.0,190.1,500.0,500.0,0.0,0.0,0.0,0.3,5.32
9.6,204.3,6.19,79.8,454,190.2,191.0,190.1,500.0,500.0,0.0,0.0,0.0,0.3,5.34
9.4,204.3,6.19,79.6,455,190.2,191.1,190.1,500.0,500.0,0.0,0.0,0.0,0.3,5.35
9.7,204.4,6.19,79.6,456,190.2,191.3,190.1,500.0,500.0,0.0,0.0,0.0,0.3,5.36
9.7,204.4,6.19,79.8,457,190.2,191.3,190.1,500.0,500.0,0.0,0.0,0.0,0.3,5.38
9.6,204.4,6.19,79.8,458,190.2,191.3,190.1,500.0,500.0,0.0,0.0,0.0,0.3,5.39
9.8,204.4,6.19,79.6,459,190.2,191.4,190.1,500.0,500.0,0.0,0.0,0.0,0.3,5.40
9.6,204.4,6.19,79.8,460,190.2,191.4,190.1,500.0,500.0,0.0,0.0,0.0,0.3,5.41
9.4,204.4,6.19,79.8,461,190.2,191.4,190.1,500.0,500.0,0.0,0.0,0.0,0.3,5.43
9.3,204.5,6.19,79.6,462,190.2,191.4,190.2,500.0,500.0,0.0,0.0,0.0,0.3,5.44
9.4,204.5,6.19,79.6,463,190.3,191.4,190.2,500.0,500.0,0.0,0.0,0.0,0.3,5.45
9.6,204.5,6.19,79.6,464,190.3,191.4,190.2,500.0,500.0,0.0,0.0,0.0,0.3,5.46
9.8,204.5,6.19,79.6,465,190.3,191.3,190.2,500.0,500.0,0.0,0.0,0.0,0.3,5.48
9.8,204.4,6.19,79.6,466,190.3,191.3,190.2,500.0,500.0,0.0,0.0,0.0,0.3,5.49
10.0,204.4,6.19,79.8,467,190.3,191.3,190.2,500.0,500.0,0.0,0.0,0.0,0.3,5.50
9.8,204.5,6.19,79.6,468,190.3,191.3,190.2,500.0,500.0,0.0,0.0,0.0,0.3,5.52
9.7,204.5,6.19,79.8,469,190.3,191.3,190.2,500.0,500.0,0.0,0.0,0.0,0.3,5.53
9.8,204.5,6.19,79.8,470,190.3,191.2,190.2,500.0,500.0,0.0,0.0,0.0,0.3,5.54
9.7,204.5,6.19,79.6,471,190.3,191.0,190.2,500.0,500.0,0.0,0.0,0.0,0.3,5.56
9.7,204.5,6.19,79.6,472,190.3,191.0,190.2,500.0,500.0,0.0,0.0,0.0,0.3,5.57
9.8,204.5,6.19,79.8,473,190.3,191.0,190.2,500.0,500.0,0.0,0.0,0.0,0.3,5.58
9.6,204.5,6.19,79.6,474,190.3,191.0,190.2,500.0,500.0,0.0,0.0,0.0,0.3,5.59
9.6,204.6,6.19,79.6,475,190.3,190.9,190.2,500.0,500.0,0.0,0.0,0.0,0.3,5.61
9.7,204.6,6.19,79.8,476,190.3,190.7,190.2,500.0,500.0,0.0,0.0,0.0,0.3,5.62
9.5,204.6,6.19,79.6,477,190.3,190.7,190.2,500.0,500.0,0.0,0.0,0.0,0.3,5.63
9.5,204.6,6.19,79.6,478,190.3,190.7,190.2,500.0,500.0,0.0,0.0,0.0,0.3,5.64
9.6,204.6,6.19,79.8,479,190.3,190.6,190.2,500.0,500.0,0.0,0.0,0.0,0.3,5.66
9.6,204.6,6.19,79.8,480,190.3,190.5,190.2,500.0,500.0,0.0,0.0,0.0,0.3,5.67
9.5,204.6,6.19,79.6,481,190.3,190.5,190.2,500.0,500.0,0.0,0.0,0.0,0.3,5.68
9.5,204.7,6.19,79.8,482,190.3,190.5,190.2,500.0,500.0,0.0,0.0,0.0,0.3,5.70
9.6,204.7,6.19,79.6,483,190.3,190.4,190.2,500.0,500.0,0.0,0.0,0.0,0.3,5.71
9.6,204.7,6.19,79.6,484,190.3,190.3,190.2,500.0,500.0,0.0,0.0,0.0,0.3,5.72
9.5,204.7,6.19,79.6,485,190.3,190.3,190.2,500.0,500.0,0.0,0.0,0.0,0.3,5.73
9.7,204.6,6.19,79.6,486,190.3,190.3,190.2,500.0,500.0,0.0,0.0,0.0,0.3,5.75
9.7,204.6,6.19,79.6,487,190.3,190.3,190.2,500.0,500.0,0.0,0.0,0.0,0.3,5.76
9.6,204.6,6.19,79.8,488,190.3,190.3,190.2,500.0,500.0,0.0,0.0,0.0,0.3,5.77
9.6,204.6,6.19,79.6,489,190.3,190.3,190.2,500.0,500.0,0.0,0.0,0.0,0.3,5.78
9.6,204.6,6.19,79.6,490,190.3,190.3,190.2,500.0,500.0,0.0,0.0,0.0,0.3,5.80
9.4,204.7,6.19,79.8,491,190.3,190.4,190.2,500.0,500.0,0.0,0.0,0.0,0.3,5.81
9.7,204.7,6.19,79.6,492,190.3,190.4,190.2,500.0,500.0,0.0,0.0,0.0,0.3,5.82
9.7,204.7,6.19,79.4,493,190.2,190.4,190.2,500.0,500.0,0.0,0.0,0.0,0.3,5.84
9.7,204.7,6.19,79.6,494,190.2,190.4,190.2,500.0,500.0,0.0,0.0,0.0,0.3,5.85
9.8,204.7,6.19,79.6,495,190.2,190.6,190.2,500.0,500.0,0.0,0.0,0.0,0.3,5.86
9.9,204.7,6.19,79.4,496,190.2,190.6,190.2,500.0,500.0,0.0,0.0,0.0,0.3,5.88
9.7,204.7,6.19,79.6,497,190.2,190.6,190.2,500.0,500.0,0.0,0.0,0.0,0.3,5.89
9.8,204.7,6.19,79.6,498,190.2,190.6,190.2,500.0,500.0,0.0,0.0,0.0,0.3,5.90
9.7,204.7,6.19,79.6,499,190.2,190.7,190.2,500.0,500.0,0.0,0.0,0.0,0.3,5.91
9.8,204.7,6.19,79.6,500,190.2,190.8,190.2,500.0,500.0,0.0,0.0,0.0,0.3,5.93
9.8,204.7,6.19,79.6,501,190.2,190.8,190.2,500.0,500.0,0.0,0.0,0.0,0.3,5.94
9.8,204.7,6.19,79.4,502,190.2,190.8,190.2,500.0,500.0,0.0,0.0,0.0,0.3,5.95
10.0,204.7,6.19,79.6,503,190.2,190.8,190.2,500.0,500.0,0.0,0.0,0.0,0.3,5.97
10.0,204.7,6.19,79.6,504,190.2,190.9,190.2,500.0,500.0,0.0,0.0,0.0,0.3,5.98
9.8,204.7,6.19,79.4,505,190.2,191.0,190.2,500.0,500.0,0.0,0.0,0.0,0.3,5.99
9.8,204.7,6.19,79.6,506,190.2,191.0,190.2,500.0,500.0,0.0,0.0,0.0,0.3,6.01
9.8,204.7,6.19,79.8,507,190.2,191.0,190.2,500.0,500.0,0.0,0.0,0.0,0.3,6.02
9.8,204.7,6.19,79.6,508,190.2,191.0,190.2,500.0,500.0,0.0,0.0,0.0,0.3,6.03
9.8,204.7,6.19,79.6,509,190.2,191.0,190.2,500.0,500.0,0.0,0.0,0.0,0.3,6.04
9.8,204.7,6.19,79.8,510,190.2,191.0,190.2,500.0,500.0,0.0,0.0,0.0,0.3,6.06
9.9,204.7,6.19,79.6,511,190.2,191.0,190.2,500.0,500.0,0.0,0.0,0.0,0.3,6.07
9.9,204.8,6.19,79.4,512,190.2,191.0,190.2,500.0,500.0,0.0,0.0,0.0,0.3,6.08
9.8,204.8,6.19,79.6,513,190.2,191.0,190.2,500.0,500.0,0.0,0.0,0.0,0.3,6.10
9.9,204.8,6.19,79.6,514,190.2,191.0,190.2,500.0,500.0,0.0,0.0,0.0,0.3,6.11
9.7,204.8,6.19,79.4,515,190.2,190.9,190.2,500.0,500.0,0.0,0.0,0.0,0.3,6.12
9.7,204.8,6.19,79.6,516,190.2,190.7,190.2,500.0,500.0,0.0,0.0,0.0,0.3,6.14
9.7,204.8,6.19,79.6,517,190.2,190.7,190.2,500.0,500.0,0.0,0.0,0.0,0.3,6.15
9.5,204.8,6.19,79.6,518,190.2,190.7,190.2,500.0,500.0,0.0,0.0,0.0,0.3,6.16
9.7,204.8,6.19,79.6,519,190.2,190.7,190.2,500.0,500.0,0.0,0.0,0.0,0.3,6.17
9.8,204.8,6.19,79.6,520,190.2,190.5,190.1,500.0,500.0,0.0,0.0,0.0,0.3,6.19
9.6,204.8,6.19,79.6,521,190.2,190.3,190.1,500.0,500.0,0.0,0.0,0.0,0.3,6.20
9.6,204.8,6.19,79.8,522,190.2,190.3,190.1,500.0,500.0,0.0,0.0,0.0,0.3,6.21
9.7,204.8,6.19,79.8,523,190.2,190.3,190.1,500.0,500.0,0.0,0.0,0.0,0.3,6.23
9.5,204.8,6.19,79.6,524,190.2,190.3,190.1,500.0,500.0,0.0,0.0,0.0,0.3,6.24
9.4,204.8,6.19,79.8,525,190.2,190.1,190.1,500.0,500.0,0.0,0.0,0.0,0.3,6.25
9.6,204.8,6.19,79.8,526,190.2,190.0,190.1,500.0,500.0,0.0,0.0,0.0,0.3,6.26
9.7,204.7,6.19,79.6,527,190.2,190.0,190.1,500.0,500.0,0.0,0.0,0.0,0.3,6.28
9.6,204.7,6.19,79.6,528,190.2,190.0,190.1,500.0,500.0,0.0,0.0,0.0,0.3,6.29
9.8,204.8,6.19,79.8,529,190.2,190.0,190.1,500.0,500.0,0.0,0.0,0.0,0.3,6.30
9.8,204.8,6.19,79.6,530,190.2,190.0,190.1,500.0,500.0,0.0,0.0,0.0,0.3,6.31
9.7,204.8,6.19,79.6,531,190.2,190.0,190.1,500.0,500.0,0.0,0.0,0.0,0.3,6.33
9.5,204.8,6.19,79.6,532,190.2,190.0,190.1,500.0,500.0,0.0,0.0,0.0,0.3,6.34
9.7,204.8,6.19,79.6,533,190.2,190.0,190.1,500.0,500.0,0.0,0.0,0.0,0.3,6.35
9.6,204.8,6.19,79.6,534,190.2,190.0,190.1,500.0,500.0,0.0,0.0,0.0,0.3,6.37
9.7,204.8,6.19,79.6,535,190.2,190.0,190.1,500.0,500.0,0.0,0.0,0.0,0.3,6.38
9.8,204.8,6.19,79.6,536,190.2,190.0,190.1,500.0,500.0,0.0,0.0,0.0,0.3,6.39
9.9,204.8,6.19,79.8,537,190.2,190.0,190.1,500.0,500.0,0.0,0.0,0.0,0.3,6.40
9.9,204.8,6.19,79.8,538,190.2,190.0,190.1,500.0,500.0,0.0,0.0,0.0,0.3,6.42
9.8,204.8,6.19,79.6,539,190.2,190.0,190.1,500.0,500.0,0.0,0.0,0.0,0.3,6.43
9.7,204.8,6.19,79.8,540,190.2,190.0,190.1,500.0,500.0,0.0,0.0,0.0,0.3,6.44
9.7,204.8,6.19,79.8,541,190.2,190.0,190.1,500.0,500.0,0.0,0.0,0.0,0.3,6.46
9.5,204.8,6.19,79.6,542,190.2,190.0,190.1,500.0,500.0,0.0,0.0,0.0,0.3,6.47
9.5,204.8,6.19,79.6,543,190.2,190.0,190.1,500.0,500.0,0.0,0.0,0.0,0.3,6.48
9.7,204.8,6.19,79.8,544,190.2,190.0,190.1,500.0,500.0,0.0,0.0,0.0,0.3,6.49
9.6,204.9,6.19,79.6,545,190.2,190.0,190.1,500.0,500.0,0.0,0.0,0.0,0.3,6.51
9.8,204.9,6.19,79.6,546,190.2,190.0,190.1,500.0,500.0,0.0,0.0,0.0,0.3,6.52
9.8,204.8,6.19,79.8,547,190.3,190.1,190.2,500.0,500.0,0.0,0.0,0.0,0.3,6.53
9.7,204.8,6.19,79.6,548,190.3,190.1,190.2,500.0,500.0,0.0,0.0,0.0,0.3,6.55
9.7,204.8,6.19,79.6,549,190.3,190.1,190.2,500.0,500.0,0.0,0.0,0.0,0.3,6.56
9.8,204.8,6.19,79.8,550,190.3,190.2,190.2,500.0,500.0,0.0,0.0,0.0,0.3,6.57
9.7,204.8,6.19,79.6,551,190.3,190.3,190.2,500.0,500.0,0.0,0.0,0.0,0.3,6.59
9.8,204.9,6.19,79.6,552,190.3,190.3,190.2,500.0,500.0,0.0,0.0,0.0,0.3,6.60
9.9,204.9,6.19,79.8,553,190.3,190.3,190.2,500.0,500.0,0.0,0.0,0.0,0.3,6.61
10.0,204.9,6.19,79.6,554,190.3,190.4,190.2,500.0,500.0,0.0,0.0,0.0,0.3,6.62
9.9,204.9,6.19,79.6,555,190.3,190.5,190.2,500.0,500.0,0.0,0.0,0.0,0.3,6.64
9.7,204.9,6.19,79.8,556,190.3,190.5,190.2,500.0,500.0,0.0,0.0,0.0,0.3,6.65
9.8,204.8,6.19,79.8,557,190.3,190.5,190.2,500.0,500.0,0.0,0.0,0.0,0.3,6.66
9.7,204.8,6.19,79.6,558,190.2,190.5,190.2,500.0,500.0,0.0,0.0,0.0,0.3,6.68
9.5,204.9,6.19,79.8,559,190.2,190.5,190.2,500.0,500.0,0.0,0.0,0.0,0.3,6.69
9.8,204.9,6.19,79.8,560,190.2,190.5,190.2,500.0,500.0,0.0,0.0,0.0,0.3,6.70
9.9,204.9,6.19,79.8,561,190.2,190.5,190.2,500.0,500.0,0.0,0.0,0.0,0.3,6.72
9.9,204.9,6.19,79.8,562,190.2,190.5,190.2,500.0,500.0,0.0,0.0,0.0,0.3,6.73
10.0,204.9,6.19,79.8,563,190.2,190.5,190.2,500.0,500.0,0.0,0.0,0.0,0.3,6.74
9.9,204.9,6.19,79.8,564,190.2,190.5,190.2,500.0,500.0,0.0,0.0,0.0,0.3,6.75
9.7,204.9,6.19,79.8,565,190.2,190.4,190.2,500.0,500.0,0.0,0.0,0.0,0.3,6.77
9.6,204.9,6.19,79.8,566,190.2,190.3,190.2,500.0,500.0,0.0,0.0,0.0,0.3,6.78
9.6,204.9,6.19,79.6,567,190.2,190.3,190.2,500.0,500.0,0.0,0.0,0.0,0.3,6.79
9.7,204.9,6.19,79.8,568,190.2,190.2,190.2,500.0,500.0,0.0,0.0,0.0,0.3,6.81
9.8,204.9,6.19,79.8,569,190.2,190.0,190.2,500.0,500.0,0.0,0.0,0.0,0.3,6.82
9.9,204.9,6.19,79.6,570,190.2,190.0,190.2,500.0,500.0,0.0,0.0,0.0,0.3,6.83
10.1,204.9,6.19,79.6,571,190.2,190.0,190.2,500.0,500.0,0.0,0.0,0.0,0.3,6.85
9.9,204.9,6.19,79.8,572,190.2,190.0,190.2,500.0,500.0,0.0,0.0,0.0,0.3,6.86
9.9,204.9,6.19,79.6,573,190.2,190.0,190.2,500.0,500.0,0.0,0.0,0.0,0.3,6.87
10.0,204.9,6.19,79.6,574,190.2,190.0,190.2,500.0,500.0,0.0,0.0,0.0,0.3,6.89
9.8,204.9,6.19,79.8,575,190.2,190.0,190.2,500.0,500.0,0.0,0.0,0.0,0.3,6.90
9.8,204.9,6.19,79.6,576,190.2,190.0,190.2,500.0,500.0,0.0,0.0,0.0,0.3,6.91
10.0,204.9,6.19,79.6,577,190.2,190.0,190.2,500.0,500.0,0.0,0.0,0.0,0.3,6.92
9.8,204.9,6.19,79.8,578,190.2,190.0,190.2,500.0,500.0,0.0,0.0,0.0,0.3,6.94
9.7,204.9,6.19,79.8,579,190.2,190.0,190.2,500.0,500.0,0.0,0.0,0.0,0.3,6.95
9.8,204.9,6.19,79.8,580,190.2,190.0,190.2,500.0,500.0,0.0,0.0,0.0,0.3,6.96
9.8,204.9,6.19,80.0,581,190.2,190.0,190.2,500.0,500.0,0.0,0.0,0.0,0.3,6.98
9.9,204.9,6.19,79.8,582,190.2,190.0,190.2,500.0,500.0,0.0,0.0,0.0,0.3,6.99
10.0,204.9,6.19,79.8,583,190.2,190.0,190.2,500.0,500.0,0.0,0.0,0.0,0.3,7.00
10.2,204.9,6.19,79.8,584,190.2,190.0,190.2,500.0,500.0,0.0,0.0,0.0,0.3,7.02
10.1,205.0,6.19,79.6,585,190.2,190.0,190.2,500.0,500.0,0.0,0.0,0.0,0.3,7.03
10.1,205.0,6.19,79.6,586,190.3,190.0,190.3,500.0,500.0,0.0,0.0,0.0,0.3,7.04
9.9,205.0,6.19,79.8,587,190.3,190.0,190.3,500.0,500.0,0.0,0.0,0.0,0.3,7.06
9.8,204.9,6.19,79.6,588,190.3,190.0,190.3,500.0,500.0,0.0,0.0,0.0,0.3,7.07
9.7,204.9,6.19,79.6,589,190.3,190.0,190.3,500.0,500.0,0.0,0.0,0.0,0.3,7.08
9.8,204.9,6.19,79.8,590,190.3,190.0,190.3,500.0,500.0,0.0,0.0,0.0,0.3,7.10
9.7,204.9,6.19,79.6,591,190.3,190.0,190.3,500.0,500.0,0.0,0.0,0.0,0.3,7.11
9.7,204.9,6.19,79.4,592,190.3,190.0,190.3,500.0,500.0,0.0,0.0,0.0,0.3,7.12
9.8,204.9,6.19,79.6,593,190.3,190.0,190.3,500.0,500.0,0.0,0.0,0.0,0.3,7.13
9.7,204.9,6.19,79.6,594,190.2,190.0,190.3,500.0,500.0,0.0,0.0,0.0,0.3,7.15
9.5,205.0,6.19,79.6,595,190.2,190.0,190.3,500.0,500.0,0.0,0.0,0.0,0.3,7.16
9.5,205.0,6.19,79.8,596,190.2,190.0,190.3,500.0,500.0,0.0,0.0,0.0,0.3,7.17
9.5,204.9,6.19,79.8,597,190.2,190.0,190.3,500.0,500.0,0.0,0.0,0.0,0.3,7.19
9.3,204.9,6.19,79.8,598,190.2,190.0,190.3,500.0,500.0,0.0,0.0,0.0,0.3,7.20
9.5,204.9,6.19,79.8,599,190.2,190.0,190.3,500.0,500.0,0.0,0.0,0.0,0.3,7.21
