扭矩,料温,压力,转速,时间,温度1,温度2,温度3,温度4,温度5,温度6,温度7,温度8,顶栓,能量
1.5,187.5,6.19,0.6,0,190.0,190.8,190.0,500.0,500.0,0.0,0.0,0.0,0.2,0.00
1.5,187.5,6.19,3.2,1,190.0,190.8,190.0,500.0,500.0,0.0,0.0,0.0,0.2,0.00
1.4,187.5,6.19,11.4,2,190.0,190.7,190.0,500.0,500.0,0.0,0.0,0.0,0.3,0.00
1.4,187.0,6.19,21.4,3,190.0,190.6,190.0,500.0,500.0,0.0,0.0,0.0,0.3,0.00
1.4,186.2,6.19,31.4,4,190.0,190.6,190.0,500.0,500.0,0.0,0.0,0.0,0.3,0.00
1.4,184.9,6.19,40.8,5,190.0,190.6,190.0,500.0,500.0,0.0,0.0,0.0,0.3,0.00
1.4,183.7,6.19,48.2,6,190.0,190.4,190.0,500.0,500.0,0.0,0.0,0.0,0.3,0.00
1.4,182.6,6.19,50.2,7,190.0,190.3,190.0,500.0,500.0,0.0,0.0,0.0,0.3,0.00
1.4,181.6,6.19,50.0,8,190.0,190.3,190.0,500.0,500.0,0.0,0.0,0.0,0.3,0.01
1.4,180.8,6.19,50.0,9,190.0,190.3,190.0,500.0,500.0,0.0,0.0,0.0,0.3,0.01
1.4,180.0,6.19,50.0,10,190.0,190.1,190.0,500.0,500.0,0.0,0.0,0.0,0.3,0.01
1.4,179.4,6.19,50.0,11,190.0,190.0,190.0,500.0,500.0,0.0,0.0,0.0,0.3,0.01
1.4,178.9,6.19,49.6,12,190.0,190.0,190.0,500.0,500.0,0.0,0.0,0.0,0.3,0.01
1.3,178.6,6.19,49.8,13,190.0,190.0,190.0,500.0,500.0,0.0,0.0,0.0,0.3,0.01
1.3,178.4,6.19,49.8,14,190.0,190.0,190.0,500.0,500.0,0.0,0.0,0.0,0.3,0.01
1.3,178.3,6.19,49.8,15,190.0,190.0,190.0,500.0,500.0,0.0,0.0,0.0,0.3,0.01
1.3,178.4,6.19,49.8,16,190.0,190.0,190.0,500.0,500.0,0.0,0.0,0.0,0.3,0.02
1.3,178.5,6.19,50.0,17,190.0,190.0,190.0,500.0,500.0,0.0,0.0,0.0,0.3,0.02
1.4,178.6,6.19,50.0,18,190.0,190.0,190.0,500.0,500.0,0.0,0.0,0.0,0.3,0.02
1.4,178.7,6.19,50.0,19,190.0,190.0,190.0,500.0,500.0,0.0,0.0,0.0,0.3,0.02
1.4,178.8,6.19,50.0,20,190.0,190.0,190.0,500.0,500.0,0.0,0.0,0.0,0.3,0.02
1.4,178.9,6.19,50.0,21,190.0,190.0,190.0,500.0,500.0,0.0,0.0,0.0,0.3,0.02
1.4,179.1,6.19,50.0,22,190.0,190.0,190.0,500.0,500.0,0.0,0.0,0.0,0.3,0.02
1.4,179.3,6.19,49.8,23,190.0,190.0,190.0,500.0,500.0,0.0,0.0,0.0,0.3,0.02
1.4,179.4,6.19,49.8,24,190.0,190.0,190.0,500.0,500.0,0.0,0.0,0.0,0.3,0.02
1.4,179.5,6.19,49.8,25,190.0,190.0,190.0,500.0,500.0,0.0,0.0,0.0,0.3,0.03
1.3,179.5,6.19,49.8,26,190.0,190.0,190.0,500.0,500.0,0.0,0.0,0.0,0.3,0.03
1.3,179.5,6.19,49.8,27,190.0,190.0,190.0,500.0,500.0,0.0,0.0,0.0,0.3,0.03
1.3,179.5,6.19,50.0,28,190.0,190.0,190.0,500.0,500.0,0.0,0.0,0.0,0.3,0.03
1.3,179.5,6.19,49.8,29,190.0,190.0,190.0,500.0,500.0,0.0,0.0,0.0,0.3,0.03
1.3,179.5,6.19,49.8,30,190.0,190.0,190.0,500.0,500.0,0.0,0.0,0.0,0.3,0.03
1.3,179.5,6.19,49.8,31,190.0,190.1,190.0,500.0,500.0,0.0,0.0,0.0,0.3,0.03
1.3,179.5,6.19,49.8,32,190.0,190.2,190.0,500.0,500.0,0.0,0.0,0.0,0.3,0.03
1.3,179.4,6.19,49.8,33,190.0,190.2,190.0,500.0,500.0,0.0,0.0,0.0,0.3,0.03
1.4,179.4,6.19,50.0,34,190.0,190.3,190.0,500.0,500.0,0.0,0.0,0.0,0.3,0.04
1.4,179.4,6.19,49.8,35,190.0,190.5,190.0,500.0,500.0,0.0,0.0,0.0,0.3,0.04
1.4,179.5,6.19,49.8,36,190.0,190.6,190.0,500.0,500.0,0.0,0.0,0.0,0.3,0.04
1.4,179.6,6.19,49.8,37,190.0,190.6,190.0,500.0,500.0,0.0,0.0,0.0,0.3,0.04
1.3,179.6,6.19,49.8,38,190.0,190.6,190.0,500.0,500.0,0.0,0.0,0.0,0.3,0.04
1.3,179.6,6.19,49.8,39,190.0,190.7,190.0,500.0,500.0,0.0,0.0,0.0,0.3,0.04
1.3,179.5,6.19,50.0,40,190.0,190.8,190.0,500.0,500.0,0.0,0.0,0.0,0.3,0.04
1.2,179.5,6.19,49.8,41,190.0,190.9,190.0,500.0,500.0,0.0,0.0,0.0,0.3,0.04
1.3,179.5,6.19,49.8,42,190.0,190.9,190.0,500.0,500.0,0.0,0.0,0.0,0.3,0.04
1.3,179.5,6.19,49.8,43,190.0,190.9,190.0,500.0,500.0,0.0,0.0,0.0,0.3,0.05
1.3,179.4,6.19,49.6,44,190.0,190.9,190.0,500.0,500.0,0.0,0.0,0.0,0.3,0.05
1.3,179.3,6.19,49.6,45,190.0,190.9,190.0,500.0,500.0,0.0,0.0,0.0,0.3,0.05
1.3,179.2,6.19,49.8,46,189.9,190.9,190.0,500.0,500.0,0.0,0.0,0.0,0.3,0.05
1.2,179.2,6.19,49.8,47,189.9,190.9,190.0,500.0,500.0,0.0,0.0,0.0,0.3,0.05
1.2,179.1,6.19,49.8,48,189.9,190.9,190.0,500.0,500.0,0.0,0.0,0.0,0.3,0.05
1.2,179.1,6.19,50.0,49,189.9,190.9,190.0,500.0,500.0,0.0,0.0,0.0,0.3,0.05
1.2,179.1,6.19,50.0,50,189.9,190.8,190.0,500.0,500.0,0.0,0.0,0.0,0.3,0.05
1.2,179.0,6.19,50.2,51,189.9,190.6,189.9,500.0,500.0,0.0,0.0,0.0,0.3,0.05
1.2,178.9,6.19,50.2,52,189.9,190.6,189.9,500.0,500.0,0.0,0.0,0.0,0.3,0.05
1.2,178.7,6.19,50.2,53,189.9,190.6,189.9,500.0,500.0,0.0,0.0,0.0,0.3,0.06
1.1,178.6,6.19,50.2,54,189.9,190.6,189.9,500.0,500.0,0.0,0.0,0.0,0.3,0.06
1.0,178.5,6.19,50.0,55,189.9,190.4,189.9,500.0,500.0,0.0,0.0,0.0,0.3,0.06
0.9,178.3,6.19,49.8,56,189.9,190.2,189.9,500.0,500.0,0.0,0.0,0.0,0.3,0.06
0.8,178.1,6.19,49.8,57,189.9,190.1,189.9,500.0,500.0,0.0,0.0,0.0,0.3,0.06
0.8,177.9,6.19,49.8,58,189.9,190.0,189.9,500.0,500.0,0.0,0.0,0.0,0.3,0.06
2.2,177.7,6.19,49.8,59,189.9,190.0,189.9,500.0,500.0,0.0,0.0,0.0,0.3,0.06
5.8,176.8,6.19,50.0,60,189.9,190.0,189.9,500.0,500.0,0.0,0.0,0.0,0.3,0.07
8.3,174.3,6.19,49.8,61,189.9,190.0,189.9,500.0,500.0,0.0,0.0,0.0,0.3,0.07
10.1,170.9,6.19,49.8,62,189.9,190.0,189.9,500.0,500.0,0.0,0.0,0.0,0.3,0.08
12.2,167.4,6.19,49.8,63,189.9,190.0,189.9,500.0,500.0,0.0,0.0,0.0,0.3,0.09
12.9,165.2,6.19,49.8,64,189.9,190.0,189.9,500.0,500.0,0.0,0.0,0.0,0.3,0.10
11.0,164.0,6.19,49.8,65,189.9,190.0,189.9,500.0,500.0,0.0,0.0,0.0,0.3,0.11
10.8,163.8,6.19,49.8,66,189.9,190.0,190.0,500.0,500.0,0.0,0.0,0.0,0.3,0.12
10.9,164.0,6.19,49.8,67,189.9,190.0,190.0,500.0,500.0,0.0,0.0,0.0,0.3,0.13
10.5,164.5,6.19,49.8,68,189.9,190.0,190.0,500.0,500.0,0.0,0.0,0.0,0.3,0.14
9.4,165.0,6.19,49.8,69,189.9,190.0,190.0,500.0,500.0,0.0,0.0,0.0,0.3,0.15
9.0,165.6,6.19,49.6,70,189.9,190.0,190.0,500.0,500.0,0.0,0.0,0.0,0.3,0.15
7.9,166.1,6.19,49.8,71,189.9,190.0,190.0,500.0,500.0,0.0,0.0,0.0,0.3,0.16
7.3,166.7,6.19,49.8,72,189.9,190.0,190.0,500.0,500.0,0.0,0.0,0.0,0.3,0.17
6.4,167.3,6.19,49.8,73,189.9,190.0,190.0,500.0,500.0,0.0,0.0,0.0,0.3,0.17
6.3,167.9,6.19,49.8,74,189.9,190.0,190.0,500.0,500.0,0.0,0.0,0.0,0.3,0.18
6.1,168.5,6.19,50.0,75,189.9,190.0,190.0,500.0,500.0,0.0,0.0,0.0,0.3,0.18
5.8,169.1,6.19,50.0,76,189.9,190.0,190.0,500.0,500.0,0.0,0.0,0.0,0.3,0.19
5.4,169.7,6.19,50.0,77,189.9,190.0,190.0,500.0,500.0,0.0,0.0,0.0,0.3,0.19
5.1,170.1,6.19,50.0,78,189.9,190.0,190.0,500.0,500.0,0.0,0.0,0.0,0.3,0.19
4.6,170.6,6.19,50.0,79,189.8,190.0,190.0,500.0,500.0,0.0,0.0,0.0,0.3,0.20
4.2,170.9,6.19,49.8,80,189.8,190.0,190.0,500.0,500.0,0.0,0.0,0.0,0.3,0.20
3.7,171.3,6.19,49.6,81,189.8,190.0,190.0,500.0,500.0,0.0,0.0,0.0,0.3,0.21
3.6,171.6,6.19,49.6,82,189.8,190.0,190.0,500.0,500.0,0.0,0.0,0.0,0.3,0.21
3.5,172.0,6.19,49.6,83,189.8,190.0,189.9,500.0,500.0,0.0,0.0,0.0,0.3,0.21
3.5,172.4,6.19,49.6,84,189.8,190.1,189.9,500.0,500.0,0.0,0.0,0.0,0.3,0.21
3.4,172.7,6.19,49.8,85,189.8,190.2,189.9,500.0,500.0,0.0,0.0,0.0,0.3,0.22
3.2,173.1,6.19,50.0,86,189.8,190.2,189.9,500.0,500.0,0.0,0.0,0.0,0.3,0.22
3.0,173.5,6.18,50.0,87,189.8,190.2,189.9,500.0,500.0,0.0,0.0,0.0,0.3,0.22
2.9,173.9,6.18,50.0,88,189.8,190.3,189.9,500.0,500.0,0.0,0.0,0.0,0.3,0.22
2.8,174.3,6.18,50.0,89,189.8,190.4,189.9,500.0,500.0,0.0,0.0,0.0,0.3,0.23
2.7,174.7,6.18,50.0,90,189.8,190.4,189.9,500.0,500.0,0.0,0.0,0.0,0.3,0.23
2.8,175.0,6.18,50.0,91,189.8,190.4,189.9,500.0,500.0,0.0,0.0,0.0,0.3,0.23
2.8,175.3,6.19,49.8,92,189.8,190.4,189.9,500.0,500.0,0.0,0.0,0.0,0.3,0.23
2.9,175.6,6.19,49.8,93,189.8,190.4,189.9,500.0,500.0,0.0,0.0,0.0,0.3,0.24
3.0,176.0,6.19,49.8,94,189.8,190.4,189.9,500.0,500.0,0.0,0.0,0.0,0.3,0.24
3.0,176.2,6.19,49.8,95,189.8,190.4,189.9,500.0,500.0,0.0,0.0,0.0,0.3,0.24
2.9,176.5,6.19,49.8,96,189.9,190.4,189.9,500.0,500.0,0.0,0.0,0.0,0.3,0.24
2.9,176.8,6.19,49.8,97,189.9,190.3,189.9,500.0,500.0,0.0,0.0,0.0,0.3,0.25
2.9,177.1,6.19,49.8,98,189.9,190.2,189.9,500.0,500.0,0.0,0.0,0.0,0.3,0.25
2.9,177.4,6.19,49.8,99,189.9,190.2,189.9,500.0,500.0,0.0,0.0,0.0,0.3,0.25
2.9,177.7,6.19,49.6,100,189.9,190.2,189.9,500.0,500.0,0.0,0.0,0.0,0.3,0.25
2.8,178.0,6.19,49.4,101,189.9,190.2,189.9,500.0,500.0,0.0,0.0,0.0,0.3,0.26
2.7,178.3,6.19,49.4,102,189.9,190.0,189.9,500.0,500.0,0.0,0.0,0.0,0.3,0.26
2.8,178.5,6.19,49.4,103,189.9,190.0,189.9,500.0,500.0,0.0,0.0,0.0,0.3,0.26
2.6,178.7,6.19,49.4,104,190.0,190.0,189.9,500.0,500.0,0.0,0.0,0.0,0.3,0.26
2.6,179.0,6.19,49.4,105,190.0,190.0,189.9,500.0,500.0,0.0,0.0,0.0,0.3,0.26
2.6,179.2,6.19,49.4,106,190.0,190.0,189.9,500.0,500.0,0.0,0.0,0.0,0.3,0.27
2.7,179.4,6.19,49.6,107,190.0,190.0,189.9,500.0,500.0,0.0,0.0,0.0,0.3,0.27
2.7,179.6,6.19,49.6,108,190.0,190.0,189.9,500.0,500.0,0.0,0.0,0.0,0.3,0.27
2.9,179.7,6.19,49.6,109,190.0,190.0,189.9,500.0,500.0,0.0,0.0,0.0,0.3,0.27
2.9,179.9,6.19,49.8,110,190.0,190.0,189.9,500.0,500.0,0.0,0.0,0.0,0.3,0.28
2.8,180.0,6.19,49.8,111,190.0,190.0,189.9,500.0,500.0,0.0,0.0,0.0,0.3,0.28
2.7,180.3,6.19,49.8,112,190.0,190.0,189.9,500.0,500.0,0.0,0.0,0.0,0.3,0.28
2.6,180.5,6.19,49.8,113,190.0,190.0,189.9,500.0,500.0,0.0,0.0,0.0,0.3,0.28
2.5,180.7,6.19,49.8,114,190.0,190.0,189.9,500.0,500.0,0.0,0.0,0.0,0.3,0.28
2.6,180.9,6.19,49.8,115,190.0,190.0,189.9,500.0,500.0,0.0,0.0,0.0,0.3,0.29
2.7,181.1,6.19,49.8,116,190.0,190.0,189.9,500.0,500.0,0.0,0.0,0.0,0.3,0.29
2.8,181.2,6.19,49.8,117,190.0,190.0,189.9,500.0,500.0,0.0,0.0,0.0,0.3,0.29
2.9,181.4,6.19,49.8,118,190.0,190.0,189.9,500.0,500.0,0.0,0.0,0.0,0.3,0.29
2.9,181.5,6.19,49.8,119,190.0,190.0,189.9,500.0,500.0,0.0,0.0,0.0,0.3,0.30
2.8,181.7,6.19,49.8,120,190.0,190.0,189.9,500.0,500.0,0.0,0.0,0.0,0.3,0.30
2.8,181.8,6.19,50.0,121,190.0,190.0,189.9,500.0,500.0,0.0,0.0,0.0,0.3,0.30
2.6,182.0,6.19,49.8,122,190.0,190.0,189.9,500.0,500.0,0.0,0.0,0.0,0.3,0.30
2.5,182.1,6.19,49.8,123,190.0,190.0,189.9,500.0,500.0,0.0,0.0,0.0,0.3,0.30
2.5,182.3,6.19,49.8,124,190.0,190.0,189.9,500.0,500.0,0.0,0.0,0.0,0.3,0.31
2.6,182.4,6.19,49.6,125,190.0,190.0,189.9,500.0,500.0,0.0,0.0,0.0,0.3,0.31
2.7,182.6,6.19,49.6,126,190.0,190.0,189.9,500.0,500.0,0.0,0.0,0.0,0.3,0.31
2.7,182.7,6.19,49.8,127,190.0,190.0,189.9,500.0,500.0,0.0,0.0,0.0,0.3,0.31
2.6,182.8,6.19,49.8,128,190.0,190.0,189.9,500.0,500.0,0.0,0.0,0.0,0.3,0.32
2.5,182.9,6.19,49.8,129,190.0,190.0,190.0,500.0,500.0,0.0,0.0,0.0,0.3,0.32
2.4,183.0,6.19,50.0,130,190.0,190.0,190.0,500.0,500.0,0.0,0.0,0.0,0.3,0.32
2.3,183.2,6.19,49.8,131,190.0,190.0,190.0,500.0,500.0,0.0,0.0,0.0,0.3,0.32
2.3,183.3,6.19,49.8,132,190.0,190.0,190.0,500.0,500.0,0.0,0.0,0.0,0.3,0.32
2.5,183.4,6.19,49.8,133,190.0,190.0,190.0,500.0,500.0,0.0,0.0,0.0,0.3,0.33
2.5,183.5,6.19,49.8,134,190.0,190.0,190.0,500.0,500.0,0.0,0.0,0.0,0.3,0.33
2.6,183.6,6.19,49.8,135,190.0,190.0,190.0,500.0,500.0,0.0,0.0,0.0,0.3,0.33
2.6,183.7,6.19,49.8,136,190.0,190.0,190.0,500.0,500.0,0.0,0.0,0.0,0.3,0.33
2.7,183.8,6.19,49.8,137,190.0,190.0,190.0,500.0,500.0,0.0,0.0,0.0,0.3,0.33
2.5,183.8,6.19,49.8,138,190.0,190.1,190.0,500.0,500.0,0.0,0.0,0.0,0.3,0.34
2.5,183.9,6.19,49.8,139,190.0,190.2,190.0,500.0,500.0,0.0,0.0,0.0,0.3,0.34
2.6,184.0,6.19,49.8,140,190.0,190.2,190.0,500.0,500.0,0.0,0.0,0.0,0.3,0.34
2.8,184.1,6.19,50.0,141,190.0,190.2,190.0,500.0,500.0,0.0,0.0,0.0,0.3,0.34
2.9,184.2,6.19,49.8,142,190.0,190.2,190.0,500.0,500.0,0.0,0.0,0.0,0.3,0.35
2.9,184.3,6.19,49.8,143,190.0,190.2,190.0,500.0,500.0,0.0,0.0,0.0,0.3,0.35
2.9,184.4,6.19,49.8,144,190.0,190.2,190.0,500.0,500.0,0.0,0.0,0.0,0.3,0.35
2.9,184.5,6.19,49.8,145,190.0,190.2,190.0,500.0,500.0,0.0,0.0,0.0,0.3,0.35
2.8,184.6,6.19,49.8,146,190.0,190.2,190.0,500.0,500.0,0.0,0.0,0.0,0.3,0.35
2.6,184.7,6.19,49.8,147,190.0,190.2,190.0,500.0,500.0,0.0,0.0,0.0,0.3,0.36
2.6,184.8,6.19,49.8,148,190.0,190.1,190.0,500.0,500.0,0.0,0.0,0.0,0.3,0.36
2.6,184.9,6.19,49.8,149,190.0,190.0,190.0,500.0,500.0,0.0,0.0,0.0,0.3,0.36
2.6,185.0,6.19,49.8,150,190.0,190.0,190.0,500.0,500.0,0.0,0.0,0.0,0.3,0.36
2.7,185.0,6.19,49.6,151,190.0,190.0,190.0,500.0,500.0,0.0,0.0,0.0,0.3,0.37
2.8,185.1,6.19,49.8,152,190.0,190.0,190.0,500.0,500.0,0.0,0.0,0.0,0.3,0.37
2.8,185.2,6.19,49.8,153,190.0,190.0,190.0,500.0,500.0,0.0,0.0,0.0,0.3,0.37
2.7,185.3,6.19,49.8,154,190.0,190.0,190.0,500.0,500.0,0.0,0.0,0.0,0.3,0.37
2.6,185.4,6.19,49.8,155,190.0,190.0,190.0,500.0,500.0,0.0,0.0,0.0,0.3,0.37
2.4,185.4,6.19,50.0,156,190.0,190.0,190.0,500.0,500.0,0.0,0.0,0.0,0.3,0.38
2.4,185.5,6.19,49.8,157,190.0,190.0,190.0,500.0,500.0,0.0,0.0,0.0,0.3,0.38
2.6,185.6,6.19,49.8,158,190.0,190.0,190.0,500.0,500.0,0.0,0.0,0.0,0.3,0.38
2.7,185.7,6.19,49.8,159,190.0,190.0,190.0,500.0,500.0,0.0,0.0,0.0,0.3,0.38
2.8,185.7,6.19,49.8,160,190.0,190.0,190.0,500.0,500.0,0.0,0.0,0.0,0.3,0.39
2.9,185.8,6.19,49.6,161,190.0,190.0,190.0,500.0,500.0,0.0,0.0,0.0,0.3,0.39
2.8,185.9,6.19,49.8,162,190.0,190.0,190.0,500.0,500.0,0.0,0.0,0.0,0.3,0.39
2.7,186.0,6.19,49.8,163,190.0,190.0,190.0,500.0,500.0,0.0,0.0,0.0,0.3,0.39
2.6,186.1,6.19,49.8,164,190.0,190.0,190.0,500.0,500.0,0.0,0.0,0.0,0.3,0.39
2.5,186.1,6.19,49.8,165,190.0,190.0,190.0,500.0,500.0,0.0,0.0,0.0,0.3,0.40
2.5,186.2,6.19,50.0,166,190.0,189.9,190.0,500.0,500.0,0.0,0.0,0.0,0.3,0.40
2.5,186.3,6.19,50.0,167,190.0,189.9,190.0,500.0,500.0,0.0,0.0,0.0,0.3,0.40
2.6,186.3,6.19,49.8,168,190.0,189.9,190.0,500.0,500.0,0.0,0.0,0.0,0.3,0.40
2.7,186.3,6.19,49.8,169,190.0,189.9,190.0,500.0,500.0,0.0,0.0,0.0,0.3,0.41
2.6,186.4,6.19,49.8,170,190.0,189.9,190.0,500.0,500.0,0.0,0.0,0.0,0.3,0.41
2.6,186.5,6.19,49.8,171,190.0,189.9,190.0,500.0,500.0,0.0,0.0,0.0,0.3,0.41
2.7,186.5,6.19,49.8,172,190.0,190.0,190.0,500.0,500.0,0.0,0.0,0.0,0.3,0.41
2.8,186.6,6.19,50.0,173,190.0,190.0,190.0,500.0,500.0,0.0,0.0,0.0,0.3,0.41
2.9,186.6,6.19,50.0,174,190.0,190.0,190.0,500.0,500.0,0.0,0.0,0.0,0.3,0.42
3.2,186.7,6.19,50.0,175,190.0,190.0,190.0,500.0,500.0,0.0,0.0,0.0,0.3,0.42
3.2,186.8,6.19,50.0,176,190.0,190.0,190.0,500.0,500.0,0.0,0.0,0.0,0.3,0.42
3.2,186.8,6.19,50.0,177,190.0,190.0,190.0,500.0,500.0,0.0,0.0,0.0,0.3,0.42
3.0,186.9,6.19,49.8,178,190.0,190.0,190.0,500.0,500.0,0.0,0.0,0.0,0.3,0.43
2.8,187.0,6.19,49.8,179,190.0,190.0,190.0,500.0,500.0,0.0,0.0,0.0,0.3,0.43
2.6,187.1,6.19,49.8,180,190.0,190.0,190.0,500.0,500.0,0.0,0.0,0.0,0.3,0.43
2.5,187.2,6.19,49.8,181,190.0,190.0,190.0,500.0,500.0,0.0,0.0,0.0,0.3,0.43
2.5,187.3,6.19,49.6,182,190.0,190.1,190.0,500.0,500.0,0.0,0.0,0.0,0.3,0.44
2.7,187.3,6.19,49.8,183,190.0,190.2,190.0,500.0,500.0,0.0,0.0,0.0,0.3,0.44
2.8,187.4,6.19,49.8,184,190.0,190.2,190.0,500.0,500.0,0.0,0.0,0.0,0.3,0.44
2.8,187.4,6.19,49.8,185,190.0,190.2,190.0,500.0,500.0,0.0,0.0,0.0,0.3,0.44
2.7,187.5,6.19,49.8,186,190.0,190.2,190.0,500.0,500.0,0.0,0.0,0.0,0.3,0.44
2.6,187.5,6.19,50.0,187,190.0,190.3,190.0,500.0,500.0,0.0,0.0,0.0,0.3,0.45
2.5,187.6,6.19,49.8,188,190.0,190.4,190.0,500.0,500.0,0.0,0.0,0.0,0.3,0.45
2.5,187.7,6.19,49.8,189,190.0,190.4,190.0,500.0,500.0,0.0,0.0,0.0,0.3,0.45
2.5,187.7,6.19,49.8,190,190.0,190.4,190.0,500.0,500.0,0.0,0.0,0.0,0.3,0.45
2.7,187.8,6.19,49.8,191,190.0,190.4,190.0,500.0,500.0,0.0,0.0,0.0,0.3,0.46
2.7,187.8,6.19,49.8,192,190.0,190.5,190.0,500.0,500.0,0.0,0.0,0.0,0.3,0.46
2.8,187.9,6.19,49.8,193,190.0,190.5,190.0,500.0,500.0,0.0,0.0,0.0,0.3,0.46
2.7,188.0,6.19,49.8,194,190.0,190.5,190.0,500.0,500.0,0.0,0.0,0.0,0.3,0.46
2.7,188.0,6.19,49.8,195,190.0,190.5,190.0,500.0,500.0,0.0,0.0,0.0,0.3,0.46
2.6,188.1,6.19,49.8,196,190.0,190.5,190.0,500.0,500.0,0.0,0.0,0.0,0.3,0.47
2.6,188.1,6.19,49.8,197,190.0,190.5,190.0,500.0,500.0,0.0,0.0,0.0,0.3,0.47
2.5,188.1,6.19,49.8,198,190.0,190.4,190.0,500.0,500.0,0.0,0.0,0.0,0.3,0.47
2.7,188.2,6.19,49.8,199,190.0,190.2,190.0,500.0,500.0,0.0,0.0,0.0,0.3,0.47
2.7,188.2,6.19,49.8,200,190.0,190.2,190.0,500.0,500.0,0.0,0.0,0.0,0.3,0.48
2.8,188.3,6.19,49.6,201,190.0,190.2,190.0,500.0,500.0,0.0,0.0,0.0,0.3,0.48
2.7,188.3,6.19,49.4,202,190.0,190.2,190.0,500.0,500.0,0.0,0.0,0.0,0.3,0.48
2.6,188.4,6.19,49.6,203,190.0,190.0,190.0,500.0,500.0,0.0,0.0,0.0,0.3,0.48
2.5,188.5,6.19,49.6,204,190.0,190.0,190.0,500.0,500.0,0.0,0.0,0.0,0.3,0.48
2.5,188.5,6.19,49.6,205,190.0,190.0,190.0,500.0,500.0,0.0,0.0,0.0,0.3,0.49
2.5,188.5,6.19,49.8,206,190.0,190.0,190.0,500.0,500.0,0.0,0.0,0.0,0.3,0.49
2.6,188.6,6.19,49.8,207,190.0,190.0,190.0,500.0,500.0,0.0,0.0,0.0,0.3,0.49
2.8,188.7,6.19,49.8,208,190.0,190.0,190.0,500.0,500.0,0.0,0.0,0.0,0.3,0.49
3.0,188.7,6.19,49.8,209,190.0,190.0,190.0,500.0,500.0,0.0,0.0,0.0,0.3,0.50
3.1,188.7,6.19,49.8,210,190.0,190.0,190.0,500.0,500.0,0.0,0.0,0.0,0.3,0.50
3.1,188.8,6.19,49.8,211,190.0,190.0,190.0,500.0,500.0,0.0,0.0,0.0,0.3,0.50
2.9,188.8,6.19,49.8,212,190.0,190.0,190.0,500.0,500.0,0.0,0.0,0.0,0.3,0.50
2.7,188.9,6.19,49.8,213,190.0,190.0,190.0,500.0,500.0,0.0,0.0,0.0,0.3,0.51
2.5,189.0,6.19,49.8,214,190.0,190.0,190.0,500.0,500.0,0.0,0.0,0.0,0.3,0.51
2.6,189.0,6.19,49.8,215,190.0,190.0,190.0,500.0,500.0,0.0,0.0,0.0,0.3,0.51
2.7,189.0,6.19,49.6,216,190.0,190.0,190.0,500.0,500.0,0.0,0.0,0.0,0.3,0.51
2.8,189.1,6.19,49.8,217,190.0,190.0,190.0,500.0,500.0,0.0,0.0,0.0,0.3,0.51
3.0,189.1,6.19,49.6,218,190.0,190.0,190.0,500.0,500.0,0.0,0.0,0.0,0.3,0.52
3.2,189.1,6.19,49.6,219,190.0,190.0,190.0,500.0,500.0,0.0,0.0,0.0,0.3,0.52
3.1,189.2,6.19,49.6,220,190.0,190.0,190.0,500.0,500.0,0.0,0.0,0.0,0.3,0.52
2.9,189.2,6.19,49.8,221,190.0,190.0,190.0,500.0,500.0,0.0,0.0,0.0,0.3,0.52
2.8,189.2,6.19,49.8,222,190.0,190.0,190.0,500.0,500.0,0.0,0.0,0.0,0.3,0.53
2.7,189.3,6.19,50.0,223,190.0,190.0,190.0,500.0,500.0,0.0,0.0,0.0,0.3,0.53
2.6,189.3,6.19,49.8,224,190.0,190.0,190.0,500.0,500.0,0.0,0.0,0.0,0.3,0.53
2.6,189.3,6.19,49.8,225,190.0,190.0,190.0,500.0,500.0,0.0,0.0,0.0,0.3,0.53
2.7,189.4,6.19,49.8,226,190.0,190.0,190.0,500.0,500.0,0.0,0.0,0.0,0.3,0.54
2.9,189.4,6.19,49.6,227,190.0,190.0,190.0,500.0,500.0,0.0,0.0,0.0,0.3,0.54
2.9,189.5,6.19,49.6,228,190.0,190.0,190.0,500.0,500.0,0.0,0.0,0.0,0.3,0.54
2.8,189.5,6.19,49.8,229,190.0,190.0,190.0,500.0,500.0,0.0,0.0,0.0,0.3,0.54
2.8,189.5,6.19,49.8,230,190.0,190.0,190.0,500.0,500.0,0.0,0.0,0.0,0.3,0.54
2.6,189.6,6.19,49.8,231,190.0,190.1,190.0,500.0,500.0,0.0,0.0,0.0,0.3,0.55
2.5,189.6,6.19,49.8,232,190.0,190.2,190.0,500.0,500.0,0.0,0.0,0.0,0.3,0.55
2.5,189.7,6.19,49.8,233,190.0,190.2,190.0,500.0,500.0,0.0,0.0,0.0,0.3,0.55
2.5,189.7,6.19,49.8,234,190.0,190.2,190.0,500.0,500.0,0.0,0.0,0.0,0.3,0.55
2.5,189.8,6.19,49.8,235,190.0,190.3,190.0,500.0,500.0,0.0,0.0,0.0,0.3,0.56
2.7,189.8,6.19,49.8,236,190.0,190.5,190.0,500.0,500.0,0.0,0.0,0.0,0.3,0.56
2.8,189.9,6.19,50.0,237,190.0,190.5,190.0,500.0,500.0,0.0,0.0,0.0,0.3,0.56
2.8,189.9,6.19,49.8,238,190.0,190.5,190.0,500.0,500.0,0.0,0.0,0.0,0.3,0.56
2.7,189.9,6.19,49.8,239,190.0,190.5,190.0,500.0,500.0,0.0,0.0,0.0,0.3,0.56
2.7,190.0,6.19,49.8,240,190.0,190.6,190.0,500.0,500.0,0.0,0.0,0.0,0.3,0.57
2.8,190.0,6.19,49.8,241,190.0,190.6,190.0,500.0,500.0,0.0,0.0,0.0,0.3,0.57
3.0,190.0,6.19,49.8,242,190.0,190.6,190.0,500.0,500.0,0.0,0.0,0.0,0.3,0.57
3.1,190.1,6.19,49.8,243,190.0,190.6,190.0,500.0,500.0,0.0,0.0,0.0,0.3,0.57
3.1,190.1,6.19,49.8,244,190.0,190.6,190.0,500.0,500.0,0.0,0.0,0.0,0.3,0.58
3.0,190.2,6.19,49.8,245,190.0,190.6,190.0,500.0,500.0,0.0,0.0,0.0,0.3,0.58
3.0,190.2,6.19,49.8,246,190.0,190.6,190.0,500.0,500.0,0.0,0.0,0.0,0.3,0.58
2.9,190.3,6.19,49.8,247,190.0,190.4,190.0,500.0,500.0,0.0,0.0,0.0,0.3,0.58
2.8,190.3,6.19,50.0,248,190.0,190.2,190.0,500.0,500.0,0.0,0.0,0.0,0.3,0.59
2.8,190.4,6.19,49.8,249,190.0,190.2,190.0,500.0,500.0,0.0,0.0,0.0,0.3,0.59
2.8,190.4,6.19,49.8,250,190.0,190.2,190.0,500.0,500.0,0.0,0.0,0.0,0.3,0.59
2.8,190.5,6.19,49.8,251,190.0,190.2,190.0,500.0,500.0,0.0,0.0,0.0,0.3,0.59
2.9,190.5,6.19,49.6,252,190.0,190.2,190.0,500.0,500.0,0.0,0.0,0.0,0.3,0.60
2.9,190.5,6.19,49.6,253,190.0,190.0,190.0,500.0,500.0,0.0,0.0,0.0,0.3,0.60
2.9,190.5,6.19,49.8,254,190.0,190.0,190.0,500.0,500.0,0.0,0.0,0.0,0.3,0.60
2.8,190.6,6.19,49.8,255,190.0,190.0,190.0,500.0,500.0,0.0,0.0,0.0,0.3,0.60
2.6,190.6,6.19,49.8,256,190.0,190.0,190.0,500.0,500.0,0.0,0.0,0.0,0.3,0.60
2.6,190.6,6.19,50.0,257,190.0,190.0,190.0,500.0,500.0,0.0,0.0,0.0,0.3,0.61
2.6,190.6,6.19,49.8,258,190.0,190.0,190.0,500.0,500.0,0.0,0.0,0.0,0.3,0.61
2.7,190.7,6.19,49.8,259,190.0,190.0,190.0,500.0,500.0,0.0,0.0,0.0,0.3,0.61
2.9,190.7,6.19,49.8,260,190.0,190.0,190.0,500.0,500.0,0.0,0.0,0.0,0.3,0.61
3.1,190.7,6.19,49.8,261,190.0,190.0,190.0,500.0,500.0,0.0,0.0,0.0,0.3,0.62
3.1,190.8,6.19,49.6,262,190.0,190.0,190.0,500.0,500.0,0.0,0.0,0.0,0.3,0.62
2.9,190.8,6.19,49.8,263,190.0,190.0,190.0,500.0,500.0,0.0,0.0,0.0,0.3,0.62
2.8,190.8,6.19,49.8,264,190.0,190.0,190.0,500.0,500.0,0.0,0.0,0.0,0.3,0.62
2.7,190.9,6.19,49.8,265,190.0,190.0,190.0,500.0,500.0,0.0,0.0,0.0,0.3,0.63
2.6,190.9,6.19,49.8,266,190.0,190.0,190.0,500.0,500.0,0.0,0.0,0.0,0.3,0.63
2.5,190.9,6.19,50.0,267,190.0,190.0,190.0,500.0,500.0,0.0,0.0,0.0,0.3,0.63
2.6,191.0,6.19,50.0,268,190.0,190.0,190.0,500.0,500.0,0.0,0.0,0.0,0.3,0.63
2.7,191.0,6.19,49.8,269,190.0,190.0,190.0,500.0,500.0,0.0,0.0,0.0,0.3,0.63
2.8,191.0,6.19,49.8,270,190.0,190.0,190.0,500.0,500.0,0.0,0.0,0.0,0.3,0.64
2.6,191.1,6.19,49.8,271,190.0,190.0,190.0,500.0,500.0,0.0,0.0,0.0,0.3,0.64
2.6,191.1,6.19,49.8,272,190.0,190.0,190.0,500.0,500.0,0.0,0.0,0.0,0.3,0.64
2.8,191.1,6.19,49.6,273,190.0,190.0,190.0,500.0,500.0,0.0,0.0,0.0,0.3,0.64
2.9,191.2,6.19,49.8,274,190.0,190.0,190.0,500.0,500.0,0.0,0.0,0.0,0.3,0.65
2.8,191.2,6.19,49.8,275,190.0,190.0,190.0,500.0,500.0,0.0,0.0,0.0,0.3,0.65
3.0,191.2,6.19,49.8,276,190.0,190.0,190.0,500.0,500.0,0.0,0.0,0.0,0.3,0.65
3.1,191.2,6.19,49.8,277,190.0,190.0,190.0,500.0,500.0,0.0,0.0,0.0,0.3,0.65
2.9,191.3,6.19,50.0,278,190.0,190.0,190.0,500.0,500.0,0.0,0.0,0.0,0.3,0.66
2.9,191.3,6.19,49.8,279,190.0,190.0,190.0,500.0,500.0,0.0,0.0,0.0,0.3,0.66
3.0,191.3,6.19,49.8,280,190.0,190.0,190.0,500.0,500.0,0.0,0.0,0.0,0.3,0.66
2.8,191.4,6.19,49.8,281,190.0,190.1,190.0,500.0,500.0,0.0,0.0,0.0,0.3,0.66
2.7,191.4,6.19,49.8,282,190.0,190.1,190.0,500.0,500.0,0.0,0.0,0.0,0.3,0.67
2.8,191.5,6.19,49.6,283,190.0,190.1,190.0,500.0,500.0,0.0,0.0,0.0,0.3,0.67
2.8,191.5,6.19,49.8,284,190.0,190.3,190.0,500.0,500.0,0.0,0.0,0.0,0.3,0.67
2.9,191.6,6.19,49.8,285,190.0,190.5,190.0,500.0,500.0,0.0,0.0,0.0,0.3,0.67
3.0,191.6,6.19,49.8,286,190.0,190.5,190.0,500.0,500.0,0.0,0.0,0.0,0.3,0.67
2.9,191.6,6.19,49.8,287,190.0,190.5,190.0,500.0,500.0,0.0,0.0,0.0,0.3,0.68
2.8,191.6,6.19,50.0,288,190.0,190.5,190.0,500.0,500.0,0.0,0.0,0.0,0.3,0.68
2.7,191.6,6.19,50.0,289,190.0,190.6,190.0,500.0,500.0,0.0,0.0,0.0,0.3,0.68
2.7,191.7,6.19,50.0,290,190.0,190.6,190.0,500.0,500.0,0.0,0.0,0.0,0.3,0.68
2.7,191.7,6.19,50.0,291,190.0,190.6,190.0,500.0,500.0,0.0,0.0,0.0,0.3,0.69
2.8,191.7,6.19,50.0,292,190.0,190.6,190.0,500.0,500.0,0.0,0.0,0.0,0.3,0.69
2.9,191.8,6.19,50.0,293,190.0,190.6,190.0,500.0,500.0,0.0,0.0,0.0,0.3,0.69
2.9,191.9,6.19,49.8,294,190.0,190.5,190.0,500.0,500.0,0.0,0.0,0.0,0.3,0.69
2.8,191.9,6.19,49.8,295,190.0,190.4,190.0,500.0,500.0,0.0,0.0,0.0,0.3,0.70
2.8,191.9,6.19,49.8,296,190.0,190.4,190.0,500.0,500.0,0.0,0.0,0.0,0.3,0.70
2.7,192.0,6.19,49.8,297,190.0,190.4,190.0,500.0,500.0,0.0,0.0,0.0,0.3,0.70
2.6,192.0,6.19,49.8,298,190.0,190.2,190.0,500.0,500.0,0.0,0.0,0.0,0.3,0.70
2.6,192.0,6.19,50.0,299,190.0,190.0,190.0,500.0,500.0,0.0,0.0,0.0,0.3,0.70
2.7,192.0,6.19,49.8,300,190.0,190.0,190.0,500.0,500.0,0.0,0.0,0.0,0.3,0.71
2.7,192.0,6.19,49.8,301,190.0,190.0,190.0,500.0,500.0,0.0,0.0,0.0,0.3,0.71
2.8,192.1,6.19,49.8,302,190.0,190.0,190.0,500.0,500.0,0.0,0.0,0.0,0.3,0.71
3.0,192.1,6.19,49.8,303,190.0,190.0,190.0,500.0,500.0,0.0,0.0,0.0,0.3,0.71
3.0,192.1,6.19,49.8,304,190.0,190.0,190.0,500.0,500.0,0.0,0.0,0.0,0.3,0.72
3.0,192.2,6.19,49.8,305,190.0,190.0,190.0,500.0,500.0,0.0,0.0,0.0,0.3,0.72
2.9,192.2,6.19,49.8,306,190.0,190.0,190.0,500.0,500.0,0.0,0.0,0.0,0.3,0.72
2.8,192.2,6.19,49.8,307,190.0,190.0,190.0,500.0,500.0,0.0,0.0,0.0,0.3,0.72
2.7,192.2,6.19,49.8,308,190.0,190.0,190.0,500.0,500.0,0.0,0.0,0.0,0.3,0.73
2.7,192.2,6.19,49.8,309,190.0,190.0,190.0,500.0,500.0,0.0,0.0,0.0,0.3,0.73
2.8,192.2,6.19,50.0,310,190.0,190.0,190.0,500.0,500.0,0.0,0.0,0.0,0.3,0.73
3.0,192.3,6.19,50.0,311,190.0,190.0,190.0,500.0,500.0,0.0,0.0,0.0,0.3,0.73
3.0,192.3,6.19,50.0,312,190.0,190.0,190.0,500.0,500.0,0.0,0.0,0.0,0.3,0.74
3.0,192.3,6.19,50.0,313,190.0,190.0,190.0,500.0,500.0,0.0,0.0,0.0,0.3,0.74
2.9,192.4,6.19,49.8,314,190.0,190.0,190.0,500.0,500.0,0.0,0.0,0.0,0.3,0.74
2.8,192.4,6.19,49.8,315,190.0,190.0,190.0,500.0,500.0,0.0,0.0,0.0,0.3,0.74
2.9,192.4,6.19,49.8,316,190.0,190.0,190.0,500.0,500.0,0.0,0.0,0.0,0.3,0.74
2.9,192.4,6.19,49.8,317,190.0,190.0,190.0,500.0,500.0,0.0,0.0,0.0,0.3,0.75
2.9,192.5,6.19,49.8,318,190.0,190.0,190.0,500.0,500.0,0.0,0.0,0.0,0.3,0.75
2.8,192.5,6.19,50.0,319,190.0,190.0,190.0,500.0,500.0,0.0,0.0,0.0,0.3,0.75
2.8,192.5,6.19,50.0,320,190.0,190.0,190.0,500.0,500.0,0.0,0.0,0.0,0.3,0.75
2.7,192.5,6.19,50.0,321,190.0,190.0,190.0,500.0,500.0,0.0,0.0,0.0,0.3,0.76
2.6,192.5,6.19,50.0,322,190.0,190.0,190.0,500.0,500.0,0.0,0.0,0.0,0.3,0.76
2.6,192.5,6.19,50.0,323,190.0,190.0,190.0,500.0,500.0,0.0,0.0,0.0,0.3,0.76
2.7,192.6,6.19,50.0,324,190.0,190.0,190.0,500.0,500.0,0.0,0.0,0.0,0.3,0.76
2.7,192.6,6.19,49.8,325,190.0,190.1,190.0,500.0,500.0,0.0,0.0,0.0,0.3,0.77
2.7,192.7,6.19,49.8,326,190.0,190.1,190.0,500.0,500.0,0.0,0.0,0.0,0.3,0.77
2.8,192.7,6.19,49.8,327,190.0,190.1,190.0,500.0,500.0,0.0,0.0,0.0,0.3,0.77
2.8,192.8,6.19,49.8,328,190.0,190.3,190.0,500.0,500.0,0.0,0.0,0.0,0.3,0.77
2.7,192.8,6.19,50.0,329,190.0,190.6,190.0,500.0,500.0,0.0,0.0,0.0,0.3,0.77
2.6,192.8,6.19,50.0,330,190.0,190.6,190.0,500.0,500.0,0.0,0.0,0.0,0.3,0.78
2.6,192.8,6.19,50.0,331,190.0,190.6,190.0,500.0,500.0,0.0,0.0,0.0,0.3,0.78
2.8,192.9,6.19,50.0,332,190.0,190.7,190.0,500.0,500.0,0.0,0.0,0.0,0.3,0.78
2.9,192.9,6.19,50.0,333,190.0,190.9,190.0,500.0,500.0,0.0,0.0,0.0,0.3,0.78
2.9,192.9,6.19,49.6,334,190.0,190.9,190.0,500.0,500.0,0.0,0.0,0.0,0.3,0.79
2.9,192.9,6.19,49.8,335,190.0,190.9,190.0,500.0,500.0,0.0,0.0,0.0,0.3,0.79
2.9,192.9,6.19,49.8,336,190.0,190.9,190.0,500.0,500.0,0.0,0.0,0.0,0.3,0.79
2.7,193.0,6.19,49.8,337,190.0,190.9,190.0,500.0,500.0,0.0,0.0,0.0,0.3,0.79
2.7,193.0,6.19,49.8,338,190.0,190.9,190.0,500.0,500.0,0.0,0.0,0.0,0.3,0.80
2.7,193.0,6.19,49.8,339,190.0,190.9,190.0,500.0,500.0,0.0,0.0,0.0,0.3,0.80
2.7,193.1,6.19,49.8,340,190.0,190.9,190.0,500.0,500.0,0.0,0.0,0.0,0.3,0.80
2.7,193.1,6.19,49.8,341,190.0,190.9,190.0,500.0,500.0,0.0,0.0,0.0,0.3,0.80
2.9,193.1,6.19,49.8,342,190.0,190.8,190.0,500.0,500.0,0.0,0.0,0.0,0.3,0.80
3.0,193.1,6.19,49.8,343,190.0,190.8,190.0,500.0,500.0,0.0,0.0,0.0,0.3,0.81
2.9,193.1,6.19,50.0,344,190.0,190.6,190.0,500.0,500.0,0.0,0.0,0.0,0.3,0.81
2.8,193.1,6.19,49.8,345,190.0,190.6,190.0,500.0,500.0,0.0,0.0,0.0,0.3,0.81
2.8,193.1,6.19,49.8,346,190.0,190.6,190.0,500.0,500.0,0.0,0.0,0.0,0.3,0.81
2.7,193.2,6.19,49.8,347,190.0,190.6,190.0,500.0,500.0,0.0,0.0,0.0,0.3,0.82
2.8,193.2,6.19,49.6,348,190.0,190.4,190.0,500.0,500.0,0.0,0.0,0.0,0.3,0.82
2.9,193.2,6.19,49.6,349,190.0,190.2,190.0,500.0,500.0,0.0,0.0,0.0,0.3,0.82
3.1,193.2,6.19,49.6,350,190.0,190.2,190.0,500.0,500.0,0.0,0.0,0.0,0.3,0.82
3.2,193.3,6.19,49.6,351,190.0,190.2,190.0,500.0,500.0,0.0,0.0,0.0,0.3,0.83
3.2,193.3,6.19,49.6,352,190.0,190.2,190.0,500.0,500.0,0.0,0.0,0.0,0.3,0.83
3.1,193.3,6.19,49.8,353,190.0,190.1,190.0,500.0,500.0,0.0,0.0,0.0,0.3,0.83
2.9,193.3,6.19,49.6,354,190.0,190.0,190.0,500.0,500.0,0.0,0.0,0.0,0.3,0.83
2.8,193.3,6.19,49.8,355,190.0,190.0,190.0,500.0,500.0,0.0,0.0,0.0,0.3,0.84
2.7,193.3,6.19,49.8,356,190.0,190.0,190.0,500.0,500.0,0.0,0.0,0.0,0.3,0.84
2.7,193.3,6.19,49.8,357,190.0,190.0,190.0,500.0,500.0,0.0,0.0,0.0,0.3,0.84
2.8,193.3,6.19,49.8,358,190.0,190.0,190.0,500.0,500.0,0.0,0.0,0.0,0.3,0.84
2.8,193.4,6.19,49.8,359,190.0,190.0,190.0,500.0,500.0,0.0,0.0,0.0,0.3,0.85
2.9,193.4,6.19,49.8,360,190.0,190.1,190.0,500.0,500.0,0.0,0.0,0.0,0.3,0.85
2.8,193.4,6.19,49.8,361,190.0,190.2,190.0,500.0,500.0,0.0,0.0,0.0,0.3,0.85
2.8,193.4,6.19,49.8,362,190.0,190.2,190.0,500.0,500.0,0.0,0.0,0.0,0.3,0.85
2.7,193.5,6.19,49.8,363,190.0,190.2,190.0,500.0,500.0,0.0,0.0,0.0,0.3,0.85
2.8,193.5,6.19,50.0,364,190.0,190.2,190.0,500.0,500.0,0.0,0.0,0.0,0.3,0.86
2.7,193.5,6.19,50.0,365,190.0,190.4,190.0,500.0,500.0,0.0,0.0,0.0,0.3,0.86
2.8,193.5,6.19,50.0,366,190.0,190.6,190.0,500.0,500.0,0.0,0.0,0.0,0.3,0.86
2.8,193.5,6.19,50.0,367,190.0,190.7,190.0,500.0,500.0,0.0,0.0,0.0,0.3,0.86
2.8,193.5,6.19,50.0,368,190.0,190.8,190.0,500.0,500.0,0.0,0.0,0.0,0.3,0.87
2.8,193.6,6.19,50.0,369,190.0,190.9,190.0,500.0,500.0,0.0,0.0,0.0,0.3,0.87
2.8,193.6,6.19,49.8,370,190.0,190.9,190.0,500.0,500.0,0.0,0.0,0.0,0.3,0.87
2.8,193.6,6.19,49.8,371,190.0,190.9,190.0,500.0,500.0,0.0,0.0,0.0,0.3,0.87
2.7,193.6,6.19,49.8,372,190.0,190.9,190.0,500.0,500.0,0.0,0.0,0.0,0.3,0.88
2.7,193.6,6.19,49.8,373,190.0,191.1,190.0,500.0,500.0,0.0,0.0,0.0,0.3,0.88
2.8,193.6,6.19,49.8,374,190.0,191.4,190.0,500.0,500.0,0.0,0.0,0.0,0.3,0.88
2.9,193.6,6.19,49.8,375,190.0,191.4,190.0,500.0,500.0,0.0,0.0,0.0,0.3,0.88
3.0,193.6,6.19,49.8,376,190.0,191.4,190.0,500.0,500.0,0.0,0.0,0.0,0.3,0.88
3.0,193.6,6.19,49.8,377,190.0,191.5,190.0,500.0,500.0,0.0,0.0,0.0,0.3,0.89
3.0,193.6,6.19,49.8,378,190.0,191.6,190.0,500.0,500.0,0.0,0.0,0.0,0.3,0.89
2.9,193.7,6.19,49.8,379,190.0,191.6,190.0,500.0,500.0,0.0,0.0,0.0,0.3,0.89
2.9,193.7,6.19,50.0,380,190.0,191.6,190.0,500.0,500.0,0.0,0.0,0.0,0.3,0.89
2.8,193.7,6.19,49.8,381,190.0,191.6,190.0,500.0,500.0,0.0,0.0,0.0,0.3,0.90
2.8,193.7,6.19,49.8,382,190.0,191.6,190.0,500.0,500.0,0.0,0.0,0.0,0.3,0.90
2.8,193.8,6.19,49.8,383,190.0,191.6,190.0,500.0,500.0,0.0,0.0,0.0,0.3,0.90
2.8,193.8,6.19,49.6,384,190.0,191.6,190.0,500.0,500.0,0.0,0.0,0.0,0.3,0.90
2.9,193.8,6.19,49.6,385,190.0,191.6,190.0,500.0,500.0,0.0,0.0,0.0,0.3,0.91
3.0,193.9,6.19,49.8,386,190.0,191.5,190.0,500.0,500.0,0.0,0.0,0.0,0.3,0.91
2.9,193.9,6.19,49.8,387,190.0,191.3,190.0,500.0,500.0,0.0,0.0,0.0,0.3,0.91
2.9,193.8,6.19,49.8,388,190.0,191.2,190.0,500.0,500.0,0.0,0.0,0.0,0.3,0.91
2.8,193.8,6.19,50.0,389,190.0,191.2,190.0,500.0,500.0,0.0,0.0,0.0,0.3,0.92
2.8,193.9,6.19,49.8,390,190.0,191.2,190.0,500.0,500.0,0.0,0.0,0.0,0.3,0.92
2.8,193.9,6.19,49.8,391,190.0,191.0,190.0,500.0,500.0,0.0,0.0,0.0,0.3,0.92
2.9,193.9,6.19,49.8,392,190.0,190.8,190.0,500.0,500.0,0.0,0.0,0.0,0.3,0.92
3.0,194.0,6.19,49.8,393,190.0,190.7,190.0,500.0,500.0,0.0,0.0,0.0,0.3,0.93
3.1,194.0,6.19,49.8,394,190.0,190.7,190.0,500.0,500.0,0.0,0.0,0.0,0.3,0.93
3.1,194.0,6.19,49.8,395,190.0,190.7,190.0,500.0,500.0,0.0,0.0,0.0,0.3,0.93
3.0,194.0,6.19,49.8,396,190.0,190.7,190.0,500.0,500.0,0.0,0.0,0.0,0.3,0.93
2.9,194.0,6.19,49.8,397,190.0,190.5,190.0,500.0,500.0,0.0,0.0,0.0,0.3,0.94
2.8,194.0,6.19,49.8,398,190.0,190.4,190.0,500.0,500.0,0.0,0.0,0.0,0.3,0.94
2.8,194.1,6.19,49.8,399,190.0,190.4,190.0,500.0,500.0,0.0,0.0,0.0,0.3,0.94
2.8,194.1,6.19,50.0,400,190.0,190.4,190.0,500.0,500.0,0.0,0.0,0.0,0.3,0.94
2.8,194.1,6.19,49.8,401,190.0,190.4,190.0,500.0,500.0,0.0,0.0,0.0,0.3,0.94
2.9,194.1,6.19,49.8,402,190.0,190.3,190.0,500.0,500.0,0.0,0.0,0.0,0.3,0.95
2.9,194.1,6.19,49.8,403,190.0,190.2,190.0,500.0,500.0,0.0,0.0,0.0,0.3,0.95
2.8,194.1,6.19,49.6,404,190.0,190.2,190.0,500.0,500.0,0.0,0.0,0.0,0.3,0.95
2.7,194.1,6.19,49.6,405,190.0,190.2,190.0,500.0,500.0,0.0,0.0,0.0,0.3,0.95
2.7,194.2,6.19,49.6,406,190.0,190.2,190.0,500.0,500.0,0.0,0.0,0.0,0.3,0.96
2.6,194.2,6.19,49.6,407,190.0,190.2,190.0,500.0,500.0,0.0,0.0,0.0,0.3,0.96
2.6,194.2,6.19,49.6,408,190.0,190.2,190.0,500.0,500.0,0.0,0.0,0.0,0.3,0.96
2.7,194.2,6.19,49.8,409,190.0,190.3,190.0,500.0,500.0,0.0,0.0,0.0,0.3,0.96
2.8,194.2,6.19,49.6,410,190.0,190.4,190.0,500.0,500.0,0.0,0.0,0.0,0.3,0.97
2.9,194.2,6.19,49.8,411,190.0,190.4,190.0,500.0,500.0,0.0,0.0,0.0,0.3,0.97
3.1,194.2,6.19,49.8,412,190.0,190.4,190.0,500.0,500.0,0.0,0.0,0.0,0.3,0.97
3.2,194.2,6.19,49.8,413,190.0,190.4,190.0,500.0,500.0,0.0,0.0,0.0,0.3,0.97
3.0,194.2,6.19,49.8,414,190.0,190.5,190.0,500.0,500.0,0.0,0.0,0.0,0.3,0.98
3.0,194.2,6.19,49.8,415,190.0,190.7,190.0,500.0,500.0,0.0,0.0,0.0,0.3,0.98
3.0,194.3,6.19,49.8,416,190.0,190.7,190.0,500.0,500.0,0.0,0.0,0.0,0.3,0.98
2.9,194.3,6.19,49.8,417,190.0,190.7,190.0,500.0,500.0,0.0,0.0,0.0,0.3,0.98
2.9,194.3,6.19,49.8,418,190.0,190.8,190.0,500.0,500.0,0.0,0.0,0.0,0.3,0.99
2.9,194.3,6.19,49.8,419,190.0,191.0,190.0,500.0,500.0,0.0,0.0,0.0,0.3,0.99
2.9,194.3,6.19,49.8,420,190.0,191.0,190.0,500.0,500.0,0.0,0.0,0.0,0.3,0.99
2.9,194.3,6.19,49.8,421,190.0,191.0,190.0,500.0,500.0,0.0,0.0,0.0,0.3,0.99
2.9,194.3,6.19,49.8,422,190.0,191.0,190.0,500.0,500.0,0.0,0.0,0.0,0.3,0.99
2.9,194.3,6.19,49.8,423,190.0,191.1,190.0,500.0,500.0,0.0,0.0,0.0,0.3,1.00
3.0,194.3,6.19,49.8,424,190.0,191.2,190.0,500.0,500.0,0.0,0.0,0.0,0.3,1.00
3.0,194.4,6.19,50.0,425,190.0,191.2,190.0,500.0,500.0,0.0,0.0,0.0,0.3,1.00
3.0,194.4,6.19,49.8,426,190.0,191.2,190.0,500.0,500.0,0.0,0.0,0.0,0.3,1.00
3.0,194.4,6.19,49.8,427,190.0,191.2,190.0,500.0,500.0,0.0,0.0,0.0,0.3,1.01
3.1,194.4,6.19,49.8,428,190.0,191.2,190.0,500.0,500.0,0.0,0.0,0.0,0.3,1.01
3.0,194.4,6.19,49.6,429,190.0,191.2,190.0,500.0,500.0,0.0,0.0,0.0,0.3,1.01
2.9,194.4,6.19,49.6,430,190.0,191.1,190.0,500.0,500.0,0.0,0.0,0.0,0.3,1.01
2.8,194.4,6.19,49.8,431,190.0,191.0,190.0,500.0,500.0,0.0,0.0,0.0,0.3,1.02
2.8,194.4,6.19,49.8,432,190.0,191.0,190.0,500.0,500.0,0.0,0.0,0.0,0.3,1.02
2.7,194.5,6.19,49.8,433,190.0,191.0,190.0,500.0,500.0,0.0,0.0,0.0,0.3,1.02
2.8,194.5,6.19,50.0,434,190.0,190.9,190.0,500.0,500.0,0.0,0.0,0.0,0.3,1.02
2.8,194.5,6.19,50.0,435,190.0,190.7,190.0,500.0,500.0,0.0,0.0,0.0,0.3,1.03
2.9,194.5,6.19,49.8,436,190.0,190.6,190.0,500.0,500.0,0.0,0.0,0.0,0.3,1.03
2.9,194.5,6.19,49.8,437,190.0,190.5,190.0,500.0,500.0,0.0,0.0,0.0,0.3,1.03
2.9,194.5,6.19,49.8,438,190.0,190.4,190.0,500.0,500.0,0.0,0.0,0.0,0.3,1.03
2.8,194.6,6.19,49.8,439,190.0,190.4,190.0,500.0,500.0,0.0,0.0,0.0,0.3,1.04
2.8,194.6,6.19,49.6,440,190.0,190.4,190.0,500.0,500.0,0.0,0.0,0.0,0.3,1.04
2.7,194.7,6.19,49.8,441,190.0,190.4,190.0,500.0,500.0,0.0,0.0,0.0,0.3,1.04
2.7,194.7,6.19,49.8,442,190.0,190.2,190.0,500.0,500.0,0.0,0.0,0.0,0.3,1.04
2.8,194.7,6.19,49.8,443,190.0,190.0,190.0,500.0,500.0,0.0,0.0,0.0,0.3,1.04
3.0,194.6,6.19,49.8,444,190.0,190.0,190.0,500.0,500.0,0.0,0.0,0.0,0.3,1.05
3.1,194.6,6.19,50.0,445,190.0,190.0,190.0,500.0,500.0,0.0,0.0,0.0,0.3,1.05
3.0,194.7,6.19,49.8,446,190.0,190.0,190.0,500.0,500.0,0.0,0.0,0.0,0.3,1.05
2.9,194.7,6.19,49.8,447,190.0,190.0,190.0,500.0,500.0,0.0,0.0,0.0,0.3,1.05
2.9,194.7,6.19,49.8,448,190.0,190.0,190.0,500.0,500.0,0.0,0.0,0.0,0.3,1.06
2.8,194.7,6.19,49.8,449,190.0,190.0,190.0,500.0,500.0,0.0,0.0,0.0,0.3,1.06
2.7,194.7,6.19,49.8,450,190.0,190.0,190.0,500.0,500.0,0.0,0.0,0.0,0.3,1.06
2.7,194.7,6.19,49.8,451,190.0,190.0,190.0,500.0,500.0,0.0,0.0,0.0,0.3,1.06
2.8,194.7,6.19,49.8,452,190.0,190.0,190.0,500.0,500.0,0.0,0.0,0.0,0.3,1.07
2.8,194.7,6.19,49.8,453,190.0,190.0,190.0,500.0,500.0,0.0,0.0,0.0,0.3,1.07
2.9,194.7,6.19,49.8,454,190.0,190.0,190.0,500.0,500.0,0.0,0.0,0.0,0.3,1.07
3.1,194.7,6.19,49.8,455,190.0,190.0,190.0,500.0,500.0,0.0,0.0,0.0,0.3,1.07
3.0,194.7,6.19,50.0,456,190.0,190.0,190.0,500.0,500.0,0.0,0.0,0.0,0.3,1.08
2.9,194.7,6.19,50.0,457,190.0,190.0,190.0,500.0,500.0,0.0,0.0,0.0,0.3,1.08
2.9,194.7,6.19,50.0,458,190.0,190.0,190.0,500.0,500.0,0.0,0.0,0.0,0.3,1.08
2.9,194.8,6.19,50.0,459,190.0,190.0,190.0,500.0,500.0,0.0,0.0,0.0,0.3,1.08
2.8,194.8,6.19,49.8,460,190.0,190.0,190.0,500.0,500.0,0.0,0.0,0.0,0.3,1.09
2.9,194.8,6.19,49.8,461,190.0,190.0,190.0,500.0,500.0,0.0,0.0,0.0,0.3,1.09
2.9,194.8,6.19,49.8,462,190.0,190.0,190.0,500.0,500.0,0.0,0.0,0.0,0.3,1.09
2.9,194.8,6.19,49.8,463,190.0,190.0,190.0,500.0,500.0,0.0,0.0,0.0,0.3,1.09
2.9,194.8,6.19,49.8,464,190.0,190.0,190.0,500.0,500.0,0.0,0.0,0.0,0.3,1.10
2.8,194.8,6.19,49.8,465,190.0,190.0,190.0,500.0,500.0,0.0,0.0,0.0,0.3,1.10
2.8,194.7,6.19,49.8,466,190.0,190.0,190.0,500.0,500.0,0.0,0.0,0.0,0.3,1.10
2.8,194.8,6.19,49.8,467,190.0,190.0,190.0,500.0,500.0,0.0,0.0,0.0,0.3,1.10
2.8,194.8,6.19,49.8,468,190.0,190.0,190.0,500.0,500.0,0.0,0.0,0.0,0.3,1.10
2.8,194.8,6.19,49.8,469,190.0,190.0,190.0,500.0,500.0,0.0,0.0,0.0,0.3,1.11
2.8,194.8,6.19,50.0,470,190.0,190.2,190.0,500.0,500.0,0.0,0.0,0.0,0.3,1.11
2.8,194.8,6.19,49.8,471,190.0,190.2,190.0,500.0,500.0,0.0,0.0,0.0,0.3,1.11
2.9,194.8,6.19,49.8,472,190.0,190.2,190.0,500.0,500.0,0.0,0.0,0.0,0.3,1.11
2.8,194.8,6.19,49.8,473,190.0,190.2,190.0,500.0,500.0,0.0,0.0,0.0,0.3,1.12
2.8,194.8,6.19,49.8,474,190.0,190.3,190.0,500.0,500.0,0.0,0.0,0.0,0.3,1.12
2.8,194.9,6.19,49.8,475,190.0,190.4,190.0,500.0,500.0,0.0,0.0,0.0,0.3,1.12
3.0,194.9,6.19,50.0,476,190.0,190.5,190.0,500.0,500.0,0.0,0.0,0.0,0.3,1.12
3.0,194.9,6.19,49.8,477,190.0,190.5,190.0,500.0,500.0,0.0,0.0,0.0,0.3,1.13
3.2,194.9,6.19,49.8,478,190.0,190.5,190.0,500.0,500.0,0.0,0.0,0.0,0.3,1.13
3.2,194.9,6.19,49.8,479,190.0,190.5,190.0,500.0,500.0,0.0,0.0,0.0,0.3,1.13
3.2,194.9,6.19,49.8,480,190.0,190.5,190.0,500.0,500.0,0.0,0.0,0.0,0.3,1.13
3.2,194.9,6.19,49.8,481,190.0,190.5,190.0,500.0,500.0,0.0,0.0,0.0,0.3,1.14
3.1,194.9,6.19,49.8,482,190.0,190.4,190.0,500.0,500.0,0.0,0.0,0.0,0.3,1.14
2.9,195.0,6.19,49.8,483,190.0,190.3,190.0,500.0,500.0,0.0,0.0,0.0,0.3,1.14
2.9,195.0,6.19,49.8,484,190.0,190.3,190.0,500.0,500.0,0.0,0.0,0.0,0.3,1.14
2.9,195.0,6.19,49.8,485,190.0,190.3,190.0,500.0,500.0,0.0,0.0,0.0,0.3,1.15
2.9,195.0,6.19,49.6,486,190.0,190.1,190.0,500.0,500.0,0.0,0.0,0.0,0.3,1.15
2.9,195.0,6.19,49.8,487,190.0,190.1,190.0,500.0,500.0,0.0,0.0,0.0,0.3,1.15
2.9,195.0,6.19,49.8,488,190.0,190.0,190.0,500.0,500.0,0.0,0.0,0.0,0.3,1.15
2.8,195.0,6.19,49.8,489,190.0,190.0,190.0,500.0,500.0,0.0,0.0,0.0,0.3,1.16
2.8,195.0,6.19,49.8,490,190.0,190.0,190.0,500.0,500.0,0.0,0.0,0.0,0.3,1.16
2.8,195.0,6.19,49.8,491,190.0,190.0,190.0,500.0,500.0,0.0,0.0,0.0,0.3,1.16
2.9,195.0,6.19,49.8,492,190.0,190.0,190.0,500.0,500.0,0.0,0.0,0.0,0.3,1.16
3.0,195.0,6.19,49.8,493,190.0,190.0,190.0,500.0,500.0,0.0,0.0,0.0,0.3,1.17
3.0,195.0,6.19,49.8,494,190.0,190.0,190.0,500.0,500.0,0.0,0.0,0.0,0.3,1.17
2.9,195.0,6.19,49.8,495,190.0,190.0,190.0,500.0,500.0,0.0,0.0,0.0,0.3,1.17
2.9,195.0,6.19,49.8,496,190.0,190.0,190.0,500.0,500.0,0.0,0.0,0.0,0.3,1.17
2.8,195.0,6.19,49.8,497,190.0,190.0,190.0,500.0,500.0,0.0,0.0,0.0,0.3,1.18
2.6,195.0,6.19,49.8,498,190.0,190.0,190.0,500.0,500.0,0.0,0.0,0.0,0.3,1.18
2.6,195.0,6.19,49.8,499,190.0,190.0,190.0,500.0,500.0,0.0,0.0,0.0,0.3,1.18
2.7,195.0,6.19,49.8,500,190.0,190.0,190.0,500.0,500.0,0.0,0.0,0.0,0.3,1.18
2.8,195.0,6.19,50.0,501,190.0,190.0,190.0,500.0,500.0,0.0,0.0,0.0,0.3,1.18
2.9,195.0,6.19,49.8,502,190.0,190.0,190.0,500.0,500.0,0.0,0.0,0.0,0.3,1.19
2.9,195.0,6.19,49.8,503,190.0,189.9,190.0,500.0,500.0,0.0,0.0,0.0,0.3,1.19
2.9,195.0,6.19,49.8,504,190.0,189.9,190.0,500.0,500.0,0.0,0.0,0.0,0.3,1.19
2.8,195.0,6.19,49.8,505,190.0,189.9,190.0,500.0,500.0,0.0,0.0,0.0,0.3,1.19
2.8,195.0,6.19,49.6,506,190.0,189.9,190.0,500.0,500.0,0.0,0.0,0.0,0.3,1.20
2.9,195.0,6.19,49.8,507,190.0,190.0,190.0,500.0,500.0,0.0,0.0,0.0,0.3,1.20
3.0,195.0,6.19,49.8,508,190.0,190.0,190.0,500.0,500.0,0.0,0.0,0.0,0.3,1.20
3.1,195.0,6.19,49.8,509,190.0,190.0,190.0,500.0,500.0,0.0,0.0,0.0,0.3,1.20
3.2,195.0,6.19,49.8,510,190.0,190.0,190.0,500.0,500.0,0.0,0.0,0.0,0.3,1.21
3.2,195.0,6.19,50.0,511,190.0,190.0,190.0,500.0,500.0,0.0,0.0,0.0,0.3,1.21
3.2,195.0,6.19,50.0,512,190.0,190.0,190.0,500.0,500.0,0.0,0.0,0.0,0.3,1.21
3.2,195.0,6.19,50.0,513,190.0,190.0,190.0,500.0,500.0,0.0,0.0,0.0,0.3,1.21
3.0,195.0,6.19,50.0,514,190.0,190.0,190.0,500.0,500.0,0.0,0.0,0.0,0.3,1.22
2.9,195.0,6.19,50.0,515,190.0,190.0,190.0,500.0,500.0,0.0,0.0,0.0,0.3,1.22
2.9,195.0,6.19,49.8,516,190.0,190.0,190.0,500.0,500.0,0.0,0.0,0.0,0.3,1.22
2.9,195.0,6.19,49.8,517,190.0,190.0,190.0,500.0,500.0,0.0,0.0,0.0,0.3,1.22
2.9,195.0,6.19,49.8,518,190.0,190.0,190.0,500.0,500.0,0.0,0.0,0.0,0.3,1.23
2.9,195.0,6.19,49.8,519,190.0,190.0,190.0,500.0,500.0,0.0,0.0,0.0,0.3,1.23
2.8,195.0,6.19,49.8,520,190.0,190.0,190.0,500.0,500.0,0.0,0.0,0.0,0.3,1.23
2.7,195.0,6.19,50.0,521,190.0,190.0,190.0,500.0,500.0,0.0,0.0,0.0,0.3,1.23
2.7,195.0,6.19,49.8,522,190.0,190.1,190.0,500.0,500.0,0.0,0.0,0.0,0.3,1.24
2.7,195.0,6.19,49.8,523,190.0,190.3,190.0,500.0,500.0,0.0,0.0,0.0,0.3,1.24
2.7,195.0,6.19,49.8,524,190.0,190.3,190.0,500.0,500.0,0.0,0.0,0.0,0.3,1.24
2.7,195.0,6.19,49.8,525,190.0,190.3,190.0,500.0,500.0,0.0,0.0,0.0,0.3,1.24
2.8,195.0,6.19,49.8,526,190.0,190.3,190.0,500.0,500.0,0.0,0.0,0.0,0.3,1.24
2.9,195.0,6.19,49.8,527,190.0,190.4,190.0,500.0,500.0,0.0,0.0,0.0,0.3,1.25
2.8,195.0,6.19,49.8,528,190.0,190.5,190.0,500.0,500.0,0.0,0.0,0.0,0.3,1.25
2.8,195.0,6.19,49.8,529,190.0,190.5,190.0,500.0,500.0,0.0,0.0,0.0,0.3,1.25
2.8,195.0,6.19,49.8,530,190.0,190.5,190.0,500.0,500.0,0.0,0.0,0.0,0.3,1.25
2.8,195.0,6.19,49.8,531,190.0,190.5,190.0,500.0,500.0,0.0,0.0,0.0,0.3,1.26
2.8,195.0,6.19,50.0,532,190.0,190.4,190.0,500.0,500.0,0.0,0.0,0.0,0.3,1.26
2.8,195.0,6.19,49.8,533,190.0,190.3,190.0,500.0,500.0,0.0,0.0,0.0,0.3,1.26
2.8,195.0,6.19,49.8,534,190.0,190.3,190.0,500.0,500.0,0.0,0.0,0.0,0.3,1.26
2.9,195.1,6.19,49.8,535,190.0,190.3,190.0,500.0,500.0,0.0,0.0,0.0,0.3,1.27
2.9,195.1,6.19,49.6,536,190.0,190.1,190.0,500.0,500.0,0.0,0.0,0.0,0.3,1.27
2.8,195.0,6.19,49.6,537,190.0,190.0,190.0,500.0,500.0,0.0,0.0,0.0,0.3,1.27
2.7,195.0,6.19,49.8,538,190.0,190.0,190.0,500.0,500.0,0.0,0.0,0.0,0.3,1.27
2.7,195.0,6.19,49.8,539,190.0,190.0,190.0,500.0,500.0,0.0,0.0,0.0,0.3,1.27
2.7,195.0,6.19,49.8,540,190.0,190.0,190.0,500.0,500.0,0.0,0.0,0.0,0.3,1.28
2.7,195.0,6.19,50.0,541,190.0,190.0,190.0,500.0,500.0,0.0,0.0,0.0,0.3,1.28
2.8,195.0,6.19,49.8,542,190.0,190.0,190.0,500.0,500.0,0.0,0.0,0.0,0.3,1.28
2.9,195.0,6.19,49.8,543,190.0,190.0,190.0,500.0,500.0,0.0,0.0,0.0,0.3,1.28
3.0,195.0,6.19,49.8,544,190.0,190.0,190.0,500.0,500.0,0.0,0.0,0.0,0.3,1.29
3.1,195.1,6.19,49.8,545,190.0,190.0,190.0,500.0,500.0,0.0,0.0,0.0,0.3,1.29
3.1,195.1,6.19,49.8,546,190.0,190.0,190.0,500.0,500.0,0.0,0.0,0.0,0.3,1.29
2.9,195.1,6.19,49.8,547,190.0,190.0,190.0,500.0,500.0,0.0,0.0,0.0,0.3,1.29
2.9,195.1,6.19,49.8,548,190.0,190.0,190.0,500.0,500.0,0.0,0.0,0.0,0.3,1.30
2.8,195.1,6.19,49.8,549,190.0,190.0,190.0,500.0,500.0,0.0,0.0,0.0,0.3,1.30
2.9,195.1,6.19,49.8,550,190.0,190.0,190.0,500.0,500.0,0.0,0.0,0.0,0.3,1.30
2.8,195.1,6.19,49.8,551,190.0,190.0,190.0,500.0,500.0,0.0,0.0,0.0,0.3,1.30
2.9,195.1,6.19,49.8,552,190.0,190.0,190.0,500.0,500.0,0.0,0.0,0.0,0.3,1.31
3.0,195.1,6.19,49.8,553,190.0,190.0,190.0,500.0,500.0,0.0,0.0,0.0,0.3,1.31
2.9,195.1,6.19,49.8,554,190.0,190.0,190.0,500.0,500.0,0.0,0.0,0.0,0.3,1.31
2.9,195.1,6.19,49.8,555,190.0,190.0,190.0,500.0,500.0,0.0,0.0,0.0,0.3,1.31
2.9,195.1,6.19,49.8,556,190.0,190.0,190.0,500.0,500.0,0.0,0.0,0.0,0.3,1.32
2.9,195.1,6.19,50.0,557,190.0,190.0,190.0,500.0,500.0,0.0,0.0,0.0,0.3,1.32
2.8,195.1,6.19,49.8,558,190.0,190.0,190.0,500.0,500.0,0.0,0.0,0.0,0.3,1.32
2.9,195.1,6.19,49.8,559,190.0,190.0,190.0,500.0,500.0,0.0,0.0,0.0,0.3,1.32
2.9,195.1,6.19,49.8,560,190.0,190.0,190.0,500.0,500.0,0.0,0.0,0.0,0.3,1.33
3.0,195.1,6.19,49.6,561,190.0,190.0,190.0,500.0,500.0,0.0,0.0,0.0,0.3,1.33
2.9,195.1,6.19,49.6,562,190.0,190.0,190.0,500.0,500.0,0.0,0.0,0.0,0.3,1.33
2.9,195.1,6.19,49.8,563,190.0,190.0,190.0,500.0,500.0,0.0,0.0,0.0,0.3,1.33
2.8,195.1,6.19,49.8,564,190.0,190.0,190.0,500.0,500.0,0.0,0.0,0.0,0.3,1.33
2.8,195.0,6.19,49.8,565,190.0,190.0,190.0,500.0,500.0,0.0,0.0,0.0,0.3,1.34
2.7,195.0,6.19,50.0,566,190.0,190.0,190.0,500.0,500.0,0.0,0.0,0.0,0.3,1.34
2.7,195.1,6.19,49.8,567,190.0,190.0,190.0,500.0,500.0,0.0,0.0,0.0,0.3,1.34
2.7,195.1,6.19,49.8,568,190.0,190.0,190.0,500.0,500.0,0.0,0.0,0.0,0.3,1.34
2.9,195.2,6.19,49.8,569,190.0,190.2,190.0,500.0,500.0,0.0,0.0,0.0,0.3,1.35
2.8,195.2,6.19,49.8,570,190.0,190.2,190.0,500.0,500.0,0.0,0.0,0.0,0.3,1.35
2.9,195.2,6.19,49.8,571,190.0,190.3,190.0,500.0,500.0,0.0,0.0,0.0,0.3,1.35
2.9,195.2,6.19,49.8,572,190.0,190.4,190.0,500.0,500.0,0.0,0.0,0.0,0.3,1.35
2.8,195.2,6.19,49.8,573,190.0,190.5,190.0,500.0,500.0,0.0,0.0,0.0,0.3,1.36
2.7,195.2,6.19,49.8,574,190.0,190.5,190.0,500.0,500.0,0.0,0.0,0.0,0.3,1.36
2.7,195.2,6.19,49.8,575,190.0,190.5,190.0,500.0,500.0,0.0,0.0,0.0,0.3,1.36
2.8,195.2,6.19,49.8,576,190.0,190.5,190.0,500.0,500.0,0.0,0.0,0.0,0.3,1.36
3.0,195.2,6.19,50.0,577,190.0,190.5,190.0,500.0,500.0,0.0,0.0,0.0,0.3,1.36
3.1,195.2,6.19,49.8,578,190.0,190.5,190.0,500.0,500.0,0.0,0.0,0.0,0.3,1.37
3.0,195.2,6.19,49.8,579,190.0,190.5,190.0,500.0,500.0,0.0,0.0,0.0,0.3,1.37
2.9,195.2,6.19,49.8,580,190.0,190.5,190.0,500.0,500.0,0.0,0.0,0.0,0.3,1.37
2.9,195.2,6.19,49.8,581,190.0,190.5,190.0,500.0,500.0,0.0,0.0,0.0,0.3,1.37
2.8,195.2,6.19,49.8,582,190.0,190.5,190.0,500.0,500.0,0.0,0.0,0.0,0.3,1.38
2.7,195.2,6.19,49.8,583,190.0,190.4,190.0,500.0,500.0,0.0,0.0,0.0,0.3,1.38
2.8,195.2,6.19,49.8,584,190.0,190.2,190.0,500.0,500.0,0.0,0.0,0.0,0.3,1.38
2.9,195.3,6.19,49.8,585,190.0,190.2,190.0,500.0,500.0,0.0,0.0,0.0,0.3,1.38
3.0,195.3,6.19,49.8,586,190.0,190.2,190.0,500.0,500.0,0.0,0.0,0.0,0.3,1.39
3.0,195.3,6.19,49.8,587,190.0,190.2,190.0,500.0,500.0,0.0,0.0,0.0,0.3,1.39
3.1,195.2,6.19,50.0,588,190.0,190.0,190.0,500.0,500.0,0.0,0.0,0.0,0.3,1.39
3.0,195.2,6.19,50.0,589,190.0,190.0,190.0,500.0,500.0,0.0,0.0,0.0,0.3,1.39
2.9,195.2,6.19,50.0,590,190.0,190.0,190.0,500.0,500.0,0.0,0.0,0.0,0.3,1.40
2.9,195.3,6.19,50.0,591,190.0,190.0,190.0,500.0,500.0,0.0,0.0,0.0,0.3,1.40
2.9,195.3,6.19,49.8,592,190.0,190.0,190.0,500.0,500.0,0.0,0.0,0.0,0.3,1.40
2.9,195.3,6.19,49.8,593,190.0,190.0,190.0,500.0,500.0,0.0,0.0,0.0,0.3,1.40
2.8,195.3,6.19,49.8,594,190.0,190.0,190.0,500.0,500.0,0.0,0.0,0.0,0.3,1.41
2.9,195.3,6.19,49.8,595,190.0,190.0,190.0,500.0,500.0,0.0,0.0,0.0,0.3,1.41
2.8,195.2,6.19,49.8,596,190.0,190.0,190.0,500.0,500.0,0.0,0.0,0.0,0.3,1.41
2.8,195.2,6.19,49.8,597,190.0,190.0,190.0,500.0,500.0,0.0,0.0,0.0,0.3,1.41
2.6,195.2,6.19,49.8,598,190.0,190.0,190.0,500.0,500.0,0.0,0.0,0.0,0.3,1.42
2.6,195.2,6.19,49.8,599,190.0,190.0,190.0,500.0,500.0,0.0,0.0,0.0,0.3,1.42
