扭矩,料温,压力,转速,时间,温度1,温度2,温度3,温度4,温度5,温度6,温度7,温度8,顶栓,能量
1.7,194.7,6.19,2.2,0,200.0,199.9,199.3,500.0,500.0,0.0,0.0,0.0,0.3,0.00
1.7,194.7,6.19,9.8,1,200.0,199.9,199.3,500.0,500.0,0.0,0.0,0.0,0.3,0.00
1.6,194.8,6.19,19.8,2,200.0,199.8,199.3,500.0,500.0,0.0,0.0,0.0,0.3,0.00
1.5,194.9,6.19,29.8,3,200.0,199.8,199.4,500.0,500.0,0.0,0.0,0.0,0.3,0.00
1.4,194.9,6.19,39.8,4,200.0,199.8,199.4,500.0,500.0,0.0,0.0,0.0,0.3,0.00
1.4,195.0,6.19,47.6,5,200.0,199.8,199.4,500.0,500.0,0.0,0.0,0.0,0.3,0.00
1.4,195.0,6.19,50.0,6,200.0,199.8,199.4,500.0,500.0,0.0,0.0,0.0,0.3,0.00
1.4,195.0,6.19,49.8,7,200.0,199.7,199.4,500.0,500.0,0.0,0.0,0.0,0.3,0.01
1.4,195.0,6.19,49.8,8,200.0,199.6,199.4,500.0,500.0,0.0,0.0,0.0,0.3,0.01
1.4,194.7,6.19,49.8,9,200.0,199.6,199.4,500.0,500.0,0.0,0.0,0.0,0.3,0.01
1.4,194.0,6.19,49.8,10,200.0,199.6,199.5,500.0,500.0,0.0,0.0,0.0,0.3,0.01
1.4,193.2,6.19,49.8,11,200.0,199.6,199.6,500.0,500.0,0.0,0.0,0.0,0.3,0.01
1.4,192.4,6.19,49.8,12,200.0,199.6,199.7,500.0,500.0,0.0,0.0,0.0,0.3,0.01
1.4,191.8,6.19,49.8,13,200.0,199.7,199.7,500.0,500.0,0.0,0.0,0.0,0.3,0.01
1.4,191.3,6.19,49.8,14,200.0,199.8,199.7,500.0,500.0,0.0,0.0,0.0,0.3,0.01
1.4,190.9,6.19,49.8,15,200.0,199.8,199.7,500.0,500.0,0.0,0.0,0.0,0.3,0.02
1.4,190.5,6.19,49.8,16,200.0,199.8,199.8,500.0,500.0,0.0,0.0,0.0,0.3,0.02
1.4,190.2,6.19,50.0,17,200.0,199.8,199.8,500.0,500.0,0.0,0.0,0.0,0.3,0.02
1.4,189.9,6.19,50.0,18,200.0,199.8,199.8,500.0,500.0,0.0,0.0,0.0,0.3,0.02
1.4,189.6,6.19,50.0,19,200.0,199.8,199.8,500.0,500.0,0.0,0.0,0.0,0.3,0.02
1.3,189.0,6.19,50.0,20,200.0,199.9,199.8,500.0,500.0,0.0,0.0,0.0,0.3,0.02
1.3,188.3,6.19,50.0,21,200.0,200.0,199.9,500.0,500.0,0.0,0.0,0.0,0.3,0.02
1.3,187.6,6.19,50.0,22,200.0,200.0,200.0,500.0,500.0,0.0,0.0,0.0,0.3,0.02
1.3,186.9,6.19,50.0,23,200.0,200.0,200.0,500.0,500.0,0.0,0.0,0.0,0.3,0.02
1.3,186.5,6.19,49.8,24,200.0,200.0,200.0,500.0,500.0,0.0,0.0,0.0,0.3,0.03
1.3,186.1,6.19,49.8,25,200.0,200.0,200.0,500.0,500.0,0.0,0.0,0.0,0.3,0.03
1.3,185.8,6.19,49.8,26,200.0,200.0,200.0,500.0,500.0,0.0,0.0,0.0,0.3,0.03
1.3,185.5,6.19,49.6,27,200.0,200.0,200.0,500.0,500.0,0.0,0.0,0.0,0.3,0.03
1.2,185.1,6.19,49.6,28,200.0,200.0,200.0,500.0,500.0,0.0,0.0,0.0,0.3,0.03
1.3,184.9,6.19,49.8,29,200.0,200.0,200.0,500.0,500.0,0.0,0.0,0.0,0.3,0.03
1.2,184.7,6.19,49.8,30,200.0,200.0,200.0,500.0,500.0,0.0,0.0,0.0,0.3,0.03
1.2,184.6,6.19,49.8,31,200.0,200.0,200.0,500.0,500.0,0.0,0.0,0.0,0.3,0.03
1.1,184.5,6.19,50.0,32,200.0,200.0,200.0,500.0,500.0,0.0,0.0,0.0,0.3,0.03
1.1,184.4,6.19,49.8,33,200.0,200.0,200.0,500.0,500.0,0.0,0.0,0.0,0.3,0.03
1.1,184.4,6.19,49.8,34,200.0,200.0,200.0,500.0,500.0,0.0,0.0,0.0,0.3,0.04
1.1,184.3,6.19,49.6,35,200.0,200.0,200.0,500.0,500.0,0.0,0.0,0.0,0.3,0.04
1.1,184.3,6.19,49.6,36,200.0,200.0,200.0,500.0,500.0,0.0,0.0,0.0,0.3,0.04
1.1,184.3,6.19,49.6,37,200.0,200.0,200.0,500.0,500.0,0.0,0.0,0.0,0.3,0.04
1.1,184.3,6.19,49.6,38,200.0,200.0,200.0,500.0,500.0,0.0,0.0,0.0,0.3,0.04
1.1,184.3,6.19,49.4,39,200.0,200.0,200.0,500.0,500.0,0.0,0.0,0.0,0.3,0.04
1.1,184.3,6.18,49.6,40,200.0,200.0,200.0,500.0,500.0,0.0,0.0,0.0,0.3,0.04
1.0,184.4,6.18,49.6,41,200.0,200.0,200.0,500.0,500.0,0.0,0.0,0.0,0.3,0.04
0.9,184.5,6.18,49.6,42,200.0,200.0,200.0,500.0,500.0,0.0,0.0,0.0,0.3,0.04
0.9,184.6,6.18,49.8,43,200.0,200.0,200.0,500.0,500.0,0.0,0.0,0.0,0.3,0.04
0.9,184.8,6.18,50.0,44,200.0,200.0,200.0,500.0,500.0,0.0,0.0,0.0,0.3,0.04
0.8,184.9,6.19,49.8,45,200.0,200.0,200.0,500.0,500.0,0.0,0.0,0.0,0.3,0.04
0.8,185.0,6.19,49.8,46,200.0,200.0,200.0,500.0,500.0,0.0,0.0,0.0,0.3,0.05
0.7,185.0,6.19,49.6,47,200.0,200.0,200.0,500.0,500.0,0.0,0.0,0.0,0.3,0.05
0.7,185.0,6.19,49.6,48,200.0,200.0,200.0,500.0,500.0,0.0,0.0,0.0,0.3,0.05
0.6,185.0,6.19,49.6,49,200.0,200.0,200.0,500.0,500.0,0.0,0.0,0.0,0.3,0.05
0.5,185.1,6.19,49.8,50,200.0,200.0,200.0,500.0,500.0,0.0,0.0,0.0,0.3,0.05
0.3,185.2,6.19,49.8,51,200.0,200.0,200.0,500.0,500.0,0.0,0.0,0.0,0.3,0.05
0.3,185.3,6.19,50.0,52,200.0,200.0,200.0,500.0,500.0,0.0,0.0,0.0,0.3,0.05
0.2,185.4,6.19,50.0,53,200.0,200.0,200.0,500.0,500.0,0.0,0.0,0.0,0.3,0.05
0.1,185.5,6.19,50.0,54,200.0,200.0,200.0,500.0,500.0,0.0,0.0,0.0,0.3,0.05
0.1,185.6,6.19,50.0,55,200.0,199.9,200.0,500.0,500.0,0.0,0.0,0.0,0.3,0.05
0.1,185.7,6.19,50.0,56,200.0,199.9,200.0,500.0,500.0,0.0,0.0,0.0,0.3,0.05
0.3,185.8,6.19,50.0,57,200.0,199.9,200.0,500.0,500.0,0.0,0.0,0.0,0.3,0.05
0.5,185.8,6.19,49.8,58,200.0,199.9,200.0,500.0,500.0,0.0,0.0,0.0,0.3,0.05
0.8,185.8,6.19,49.8,59,200.0,199.9,200.0,500.0,500.0,0.0,0.0,0.0,0.3,0.05
1.1,185.9,6.19,49.8,60,200.0,199.9,200.0,500.0,500.0,0.0,0.0,0.0,0.3,0.05
1.6,186.0,6.19,49.8,61,200.0,199.9,200.0,500.0,500.0,0.0,0.0,0.0,0.3,0.05
2.0,186.0,6.19,49.8,62,200.0,199.9,200.0,500.0,500.0,0.0,0.0,0.0,0.3,0.05
2.6,186.0,6.19,50.0,63,200.0,199.9,200.0,500.0,500.0,0.0,0.0,0.0,0.3,0.06
2.9,186.0,6.19,50.0,64,200.0,199.9,200.0,500.0,500.0,0.0,0.0,0.0,0.3,0.06
3.6,185.9,6.19,50.0,65,200.0,200.0,200.0,500.0,500.0,0.0,0.0,0.0,0.3,0.06
4.9,185.9,6.19,50.0,66,200.0,200.0,200.0,500.0,500.0,0.0,0.0,0.0,0.3,0.07
6.4,185.4,6.19,50.0,67,200.0,200.0,200.0,500.0,500.0,0.0,0.0,0.0,0.3,0.07
11.3,183.6,6.19,50.0,68,200.0,200.0,200.0,500.0,500.0,0.0,0.0,0.0,0.3,0.08
16.3,180.8,6.19,50.0,69,200.0,200.0,200.0,500.0,500.0,0.0,0.0,0.0,0.3,0.09
20.7,177.2,6.19,49.8,70,200.0,200.0,200.0,500.0,500.0,0.0,0.0,0.0,0.3,0.11
24.4,174.5,6.19,49.8,71,200.0,200.0,200.0,500.0,500.0,0.0,0.0,0.0,0.3,0.13
27.4,172.6,6.19,49.8,72,200.0,200.0,200.0,500.0,500.0,0.0,0.0,0.0,0.3,0.15
26.4,171.8,6.19,49.8,73,200.0,200.0,200.0,500.0,500.0,0.0,0.0,0.0,0.3,0.18
25.9,171.5,6.19,49.8,74,200.0,200.0,199.9,500.0,500.0,0.0,0.0,0.0,0.3,0.20
25.4,171.6,6.19,50.0,75,200.0,200.0,199.9,500.0,500.0,0.0,0.0,0.0,0.3,0.22
24.2,172.2,6.19,50.0,76,200.0,200.0,199.9,500.0,500.0,0.0,0.0,0.0,0.3,0.24
22.9,172.9,6.19,50.0,77,200.0,200.0,199.9,500.0,500.0,0.0,0.0,0.0,0.3,0.26
22.2,173.7,6.19,50.0,78,200.0,200.0,199.9,500.0,500.0,0.0,0.0,0.0,0.3,0.28
21.8,174.4,6.19,50.0,79,200.0,200.0,199.9,500.0,500.0,0.0,0.0,0.0,0.3,0.29
20.6,175.1,6.19,49.8,80,200.0,200.0,199.8,500.0,500.0,0.0,0.0,0.0,0.3,0.31
20.0,175.8,6.19,49.8,81,200.0,200.0,199.8,500.0,500.0,0.0,0.0,0.0,0.3,0.33
20.0,176.4,6.19,49.8,82,200.0,200.0,199.8,500.0,500.0,0.0,0.0,0.0,0.3,0.34
19.7,177.0,6.19,49.8,83,200.0,200.0,199.8,500.0,500.0,0.0,0.0,0.0,0.3,0.36
18.7,177.6,6.19,49.6,84,200.0,200.0,199.8,500.0,500.0,0.0,0.0,0.0,0.3,0.38
18.4,178.1,6.19,49.8,85,200.0,200.0,199.7,500.0,500.0,0.0,0.0,0.0,0.3,0.39
18.2,178.5,6.19,49.8,86,200.0,200.0,199.7,500.0,500.0,0.0,0.0,0.0,0.3,0.41
18.0,178.8,6.19,49.8,87,200.0,200.0,199.7,500.0,500.0,0.0,0.0,0.0,0.3,0.42
17.9,179.2,6.19,49.8,88,200.0,200.0,199.7,500.0,500.0,0.0,0.0,0.0,0.3,0.44
17.7,179.7,6.19,49.8,89,200.0,200.0,199.7,500.0,500.0,0.0,0.0,0.0,0.3,0.45
17.7,180.1,6.19,49.6,90,200.0,200.0,199.7,500.0,500.0,0.0,0.0,0.0,0.3,0.47
17.5,180.5,6.19,49.6,91,200.0,200.0,199.7,500.0,500.0,0.0,0.0,0.0,0.3,0.48
17.3,180.9,6.19,49.6,92,200.0,200.0,199.6,500.0,500.0,0.0,0.0,0.0,0.3,0.50
17.0,181.3,6.19,49.6,93,200.0,200.0,199.6,500.0,500.0,0.0,0.0,0.0,0.3,0.51
16.7,181.6,6.19,49.6,94,200.0,200.0,199.6,500.0,500.0,0.0,0.0,0.0,0.3,0.52
16.4,182.1,6.19,49.8,95,200.0,200.0,199.6,500.0,500.0,0.0,0.0,0.0,0.3,0.54
16.2,182.5,6.19,49.8,96,200.0,200.0,199.6,500.0,500.0,0.0,0.0,0.0,0.3,0.55
16.0,182.9,6.19,49.8,97,200.0,200.0,199.6,500.0,500.0,0.0,0.0,0.0,0.3,0.56
15.8,183.3,6.19,49.8,98,200.0,200.0,199.6,500.0,500.0,0.0,0.0,0.0,0.3,0.58
15.5,183.7,6.19,49.8,99,200.0,200.0,199.6,500.0,500.0,0.0,0.0,0.0,0.3,0.59
15.4,184.1,6.19,49.8,100,200.0,200.0,199.6,500.0,500.0,0.0,0.0,0.0,0.3,0.60
15.2,184.5,6.19,49.8,101,200.0,200.0,199.6,500.0,500.0,0.0,0.0,0.0,0.3,0.61
14.9,184.8,6.19,49.8,102,200.0,200.0,199.6,500.0,500.0,0.0,0.0,0.0,0.3,0.63
14.8,185.1,6.19,49.6,103,200.0,200.0,199.6,500.0,500.0,0.0,0.0,0.0,0.3,0.64
14.6,185.4,6.19,49.8,104,200.0,200.0,199.6,500.0,500.0,0.0,0.0,0.0,0.3,0.65
14.5,185.8,6.19,49.8,105,200.0,200.0,199.6,500.0,500.0,0.0,0.0,0.0,0.3,0.66
14.4,186.1,6.19,49.8,106,200.0,200.0,199.6,500.0,500.0,0.0,0.0,0.0,0.3,0.68
14.2,186.5,6.19,49.8,107,200.0,200.0,199.6,500.0,500.0,0.0,0.0,0.0,0.3,0.69
13.9,186.9,6.19,49.8,108,200.0,200.0,199.6,500.0,500.0,0.0,0.0,0.0,0.3,0.70
13.7,187.3,6.19,49.8,109,200.0,200.0,199.6,500.0,500.0,0.0,0.0,0.0,0.3,0.71
13.5,187.6,6.19,49.8,110,200.0,200.0,199.6,500.0,500.0,0.0,0.0,0.0,0.3,0.72
13.3,188.0,6.19,49.8,111,200.0,200.0,199.6,500.0,500.0,0.0,0.0,0.0,0.3,0.73
13.2,188.3,6.19,49.8,112,200.0,200.0,199.6,500.0,500.0,0.0,0.0,0.0,0.3,0.74
13.2,188.6,6.19,49.8,113,200.0,200.0,199.7,500.0,500.0,0.0,0.0,0.0,0.3,0.75
13.2,189.0,6.19,49.8,114,200.0,200.0,199.7,500.0,500.0,0.0,0.0,0.0,0.3,0.77
13.1,189.3,6.19,49.8,115,200.0,200.0,199.7,500.0,500.0,0.0,0.0,0.0,0.3,0.78
13.0,189.6,6.19,49.8,116,200.0,200.0,199.7,500.0,500.0,0.0,0.0,0.0,0.3,0.79
12.9,189.9,6.19,49.8,117,200.0,200.0,199.7,500.0,500.0,0.0,0.0,0.0,0.3,0.80
12.7,190.2,6.19,49.8,118,200.0,200.0,199.8,500.0,500.0,0.0,0.0,0.0,0.3,0.81
12.6,190.5,6.19,49.8,119,200.0,200.0,199.8,500.0,500.0,0.0,0.0,0.0,0.3,0.82
12.4,190.8,6.19,49.8,120,200.0,200.0,199.8,500.0,500.0,0.0,0.0,0.0,0.3,0.83
12.3,191.0,6.19,49.8,121,200.0,200.0,199.8,500.0,500.0,0.0,0.0,0.0,0.3,0.84
12.3,191.1,6.19,49.6,122,200.0,200.0,199.9,500.0,500.0,0.0,0.0,0.0,0.3,0.85
12.3,191.4,6.19,49.8,123,200.0,200.0,200.0,500.0,500.0,0.0,0.0,0.0,0.3,0.86
12.1,191.7,6.19,49.8,124,200.0,200.0,200.0,500.0,500.0,0.0,0.0,0.0,0.3,0.87
12.0,191.9,6.19,49.8,125,200.0,200.0,200.0,500.0,500.0,0.0,0.0,0.0,0.3,0.88
11.9,192.1,6.19,49.8,126,200.0,200.0,200.0,500.0,500.0,0.0,0.0,0.0,0.3,0.89
11.8,192.3,6.19,49.8,127,200.0,200.0,200.0,500.0,500.0,0.0,0.0,0.0,0.3,0.90
11.8,192.6,6.19,49.8,128,200.0,200.0,200.0,500.0,500.0,0.0,0.0,0.0,0.3,0.91
11.7,192.8,6.19,49.8,129,200.1,200.0,200.0,500.0,500.0,0.0,0.0,0.0,0.3,0.92
11.7,193.0,6.19,49.8,130,200.1,200.0,200.0,500.0,500.0,0.0,0.0,0.0,0.3,0.93
11.6,193.1,6.19,49.8,131,200.1,200.0,200.0,500.0,500.0,0.0,0.0,0.0,0.3,0.94
11.5,193.3,6.19,50.0,132,200.1,200.0,200.0,500.0,500.0,0.0,0.0,0.0,0.3,0.95
11.3,193.5,6.19,49.8,133,200.1,200.0,200.0,500.0,500.0,0.0,0.0,0.0,0.3,0.96
11.2,193.7,6.19,49.8,134,200.2,200.0,200.0,500.0,500.0,0.0,0.0,0.0,0.3,0.97
11.1,193.9,6.19,49.8,135,200.2,200.0,200.0,500.0,500.0,0.0,0.0,0.0,0.3,0.98
11.1,194.0,6.19,49.8,136,200.2,200.0,200.0,500.0,500.0,0.0,0.0,0.0,0.3,0.98
11.0,194.2,6.19,49.8,137,200.2,200.0,200.0,500.0,500.0,0.0,0.0,0.0,0.3,0.99
11.0,194.4,6.19,49.8,138,200.3,200.0,200.0,500.0,500.0,0.0,0.0,0.0,0.3,1.00
10.9,194.5,6.19,49.8,139,200.3,200.0,200.0,500.0,500.0,0.0,0.0,0.0,0.3,1.01
10.7,194.7,6.19,49.8,140,200.3,200.0,200.0,500.0,500.0,0.0,0.0,0.0,0.3,1.02
10.6,194.9,6.19,49.8,141,200.3,200.0,200.0,500.0,500.0,0.0,0.0,0.0,0.3,1.03
10.5,195.1,6.19,49.8,142,200.3,200.0,200.0,500.0,500.0,0.0,0.0,0.0,0.3,1.04
10.3,195.2,6.19,49.8,143,200.4,200.0,200.0,500.0,500.0,0.0,0.0,0.0,0.3,1.05
10.2,195.4,6.19,49.8,144,200.4,200.0,200.0,500.0,500.0,0.0,0.0,0.0,0.3,1.06
10.2,195.5,6.19,49.8,145,200.4,200.0,200.0,500.0,500.0,0.0,0.0,0.0,0.3,1.06
10.2,195.6,6.19,49.8,146,200.4,200.0,200.0,500.0,500.0,0.0,0.0,0.0,0.3,1.07
10.2,195.8,6.19,49.6,147,200.4,200.0,200.0,500.0,500.0,0.0,0.0,0.0,0.3,1.08
10.2,195.9,6.19,49.8,148,200.4,200.0,200.0,500.0,500.0,0.0,0.0,0.0,0.3,1.09
10.2,196.0,6.19,49.8,149,200.4,200.0,200.0,500.0,500.0,0.0,0.0,0.0,0.3,1.10
10.1,196.1,6.19,49.8,150,200.4,200.0,200.0,500.0,500.0,0.0,0.0,0.0,0.3,1.11
10.0,196.2,6.19,49.8,151,200.5,200.0,200.0,500.0,500.0,0.0,0.0,0.0,0.3,1.11
9.9,196.3,6.19,50.0,152,200.5,200.0,200.0,500.0,500.0,0.0,0.0,0.0,0.3,1.12
9.9,196.5,6.19,49.8,153,200.5,200.0,200.0,500.0,500.0,0.0,0.0,0.0,0.3,1.13
9.9,196.6,6.19,49.8,154,200.5,200.0,200.0,500.0,500.0,0.0,0.0,0.0,0.3,1.14
9.8,196.7,6.19,49.8,155,200.5,200.0,200.0,500.0,500.0,0.0,0.0,0.0,0.3,1.15
9.8,196.8,6.19,49.8,156,200.5,200.0,200.0,500.0,500.0,0.0,0.0,0.0,0.3,1.16
9.8,196.9,6.19,49.8,157,200.5,200.0,200.0,500.0,500.0,0.0,0.0,0.0,0.3,1.16
9.7,197.0,6.19,49.8,158,200.5,200.0,200.0,500.0,500.0,0.0,0.0,0.0,0.3,1.17
9.7,197.1,6.19,49.8,159,200.5,200.0,200.1,500.0,500.0,0.0,0.0,0.0,0.3,1.18
9.7,197.2,6.19,49.8,160,200.5,200.0,200.1,500.0,500.0,0.0,0.0,0.0,0.3,1.19
9.6,197.3,6.19,49.8,161,200.5,200.0,200.1,500.0,500.0,0.0,0.0,0.0,0.3,1.20
9.6,197.4,6.19,49.8,162,200.5,200.0,200.1,500.0,500.0,0.0,0.0,0.0,0.3,1.20
9.5,197.5,6.19,49.8,163,200.5,200.0,200.1,500.0,500.0,0.0,0.0,0.0,0.3,1.21
9.4,197.6,6.19,49.8,164,200.5,200.0,200.1,500.0,500.0,0.0,0.0,0.0,0.3,1.22
9.3,197.7,6.19,49.8,165,200.5,200.0,200.2,500.0,500.0,0.0,0.0,0.0,0.3,1.23
9.2,197.8,6.19,49.8,166,200.5,200.0,200.2,500.0,500.0,0.0,0.0,0.0,0.3,1.23
9.1,197.9,6.19,49.6,167,200.5,200.0,200.2,500.0,500.0,0.0,0.0,0.0,0.3,1.24
9.1,198.0,6.19,49.8,168,200.5,200.0,200.2,500.0,500.0,0.0,0.0,0.0,0.3,1.25
9.1,198.1,6.19,49.8,169,200.5,200.0,200.2,500.0,500.0,0.0,0.0,0.0,0.3,1.26
9.1,198.2,6.19,49.8,170,200.5,200.0,200.2,500.0,500.0,0.0,0.0,0.0,0.3,1.26
9.1,198.3,6.19,49.8,171,200.5,200.0,200.2,500.0,500.0,0.0,0.0,0.0,0.3,1.27
9.1,198.4,6.19,50.0,172,200.5,200.0,200.2,500.0,500.0,0.0,0.0,0.0,0.3,1.28
9.0,198.5,6.19,50.0,173,200.5,200.0,200.2,500.0,500.0,0.0,0.0,0.0,0.3,1.29
9.0,198.5,6.19,50.0,174,200.5,200.0,200.2,500.0,500.0,0.0,0.0,0.0,0.3,1.29
8.9,198.6,6.19,50.0,175,200.5,200.0,200.2,500.0,500.0,0.0,0.0,0.0,0.3,1.30
8.8,198.7,6.19,50.0,176,200.5,200.0,200.2,500.0,500.0,0.0,0.0,0.0,0.3,1.31
8.7,198.8,6.19,50.0,177,200.5,200.1,200.2,500.0,500.0,0.0,0.0,0.0,0.3,1.32
8.7,198.8,6.19,49.8,178,200.5,200.1,200.2,500.0,500.0,0.0,0.0,0.0,0.3,1.32
8.7,198.9,6.19,49.8,179,200.5,200.1,200.2,500.0,500.0,0.0,0.0,0.0,0.3,1.33
8.7,199.0,6.19,49.8,180,200.5,200.1,200.2,500.0,500.0,0.0,0.0,0.0,0.3,1.34
8.7,199.1,6.19,49.8,181,200.5,200.1,200.1,500.0,500.0,0.0,0.0,0.0,0.3,1.35
8.8,199.1,6.19,49.8,182,200.5,200.1,200.1,500.0,500.0,0.0,0.0,0.0,0.3,1.35
8.7,199.2,6.19,50.0,183,200.5,200.1,200.1,500.0,500.0,0.0,0.0,0.0,0.3,1.36
8.7,199.3,6.19,50.0,184,200.5,200.1,200.1,500.0,500.0,0.0,0.0,0.0,0.3,1.37
8.5,199.4,6.19,50.0,185,200.5,200.1,200.1,500.0,500.0,0.0,0.0,0.0,0.3,1.37
8.5,199.4,6.19,50.0,186,200.5,200.1,200.1,500.0,500.0,0.0,0.0,0.0,0.3,1.38
8.4,199.5,6.19,50.0,187,200.5,200.1,200.1,500.0,500.0,0.0,0.0,0.0,0.3,1.39
8.3,199.7,6.19,50.0,188,200.5,200.1,200.1,500.0,500.0,0.0,0.0,0.0,0.3,1.40
8.3,199.8,6.19,49.8,189,200.5,200.1,200.1,500.0,500.0,0.0,0.0,0.0,0.3,1.40
8.3,199.9,6.19,49.8,190,200.5,200.1,200.1,500.0,500.0,0.0,0.0,0.0,0.3,1.41
8.3,199.9,6.19,49.8,191,200.6,200.1,200.1,500.0,500.0,0.0,0.0,0.0,0.3,1.42
8.3,200.0,6.19,49.8,192,200.6,200.1,200.1,500.0,500.0,0.0,0.0,0.0,0.3,1.42
8.3,200.0,6.19,49.6,193,200.6,200.1,200.1,500.0,500.0,0.0,0.0,0.0,0.3,1.43
8.3,200.1,6.19,49.8,194,200.5,200.0,200.0,500.0,500.0,0.0,0.0,0.0,0.3,1.44
8.3,200.1,6.19,49.8,195,200.5,200.0,200.0,500.0,500.0,0.0,0.0,0.0,0.3,1.44
8.3,200.2,6.19,49.8,196,200.5,200.0,200.0,500.0,500.0,0.0,0.0,0.0,0.3,1.45
8.2,200.3,6.19,49.8,197,200.5,200.0,200.0,500.0,500.0,0.0,0.0,0.0,0.3,1.46
8.1,200.4,6.19,49.8,198,200.5,200.0,200.0,500.0,500.0,0.0,0.0,0.0,0.3,1.46
8.1,200.4,6.19,49.8,199,200.5,200.0,200.0,500.0,500.0,0.0,0.0,0.0,0.3,1.47
7.9,200.5,6.19,49.6,200,200.5,200.0,200.0,500.0,500.0,0.0,0.0,0.0,0.3,1.48
7.9,200.6,6.19,49.6,201,200.5,200.0,200.0,500.0,500.0,0.0,0.0,0.0,0.3,1.48
7.9,200.6,6.19,49.6,202,200.5,200.0,200.0,500.0,500.0,0.0,0.0,0.0,0.3,1.49
7.9,200.7,6.19,49.6,203,200.5,200.0,200.0,500.0,500.0,0.0,0.0,0.0,0.3,1.50
7.8,200.7,6.19,49.6,204,200.5,200.0,200.0,500.0,500.0,0.0,0.0,0.0,0.3,1.50
7.9,200.7,6.19,49.8,205,200.5,200.0,200.0,500.0,500.0,0.0,0.0,0.0,0.3,1.51
7.9,200.8,6.19,49.8,206,200.5,200.0,200.0,500.0,500.0,0.0,0.0,0.0,0.3,1.52
7.9,200.8,6.19,49.8,207,200.5,200.0,200.0,500.0,500.0,0.0,0.0,0.0,0.3,1.52
7.9,200.8,6.19,50.0,208,200.5,200.0,200.0,500.0,500.0,0.0,0.0,0.0,0.3,1.53
7.9,200.9,6.19,49.8,209,200.5,200.0,200.0,500.0,500.0,0.0,0.0,0.0,0.3,1.54
7.8,201.0,6.19,49.8,210,200.5,200.0,200.0,500.0,500.0,0.0,0.0,0.0,0.3,1.54
7.8,201.0,6.19,49.8,211,200.5,200.0,200.0,500.0,500.0,0.0,0.0,0.0,0.3,1.55
7.9,201.1,6.19,49.8,212,200.5,200.0,200.0,500.0,500.0,0.0,0.0,0.0,0.3,1.56
7.8,201.2,6.19,49.8,213,200.5,200.0,200.0,500.0,500.0,0.0,0.0,0.0,0.3,1.56
7.8,201.2,6.19,49.8,214,200.5,200.0,200.0,500.0,500.0,0.0,0.0,0.0,0.3,1.57
7.8,201.3,6.19,49.8,215,200.5,200.0,200.0,500.0,500.0,0.0,0.0,0.0,0.3,1.58
7.8,201.3,6.19,49.8,216,200.5,200.0,200.0,500.0,500.0,0.0,0.0,0.0,0.3,1.58
7.7,201.4,6.19,49.8,217,200.5,200.0,200.0,500.0,500.0,0.0,0.0,0.0,0.3,1.59
7.7,201.4,6.19,49.8,218,200.5,200.0,200.0,500.0,500.0,0.0,0.0,0.0,0.3,1.59
7.7,201.5,6.19,50.0,219,200.5,200.0,200.0,500.0,500.0,0.0,0.0,0.0,0.3,1.60
7.7,201.5,6.19,49.8,220,200.5,200.0,200.0,500.0,500.0,0.0,0.0,0.0,0.3,1.61
7.6,201.6,6.19,49.8,221,200.5,200.0,200.0,500.0,500.0,0.0,0.0,0.0,0.3,1.61
7.6,201.6,6.19,49.8,222,200.5,200.0,200.0,500.0,500.0,0.0,0.0,0.0,0.3,1.62
7.6,201.7,6.19,49.8,223,200.5,200.0,200.0,500.0,500.0,0.0,0.0,0.0,0.3,1.63
7.5,201.8,6.19,49.6,224,200.5,200.0,200.0,500.0,500.0,0.0,0.0,0.0,0.3,1.63
7.5,201.8,6.19,49.8,225,200.5,200.0,200.0,500.0,500.0,0.0,0.0,0.0,0.3,1.64
7.5,201.9,6.19,49.8,226,200.5,200.0,200.0,500.0,500.0,0.0,0.0,0.0,0.3,1.64
7.5,201.9,6.19,49.8,227,200.5,200.0,200.0,500.0,500.0,0.0,0.0,0.0,0.3,1.65
7.5,201.9,6.19,49.8,228,200.5,200.0,200.0,500.0,500.0,0.0,0.0,0.0,0.3,1.66
7.6,202.0,6.19,49.8,229,200.5,200.0,200.0,500.0,500.0,0.0,0.0,0.0,0.3,1.66
7.6,202.1,6.19,49.8,230,200.5,200.0,200.0,500.0,500.0,0.0,0.0,0.0,0.3,1.67
7.6,202.1,6.19,49.8,231,200.4,200.0,200.0,500.0,500.0,0.0,0.0,0.0,0.3,1.68
7.5,202.1,6.19,49.8,232,200.4,200.0,200.0,500.0,500.0,0.0,0.0,0.0,0.3,1.68
7.4,202.2,6.19,49.8,233,200.4,200.0,200.0,500.0,500.0,0.0,0.0,0.0,0.3,1.69
7.3,202.2,6.19,50.0,234,200.4,200.0,200.0,500.0,500.0,0.0,0.0,0.0,0.3,1.69
7.2,202.2,6.19,49.8,235,200.4,200.0,200.0,500.0,500.0,0.0,0.0,0.0,0.3,1.70
7.2,202.3,6.19,49.8,236,200.4,200.0,200.0,500.0,500.0,0.0,0.0,0.0,0.3,1.71
7.2,202.4,6.19,49.8,237,200.4,200.0,200.0,500.0,500.0,0.0,0.0,0.0,0.3,1.71
7.2,202.4,6.19,49.8,238,200.4,200.0,200.0,500.0,500.0,0.0,0.0,0.0,0.3,1.72
7.3,202.5,6.19,49.8,239,200.4,200.1,200.0,500.0,500.0,0.0,0.0,0.0,0.3,1.72
7.3,202.5,6.19,49.8,240,200.5,200.2,200.0,500.0,500.0,0.0,0.0,0.0,0.3,1.73
7.2,202.6,6.19,49.8,241,200.5,200.2,200.0,500.0,500.0,0.0,0.0,0.0,0.3,1.74
7.2,202.6,6.19,49.8,242,200.5,200.2,200.0,500.0,500.0,0.0,0.0,0.0,0.3,1.74
7.1,202.7,6.19,49.8,243,200.5,200.2,200.0,500.0,500.0,0.0,0.0,0.0,0.3,1.75
7.0,202.7,6.19,49.8,244,200.5,200.2,200.1,500.0,500.0,0.0,0.0,0.0,0.3,1.75
7.0,202.7,6.19,50.0,245,200.5,200.2,200.1,500.0,500.0,0.0,0.0,0.0,0.3,1.76
7.1,202.8,6.19,49.8,246,200.5,200.1,200.1,500.0,500.0,0.0,0.0,0.0,0.3,1.77
7.1,202.9,6.19,49.8,247,200.5,200.1,200.1,500.0,500.0,0.0,0.0,0.0,0.3,1.77
7.1,202.9,6.19,49.8,248,200.6,200.1,200.2,500.0,500.0,0.0,0.0,0.0,0.3,1.78
7.2,202.9,6.19,49.8,249,200.6,200.1,200.2,500.0,500.0,0.0,0.0,0.0,0.3,1.78
7.2,203.0,6.19,49.8,250,200.6,200.0,200.2,500.0,500.0,0.0,0.0,0.0,0.3,1.79
7.2,203.0,6.19,49.8,251,200.6,200.0,200.2,500.0,500.0,0.0,0.0,0.0,0.3,1.80
7.2,203.0,6.19,49.8,252,200.6,200.0,200.2,500.0,500.0,0.0,0.0,0.0,0.3,1.80
7.1,203.0,6.19,49.8,253,200.6,200.0,200.2,500.0,500.0,0.0,0.0,0.0,0.3,1.81
7.1,203.0,6.19,49.8,254,200.5,200.0,200.2,500.0,500.0,0.0,0.0,0.0,0.3,1.81
7.1,203.1,6.19,49.6,255,200.5,200.0,200.2,500.0,500.0,0.0,0.0,0.0,0.3,1.82
7.0,203.2,6.19,49.8,256,200.5,200.0,200.3,500.0,500.0,0.0,0.0,0.0,0.3,1.83
7.1,203.2,6.19,49.8,257,200.5,200.0,200.4,500.0,500.0,0.0,0.0,0.0,0.3,1.83
7.0,203.3,6.19,49.8,258,200.5,200.0,200.4,500.0,500.0,0.0,0.0,0.0,0.3,1.84
7.0,203.3,6.19,49.8,259,200.6,200.0,200.4,500.0,500.0,0.0,0.0,0.0,0.3,1.84
7.0,203.4,6.19,49.8,260,200.6,200.0,200.4,500.0,500.0,0.0,0.0,0.0,0.3,1.85
7.1,203.4,6.19,49.8,261,200.6,200.0,200.4,500.0,500.0,0.0,0.0,0.0,0.3,1.85
7.0,203.4,6.19,49.8,262,200.6,200.0,200.4,500.0,500.0,0.0,0.0,0.0,0.3,1.86
7.1,203.4,6.19,49.8,263,200.6,200.0,200.4,500.0,500.0,0.0,0.0,0.0,0.3,1.87
7.1,203.4,6.19,49.8,264,200.5,200.0,200.4,500.0,500.0,0.0,0.0,0.0,0.3,1.87
7.0,203.5,6.19,50.0,265,200.5,200.0,200.4,500.0,500.0,0.0,0.0,0.0,0.3,1.88
6.9,203.6,6.19,49.8,266,200.5,200.0,200.4,500.0,500.0,0.0,0.0,0.0,0.3,1.88
6.8,203.6,6.19,49.8,267,200.5,200.0,200.4,500.0,500.0,0.0,0.0,0.0,0.3,1.89
6.8,203.7,6.19,49.8,268,200.5,200.0,200.5,500.0,500.0,0.0,0.0,0.0,0.3,1.89
6.9,203.7,6.19,49.8,269,200.5,200.0,200.6,500.0,500.0,0.0,0.0,0.0,0.3,1.90
6.9,203.7,6.19,49.8,270,200.6,200.0,200.6,500.0,500.0,0.0,0.0,0.0,0.3,1.91
6.9,203.8,6.19,49.8,271,200.6,200.0,200.6,500.0,500.0,0.0,0.0,0.0,0.3,1.91
6.9,203.8,6.19,49.8,272,200.6,200.0,200.6,500.0,500.0,0.0,0.0,0.0,0.3,1.92
6.9,203.8,6.19,49.8,273,200.6,200.0,200.6,500.0,500.0,0.0,0.0,0.0,0.3,1.92
6.8,203.8,6.19,49.8,274,200.6,200.0,200.6,500.0,500.0,0.0,0.0,0.0,0.3,1.93
6.8,203.8,6.19,49.8,275,200.6,200.0,200.6,500.0,500.0,0.0,0.0,0.0,0.3,1.93
6.7,203.9,6.19,50.0,276,200.6,200.0,200.6,500.0,500.0,0.0,0.0,0.0,0.3,1.94
6.7,204.0,6.19,49.8,277,200.6,200.0,200.6,500.0,500.0,0.0,0.0,0.0,0.3,1.95
6.8,204.0,6.19,49.8,278,200.6,200.0,200.6,500.0,500.0,0.0,0.0,0.0,0.3,1.95
6.8,204.0,6.19,49.8,279,200.6,200.0,200.6,500.0,500.0,0.0,0.0,0.0,0.3,1.96
6.8,204.1,6.19,49.8,280,200.6,200.0,200.6,500.0,500.0,0.0,0.0,0.0,0.3,1.96
6.9,204.2,6.19,49.6,281,200.6,200.0,200.7,500.0,500.0,0.0,0.0,0.0,0.3,1.97
6.9,204.2,6.19,49.8,282,200.6,200.0,200.7,500.0,500.0,0.0,0.0,0.0,0.3,1.97
6.9,204.2,6.19,49.8,283,200.6,200.0,200.7,500.0,500.0,0.0,0.0,0.0,0.3,1.98
6.8,204.2,6.19,49.8,284,200.6,200.0,200.7,500.0,500.0,0.0,0.0,0.0,0.3,1.99
6.8,204.2,6.19,49.8,285,200.6,200.0,200.7,500.0,500.0,0.0,0.0,0.0,0.3,1.99
6.7,204.3,6.19,49.8,286,200.6,200.0,200.7,500.0,500.0,0.0,0.0,0.0,0.3,2.00
6.7,204.3,6.19,49.8,287,200.6,200.0,200.7,500.0,500.0,0.0,0.0,0.0,0.3,2.00
6.7,204.3,6.19,49.8,288,200.6,200.0,200.7,500.0,500.0,0.0,0.0,0.0,0.3,2.01
6.7,204.4,6.19,49.8,289,200.6,200.0,200.7,500.0,500.0,0.0,0.0,0.0,0.3,2.01
6.7,204.4,6.19,49.8,290,200.6,200.1,200.7,500.0,500.0,0.0,0.0,0.0,0.3,2.02
6.7,204.4,6.19,49.8,291,200.5,200.1,200.7,500.0,500.0,0.0,0.0,0.0,0.3,2.02
6.7,204.4,6.19,49.8,292,200.5,200.1,200.7,500.0,500.0,0.0,0.0,0.0,0.3,2.03
6.8,204.5,6.19,49.8,293,200.5,200.1,200.6,500.0,500.0,0.0,0.0,0.0,0.3,2.04
6.8,204.5,6.19,49.8,294,200.5,200.1,200.6,500.0,500.0,0.0,0.0,0.0,0.3,2.04
6.8,204.5,6.19,49.8,295,200.5,200.1,200.6,500.0,500.0,0.0,0.0,0.0,0.3,2.05
6.8,204.5,6.19,50.0,296,200.5,200.0,200.6,500.0,500.0,0.0,0.0,0.0,0.3,2.05
6.7,204.6,6.19,49.8,297,200.5,200.0,200.6,500.0,500.0,0.0,0.0,0.0,0.3,2.06
6.6,204.6,6.19,49.8,298,200.5,200.0,200.6,500.0,500.0,0.0,0.0,0.0,0.3,2.06
6.5,204.6,6.19,49.8,299,200.5,200.0,200.6,500.0,500.0,0.0,0.0,0.0,0.3,2.07
6.5,204.7,6.19,49.8,300,200.5,200.0,200.6,500.0,500.0,0.0,0.0,0.0,0.3,2.07
6.4,204.7,6.19,49.8,301,200.5,200.0,200.6,500.0,500.0,0.0,0.0,0.0,0.3,2.08
6.4,204.7,6.19,49.8,302,200.5,200.0,200.6,500.0,500.0,0.0,0.0,0.0,0.3,2.09
6.4,204.7,6.19,49.8,303,200.5,200.0,200.6,500.0,500.0,0.0,0.0,0.0,0.3,2.09
6.5,204.7,6.19,49.8,304,200.5,200.0,200.5,500.0,500.0,0.0,0.0,0.0,0.3,2.10
6.5,204.8,6.19,49.8,305,200.5,200.0,200.5,500.0,500.0,0.0,0.0,0.0,0.3,2.10
6.6,204.8,6.19,49.6,306,200.4,200.0,200.5,500.0,500.0,0.0,0.0,0.0,0.3,2.11
6.6,204.8,6.19,49.8,307,200.4,200.0,200.5,500.0,500.0,0.0,0.0,0.0,0.3,2.11
6.6,204.8,6.19,49.8,308,200.4,200.0,200.5,500.0,500.0,0.0,0.0,0.0,0.3,2.12
6.6,204.9,6.19,49.8,309,200.4,200.0,200.5,500.0,500.0,0.0,0.0,0.0,0.3,2.12
6.5,204.9,6.19,49.8,310,200.4,200.0,200.4,500.0,500.0,0.0,0.0,0.0,0.3,2.13
6.5,204.9,6.19,49.8,311,200.4,200.0,200.4,500.0,500.0,0.0,0.0,0.0,0.3,2.13
6.6,204.9,6.19,49.8,312,200.4,200.0,200.4,500.0,500.0,0.0,0.0,0.0,0.3,2.14
6.5,205.0,6.19,49.8,313,200.4,200.0,200.4,500.0,500.0,0.0,0.0,0.0,0.3,2.14
6.6,205.0,6.19,49.8,314,200.4,200.0,200.4,500.0,500.0,0.0,0.0,0.0,0.3,2.15
6.7,205.0,6.19,49.8,315,200.4,200.0,200.4,500.0,500.0,0.0,0.0,0.0,0.3,2.16
6.7,205.0,6.19,50.0,316,200.4,200.0,200.3,500.0,500.0,0.0,0.0,0.0,0.3,2.16
6.7,205.1,6.19,49.8,317,200.3,200.0,200.3,500.0,500.0,0.0,0.0,0.0,0.3,2.17
6.6,205.1,6.19,49.8,318,200.3,200.0,200.3,500.0,500.0,0.0,0.0,0.0,0.3,2.17
6.6,205.1,6.19,49.8,319,200.3,200.0,200.3,500.0,500.0,0.0,0.0,0.0,0.3,2.18
6.5,205.1,6.19,49.8,320,200.3,200.0,200.2,500.0,500.0,0.0,0.0,0.0,0.3,2.18
6.5,205.1,6.19,49.8,321,200.3,200.0,200.2,500.0,500.0,0.0,0.0,0.0,0.3,2.19
6.5,205.2,6.19,50.0,322,200.3,200.0,200.2,500.0,500.0,0.0,0.0,0.0,0.3,2.19
6.5,205.2,6.19,49.8,323,200.3,200.0,200.2,500.0,500.0,0.0,0.0,0.0,0.3,2.20
6.5,205.2,6.19,49.8,324,200.3,200.0,200.2,500.0,500.0,0.0,0.0,0.0,0.3,2.20
6.5,205.2,6.19,49.8,325,200.3,200.0,200.2,500.0,500.0,0.0,0.0,0.0,0.3,2.21
6.5,205.2,6.19,49.8,326,200.3,200.0,200.2,500.0,500.0,0.0,0.0,0.0,0.3,2.22
6.6,205.2,6.19,49.8,327,200.3,200.0,200.2,500.0,500.0,0.0,0.0,0.0,0.3,2.22
6.6,205.2,6.19,50.0,328,200.3,200.0,200.1,500.0,500.0,0.0,0.0,0.0,0.3,2.23
6.5,205.2,6.19,50.0,329,200.3,200.0,200.1,500.0,500.0,0.0,0.0,0.0,0.3,2.23
6.5,205.3,6.19,50.0,330,200.3,200.0,200.1,500.0,500.0,0.0,0.0,0.0,0.3,2.24
6.6,205.3,6.19,50.0,331,200.3,200.0,200.1,500.0,500.0,0.0,0.0,0.0,0.3,2.24
6.6,205.3,6.19,50.0,332,200.2,200.0,200.1,500.0,500.0,0.0,0.0,0.0,0.3,2.25
6.5,205.3,6.19,50.0,333,200.2,200.0,200.1,500.0,500.0,0.0,0.0,0.0,0.3,2.25
6.5,205.3,6.19,50.0,334,200.2,200.0,200.1,500.0,500.0,0.0,0.0,0.0,0.3,2.26
6.4,205.4,6.19,50.0,335,200.2,200.0,200.0,500.0,500.0,0.0,0.0,0.0,0.3,2.26
6.3,205.4,6.19,50.0,336,200.2,200.0,200.0,500.0,500.0,0.0,0.0,0.0,0.3,2.27
6.3,205.4,6.19,49.8,337,200.2,200.0,200.0,500.0,500.0,0.0,0.0,0.0,0.3,2.28
6.4,205.4,6.19,49.8,338,200.2,200.0,200.0,500.0,500.0,0.0,0.0,0.0,0.3,2.28
6.4,205.4,6.19,49.8,339,200.2,200.0,200.0,500.0,500.0,0.0,0.0,0.0,0.3,2.29
6.4,205.4,6.19,49.8,340,200.2,200.0,200.0,500.0,500.0,0.0,0.0,0.0,0.3,2.29
6.4,205.4,6.19,49.8,341,200.2,200.0,200.0,500.0,500.0,0.0,0.0,0.0,0.3,2.30
6.3,205.5,6.19,50.0,342,200.2,200.0,200.0,500.0,500.0,0.0,0.0,0.0,0.3,2.30
6.3,205.5,6.19,49.8,343,200.2,200.0,200.0,500.0,500.0,0.0,0.0,0.0,0.3,2.31
6.3,205.5,6.19,49.8,344,200.2,200.0,200.0,500.0,500.0,0.0,0.0,0.0,0.3,2.31
6.2,205.5,6.19,49.8,345,200.2,200.0,200.0,500.0,500.0,0.0,0.0,0.0,0.3,2.32
6.2,205.5,6.19,49.8,346,200.2,200.0,200.0,500.0,500.0,0.0,0.0,0.0,0.3,2.32
6.2,205.5,6.19,49.8,347,200.2,200.0,200.0,500.0,500.0,0.0,0.0,0.0,0.3,2.33
6.2,205.5,6.19,49.8,348,200.2,200.0,200.0,500.0,500.0,0.0,0.0,0.0,0.3,2.33
6.2,205.6,6.19,49.8,349,200.2,200.0,200.0,500.0,500.0,0.0,0.0,0.0,0.3,2.34
6.3,205.6,6.19,49.8,350,200.2,200.0,200.0,500.0,500.0,0.0,0.0,0.0,0.3,2.34
6.3,205.6,6.19,49.8,351,200.2,200.0,200.0,500.0,500.0,0.0,0.0,0.0,0.3,2.35
6.3,205.6,6.19,49.8,352,200.2,200.0,200.0,500.0,500.0,0.0,0.0,0.0,0.3,2.35
6.3,205.6,6.19,50.0,353,200.2,200.0,200.0,500.0,500.0,0.0,0.0,0.0,0.3,2.36
6.3,205.6,6.19,49.8,354,200.2,200.0,200.0,500.0,500.0,0.0,0.0,0.0,0.3,2.36
6.3,205.6,6.19,49.8,355,200.2,200.0,200.0,500.0,500.0,0.0,0.0,0.0,0.3,2.37
6.2,205.6,6.19,49.8,356,200.2,200.0,200.0,500.0,500.0,0.0,0.0,0.0,0.3,2.37
6.2,205.6,6.19,49.8,357,200.1,200.0,200.0,500.0,500.0,0.0,0.0,0.0,0.3,2.38
6.2,205.6,6.19,49.6,358,200.1,200.0,200.0,500.0,500.0,0.0,0.0,0.0,0.3,2.38
6.2,205.7,6.19,49.8,359,200.1,200.0,200.0,500.0,500.0,0.0,0.0,0.0,0.3,2.39
6.2,205.7,6.19,49.8,360,200.1,200.0,200.0,500.0,500.0,0.0,0.0,0.0,0.3,2.40
6.2,205.7,6.19,49.8,361,200.1,200.0,200.0,500.0,500.0,0.0,0.0,0.0,0.3,2.40
6.2,205.7,6.19,49.8,362,200.1,200.0,200.0,500.0,500.0,0.0,0.0,0.0,0.3,2.41
6.2,205.7,6.19,50.0,363,200.1,200.0,200.0,500.0,500.0,0.0,0.0,0.0,0.3,2.41
6.3,205.7,6.19,50.0,364,200.1,200.0,200.0,500.0,500.0,0.0,0.0,0.0,0.3,2.42
6.2,205.8,6.19,50.0,365,200.1,200.0,200.0,500.0,500.0,0.0,0.0,0.0,0.3,2.42
6.2,205.9,6.19,50.0,366,200.1,200.0,200.0,500.0,500.0,0.0,0.0,0.0,0.3,2.43
6.1,205.9,6.19,50.0,367,200.1,200.0,200.1,500.0,500.0,0.0,0.0,0.0,0.3,2.43
6.1,205.9,6.19,49.8,368,200.1,200.0,200.1,500.0,500.0,0.0,0.0,0.0,0.3,2.44
6.1,205.9,6.19,49.8,369,200.2,200.0,200.1,500.0,500.0,0.0,0.0,0.0,0.3,2.44
6.2,205.9,6.19,49.8,370,200.2,200.0,200.1,500.0,500.0,0.0,0.0,0.0,0.3,2.45
6.2,205.9,6.19,49.8,371,200.2,200.0,200.1,500.0,500.0,0.0,0.0,0.0,0.3,2.45
6.2,206.0,6.19,49.8,372,200.2,200.0,200.1,500.0,500.0,0.0,0.0,0.0,0.3,2.46
6.2,206.0,6.19,50.0,373,200.2,200.0,200.1,500.0,500.0,0.0,0.0,0.0,0.3,2.46
6.2,206.0,6.19,50.0,374,200.2,200.0,200.1,500.0,500.0,0.0,0.0,0.0,0.3,2.47
6.2,206.0,6.19,50.0,375,200.2,200.0,200.1,500.0,500.0,0.0,0.0,0.0,0.3,2.47
6.1,206.0,6.19,50.0,376,200.2,200.0,200.1,500.0,500.0,0.0,0.0,0.0,0.3,2.48
6.1,206.0,6.19,50.0,377,200.2,200.0,200.1,500.0,500.0,0.0,0.0,0.0,0.3,2.48
6.1,206.0,6.19,50.0,378,200.2,200.0,200.1,500.0,500.0,0.0,0.0,0.0,0.3,2.49
6.1,206.0,6.19,49.8,379,200.2,200.0,200.2,500.0,500.0,0.0,0.0,0.0,0.3,2.49
6.1,206.0,6.19,49.8,380,200.2,200.0,200.2,500.0,500.0,0.0,0.0,0.0,0.3,2.50
6.1,206.0,6.19,49.8,381,200.2,200.0,200.2,500.0,500.0,0.0,0.0,0.0,0.3,2.50
6.2,206.0,6.19,49.6,382,200.2,200.0,200.2,500.0,500.0,0.0,0.0,0.0,0.3,2.51
6.2,206.0,6.19,49.6,383,200.2,200.0,200.2,500.0,500.0,0.0,0.0,0.0,0.3,2.51
6.1,206.1,6.19,49.8,384,200.2,200.0,200.2,500.0,500.0,0.0,0.0,0.0,0.3,2.52
6.1,206.1,6.19,49.8,385,200.1,200.0,200.2,500.0,500.0,0.0,0.0,0.0,0.3,2.52
6.1,206.1,6.19,49.8,386,200.1,200.0,200.2,500.0,500.0,0.0,0.0,0.0,0.3,2.53
6.1,206.1,6.19,50.0,387,200.1,200.0,200.2,500.0,500.0,0.0,0.0,0.0,0.3,2.53
6.0,206.1,6.19,50.0,388,200.1,200.0,200.2,500.0,500.0,0.0,0.0,0.0,0.3,2.54
6.0,206.2,6.19,49.8,389,200.1,200.0,200.2,500.0,500.0,0.0,0.0,0.0,0.3,2.54
6.0,206.2,6.19,49.8,390,200.1,200.0,200.2,500.0,500.0,0.0,0.0,0.0,0.3,2.55
6.0,206.2,6.19,49.8,391,200.1,200.0,200.2,500.0,500.0,0.0,0.0,0.0,0.3,2.55
6.0,206.2,6.19,49.8,392,200.1,200.0,200.3,500.0,500.0,0.0,0.0,0.0,0.3,2.56
6.1,206.2,6.19,49.6,393,200.1,200.0,200.3,500.0,500.0,0.0,0.0,0.0,0.3,2.56
6.1,206.2,6.19,49.8,394,200.1,200.0,200.3,500.0,500.0,0.0,0.0,0.0,0.3,2.57
6.1,206.2,6.19,49.8,395,200.1,200.0,200.3,500.0,500.0,0.0,0.0,0.0,0.3,2.57
6.1,206.2,6.19,49.8,396,200.1,200.0,200.3,500.0,500.0,0.0,0.0,0.0,0.3,2.58
6.1,206.2,6.19,49.8,397,200.1,200.0,200.3,500.0,500.0,0.0,0.0,0.0,0.3,2.58
6.0,206.2,6.19,49.8,398,200.1,200.0,200.3,500.0,500.0,0.0,0.0,0.0,0.3,2.59
5.9,206.2,6.19,49.8,399,200.0,200.0,200.3,500.0,500.0,0.0,0.0,0.0,0.3,2.59
5.9,206.2,6.19,49.8,400,200.0,200.0,200.3,500.0,500.0,0.0,0.0,0.0,0.3,2.60
5.9,206.3,6.19,49.8,401,200.0,200.0,200.3,500.0,500.0,0.0,0.0,0.0,0.3,2.60
5.9,206.3,6.19,49.6,402,200.0,200.0,200.3,500.0,500.0,0.0,0.0,0.0,0.3,2.61
6.0,206.3,6.19,49.8,403,200.0,200.0,200.3,500.0,500.0,0.0,0.0,0.0,0.3,2.61
6.1,206.3,6.19,49.8,404,200.0,200.0,200.3,500.0,500.0,0.0,0.0,0.0,0.3,2.62
6.2,206.3,6.19,49.8,405,200.0,200.0,200.3,500.0,500.0,0.0,0.0,0.0,0.3,2.62
6.1,206.3,6.19,49.8,406,200.0,200.0,200.3,500.0,500.0,0.0,0.0,0.0,0.3,2.63
6.1,206.3,6.19,50.0,407,200.0,200.0,200.3,500.0,500.0,0.0,0.0,0.0,0.3,2.63
6.1,206.3,6.19,50.0,408,200.0,200.0,200.3,500.0,500.0,0.0,0.0,0.0,0.3,2.64
6.0,206.3,6.19,50.0,409,200.0,200.0,200.2,500.0,500.0,0.0,0.0,0.0,0.3,2.64
6.0,206.3,6.19,50.0,410,200.0,200.0,200.2,500.0,500.0,0.0,0.0,0.0,0.3,2.65
6.0,206.3,6.19,50.0,411,200.0,200.0,200.2,500.0,500.0,0.0,0.0,0.0,0.3,2.65
6.0,206.4,6.19,49.8,412,200.0,200.0,200.2,500.0,500.0,0.0,0.0,0.0,0.3,2.66
6.0,206.4,6.19,49.8,413,200.0,200.0,200.2,500.0,500.0,0.0,0.0,0.0,0.3,2.66
6.1,206.4,6.19,49.8,414,200.0,200.0,200.2,500.0,500.0,0.0,0.0,0.0,0.3,2.67
6.1,206.4,6.19,49.8,415,200.0,200.0,200.2,500.0,500.0,0.0,0.0,0.0,0.3,2.67
6.1,206.4,6.19,49.8,416,200.0,200.0,200.2,500.0,500.0,0.0,0.0,0.0,0.3,2.68
6.1,206.4,6.19,50.0,417,200.0,200.0,200.2,500.0,500.0,0.0,0.0,0.0,0.3,2.68
6.1,206.4,6.19,49.8,418,200.0,200.0,200.2,500.0,500.0,0.0,0.0,0.0,0.3,2.69
6.1,206.4,6.19,49.8,419,200.0,200.0,200.2,500.0,500.0,0.0,0.0,0.0,0.3,2.69
6.0,206.4,6.19,49.8,420,200.0,200.0,200.2,500.0,500.0,0.0,0.0,0.0,0.3,2.70
6.0,206.4,6.19,49.8,421,200.0,200.0,200.2,500.0,500.0,0.0,0.0,0.0,0.3,2.70
6.1,206.4,6.19,49.8,422,200.0,200.0,200.1,500.0,500.0,0.0,0.0,0.0,0.3,2.71
6.0,206.4,6.19,49.8,423,200.0,200.0,200.1,500.0,500.0,0.0,0.0,0.0,0.3,2.71
6.0,206.4,6.19,49.8,424,200.0,200.0,200.1,500.0,500.0,0.0,0.0,0.0,0.3,2.72
6.0,206.4,6.19,49.8,425,200.0,200.0,200.1,500.0,500.0,0.0,0.0,0.0,0.3,2.72
6.0,206.5,6.19,49.8,426,200.0,200.0,200.1,500.0,500.0,0.0,0.0,0.0,0.3,2.73
6.0,206.5,6.19,49.8,427,200.0,200.0,200.1,500.0,500.0,0.0,0.0,0.0,0.3,2.73
6.0,206.4,6.19,50.0,428,200.0,200.0,200.1,500.0,500.0,0.0,0.0,0.0,0.3,2.74
6.0,206.4,6.19,50.0,429,200.0,200.0,200.1,500.0,500.0,0.0,0.0,0.0,0.3,2.74
5.9,206.5,6.19,50.0,430,200.0,200.0,200.0,500.0,500.0,0.0,0.0,0.0,0.3,2.75
5.8,206.5,6.19,50.0,431,200.0,200.0,200.0,500.0,500.0,0.0,0.0,0.0,0.3,2.75
5.8,206.5,6.19,49.8,432,200.0,200.0,200.0,500.0,500.0,0.0,0.0,0.0,0.3,2.76
5.8,206.5,6.19,49.8,433,200.0,200.0,200.0,500.0,500.0,0.0,0.0,0.0,0.3,2.76
5.8,206.6,6.19,49.8,434,200.0,200.0,200.0,500.0,500.0,0.0,0.0,0.0,0.3,2.77
5.9,206.6,6.19,49.8,435,200.0,200.0,200.0,500.0,500.0,0.0,0.0,0.0,0.3,2.77
5.9,206.6,6.19,49.8,436,200.0,200.0,200.0,500.0,500.0,0.0,0.0,0.0,0.3,2.78
6.0,206.6,6.19,49.8,437,200.0,200.0,200.0,500.0,500.0,0.0,0.0,0.0,0.3,2.78
6.0,206.5,6.19,49.8,438,200.0,200.0,200.0,500.0,500.0,0.0,0.0,0.0,0.3,2.79
6.0,206.5,6.19,49.8,439,200.0,200.0,200.0,500.0,500.0,0.0,0.0,0.0,0.3,2.79
6.0,206.5,6.19,49.8,440,200.0,200.0,200.0,500.0,500.0,0.0,0.0,0.0,0.3,2.80
5.9,206.5,6.19,49.8,441,200.0,200.0,200.0,500.0,500.0,0.0,0.0,0.0,0.3,2.80
5.8,206.5,6.19,50.0,442,200.0,200.0,200.0,500.0,500.0,0.0,0.0,0.0,0.3,2.81
5.8,206.5,6.19,49.8,443,200.0,200.0,200.0,500.0,500.0,0.0,0.0,0.0,0.3,2.81
5.8,206.5,6.19,49.8,444,200.0,200.0,200.0,500.0,500.0,0.0,0.0,0.0,0.3,2.82
5.8,206.5,6.19,49.8,445,200.0,200.0,200.0,500.0,500.0,0.0,0.0,0.0,0.3,2.82
5.8,206.5,6.19,49.8,446,200.0,200.0,200.0,500.0,500.0,0.0,0.0,0.0,0.3,2.83
5.9,206.5,6.19,49.8,447,200.0,200.0,200.0,500.0,500.0,0.0,0.0,0.0,0.3,2.83
5.9,206.5,6.19,50.0,448,200.0,200.0,200.0,500.0,500.0,0.0,0.0,0.0,0.3,2.84
5.8,206.5,6.19,50.0,449,200.0,200.0,200.0,500.0,500.0,0.0,0.0,0.0,0.3,2.84
5.8,206.6,6.19,50.0,450,200.0,200.0,200.0,500.0,500.0,0.0,0.0,0.0,0.3,2.85
5.8,206.6,6.19,50.0,451,200.0,200.0,200.0,500.0,500.0,0.0,0.0,0.0,0.3,2.85
5.8,206.6,6.19,50.0,452,200.0,200.0,200.0,500.0,500.0,0.0,0.0,0.0,0.3,2.86
5.7,206.6,6.19,49.8,453,200.0,200.0,200.0,500.0,500.0,0.0,0.0,0.0,0.3,2.86
5.8,206.6,6.19,49.8,454,200.0,200.0,200.0,500.0,500.0,0.0,0.0,0.0,0.3,2.87
5.8,206.6,6.19,49.8,455,200.0,200.0,200.0,500.0,500.0,0.0,0.0,0.0,0.3,2.87
5.8,206.6,6.19,49.8,456,200.0,200.0,200.0,500.0,500.0,0.0,0.0,0.0,0.3,2.88
5.8,206.5,6.19,49.6,457,200.0,200.0,200.0,500.0,500.0,0.0,0.0,0.0,0.3,2.88
5.8,206.6,6.19,49.8,458,200.0,200.0,200.0,500.0,500.0,0.0,0.0,0.0,0.3,2.88
5.9,206.6,6.19,49.8,459,200.0,200.0,200.0,500.0,500.0,0.0,0.0,0.0,0.3,2.89
5.9,206.6,6.19,49.8,460,200.0,200.0,200.0,500.0,500.0,0.0,0.0,0.0,0.3,2.89
5.9,206.6,6.19,49.8,461,200.0,200.0,200.0,500.0,500.0,0.0,0.0,0.0,0.3,2.90
5.8,206.7,6.19,49.8,462,200.0,200.0,200.0,500.0,500.0,0.0,0.0,0.0,0.3,2.90
5.9,206.7,6.19,49.8,463,200.0,200.0,200.0,500.0,500.0,0.0,0.0,0.0,0.3,2.91
5.9,206.7,6.19,49.8,464,200.0,200.0,200.0,500.0,500.0,0.0,0.0,0.0,0.3,2.91
5.9,206.7,6.19,49.8,465,200.0,200.0,200.0,500.0,500.0,0.0,0.0,0.0,0.3,2.92
5.9,206.7,6.19,49.8,466,200.0,200.0,200.0,500.0,500.0,0.0,0.0,0.0,0.3,2.92
5.8,206.7,6.19,49.8,467,200.0,200.0,200.0,500.0,500.0,0.0,0.0,0.0,0.3,2.93
5.8,206.7,6.19,49.8,468,200.0,200.0,200.0,500.0,500.0,0.0,0.0,0.0,0.3,2.93
5.7,206.7,6.19,49.8,469,200.0,200.0,200.0,500.0,500.0,0.0,0.0,0.0,0.3,2.94
5.7,206.7,6.19,49.8,470,200.0,200.0,200.0,500.0,500.0,0.0,0.0,0.0,0.3,2.94
5.8,206.7,6.19,49.8,471,200.0,200.0,200.0,500.0,500.0,0.0,0.0,0.0,0.3,2.95
5.8,206.7,6.19,50.0,472,200.0,200.0,200.0,500.0,500.0,0.0,0.0,0.0,0.3,2.95
5.8,206.7,6.19,50.0,473,200.0,200.0,200.0,500.0,500.0,0.0,0.0,0.0,0.3,2.96
5.8,206.7,6.19,50.0,474,200.0,200.0,200.0,500.0,500.0,0.0,0.0,0.0,0.3,2.96
5.7,206.7,6.19,50.0,475,200.0,200.0,200.0,500.0,500.0,0.0,0.0,0.0,0.3,2.97
5.7,206.7,6.19,49.8,476,200.0,200.0,200.0,500.0,500.0,0.0,0.0,0.0,0.3,2.97
5.7,206.7,6.19,49.8,477,200.0,200.0,200.0,500.0,500.0,0.0,0.0,0.0,0.3,2.98
5.7,206.7,6.19,49.6,478,200.0,200.0,200.0,500.0,500.0,0.0,0.0,0.0,0.3,2.98
5.7,206.7,6.19,49.6,479,200.0,200.0,200.0,500.0,500.0,0.0,0.0,0.0,0.3,2.99
5.7,206.7,6.19,49.6,480,200.0,200.0,200.0,500.0,500.0,0.0,0.0,0.0,0.3,2.99
5.7,206.7,6.19,49.6,481,200.0,200.0,200.0,500.0,500.0,0.0,0.0,0.0,0.3,3.00
5.7,206.7,6.19,49.6,482,200.0,200.0,200.0,500.0,500.0,0.0,0.0,0.0,0.3,3.00
5.7,206.7,6.19,49.8,483,200.0,200.0,200.0,500.0,500.0,0.0,0.0,0.0,0.3,3.00
5.7,206.7,6.19,49.8,484,200.0,200.0,200.0,500.0,500.0,0.0,0.0,0.0,0.3,3.01
5.8,206.7,6.19,49.8,485,200.0,200.0,200.0,500.0,500.0,0.0,0.0,0.0,0.3,3.01
5.8,206.7,6.19,50.0,486,200.0,200.0,200.0,500.0,500.0,0.0,0.0,0.0,0.3,3.02
5.7,206.7,6.19,49.8,487,200.0,200.0,200.0,500.0,500.0,0.0,0.0,0.0,0.3,3.02
5.8,206.7,6.19,49.8,488,200.0,200.0,200.0,500.0,500.0,0.0,0.0,0.0,0.3,3.03
5.8,206.7,6.19,49.8,489,200.0,200.0,200.0,500.0,500.0,0.0,0.0,0.0,0.3,3.03
5.7,206.7,6.19,49.6,490,200.0,200.0,200.0,500.0,500.0,0.0,0.0,0.0,0.3,3.04
5.7,206.7,6.19,49.6,491,200.0,200.0,200.0,500.0,500.0,0.0,0.0,0.0,0.3,3.04
5.7,206.7,6.19,49.6,492,200.0,200.0,200.0,500.0,500.0,0.0,0.0,0.0,0.3,3.05
5.7,206.7,6.19,49.6,493,200.0,200.0,200.0,500.0,500.0,0.0,0.0,0.0,0.3,3.05
5.8,206.7,6.19,49.6,494,200.0,200.0,200.0,500.0,500.0,0.0,0.0,0.0,0.3,3.06
5.8,206.7,6.19,49.8,495,200.0,200.0,200.0,500.0,500.0,0.0,0.0,0.0,0.3,3.06
5.9,206.7,6.19,49.6,496,200.0,200.0,200.0,500.0,500.0,0.0,0.0,0.0,0.3,3.07
5.9,206.7,6.19,49.8,497,200.0,200.0,200.0,500.0,500.0,0.0,0.0,0.0,0.3,3.07
6.0,206.8,6.19,49.8,498,200.0,200.0,200.0,500.0,500.0,0.0,0.0,0.0,0.3,3.08
5.8,206.8,6.19,49.8,499,200.0,200.0,200.0,500.0,500.0,0.0,0.0,0.0,0.3,3.08
5.8,206.8,6.19,49.8,500,200.0,200.0,200.0,500.0,500.0,0.0,0.0,0.0,0.3,3.09
5.7,206.8,6.19,49.8,501,200.0,200.0,200.0,500.0,500.0,0.0,0.0,0.0,0.3,3.09
5.6,206.8,6.19,49.8,502,200.0,200.0,200.0,500.0,500.0,0.0,0.0,0.0,0.3,3.10
5.7,206.8,6.19,49.8,503,200.0,200.0,200.0,500.0,500.0,0.0,0.0,0.0,0.3,3.10
5.7,206.8,6.19,49.8,504,200.0,200.0,200.0,500.0,500.0,0.0,0.0,0.0,0.3,3.10
5.8,206.8,6.19,49.8,505,200.0,200.0,200.0,500.0,500.0,0.0,0.0,0.0,0.3,3.11
5.8,206.8,6.19,49.8,506,200.0,200.0,200.0,500.0,500.0,0.0,0.0,0.0,0.3,3.11
5.8,206.8,6.19,49.8,507,200.0,200.0,200.0,500.0,500.0,0.0,0.0,0.0,0.3,3.12
5.7,206.8,6.19,49.8,508,200.0,200.0,200.0,500.0,500.0,0.0,0.0,0.0,0.3,3.12
5.7,206.8,6.19,49.8,509,200.0,200.0,200.0,500.0,500.0,0.0,0.0,0.0,0.3,3.13
5.6,206.8,6.19,49.8,510,200.0,200.0,200.0,500.0,500.0,0.0,0.0,0.0,0.3,3.13
5.6,206.8,6.19,50.0,511,200.0,200.0,200.0,500.0,500.0,0.0,0.0,0.0,0.3,3.14
5.5,206.8,6.19,49.8,512,200.0,200.0,200.0,500.0,500.0,0.0,0.0,0.0,0.3,3.14
5.6,206.8,6.19,49.8,513,200.0,200.0,200.0,500.0,500.0,0.0,0.0,0.0,0.3,3.15
5.6,206.8,6.19,49.8,514,200.0,200.0,200.0,500.0,500.0,0.0,0.0,0.0,0.3,3.15
5.7,206.8,6.19,49.6,515,200.0,200.0,200.0,500.0,500.0,0.0,0.0,0.0,0.3,3.16
5.7,206.8,6.19,49.6,516,200.0,200.0,200.0,500.0,500.0,0.0,0.0,0.0,0.3,3.16
5.8,206.8,6.19,49.8,517,200.0,200.0,200.0,500.0,500.0,0.0,0.0,0.0,0.3,3.17
5.8,206.8,6.19,49.8,518,200.0,200.0,200.0,500.0,500.0,0.0,0.0,0.0,0.3,3.17
5.7,206.8,6.19,49.8,519,200.0,200.0,200.0,500.0,500.0,0.0,0.0,0.0,0.3,3.18
5.7,206.8,6.19,50.0,520,200.0,200.0,200.0,500.0,500.0,0.0,0.0,0.0,0.3,3.18
5.6,206.8,6.19,50.0,521,200.0,200.0,200.0,500.0,500.0,0.0,0.0,0.0,0.3,3.19
5.6,206.8,6.19,49.8,522,200.0,200.0,200.0,500.0,500.0,0.0,0.0,0.0,0.3,3.19
5.5,206.8,6.19,49.8,523,200.0,200.0,200.0,500.0,500.0,0.0,0.0,0.0,0.3,3.19
5.6,206.8,6.19,49.8,524,200.0,200.0,200.0,500.0,500.0,0.0,0.0,0.0,0.3,3.20
5.6,206.8,6.19,49.6,525,200.0,200.0,200.0,500.0,500.0,0.0,0.0,0.0,0.3,3.20
5.6,206.8,6.19,49.6,526,200.0,200.0,200.0,500.0,500.0,0.0,0.0,0.0,0.3,3.21
5.6,206.8,6.19,49.8,527,200.0,200.0,200.0,500.0,500.0,0.0,0.0,0.0,0.3,3.21
5.7,206.8,6.19,49.8,528,200.0,200.0,200.0,500.0,500.0,0.0,0.0,0.0,0.3,3.22
5.7,206.8,6.19,49.8,529,200.0,200.0,200.0,500.0,500.0,0.0,0.0,0.0,0.3,3.22
5.7,206.8,6.19,50.0,530,200.0,200.0,200.0,500.0,500.0,0.0,0.0,0.0,0.3,3.23
5.7,206.8,6.19,49.8,531,200.0,200.0,200.0,500.0,500.0,0.0,0.0,0.0,0.3,3.23
5.6,206.8,6.19,49.8,532,200.0,200.0,200.0,500.0,500.0,0.0,0.0,0.0,0.3,3.24
5.6,206.8,6.19,49.8,533,200.0,200.0,200.0,500.0,500.0,0.0,0.0,0.0,0.3,3.24
5.6,206.8,6.19,49.8,534,200.0,200.0,200.0,500.0,500.0,0.0,0.0,0.0,0.3,3.25
5.6,206.8,6.19,49.8,535,200.0,200.0,200.0,500.0,500.0,0.0,0.0,0.0,0.3,3.25
5.6,206.8,6.19,49.8,536,200.0,200.0,200.0,500.0,500.0,0.0,0.0,0.0,0.3,3.26
5.6,206.8,6.19,49.8,537,200.0,200.0,200.0,500.0,500.0,0.0,0.0,0.0,0.3,3.26
5.6,206.8,6.19,49.8,538,200.0,200.0,200.0,500.0,500.0,0.0,0.0,0.0,0.3,3.26
5.6,206.8,6.19,49.8,539,200.0,200.0,200.0,500.0,500.0,0.0,0.0,0.0,0.3,3.27
5.7,206.8,6.19,49.6,540,200.0,200.0,200.0,500.0,500.0,0.0,0.0,0.0,0.3,3.27
5.7,206.8,6.19,49.8,541,200.0,200.0,200.0,500.0,500.0,0.0,0.0,0.0,0.3,3.28
5.7,206.8,6.19,49.8,542,200.0,200.0,200.0,500.0,500.0,0.0,0.0,0.0,0.3,3.28
5.5,206.8,6.19,49.8,543,200.0,200.0,200.0,500.0,500.0,0.0,0.0,0.0,0.3,3.29
5.5,206.8,6.19,49.8,544,200.0,200.0,200.0,500.0,500.0,0.0,0.0,0.0,0.3,3.29
5.5,206.8,6.19,49.8,545,200.0,200.0,200.0,500.0,500.0,0.0,0.0,0.0,0.3,3.30
5.5,206.8,6.19,49.8,546,200.0,200.0,200.0,500.0,500.0,0.0,0.0,0.0,0.3,3.30
5.5,206.8,6.19,49.8,547,200.0,200.0,200.0,500.0,500.0,0.0,0.0,0.0,0.3,3.31
5.6,206.8,6.19,49.8,548,200.0,200.0,200.0,500.0,500.0,0.0,0.0,0.0,0.3,3.31
5.6,206.8,6.19,49.8,549,200.0,200.0,200.0,500.0,500.0,0.0,0.0,0.0,0.3,3.32
5.6,206.8,6.19,49.8,550,200.0,200.0,200.0,500.0,500.0,0.0,0.0,0.0,0.3,3.32
5.6,206.8,6.19,49.8,551,200.0,200.0,200.0,500.0,500.0,0.0,0.0,0.0,0.3,3.32
5.6,206.7,6.19,49.8,552,200.0,200.0,200.0,500.0,500.0,0.0,0.0,0.0,0.3,3.33
5.5,206.7,6.19,49.8,553,200.0,200.0,200.0,500.0,500.0,0.0,0.0,0.0,0.3,3.33
5.5,206.8,6.19,49.8,554,200.0,200.0,200.0,500.0,500.0,0.0,0.0,0.0,0.3,3.34
5.6,206.8,6.19,50.0,555,200.0,200.0,200.0,500.0,500.0,0.0,0.0,0.0,0.3,3.34
5.6,206.8,6.19,49.8,556,200.0,200.0,200.0,500.0,500.0,0.0,0.0,0.0,0.3,3.35
5.6,206.8,6.19,49.8,557,200.0,200.0,200.0,500.0,500.0,0.0,0.0,0.0,0.3,3.35
5.6,206.8,6.19,49.8,558,200.0,200.0,200.0,500.0,500.0,0.0,0.0,0.0,0.3,3.36
5.6,206.8,6.19,49.8,559,200.0,200.0,200.0,500.0,500.0,0.0,0.0,0.0,0.3,3.36
5.6,206.8,6.19,49.6,560,200.0,200.0,200.0,500.0,500.0,0.0,0.0,0.0,0.3,3.37
5.6,206.8,6.19,49.8,561,200.0,200.0,200.0,500.0,500.0,0.0,0.0,0.0,0.3,3.37
5.7,206.8,6.19,49.8,562,200.0,200.0,200.0,500.0,500.0,0.0,0.0,0.0,0.3,3.38
5.6,206.8,6.19,49.8,563,200.0,200.0,200.0,500.0,500.0,0.0,0.0,0.0,0.3,3.38
5.6,206.8,6.19,49.8,564,200.0,200.0,200.0,500.0,500.0,0.0,0.0,0.0,0.3,3.38
5.6,206.8,6.19,50.0,565,200.0,200.0,200.0,500.0,500.0,0.0,0.0,0.0,0.3,3.39
5.6,206.8,6.19,49.8,566,200.0,200.0,200.0,500.0,500.0,0.0,0.0,0.0,0.3,3.39
5.5,206.8,6.19,49.8,567,200.0,200.0,200.0,500.0,500.0,0.0,0.0,0.0,0.3,3.40
5.6,206.8,6.19,49.8,568,200.0,200.0,200.0,500.0,500.0,0.0,0.0,0.0,0.3,3.40
5.6,206.8,6.19,49.8,569,200.0,200.0,200.0,500.0,500.0,0.0,0.0,0.0,0.3,3.41
5.5,206.8,6.19,49.6,570,200.0,200.0,200.0,500.0,500.0,0.0,0.0,0.0,0.3,3.41
5.6,206.8,6.19,49.8,571,200.0,200.0,200.0,500.0,500.0,0.0,0.0,0.0,0.3,3.42
5.6,206.9,6.19,49.8,572,200.0,200.0,200.0,500.0,500.0,0.0,0.0,0.0,0.3,3.42
5.6,206.9,6.19,49.8,573,200.0,200.0,200.0,500.0,500.0,0.0,0.0,0.0,0.3,3.43
5.5,206.9,6.19,49.8,574,200.0,200.0,200.0,500.0,500.0,0.0,0.0,0.0,0.3,3.43
5.5,206.9,6.19,50.0,575,200.0,200.0,200.0,500.0,500.0,0.0,0.0,0.0,0.3,3.44
5.5,206.9,6.19,49.8,576,200.0,200.0,200.0,500.0,500.0,0.0,0.0,0.0,0.3,3.44
5.5,206.9,6.19,49.8,577,200.0,200.0,200.0,500.0,500.0,0.0,0.0,0.0,0.3,3.44
5.5,206.9,6.19,49.8,578,200.0,200.0,200.0,500.0,500.0,0.0,0.0,0.0,0.3,3.45
5.6,206.9,6.19,49.6,579,200.0,200.0,200.0,500.0,500.0,0.0,0.0,0.0,0.3,3.45
5.6,206.9,6.19,49.6,580,200.0,200.0,200.0,500.0,500.0,0.0,0.0,0.0,0.3,3.46
5.6,206.9,6.19,49.6,581,200.0,200.0,200.0,500.0,500.0,0.0,0.0,0.0,0.3,3.46
5.6,206.9,6.19,49.6,582,200.0,200.0,200.0,500.0,500.0,0.0,0.0,0.0,0.3,3.47
5.5,206.9,6.19,49.6,583,200.0,200.0,200.0,500.0,500.0,0.0,0.0,0.0,0.3,3.47
5.5,206.9,6.19,49.8,584,200.0,200.0,200.0,500.0,500.0,0.0,0.0,0.0,0.3,3.48
5.5,206.9,6.19,49.8,585,200.0,200.0,200.0,500.0,500.0,0.0,0.0,0.0,0.3,3.48
5.5,206.9,6.19,49.8,586,200.0,200.0,200.0,500.0,500.0,0.0,0.0,0.0,0.3,3.49
5.5,206.9,6.19,49.8,587,200.0,200.0,200.0,500.0,500.0,0.0,0.0,0.0,0.3,3.49
5.5,206.9,6.19,49.8,588,200.0,200.0,200.0,500.0,500.0,0.0,0.0,0.0,0.3,3.50
5.5,206.9,6.19,49.8,589,200.0,200.0,200.0,500.0,500.0,0.0,0.0,0.0,0.3,3.50
5.5,206.9,6.19,49.6,590,200.0,200.0,200.0,500.0,500.0,0.0,0.0,0.0,0.3,3.50
5.5,206.9,6.19,49.8,591,200.0,200.0,200.0,500.0,500.0,0.0,0.0,0.0,0.3,3.51
5.5,206.9,6.19,49.8,592,200.0,200.0,200.0,500.0,500.0,0.0,0.0,0.0,0.3,3.51
5.6,206.9,6.19,49.8,593,200.0,200.0,200.0,500.0,500.0,0.0,0.0,0.0,0.3,3.52
5.6,206.9,6.19,49.8,594,200.0,200.0,200.0,500.0,500.0,0.0,0.0,0.0,0.3,3.52
5.6,206.9,6.19,49.8,595,200.0,200.0,200.0,500.0,500.0,0.0,0.0,0.0,0.3,3.53
5.6,206.9,6.19,49.8,596,200.0,200.0,200.0,500.0,500.0,0.0,0.0,0.0,0.3,3.53
5.6,206.9,6.19,49.8,597,200.0,200.0,200.0,500.0,500.0,0.0,0.0,0.0,0.3,3.54
5.6,206.9,6.19,49.8,598,200.0,200.0,200.0,500.0,500.0,0.0,0.0,0.0,0.3,3.54
5.5,206.9,6.19,49.8,599,200.0,200.0,200.0,500.0,500.0,0.0,0.0,0.0,0.3,3.55
