扭矩,料温,压力,转速,时间,温度1,温度2,温度3,温度4,温度5,温度6,温度7,温度8,顶栓,能量
1.6,199.2,6.19,0.8,0,200.8,200.0,201.3,500.0,500.0,0.0,0.0,0.0,0.3,0.00
1.6,199.2,6.19,6.2,1,200.8,200.0,201.3,500.0,500.0,0.0,0.0,0.0,0.3,0.00
1.5,199.3,6.19,12.2,2,200.8,200.0,201.3,500.0,500.0,0.0,0.0,0.0,0.3,0.00
1.4,199.3,6.19,18.2,3,200.8,200.0,201.3,500.0,500.0,0.0,0.0,0.0,0.3,0.00
1.3,199.3,6.19,24.2,4,200.9,200.0,201.3,500.0,500.0,0.0,0.0,0.0,0.3,0.00
1.4,199.4,6.19,29.2,5,200.9,200.0,201.3,500.0,500.0,0.0,0.0,0.0,0.3,0.00
1.4,199.4,6.19,30.0,6,200.9,200.0,201.2,500.0,500.0,0.0,0.0,0.0,0.3,0.00
1.4,199.3,6.19,29.8,7,200.9,200.0,201.1,500.0,500.0,0.0,0.0,0.0,0.3,0.00
1.4,199.3,6.19,29.8,8,200.9,200.0,201.1,500.0,500.0,0.0,0.0,0.0,0.3,0.00
1.4,199.3,6.19,29.8,9,200.9,200.0,201.1,500.0,500.0,0.0,0.0,0.0,0.3,0.00
1.3,199.4,6.19,30.0,10,200.8,200.0,201.1,500.0,500.0,0.0,0.0,0.0,0.3,0.01
1.3,199.3,6.19,29.6,11,200.8,200.0,201.1,500.0,500.0,0.0,0.0,0.0,0.3,0.01
1.0,198.8,6.19,29.8,12,200.8,200.0,201.1,500.0,500.0,0.0,0.0,0.0,0.3,0.01
0.7,198.1,6.19,29.8,13,200.8,200.0,201.0,500.0,500.0,0.0,0.0,0.0,0.3,0.01
0.5,197.1,6.19,29.8,14,200.8,200.0,201.0,500.0,500.0,0.0,0.0,0.0,0.3,0.01
0.5,196.1,6.19,29.6,15,200.8,200.0,201.0,500.0,500.0,0.0,0.0,0.0,0.3,0.01
0.4,195.1,6.19,29.8,16,200.8,200.0,201.0,500.0,500.0,0.0,0.0,0.0,0.3,0.01
0.8,194.2,6.19,29.8,17,200.8,200.2,200.9,500.0,500.0,0.0,0.0,0.0,0.3,0.01
2.1,193.4,6.19,29.8,18,200.8,200.2,200.9,500.0,500.0,0.0,0.0,0.0,0.3,0.01
5.7,192.6,6.19,29.8,19,200.8,200.2,200.9,500.0,500.0,0.0,0.0,0.0,0.3,0.01
11.9,191.6,6.19,30.0,20,200.8,200.2,200.9,500.0,500.0,0.0,0.0,0.0,0.3,0.02
18.9,190.3,6.19,29.8,21,200.8,200.3,200.9,500.0,500.0,0.0,0.0,0.0,0.3,0.03
28.5,188.8,6.19,29.8,22,200.8,200.3,200.9,500.0,500.0,0.0,0.0,0.0,0.3,0.04
37.0,187.3,6.19,29.8,23,200.7,200.3,200.8,500.0,500.0,0.0,0.0,0.0,0.3,0.06
44.4,185.5,6.19,29.6,24,200.7,200.3,200.8,500.0,500.0,0.0,0.0,0.0,0.3,0.08
50.4,184.0,6.19,29.6,25,200.7,200.3,200.8,500.0,500.0,0.0,0.0,0.0,0.3,0.11
54.0,182.6,6.19,29.6,26,200.7,200.3,200.8,500.0,500.0,0.0,0.0,0.0,0.3,0.13
54.7,181.4,6.19,29.6,27,200.7,200.3,200.8,500.0,500.0,0.0,0.0,0.0,0.3,0.16
55.8,180.4,6.19,29.6,28,200.7,200.3,200.8,500.0,500.0,0.0,0.0,0.0,0.3,0.19
56.2,179.4,6.19,29.6,29,200.7,200.3,200.8,500.0,500.0,0.0,0.0,0.0,0.3,0.22
54.1,178.7,6.19,29.6,30,200.7,200.3,200.8,500.0,500.0,0.0,0.0,0.0,0.3,0.24
52.2,178.3,6.19,29.8,31,200.6,200.2,200.8,500.0,500.0,0.0,0.0,0.0,0.3,0.27
48.3,177.9,6.19,29.8,32,200.4,200.0,200.6,500.0,500.0,0.0,0.0,0.0,0.3,0.29
45.2,177.7,6.19,29.6,33,200.4,200.0,200.5,500.0,500.0,0.0,0.0,0.0,0.3,0.31
40.3,177.5,6.19,29.8,34,200.4,200.0,200.5,500.0,500.0,0.0,0.0,0.0,0.3,0.33
38.3,177.4,6.19,29.6,35,200.4,200.0,200.5,500.0,500.0,0.0,0.0,0.0,0.3,0.35
36.1,177.4,6.19,29.6,36,200.2,200.0,200.4,500.0,500.0,0.0,0.0,0.0,0.3,0.37
35.8,177.4,6.19,29.6,37,200.2,200.0,200.4,500.0,500.0,0.0,0.0,0.0,0.3,0.39
32.8,177.5,6.19,29.8,38,200.2,200.0,200.4,500.0,500.0,0.0,0.0,0.0,0.3,0.41
32.3,177.6,6.19,29.6,39,200.2,200.0,200.4,500.0,500.0,0.0,0.0,0.0,0.3,0.42
28.2,177.6,6.19,29.8,40,200.2,200.0,200.4,500.0,500.0,0.0,0.0,0.0,0.3,0.44
26.9,177.6,6.19,29.8,41,200.0,200.0,200.2,500.0,500.0,0.0,0.0,0.0,0.3,0.45
24.5,177.6,6.19,29.8,42,200.0,200.0,200.1,500.0,500.0,0.0,0.0,0.0,0.3,0.46
24.5,177.6,6.19,29.8,43,200.0,200.0,200.1,500.0,500.0,0.0,0.0,0.0,0.3,0.47
22.6,177.8,6.19,30.0,44,200.0,200.0,200.1,500.0,500.0,0.0,0.0,0.0,0.3,0.48
22.3,178.0,6.19,30.0,45,200.0,200.0,200.0,500.0,500.0,0.0,0.0,0.0,0.3,0.50
20.8,178.2,6.19,30.0,46,200.0,199.8,200.0,500.0,500.0,0.0,0.0,0.0,0.3,0.51
20.6,178.4,6.19,29.8,47,200.0,199.8,200.0,500.0,500.0,0.0,0.0,0.0,0.3,0.52
19.2,178.6,6.19,29.8,48,200.0,199.8,200.0,500.0,500.0,0.0,0.0,0.0,0.3,0.53
18.2,178.7,6.19,29.8,49,200.0,199.8,200.0,500.0,500.0,0.0,0.0,0.0,0.3,0.53
17.6,178.9,6.19,29.8,50,200.0,199.8,200.0,500.0,500.0,0.0,0.0,0.0,0.3,0.54
17.0,179.2,6.19,29.6,51,200.0,199.8,200.0,500.0,500.0,0.0,0.0,0.0,0.3,0.55
15.9,179.4,6.19,29.8,52,200.0,199.8,200.0,500.0,500.0,0.0,0.0,0.0,0.3,0.56
15.4,179.7,6.19,29.8,53,200.0,199.8,200.0,500.0,500.0,0.0,0.0,0.0,0.3,0.57
14.8,180.0,6.19,29.8,54,200.0,199.8,200.0,500.0,500.0,0.0,0.0,0.0,0.3,0.57
13.9,180.2,6.19,29.6,55,200.0,199.8,200.0,500.0,500.0,0.0,0.0,0.0,0.3,0.58
13.5,180.5,6.19,29.8,56,200.0,199.8,200.0,500.0,500.0,0.0,0.0,0.0,0.3,0.59
12.9,180.8,6.19,29.8,57,200.0,199.9,200.0,500.0,500.0,0.0,0.0,0.0,0.3,0.59
12.4,181.1,6.19,29.8,58,200.0,200.0,200.0,500.0,500.0,0.0,0.0,0.0,0.3,0.60
12.1,181.4,6.19,29.8,59,200.0,200.0,200.0,500.0,500.0,0.0,0.0,0.0,0.3,0.61
12.1,181.6,6.19,29.8,60,200.0,200.0,200.0,500.0,500.0,0.0,0.0,0.0,0.3,0.61
11.7,181.9,6.19,29.8,61,200.0,200.0,200.0,500.0,500.0,0.0,0.0,0.0,0.3,0.62
11.6,182.1,6.19,29.8,62,200.0,200.0,200.0,500.0,500.0,0.0,0.0,0.0,0.3,0.62
11.3,182.3,6.19,29.8,63,200.0,200.0,200.0,500.0,500.0,0.0,0.0,0.0,0.3,0.63
11.1,182.6,6.19,29.8,64,200.0,200.0,200.0,500.0,500.0,0.0,0.0,0.0,0.3,0.64
10.5,182.8,6.19,29.8,65,200.0,200.0,200.0,500.0,500.0,0.0,0.0,0.0,0.3,0.64
10.3,183.1,6.19,29.8,66,200.0,200.0,200.0,500.0,500.0,0.0,0.0,0.0,0.3,0.65
10.0,183.4,6.19,29.8,67,200.0,200.0,200.0,500.0,500.0,0.0,0.0,0.0,0.3,0.65
9.8,183.7,6.19,29.8,68,200.0,200.0,200.0,500.0,500.0,0.0,0.0,0.0,0.3,0.66
9.3,184.0,6.19,29.6,69,200.0,200.0,200.0,500.0,500.0,0.0,0.0,0.0,0.3,0.66
9.2,184.1,6.19,29.8,70,200.0,200.0,200.0,500.0,500.0,0.0,0.0,0.0,0.3,0.66
8.9,184.3,6.19,29.8,71,200.0,200.0,200.0,500.0,500.0,0.0,0.0,0.0,0.3,0.67
8.5,184.5,6.19,29.8,72,200.0,200.0,200.0,500.0,500.0,0.0,0.0,0.0,0.3,0.67
8.3,184.7,6.19,29.8,73,200.0,200.0,200.0,500.0,500.0,0.0,0.0,0.0,0.3,0.68
8.2,184.9,6.19,29.8,74,200.0,200.1,200.0,500.0,500.0,0.0,0.0,0.0,0.3,0.68
7.9,185.1,6.19,29.8,75,200.0,200.2,200.0,500.0,500.0,0.0,0.0,0.0,0.3,0.69
7.7,185.3,6.19,29.8,76,200.0,200.2,200.0,500.0,500.0,0.0,0.0,0.0,0.3,0.69
7.6,185.5,6.19,29.8,77,200.0,200.2,200.0,500.0,500.0,0.0,0.0,0.0,0.3,0.69
7.5,185.6,6.19,29.8,78,200.0,200.3,200.0,500.0,500.0,0.0,0.0,0.0,0.3,0.70
7.3,185.8,6.19,29.8,79,200.0,200.3,200.0,500.0,500.0,0.0,0.0,0.0,0.3,0.70
7.2,186.0,6.19,29.8,80,200.0,200.3,200.0,500.0,500.0,0.0,0.0,0.0,0.3,0.70
7.0,186.1,6.19,29.8,81,200.0,200.3,200.0,500.0,500.0,0.0,0.0,0.0,0.3,0.71
6.7,186.4,6.19,29.8,82,200.0,200.2,200.0,500.0,500.0,0.0,0.0,0.0,0.3,0.71
6.4,186.7,6.19,29.8,83,200.0,200.1,200.0,500.0,500.0,0.0,0.0,0.0,0.3,0.71
6.3,187.0,6.19,29.8,84,200.0,200.1,200.0,500.0,500.0,0.0,0.0,0.0,0.3,0.72
6.2,187.3,6.19,29.8,85,200.0,200.1,200.0,500.0,500.0,0.0,0.0,0.0,0.3,0.72
6.1,187.5,6.19,29.8,86,200.0,200.0,200.0,500.0,500.0,0.0,0.0,0.0,0.3,0.72
6.1,187.6,6.19,29.8,87,200.0,200.0,200.1,500.0,500.0,0.0,0.0,0.0,0.3,0.73
6.0,187.8,6.19,29.6,88,200.0,200.0,200.1,500.0,500.0,0.0,0.0,0.0,0.3,0.73
5.8,188.0,6.19,29.8,89,200.0,200.0,200.1,500.0,500.0,0.0,0.0,0.0,0.3,0.73
5.7,188.2,6.19,29.8,90,200.1,200.0,200.1,500.0,500.0,0.0,0.0,0.0,0.3,0.74
5.5,188.4,6.19,29.8,91,200.1,200.0,200.2,500.0,500.0,0.0,0.0,0.0,0.3,0.74
5.4,188.6,6.19,29.6,92,200.1,200.0,200.3,500.0,500.0,0.0,0.0,0.0,0.3,0.74
5.3,188.8,6.19,29.6,93,200.1,200.0,200.3,500.0,500.0,0.0,0.0,0.0,0.3,0.74
5.3,189.0,6.19,29.4,94,200.2,200.0,200.3,500.0,500.0,0.0,0.0,0.0,0.3,0.75
5.3,189.2,6.19,29.4,95,200.3,200.0,200.3,500.0,500.0,0.0,0.0,0.0,0.3,0.75
5.3,189.4,6.19,29.4,96,200.3,200.0,200.4,500.0,500.0,0.0,0.0,0.0,0.3,0.75
5.2,189.6,6.19,29.6,97,200.3,200.0,200.5,500.0,500.0,0.0,0.0,0.0,0.3,0.75
5.2,189.8,6.19,29.6,98,200.3,200.0,200.5,500.0,500.0,0.0,0.0,0.0,0.3,0.76
5.1,190.0,6.19,29.8,99,200.3,200.0,200.5,500.0,500.0,0.0,0.0,0.0,0.3,0.76
5.1,190.1,6.19,29.8,100,200.3,199.9,200.5,500.0,500.0,0.0,0.0,0.0,0.3,0.76
5.0,190.2,6.19,29.8,101,200.4,199.9,200.5,500.0,500.0,0.0,0.0,0.0,0.3,0.76
5.0,190.3,6.19,29.8,102,200.4,199.9,200.5,500.0,500.0,0.0,0.0,0.0,0.3,0.77
4.9,190.4,6.19,30.0,103,200.4,199.9,200.6,500.0,500.0,0.0,0.0,0.0,0.3,0.77
4.8,190.5,6.19,29.8,104,200.4,199.9,200.6,500.0,500.0,0.0,0.0,0.0,0.3,0.77
4.8,190.7,6.19,29.8,105,200.4,199.9,200.6,500.0,500.0,0.0,0.0,0.0,0.3,0.77
4.8,190.9,6.19,29.8,106,200.5,199.9,200.6,500.0,500.0,0.0,0.0,0.0,0.3,0.78
4.8,191.0,6.19,29.8,107,200.6,199.9,200.7,500.0,500.0,0.0,0.0,0.0,0.3,0.78
4.8,191.2,6.19,29.6,108,200.6,200.0,200.8,500.0,500.0,0.0,0.0,0.0,0.3,0.78
4.8,191.3,6.19,29.8,109,200.6,200.0,200.8,500.0,500.0,0.0,0.0,0.0,0.3,0.78
4.8,191.5,6.19,29.8,110,200.6,200.0,200.8,500.0,500.0,0.0,0.0,0.0,0.3,0.79
4.8,191.6,6.19,29.8,111,200.6,200.0,200.8,500.0,500.0,0.0,0.0,0.0,0.3,0.79
4.8,191.8,6.19,29.8,112,200.6,200.0,200.8,500.0,500.0,0.0,0.0,0.0,0.3,0.79
4.7,191.9,6.19,30.0,113,200.7,200.0,200.8,500.0,500.0,0.0,0.0,0.0,0.3,0.79
4.7,192.1,6.19,29.8,114,200.7,200.0,200.8,500.0,500.0,0.0,0.0,0.0,0.3,0.79
4.6,192.2,6.19,29.8,115,200.7,200.0,200.8,500.0,500.0,0.0,0.0,0.0,0.3,0.80
4.6,192.3,6.19,29.8,116,200.7,200.0,200.9,500.0,500.0,0.0,0.0,0.0,0.3,0.80
4.6,192.5,6.19,29.8,117,200.7,200.0,200.9,500.0,500.0,0.0,0.0,0.0,0.3,0.80
4.6,192.6,6.19,29.6,118,200.7,200.0,200.9,500.0,500.0,0.0,0.0,0.0,0.3,0.80
4.6,192.7,6.19,30.0,119,200.8,200.1,200.9,500.0,500.0,0.0,0.0,0.0,0.3,0.81
4.6,192.8,6.19,29.8,120,200.8,200.1,200.9,500.0,500.0,0.0,0.0,0.0,0.3,0.81
4.7,192.9,6.19,29.8,121,200.8,200.1,200.9,500.0,500.0,0.0,0.0,0.0,0.3,0.81
4.7,193.0,6.19,29.8,122,200.8,200.2,200.9,500.0,500.0,0.0,0.0,0.0,0.3,0.81
4.7,193.2,6.19,30.0,123,200.8,200.3,200.9,500.0,500.0,0.0,0.0,0.0,0.3,0.82
4.6,193.3,6.19,29.6,124,200.8,200.4,200.9,500.0,500.0,0.0,0.0,0.0,0.3,0.82
4.6,193.4,6.19,29.8,125,200.8,200.4,200.9,500.0,500.0,0.0,0.0,0.0,0.3,0.82
4.5,193.5,6.19,29.8,126,200.8,200.4,200.8,500.0,500.0,0.0,0.0,0.0,0.3,0.82
4.5,193.6,6.19,29.8,127,200.8,200.4,200.8,500.0,500.0,0.0,0.0,0.0,0.3,0.82
4.5,193.7,6.19,29.8,128,200.8,200.4,200.8,500.0,500.0,0.0,0.0,0.0,0.3,0.83
4.5,193.8,6.19,30.0,129,200.8,200.4,200.8,500.0,500.0,0.0,0.0,0.0,0.3,0.83
4.5,193.9,6.19,29.8,130,200.8,200.4,200.8,500.0,500.0,0.0,0.0,0.0,0.3,0.83
4.5,194.0,6.19,29.8,131,200.8,200.4,200.7,500.0,500.0,0.0,0.0,0.0,0.3,0.83
4.5,194.1,6.19,29.8,132,200.8,200.4,200.7,500.0,500.0,0.0,0.0,0.0,0.3,0.84
4.5,194.2,6.19,29.8,133,200.8,200.4,200.7,500.0,500.0,0.0,0.0,0.0,0.3,0.84
4.5,194.3,6.19,29.6,134,200.8,200.4,200.7,500.0,500.0,0.0,0.0,0.0,0.3,0.84
4.5,194.3,6.19,29.8,135,200.8,200.3,200.7,500.0,500.0,0.0,0.0,0.0,0.3,0.84
4.5,194.4,6.19,29.8,136,200.8,200.1,200.7,500.0,500.0,0.0,0.0,0.0,0.3,0.84
4.4,194.5,6.19,29.8,137,200.8,200.1,200.6,500.0,500.0,0.0,0.0,0.0,0.3,0.85
4.4,194.6,6.19,29.6,138,200.8,200.1,200.5,500.0,500.0,0.0,0.0,0.0,0.3,0.85
4.4,194.7,6.19,30.0,139,200.8,200.1,200.5,500.0,500.0,0.0,0.0,0.0,0.3,0.85
4.4,194.7,6.19,29.8,140,200.8,200.0,200.5,500.0,500.0,0.0,0.0,0.0,0.3,0.85
4.4,194.8,6.19,29.8,141,200.8,200.0,200.5,500.0,500.0,0.0,0.0,0.0,0.3,0.86
4.4,194.9,6.19,29.8,142,200.7,200.0,200.5,500.0,500.0,0.0,0.0,0.0,0.3,0.86
4.4,195.0,6.19,30.0,143,200.7,200.0,200.4,500.0,500.0,0.0,0.0,0.0,0.3,0.86
4.4,195.1,6.19,29.6,144,200.7,200.0,200.3,500.0,500.0,0.0,0.0,0.0,0.3,0.86
4.4,195.1,6.19,29.8,145,200.7,200.0,200.3,500.0,500.0,0.0,0.0,0.0,0.3,0.86
4.4,195.2,6.19,29.8,146,200.7,200.0,200.3,500.0,500.0,0.0,0.0,0.0,0.3,0.87
4.4,195.3,6.19,29.8,147,200.7,200.0,200.3,500.0,500.0,0.0,0.0,0.0,0.3,0.87
4.4,195.4,6.19,29.6,148,200.7,200.0,200.3,500.0,500.0,0.0,0.0,0.0,0.3,0.87
4.4,195.4,6.19,30.0,149,200.7,200.0,200.3,500.0,500.0,0.0,0.0,0.0,0.3,0.87
4.4,195.5,6.19,29.8,150,200.6,200.0,200.1,500.0,500.0,0.0,0.0,0.0,0.3,0.88
4.4,195.6,6.19,29.8,151,200.6,200.0,200.1,500.0,500.0,0.0,0.0,0.0,0.3,0.88
4.4,195.7,6.19,29.8,152,200.6,200.0,200.1,500.0,500.0,0.0,0.0,0.0,0.3,0.88
4.4,195.7,6.19,30.0,153,200.6,200.0,200.1,500.0,500.0,0.0,0.0,0.0,0.3,0.88
4.4,195.8,6.19,29.6,154,200.6,199.9,200.1,500.0,500.0,0.0,0.0,0.0,0.3,0.88
4.4,195.9,6.19,29.8,155,200.5,199.9,200.0,500.0,500.0,0.0,0.0,0.0,0.3,0.89
4.4,195.9,6.19,29.8,156,200.5,200.0,200.0,500.0,500.0,0.0,0.0,0.0,0.3,0.89
4.4,196.0,6.19,29.8,157,200.5,200.0,200.0,500.0,500.0,0.0,0.0,0.0,0.3,0.89
4.4,196.0,6.19,29.8,158,200.5,200.0,200.0,500.0,500.0,0.0,0.0,0.0,0.3,0.89
4.4,196.1,6.19,30.0,159,200.5,200.0,200.0,500.0,500.0,0.0,0.0,0.0,0.3,0.89
4.4,196.2,6.19,29.8,160,200.5,200.0,200.0,500.0,500.0,0.0,0.0,0.0,0.3,0.90
4.4,196.2,6.19,29.8,161,200.5,200.0,200.0,500.0,500.0,0.0,0.0,0.0,0.3,0.90
4.4,196.3,6.19,29.8,162,200.4,200.0,200.0,500.0,500.0,0.0,0.0,0.0,0.3,0.90
4.4,196.4,6.19,29.8,163,200.4,200.0,200.0,500.0,500.0,0.0,0.0,0.0,0.3,0.90
4.4,196.4,6.19,29.6,164,200.4,200.0,200.0,500.0,500.0,0.0,0.0,0.0,0.3,0.91
4.4,196.4,6.19,29.8,165,200.4,200.0,200.0,500.0,500.0,0.0,0.0,0.0,0.3,0.91
4.4,196.4,6.19,29.8,166,200.4,200.0,200.0,500.0,500.0,0.0,0.0,0.0,0.3,0.91
4.4,196.5,6.19,29.8,167,200.4,200.0,200.0,500.0,500.0,0.0,0.0,0.0,0.3,0.91
4.4,196.5,6.19,29.8,168,200.4,200.0,200.0,500.0,500.0,0.0,0.0,0.0,0.3,0.91
4.4,196.6,6.19,29.8,169,200.4,200.0,200.0,500.0,500.0,0.0,0.0,0.0,0.3,0.92
4.4,196.7,6.19,29.8,170,200.3,200.0,200.0,500.0,500.0,0.0,0.0,0.0,0.3,0.92
4.4,196.7,6.18,29.8,171,200.3,200.1,200.0,500.0,500.0,0.0,0.0,0.0,0.3,0.92
4.3,196.8,6.18,29.8,172,200.3,200.1,200.0,500.0,500.0,0.0,0.0,0.0,0.3,0.92
4.3,196.8,6.19,29.8,173,200.3,200.1,200.0,500.0,500.0,0.0,0.0,0.0,0.3,0.93
4.3,196.8,6.19,29.8,174,200.3,200.1,200.0,500.0,500.0,0.0,0.0,0.0,0.3,0.93
4.3,196.9,6.19,29.8,175,200.3,200.2,200.0,500.0,500.0,0.0,0.0,0.0,0.3,0.93
4.3,197.0,6.19,29.8,176,200.3,200.3,200.0,500.0,500.0,0.0,0.0,0.0,0.3,0.93
4.3,197.0,6.19,29.8,177,200.3,200.3,200.0,500.0,500.0,0.0,0.0,0.0,0.3,0.93
4.3,197.1,6.19,29.6,178,200.3,200.3,200.0,500.0,500.0,0.0,0.0,0.0,0.3,0.94
4.3,197.1,6.19,29.8,179,200.3,200.3,200.0,500.0,500.0,0.0,0.0,0.0,0.3,0.94
4.2,197.2,6.19,29.8,180,200.3,200.4,200.0,500.0,500.0,0.0,0.0,0.0,0.3,0.94
4.3,197.2,6.19,29.8,181,200.3,200.4,200.0,500.0,500.0,0.0,0.0,0.0,0.3,0.94
4.3,197.2,6.19,29.8,182,200.3,200.4,200.0,500.0,500.0,0.0,0.0,0.0,0.3,0.94
4.3,197.3,6.19,29.8,183,200.3,200.4,200.0,500.0,500.0,0.0,0.0,0.0,0.3,0.95
4.3,197.4,6.19,29.8,184,200.3,200.3,200.0,500.0,500.0,0.0,0.0,0.0,0.3,0.95
4.3,197.4,6.19,29.8,185,200.3,200.2,200.0,500.0,500.0,0.0,0.0,0.0,0.3,0.95
4.3,197.5,6.19,29.8,186,200.3,200.2,200.0,500.0,500.0,0.0,0.0,0.0,0.3,0.95
4.3,197.5,6.19,29.8,187,200.3,200.2,200.0,500.0,500.0,0.0,0.0,0.0,0.3,0.96
4.3,197.6,6.19,29.8,188,200.3,200.0,200.0,500.0,500.0,0.0,0.0,0.0,0.3,0.96
4.3,197.6,6.19,29.8,189,200.3,200.0,200.0,500.0,500.0,0.0,0.0,0.0,0.3,0.96
4.2,197.7,6.19,29.8,190,200.3,200.0,200.0,500.0,500.0,0.0,0.0,0.0,0.3,0.96
4.2,197.8,6.19,29.8,191,200.3,200.0,200.0,500.0,500.0,0.0,0.0,0.0,0.3,0.96
4.2,197.8,6.19,29.8,192,200.3,200.0,200.0,500.0,500.0,0.0,0.0,0.0,0.3,0.97
4.2,197.8,6.19,29.8,193,200.4,200.0,200.0,500.0,500.0,0.0,0.0,0.0,0.3,0.97
4.2,197.9,6.19,29.8,194,200.4,200.0,200.0,500.0,500.0,0.0,0.0,0.0,0.3,0.97
4.2,197.9,6.19,29.8,195,200.4,200.0,200.0,500.0,500.0,0.0,0.0,0.0,0.3,0.97
4.1,197.9,6.19,29.8,196,200.4,200.0,200.0,500.0,500.0,0.0,0.0,0.0,0.3,0.97
4.2,198.0,6.19,29.8,197,200.4,200.0,200.0,500.0,500.0,0.0,0.0,0.0,0.3,0.98
4.2,198.0,6.19,29.8,198,200.4,200.0,200.0,500.0,500.0,0.0,0.0,0.0,0.3,0.98
4.2,198.0,6.19,29.6,199,200.4,200.0,200.0,500.0,500.0,0.0,0.0,0.0,0.3,0.98
4.2,198.1,6.19,29.6,200,200.4,200.0,200.0,500.0,500.0,0.0,0.0,0.0,0.3,0.98
4.2,198.1,6.19,29.6,201,200.4,200.0,200.0,500.0,500.0,0.0,0.0,0.0,0.3,0.98
4.1,198.2,6.19,29.6,202,200.4,200.0,200.1,500.0,500.0,0.0,0.0,0.0,0.3,0.99
4.1,198.2,6.19,29.8,203,200.4,200.0,200.1,500.0,500.0,0.0,0.0,0.0,0.3,0.99
4.1,198.3,6.19,29.8,204,200.4,200.0,200.1,500.0,500.0,0.0,0.0,0.0,0.3,0.99
4.1,198.3,6.19,29.8,205,200.4,199.8,200.2,500.0,500.0,0.0,0.0,0.0,0.3,0.99
4.1,198.3,6.19,29.8,206,200.4,199.8,200.2,500.0,500.0,0.0,0.0,0.0,0.3,0.99
4.1,198.4,6.19,29.8,207,200.4,199.8,200.2,500.0,500.0,0.0,0.0,0.0,0.3,1.00
4.1,198.4,6.19,29.6,208,200.4,199.8,200.2,500.0,500.0,0.0,0.0,0.0,0.3,1.00
4.2,198.4,6.19,29.8,209,200.4,199.8,200.2,500.0,500.0,0.0,0.0,0.0,0.3,1.00
4.2,198.5,6.19,29.8,210,200.4,199.8,200.2,500.0,500.0,0.0,0.0,0.0,0.3,1.00
4.2,198.5,6.18,29.8,211,200.4,199.8,200.3,500.0,500.0,0.0,0.0,0.0,0.3,1.00
4.2,198.6,6.18,29.8,212,200.4,199.8,200.3,500.0,500.0,0.0,0.0,0.0,0.3,1.01
4.2,198.6,6.18,29.8,213,200.4,199.8,200.3,500.0,500.0,0.0,0.0,0.0,0.3,1.01
4.2,198.7,6.18,29.8,214,200.4,199.9,200.3,500.0,500.0,0.0,0.0,0.0,0.3,1.01
4.1,198.7,6.18,29.8,215,200.4,200.0,200.3,500.0,500.0,0.0,0.0,0.0,0.3,1.01
4.1,198.8,6.19,29.8,216,200.4,200.0,200.4,500.0,500.0,0.0,0.0,0.0,0.3,1.01
4.0,198.8,6.19,29.6,217,200.4,200.0,200.4,500.0,500.0,0.0,0.0,0.0,0.3,1.02
4.0,198.8,6.19,29.8,218,200.4,200.0,200.4,500.0,500.0,0.0,0.0,0.0,0.3,1.02
4.0,198.8,6.19,29.8,219,200.5,200.0,200.4,500.0,500.0,0.0,0.0,0.0,0.3,1.02
4.0,198.9,6.18,29.8,220,200.5,200.0,200.4,500.0,500.0,0.0,0.0,0.0,0.3,1.02
4.0,198.9,6.18,29.8,221,200.5,200.0,200.4,500.0,500.0,0.0,0.0,0.0,0.3,1.02
4.0,198.9,6.19,29.8,222,200.5,200.0,200.4,500.0,500.0,0.0,0.0,0.0,0.3,1.03
4.1,199.0,6.19,29.8,223,200.5,200.0,200.5,500.0,500.0,0.0,0.0,0.0,0.3,1.03
4.0,199.0,6.19,29.8,224,200.5,200.0,200.5,500.0,500.0,0.0,0.0,0.0,0.3,1.03
4.0,199.0,6.19,29.8,225,200.5,200.0,200.5,500.0,500.0,0.0,0.0,0.0,0.3,1.03
4.0,199.1,6.19,29.8,226,200.5,200.0,200.5,500.0,500.0,0.0,0.0,0.0,0.3,1.03
4.0,199.2,6.19,29.8,227,200.5,200.0,200.5,500.0,500.0,0.0,0.0,0.0,0.3,1.04
4.0,199.2,6.19,29.8,228,200.5,200.0,200.5,500.0,500.0,0.0,0.0,0.0,0.3,1.04
4.0,199.2,6.19,29.8,229,200.5,200.1,200.5,500.0,500.0,0.0,0.0,0.0,0.3,1.04
4.0,199.2,6.19,29.8,230,200.5,200.2,200.5,500.0,500.0,0.0,0.0,0.0,0.3,1.04
4.0,199.3,6.19,29.6,231,200.5,200.2,200.5,500.0,500.0,0.0,0.0,0.0,0.3,1.04
4.0,199.3,6.19,29.8,232,200.5,200.2,200.5,500.0,500.0,0.0,0.0,0.0,0.3,1.05
4.0,199.3,6.19,29.8,233,200.5,200.2,200.5,500.0,500.0,0.0,0.0,0.0,0.3,1.05
4.0,199.4,6.19,29.8,234,200.5,200.3,200.5,500.0,500.0,0.0,0.0,0.0,0.3,1.05
4.1,199.4,6.19,29.8,235,200.5,200.3,200.5,500.0,500.0,0.0,0.0,0.0,0.3,1.05
4.0,199.4,6.19,30.0,236,200.5,200.3,200.5,500.0,500.0,0.0,0.0,0.0,0.3,1.05
4.0,199.5,6.19,29.8,237,200.5,200.3,200.5,500.0,500.0,0.0,0.0,0.0,0.3,1.06
4.0,199.5,6.19,29.8,238,200.5,200.3,200.5,500.0,500.0,0.0,0.0,0.0,0.3,1.06
3.9,199.5,6.19,29.8,239,200.5,200.3,200.5,500.0,500.0,0.0,0.0,0.0,0.3,1.06
3.9,199.6,6.19,29.8,240,200.5,200.2,200.4,500.0,500.0,0.0,0.0,0.0,0.3,1.06
4.0,199.6,6.19,29.6,241,200.5,200.0,200.4,500.0,500.0,0.0,0.0,0.0,0.3,1.06
3.9,199.6,6.19,29.8,242,200.5,200.0,200.4,500.0,500.0,0.0,0.0,0.0,0.3,1.07
4.0,199.7,6.19,29.8,243,200.5,200.0,200.4,500.0,500.0,0.0,0.0,0.0,0.3,1.07
4.0,199.8,6.19,29.8,244,200.5,200.0,200.4,500.0,500.0,0.0,0.0,0.0,0.3,1.07
4.1,199.8,6.19,29.6,245,200.6,200.0,200.4,500.0,500.0,0.0,0.0,0.0,0.3,1.07
4.0,199.8,6.19,30.0,246,200.7,200.0,200.4,500.0,500.0,0.0,0.0,0.0,0.3,1.07
4.1,199.9,6.19,29.8,247,200.7,200.0,200.4,500.0,500.0,0.0,0.0,0.0,0.3,1.08
4.0,199.9,6.19,29.8,248,200.7,200.0,200.4,500.0,500.0,0.0,0.0,0.0,0.3,1.08
4.0,199.9,6.19,29.8,249,200.7,200.0,200.4,500.0,500.0,0.0,0.0,0.0,0.3,1.08
3.9,200.0,6.19,30.0,250,200.7,200.0,200.4,500.0,500.0,0.0,0.0,0.0,0.3,1.08
3.9,200.0,6.19,29.6,251,200.7,200.0,200.4,500.0,500.0,0.0,0.0,0.0,0.3,1.08
3.9,200.0,6.19,29.8,252,200.7,200.0,200.3,500.0,500.0,0.0,0.0,0.0,0.3,1.09
4.0,200.1,6.19,29.8,253,200.7,200.0,200.3,500.0,500.0,0.0,0.0,0.0,0.3,1.09
3.9,200.1,6.19,29.8,254,200.7,200.0,200.3,500.0,500.0,0.0,0.0,0.0,0.3,1.09
4.0,200.1,6.19,29.6,255,200.7,200.0,200.3,500.0,500.0,0.0,0.0,0.0,0.3,1.09
4.0,200.1,6.19,29.8,256,200.7,200.0,200.3,500.0,500.0,0.0,0.0,0.0,0.3,1.09
4.0,200.1,6.19,29.8,257,200.7,200.0,200.2,500.0,500.0,0.0,0.0,0.0,0.3,1.10
4.0,200.2,6.19,29.8,258,200.7,200.0,200.2,500.0,500.0,0.0,0.0,0.0,0.3,1.10
4.0,200.2,6.19,29.8,259,200.6,200.0,200.2,500.0,500.0,0.0,0.0,0.0,0.3,1.10
4.0,200.2,6.19,30.0,260,200.6,200.0,200.2,500.0,500.0,0.0,0.0,0.0,0.3,1.10
4.0,200.2,6.19,29.8,261,200.6,199.9,200.2,500.0,500.0,0.0,0.0,0.0,0.3,1.10
4.0,200.2,6.19,29.8,262,200.6,199.9,200.2,500.0,500.0,0.0,0.0,0.0,0.3,1.11
3.9,200.2,6.19,29.8,263,200.6,199.9,200.0,500.0,500.0,0.0,0.0,0.0,0.3,1.11
3.9,200.3,6.19,29.8,264,200.6,199.9,200.0,500.0,500.0,0.0,0.0,0.0,0.3,1.11
3.9,200.3,6.19,29.6,265,200.6,199.9,200.0,500.0,500.0,0.0,0.0,0.0,0.3,1.11
3.9,200.3,6.19,29.8,266,200.6,199.9,200.0,500.0,500.0,0.0,0.0,0.0,0.3,1.11
3.9,200.4,6.19,29.8,267,200.6,199.9,200.0,500.0,500.0,0.0,0.0,0.0,0.3,1.12
3.9,200.4,6.19,29.8,268,200.6,200.0,200.0,500.0,500.0,0.0,0.0,0.0,0.3,1.12
3.9,200.4,6.19,29.8,269,200.6,200.0,200.0,500.0,500.0,0.0,0.0,0.0,0.3,1.12
3.9,200.4,6.19,30.0,270,200.6,200.0,200.0,500.0,500.0,0.0,0.0,0.0,0.3,1.12
3.9,200.4,6.19,29.8,271,200.6,200.0,200.0,500.0,500.0,0.0,0.0,0.0,0.3,1.12
3.9,200.4,6.19,29.8,272,200.6,200.0,200.0,500.0,500.0,0.0,0.0,0.0,0.3,1.13
3.9,200.5,6.19,29.8,273,200.5,200.0,200.0,500.0,500.0,0.0,0.0,0.0,0.3,1.13
3.9,200.5,6.19,29.8,274,200.5,200.0,200.0,500.0,500.0,0.0,0.0,0.0,0.3,1.13
3.9,200.5,6.18,29.6,275,200.5,200.0,200.0,500.0,500.0,0.0,0.0,0.0,0.3,1.13
3.9,200.5,6.18,29.8,276,200.5,200.0,200.0,500.0,500.0,0.0,0.0,0.0,0.3,1.13
3.9,200.6,6.19,29.8,277,200.5,200.0,200.0,500.0,500.0,0.0,0.0,0.0,0.3,1.14
4.0,200.6,6.19,29.8,278,200.5,200.0,200.0,500.0,500.0,0.0,0.0,0.0,0.3,1.14
3.9,200.6,6.19,29.6,279,200.5,200.0,200.0,500.0,500.0,0.0,0.0,0.0,0.3,1.14
4.0,200.6,6.19,30.0,280,200.5,200.0,200.0,500.0,500.0,0.0,0.0,0.0,0.3,1.14
3.9,200.6,6.19,29.8,281,200.5,200.0,200.0,500.0,500.0,0.0,0.0,0.0,0.3,1.14
3.9,200.6,6.19,29.8,282,200.5,200.1,200.0,500.0,500.0,0.0,0.0,0.0,0.3,1.15
3.9,200.7,6.19,29.8,283,200.5,200.1,200.0,500.0,500.0,0.0,0.0,0.0,0.3,1.15
3.9,200.7,6.19,30.0,284,200.4,200.1,200.0,500.0,500.0,0.0,0.0,0.0,0.3,1.15
3.9,200.7,6.19,29.6,285,200.4,200.1,200.0,500.0,500.0,0.0,0.0,0.0,0.3,1.15
3.9,200.7,6.19,29.8,286,200.4,200.1,200.0,500.0,500.0,0.0,0.0,0.0,0.3,1.15
3.9,200.7,6.19,29.8,287,200.4,200.1,200.0,500.0,500.0,0.0,0.0,0.0,0.3,1.15
3.9,200.7,6.19,29.8,288,200.4,200.1,200.0,500.0,500.0,0.0,0.0,0.0,0.3,1.16
3.9,200.8,6.19,29.6,289,200.4,200.1,200.0,500.0,500.0,0.0,0.0,0.0,0.3,1.16
3.9,200.8,6.19,29.8,290,200.4,200.1,200.0,500.0,500.0,0.0,0.0,0.0,0.3,1.16
3.9,200.8,6.19,29.8,291,200.4,200.1,200.0,500.0,500.0,0.0,0.0,0.0,0.3,1.16
3.9,200.8,6.19,29.8,292,200.4,200.1,200.0,500.0,500.0,0.0,0.0,0.0,0.3,1.16
3.9,200.8,6.19,29.8,293,200.4,200.1,200.0,500.0,500.0,0.0,0.0,0.0,0.3,1.17
3.9,200.8,6.19,30.0,294,200.4,200.0,200.0,500.0,500.0,0.0,0.0,0.0,0.3,1.17
3.9,200.8,6.19,29.8,295,200.4,200.0,200.0,500.0,500.0,0.0,0.0,0.0,0.3,1.17
3.9,200.9,6.19,29.8,296,200.4,200.0,200.0,500.0,500.0,0.0,0.0,0.0,0.3,1.17
3.9,200.9,6.18,29.8,297,200.4,200.0,200.0,500.0,500.0,0.0,0.0,0.0,0.3,1.17
3.9,200.9,6.19,29.8,298,200.4,200.0,200.0,500.0,500.0,0.0,0.0,0.0,0.3,1.18
3.9,200.9,6.19,29.6,299,200.3,200.0,200.0,500.0,500.0,0.0,0.0,0.0,0.3,1.18
3.9,200.9,6.19,30.0,300,200.3,200.0,200.0,500.0,500.0,0.0,0.0,0.0,0.3,1.18
3.9,200.9,6.19,29.8,301,200.3,200.0,200.0,500.0,500.0,0.0,0.0,0.0,0.3,1.18
3.8,201.0,6.19,29.8,302,200.3,200.0,200.0,500.0,500.0,0.0,0.0,0.0,0.3,1.18
3.9,201.0,6.19,29.8,303,200.3,200.0,200.0,500.0,500.0,0.0,0.0,0.0,0.3,1.19
3.9,201.0,6.19,30.0,304,200.3,200.0,200.0,500.0,500.0,0.0,0.0,0.0,0.3,1.19
3.9,201.0,6.19,29.6,305,200.3,200.0,200.0,500.0,500.0,0.0,0.0,0.0,0.3,1.19
3.8,201.0,6.19,29.8,306,200.3,200.0,200.0,500.0,500.0,0.0,0.0,0.0,0.3,1.19
3.9,201.0,6.19,29.8,307,200.3,200.0,200.0,500.0,500.0,0.0,0.0,0.0,0.3,1.19
3.8,201.1,6.19,29.8,308,200.3,200.0,200.0,500.0,500.0,0.0,0.0,0.0,0.3,1.20
3.8,201.1,6.19,29.8,309,200.3,200.0,200.0,500.0,500.0,0.0,0.0,0.0,0.3,1.20
3.8,201.1,6.19,30.0,310,200.3,200.0,200.0,500.0,500.0,0.0,0.0,0.0,0.3,1.20
3.8,201.1,6.19,29.8,311,200.3,199.9,200.0,500.0,500.0,0.0,0.0,0.0,0.3,1.20
3.8,201.1,6.19,29.8,312,200.3,199.9,200.0,500.0,500.0,0.0,0.0,0.0,0.3,1.20
3.8,201.1,6.19,29.8,313,200.3,199.9,200.0,500.0,500.0,0.0,0.0,0.0,0.3,1.20
3.9,201.2,6.19,29.8,314,200.3,199.9,200.0,500.0,500.0,0.0,0.0,0.0,0.3,1.21
3.9,201.2,6.19,29.6,315,200.3,199.9,200.0,500.0,500.0,0.0,0.0,0.0,0.3,1.21
3.9,201.2,6.19,29.8,316,200.3,199.9,200.0,500.0,500.0,0.0,0.0,0.0,0.3,1.21
3.9,201.2,6.19,29.8,317,200.3,199.9,200.0,500.0,500.0,0.0,0.0,0.0,0.3,1.21
3.8,201.2,6.19,29.8,318,200.3,200.0,200.0,500.0,500.0,0.0,0.0,0.0,0.3,1.21
3.8,201.2,6.19,29.8,319,200.3,200.0,200.0,500.0,500.0,0.0,0.0,0.0,0.3,1.22
3.8,201.3,6.19,30.0,320,200.3,200.0,200.0,500.0,500.0,0.0,0.0,0.0,0.3,1.22
3.8,201.3,6.19,29.8,321,200.3,200.0,200.0,500.0,500.0,0.0,0.0,0.0,0.3,1.22
3.8,201.3,6.19,29.8,322,200.3,200.0,200.0,500.0,500.0,0.0,0.0,0.0,0.3,1.22
3.8,201.3,6.19,29.8,323,200.3,200.0,200.0,500.0,500.0,0.0,0.0,0.0,0.3,1.22
3.8,201.4,6.19,29.8,324,200.3,200.0,200.0,500.0,500.0,0.0,0.0,0.0,0.3,1.23
3.8,201.4,6.19,29.8,325,200.3,200.0,200.0,500.0,500.0,0.0,0.0,0.0,0.3,1.23
3.8,201.4,6.19,29.8,326,200.3,200.0,200.0,500.0,500.0,0.0,0.0,0.0,0.3,1.23
3.8,201.5,6.19,29.6,327,200.3,200.0,200.0,500.0,500.0,0.0,0.0,0.0,0.3,1.23
3.8,201.5,6.19,29.6,328,200.3,200.0,200.0,500.0,500.0,0.0,0.0,0.0,0.3,1.23
3.8,201.5,6.19,29.6,329,200.3,200.0,200.0,500.0,500.0,0.0,0.0,0.0,0.3,1.24
3.8,201.5,6.19,29.6,330,200.3,200.0,200.0,500.0,500.0,0.0,0.0,0.0,0.3,1.24
3.8,201.5,6.19,29.6,331,200.3,200.0,200.0,500.0,500.0,0.0,0.0,0.0,0.3,1.24
3.8,201.5,6.19,29.8,332,200.3,200.0,200.0,500.0,500.0,0.0,0.0,0.0,0.3,1.24
3.8,201.6,6.19,29.8,333,200.3,200.1,200.0,500.0,500.0,0.0,0.0,0.0,0.3,1.24
3.8,201.6,6.19,29.8,334,200.3,200.2,200.0,500.0,500.0,0.0,0.0,0.0,0.3,1.24
3.8,201.6,6.19,29.8,335,200.3,200.2,200.0,500.0,500.0,0.0,0.0,0.0,0.3,1.25
3.8,201.6,6.19,29.8,336,200.3,200.2,200.0,500.0,500.0,0.0,0.0,0.0,0.3,1.25
3.8,201.6,6.19,29.8,337,200.3,200.3,200.0,500.0,500.0,0.0,0.0,0.0,0.3,1.25
3.8,201.6,6.19,29.8,338,200.3,200.3,200.0,500.0,500.0,0.0,0.0,0.0,0.3,1.25
3.8,201.6,6.19,29.8,339,200.3,200.3,200.0,500.0,500.0,0.0,0.0,0.0,0.3,1.25
3.8,201.6,6.19,29.6,340,200.3,200.3,200.0,500.0,500.0,0.0,0.0,0.0,0.3,1.26
3.8,201.6,6.19,29.6,341,200.3,200.3,200.0,500.0,500.0,0.0,0.0,0.0,0.3,1.26
3.8,201.6,6.19,29.6,342,200.3,200.3,200.0,500.0,500.0,0.0,0.0,0.0,0.3,1.26
3.8,201.7,6.19,29.6,343,200.3,200.2,200.0,500.0,500.0,0.0,0.0,0.0,0.3,1.26
3.8,201.7,6.19,29.6,344,200.3,200.0,200.0,500.0,500.0,0.0,0.0,0.0,0.3,1.26
3.8,201.7,6.19,29.6,345,200.3,200.0,200.0,500.0,500.0,0.0,0.0,0.0,0.3,1.27
3.8,201.7,6.19,29.8,346,200.3,200.0,200.0,500.0,500.0,0.0,0.0,0.0,0.3,1.27
3.7,201.7,6.19,29.8,347,200.3,200.0,200.1,500.0,500.0,0.0,0.0,0.0,0.3,1.27
3.8,201.8,6.19,29.8,348,200.3,200.0,200.1,500.0,500.0,0.0,0.0,0.0,0.3,1.27
3.8,201.8,6.19,29.8,349,200.3,200.0,200.1,500.0,500.0,0.0,0.0,0.0,0.3,1.27
3.8,201.8,6.19,29.8,350,200.3,200.0,200.1,500.0,500.0,0.0,0.0,0.0,0.3,1.27
3.8,201.8,6.19,29.8,351,200.3,200.0,200.1,500.0,500.0,0.0,0.0,0.0,0.3,1.28
3.8,201.8,6.19,29.8,352,200.3,200.0,200.1,500.0,500.0,0.0,0.0,0.0,0.3,1.28
3.7,201.8,6.19,29.8,353,200.3,200.0,200.1,500.0,500.0,0.0,0.0,0.0,0.3,1.28
3.8,201.8,6.19,29.8,354,200.3,200.0,200.1,500.0,500.0,0.0,0.0,0.0,0.3,1.28
3.8,201.8,6.19,30.0,355,200.2,200.0,200.0,500.0,500.0,0.0,0.0,0.0,0.3,1.28
3.8,201.8,6.19,29.8,356,200.2,200.0,200.0,500.0,500.0,0.0,0.0,0.0,0.3,1.29
3.8,201.9,6.19,29.8,357,200.2,200.0,200.0,500.0,500.0,0.0,0.0,0.0,0.3,1.29
3.8,202.0,6.19,29.8,358,200.2,200.0,200.0,500.0,500.0,0.0,0.0,0.0,0.3,1.29
3.8,202.0,6.19,29.8,359,200.2,200.0,200.0,500.0,500.0,0.0,0.0,0.0,0.3,1.29
3.8,202.0,6.19,29.6,360,200.2,200.0,200.1,500.0,500.0,0.0,0.0,0.0,0.3,1.29
3.8,202.0,6.19,29.8,361,200.3,200.0,200.1,500.0,500.0,0.0,0.0,0.0,0.3,1.30
3.8,202.0,6.19,29.8,362,200.3,200.0,200.1,500.0,500.0,0.0,0.0,0.0,0.3,1.30
3.8,202.0,6.19,29.8,363,200.3,200.0,200.1,500.0,500.0,0.0,0.0,0.0,0.3,1.30
3.8,202.0,6.19,29.8,364,200.2,199.9,200.0,500.0,500.0,0.0,0.0,0.0,0.3,1.30
3.7,201.9,6.19,30.0,365,200.2,199.9,200.0,500.0,500.0,0.0,0.0,0.0,0.3,1.30
3.8,202.0,6.19,30.0,366,200.2,199.9,200.0,500.0,500.0,0.0,0.0,0.0,0.3,1.30
3.8,202.0,6.19,30.0,367,200.2,199.9,200.0,500.0,500.0,0.0,0.0,0.0,0.3,1.31
3.8,202.1,6.19,30.0,368,200.2,199.9,200.0,500.0,500.0,0.0,0.0,0.0,0.3,1.31
3.8,202.1,6.19,30.0,369,200.2,199.9,200.0,500.0,500.0,0.0,0.0,0.0,0.3,1.31
3.8,202.1,6.19,29.8,370,200.3,200.0,200.0,500.0,500.0,0.0,0.0,0.0,0.3,1.31
3.8,202.1,6.19,29.8,371,200.3,200.0,200.0,500.0,500.0,0.0,0.0,0.0,0.3,1.31
3.8,202.1,6.19,29.8,372,200.3,200.0,200.0,500.0,500.0,0.0,0.0,0.0,0.3,1.32
3.8,202.1,6.19,29.8,373,200.3,200.0,200.0,500.0,500.0,0.0,0.0,0.0,0.3,1.32
3.8,202.1,6.19,29.8,374,200.3,200.0,200.0,500.0,500.0,0.0,0.0,0.0,0.3,1.32
3.8,202.1,6.19,30.0,375,200.3,200.0,200.0,500.0,500.0,0.0,0.0,0.0,0.3,1.32
3.8,202.1,6.19,29.8,376,200.3,200.0,200.0,500.0,500.0,0.0,0.0,0.0,0.3,1.32
3.8,202.2,6.19,29.8,377,200.3,200.0,200.0,500.0,500.0,0.0,0.0,0.0,0.3,1.33
3.8,202.2,6.19,29.8,378,200.3,200.0,200.0,500.0,500.0,0.0,0.0,0.0,0.3,1.33
3.8,202.2,6.19,29.8,379,200.2,200.0,200.0,500.0,500.0,0.0,0.0,0.0,0.3,1.33
3.8,202.2,6.19,29.6,380,200.2,200.0,200.0,500.0,500.0,0.0,0.0,0.0,0.3,1.33
3.8,202.2,6.19,29.8,381,200.2,200.0,200.0,500.0,500.0,0.0,0.0,0.0,0.3,1.33
3.8,202.2,6.19,29.8,382,200.2,200.0,200.0,500.0,500.0,0.0,0.0,0.0,0.3,1.33
3.8,202.2,6.19,29.8,383,200.2,200.0,200.0,500.0,500.0,0.0,0.0,0.0,0.3,1.34
3.7,202.2,6.19,29.6,384,200.2,200.0,200.0,500.0,500.0,0.0,0.0,0.0,0.3,1.34
3.7,202.2,6.19,30.0,385,200.2,200.0,200.0,500.0,500.0,0.0,0.0,0.0,0.3,1.34
3.7,202.2,6.19,29.8,386,200.2,200.1,200.0,500.0,500.0,0.0,0.0,0.0,0.3,1.34
3.7,202.3,6.19,29.8,387,200.2,200.2,200.0,500.0,500.0,0.0,0.0,0.0,0.3,1.34
3.7,202.3,6.19,29.8,388,200.2,200.2,200.0,500.0,500.0,0.0,0.0,0.0,0.3,1.35
3.7,202.3,6.19,30.0,389,200.2,200.2,200.0,500.0,500.0,0.0,0.0,0.0,0.3,1.35
3.7,202.3,6.19,29.6,390,200.2,200.2,200.0,500.0,500.0,0.0,0.0,0.0,0.3,1.35
3.7,202.3,6.19,29.8,391,200.2,200.1,200.0,500.0,500.0,0.0,0.0,0.0,0.3,1.35
3.7,202.3,6.19,29.8,392,200.2,200.0,200.0,500.0,500.0,0.0,0.0,0.0,0.3,1.35
3.7,202.3,6.19,29.8,393,200.2,200.0,200.0,500.0,500.0,0.0,0.0,0.0,0.3,1.36
3.7,202.3,6.19,29.8,394,200.2,200.0,200.0,500.0,500.0,0.0,0.0,0.0,0.3,1.36
3.7,202.3,6.19,30.0,395,200.2,200.0,200.0,500.0,500.0,0.0,0.0,0.0,0.3,1.36
3.7,202.3,6.19,29.8,396,200.2,200.0,200.0,500.0,500.0,0.0,0.0,0.0,0.3,1.36
3.7,202.3,6.19,29.8,397,200.1,200.0,200.0,500.0,500.0,0.0,0.0,0.0,0.3,1.36
3.7,202.3,6.19,29.8,398,200.1,200.0,200.0,500.0,500.0,0.0,0.0,0.0,0.3,1.36
3.8,202.3,6.19,29.8,399,200.1,200.0,200.0,500.0,500.0,0.0,0.0,0.0,0.3,1.37
3.8,202.3,6.19,29.6,400,200.1,200.0,200.0,500.0,500.0,0.0,0.0,0.0,0.3,1.37
3.8,202.3,6.19,30.0,401,200.1,200.0,200.0,500.0,500.0,0.0,0.0,0.0,0.3,1.37
3.8,202.3,6.19,30.0,402,200.1,200.0,200.0,500.0,500.0,0.0,0.0,0.0,0.3,1.37
3.7,202.3,6.19,30.0,403,200.1,200.0,200.0,500.0,500.0,0.0,0.0,0.0,0.3,1.37
3.7,202.3,6.19,30.0,404,200.1,200.0,200.0,500.0,500.0,0.0,0.0,0.0,0.3,1.38
3.7,202.3,6.19,30.2,405,200.1,199.9,200.0,500.0,500.0,0.0,0.0,0.0,0.3,1.38
3.7,202.4,6.19,29.8,406,200.1,199.9,200.0,500.0,500.0,0.0,0.0,0.0,0.3,1.38
3.7,202.4,6.19,29.8,407,200.1,199.9,200.0,500.0,500.0,0.0,0.0,0.0,0.3,1.38
3.7,202.4,6.19,29.8,408,200.1,199.8,200.0,500.0,500.0,0.0,0.0,0.0,0.3,1.38
3.7,202.4,6.19,29.8,409,200.1,199.7,200.0,500.0,500.0,0.0,0.0,0.0,0.3,1.38
3.7,202.4,6.19,29.8,410,200.1,199.7,200.0,500.0,500.0,0.0,0.0,0.0,0.3,1.39
3.7,202.4,6.19,30.0,411,200.1,199.7,200.0,500.0,500.0,0.0,0.0,0.0,0.3,1.39
3.8,202.4,6.19,29.8,412,200.1,199.7,200.0,500.0,500.0,0.0,0.0,0.0,0.3,1.39
3.8,202.4,6.19,29.8,413,200.1,199.7,200.0,500.0,500.0,0.0,0.0,0.0,0.3,1.39
3.8,202.4,6.19,29.8,414,200.0,199.7,200.0,500.0,500.0,0.0,0.0,0.0,0.3,1.39
3.7,202.4,6.19,29.8,415,200.0,199.8,200.0,500.0,500.0,0.0,0.0,0.0,0.3,1.40
3.8,202.4,6.18,29.6,416,200.0,199.9,200.0,500.0,500.0,0.0,0.0,0.0,0.3,1.40
3.8,202.4,6.19,29.8,417,200.0,199.9,200.0,500.0,500.0,0.0,0.0,0.0,0.3,1.40
3.7,202.4,6.19,29.8,418,200.0,199.9,200.0,500.0,500.0,0.0,0.0,0.0,0.3,1.40
3.8,202.4,6.19,29.8,419,200.0,200.0,200.0,500.0,500.0,0.0,0.0,0.0,0.3,1.40
3.8,202.4,6.19,29.8,420,200.0,200.0,200.0,500.0,500.0,0.0,0.0,0.0,0.3,1.41
3.8,202.4,6.19,30.0,421,200.0,200.0,200.0,500.0,500.0,0.0,0.0,0.0,0.3,1.41
3.7,202.4,6.19,29.8,422,200.0,200.0,200.0,500.0,500.0,0.0,0.0,0.0,0.3,1.41
3.7,202.4,6.19,29.8,423,200.0,200.0,200.0,500.0,500.0,0.0,0.0,0.0,0.3,1.41
3.7,202.4,6.19,29.8,424,200.0,200.0,200.0,500.0,500.0,0.0,0.0,0.0,0.3,1.41
3.7,202.4,6.19,29.8,425,200.0,200.0,200.0,500.0,500.0,0.0,0.0,0.0,0.3,1.41
3.7,202.4,6.19,29.6,426,200.0,200.0,200.0,500.0,500.0,0.0,0.0,0.0,0.3,1.42
3.7,202.4,6.19,30.0,427,200.0,200.0,200.0,500.0,500.0,0.0,0.0,0.0,0.3,1.42
3.7,202.4,6.19,29.8,428,200.0,200.0,200.0,500.0,500.0,0.0,0.0,0.0,0.3,1.42
3.7,202.4,6.19,29.8,429,200.0,200.0,200.0,500.0,500.0,0.0,0.0,0.0,0.3,1.42
3.7,202.5,6.19,29.8,430,200.0,200.0,200.0,500.0,500.0,0.0,0.0,0.0,0.3,1.42
3.8,202.5,6.19,30.0,431,200.0,200.1,200.0,500.0,500.0,0.0,0.0,0.0,0.3,1.43
3.7,202.5,6.19,29.6,432,200.0,200.1,200.0,500.0,500.0,0.0,0.0,0.0,0.3,1.43
3.8,202.5,6.19,29.8,433,200.0,200.1,200.0,500.0,500.0,0.0,0.0,0.0,0.3,1.43
3.8,202.5,6.19,29.8,434,200.0,200.1,200.0,500.0,500.0,0.0,0.0,0.0,0.3,1.43
3.7,202.5,6.19,29.8,435,200.0,200.1,200.0,500.0,500.0,0.0,0.0,0.0,0.3,1.43
3.7,202.5,6.19,29.8,436,200.0,200.1,200.0,500.0,500.0,0.0,0.0,0.0,0.3,1.44
3.7,202.5,6.19,30.0,437,200.0,200.1,200.0,500.0,500.0,0.0,0.0,0.0,0.3,1.44
3.7,202.5,6.19,29.8,438,200.0,200.1,200.0,500.0,500.0,0.0,0.0,0.0,0.3,1.44
3.7,202.5,6.18,29.8,439,200.0,200.1,200.0,500.0,500.0,0.0,0.0,0.0,0.3,1.44
3.7,202.5,6.19,29.8,440,200.0,200.1,200.0,500.0,500.0,0.0,0.0,0.0,0.3,1.44
3.7,202.5,6.19,29.8,441,200.0,200.1,200.0,500.0,500.0,0.0,0.0,0.0,0.3,1.44
3.7,202.5,6.19,29.6,442,200.0,200.1,200.0,500.0,500.0,0.0,0.0,0.0,0.3,1.45
3.7,202.5,6.19,29.8,443,200.0,200.0,200.0,500.0,500.0,0.0,0.0,0.0,0.3,1.45
3.7,202.5,6.19,29.8,444,200.0,200.0,200.0,500.0,500.0,0.0,0.0,0.0,0.3,1.45
3.7,202.5,6.19,29.8,445,200.0,200.0,200.0,500.0,500.0,0.0,0.0,0.0,0.3,1.45
3.7,202.5,6.19,29.8,446,200.0,200.0,200.0,500.0,500.0,0.0,0.0,0.0,0.3,1.45
3.7,202.6,6.19,30.0,447,200.0,200.0,200.0,500.0,500.0,0.0,0.0,0.0,0.3,1.46
3.7,202.6,6.19,30.0,448,200.0,200.0,200.0,500.0,500.0,0.0,0.0,0.0,0.3,1.46
3.7,202.6,6.19,30.0,449,200.0,200.0,200.0,500.0,500.0,0.0,0.0,0.0,0.3,1.46
3.7,202.6,6.19,30.0,450,200.0,200.0,200.0,500.0,500.0,0.0,0.0,0.0,0.3,1.46
3.7,202.7,6.19,30.0,451,200.0,200.0,200.0,500.0,500.0,0.0,0.0,0.0,0.3,1.46
3.7,202.7,6.19,29.8,452,200.0,200.0,200.0,500.0,500.0,0.0,0.0,0.0,0.3,1.46
3.7,202.7,6.19,30.0,453,200.0,200.0,200.0,500.0,500.0,0.0,0.0,0.0,0.3,1.47
3.7,202.7,6.19,29.8,454,200.0,200.0,200.0,500.0,500.0,0.0,0.0,0.0,0.3,1.47
3.7,202.7,6.19,29.8,455,200.0,200.0,200.0,500.0,500.0,0.0,0.0,0.0,0.3,1.47
3.7,202.7,6.19,29.8,456,200.0,200.0,200.0,500.0,500.0,0.0,0.0,0.0,0.3,1.47
3.7,202.7,6.19,30.0,457,200.0,200.0,200.0,500.0,500.0,0.0,0.0,0.0,0.3,1.47
3.7,202.7,6.19,29.6,458,200.0,200.0,200.0,500.0,500.0,0.0,0.0,0.0,0.3,1.48
3.7,202.7,6.19,29.8,459,200.0,200.0,200.0,500.0,500.0,0.0,0.0,0.0,0.3,1.48
3.7,202.7,6.19,29.8,460,200.0,200.0,200.0,500.0,500.0,0.0,0.0,0.0,0.3,1.48
3.7,202.7,6.19,29.8,461,200.0,200.0,200.0,500.0,500.0,0.0,0.0,0.0,0.3,1.48
3.7,202.7,6.19,29.8,462,200.0,200.0,200.0,500.0,500.0,0.0,0.0,0.0,0.3,1.48
3.7,202.8,6.19,29.8,463,200.0,200.0,200.0,500.0,500.0,0.0,0.0,0.0,0.3,1.48
3.7,202.8,6.19,29.6,464,200.0,200.0,200.0,500.0,500.0,0.0,0.0,0.0,0.3,1.49
3.7,202.8,6.19,29.6,465,200.0,200.0,200.0,500.0,500.0,0.0,0.0,0.0,0.3,1.49
3.7,202.8,6.19,29.6,466,200.0,200.0,200.0,500.0,500.0,0.0,0.0,0.0,0.3,1.49
3.7,202.8,6.19,29.6,467,200.0,200.0,200.0,500.0,500.0,0.0,0.0,0.0,0.3,1.49
3.7,202.8,6.19,29.6,468,200.0,200.0,200.0,500.0,500.0,0.0,0.0,0.0,0.3,1.49
3.7,202.8,6.19,29.8,469,200.0,200.0,200.0,500.0,500.0,0.0,0.0,0.0,0.3,1.50
3.7,202.8,6.19,29.8,470,200.0,200.0,200.0,500.0,500.0,0.0,0.0,0.0,0.3,1.50
3.7,202.8,6.19,29.8,471,200.0,200.0,200.0,500.0,500.0,0.0,0.0,0.0,0.3,1.50
3.7,202.8,6.19,29.8,472,200.0,200.0,200.0,500.0,500.0,0.0,0.0,0.0,0.3,1.50
3.7,202.8,6.19,29.8,473,200.0,200.0,200.0,500.0,500.0,0.0,0.0,0.0,0.3,1.50
3.7,202.8,6.19,29.8,474,200.0,200.0,200.0,500.0,500.0,0.0,0.0,0.0,0.3,1.51
3.7,202.8,6.19,29.8,475,200.0,200.0,200.0,500.0,500.0,0.0,0.0,0.0,0.3,1.51
3.7,202.8,6.19,29.8,476,200.0,200.0,200.0,500.0,500.0,0.0,0.0,0.0,0.3,1.51
3.7,202.8,6.19,29.8,477,200.0,200.0,200.0,500.0,500.0,0.0,0.0,0.0,0.3,1.51
3.7,202.8,6.19,30.0,478,200.0,200.0,200.0,500.0,500.0,0.0,0.0,0.0,0.3,1.51
3.7,202.8,6.19,30.2,479,200.0,200.0,200.0,500.0,500.0,0.0,0.0,0.0,0.3,1.51
3.7,202.9,6.19,30.2,480,200.0,200.0,200.0,500.0,500.0,0.0,0.0,0.0,0.3,1.52
3.7,202.9,6.19,30.2,481,200.0,200.0,200.0,500.0,500.0,0.0,0.0,0.0,0.3,1.52
3.7,202.9,6.19,30.2,482,200.0,200.0,200.0,500.0,500.0,0.0,0.0,0.0,0.3,1.52
3.7,202.9,6.19,30.2,483,200.0,200.0,200.0,500.0,500.0,0.0,0.0,0.0,0.3,1.52
3.7,202.9,6.19,29.8,484,200.0,200.0,200.0,500.0,500.0,0.0,0.0,0.0,0.3,1.52
3.7,202.9,6.19,29.8,485,200.0,200.0,200.0,500.0,500.0,0.0,0.0,0.0,0.3,1.53
3.7,202.9,6.19,29.8,486,200.0,200.0,200.0,500.0,500.0,0.0,0.0,0.0,0.3,1.53
3.7,202.9,6.19,29.8,487,200.0,200.0,200.0,500.0,500.0,0.0,0.0,0.0,0.3,1.53
3.7,202.8,6.19,29.8,488,200.0,200.0,200.0,500.0,500.0,0.0,0.0,0.0,0.3,1.53
3.7,202.8,6.19,29.8,489,200.0,200.0,200.0,500.0,500.0,0.0,0.0,0.0,0.3,1.53
3.7,202.9,6.19,29.8,490,200.0,200.0,200.0,500.0,500.0,0.0,0.0,0.0,0.3,1.53
3.7,202.9,6.19,29.8,491,200.0,200.0,200.0,500.0,500.0,0.0,0.0,0.0,0.3,1.54
3.7,202.9,6.19,29.8,492,200.0,200.0,200.0,500.0,500.0,0.0,0.0,0.0,0.3,1.54
3.7,202.9,6.19,29.8,493,200.0,200.0,200.0,500.0,500.0,0.0,0.0,0.0,0.3,1.54
3.6,202.9,6.19,29.8,494,200.0,200.0,200.0,500.0,500.0,0.0,0.0,0.0,0.3,1.54
3.6,202.9,6.19,29.8,495,200.0,200.0,200.0,500.0,500.0,0.0,0.0,0.0,0.3,1.54
3.6,202.9,6.19,29.8,496,200.0,200.0,200.0,500.0,500.0,0.0,0.0,0.0,0.3,1.55
3.6,202.9,6.19,29.8,497,200.0,200.0,200.0,500.0,500.0,0.0,0.0,0.0,0.3,1.55
3.6,202.9,6.19,29.8,498,200.0,200.0,200.0,500.0,500.0,0.0,0.0,0.0,0.3,1.55
3.7,202.9,6.19,29.8,499,200.0,200.0,200.0,500.0,500.0,0.0,0.0,0.0,0.3,1.55
3.7,202.9,6.19,29.8,500,200.0,200.0,200.0,500.0,500.0,0.0,0.0,0.0,0.3,1.55
3.7,202.9,6.19,29.8,501,200.0,200.0,200.0,500.0,500.0,0.0,0.0,0.0,0.3,1.55
3.7,202.9,6.19,29.8,502,200.0,200.0,200.0,500.0,500.0,0.0,0.0,0.0,0.3,1.56
3.7,202.9,6.19,29.6,503,200.0,200.0,200.0,500.0,500.0,0.0,0.0,0.0,0.3,1.56
3.7,202.9,6.19,30.0,504,200.0,200.0,200.0,500.0,500.0,0.0,0.0,0.0,0.3,1.56
3.7,202.9,6.19,29.8,505,200.0,200.0,200.0,500.0,500.0,0.0,0.0,0.0,0.3,1.56
3.7,202.9,6.19,29.8,506,200.0,200.0,200.0,500.0,500.0,0.0,0.0,0.0,0.3,1.56
3.7,202.9,6.19,29.8,507,200.0,200.0,200.0,500.0,500.0,0.0,0.0,0.0,0.3,1.57
3.6,202.9,6.19,30.0,508,200.0,200.0,200.0,500.0,500.0,0.0,0.0,0.0,0.3,1.57
3.6,202.9,6.19,29.6,509,200.0,200.0,200.0,500.0,500.0,0.0,0.0,0.0,0.3,1.57
3.6,202.9,6.19,29.8,510,200.0,200.0,200.0,500.0,500.0,0.0,0.0,0.0,0.3,1.57
3.6,202.9,6.19,29.8,511,200.0,200.0,200.0,500.0,500.0,0.0,0.0,0.0,0.3,1.57
3.6,202.9,6.19,29.8,512,200.0,200.0,200.0,500.0,500.0,0.0,0.0,0.0,0.3,1.57
3.6,202.9,6.19,29.6,513,200.0,200.0,200.0,500.0,500.0,0.0,0.0,0.0,0.3,1.58
3.6,202.9,6.19,29.8,514,200.0,200.0,200.0,500.0,500.0,0.0,0.0,0.0,0.3,1.58
3.6,202.9,6.19,29.8,515,200.0,200.0,200.0,500.0,500.0,0.0,0.0,0.0,0.3,1.58
3.6,202.9,6.19,29.8,516,200.0,200.0,200.0,500.0,500.0,0.0,0.0,0.0,0.3,1.58
3.6,202.9,6.19,29.8,517,200.0,200.0,200.0,500.0,500.0,0.0,0.0,0.0,0.3,1.58
3.6,202.9,6.19,30.0,518,200.0,200.0,200.0,500.0,500.0,0.0,0.0,0.0,0.3,1.59
3.7,202.9,6.19,29.8,519,200.0,200.0,200.0,500.0,500.0,0.0,0.0,0.0,0.3,1.59
3.6,202.9,6.19,29.8,520,200.0,200.0,200.0,500.0,500.0,0.0,0.0,0.0,0.3,1.59
3.7,202.9,6.19,29.8,521,200.0,200.0,200.0,500.0,500.0,0.0,0.0,0.0,0.3,1.59
3.6,202.9,6.19,29.8,522,200.0,200.0,200.0,500.0,500.0,0.0,0.0,0.0,0.3,1.59
3.7,202.9,6.19,29.6,523,200.0,200.0,200.0,500.0,500.0,0.0,0.0,0.0,0.3,1.59
3.7,202.9,6.19,29.8,524,200.0,200.0,200.0,500.0,500.0,0.0,0.0,0.0,0.3,1.60
3.7,202.9,6.19,29.8,525,200.0,200.0,200.0,500.0,500.0,0.0,0.0,0.0,0.3,1.60
3.6,202.9,6.19,29.8,526,200.0,200.0,200.0,500.0,500.0,0.0,0.0,0.0,0.3,1.60
3.6,202.9,6.19,29.8,527,200.0,200.0,200.0,500.0,500.0,0.0,0.0,0.0,0.3,1.60
3.6,202.9,6.19,30.0,528,200.0,200.0,200.0,500.0,500.0,0.0,0.0,0.0,0.3,1.60
3.6,202.9,6.19,29.8,529,200.0,200.0,200.0,500.0,500.0,0.0,0.0,0.0,0.3,1.61
3.6,203.0,6.19,29.8,530,200.0,200.0,200.0,500.0,500.0,0.0,0.0,0.0,0.3,1.61
3.7,203.0,6.19,29.8,531,200.0,200.0,200.0,500.0,500.0,0.0,0.0,0.0,0.3,1.61
3.6,203.0,6.19,29.8,532,200.0,200.0,200.0,500.0,500.0,0.0,0.0,0.0,0.3,1.61
3.7,203.0,6.19,29.6,533,200.0,200.1,200.0,500.0,500.0,0.0,0.0,0.0,0.3,1.61
3.6,203.0,6.19,29.8,534,200.0,200.2,200.0,500.0,500.0,0.0,0.0,0.0,0.3,1.61
3.6,203.0,6.19,29.8,535,200.0,200.2,200.0,500.0,500.0,0.0,0.0,0.0,0.3,1.62
3.6,203.0,6.19,29.8,536,200.0,200.2,200.0,500.0,500.0,0.0,0.0,0.0,0.3,1.62
3.6,203.0,6.19,29.6,537,200.0,200.2,200.0,500.0,500.0,0.0,0.0,0.0,0.3,1.62
3.6,203.0,6.19,29.8,538,200.0,200.2,200.0,500.0,500.0,0.0,0.0,0.0,0.3,1.62
3.7,203.0,6.19,29.6,539,200.0,200.2,200.0,500.0,500.0,0.0,0.0,0.0,0.3,1.62
3.6,203.0,6.19,29.6,540,200.0,200.2,200.0,500.0,500.0,0.0,0.0,0.0,0.3,1.63
3.6,203.0,6.19,29.6,541,200.0,200.2,200.0,500.0,500.0,0.0,0.0,0.0,0.3,1.63
3.6,203.0,6.19,29.8,542,200.0,200.2,200.0,500.0,500.0,0.0,0.0,0.0,0.3,1.63
3.6,203.0,6.19,29.6,543,200.0,200.1,200.0,500.0,500.0,0.0,0.0,0.0,0.3,1.63
3.6,203.0,6.19,29.8,544,200.0,200.0,200.0,500.0,500.0,0.0,0.0,0.0,0.3,1.63
3.6,203.0,6.19,29.8,545,200.0,200.0,200.0,500.0,500.0,0.0,0.0,0.0,0.3,1.63
3.6,203.0,6.19,29.8,546,200.0,200.0,200.0,500.0,500.0,0.0,0.0,0.0,0.3,1.64
3.6,203.0,6.19,29.6,547,200.0,200.0,200.0,500.0,500.0,0.0,0.0,0.0,0.3,1.64
3.6,203.0,6.19,30.0,548,200.0,200.0,200.0,500.0,500.0,0.0,0.0,0.0,0.3,1.64
3.6,203.0,6.19,29.8,549,200.0,200.0,200.0,500.0,500.0,0.0,0.0,0.0,0.3,1.64
3.6,203.0,6.18,29.8,550,200.0,200.0,200.0,500.0,500.0,0.0,0.0,0.0,0.3,1.64
3.6,203.0,6.18,29.8,551,200.0,200.0,200.0,500.0,500.0,0.0,0.0,0.0,0.3,1.64
3.6,203.0,6.18,30.0,552,200.0,200.0,200.0,500.0,500.0,0.0,0.0,0.0,0.3,1.65
3.6,203.0,6.18,29.6,553,200.0,200.0,200.0,500.0,500.0,0.0,0.0,0.0,0.3,1.65
3.7,203.0,6.18,29.8,554,200.0,200.0,200.0,500.0,500.0,0.0,0.0,0.0,0.3,1.65
3.6,203.0,6.19,29.8,555,200.0,200.0,200.0,500.0,500.0,0.0,0.0,0.0,0.3,1.65
3.6,203.0,6.19,29.8,556,200.0,200.0,200.0,500.0,500.0,0.0,0.0,0.0,0.3,1.65
3.6,203.0,6.19,29.6,557,200.0,200.0,200.0,500.0,500.0,0.0,0.0,0.0,0.3,1.66
3.6,203.0,6.19,30.0,558,200.0,200.0,200.0,500.0,500.0,0.0,0.0,0.0,0.3,1.66
3.6,203.1,6.19,29.8,559,200.0,200.0,200.0,500.0,500.0,0.0,0.0,0.0,0.3,1.66
3.6,203.1,6.19,29.8,560,200.0,199.9,200.0,500.0,500.0,0.0,0.0,0.0,0.3,1.66
3.6,203.1,6.19,29.8,561,200.0,199.9,200.0,500.0,500.0,0.0,0.0,0.0,0.3,1.66
3.6,203.1,6.19,30.0,562,200.0,199.9,200.0,500.0,500.0,0.0,0.0,0.0,0.3,1.66
3.6,203.1,6.19,29.6,563,200.0,199.9,200.0,500.0,500.0,0.0,0.0,0.0,0.3,1.67
3.6,203.1,6.19,29.8,564,200.0,199.9,200.0,500.0,500.0,0.0,0.0,0.0,0.3,1.67
3.6,203.0,6.19,29.8,565,200.0,199.9,200.0,500.0,500.0,0.0,0.0,0.0,0.3,1.67
3.6,203.0,6.19,29.8,566,200.0,199.9,200.0,500.0,500.0,0.0,0.0,0.0,0.3,1.67
3.5,203.0,6.19,29.6,567,200.0,199.9,200.0,500.0,500.0,0.0,0.0,0.0,0.3,1.67
3.6,203.0,6.19,29.8,568,200.0,200.0,200.0,500.0,500.0,0.0,0.0,0.0,0.3,1.68
3.5,203.0,6.19,29.8,569,200.0,200.0,200.0,500.0,500.0,0.0,0.0,0.0,0.3,1.68
3.6,203.1,6.19,29.8,570,200.0,200.0,200.0,500.0,500.0,0.0,0.0,0.0,0.3,1.68
3.6,203.1,6.19,29.8,571,200.0,200.0,200.0,500.0,500.0,0.0,0.0,0.0,0.3,1.68
3.6,203.1,6.19,30.0,572,200.0,200.0,200.0,500.0,500.0,0.0,0.0,0.0,0.3,1.68
3.6,203.1,6.19,29.8,573,200.0,200.0,200.0,500.0,500.0,0.0,0.0,0.0,0.3,1.68
3.6,203.1,6.19,29.8,574,200.0,200.0,200.0,500.0,500.0,0.0,0.0,0.0,0.3,1.69
3.5,203.1,6.19,29.8,575,200.0,200.0,200.0,500.0,500.0,0.0,0.0,0.0,0.3,1.69
3.6,203.2,6.19,29.8,576,200.0,200.0,200.0,500.0,500.0,0.0,0.0,0.0,0.3,1.69
3.6,203.2,6.19,29.6,577,200.0,200.0,200.0,500.0,500.0,0.0,0.0,0.0,0.3,1.69
3.6,203.2,6.19,29.8,578,200.0,200.0,200.0,500.0,500.0,0.0,0.0,0.0,0.3,1.69
3.6,203.1,6.19,29.8,579,200.0,200.0,200.0,500.0,500.0,0.0,0.0,0.0,0.3,1.69
3.6,203.1,6.19,29.8,580,200.0,200.1,200.0,500.0,500.0,0.0,0.0,0.0,0.3,1.70
3.6,203.1,6.19,29.8,581,200.0,200.1,200.0,500.0,500.0,0.0,0.0,0.0,0.3,1.70
3.6,203.1,6.19,30.0,582,200.0,200.1,200.0,500.0,500.0,0.0,0.0,0.0,0.3,1.70
3.6,203.1,6.19,30.0,583,200.0,200.1,200.0,500.0,500.0,0.0,0.0,0.0,0.3,1.70
3.6,203.2,6.19,30.0,584,200.0,200.2,200.0,500.0,500.0,0.0,0.0,0.0,0.3,1.70
3.6,203.2,6.19,30.0,585,200.0,200.4,200.0,500.0,500.0,0.0,0.0,0.0,0.3,1.71
3.6,203.2,6.19,30.0,586,200.0,200.4,200.0,500.0,500.0,0.0,0.0,0.0,0.3,1.71
3.6,203.2,6.19,29.8,587,200.0,200.4,200.0,500.0,500.0,0.0,0.0,0.0,0.3,1.71
3.6,203.2,6.19,29.8,588,200.0,200.4,200.0,500.0,500.0,0.0,0.0,0.0,0.3,1.71
3.6,203.2,6.19,29.8,589,200.0,200.4,200.0,500.0,500.0,0.0,0.0,0.0,0.3,1.71
3.6,203.2,6.19,29.8,590,200.0,200.4,200.0,500.0,500.0,0.0,0.0,0.0,0.3,1.71
3.6,203.2,6.19,29.6,591,200.0,200.3,200.0,500.0,500.0,0.0,0.0,0.0,0.3,1.72
3.6,203.2,6.19,30.0,592,200.0,200.2,200.0,500.0,500.0,0.0,0.0,0.0,0.3,1.72
3.6,203.2,6.19,29.8,593,200.0,200.2,200.0,500.0,500.0,0.0,0.0,0.0,0.3,1.72
3.6,203.2,6.19,29.8,594,200.0,200.2,200.0,500.0,500.0,0.0,0.0,0.0,0.3,1.72
3.6,203.2,6.19,29.8,595,200.0,200.2,200.0,500.0,500.0,0.0,0.0,0.0,0.3,1.72
3.6,203.2,6.19,30.0,596,200.0,200.0,200.0,500.0,500.0,0.0,0.0,0.0,0.3,1.73
3.6,203.2,6.19,29.6,597,200.0,200.0,200.0,500.0,500.0,0.0,0.0,0.0,0.3,1.73
3.6,203.2,6.19,29.8,598,200.0,200.0,200.0,500.0,500.0,0.0,0.0,0.0,0.3,1.73
3.6,203.2,6.19,29.8,599,200.0,200.0,200.0,500.0,500.0,0.0,0.0,0.0,0.3,1.73
