扭矩,料温,压力,转速,时间,温度1,温度2,温度3,温度4,温度5,温度6,温度7,温度8,顶栓,能量
1.6,183.8,6.19,0.8,0,190.0,189.8,189.1,500.0,500.0,0.0,0.0,0.0,0.3,0.00
1.5,183.8,6.19,6.4,1,190.0,189.8,189.1,500.0,500.0,0.0,0.0,0.0,0.3,0.00
1.3,183.9,6.19,14.2,2,190.0,189.7,189.1,500.0,500.0,0.0,0.0,0.0,0.3,0.00
1.1,183.7,6.19,22.4,3,190.0,189.7,189.1,500.0,500.0,0.0,0.0,0.0,0.3,0.00
0.7,183.5,6.19,30.4,4,190.0,189.7,189.1,500.0,500.0,0.0,0.0,0.0,0.3,0.00
0.5,183.1,6.19,37.6,5,190.0,189.7,189.1,500.0,500.0,0.0,0.0,0.0,0.3,0.00
0.4,182.4,6.19,40.0,6,190.0,189.7,189.1,500.0,500.0,0.0,0.0,0.0,0.3,0.00
0.3,181.6,6.19,40.2,7,190.0,189.7,189.1,500.0,500.0,0.0,0.0,0.0,0.3,0.00
2.1,180.6,6.19,39.8,8,190.0,189.7,189.1,500.0,500.0,0.0,0.0,0.0,0.3,0.00
5.7,179.7,6.19,39.8,9,190.0,189.7,189.1,500.0,500.0,0.0,0.0,0.0,0.3,0.01
10.8,178.6,6.19,39.8,10,190.0,189.8,189.1,500.0,500.0,0.0,0.0,0.0,0.3,0.01
19.9,176.9,6.19,39.8,11,190.0,189.8,189.1,500.0,500.0,0.0,0.0,0.0,0.3,0.03
30.8,174.3,6.19,39.8,12,190.0,189.8,189.1,500.0,500.0,0.0,0.0,0.0,0.3,0.05
42.9,171.3,6.19,40.0,13,190.0,189.8,189.1,500.0,500.0,0.0,0.0,0.0,0.3,0.08
53.3,167.8,6.19,40.0,14,190.0,189.8,189.1,500.0,500.0,0.0,0.0,0.0,0.3,0.11
60.5,164.8,6.19,40.0,15,190.0,189.8,189.1,500.0,500.0,0.0,0.0,0.0,0.3,0.15
64.7,162.2,6.19,39.8,16,190.0,189.8,189.1,500.0,500.0,0.0,0.0,0.0,0.3,0.20
63.5,160.3,6.19,39.8,17,190.0,189.8,189.2,500.0,500.0,0.0,0.0,0.0,0.3,0.24
58.3,159.1,6.19,39.8,18,190.0,189.8,189.2,500.0,500.0,0.0,0.0,0.0,0.3,0.28
53.9,158.1,6.20,39.8,19,190.0,189.8,189.2,500.0,500.0,0.0,0.0,0.0,0.3,0.31
48.8,157.5,6.19,39.8,20,190.0,189.8,189.2,500.0,500.0,0.0,0.0,0.0,0.3,0.34
42.7,157.1,6.20,39.8,21,190.0,189.9,189.2,500.0,500.0,0.0,0.0,0.0,0.3,0.37
40.9,157.0,6.20,39.8,22,190.0,189.9,189.2,500.0,500.0,0.0,0.0,0.0,0.3,0.40
38.1,156.8,6.20,39.8,23,190.0,189.9,189.2,500.0,500.0,0.0,0.0,0.0,0.3,0.42
36.1,156.7,6.20,39.8,24,190.0,189.9,189.1,500.0,500.0,0.0,0.0,0.0,0.3,0.45
34.5,156.6,6.20,39.8,25,190.0,189.9,189.1,500.0,500.0,0.0,0.0,0.0,0.3,0.47
34.3,156.6,6.20,40.0,26,190.0,189.9,189.1,500.0,500.0,0.0,0.0,0.0,0.3,0.49
32.0,156.8,6.20,40.0,27,189.8,189.9,189.1,500.0,500.0,0.0,0.0,0.0,0.3,0.52
32.5,156.9,6.20,40.0,28,189.7,189.8,189.1,500.0,500.0,0.0,0.0,0.0,0.3,0.54
30.1,157.1,6.20,39.8,29,189.7,189.8,189.0,500.0,500.0,0.0,0.0,0.0,0.3,0.56
30.5,157.3,6.20,39.8,30,189.7,189.8,189.0,500.0,500.0,0.0,0.0,0.0,0.3,0.58
28.8,157.4,6.20,39.8,31,189.7,189.8,189.0,500.0,500.0,0.0,0.0,0.0,0.3,0.60
28.7,157.5,6.20,39.8,32,189.7,189.8,189.0,500.0,500.0,0.0,0.0,0.0,0.3,0.62
27.2,157.5,6.20,39.8,33,189.6,189.8,189.0,500.0,500.0,0.0,0.0,0.0,0.3,0.63
27.0,157.6,6.20,40.2,34,189.4,189.8,188.9,500.0,500.0,0.0,0.0,0.0,0.3,0.65
26.0,157.7,6.20,40.0,35,189.4,189.7,188.9,500.0,500.0,0.0,0.0,0.0,0.3,0.67
25.6,157.9,6.20,40.0,36,189.4,189.7,188.9,500.0,500.0,0.0,0.0,0.0,0.3,0.69
24.9,158.2,6.20,40.0,37,189.4,189.7,188.9,500.0,500.0,0.0,0.0,0.0,0.3,0.70
24.8,158.6,6.20,40.0,38,189.2,189.6,188.8,500.0,500.0,0.0,0.0,0.0,0.3,0.72
24.7,158.9,6.20,39.8,39,189.2,189.6,188.8,500.0,500.0,0.0,0.0,0.0,0.3,0.74
24.2,159.1,6.20,40.0,40,189.2,189.6,188.8,500.0,500.0,0.0,0.0,0.0,0.3,0.75
23.7,159.3,6.20,39.8,41,189.2,189.6,188.8,500.0,500.0,0.0,0.0,0.0,0.3,0.77
22.9,159.8,6.20,39.8,42,189.1,189.6,188.8,500.0,500.0,0.0,0.0,0.0,0.3,0.78
22.2,160.4,6.20,39.8,43,189.1,189.6,188.8,500.0,500.0,0.0,0.0,0.0,0.3,0.80
21.3,161.1,6.20,39.8,44,189.1,189.6,188.8,500.0,500.0,0.0,0.0,0.0,0.3,0.81
20.6,161.9,6.20,39.8,45,189.1,189.6,188.8,500.0,500.0,0.0,0.0,0.0,0.3,0.83
20.1,162.5,6.20,40.0,46,189.1,189.6,188.8,500.0,500.0,0.0,0.0,0.0,0.3,0.84
19.6,163.1,6.20,40.0,47,189.1,189.6,188.8,500.0,500.0,0.0,0.0,0.0,0.3,0.85
19.0,163.6,6.19,39.8,48,189.1,189.6,188.8,500.0,500.0,0.0,0.0,0.0,0.3,0.86
18.6,164.1,6.19,39.8,49,189.1,189.6,188.9,500.0,500.0,0.0,0.0,0.0,0.3,0.88
18.2,164.6,6.19,39.8,50,189.1,189.6,188.9,500.0,500.0,0.0,0.0,0.0,0.3,0.89
17.8,165.1,6.19,39.8,51,189.1,189.6,188.9,500.0,500.0,0.0,0.0,0.0,0.3,0.90
17.5,165.5,6.19,39.8,52,189.1,189.6,188.9,500.0,500.0,0.0,0.0,0.0,0.3,0.91
17.3,166.0,6.20,40.0,53,189.1,189.6,188.9,500.0,500.0,0.0,0.0,0.0,0.3,0.92
17.1,166.4,6.20,39.8,54,189.1,189.7,188.9,500.0,500.0,0.0,0.0,0.0,0.3,0.94
16.9,166.9,6.20,40.0,55,189.2,189.7,188.9,500.0,500.0,0.0,0.0,0.0,0.3,0.95
16.8,167.3,6.20,39.8,56,189.2,189.7,188.9,500.0,500.0,0.0,0.0,0.0,0.3,0.96
16.7,167.8,6.19,39.8,57,189.2,189.8,188.9,500.0,500.0,0.0,0.0,0.0,0.3,0.97
16.6,168.3,6.19,39.8,58,189.2,189.9,188.9,500.0,500.0,0.0,0.0,0.0,0.3,0.98
16.5,168.8,6.19,40.0,59,189.3,189.9,188.9,500.0,500.0,0.0,0.0,0.0,0.3,0.99
16.3,169.2,6.19,39.8,60,189.4,189.9,188.9,500.0,500.0,0.0,0.0,0.0,0.3,1.00
16.2,169.6,6.20,40.0,61,189.4,189.9,189.0,500.0,500.0,0.0,0.0,0.0,0.3,1.01
16.0,169.9,6.20,40.0,62,189.4,189.9,189.0,500.0,500.0,0.0,0.0,0.0,0.3,1.02
15.9,170.2,6.20,40.0,63,189.4,190.0,189.0,500.0,500.0,0.0,0.0,0.0,0.3,1.03
16.0,170.5,6.20,40.0,64,189.4,190.0,189.0,500.0,500.0,0.0,0.0,0.0,0.3,1.04
15.8,170.8,6.19,40.0,65,189.5,190.0,189.0,500.0,500.0,0.0,0.0,0.0,0.3,1.06
15.7,171.3,6.19,40.0,66,189.6,190.0,189.1,500.0,500.0,0.0,0.0,0.0,0.3,1.07
15.7,171.6,6.19,40.0,67,189.6,190.0,189.2,500.0,500.0,0.0,0.0,0.0,0.3,1.08
15.7,172.0,6.19,40.0,68,189.6,190.0,189.2,500.0,500.0,0.0,0.0,0.0,0.3,1.09
15.6,172.4,6.19,39.8,69,189.6,190.0,189.2,500.0,500.0,0.0,0.0,0.0,0.3,1.10
15.7,172.8,6.19,39.8,70,189.7,190.0,189.2,500.0,500.0,0.0,0.0,0.0,0.3,1.11
15.7,173.2,6.19,39.8,71,189.8,190.0,189.2,500.0,500.0,0.0,0.0,0.0,0.3,1.12
15.6,173.5,6.19,39.8,72,189.9,190.0,189.3,500.0,500.0,0.0,0.0,0.0,0.3,1.13
15.6,173.8,6.19,39.8,73,189.9,190.0,189.4,500.0,500.0,0.0,0.0,0.0,0.3,1.14
15.5,174.2,6.19,40.0,74,189.9,190.0,189.4,500.0,500.0,0.0,0.0,0.0,0.3,1.15
15.4,174.5,6.19,39.8,75,190.0,190.0,189.4,500.0,500.0,0.0,0.0,0.0,0.3,1.16
15.5,174.8,6.19,39.8,76,190.0,190.0,189.5,500.0,500.0,0.0,0.0,0.0,0.3,1.17
15.4,175.1,6.19,39.8,77,190.0,190.0,189.6,500.0,500.0,0.0,0.0,0.0,0.3,1.18
15.3,175.4,6.19,39.8,78,190.0,190.0,189.6,500.0,500.0,0.0,0.0,0.0,0.3,1.19
15.4,175.7,6.19,39.8,79,190.0,190.0,189.6,500.0,500.0,0.0,0.0,0.0,0.3,1.20
15.3,176.0,6.19,40.0,80,190.0,190.0,189.6,500.0,500.0,0.0,0.0,0.0,0.3,1.21
15.2,176.3,6.19,40.0,81,190.0,190.0,189.7,500.0,500.0,0.0,0.0,0.0,0.3,1.22
15.3,176.5,6.19,39.8,82,190.0,190.0,189.8,500.0,500.0,0.0,0.0,0.0,0.3,1.23
15.3,176.8,6.19,39.8,83,190.0,190.0,189.8,500.0,500.0,0.0,0.0,0.0,0.3,1.24
15.2,177.1,6.19,39.6,84,190.0,190.0,189.8,500.0,500.0,0.0,0.0,0.0,0.3,1.25
15.2,177.3,6.19,39.6,85,190.0,190.0,189.8,500.0,500.0,0.0,0.0,0.0,0.3,1.26
15.2,177.6,6.19,39.6,86,190.0,190.0,189.9,500.0,500.0,0.0,0.0,0.0,0.3,1.27
15.1,177.8,6.19,39.8,87,190.0,190.0,190.0,500.0,500.0,0.0,0.0,0.0,0.3,1.28
15.1,178.0,6.19,39.8,88,190.0,190.0,190.0,500.0,500.0,0.0,0.0,0.0,0.3,1.29
15.0,178.3,6.19,40.0,89,190.0,190.0,190.0,500.0,500.0,0.0,0.0,0.0,0.3,1.30
15.0,178.4,6.19,40.0,90,190.0,190.0,190.0,500.0,500.0,0.0,0.0,0.0,0.3,1.31
14.9,178.6,6.19,39.8,91,190.0,190.0,190.0,500.0,500.0,0.0,0.0,0.0,0.3,1.32
14.9,178.7,6.19,39.8,92,190.0,190.0,190.0,500.0,500.0,0.0,0.0,0.0,0.3,1.33
14.9,179.0,6.19,39.8,93,190.0,190.0,190.0,500.0,500.0,0.0,0.0,0.0,0.3,1.34
14.9,179.2,6.19,39.8,94,190.0,190.0,190.0,500.0,500.0,0.0,0.0,0.0,0.3,1.35
14.8,179.4,6.19,39.8,95,190.0,190.0,190.0,500.0,500.0,0.0,0.0,0.0,0.3,1.36
14.9,179.6,6.19,40.0,96,190.0,190.0,190.0,500.0,500.0,0.0,0.0,0.0,0.3,1.37
14.9,179.9,6.19,39.8,97,190.0,190.0,190.0,500.0,500.0,0.0,0.0,0.0,0.3,1.38
14.8,180.1,6.19,39.8,98,190.0,190.0,190.0,500.0,500.0,0.0,0.0,0.0,0.3,1.39
14.8,180.3,6.19,39.6,99,190.0,190.0,190.0,500.0,500.0,0.0,0.0,0.0,0.3,1.40
14.8,180.6,6.19,39.6,100,190.1,190.0,190.0,500.0,500.0,0.0,0.0,0.0,0.3,1.41
14.7,180.7,6.19,39.6,101,190.3,190.0,190.0,500.0,500.0,0.0,0.0,0.0,0.3,1.42
14.7,181.0,6.19,39.8,102,190.3,190.0,190.0,500.0,500.0,0.0,0.0,0.0,0.3,1.43
14.7,181.1,6.19,39.8,103,190.3,190.0,190.0,500.0,500.0,0.0,0.0,0.0,0.3,1.44
14.8,181.3,6.19,40.0,104,190.3,190.0,190.0,500.0,500.0,0.0,0.0,0.0,0.3,1.45
14.7,181.5,6.19,40.0,105,190.3,190.0,190.0,500.0,500.0,0.0,0.0,0.0,0.3,1.46
14.7,181.7,6.19,39.8,106,190.4,190.0,190.0,500.0,500.0,0.0,0.0,0.0,0.3,1.47
14.8,181.8,6.19,39.8,107,190.4,190.0,190.0,500.0,500.0,0.0,0.0,0.0,0.3,1.48
14.7,182.0,6.19,39.8,108,190.4,190.0,190.0,500.0,500.0,0.0,0.0,0.0,0.3,1.49
14.6,182.2,6.19,39.8,109,190.4,190.0,190.0,500.0,500.0,0.0,0.0,0.0,0.3,1.50
14.7,182.4,6.19,39.8,110,190.5,190.0,190.0,500.0,500.0,0.0,0.0,0.0,0.3,1.51
14.6,182.5,6.19,40.0,111,190.5,190.0,190.0,500.0,500.0,0.0,0.0,0.0,0.3,1.52
14.6,182.6,6.19,39.8,112,190.5,190.0,190.0,500.0,500.0,0.0,0.0,0.0,0.3,1.53
14.6,182.8,6.19,39.8,113,190.5,190.0,190.0,500.0,500.0,0.0,0.0,0.0,0.3,1.54
14.6,183.0,6.19,39.8,114,190.5,190.0,190.0,500.0,500.0,0.0,0.0,0.0,0.3,1.55
14.6,183.1,6.19,39.8,115,190.5,190.0,190.0,500.0,500.0,0.0,0.0,0.0,0.3,1.55
14.6,183.3,6.19,39.8,116,190.5,190.0,190.0,500.0,500.0,0.0,0.0,0.0,0.3,1.56
14.6,183.5,6.19,40.0,117,190.5,190.0,190.0,500.0,500.0,0.0,0.0,0.0,0.3,1.57
14.6,183.6,6.19,39.8,118,190.5,190.0,190.0,500.0,500.0,0.0,0.0,0.0,0.3,1.58
14.5,183.8,6.19,39.8,119,190.5,190.0,190.0,500.0,500.0,0.0,0.0,0.0,0.3,1.59
14.4,183.9,6.19,39.8,120,190.5,190.0,190.0,500.0,500.0,0.0,0.0,0.0,0.3,1.60
14.5,184.0,6.19,39.8,121,190.5,190.0,190.0,500.0,500.0,0.0,0.0,0.0,0.3,1.61
14.4,184.2,6.19,39.8,122,190.5,190.0,190.0,500.0,500.0,0.0,0.0,0.0,0.3,1.62
14.3,184.3,6.19,40.0,123,190.5,190.0,190.0,500.0,500.0,0.0,0.0,0.0,0.3,1.63
14.3,184.4,6.19,40.0,124,190.5,190.0,190.0,500.0,500.0,0.0,0.0,0.0,0.3,1.64
14.3,184.4,6.19,39.8,125,190.5,190.0,190.0,500.0,500.0,0.0,0.0,0.0,0.3,1.65
14.2,184.5,6.19,39.8,126,190.5,190.0,190.0,500.0,500.0,0.0,0.0,0.0,0.3,1.66
14.3,184.7,6.19,39.8,127,190.5,190.0,190.0,500.0,500.0,0.0,0.0,0.0,0.3,1.67
14.3,184.8,6.19,39.8,128,190.5,190.0,190.0,500.0,500.0,0.0,0.0,0.0,0.3,1.68
14.3,184.9,6.19,39.8,129,190.5,190.0,190.0,500.0,500.0,0.0,0.0,0.0,0.3,1.69
14.3,185.1,6.19,40.0,130,190.5,190.0,190.0,500.0,500.0,0.0,0.0,0.0,0.3,1.70
14.3,185.2,6.19,40.0,131,190.5,190.0,190.0,500.0,500.0,0.0,0.0,0.0,0.3,1.71
14.2,185.3,6.19,40.0,132,190.5,190.0,190.0,500.0,500.0,0.0,0.0,0.0,0.3,1.72
14.2,185.5,6.19,39.8,133,190.5,190.0,190.0,500.0,500.0,0.0,0.0,0.0,0.3,1.73
14.2,185.6,6.19,39.8,134,190.5,190.0,190.0,500.0,500.0,0.0,0.0,0.0,0.3,1.74
14.1,185.7,6.19,39.8,135,190.5,190.0,190.0,500.0,500.0,0.0,0.0,0.0,0.3,1.75
14.2,185.8,6.19,39.8,136,190.5,190.0,190.0,500.0,500.0,0.0,0.0,0.0,0.3,1.75
14.1,185.9,6.19,39.8,137,190.5,190.0,190.0,500.0,500.0,0.0,0.0,0.0,0.3,1.76
14.2,186.0,6.19,40.0,138,190.5,190.0,190.0,500.0,500.0,0.0,0.0,0.0,0.3,1.77
14.2,186.2,6.19,40.0,139,190.5,190.0,190.0,500.0,500.0,0.0,0.0,0.0,0.3,1.78
14.2,186.3,6.19,39.8,140,190.5,190.0,190.0,500.0,500.0,0.0,0.0,0.0,0.3,1.79
14.1,186.4,6.19,39.8,141,190.5,190.0,190.0,500.0,500.0,0.0,0.0,0.0,0.3,1.80
14.1,186.5,6.19,39.8,142,190.4,190.0,190.0,500.0,500.0,0.0,0.0,0.0,0.3,1.81
14.1,186.6,6.19,39.8,143,190.4,190.0,190.0,500.0,500.0,0.0,0.0,0.0,0.3,1.82
14.1,186.7,6.19,39.8,144,190.4,190.0,190.0,500.0,500.0,0.0,0.0,0.0,0.3,1.83
14.1,186.8,6.19,39.8,145,190.4,190.0,190.0,500.0,500.0,0.0,0.0,0.0,0.3,1.84
14.1,187.0,6.19,39.8,146,190.4,190.0,190.0,500.0,500.0,0.0,0.0,0.0,0.3,1.85
14.1,187.1,6.19,39.8,147,190.4,190.0,190.0,500.0,500.0,0.0,0.0,0.0,0.3,1.86
14.1,187.2,6.19,39.8,148,190.4,190.0,190.0,500.0,500.0,0.0,0.0,0.0,0.3,1.87
14.0,187.3,6.19,39.8,149,190.4,190.0,190.0,500.0,500.0,0.0,0.0,0.0,0.3,1.88
14.1,187.4,6.19,40.0,150,190.4,190.0,190.0,500.0,500.0,0.0,0.0,0.0,0.3,1.89
14.0,187.5,6.19,40.0,151,190.4,190.0,190.0,500.0,500.0,0.0,0.0,0.0,0.3,1.90
14.0,187.5,6.19,39.8,152,190.4,190.0,190.0,500.0,500.0,0.0,0.0,0.0,0.3,1.90
14.1,187.6,6.19,39.8,153,190.4,190.0,190.0,500.0,500.0,0.0,0.0,0.0,0.3,1.91
14.0,187.7,6.19,39.8,154,190.4,190.0,190.0,500.0,500.0,0.0,0.0,0.0,0.3,1.92
14.0,187.8,6.19,39.8,155,190.4,190.0,190.0,500.0,500.0,0.0,0.0,0.0,0.3,1.93
14.0,187.8,6.19,39.8,156,190.4,190.0,190.0,500.0,500.0,0.0,0.0,0.0,0.3,1.94
14.0,187.9,6.19,40.0,157,190.4,190.0,190.0,500.0,500.0,0.0,0.0,0.0,0.3,1.95
13.9,188.0,6.19,39.8,158,190.4,190.0,190.0,500.0,500.0,0.0,0.0,0.0,0.3,1.96
13.9,188.1,6.19,40.0,159,190.4,190.0,190.0,500.0,500.0,0.0,0.0,0.0,0.3,1.97
13.9,188.2,6.19,39.8,160,190.4,190.0,190.0,500.0,500.0,0.0,0.0,0.0,0.3,1.98
13.9,188.3,6.19,39.8,161,190.4,190.0,190.0,500.0,500.0,0.0,0.0,0.0,0.3,1.99
13.9,188.4,6.19,39.8,162,190.4,190.0,190.0,500.0,500.0,0.0,0.0,0.0,0.3,2.00
13.8,188.5,6.19,40.0,163,190.4,190.0,190.0,500.0,500.0,0.0,0.0,0.0,0.3,2.01
13.9,188.6,6.19,39.8,164,190.4,190.0,190.0,500.0,500.0,0.0,0.0,0.0,0.3,2.02
13.9,188.7,6.19,40.0,165,190.4,190.0,190.0,500.0,500.0,0.0,0.0,0.0,0.3,2.03
13.8,188.7,6.19,40.0,166,190.4,190.0,190.0,500.0,500.0,0.0,0.0,0.0,0.3,2.03
13.8,188.8,6.19,39.8,167,190.4,190.0,190.0,500.0,500.0,0.0,0.0,0.0,0.3,2.04
13.8,188.9,6.19,39.8,168,190.4,190.0,190.0,500.0,500.0,0.0,0.0,0.0,0.3,2.05
13.8,189.0,6.19,39.8,169,190.4,190.0,190.0,500.0,500.0,0.0,0.0,0.0,0.3,2.06
13.8,189.1,6.19,39.8,170,190.4,190.0,190.0,500.0,500.0,0.0,0.0,0.0,0.3,2.07
13.8,189.2,6.19,39.8,171,190.5,190.0,190.0,500.0,500.0,0.0,0.0,0.0,0.3,2.08
13.7,189.3,6.19,40.0,172,190.6,190.0,190.0,500.0,500.0,0.0,0.0,0.0,0.3,2.09
13.7,189.4,6.19,39.8,173,190.6,190.0,190.0,500.0,500.0,0.0,0.0,0.0,0.3,2.10
13.7,189.5,6.19,39.8,174,190.6,190.1,190.0,500.0,500.0,0.0,0.0,0.0,0.3,2.11
13.7,189.6,6.19,39.8,175,190.6,190.1,190.0,500.0,500.0,0.0,0.0,0.0,0.3,2.12
13.6,189.7,6.19,39.8,176,190.6,190.1,190.0,500.0,500.0,0.0,0.0,0.0,0.3,2.13
13.6,189.7,6.19,39.8,177,190.6,190.1,190.0,500.0,500.0,0.0,0.0,0.0,0.3,2.13
13.7,189.8,6.19,40.0,178,190.6,190.1,190.0,500.0,500.0,0.0,0.0,0.0,0.3,2.14
13.7,189.9,6.19,40.0,179,190.6,190.1,190.0,500.0,500.0,0.0,0.0,0.0,0.3,2.15
13.8,190.0,6.19,39.8,180,190.6,190.1,190.0,500.0,500.0,0.0,0.0,0.0,0.3,2.16
13.8,190.0,6.19,39.8,181,190.6,190.1,190.0,500.0,500.0,0.0,0.0,0.0,0.3,2.17
13.8,190.1,6.19,39.8,182,190.6,190.1,190.0,500.0,500.0,0.0,0.0,0.0,0.3,2.18
13.7,190.2,6.19,39.8,183,190.7,190.1,190.0,500.0,500.0,0.0,0.0,0.0,0.3,2.19
13.7,190.2,6.19,39.8,184,190.7,190.1,190.0,500.0,500.0,0.0,0.0,0.0,0.3,2.20
13.7,190.3,6.19,40.0,185,190.7,190.1,190.0,500.0,500.0,0.0,0.0,0.0,0.3,2.21
13.7,190.4,6.19,39.8,186,190.7,190.0,190.0,500.0,500.0,0.0,0.0,0.0,0.3,2.22
13.7,190.5,6.19,39.8,187,190.7,190.0,190.0,500.0,500.0,0.0,0.0,0.0,0.3,2.23
13.7,190.5,6.19,39.6,188,190.7,190.0,190.0,500.0,500.0,0.0,0.0,0.0,0.3,2.23
13.8,190.6,6.19,39.6,189,190.7,190.0,190.0,500.0,500.0,0.0,0.0,0.0,0.3,2.24
13.7,190.7,6.19,39.6,190,190.7,190.0,190.0,500.0,500.0,0.0,0.0,0.0,0.3,2.25
13.7,190.8,6.19,39.8,191,190.8,190.0,190.0,500.0,500.0,0.0,0.0,0.0,0.3,2.26
13.6,190.8,6.19,39.8,192,190.8,190.0,190.1,500.0,500.0,0.0,0.0,0.0,0.3,2.27
13.6,190.9,6.19,40.0,193,190.8,190.0,190.1,500.0,500.0,0.0,0.0,0.0,0.3,2.28
13.5,191.0,6.19,39.8,194,190.8,190.0,190.1,500.0,500.0,0.0,0.0,0.0,0.3,2.29
13.5,191.0,6.19,39.8,195,190.8,190.0,190.1,500.0,500.0,0.0,0.0,0.0,0.3,2.30
13.6,191.1,6.19,39.8,196,190.8,190.0,190.2,500.0,500.0,0.0,0.0,0.0,0.3,2.31
13.6,191.2,6.19,39.8,197,190.8,190.0,190.2,500.0,500.0,0.0,0.0,0.0,0.3,2.32
13.6,191.3,6.19,39.8,198,190.8,190.0,190.2,500.0,500.0,0.0,0.0,0.0,0.3,2.33
13.6,191.4,6.19,40.0,199,190.8,190.0,190.2,500.0,500.0,0.0,0.0,0.0,0.3,2.33
13.5,191.4,6.19,40.0,200,190.8,190.0,190.3,500.0,500.0,0.0,0.0,0.0,0.3,2.34
13.5,191.5,6.19,39.8,201,190.9,190.0,190.3,500.0,500.0,0.0,0.0,0.0,0.3,2.35
13.6,191.6,6.19,39.8,202,190.9,190.0,190.3,500.0,500.0,0.0,0.0,0.0,0.3,2.36
13.6,191.6,6.19,39.8,203,190.9,190.0,190.4,500.0,500.0,0.0,0.0,0.0,0.3,2.37
13.6,191.7,6.19,39.8,204,190.9,190.0,190.4,500.0,500.0,0.0,0.0,0.0,0.3,2.38
13.6,191.8,6.19,39.8,205,190.9,190.0,190.4,500.0,500.0,0.0,0.0,0.0,0.3,2.39
13.6,191.8,6.19,40.0,206,190.9,190.0,190.4,500.0,500.0,0.0,0.0,0.0,0.3,2.40
13.6,191.8,6.19,39.8,207,190.9,190.0,190.4,500.0,500.0,0.0,0.0,0.0,0.3,2.41
13.5,191.9,6.19,40.0,208,190.9,190.0,190.4,500.0,500.0,0.0,0.0,0.0,0.3,2.42
13.5,192.0,6.19,40.0,209,190.9,190.0,190.5,500.0,500.0,0.0,0.0,0.0,0.3,2.42
13.6,192.1,6.19,40.0,210,190.9,190.0,190.5,500.0,500.0,0.0,0.0,0.0,0.3,2.43
13.6,192.1,6.19,40.0,211,191.0,190.0,190.5,500.0,500.0,0.0,0.0,0.0,0.3,2.44
13.5,192.2,6.19,40.2,212,191.0,190.0,190.5,500.0,500.0,0.0,0.0,0.0,0.3,2.45
13.5,192.2,6.19,40.0,213,191.0,190.0,190.5,500.0,500.0,0.0,0.0,0.0,0.3,2.46
13.5,192.2,6.19,40.0,214,191.0,190.0,190.5,500.0,500.0,0.0,0.0,0.0,0.3,2.47
13.4,192.3,6.19,40.2,215,191.0,190.0,190.5,500.0,500.0,0.0,0.0,0.0,0.3,2.48
13.4,192.4,6.19,40.0,216,191.0,190.0,190.5,500.0,500.0,0.0,0.0,0.0,0.3,2.49
13.4,192.4,6.19,40.0,217,191.0,190.0,190.6,500.0,500.0,0.0,0.0,0.0,0.3,2.50
13.4,192.5,6.19,40.0,218,191.0,190.0,190.6,500.0,500.0,0.0,0.0,0.0,0.3,2.51
13.4,192.6,6.19,40.0,219,191.0,190.0,190.6,500.0,500.0,0.0,0.0,0.0,0.3,2.51
13.4,192.6,6.19,39.8,220,191.0,190.0,190.6,500.0,500.0,0.0,0.0,0.0,0.3,2.52
13.5,192.7,6.19,40.0,221,191.0,190.0,190.6,500.0,500.0,0.0,0.0,0.0,0.3,2.53
13.5,192.8,6.19,39.8,222,191.0,190.0,190.6,500.0,500.0,0.0,0.0,0.0,0.3,2.54
13.4,192.8,6.19,39.8,223,191.0,190.0,190.6,500.0,500.0,0.0,0.0,0.0,0.3,2.55
13.4,192.8,6.19,39.8,224,191.0,190.0,190.6,500.0,500.0,0.0,0.0,0.0,0.3,2.56
13.4,192.9,6.19,39.8,225,191.0,190.0,190.6,500.0,500.0,0.0,0.0,0.0,0.3,2.57
13.4,193.0,6.19,39.8,226,191.0,190.0,190.6,500.0,500.0,0.0,0.0,0.0,0.3,2.58
13.4,193.0,6.19,40.0,227,191.0,190.0,190.6,500.0,500.0,0.0,0.0,0.0,0.3,2.59
13.4,193.1,6.19,40.0,228,191.0,190.0,190.6,500.0,500.0,0.0,0.0,0.0,0.3,2.59
13.4,193.2,6.19,39.8,229,191.0,190.0,190.6,500.0,500.0,0.0,0.0,0.0,0.3,2.60
13.4,193.2,6.19,39.8,230,191.0,190.0,190.6,500.0,500.0,0.0,0.0,0.0,0.3,2.61
13.4,193.2,6.19,39.8,231,191.0,190.0,190.6,500.0,500.0,0.0,0.0,0.0,0.3,2.62
13.4,193.3,6.19,39.8,232,191.0,190.0,190.6,500.0,500.0,0.0,0.0,0.0,0.3,2.63
13.4,193.4,6.19,39.8,233,191.0,190.0,190.6,500.0,500.0,0.0,0.0,0.0,0.3,2.64
13.4,193.4,6.19,40.0,234,191.0,190.1,190.6,500.0,500.0,0.0,0.0,0.0,0.3,2.65
13.4,193.5,6.19,40.0,235,191.0,190.1,190.6,500.0,500.0,0.0,0.0,0.0,0.3,2.66
13.4,193.6,6.19,40.0,236,191.0,190.1,190.6,500.0,500.0,0.0,0.0,0.0,0.3,2.67
13.4,193.7,6.19,39.8,237,191.0,190.1,190.6,500.0,500.0,0.0,0.0,0.0,0.3,2.67
13.4,193.7,6.19,39.8,238,191.0,190.1,190.6,500.0,500.0,0.0,0.0,0.0,0.3,2.68
13.4,193.8,6.19,39.8,239,191.0,190.1,190.6,500.0,500.0,0.0,0.0,0.0,0.3,2.69
13.3,193.8,6.19,39.8,240,191.1,190.1,190.6,500.0,500.0,0.0,0.0,0.0,0.3,2.70
13.4,193.8,6.19,39.8,241,191.1,190.1,190.6,500.0,500.0,0.0,0.0,0.0,0.3,2.71
13.4,193.9,6.19,40.0,242,191.1,190.1,190.6,500.0,500.0,0.0,0.0,0.0,0.3,2.72
13.3,193.9,6.19,40.0,243,191.1,190.0,190.6,500.0,500.0,0.0,0.0,0.0,0.3,2.73
13.3,193.9,6.19,39.8,244,191.1,190.0,190.6,500.0,500.0,0.0,0.0,0.0,0.3,2.74
13.4,194.0,6.19,39.8,245,191.1,190.0,190.6,500.0,500.0,0.0,0.0,0.0,0.3,2.75
13.4,194.1,6.19,39.8,246,191.1,190.0,190.5,500.0,500.0,0.0,0.0,0.0,0.3,2.75
13.4,194.1,6.19,39.8,247,191.1,190.0,190.5,500.0,500.0,0.0,0.0,0.0,0.3,2.76
13.3,194.1,6.19,39.8,248,191.1,190.0,190.5,500.0,500.0,0.0,0.0,0.0,0.3,2.77
13.3,194.2,6.19,40.0,249,191.1,190.0,190.5,500.0,500.0,0.0,0.0,0.0,0.3,2.78
13.3,194.2,6.19,39.8,250,191.1,190.0,190.5,500.0,500.0,0.0,0.0,0.0,0.3,2.79
13.2,194.3,6.19,39.8,251,191.1,190.0,190.5,500.0,500.0,0.0,0.0,0.0,0.3,2.80
13.2,194.3,6.19,39.8,252,191.1,190.0,190.5,500.0,500.0,0.0,0.0,0.0,0.3,2.81
13.2,194.4,6.19,39.8,253,191.1,190.0,190.4,500.0,500.0,0.0,0.0,0.0,0.3,2.82
13.2,194.4,6.19,39.8,254,191.1,190.0,190.4,500.0,500.0,0.0,0.0,0.0,0.3,2.82
13.2,194.5,6.19,40.0,255,191.1,190.0,190.4,500.0,500.0,0.0,0.0,0.0,0.3,2.83
13.3,194.5,6.19,40.0,256,191.0,190.0,190.4,500.0,500.0,0.0,0.0,0.0,0.3,2.84
13.3,194.5,6.19,39.8,257,191.0,190.0,190.4,500.0,500.0,0.0,0.0,0.0,0.3,2.85
13.3,194.5,6.19,39.8,258,191.0,190.0,190.4,500.0,500.0,0.0,0.0,0.0,0.3,2.86
13.3,194.6,6.19,39.8,259,191.0,190.0,190.3,500.0,500.0,0.0,0.0,0.0,0.3,2.87
13.3,194.6,6.19,39.8,260,191.0,190.0,190.3,500.0,500.0,0.0,0.0,0.0,0.3,2.88
13.3,194.6,6.19,39.8,261,191.0,190.0,190.3,500.0,500.0,0.0,0.0,0.0,0.3,2.89
13.3,194.7,6.19,40.0,262,191.0,190.0,190.3,500.0,500.0,0.0,0.0,0.0,0.3,2.90
13.3,194.7,6.19,40.0,263,191.0,190.0,190.3,500.0,500.0,0.0,0.0,0.0,0.3,2.90
13.3,194.8,6.19,40.0,264,191.0,190.0,190.2,500.0,500.0,0.0,0.0,0.0,0.3,2.91
13.3,194.8,6.19,39.8,265,190.9,190.0,190.2,500.0,500.0,0.0,0.0,0.0,0.3,2.92
13.3,194.9,6.19,39.8,266,190.9,190.0,190.2,500.0,500.0,0.0,0.0,0.0,0.3,2.93
13.3,194.9,6.19,39.8,267,190.9,190.0,190.2,500.0,500.0,0.0,0.0,0.0,0.3,2.94
13.2,195.0,6.19,39.8,268,190.9,190.0,190.2,500.0,500.0,0.0,0.0,0.0,0.3,2.95
13.3,195.0,6.19,39.8,269,190.9,190.0,190.2,500.0,500.0,0.0,0.0,0.0,0.3,2.96
13.2,195.0,6.19,40.0,270,190.9,190.0,190.2,500.0,500.0,0.0,0.0,0.0,0.3,2.97
13.2,195.0,6.19,39.8,271,190.9,190.0,190.2,500.0,500.0,0.0,0.0,0.0,0.3,2.97
13.2,195.1,6.19,39.8,272,190.9,190.0,190.2,500.0,500.0,0.0,0.0,0.0,0.3,2.98
13.2,195.1,6.19,39.8,273,190.8,190.0,190.1,500.0,500.0,0.0,0.0,0.0,0.3,2.99
13.1,195.1,6.19,39.8,274,190.8,190.0,190.1,500.0,500.0,0.0,0.0,0.0,0.3,3.00
13.2,195.1,6.19,39.8,275,190.8,190.0,190.1,500.0,500.0,0.0,0.0,0.0,0.3,3.01
13.3,195.2,6.19,40.0,276,190.8,190.0,190.1,500.0,500.0,0.0,0.0,0.0,0.3,3.02
13.1,195.2,6.19,40.0,277,190.8,190.0,190.1,500.0,500.0,0.0,0.0,0.0,0.3,3.03
13.2,195.2,6.19,39.8,278,190.8,190.0,190.1,500.0,500.0,0.0,0.0,0.0,0.3,3.04
13.2,195.3,6.19,39.8,279,190.8,190.0,190.1,500.0,500.0,0.0,0.0,0.0,0.3,3.04
13.2,195.3,6.19,39.6,280,190.8,190.0,190.1,500.0,500.0,0.0,0.0,0.0,0.3,3.05
13.2,195.4,6.19,39.6,281,190.8,190.0,190.1,500.0,500.0,0.0,0.0,0.0,0.3,3.06
13.2,195.5,6.19,39.6,282,190.8,190.0,190.1,500.0,500.0,0.0,0.0,0.0,0.3,3.07
13.2,195.5,6.19,39.8,283,190.8,190.0,190.1,500.0,500.0,0.0,0.0,0.0,0.3,3.08
13.3,195.5,6.19,39.8,284,190.8,190.0,190.2,500.0,500.0,0.0,0.0,0.0,0.3,3.09
13.3,195.6,6.19,40.0,285,190.8,190.0,190.2,500.0,500.0,0.0,0.0,0.0,0.3,3.10
13.2,195.6,6.19,39.8,286,190.8,190.0,190.2,500.0,500.0,0.0,0.0,0.0,0.3,3.11
13.3,195.6,6.19,39.8,287,190.8,190.0,190.2,500.0,500.0,0.0,0.0,0.0,0.3,3.12
13.2,195.6,6.19,39.8,288,190.8,190.0,190.2,500.0,500.0,0.0,0.0,0.0,0.3,3.12
13.1,195.7,6.19,39.8,289,190.7,190.0,190.2,500.0,500.0,0.0,0.0,0.0,0.3,3.13
13.2,195.7,6.19,39.8,290,190.7,190.0,190.2,500.0,500.0,0.0,0.0,0.0,0.3,3.14
13.2,195.7,6.19,40.0,291,190.7,190.0,190.2,500.0,500.0,0.0,0.0,0.0,0.3,3.15
13.1,195.8,6.19,40.0,292,190.7,190.0,190.2,500.0,500.0,0.0,0.0,0.0,0.3,3.16
13.1,195.8,6.19,39.8,293,190.7,190.0,190.2,500.0,500.0,0.0,0.0,0.0,0.3,3.17
13.2,195.8,6.19,39.8,294,190.7,190.0,190.2,500.0,500.0,0.0,0.0,0.0,0.3,3.18
13.1,195.9,6.19,39.8,295,190.7,190.0,190.2,500.0,500.0,0.0,0.0,0.0,0.3,3.18
13.1,195.9,6.18,39.8,296,190.7,190.0,190.2,500.0,500.0,0.0,0.0,0.0,0.3,3.19
13.1,195.9,6.18,39.8,297,190.6,190.0,190.2,500.0,500.0,0.0,0.0,0.0,0.3,3.20
13.1,195.9,6.18,40.0,298,190.6,190.0,190.2,500.0,500.0,0.0,0.0,0.0,0.3,3.21
13.1,195.9,6.18,39.8,299,190.6,190.0,190.2,500.0,500.0,0.0,0.0,0.0,0.3,3.22
13.1,195.9,6.18,39.8,300,190.6,190.0,190.2,500.0,500.0,0.0,0.0,0.0,0.3,3.23
13.1,196.0,6.19,39.8,301,190.6,190.0,190.2,500.0,500.0,0.0,0.0,0.0,0.3,3.24
13.2,196.0,6.19,39.8,302,190.6,190.0,190.2,500.0,500.0,0.0,0.0,0.0,0.3,3.25
13.1,196.0,6.19,39.8,303,190.6,190.0,190.2,500.0,500.0,0.0,0.0,0.0,0.3,3.25
13.2,196.0,6.19,40.0,304,190.6,190.0,190.3,500.0,500.0,0.0,0.0,0.0,0.3,3.26
13.3,196.0,6.19,40.0,305,190.5,190.0,190.3,500.0,500.0,0.0,0.0,0.0,0.3,3.27
13.3,196.1,6.19,39.8,306,190.5,190.0,190.3,500.0,500.0,0.0,0.0,0.0,0.3,3.28
13.2,196.1,6.19,39.8,307,190.5,190.0,190.3,500.0,500.0,0.0,0.0,0.0,0.3,3.29
13.2,196.1,6.19,39.8,308,190.5,190.0,190.3,500.0,500.0,0.0,0.0,0.0,0.3,3.30
13.2,196.2,6.19,39.8,309,190.5,190.0,190.3,500.0,500.0,0.0,0.0,0.0,0.3,3.31
13.1,196.2,6.19,39.8,310,190.5,190.0,190.3,500.0,500.0,0.0,0.0,0.0,0.3,3.32
13.0,196.2,6.19,40.0,311,190.5,190.0,190.3,500.0,500.0,0.0,0.0,0.0,0.3,3.32
13.0,196.2,6.19,40.0,312,190.5,190.0,190.4,500.0,500.0,0.0,0.0,0.0,0.3,3.33
13.0,196.2,6.19,40.0,313,190.4,190.0,190.4,500.0,500.0,0.0,0.0,0.0,0.3,3.34
12.9,196.2,6.19,39.8,314,190.4,190.0,190.4,500.0,500.0,0.0,0.0,0.0,0.3,3.35
13.0,196.3,6.19,39.8,315,190.4,190.0,190.4,500.0,500.0,0.0,0.0,0.0,0.3,3.36
13.0,196.3,6.19,39.8,316,190.4,190.0,190.4,500.0,500.0,0.0,0.0,0.0,0.3,3.37
12.9,196.3,6.19,39.8,317,190.4,190.0,190.4,500.0,500.0,0.0,0.0,0.0,0.3,3.38
12.9,196.4,6.19,39.8,318,190.4,190.0,190.4,500.0,500.0,0.0,0.0,0.0,0.3,3.39
13.0,196.4,6.19,40.0,319,190.4,190.0,190.4,500.0,500.0,0.0,0.0,0.0,0.3,3.39
12.9,196.4,6.19,39.8,320,190.4,190.0,190.4,500.0,500.0,0.0,0.0,0.0,0.3,3.40
12.9,196.5,6.19,39.8,321,190.4,190.0,190.4,500.0,500.0,0.0,0.0,0.0,0.3,3.41
12.9,196.5,6.19,39.8,322,190.4,190.0,190.5,500.0,500.0,0.0,0.0,0.0,0.3,3.42
12.9,196.5,6.19,39.8,323,190.3,190.0,190.5,500.0,500.0,0.0,0.0,0.0,0.3,3.43
12.9,196.5,6.19,39.8,324,190.3,190.0,190.5,500.0,500.0,0.0,0.0,0.0,0.3,3.44
12.9,196.5,6.19,40.0,325,190.3,190.0,190.5,500.0,500.0,0.0,0.0,0.0,0.3,3.45
12.9,196.5,6.19,40.0,326,190.3,190.0,190.5,500.0,500.0,0.0,0.0,0.0,0.3,3.45
13.0,196.6,6.19,39.8,327,190.3,190.0,190.5,500.0,500.0,0.0,0.0,0.0,0.3,3.46
12.9,196.6,6.19,39.8,328,190.3,190.0,190.5,500.0,500.0,0.0,0.0,0.0,0.3,3.47
12.9,196.6,6.19,39.8,329,190.3,190.0,190.5,500.0,500.0,0.0,0.0,0.0,0.3,3.48
13.0,196.6,6.19,39.8,330,190.3,190.0,190.5,500.0,500.0,0.0,0.0,0.0,0.3,3.49
12.9,196.6,6.19,39.8,331,190.3,190.0,190.5,500.0,500.0,0.0,0.0,0.0,0.3,3.50
12.8,196.7,6.19,40.0,332,190.3,190.0,190.5,500.0,500.0,0.0,0.0,0.0,0.3,3.51
12.9,196.7,6.19,39.8,333,190.3,190.0,190.5,500.0,500.0,0.0,0.0,0.0,0.3,3.51
12.9,196.7,6.19,39.8,334,190.3,190.0,190.5,500.0,500.0,0.0,0.0,0.0,0.3,3.52
12.8,196.8,6.19,39.6,335,190.3,190.0,190.5,500.0,500.0,0.0,0.0,0.0,0.3,3.53
12.9,196.9,6.19,39.6,336,190.3,190.0,190.5,500.0,500.0,0.0,0.0,0.0,0.3,3.54
12.9,196.9,6.19,39.6,337,190.3,190.1,190.6,500.0,500.0,0.0,0.0,0.0,0.3,3.55
12.8,196.9,6.19,39.8,338,190.3,190.3,190.7,500.0,500.0,0.0,0.0,0.0,0.3,3.56
12.8,196.9,6.19,39.8,339,190.3,190.3,190.7,500.0,500.0,0.0,0.0,0.0,0.3,3.56
12.8,196.9,6.19,40.0,340,190.3,190.3,190.7,500.0,500.0,0.0,0.0,0.0,0.3,3.57
12.8,196.9,6.19,39.8,341,190.3,190.3,190.7,500.0,500.0,0.0,0.0,0.0,0.3,3.58
12.8,196.9,6.19,39.6,342,190.3,190.3,190.7,500.0,500.0,0.0,0.0,0.0,0.3,3.59
12.8,196.9,6.19,39.6,343,190.3,190.3,190.7,500.0,500.0,0.0,0.0,0.0,0.3,3.60
12.8,196.9,6.19,39.6,344,190.3,190.2,190.6,500.0,500.0,0.0,0.0,0.0,0.3,3.61
12.8,197.0,6.19,39.6,345,190.3,190.2,190.6,500.0,500.0,0.0,0.0,0.0,0.3,3.62
12.8,197.0,6.19,39.8,346,190.3,190.2,190.6,500.0,500.0,0.0,0.0,0.0,0.3,3.62
12.8,197.0,6.19,40.0,347,190.3,190.1,190.6,500.0,500.0,0.0,0.0,0.0,0.3,3.63
12.8,197.0,6.19,39.8,348,190.3,190.0,190.6,500.0,500.0,0.0,0.0,0.0,0.3,3.64
12.8,197.1,6.19,40.0,349,190.3,190.0,190.6,500.0,500.0,0.0,0.0,0.0,0.3,3.65
12.8,197.1,6.19,39.8,350,190.3,190.0,190.6,500.0,500.0,0.0,0.0,0.0,0.3,3.66
12.8,197.1,6.19,39.8,351,190.3,190.0,190.6,500.0,500.0,0.0,0.0,0.0,0.3,3.67
12.8,197.1,6.19,39.8,352,190.2,190.0,190.6,500.0,500.0,0.0,0.0,0.0,0.3,3.68
12.8,197.1,6.19,40.0,353,190.2,190.0,190.6,500.0,500.0,0.0,0.0,0.0,0.3,3.68
12.7,197.2,6.19,39.8,354,190.2,190.0,190.6,500.0,500.0,0.0,0.0,0.0,0.3,3.69
12.8,197.2,6.19,40.0,355,190.2,190.0,190.6,500.0,500.0,0.0,0.0,0.0,0.3,3.70
12.8,197.1,6.19,40.0,356,190.2,190.0,190.6,500.0,500.0,0.0,0.0,0.0,0.3,3.71
12.8,197.1,6.19,40.0,357,190.2,190.0,190.6,500.0,500.0,0.0,0.0,0.0,0.3,3.72
12.8,197.2,6.19,40.0,358,190.2,190.0,190.5,500.0,500.0,0.0,0.0,0.0,0.3,3.73
12.9,197.2,6.19,40.0,359,190.2,190.0,190.5,500.0,500.0,0.0,0.0,0.0,0.3,3.73
12.7,197.2,6.19,40.0,360,190.2,190.0,190.5,500.0,500.0,0.0,0.0,0.0,0.3,3.74
12.8,197.2,6.19,39.8,361,190.2,190.0,190.5,500.0,500.0,0.0,0.0,0.0,0.3,3.75
12.9,197.3,6.19,40.0,362,190.2,190.0,190.5,500.0,500.0,0.0,0.0,0.0,0.3,3.76
12.9,197.3,6.19,39.8,363,190.2,190.0,190.5,500.0,500.0,0.0,0.0,0.0,0.3,3.77
12.9,197.3,6.19,39.8,364,190.2,190.0,190.4,500.0,500.0,0.0,0.0,0.0,0.3,3.78
12.9,197.3,6.19,39.8,365,190.2,190.0,190.4,500.0,500.0,0.0,0.0,0.0,0.3,3.79
12.9,197.3,6.19,40.0,366,190.2,190.0,190.4,500.0,500.0,0.0,0.0,0.0,0.3,3.79
12.9,197.3,6.19,39.8,367,190.1,190.0,190.4,500.0,500.0,0.0,0.0,0.0,0.3,3.80
12.8,197.3,6.19,40.0,368,190.1,190.0,190.4,500.0,500.0,0.0,0.0,0.0,0.3,3.81
12.8,197.3,6.19,39.8,369,190.1,190.0,190.4,500.0,500.0,0.0,0.0,0.0,0.3,3.82
12.9,197.4,6.19,39.8,370,190.1,190.0,190.4,500.0,500.0,0.0,0.0,0.0,0.3,3.83
12.8,197.4,6.19,39.8,371,190.1,190.0,190.4,500.0,500.0,0.0,0.0,0.0,0.3,3.84
12.8,197.4,6.19,39.8,372,190.1,190.0,190.3,500.0,500.0,0.0,0.0,0.0,0.3,3.85
13.0,197.4,6.19,39.8,373,190.1,190.0,190.3,500.0,500.0,0.0,0.0,0.0,0.3,3.85
12.9,197.5,6.19,40.0,374,190.1,190.0,190.3,500.0,500.0,0.0,0.0,0.0,0.3,3.86
12.9,197.5,6.19,40.0,375,190.1,190.0,190.3,500.0,500.0,0.0,0.0,0.0,0.3,3.87
13.0,197.5,6.19,39.8,376,190.1,190.0,190.3,500.0,500.0,0.0,0.0,0.0,0.3,3.88
13.0,197.6,6.19,39.8,377,190.2,190.0,190.3,500.0,500.0,0.0,0.0,0.0,0.3,3.89
12.9,197.6,6.19,39.6,378,190.2,190.0,190.3,500.0,500.0,0.0,0.0,0.0,0.3,3.90
12.9,197.6,6.19,39.6,379,190.2,190.0,190.3,500.0,500.0,0.0,0.0,0.0,0.3,3.91
12.9,197.6,6.19,39.6,380,190.2,190.0,190.3,500.0,500.0,0.0,0.0,0.0,0.3,3.91
12.9,197.6,6.19,39.8,381,190.2,190.0,190.3,500.0,500.0,0.0,0.0,0.0,0.3,3.92
12.9,197.6,6.19,39.8,382,190.2,190.0,190.3,500.0,500.0,0.0,0.0,0.0,0.3,3.93
12.9,197.6,6.19,40.0,383,190.2,190.0,190.3,500.0,500.0,0.0,0.0,0.0,0.3,3.94
12.9,197.6,6.19,39.8,384,190.2,190.0,190.3,500.0,500.0,0.0,0.0,0.0,0.3,3.95
12.8,197.6,6.19,39.8,385,190.2,190.0,190.3,500.0,500.0,0.0,0.0,0.0,0.3,3.96
12.8,197.6,6.19,39.8,386,190.2,190.1,190.3,500.0,500.0,0.0,0.0,0.0,0.3,3.97
12.8,197.6,6.19,39.8,387,190.2,190.1,190.3,500.0,500.0,0.0,0.0,0.0,0.3,3.97
12.9,197.6,6.19,39.8,388,190.2,190.1,190.3,500.0,500.0,0.0,0.0,0.0,0.3,3.98
12.9,197.6,6.19,40.0,389,190.1,190.1,190.3,500.0,500.0,0.0,0.0,0.0,0.3,3.99
12.9,197.6,6.19,40.2,390,190.1,190.2,190.3,500.0,500.0,0.0,0.0,0.0,0.3,4.00
12.9,197.6,6.19,40.0,391,190.1,190.2,190.3,500.0,500.0,0.0,0.0,0.0,0.3,4.01
12.9,197.6,6.19,40.0,392,190.1,190.2,190.3,500.0,500.0,0.0,0.0,0.0,0.3,4.02
12.9,197.7,6.19,40.0,393,190.1,190.2,190.3,500.0,500.0,0.0,0.0,0.0,0.3,4.03
12.9,197.7,6.19,40.0,394,190.1,190.2,190.3,500.0,500.0,0.0,0.0,0.0,0.3,4.03
12.9,197.7,6.19,39.8,395,190.1,190.2,190.3,500.0,500.0,0.0,0.0,0.0,0.3,4.04
12.9,197.7,6.19,40.0,396,190.1,190.2,190.3,500.0,500.0,0.0,0.0,0.0,0.3,4.05
12.9,197.7,6.19,39.8,397,190.1,190.2,190.3,500.0,500.0,0.0,0.0,0.0,0.3,4.06
13.0,197.7,6.19,39.8,398,190.1,190.1,190.3,500.0,500.0,0.0,0.0,0.0,0.3,4.07
12.9,197.7,6.19,39.8,399,190.1,190.0,190.3,500.0,500.0,0.0,0.0,0.0,0.3,4.08
12.9,197.7,6.19,39.8,400,190.1,190.0,190.3,500.0,500.0,0.0,0.0,0.0,0.3,4.09
13.0,197.7,6.19,39.8,401,190.1,190.0,190.3,500.0,500.0,0.0,0.0,0.0,0.3,4.09
12.9,197.7,6.19,40.0,402,190.1,190.0,190.3,500.0,500.0,0.0,0.0,0.0,0.3,4.10
12.9,197.7,6.19,40.0,403,190.1,190.0,190.3,500.0,500.0,0.0,0.0,0.0,0.3,4.11
12.9,197.8,6.19,39.8,404,190.0,190.0,190.3,500.0,500.0,0.0,0.0,0.0,0.3,4.12
13.0,197.8,6.19,39.8,405,190.0,190.0,190.3,500.0,500.0,0.0,0.0,0.0,0.3,4.13
13.0,197.8,6.19,39.8,406,190.0,190.0,190.3,500.0,500.0,0.0,0.0,0.0,0.3,4.14
13.0,197.8,6.19,39.8,407,190.0,190.0,190.3,500.0,500.0,0.0,0.0,0.0,0.3,4.15
13.0,197.8,6.19,39.8,408,190.0,190.0,190.3,500.0,500.0,0.0,0.0,0.0,0.3,4.15
13.0,197.8,6.19,40.0,409,190.0,190.0,190.3,500.0,500.0,0.0,0.0,0.0,0.3,4.16
13.0,197.8,6.19,40.0,410,190.0,190.0,190.3,500.0,500.0,0.0,0.0,0.0,0.3,4.17
12.9,197.8,6.19,40.0,411,190.0,190.0,190.3,500.0,500.0,0.0,0.0,0.0,0.3,4.18
12.9,197.8,6.19,39.8,412,190.0,190.0,190.3,500.0,500.0,0.0,0.0,0.0,0.3,4.19
13.0,197.8,6.19,39.8,413,190.0,189.9,190.3,500.0,500.0,0.0,0.0,0.0,0.3,4.20
12.8,197.8,6.19,39.8,414,190.0,189.9,190.3,500.0,500.0,0.0,0.0,0.0,0.3,4.21
12.9,197.8,6.19,39.8,415,190.0,189.9,190.3,500.0,500.0,0.0,0.0,0.0,0.3,4.21
13.0,197.8,6.19,39.8,416,190.0,189.9,190.3,500.0,500.0,0.0,0.0,0.0,0.3,4.22
12.9,197.8,6.19,40.0,417,190.0,189.9,190.3,500.0,500.0,0.0,0.0,0.0,0.3,4.23
12.9,197.9,6.19,39.8,418,190.0,189.8,190.3,500.0,500.0,0.0,0.0,0.0,0.3,4.24
13.0,197.9,6.19,39.8,419,190.0,189.7,190.3,500.0,500.0,0.0,0.0,0.0,0.3,4.25
13.0,197.9,6.19,39.8,420,190.0,189.7,190.3,500.0,500.0,0.0,0.0,0.0,0.3,4.26
12.9,197.9,6.19,39.8,421,190.0,189.7,190.3,500.0,500.0,0.0,0.0,0.0,0.3,4.27
12.9,197.9,6.19,39.8,422,190.0,189.7,190.3,500.0,500.0,0.0,0.0,0.0,0.3,4.27
13.0,197.9,6.19,40.0,423,190.0,189.7,190.3,500.0,500.0,0.0,0.0,0.0,0.3,4.28
12.9,197.9,6.19,39.8,424,190.0,189.7,190.3,500.0,500.0,0.0,0.0,0.0,0.3,4.29
12.9,197.9,6.19,39.8,425,190.0,189.7,190.3,500.0,500.0,0.0,0.0,0.0,0.3,4.30
13.0,197.9,6.19,39.8,426,190.0,189.8,190.3,500.0,500.0,0.0,0.0,0.0,0.3,4.31
13.1,197.9,6.19,39.8,427,190.0,189.9,190.3,500.0,500.0,0.0,0.0,0.0,0.3,4.32
13.0,197.9,6.19,39.8,428,190.0,189.9,190.3,500.0,500.0,0.0,0.0,0.0,0.3,4.33
13.1,197.9,6.19,40.0,429,190.0,189.9,190.3,500.0,500.0,0.0,0.0,0.0,0.3,4.33
13.1,197.9,6.19,40.0,430,190.0,190.0,190.4,500.0,500.0,0.0,0.0,0.0,0.3,4.34
13.2,197.9,6.19,39.8,431,190.0,190.0,190.4,500.0,500.0,0.0,0.0,0.0,0.3,4.35
13.1,197.9,6.19,39.8,432,190.0,190.0,190.4,500.0,500.0,0.0,0.0,0.0,0.3,4.36
13.2,198.0,6.19,39.8,433,190.0,190.0,190.4,500.0,500.0,0.0,0.0,0.0,0.3,4.37
13.1,198.0,6.19,39.8,434,190.0,190.0,190.4,500.0,500.0,0.0,0.0,0.0,0.3,4.38
13.1,198.0,6.19,39.8,435,190.0,190.0,190.4,500.0,500.0,0.0,0.0,0.0,0.3,4.39
13.0,198.0,6.19,40.0,436,190.0,190.0,190.5,500.0,500.0,0.0,0.0,0.0,0.3,4.40
13.0,198.1,6.19,39.8,437,190.0,190.0,190.5,500.0,500.0,0.0,0.0,0.0,0.3,4.40
13.0,198.1,6.19,39.8,438,190.0,190.0,190.5,500.0,500.0,0.0,0.0,0.0,0.3,4.41
12.9,198.1,6.19,39.6,439,190.0,190.0,190.5,500.0,500.0,0.0,0.0,0.0,0.3,4.42
12.9,198.1,6.19,39.6,440,190.0,190.1,190.5,500.0,500.0,0.0,0.0,0.0,0.3,4.43
13.0,198.1,6.19,39.6,441,190.0,190.1,190.5,500.0,500.0,0.0,0.0,0.0,0.3,4.44
13.0,198.1,6.19,39.8,442,190.0,190.1,190.5,500.0,500.0,0.0,0.0,0.0,0.3,4.45
13.0,198.1,6.19,39.8,443,190.0,190.1,190.5,500.0,500.0,0.0,0.0,0.0,0.3,4.46
13.1,198.1,6.18,40.0,444,190.0,190.2,190.5,500.0,500.0,0.0,0.0,0.0,0.3,4.46
13.0,198.1,6.18,40.0,445,190.0,190.2,190.5,500.0,500.0,0.0,0.0,0.0,0.3,4.47
13.0,198.1,6.18,39.8,446,190.0,190.3,190.5,500.0,500.0,0.0,0.0,0.0,0.3,4.48
13.0,198.1,6.18,39.8,447,190.0,190.3,190.5,500.0,500.0,0.0,0.0,0.0,0.3,4.49
13.0,198.1,6.18,39.8,448,190.0,190.3,190.5,500.0,500.0,0.0,0.0,0.0,0.3,4.50
13.0,198.1,6.19,39.8,449,190.0,190.2,190.5,500.0,500.0,0.0,0.0,0.0,0.3,4.51
13.1,198.1,6.19,39.8,450,190.0,190.2,190.5,500.0,500.0,0.0,0.0,0.0,0.3,4.52
13.0,198.1,6.19,40.0,451,190.0,190.2,190.5,500.0,500.0,0.0,0.0,0.0,0.3,4.53
13.0,198.1,6.19,40.0,452,190.0,190.2,190.5,500.0,500.0,0.0,0.0,0.0,0.3,4.53
13.0,198.1,6.19,40.2,453,190.0,190.1,190.5,500.0,500.0,0.0,0.0,0.0,0.3,4.54
12.9,198.1,6.19,40.2,454,190.0,190.0,190.5,500.0,500.0,0.0,0.0,0.0,0.3,4.55
12.9,198.1,6.19,40.2,455,190.0,190.0,190.5,500.0,500.0,0.0,0.0,0.0,0.3,4.56
12.9,198.1,6.19,40.2,456,190.0,190.0,190.5,500.0,500.0,0.0,0.0,0.0,0.3,4.57
12.9,198.1,6.19,40.2,457,190.0,190.0,190.5,500.0,500.0,0.0,0.0,0.0,0.3,4.58
13.0,198.1,6.19,40.0,458,190.0,190.0,190.5,500.0,500.0,0.0,0.0,0.0,0.3,4.59
13.0,198.1,6.19,39.8,459,190.0,190.0,190.5,500.0,500.0,0.0,0.0,0.0,0.3,4.59
12.9,198.1,6.19,40.0,460,190.0,190.0,190.5,500.0,500.0,0.0,0.0,0.0,0.3,4.60
13.0,198.2,6.19,39.8,461,190.0,190.0,190.5,500.0,500.0,0.0,0.0,0.0,0.3,4.61
13.0,198.2,6.19,39.8,462,190.0,190.0,190.5,500.0,500.0,0.0,0.0,0.0,0.3,4.62
12.9,198.2,6.19,39.8,463,190.0,190.0,190.5,500.0,500.0,0.0,0.0,0.0,0.3,4.63
13.0,198.2,6.19,40.0,464,190.0,190.0,190.4,500.0,500.0,0.0,0.0,0.0,0.3,4.64
13.0,198.2,6.19,39.8,465,190.0,190.0,190.4,500.0,500.0,0.0,0.0,0.0,0.3,4.65
13.0,198.2,6.19,40.0,466,190.0,190.0,190.4,500.0,500.0,0.0,0.0,0.0,0.3,4.66
13.0,198.2,6.19,39.8,467,190.0,190.0,190.4,500.0,500.0,0.0,0.0,0.0,0.3,4.66
13.0,198.2,6.19,39.8,468,190.0,190.0,190.4,500.0,500.0,0.0,0.0,0.0,0.3,4.67
13.0,198.2,6.19,39.8,469,190.0,190.0,190.4,500.0,500.0,0.0,0.0,0.0,0.3,4.68
13.0,198.2,6.19,39.8,470,190.0,190.0,190.4,500.0,500.0,0.0,0.0,0.0,0.3,4.69
13.0,198.2,6.19,39.8,471,190.0,190.0,190.4,500.0,500.0,0.0,0.0,0.0,0.3,4.70
13.0,198.2,6.19,40.0,472,190.0,190.0,190.4,500.0,500.0,0.0,0.0,0.0,0.3,4.71
13.0,198.2,6.19,40.0,473,190.0,190.0,190.4,500.0,500.0,0.0,0.0,0.0,0.3,4.72
13.0,198.2,6.19,39.8,474,190.0,190.0,190.4,500.0,500.0,0.0,0.0,0.0,0.3,4.72
13.0,198.2,6.19,39.8,475,190.0,190.0,190.4,500.0,500.0,0.0,0.0,0.0,0.3,4.73
13.0,198.2,6.19,39.8,476,190.0,190.0,190.3,500.0,500.0,0.0,0.0,0.0,0.3,4.74
13.0,198.2,6.19,39.8,477,190.0,190.0,190.3,500.0,500.0,0.0,0.0,0.0,0.3,4.75
13.1,198.2,6.19,39.8,478,190.0,190.0,190.3,500.0,500.0,0.0,0.0,0.0,0.3,4.76
13.1,198.2,6.19,40.0,479,190.0,190.0,190.3,500.0,500.0,0.0,0.0,0.0,0.3,4.77
13.0,198.2,6.19,39.8,480,190.0,190.0,190.3,500.0,500.0,0.0,0.0,0.0,0.3,4.78
13.1,198.2,6.19,39.8,481,190.0,190.0,190.3,500.0,500.0,0.0,0.0,0.0,0.3,4.78
13.1,198.2,6.19,39.6,482,190.0,190.0,190.3,500.0,500.0,0.0,0.0,0.0,0.3,4.79
13.1,198.2,6.19,39.6,483,190.0,190.1,190.3,500.0,500.0,0.0,0.0,0.0,0.3,4.80
13.1,198.2,6.19,39.6,484,190.0,190.3,190.3,500.0,500.0,0.0,0.0,0.0,0.3,4.81
13.0,198.2,6.19,39.8,485,190.0,190.3,190.3,500.0,500.0,0.0,0.0,0.0,0.3,4.82
13.0,198.2,6.19,39.8,486,190.0,190.3,190.2,500.0,500.0,0.0,0.0,0.0,0.3,4.83
13.0,198.2,6.19,40.0,487,190.0,190.4,190.2,500.0,500.0,0.0,0.0,0.0,0.3,4.84
13.0,198.2,6.19,40.0,488,190.0,190.5,190.2,500.0,500.0,0.0,0.0,0.0,0.3,4.85
13.0,198.3,6.19,39.8,489,190.0,190.5,190.2,500.0,500.0,0.0,0.0,0.0,0.3,4.85
13.1,198.3,6.19,39.8,490,190.0,190.5,190.2,500.0,500.0,0.0,0.0,0.0,0.3,4.86
13.0,198.3,6.19,39.8,491,190.0,190.6,190.2,500.0,500.0,0.0,0.0,0.0,0.3,4.87
13.0,198.2,6.19,39.8,492,190.0,190.7,190.2,500.0,500.0,0.0,0.0,0.0,0.3,4.88
13.1,198.2,6.19,39.8,493,190.0,190.7,190.2,500.0,500.0,0.0,0.0,0.0,0.3,4.89
13.0,198.2,6.19,40.0,494,190.0,190.7,190.1,500.0,500.0,0.0,0.0,0.0,0.3,4.90
13.0,198.2,6.19,39.8,495,190.0,190.7,190.1,500.0,500.0,0.0,0.0,0.0,0.3,4.91
13.0,198.2,6.19,39.8,496,190.0,190.7,190.1,500.0,500.0,0.0,0.0,0.0,0.3,4.91
13.0,198.2,6.19,39.8,497,190.0,190.7,190.1,500.0,500.0,0.0,0.0,0.0,0.3,4.92
13.1,198.2,6.19,39.8,498,190.0,190.6,190.1,500.0,500.0,0.0,0.0,0.0,0.3,4.93
13.1,198.2,6.19,39.8,499,190.0,190.5,190.1,500.0,500.0,0.0,0.0,0.0,0.3,4.94
13.1,198.3,6.19,40.0,500,190.0,190.5,190.1,500.0,500.0,0.0,0.0,0.0,0.3,4.95
13.2,198.3,6.19,39.8,501,190.0,190.5,190.1,500.0,500.0,0.0,0.0,0.0,0.3,4.96
13.1,198.4,6.19,39.8,502,190.0,190.5,190.1,500.0,500.0,0.0,0.0,0.0,0.3,4.97
13.1,198.4,6.19,39.8,503,190.0,190.5,190.1,500.0,500.0,0.0,0.0,0.0,0.3,4.98
13.1,198.4,6.19,39.8,504,190.0,190.4,190.1,500.0,500.0,0.0,0.0,0.0,0.3,4.98
13.1,198.4,6.19,39.8,505,190.0,190.3,190.1,500.0,500.0,0.0,0.0,0.0,0.3,4.99
13.1,198.4,6.19,40.0,506,190.0,190.2,190.1,500.0,500.0,0.0,0.0,0.0,0.3,5.00
13.1,198.4,6.19,40.0,507,190.0,190.2,190.1,500.0,500.0,0.0,0.0,0.0,0.3,5.01
13.1,198.4,6.19,39.8,508,190.0,190.2,190.1,500.0,500.0,0.0,0.0,0.0,0.3,5.02
13.1,198.4,6.19,39.6,509,190.0,190.2,190.1,500.0,500.0,0.0,0.0,0.0,0.3,5.03
13.0,198.4,6.19,39.6,510,190.0,190.0,190.1,500.0,500.0,0.0,0.0,0.0,0.3,5.04
13.0,198.4,6.19,39.6,511,190.0,190.0,190.1,500.0,500.0,0.0,0.0,0.0,0.3,5.04
13.0,198.4,6.19,39.6,512,190.0,190.0,190.1,500.0,500.0,0.0,0.0,0.0,0.3,5.05
13.0,198.3,6.19,39.8,513,190.0,190.0,190.1,500.0,500.0,0.0,0.0,0.0,0.3,5.06
13.0,198.3,6.19,40.0,514,190.0,190.0,190.1,500.0,500.0,0.0,0.0,0.0,0.3,5.07
13.0,198.4,6.19,40.0,515,190.0,190.0,190.1,500.0,500.0,0.0,0.0,0.0,0.3,5.08
13.0,198.4,6.19,39.8,516,190.0,190.0,190.1,500.0,500.0,0.0,0.0,0.0,0.3,5.09
13.0,198.4,6.19,39.8,517,190.0,190.0,190.1,500.0,500.0,0.0,0.0,0.0,0.3,5.10
13.0,198.4,6.19,39.8,518,190.0,190.0,190.1,500.0,500.0,0.0,0.0,0.0,0.3,5.11
13.0,198.4,6.19,39.8,519,190.0,190.0,190.1,500.0,500.0,0.0,0.0,0.0,0.3,5.11
13.0,198.4,6.19,39.8,520,190.0,190.0,190.1,500.0,500.0,0.0,0.0,0.0,0.3,5.12
13.0,198.4,6.19,40.0,521,190.0,190.0,190.1,500.0,500.0,0.0,0.0,0.0,0.3,5.13
13.0,198.4,6.19,40.0,522,190.0,190.0,190.1,500.0,500.0,0.0,0.0,0.0,0.3,5.14
13.0,198.4,6.19,39.8,523,190.0,190.0,190.0,500.0,500.0,0.0,0.0,0.0,0.3,5.15
13.0,198.4,6.19,39.8,524,190.0,190.0,190.0,500.0,500.0,0.0,0.0,0.0,0.3,5.16
13.0,198.4,6.19,39.8,525,190.0,190.0,190.0,500.0,500.0,0.0,0.0,0.0,0.3,5.17
13.0,198.4,6.19,39.8,526,190.0,190.0,190.0,500.0,500.0,0.0,0.0,0.0,0.3,5.17
13.0,198.4,6.19,39.8,527,190.0,190.0,190.0,500.0,500.0,0.0,0.0,0.0,0.3,5.18
13.0,198.4,6.19,40.0,528,190.0,190.0,190.0,500.0,500.0,0.0,0.0,0.0,0.3,5.19
13.1,198.4,6.19,39.8,529,190.0,190.0,190.0,500.0,500.0,0.0,0.0,0.0,0.3,5.20
13.1,198.4,6.19,39.8,530,190.0,190.0,190.0,500.0,500.0,0.0,0.0,0.0,0.3,5.21
12.9,198.4,6.19,39.8,531,190.0,190.0,190.0,500.0,500.0,0.0,0.0,0.0,0.3,5.22
13.0,198.4,6.19,39.8,532,190.0,190.0,190.0,500.0,500.0,0.0,0.0,0.0,0.3,5.23
13.0,198.5,6.19,39.8,533,190.0,190.0,190.0,500.0,500.0,0.0,0.0,0.0,0.3,5.23
12.9,198.5,6.19,40.0,534,190.0,190.0,190.0,500.0,500.0,0.0,0.0,0.0,0.3,5.24
13.0,198.5,6.19,39.8,535,190.0,190.0,190.0,500.0,500.0,0.0,0.0,0.0,0.3,5.25
13.0,198.5,6.19,39.8,536,190.0,190.0,190.1,500.0,500.0,0.0,0.0,0.0,0.3,5.26
12.9,198.5,6.19,39.8,537,190.0,190.0,190.1,500.0,500.0,0.0,0.0,0.0,0.3,5.27
13.0,198.5,6.19,39.8,538,190.0,190.0,190.1,500.0,500.0,0.0,0.0,0.0,0.3,5.28
13.0,198.5,6.19,39.8,539,190.0,190.1,190.1,500.0,500.0,0.0,0.0,0.0,0.3,5.29
12.9,198.5,6.19,40.0,540,190.0,190.2,190.1,500.0,500.0,0.0,0.0,0.0,0.3,5.29
13.0,198.5,6.19,40.0,541,190.0,190.2,190.1,500.0,500.0,0.0,0.0,0.0,0.3,5.30
13.0,198.5,6.19,40.0,542,190.0,190.2,190.1,500.0,500.0,0.0,0.0,0.0,0.3,5.31
13.0,198.5,6.19,40.0,543,190.0,190.2,190.1,500.0,500.0,0.0,0.0,0.0,0.3,5.32
13.0,198.5,6.19,39.8,544,190.0,190.2,190.1,500.0,500.0,0.0,0.0,0.0,0.3,5.33
13.1,198.5,6.19,39.8,545,190.0,190.4,190.1,500.0,500.0,0.0,0.0,0.0,0.3,5.34
13.0,198.5,6.19,39.8,546,190.0,190.4,190.1,500.0,500.0,0.0,0.0,0.0,0.3,5.35
13.1,198.5,6.19,39.8,547,190.0,190.4,190.1,500.0,500.0,0.0,0.0,0.0,0.3,5.36
13.0,198.5,6.19,39.8,548,190.0,190.4,190.1,500.0,500.0,0.0,0.0,0.0,0.3,5.36
13.0,198.5,6.19,40.0,549,190.0,190.4,190.1,500.0,500.0,0.0,0.0,0.0,0.3,5.37
13.1,198.5,6.19,40.0,550,190.0,190.4,190.1,500.0,500.0,0.0,0.0,0.0,0.3,5.38
13.1,198.5,6.19,39.8,551,190.0,190.3,190.1,500.0,500.0,0.0,0.0,0.0,0.3,5.39
13.1,198.5,6.19,39.6,552,190.0,190.2,190.1,500.0,500.0,0.0,0.0,0.0,0.3,5.40
13.1,198.5,6.19,39.6,553,190.0,190.2,190.0,500.0,500.0,0.0,0.0,0.0,0.3,5.41
13.1,198.5,6.19,39.6,554,190.0,190.2,190.0,500.0,500.0,0.0,0.0,0.0,0.3,5.42
13.1,198.5,6.19,39.6,555,190.0,190.2,190.0,500.0,500.0,0.0,0.0,0.0,0.3,5.42
13.1,198.5,6.19,39.8,556,190.0,190.1,190.0,500.0,500.0,0.0,0.0,0.0,0.3,5.43
13.0,198.5,6.19,40.0,557,190.0,190.0,190.0,500.0,500.0,0.0,0.0,0.0,0.3,5.44
13.0,198.5,6.19,40.2,558,190.0,190.0,190.0,500.0,500.0,0.0,0.0,0.0,0.3,5.45
13.0,198.5,6.19,40.0,559,190.0,190.0,190.0,500.0,500.0,0.0,0.0,0.0,0.3,5.46
13.0,198.5,6.19,40.0,560,190.0,190.0,190.0,500.0,500.0,0.0,0.0,0.0,0.3,5.47
13.1,198.5,6.19,40.0,561,190.0,190.0,190.0,500.0,500.0,0.0,0.0,0.0,0.3,5.48
13.1,198.5,6.19,40.0,562,190.0,190.0,190.0,500.0,500.0,0.0,0.0,0.0,0.3,5.49
13.1,198.5,6.19,39.6,563,190.0,190.0,190.0,500.0,500.0,0.0,0.0,0.0,0.3,5.49
13.2,198.5,6.19,39.8,564,190.0,190.0,190.0,500.0,500.0,0.0,0.0,0.0,0.3,5.50
13.1,198.5,6.19,39.8,565,190.0,190.0,190.0,500.0,500.0,0.0,0.0,0.0,0.3,5.51
13.0,198.5,6.19,39.8,566,190.0,190.0,190.0,500.0,500.0,0.0,0.0,0.0,0.3,5.52
13.1,198.5,6.19,39.8,567,190.0,190.0,190.0,500.0,500.0,0.0,0.0,0.0,0.3,5.53
13.1,198.5,6.19,40.0,568,190.0,190.0,190.0,500.0,500.0,0.0,0.0,0.0,0.3,5.54
13.0,198.6,6.19,40.0,569,190.0,190.0,190.0,500.0,500.0,0.0,0.0,0.0,0.3,5.55
13.0,198.6,6.19,40.0,570,190.0,190.0,190.0,500.0,500.0,0.0,0.0,0.0,0.3,5.56
13.0,198.6,6.19,39.8,571,190.0,190.0,190.0,500.0,500.0,0.0,0.0,0.0,0.3,5.56
13.0,198.5,6.19,39.8,572,190.0,190.0,190.0,500.0,500.0,0.0,0.0,0.0,0.3,5.57
13.0,198.5,6.19,39.8,573,190.0,190.0,190.0,500.0,500.0,0.0,0.0,0.0,0.3,5.58
12.9,198.5,6.19,39.8,574,190.0,190.0,190.0,500.0,500.0,0.0,0.0,0.0,0.3,5.59
13.0,198.5,6.19,39.8,575,190.0,190.0,190.0,500.0,500.0,0.0,0.0,0.0,0.3,5.60
13.0,198.5,6.19,40.0,576,190.0,190.0,190.0,500.0,500.0,0.0,0.0,0.0,0.3,5.61
12.9,198.5,6.19,40.0,577,190.0,190.0,190.0,500.0,500.0,0.0,0.0,0.0,0.3,5.62
13.0,198.5,6.19,39.8,578,190.0,190.0,190.0,500.0,500.0,0.0,0.0,0.0,0.3,5.62
13.0,198.5,6.19,39.8,579,190.0,190.0,190.0,500.0,500.0,0.0,0.0,0.0,0.3,5.63
13.0,198.5,6.19,39.8,580,190.0,190.0,190.0,500.0,500.0,0.0,0.0,0.0,0.3,5.64
13.0,198.5,6.19,39.8,581,190.0,190.0,190.0,500.0,500.0,0.0,0.0,0.0,0.3,5.65
13.1,198.5,6.19,39.8,582,190.0,190.0,190.0,500.0,500.0,0.0,0.0,0.0,0.3,5.66
13.0,198.5,6.19,40.0,583,190.0,190.0,190.0,500.0,500.0,0.0,0.0,0.0,0.3,5.67
13.1,198.5,6.19,40.0,584,190.0,190.0,190.0,500.0,500.0,0.0,0.0,0.0,0.3,5.68
13.1,198.5,6.19,40.0,585,190.0,190.0,190.0,500.0,500.0,0.0,0.0,0.0,0.3,5.68
13.1,198.5,6.19,39.8,586,190.0,190.0,190.0,500.0,500.0,0.0,0.0,0.0,0.3,5.69
13.1,198.5,6.19,39.8,587,190.0,190.0,190.0,500.0,500.0,0.0,0.0,0.0,0.3,5.70
13.1,198.5,6.19,39.8,588,190.0,190.0,190.0,500.0,500.0,0.0,0.0,0.0,0.3,5.71
13.1,198.5,6.19,39.8,589,190.0,190.0,190.0,500.0,500.0,0.0,0.0,0.0,0.3,5.72
13.1,198.5,6.19,39.8,590,190.0,190.0,190.0,500.0,500.0,0.0,0.0,0.0,0.3,5.73
13.1,198.6,6.19,40.0,591,190.0,190.0,190.0,500.0,500.0,0.0,0.0,0.0,0.3,5.74
13.1,198.6,6.19,40.0,592,190.0,190.0,190.0,500.0,500.0,0.0,0.0,0.0,0.3,5.75
13.1,198.6,6.19,39.8,593,190.0,190.0,190.0,500.0,500.0,0.0,0.0,0.0,0.3,5.75
13.1,198.6,6.19,39.8,594,190.0,190.1,190.0,500.0,500.0,0.0,0.0,0.0,0.3,5.76
13.1,198.6,6.19,39.8,595,190.0,190.1,190.0,500.0,500.0,0.0,0.0,0.0,0.3,5.77
13.2,198.6,6.19,39.8,596,190.0,190.1,190.0,500.0,500.0,0.0,0.0,0.0,0.3,5.78
13.1,198.6,6.19,39.8,597,190.0,190.1,190.0,500.0,500.0,0.0,0.0,0.0,0.3,5.79
13.1,198.6,6.19,40.0,598,190.0,190.1,190.0,500.0,500.0,0.0,0.0,0.0,0.3,5.80
13.1,198.6,6.19,40.0,599,190.0,190.1,190.0,500.0,500.0,0.0,0.0,0.0,0.3,5.81
