扭矩,料温,压力,转速,时间,温度1,温度2,温度3,温度4,温度5,温度6,温度7,温度8,顶栓,能量
1.9,188.8,6.23,0.0,0,190.0,190.0,190.0,500.0,500.0,0.0,0.0,0.0,0.3,0.00
1.8,188.8,6.22,3.2,1,190.0,190.0,190.0,500.0,500.0,0.0,0.0,0.0,0.3,0.00
1.8,188.9,6.23,12.2,2,190.0,190.0,190.0,500.0,500.0,0.0,0.0,0.0,0.3,0.00
1.7,188.9,6.23,22.2,3,190.0,190.0,190.0,500.0,500.0,0.0,0.0,0.0,0.3,0.00
1.7,188.9,6.22,32.0,4,190.0,190.0,190.0,500.0,500.0,0.0,0.0,0.0,0.3,0.00
1.6,188.8,6.22,42.0,5,190.0,190.0,190.0,500.0,500.0,0.0,0.0,0.0,0.3,0.00
1.5,188.5,6.23,48.8,6,190.0,190.0,190.0,500.0,500.0,0.0,0.0,0.0,0.3,0.00
1.3,187.9,6.23,49.6,7,190.0,190.0,190.0,500.0,500.0,0.0,0.0,0.0,0.3,0.01
1.2,187.2,6.23,49.6,8,190.0,190.0,190.0,500.0,500.0,0.0,0.0,0.0,0.3,0.01
0.9,186.6,6.23,49.8,9,190.0,190.0,190.0,500.0,500.0,0.0,0.0,0.0,0.3,0.01
0.7,185.9,6.23,49.8,10,190.0,190.0,190.0,500.0,500.0,0.0,0.0,0.0,0.3,0.01
0.6,185.3,6.23,49.8,11,190.0,190.0,190.0,500.0,500.0,0.0,0.0,0.0,0.3,0.01
0.5,184.6,6.23,49.8,12,190.0,190.0,190.0,500.0,500.0,0.0,0.0,0.0,0.3,0.01
0.4,183.9,6.23,49.8,13,190.0,190.0,190.0,500.0,500.0,0.0,0.0,0.0,0.3,0.01
0.3,183.3,6.23,49.8,14,190.0,190.0,190.0,500.0,500.0,0.0,0.0,0.0,0.3,0.01
0.3,182.6,6.23,49.8,15,190.0,190.0,190.0,500.0,500.0,0.0,0.0,0.0,0.3,0.01
0.2,181.9,6.23,49.8,16,190.0,190.0,190.0,500.0,500.0,0.0,0.0,0.0,0.3,0.01
0.1,181.2,6.23,50.0,17,190.0,190.0,190.0,500.0,500.0,0.0,0.0,0.0,0.3,0.01
0.1,180.6,6.23,49.8,18,190.0,190.0,190.0,500.0,500.0,0.0,0.0,0.0,0.3,0.01
0.2,180.2,6.23,49.8,19,190.0,190.0,190.0,500.0,500.0,0.0,0.0,0.0,0.3,0.01
0.3,179.9,6.23,49.8,20,190.0,190.0,190.0,500.0,500.0,0.0,0.0,0.0,0.3,0.01
0.5,179.6,6.23,49.8,21,190.0,190.0,190.0,500.0,500.0,0.0,0.0,0.0,0.3,0.01
0.7,179.2,6.23,49.8,22,190.0,190.0,190.0,500.0,500.0,0.0,0.0,0.0,0.3,0.01
0.8,178.6,6.23,50.0,23,190.0,190.0,190.0,500.0,500.0,0.0,0.0,0.0,0.3,0.01
0.8,178.0,6.23,49.8,24,190.0,190.0,190.0,500.0,500.0,0.0,0.0,0.0,0.3,0.01
0.9,177.4,6.23,49.8,25,190.0,190.0,190.0,500.0,500.0,0.0,0.0,0.0,0.3,0.01
0.7,176.7,6.23,49.8,26,190.0,190.0,190.0,500.0,500.0,0.0,0.0,0.0,0.3,0.01
0.6,176.0,6.23,49.8,27,190.0,190.0,190.0,500.0,500.0,0.0,0.0,0.0,0.3,0.01
0.6,175.4,6.23,49.8,28,190.0,190.0,190.0,500.0,500.0,0.0,0.0,0.0,0.3,0.01
0.5,174.9,6.23,50.0,29,190.0,190.0,190.0,500.0,500.0,0.0,0.0,0.0,0.3,0.02
0.4,174.6,6.23,49.8,30,190.0,190.0,190.0,500.0,500.0,0.0,0.0,0.0,0.3,0.02
0.4,174.4,6.23,49.8,31,190.0,190.0,190.0,500.0,500.0,0.0,0.0,0.0,0.3,0.02
0.7,174.4,6.23,49.8,32,190.0,190.0,190.0,500.0,500.0,0.0,0.0,0.0,0.3,0.02
0.7,174.4,6.23,49.8,33,190.0,189.9,190.0,500.0,500.0,0.0,0.0,0.0,0.3,0.02
0.7,174.4,6.23,49.8,34,190.0,189.9,190.0,500.0,500.0,0.0,0.0,0.0,0.3,0.02
0.8,174.4,6.23,50.0,35,190.0,189.9,190.0,500.0,500.0,0.0,0.0,0.0,0.3,0.02
0.8,174.4,6.23,49.8,36,190.0,189.9,190.0,500.0,500.0,0.0,0.0,0.0,0.3,0.02
0.7,174.5,6.23,49.8,37,190.0,189.9,190.0,500.0,500.0,0.0,0.0,0.0,0.3,0.02
0.8,174.5,6.23,49.8,38,190.0,189.9,190.0,500.0,500.0,0.0,0.0,0.0,0.3,0.02
0.9,174.6,6.23,49.8,39,190.0,189.9,190.0,500.0,500.0,0.0,0.0,0.0,0.3,0.02
1.0,174.7,6.23,49.8,40,190.0,189.9,190.0,500.0,500.0,0.0,0.0,0.0,0.3,0.02
1.2,174.9,6.23,50.0,41,190.0,189.9,190.0,500.0,500.0,0.0,0.0,0.0,0.3,0.02
1.1,175.1,6.23,50.0,42,190.0,189.9,190.0,500.0,500.0,0.0,0.0,0.0,0.3,0.02
0.9,175.3,6.23,49.8,43,190.0,189.9,190.0,500.0,500.0,0.0,0.0,0.0,0.3,0.02
0.8,175.4,6.23,49.8,44,189.9,189.9,190.0,500.0,500.0,0.0,0.0,0.0,0.3,0.03
0.7,175.6,6.23,49.8,45,189.9,189.9,190.0,500.0,500.0,0.0,0.0,0.0,0.3,0.03
0.6,175.7,6.23,49.8,46,189.9,189.9,190.0,500.0,500.0,0.0,0.0,0.0,0.3,0.03
0.5,175.9,6.23,49.8,47,189.9,190.0,190.0,500.0,500.0,0.0,0.0,0.0,0.3,0.03
0.7,176.0,6.23,49.8,48,189.8,190.0,190.0,500.0,500.0,0.0,0.0,0.0,0.3,0.03
0.8,176.2,6.23,49.6,49,189.8,190.0,190.0,500.0,500.0,0.0,0.0,0.0,0.3,0.03
0.9,176.3,6.23,49.6,50,189.8,190.0,190.0,500.0,500.0,0.0,0.0,0.0,0.3,0.03
0.9,176.5,6.23,49.6,51,189.8,190.0,190.0,500.0,500.0,0.0,0.0,0.0,0.3,0.03
1.0,176.7,6.23,49.6,52,189.8,190.0,190.0,500.0,500.0,0.0,0.0,0.0,0.3,0.03
0.8,176.8,6.23,49.8,53,189.7,190.0,190.0,500.0,500.0,0.0,0.0,0.0,0.3,0.03
0.7,176.9,6.23,49.8,54,189.7,190.0,190.0,500.0,500.0,0.0,0.0,0.0,0.3,0.03
0.7,177.1,6.23,49.8,55,189.7,190.0,190.0,500.0,500.0,0.0,0.0,0.0,0.3,0.03
0.7,177.2,6.23,49.8,56,189.7,190.0,190.0,500.0,500.0,0.0,0.0,0.0,0.3,0.03
0.7,177.4,6.23,49.8,57,189.7,190.0,190.0,500.0,500.0,0.0,0.0,0.0,0.3,0.03
0.7,177.5,6.23,49.6,58,189.7,190.0,190.0,500.0,500.0,0.0,0.0,0.0,0.3,0.03
0.6,177.6,6.23,49.8,59,189.7,190.0,190.0,500.0,500.0,0.0,0.0,0.0,0.3,0.03
0.5,177.8,6.23,49.8,60,189.7,190.0,190.0,500.0,500.0,0.0,0.0,0.0,0.3,0.03
0.5,177.9,6.23,49.8,61,189.7,190.0,190.0,500.0,500.0,0.0,0.0,0.0,0.3,0.04
0.4,178.0,6.23,49.6,62,189.7,190.0,190.0,500.0,500.0,0.0,0.0,0.0,0.3,0.04
0.4,178.1,6.23,49.8,63,189.7,190.0,190.0,500.0,500.0,0.0,0.0,0.0,0.3,0.04
0.4,178.2,6.23,49.8,64,189.7,190.0,190.0,500.0,500.0,0.0,0.0,0.0,0.3,0.04
0.3,178.4,6.23,49.8,65,189.7,190.0,190.0,500.0,500.0,0.0,0.0,0.0,0.3,0.04
0.2,178.5,6.23,49.8,66,189.7,190.0,190.0,500.0,500.0,0.0,0.0,0.0,0.3,0.04
0.2,178.6,6.23,50.0,67,189.7,190.0,190.0,500.0,500.0,0.0,0.0,0.0,0.3,0.04
0.4,178.7,6.23,49.8,68,189.7,190.0,190.0,500.0,500.0,0.0,0.0,0.0,0.3,0.04
0.5,178.8,6.23,49.8,69,189.7,190.0,190.0,500.0,500.0,0.0,0.0,0.0,0.3,0.04
0.6,178.9,6.23,49.8,70,189.7,190.0,190.0,500.0,500.0,0.0,0.0,0.0,0.3,0.04
0.8,178.9,6.23,49.8,71,189.7,190.0,190.0,500.0,500.0,0.0,0.0,0.0,0.3,0.04
1.7,179.0,6.23,49.6,72,189.7,190.0,190.0,500.0,500.0,0.0,0.0,0.0,0.3,0.04
3.8,179.1,6.23,49.8,73,189.7,190.0,190.0,500.0,500.0,0.0,0.0,0.0,0.3,0.04
6.3,178.8,6.23,49.8,74,189.7,190.0,190.0,500.0,500.0,0.0,0.0,0.0,0.3,0.05
8.8,177.3,6.23,49.8,75,189.7,190.0,190.0,500.0,500.0,0.0,0.0,0.0,0.3,0.06
12.0,175.1,6.23,49.6,76,189.7,190.0,190.0,500.0,500.0,0.0,0.0,0.0,0.3,0.07
13.9,172.6,6.23,49.8,77,189.8,190.0,190.0,500.0,500.0,0.0,0.0,0.0,0.3,0.08
14.7,171.2,6.23,49.8,78,189.8,190.0,190.0,500.0,500.0,0.0,0.0,0.0,0.3,0.09
14.9,170.3,6.23,49.8,79,189.8,190.0,190.0,500.0,500.0,0.0,0.0,0.0,0.3,0.10
15.9,170.0,6.23,49.8,80,189.8,190.0,190.0,500.0,500.0,0.0,0.0,0.0,0.3,0.12
15.5,169.8,6.23,49.8,81,189.8,190.0,190.0,500.0,500.0,0.0,0.0,0.0,0.3,0.13
15.7,169.8,6.23,49.8,82,189.9,190.0,190.0,500.0,500.0,0.0,0.0,0.0,0.3,0.14
15.7,169.9,6.23,49.8,83,189.9,190.0,190.0,500.0,500.0,0.0,0.0,0.0,0.3,0.15
15.5,170.0,6.23,49.8,84,189.9,190.0,190.0,500.0,500.0,0.0,0.0,0.0,0.3,0.17
14.9,170.1,6.23,49.8,85,189.9,190.0,190.0,500.0,500.0,0.0,0.0,0.0,0.3,0.18
14.3,170.3,6.23,49.8,86,189.9,190.0,190.0,500.0,500.0,0.0,0.0,0.0,0.3,0.19
13.5,170.5,6.23,49.8,87,189.9,190.0,190.0,500.0,500.0,0.0,0.0,0.0,0.3,0.20
12.8,170.8,6.23,49.8,88,190.0,190.0,190.0,500.0,500.0,0.0,0.0,0.0,0.3,0.21
12.6,171.0,6.23,49.6,89,190.0,190.0,190.0,500.0,500.0,0.0,0.0,0.0,0.3,0.22
11.9,171.3,6.23,49.4,90,190.0,190.0,190.0,500.0,500.0,0.0,0.0,0.0,0.3,0.23
12.0,171.7,6.23,49.6,91,190.0,190.0,190.0,500.0,500.0,0.0,0.0,0.0,0.3,0.24
12.3,172.1,6.23,49.6,92,190.0,190.0,190.0,500.0,500.0,0.0,0.0,0.0,0.3,0.25
12.2,172.7,6.23,49.6,93,190.0,190.0,190.0,500.0,500.0,0.0,0.0,0.0,0.3,0.26
12.1,173.2,6.23,49.8,94,190.0,190.0,190.0,500.0,500.0,0.0,0.0,0.0,0.3,0.27
12.1,173.7,6.23,49.8,95,190.0,190.0,190.0,500.0,500.0,0.0,0.0,0.0,0.3,0.28
11.8,174.2,6.23,49.8,96,190.0,190.0,190.0,500.0,500.0,0.0,0.0,0.0,0.3,0.29
11.3,174.8,6.23,49.8,97,190.0,190.0,190.0,500.0,500.0,0.0,0.0,0.0,0.3,0.30
11.1,175.3,6.23,49.8,98,190.0,190.0,190.0,500.0,500.0,0.0,0.0,0.0,0.3,0.31
10.9,175.9,6.23,49.8,99,190.0,190.0,190.0,500.0,500.0,0.0,0.0,0.0,0.3,0.32
10.8,176.3,6.23,49.8,100,190.0,190.0,190.0,500.0,500.0,0.0,0.0,0.0,0.3,0.33
10.9,176.8,6.23,49.8,101,190.0,190.0,190.0,500.0,500.0,0.0,0.0,0.0,0.3,0.34
11.2,177.2,6.23,49.8,102,190.0,190.0,190.0,500.0,500.0,0.0,0.0,0.0,0.3,0.35
11.0,177.7,6.23,49.8,103,190.0,190.0,190.0,500.0,500.0,0.0,0.0,0.0,0.3,0.36
10.7,178.2,6.23,49.8,104,190.0,190.0,190.0,500.0,500.0,0.0,0.0,0.0,0.3,0.37
10.4,178.5,6.23,50.0,105,190.0,190.0,190.0,500.0,500.0,0.0,0.0,0.0,0.3,0.37
10.2,179.0,6.23,49.8,106,190.0,190.0,190.0,500.0,500.0,0.0,0.0,0.0,0.3,0.38
9.9,179.3,6.23,49.8,107,190.0,190.0,190.0,500.0,500.0,0.0,0.0,0.0,0.3,0.39
10.0,179.7,6.23,49.8,108,190.0,190.0,190.0,500.0,500.0,0.0,0.0,0.0,0.3,0.40
10.1,180.1,6.23,49.8,109,190.0,190.0,190.0,500.0,500.0,0.0,0.0,0.0,0.3,0.41
10.0,180.4,6.23,49.8,110,190.0,190.0,190.0,500.0,500.0,0.0,0.0,0.0,0.3,0.42
10.2,180.8,6.23,49.8,111,190.0,190.0,190.0,500.0,500.0,0.0,0.0,0.0,0.3,0.42
9.9,181.1,6.23,49.8,112,190.0,190.0,190.0,500.0,500.0,0.0,0.0,0.0,0.3,0.43
9.7,181.5,6.23,49.8,113,190.0,190.0,190.0,500.0,500.0,0.0,0.0,0.0,0.3,0.44
9.5,181.8,6.23,49.8,114,190.0,190.0,190.0,500.0,500.0,0.0,0.0,0.0,0.3,0.45
9.6,182.1,6.23,49.8,115,190.0,190.0,190.0,500.0,500.0,0.0,0.0,0.0,0.3,0.46
9.4,182.4,6.23,49.8,116,190.0,190.0,190.0,500.0,500.0,0.0,0.0,0.0,0.3,0.46
9.5,182.7,6.23,49.8,117,190.0,190.0,190.0,500.0,500.0,0.0,0.0,0.0,0.3,0.47
9.6,182.9,6.23,49.8,118,190.0,190.0,190.0,500.0,500.0,0.0,0.0,0.0,0.3,0.48
9.8,183.0,6.23,49.8,119,190.0,190.0,190.0,500.0,500.0,0.0,0.0,0.0,0.3,0.49
9.8,183.2,6.23,49.6,120,190.0,190.0,190.0,500.0,500.0,0.0,0.0,0.0,0.3,0.50
9.6,183.4,6.23,49.8,121,190.0,190.0,190.0,500.0,500.0,0.0,0.0,0.0,0.3,0.50
9.7,183.7,6.23,49.8,122,190.0,190.0,190.0,500.0,500.0,0.0,0.0,0.0,0.3,0.51
10.0,184.0,6.22,49.8,123,190.0,190.0,190.0,500.0,500.0,0.0,0.0,0.0,0.3,0.52
10.2,184.2,6.22,49.6,124,190.0,190.0,190.0,500.0,500.0,0.0,0.0,0.0,0.3,0.53
10.0,184.6,6.23,49.6,125,190.0,190.0,190.0,500.0,500.0,0.0,0.0,0.0,0.3,0.54
10.0,184.9,6.23,49.6,126,190.0,190.0,190.0,500.0,500.0,0.0,0.0,0.0,0.3,0.55
10.0,185.2,6.23,49.6,127,190.0,190.0,190.0,500.0,500.0,0.0,0.0,0.0,0.3,0.55
9.7,185.4,6.23,49.6,128,190.0,190.0,190.0,500.0,500.0,0.0,0.0,0.0,0.3,0.56
9.2,185.6,6.23,49.8,129,190.0,190.0,190.0,500.0,500.0,0.0,0.0,0.0,0.3,0.57
9.5,185.8,6.23,49.8,130,190.0,190.0,190.0,500.0,500.0,0.0,0.0,0.0,0.3,0.58
9.7,186.0,6.22,49.8,131,190.0,190.0,190.0,500.0,500.0,0.0,0.0,0.0,0.3,0.59
9.9,186.2,6.22,49.8,132,190.0,190.0,190.0,500.0,500.0,0.0,0.0,0.0,0.3,0.59
9.8,186.4,6.22,49.8,133,190.0,190.0,190.0,500.0,500.0,0.0,0.0,0.0,0.3,0.60
9.7,186.5,6.22,49.8,134,190.0,190.0,190.0,500.0,500.0,0.0,0.0,0.0,0.3,0.61
9.6,186.7,6.22,50.0,135,190.0,190.0,190.0,500.0,500.0,0.0,0.0,0.0,0.3,0.62
9.5,186.9,6.22,49.8,136,190.0,190.0,190.0,500.0,500.0,0.0,0.0,0.0,0.3,0.63
9.4,187.1,6.22,49.8,137,190.0,190.0,190.0,500.0,500.0,0.0,0.0,0.0,0.3,0.63
9.6,187.2,6.22,49.8,138,190.0,190.0,190.0,500.0,500.0,0.0,0.0,0.0,0.3,0.64
9.9,187.3,6.22,49.8,139,190.0,190.0,190.0,500.0,500.0,0.0,0.0,0.0,0.3,0.65
10.0,187.4,6.22,49.6,140,190.0,190.0,190.0,500.0,500.0,0.0,0.0,0.0,0.3,0.66
9.8,187.5,6.22,49.8,141,190.0,190.0,190.0,500.0,500.0,0.0,0.0,0.0,0.3,0.67
9.6,187.7,6.22,49.8,142,190.0,190.0,190.0,500.0,500.0,0.0,0.0,0.0,0.3,0.67
9.6,187.8,6.22,49.8,143,190.0,190.0,190.0,500.0,500.0,0.0,0.0,0.0,0.3,0.68
9.9,187.9,6.22,49.8,144,190.0,190.0,190.0,500.0,500.0,0.0,0.0,0.0,0.3,0.69
9.8,188.1,6.22,50.0,145,190.0,190.0,190.0,500.0,500.0,0.0,0.0,0.0,0.3,0.70
10.1,188.2,6.22,50.0,146,190.0,190.0,190.0,500.0,500.0,0.0,0.0,0.0,0.3,0.71
10.4,188.4,6.22,50.0,147,190.0,190.0,190.0,500.0,500.0,0.0,0.0,0.0,0.3,0.72
10.4,188.6,6.22,50.0,148,190.0,190.0,190.0,500.0,500.0,0.0,0.0,0.0,0.3,0.72
10.3,188.7,6.23,50.0,149,190.0,190.0,190.0,500.0,500.0,0.0,0.0,0.0,0.3,0.73
10.3,188.8,6.22,50.0,150,190.0,190.0,190.0,500.0,500.0,0.0,0.0,0.0,0.3,0.74
9.9,188.9,6.23,49.8,151,190.0,190.0,190.0,500.0,500.0,0.0,0.0,0.0,0.3,0.75
9.7,189.0,6.23,49.8,152,190.0,190.0,190.0,500.0,500.0,0.0,0.0,0.0,0.3,0.76
9.7,189.1,6.23,49.8,153,190.0,190.0,190.0,500.0,500.0,0.0,0.0,0.0,0.3,0.77
9.8,189.3,6.22,49.8,154,190.0,190.0,190.0,500.0,500.0,0.0,0.0,0.0,0.3,0.77
10.0,189.4,6.22,49.8,155,190.0,190.0,190.0,500.0,500.0,0.0,0.0,0.0,0.3,0.78
10.1,189.5,6.22,50.0,156,190.0,190.0,190.0,500.0,500.0,0.0,0.0,0.0,0.3,0.79
9.9,189.6,6.22,49.8,157,190.0,190.0,190.0,500.0,500.0,0.0,0.0,0.0,0.3,0.80
10.0,189.7,6.22,49.8,158,190.0,190.0,190.0,500.0,500.0,0.0,0.0,0.0,0.3,0.81
10.0,189.8,6.22,49.8,159,190.0,190.0,190.0,500.0,500.0,0.0,0.0,0.0,0.3,0.82
9.8,189.9,6.22,49.8,160,190.0,190.0,190.0,500.0,500.0,0.0,0.0,0.0,0.3,0.82
9.7,190.0,6.22,49.8,161,190.0,190.0,190.0,500.0,500.0,0.0,0.0,0.0,0.3,0.83
9.9,190.1,6.22,49.8,162,190.0,190.0,190.0,500.0,500.0,0.0,0.0,0.0,0.3,0.84
9.8,190.2,6.22,49.8,163,190.0,190.0,190.0,500.0,500.0,0.0,0.0,0.0,0.3,0.85
9.8,190.3,6.22,49.8,164,190.0,190.0,190.0,500.0,500.0,0.0,0.0,0.0,0.3,0.86
10.0,190.4,6.22,49.8,165,190.0,190.0,190.0,500.0,500.0,0.0,0.0,0.0,0.3,0.86
9.9,190.5,6.22,49.8,166,190.0,190.0,190.0,500.0,500.0,0.0,0.0,0.0,0.3,0.87
9.7,190.5,6.22,49.8,167,190.0,190.0,190.0,500.0,500.0,0.0,0.0,0.0,0.3,0.88
9.5,190.6,6.22,49.8,168,190.0,190.0,190.0,500.0,500.0,0.0,0.0,0.0,0.3,0.89
9.4,190.7,6.22,49.8,169,190.0,190.0,190.0,500.0,500.0,0.0,0.0,0.0,0.3,0.90
9.7,190.7,6.22,49.8,170,190.0,190.0,190.0,500.0,500.0,0.0,0.0,0.0,0.3,0.90
10.0,190.8,6.22,49.6,171,190.0,190.0,190.0,500.0,500.0,0.0,0.0,0.0,0.3,0.91
10.2,190.9,6.22,49.8,172,190.0,190.0,190.0,500.0,500.0,0.0,0.0,0.0,0.3,0.92
10.4,191.0,6.22,49.6,173,190.0,190.0,190.0,500.0,500.0,0.0,0.0,0.0,0.3,0.93
10.4,191.1,6.22,49.6,174,190.0,190.0,190.0,500.0,500.0,0.0,0.0,0.0,0.3,0.94
10.0,191.1,6.22,49.6,175,190.0,190.0,190.0,500.0,500.0,0.0,0.0,0.0,0.3,0.95
9.8,191.2,6.22,49.8,176,190.0,190.0,190.0,500.0,500.0,0.0,0.0,0.0,0.3,0.95
9.7,191.2,6.22,49.6,177,190.0,190.0,190.0,500.0,500.0,0.0,0.0,0.0,0.3,0.96
9.7,191.3,6.22,49.8,178,190.0,190.0,190.0,500.0,500.0,0.0,0.0,0.0,0.3,0.97
9.7,191.4,6.22,49.8,179,190.0,190.0,190.0,500.0,500.0,0.0,0.0,0.0,0.3,0.98
10.0,191.5,6.22,49.8,180,190.0,190.0,190.0,500.0,500.0,0.0,0.0,0.0,0.3,0.99
10.4,191.5,6.22,49.8,181,190.0,190.0,190.0,500.0,500.0,0.0,0.0,0.0,0.3,1.00
10.6,191.6,6.22,49.8,182,190.0,190.0,190.0,500.0,500.0,0.0,0.0,0.0,0.3,1.00
10.3,191.7,6.22,49.8,183,190.0,190.0,190.0,500.0,500.0,0.0,0.0,0.0,0.3,1.01
10.0,191.8,6.22,49.8,184,190.0,190.0,190.0,500.0,500.0,0.0,0.0,0.0,0.3,1.02
9.9,191.9,6.22,49.8,185,190.0,190.0,190.0,500.0,500.0,0.0,0.0,0.0,0.3,1.03
9.9,191.9,6.22,49.8,186,190.0,190.0,190.0,500.0,500.0,0.0,0.0,0.0,0.3,1.04
9.9,192.0,6.22,49.8,187,190.0,190.0,190.0,500.0,500.0,0.0,0.0,0.0,0.3,1.05
9.9,192.1,6.22,49.8,188,190.0,190.0,190.0,500.0,500.0,0.0,0.0,0.0,0.3,1.05
10.3,192.1,6.22,49.8,189,190.0,190.0,190.0,500.0,500.0,0.0,0.0,0.0,0.3,1.06
10.5,192.2,6.22,49.8,190,190.0,190.0,190.0,500.0,500.0,0.0,0.0,0.0,0.3,1.07
10.5,192.3,6.22,49.8,191,190.0,190.0,190.0,500.0,500.0,0.0,0.0,0.0,0.3,1.08
10.3,192.3,6.22,50.0,192,190.0,190.0,190.0,500.0,500.0,0.0,0.0,0.0,0.3,1.09
10.1,192.3,6.22,49.8,193,190.0,190.0,190.0,500.0,500.0,0.0,0.0,0.0,0.3,1.10
10.0,192.4,6.22,49.8,194,190.0,190.0,190.0,500.0,500.0,0.0,0.0,0.0,0.3,1.11
9.9,192.5,6.22,49.8,195,190.0,190.0,190.0,500.0,500.0,0.0,0.0,0.0,0.3,1.11
9.8,192.5,6.22,49.8,196,190.0,190.0,190.0,500.0,500.0,0.0,0.0,0.0,0.3,1.12
10.0,192.6,6.22,49.8,197,190.0,190.0,190.0,500.0,500.0,0.0,0.0,0.0,0.3,1.13
10.1,192.6,6.22,50.0,198,190.0,190.0,190.0,500.0,500.0,0.0,0.0,0.0,0.3,1.14
10.0,192.7,6.22,50.0,199,190.0,190.0,190.0,500.0,500.0,0.0,0.0,0.0,0.3,1.15
9.8,192.8,6.22,50.0,200,190.0,190.0,190.0,500.0,500.0,0.0,0.0,0.0,0.3,1.16
9.8,192.9,6.22,50.0,201,190.0,190.0,190.0,500.0,500.0,0.0,0.0,0.0,0.3,1.16
10.0,192.9,6.22,49.8,202,190.0,190.0,190.0,500.0,500.0,0.0,0.0,0.0,0.3,1.17
10.3,192.9,6.22,49.8,203,190.0,190.0,190.0,500.0,500.0,0.0,0.0,0.0,0.3,1.18
10.4,193.0,6.22,49.8,204,190.0,190.0,190.0,500.0,500.0,0.0,0.0,0.0,0.3,1.19
10.6,193.1,6.22,49.8,205,190.0,190.0,190.0,500.0,500.0,0.0,0.0,0.0,0.3,1.20
10.6,193.1,6.22,49.8,206,190.0,190.0,190.0,500.0,500.0,0.0,0.0,0.0,0.3,1.21
10.3,193.1,6.22,49.8,207,190.0,190.0,190.0,500.0,500.0,0.0,0.0,0.0,0.3,1.21
10.1,193.2,6.22,49.8,208,190.0,190.0,190.0,500.0,500.0,0.0,0.0,0.0,0.3,1.22
9.9,193.3,6.22,49.8,209,190.0,190.0,190.0,500.0,500.0,0.0,0.0,0.0,0.3,1.23
9.7,193.3,6.22,49.8,210,190.0,190.0,190.0,500.0,500.0,0.0,0.0,0.0,0.3,1.24
9.7,193.4,6.22,49.8,211,190.0,190.0,190.0,500.0,500.0,0.0,0.0,0.0,0.3,1.25
10.0,193.4,6.22,50.0,212,190.0,190.0,190.0,500.0,500.0,0.0,0.0,0.0,0.3,1.26
10.4,193.5,6.22,49.8,213,190.0,190.0,190.0,500.0,500.0,0.0,0.0,0.0,0.3,1.26
10.5,193.5,6.22,49.8,214,190.0,190.0,190.0,500.0,500.0,0.0,0.0,0.0,0.3,1.27
10.3,193.6,6.22,49.8,215,190.0,190.0,190.0,500.0,500.0,0.0,0.0,0.0,0.3,1.28
10.1,193.6,6.22,49.8,216,190.0,190.0,190.0,500.0,500.0,0.0,0.0,0.0,0.3,1.29
10.0,193.7,6.22,49.8,217,190.0,190.0,190.0,500.0,500.0,0.0,0.0,0.0,0.3,1.30
9.9,193.8,6.22,50.0,218,190.0,190.0,190.0,500.0,500.0,0.0,0.0,0.0,0.3,1.31
9.7,193.8,6.22,50.0,219,190.0,190.0,190.0,500.0,500.0,0.0,0.0,0.0,0.3,1.32
9.9,193.9,6.22,50.0,220,190.0,190.0,190.0,500.0,500.0,0.0,0.0,0.0,0.3,1.32
10.1,193.9,6.22,50.0,221,190.0,190.0,190.0,500.0,500.0,0.0,0.0,0.0,0.3,1.33
10.3,194.0,6.22,50.0,222,190.0,190.0,190.0,500.0,500.0,0.0,0.0,0.0,0.3,1.34
10.2,194.0,6.22,50.0,223,190.0,190.0,190.0,500.0,500.0,0.0,0.0,0.0,0.3,1.35
10.3,194.1,6.22,49.8,224,190.0,190.0,190.0,500.0,500.0,0.0,0.0,0.0,0.3,1.36
10.2,194.1,6.22,49.8,225,190.0,190.0,190.0,500.0,500.0,0.0,0.0,0.0,0.3,1.37
10.0,194.1,6.22,49.8,226,190.0,190.0,190.0,500.0,500.0,0.0,0.0,0.0,0.3,1.37
10.0,194.1,6.22,49.8,227,190.0,190.0,190.0,500.0,500.0,0.0,0.0,0.0,0.3,1.38
10.0,194.2,6.22,49.6,228,190.0,190.0,190.0,500.0,500.0,0.0,0.0,0.0,0.3,1.39
10.0,194.3,6.22,49.8,229,190.0,190.0,190.0,500.0,500.0,0.0,0.0,0.0,0.3,1.40
10.1,194.3,6.22,49.8,230,190.0,190.0,190.0,500.0,500.0,0.0,0.0,0.0,0.3,1.41
10.1,194.4,6.22,49.8,231,190.0,190.0,190.0,500.0,500.0,0.0,0.0,0.0,0.3,1.42
9.9,194.5,6.22,49.8,232,190.0,190.0,190.0,500.0,500.0,0.0,0.0,0.0,0.3,1.42
9.7,194.5,6.22,49.8,233,190.0,190.0,190.0,500.0,500.0,0.0,0.0,0.0,0.3,1.43
9.5,194.6,6.22,49.6,234,190.0,190.0,190.0,500.0,500.0,0.0,0.0,0.0,0.3,1.44
9.4,194.6,6.22,49.6,235,190.0,190.0,190.0,500.0,500.0,0.0,0.0,0.0,0.3,1.45
9.5,194.6,6.22,49.6,236,190.0,190.0,190.0,500.0,500.0,0.0,0.0,0.0,0.3,1.46
9.7,194.7,6.22,49.6,237,190.0,190.0,190.0,500.0,500.0,0.0,0.0,0.0,0.3,1.46
9.7,194.7,6.22,49.6,238,190.0,190.0,190.0,500.0,500.0,0.0,0.0,0.0,0.3,1.47
10.0,194.7,6.22,49.6,239,190.0,190.0,190.0,500.0,500.0,0.0,0.0,0.0,0.3,1.48
10.3,194.8,6.22,49.6,240,190.0,190.0,190.0,500.0,500.0,0.0,0.0,0.0,0.3,1.49
10.3,194.8,6.22,49.6,241,190.0,190.0,190.0,500.0,500.0,0.0,0.0,0.0,0.3,1.50
10.1,194.9,6.22,49.6,242,190.0,190.0,190.0,500.0,500.0,0.0,0.0,0.0,0.3,1.51
10.0,194.9,6.22,49.8,243,190.0,190.0,190.0,500.0,500.0,0.0,0.0,0.0,0.3,1.51
10.1,195.0,6.22,49.8,244,190.0,190.0,190.0,500.0,500.0,0.0,0.0,0.0,0.3,1.52
10.3,195.0,6.22,49.8,245,190.0,190.0,190.0,500.0,500.0,0.0,0.0,0.0,0.3,1.53
10.5,195.0,6.22,49.8,246,190.0,190.0,190.0,500.0,500.0,0.0,0.0,0.0,0.3,1.54
10.7,195.1,6.22,49.8,247,190.0,190.0,190.0,500.0,500.0,0.0,0.0,0.0,0.3,1.55
10.8,195.1,6.22,49.8,248,190.0,190.0,190.0,500.0,500.0,0.0,0.0,0.0,0.3,1.56
10.8,195.1,6.22,50.0,249,190.0,190.0,190.0,500.0,500.0,0.0,0.0,0.0,0.3,1.57
10.6,195.2,6.22,49.8,250,190.0,190.0,190.0,500.0,500.0,0.0,0.0,0.0,0.3,1.57
10.3,195.3,6.22,49.8,251,190.0,190.0,190.0,500.0,500.0,0.0,0.0,0.0,0.3,1.58
10.1,195.3,6.22,49.8,252,190.0,190.0,190.0,500.0,500.0,0.0,0.0,0.0,0.3,1.59
10.0,195.4,6.22,49.8,253,190.0,190.0,190.0,500.0,500.0,0.0,0.0,0.0,0.3,1.60
10.1,195.5,6.22,49.8,254,190.0,190.0,190.0,500.0,500.0,0.0,0.0,0.0,0.3,1.61
10.3,195.5,6.22,50.0,255,190.0,190.0,190.0,500.0,500.0,0.0,0.0,0.0,0.3,1.62
10.4,195.5,6.22,50.0,256,190.0,190.0,190.0,500.0,500.0,0.0,0.0,0.0,0.3,1.63
10.3,195.6,6.22,50.0,257,190.0,190.0,190.0,500.0,500.0,0.0,0.0,0.0,0.3,1.63
10.1,195.6,6.22,50.0,258,190.1,190.0,190.0,500.0,500.0,0.0,0.0,0.0,0.3,1.64
10.1,195.6,6.22,49.8,259,190.1,190.0,190.0,500.0,500.0,0.0,0.0,0.0,0.3,1.65
10.0,195.6,6.22,49.8,260,190.1,190.0,190.0,500.0,500.0,0.0,0.0,0.0,0.3,1.66
9.8,195.6,6.22,49.8,261,190.0,190.0,190.0,500.0,500.0,0.0,0.0,0.0,0.3,1.67
10.0,195.6,6.22,49.8,262,190.0,190.0,190.0,500.0,500.0,0.0,0.0,0.0,0.3,1.68
10.2,195.7,6.22,49.8,263,190.0,190.0,190.0,500.0,500.0,0.0,0.0,0.0,0.3,1.68
10.4,195.8,6.22,49.8,264,190.0,190.0,190.0,500.0,500.0,0.0,0.0,0.0,0.3,1.69
10.3,195.9,6.22,49.8,265,190.0,190.0,190.0,500.0,500.0,0.0,0.0,0.0,0.3,1.70
10.2,195.9,6.22,49.8,266,190.0,190.0,190.0,500.0,500.0,0.0,0.0,0.0,0.3,1.71
9.9,196.0,6.22,49.8,267,190.0,190.0,190.0,500.0,500.0,0.0,0.0,0.0,0.3,1.72
9.9,196.0,6.22,49.8,268,190.1,190.0,190.0,500.0,500.0,0.0,0.0,0.0,0.3,1.73
9.7,196.0,6.22,50.0,269,190.1,190.0,190.0,500.0,500.0,0.0,0.0,0.0,0.3,1.73
9.7,196.1,6.22,49.8,270,190.1,190.0,190.0,500.0,500.0,0.0,0.0,0.0,0.3,1.74
9.9,196.1,6.22,49.8,271,190.1,190.0,190.0,500.0,500.0,0.0,0.0,0.0,0.3,1.75
10.3,196.2,6.22,49.8,272,190.1,190.0,190.0,500.0,500.0,0.0,0.0,0.0,0.3,1.76
10.5,196.2,6.22,49.8,273,190.1,190.0,190.0,500.0,500.0,0.0,0.0,0.0,0.3,1.77
10.2,196.2,6.22,49.6,274,190.1,190.0,190.0,500.0,500.0,0.0,0.0,0.0,0.3,1.78
10.1,196.2,6.22,49.8,275,190.1,190.0,190.0,500.0,500.0,0.0,0.0,0.0,0.3,1.78
10.1,196.3,6.22,49.8,276,190.1,190.0,190.0,500.0,500.0,0.0,0.0,0.0,0.3,1.79
9.9,196.3,6.22,49.8,277,190.1,190.0,190.0,500.0,500.0,0.0,0.0,0.0,0.3,1.80
9.8,196.3,6.22,49.8,278,190.1,190.0,190.0,500.0,500.0,0.0,0.0,0.0,0.3,1.81
10.0,196.3,6.22,50.0,279,190.1,190.0,190.0,500.0,500.0,0.0,0.0,0.0,0.3,1.82
10.2,196.3,6.22,50.0,280,190.1,190.0,190.0,500.0,500.0,0.0,0.0,0.0,0.3,1.83
10.3,196.4,6.22,49.8,281,190.1,190.0,190.0,500.0,500.0,0.0,0.0,0.0,0.3,1.83
10.5,196.4,6.22,49.8,282,190.0,190.0,190.0,500.0,500.0,0.0,0.0,0.0,0.3,1.84
10.5,196.5,6.22,49.8,283,190.0,190.0,190.0,500.0,500.0,0.0,0.0,0.0,0.3,1.85
10.2,196.5,6.22,49.6,284,190.0,190.0,190.0,500.0,500.0,0.0,0.0,0.0,0.3,1.86
10.1,196.6,6.22,49.6,285,190.0,190.0,190.0,500.0,500.0,0.0,0.0,0.0,0.3,1.87
10.2,196.6,6.22,49.8,286,190.0,190.0,190.0,500.0,500.0,0.0,0.0,0.0,0.3,1.88
10.1,196.7,6.22,49.8,287,190.0,190.0,190.0,500.0,500.0,0.0,0.0,0.0,0.3,1.89
10.0,196.7,6.22,49.8,288,190.0,190.0,190.0,500.0,500.0,0.0,0.0,0.0,0.3,1.89
10.0,196.7,6.22,50.0,289,190.0,190.0,190.0,500.0,500.0,0.0,0.0,0.0,0.3,1.90
10.0,196.7,6.22,49.8,290,190.0,190.0,190.0,500.0,500.0,0.0,0.0,0.0,0.3,1.91
9.9,196.7,6.22,49.8,291,190.0,190.0,190.0,500.0,500.0,0.0,0.0,0.0,0.3,1.92
10.1,196.7,6.22,49.8,292,190.0,190.0,190.0,500.0,500.0,0.0,0.0,0.0,0.3,1.93
10.4,196.7,6.22,49.8,293,190.0,190.0,190.0,500.0,500.0,0.0,0.0,0.0,0.3,1.94
10.6,196.8,6.22,49.8,294,190.0,190.0,190.0,500.0,500.0,0.0,0.0,0.0,0.3,1.94
10.5,196.8,6.22,49.8,295,190.0,190.0,190.0,500.0,500.0,0.0,0.0,0.0,0.3,1.95
10.6,196.9,6.22,49.8,296,190.0,190.0,190.0,500.0,500.0,0.0,0.0,0.0,0.3,1.96
10.3,196.9,6.22,49.8,297,190.0,190.0,190.0,500.0,500.0,0.0,0.0,0.0,0.3,1.97
10.0,197.0,6.22,49.8,298,190.0,190.0,190.0,500.0,500.0,0.0,0.0,0.0,0.3,1.98
9.9,197.0,6.22,49.8,299,190.0,190.0,190.0,500.0,500.0,0.0,0.0,0.0,0.3,1.99
9.8,197.0,6.22,50.0,300,190.0,190.0,190.0,500.0,500.0,0.0,0.0,0.0,0.3,2.00
9.6,197.0,6.22,49.8,301,190.0,190.0,190.0,500.0,500.0,0.0,0.0,0.0,0.3,2.00
10.0,197.0,6.22,49.8,302,190.0,190.0,190.0,500.0,500.0,0.0,0.0,0.0,0.3,2.01
10.2,197.0,6.22,49.8,303,190.0,190.0,190.0,500.0,500.0,0.0,0.0,0.0,0.3,2.02
10.5,197.1,6.22,49.8,304,190.0,190.0,190.0,500.0,500.0,0.0,0.0,0.0,0.3,2.03
10.5,197.1,6.22,49.6,305,190.0,190.0,190.0,500.0,500.0,0.0,0.0,0.0,0.3,2.04
10.4,197.1,6.22,49.8,306,190.0,190.0,190.0,500.0,500.0,0.0,0.0,0.0,0.3,2.05
10.2,197.2,6.22,49.8,307,190.0,190.0,190.0,500.0,500.0,0.0,0.0,0.0,0.3,2.05
10.3,197.2,6.22,49.8,308,190.0,190.0,190.0,500.0,500.0,0.0,0.0,0.0,0.3,2.06
10.3,197.2,6.22,49.8,309,190.0,190.0,190.0,500.0,500.0,0.0,0.0,0.0,0.3,2.07
10.2,197.3,6.22,50.0,310,190.0,190.0,190.0,500.0,500.0,0.0,0.0,0.0,0.3,2.08
10.3,197.3,6.22,50.0,311,190.0,190.0,190.0,500.0,500.0,0.0,0.0,0.0,0.3,2.09
10.5,197.2,6.22,49.8,312,190.0,190.0,190.0,500.0,500.0,0.0,0.0,0.0,0.3,2.10
10.5,197.2,6.22,49.8,313,190.0,190.0,190.0,500.0,500.0,0.0,0.0,0.0,0.3,2.11
10.4,197.3,6.22,49.8,314,190.0,190.0,190.0,500.0,500.0,0.0,0.0,0.0,0.3,2.11
10.3,197.3,6.22,49.6,315,190.0,190.0,190.0,500.0,500.0,0.0,0.0,0.0,0.3,2.12
10.2,197.3,6.22,49.6,316,190.0,190.0,190.0,500.0,500.0,0.0,0.0,0.0,0.3,2.13
10.1,197.4,6.22,49.8,317,190.0,190.0,190.0,500.0,500.0,0.0,0.0,0.0,0.3,2.14
10.1,197.4,6.22,49.8,318,190.0,190.0,190.0,500.0,500.0,0.0,0.0,0.0,0.3,2.15
10.0,197.4,6.22,49.8,319,190.0,190.0,190.0,500.0,500.0,0.0,0.0,0.0,0.3,2.16
10.1,197.5,6.22,50.0,320,190.0,190.0,190.0,500.0,500.0,0.0,0.0,0.0,0.3,2.17
10.0,197.5,6.22,49.8,321,190.0,190.0,190.0,500.0,500.0,0.0,0.0,0.0,0.3,2.17
10.0,197.5,6.22,49.8,322,190.0,190.0,190.0,500.0,500.0,0.0,0.0,0.0,0.3,2.18
9.9,197.5,6.22,49.8,323,190.0,190.0,190.0,500.0,500.0,0.0,0.0,0.0,0.3,2.19
10.0,197.5,6.22,49.8,324,190.0,190.0,190.0,500.0,500.0,0.0,0.0,0.0,0.3,2.20
10.4,197.5,6.22,49.8,325,190.0,190.0,190.0,500.0,500.0,0.0,0.0,0.0,0.3,2.21
10.7,197.5,6.22,49.8,326,190.0,190.0,190.0,500.0,500.0,0.0,0.0,0.0,0.3,2.22
10.8,197.5,6.22,49.8,327,190.0,190.0,190.0,500.0,500.0,0.0,0.0,0.0,0.3,2.22
10.9,197.6,6.22,49.8,328,190.0,190.0,190.0,500.0,500.0,0.0,0.0,0.0,0.3,2.23
10.7,197.6,6.22,49.8,329,190.0,190.0,190.0,500.0,500.0,0.0,0.0,0.0,0.3,2.24
10.5,197.6,6.22,49.8,330,190.0,190.0,190.0,500.0,500.0,0.0,0.0,0.0,0.3,2.25
10.3,197.7,6.22,50.0,331,190.0,190.0,190.0,500.0,500.0,0.0,0.0,0.0,0.3,2.26
10.0,197.7,6.22,49.8,332,190.0,190.0,190.0,500.0,500.0,0.0,0.0,0.0,0.3,2.27
9.9,197.7,6.22,49.8,333,190.0,190.0,190.0,500.0,500.0,0.0,0.0,0.0,0.3,2.28
10.1,197.7,6.22,49.8,334,190.0,190.0,190.0,500.0,500.0,0.0,0.0,0.0,0.3,2.28
10.4,197.7,6.22,49.8,335,190.0,190.0,190.0,500.0,500.0,0.0,0.0,0.0,0.3,2.29
10.6,197.7,6.22,49.6,336,190.0,190.0,190.0,500.0,500.0,0.0,0.0,0.0,0.3,2.30
10.5,197.8,6.22,49.8,337,190.0,190.0,190.0,500.0,500.0,0.0,0.0,0.0,0.3,2.31
10.4,197.8,6.22,49.8,338,190.0,190.0,190.0,500.0,500.0,0.0,0.0,0.0,0.3,2.32
10.3,197.8,6.22,49.8,339,190.0,190.0,190.0,500.0,500.0,0.0,0.0,0.0,0.3,2.33
10.2,197.8,6.22,49.8,340,190.0,190.0,190.0,500.0,500.0,0.0,0.0,0.0,0.3,2.34
10.1,197.9,6.22,49.8,341,190.0,190.0,190.0,500.0,500.0,0.0,0.0,0.0,0.3,2.35
10.2,197.9,6.22,49.8,342,190.0,190.0,190.0,500.0,500.0,0.0,0.0,0.0,0.3,2.35
10.3,197.9,6.22,49.8,343,190.0,190.0,190.0,500.0,500.0,0.0,0.0,0.0,0.3,2.36
10.4,197.9,6.22,49.8,344,190.0,190.0,190.0,500.0,500.0,0.0,0.0,0.0,0.3,2.37
10.2,197.9,6.22,49.8,345,190.0,190.0,190.0,500.0,500.0,0.0,0.0,0.0,0.3,2.38
9.9,197.9,6.22,49.8,346,190.0,190.0,190.0,500.0,500.0,0.0,0.0,0.0,0.3,2.39
10.1,198.0,6.22,49.8,347,190.0,190.0,190.0,500.0,500.0,0.0,0.0,0.0,0.3,2.40
10.1,198.0,6.22,49.8,348,190.0,190.0,190.0,500.0,500.0,0.0,0.0,0.0,0.3,2.40
10.1,198.1,6.22,49.8,349,190.0,190.0,190.0,500.0,500.0,0.0,0.0,0.0,0.3,2.41
10.1,198.1,6.22,49.8,350,190.0,190.0,190.0,500.0,500.0,0.0,0.0,0.0,0.3,2.42
10.3,198.2,6.22,50.0,351,190.0,190.0,190.0,500.0,500.0,0.0,0.0,0.0,0.3,2.43
10.4,198.2,6.22,49.8,352,190.0,190.0,190.0,500.0,500.0,0.0,0.0,0.0,0.3,2.44
10.3,198.2,6.22,49.8,353,190.0,190.0,190.0,500.0,500.0,0.0,0.0,0.0,0.3,2.45
10.1,198.2,6.22,49.8,354,190.0,190.0,190.0,500.0,500.0,0.0,0.0,0.0,0.3,2.46
10.2,198.2,6.22,49.8,355,190.0,190.0,190.0,500.0,500.0,0.0,0.0,0.0,0.3,2.46
10.4,198.2,6.22,49.8,356,190.0,190.0,190.0,500.0,500.0,0.0,0.0,0.0,0.3,2.47
10.6,198.2,6.22,50.0,357,190.0,190.0,190.0,500.0,500.0,0.0,0.0,0.0,0.3,2.48
10.5,198.2,6.22,49.8,358,190.0,190.0,190.0,500.0,500.0,0.0,0.0,0.0,0.3,2.49
10.4,198.2,6.22,49.8,359,190.0,190.0,190.0,500.0,500.0,0.0,0.0,0.0,0.3,2.50
10.3,198.2,6.22,49.8,360,190.0,190.0,190.0,500.0,500.0,0.0,0.0,0.0,0.3,2.51
10.2,198.3,6.21,49.8,361,190.0,190.0,190.0,500.0,500.0,0.0,0.0,0.0,0.3,2.52
10.0,198.3,6.21,49.8,362,190.0,190.0,190.0,500.0,500.0,0.0,0.0,0.0,0.3,2.52
9.8,198.3,6.21,49.8,363,190.0,190.0,190.0,500.0,500.0,0.0,0.0,0.0,0.3,2.53
10.0,198.3,6.21,49.8,364,190.0,190.0,190.1,500.0,500.0,0.0,0.0,0.0,0.3,2.54
10.1,198.3,6.22,49.8,365,190.0,190.0,190.1,500.0,500.0,0.0,0.0,0.0,0.3,2.55
10.1,198.3,6.22,49.8,366,190.0,190.0,190.1,500.0,500.0,0.0,0.0,0.0,0.3,2.56
10.3,198.3,6.22,49.6,367,190.0,190.0,190.1,500.0,500.0,0.0,0.0,0.0,0.3,2.57
10.3,198.4,6.22,49.8,368,190.0,190.0,190.1,500.0,500.0,0.0,0.0,0.0,0.3,2.57
10.2,198.4,6.22,49.8,369,190.0,190.0,190.1,500.0,500.0,0.0,0.0,0.0,0.3,2.58
10.1,198.4,6.22,49.8,370,190.0,190.0,190.1,500.0,500.0,0.0,0.0,0.0,0.3,2.59
10.1,198.4,6.22,49.8,371,190.0,190.0,190.1,500.0,500.0,0.0,0.0,0.0,0.3,2.60
10.0,198.4,6.22,49.8,372,190.0,190.0,190.1,500.0,500.0,0.0,0.0,0.0,0.3,2.61
10.2,198.4,6.21,49.8,373,190.0,190.0,190.1,500.0,500.0,0.0,0.0,0.0,0.3,2.62
10.4,198.5,6.21,49.8,374,190.0,190.0,190.2,500.0,500.0,0.0,0.0,0.0,0.3,2.62
10.3,198.5,6.21,49.8,375,190.0,190.0,190.2,500.0,500.0,0.0,0.0,0.0,0.3,2.63
10.4,198.5,6.21,49.8,376,190.0,190.0,190.2,500.0,500.0,0.0,0.0,0.0,0.3,2.64
10.1,198.6,6.22,49.8,377,190.0,190.0,190.2,500.0,500.0,0.0,0.0,0.0,0.3,2.65
9.9,198.6,6.22,49.8,378,190.0,190.0,190.2,500.0,500.0,0.0,0.0,0.0,0.3,2.66
9.9,198.6,6.22,49.8,379,190.0,190.0,190.2,500.0,500.0,0.0,0.0,0.0,0.3,2.67
9.9,198.6,6.22,49.8,380,190.0,190.0,190.3,500.0,500.0,0.0,0.0,0.0,0.3,2.67
10.0,198.6,6.22,49.8,381,190.0,190.0,190.3,500.0,500.0,0.0,0.0,0.0,0.3,2.68
10.1,198.6,6.22,50.0,382,190.0,190.0,190.3,500.0,500.0,0.0,0.0,0.0,0.3,2.69
10.5,198.6,6.22,49.8,383,190.0,190.0,190.3,500.0,500.0,0.0,0.0,0.0,0.3,2.70
10.5,198.6,6.22,49.8,384,190.0,190.0,190.3,500.0,500.0,0.0,0.0,0.0,0.3,2.71
10.3,198.6,6.22,49.8,385,190.0,190.0,190.2,500.0,500.0,0.0,0.0,0.0,0.3,2.72
10.1,198.6,6.22,49.8,386,190.0,190.0,190.2,500.0,500.0,0.0,0.0,0.0,0.3,2.73
10.2,198.7,6.22,49.8,387,190.0,190.0,190.2,500.0,500.0,0.0,0.0,0.0,0.3,2.73
10.3,198.8,6.22,49.8,388,190.0,190.0,190.2,500.0,500.0,0.0,0.0,0.0,0.3,2.74
10.3,198.8,6.21,49.8,389,190.0,190.0,190.2,500.0,500.0,0.0,0.0,0.0,0.3,2.75
10.3,198.8,6.22,49.8,390,190.0,190.0,190.2,500.0,500.0,0.0,0.0,0.0,0.3,2.76
10.4,198.8,6.22,49.8,391,190.0,190.0,190.2,500.0,500.0,0.0,0.0,0.0,0.3,2.77
10.5,198.8,6.22,49.8,392,190.0,190.0,190.2,500.0,500.0,0.0,0.0,0.0,0.3,2.78
10.5,198.7,6.22,50.0,393,190.0,190.0,190.2,500.0,500.0,0.0,0.0,0.0,0.3,2.79
10.5,198.7,6.22,49.8,394,190.0,190.0,190.2,500.0,500.0,0.0,0.0,0.0,0.3,2.79
10.5,198.7,6.22,49.8,395,190.0,190.0,190.2,500.0,500.0,0.0,0.0,0.0,0.3,2.80
10.3,198.8,6.22,49.8,396,190.0,190.0,190.2,500.0,500.0,0.0,0.0,0.0,0.3,2.81
10.3,198.8,6.22,49.8,397,190.0,190.0,190.2,500.0,500.0,0.0,0.0,0.0,0.3,2.82
10.3,198.9,6.22,49.6,398,190.0,190.0,190.2,500.0,500.0,0.0,0.0,0.0,0.3,2.83
10.2,198.9,6.21,49.8,399,190.0,190.0,190.2,500.0,500.0,0.0,0.0,0.0,0.3,2.84
10.2,198.9,6.21,49.8,400,190.0,190.0,190.2,500.0,500.0,0.0,0.0,0.0,0.3,2.85
10.2,198.9,6.22,49.8,401,190.0,190.0,190.2,500.0,500.0,0.0,0.0,0.0,0.3,2.85
10.1,198.9,6.22,49.8,402,190.0,190.0,190.2,500.0,500.0,0.0,0.0,0.0,0.3,2.86
10.0,198.9,6.22,49.8,403,190.0,190.0,190.2,500.0,500.0,0.0,0.0,0.0,0.3,2.87
10.1,199.0,6.22,49.6,404,190.0,190.0,190.2,500.0,500.0,0.0,0.0,0.0,0.3,2.88
10.3,199.0,6.22,49.6,405,190.0,190.0,190.2,500.0,500.0,0.0,0.0,0.0,0.3,2.89
10.4,199.0,6.22,49.6,406,190.0,190.0,190.2,500.0,500.0,0.0,0.0,0.0,0.3,2.90
10.5,199.0,6.22,49.6,407,190.0,190.0,190.2,500.0,500.0,0.0,0.0,0.0,0.3,2.91
10.5,199.0,6.22,49.6,408,190.0,190.0,190.2,500.0,500.0,0.0,0.0,0.0,0.3,2.91
10.2,199.0,6.22,49.6,409,190.0,190.0,190.2,500.0,500.0,0.0,0.0,0.0,0.3,2.92
10.0,199.0,6.22,49.6,410,190.0,190.0,190.2,500.0,500.0,0.0,0.0,0.0,0.3,2.93
9.9,199.0,6.22,49.6,411,190.0,190.0,190.2,500.0,500.0,0.0,0.0,0.0,0.3,2.94
9.9,199.0,6.22,49.6,412,190.0,190.0,190.1,500.0,500.0,0.0,0.0,0.0,0.3,2.95
9.9,198.9,6.22,49.8,413,190.0,190.0,190.1,500.0,500.0,0.0,0.0,0.0,0.3,2.96
10.1,198.9,6.22,49.8,414,190.0,190.0,190.1,500.0,500.0,0.0,0.0,0.0,0.3,2.96
10.4,199.0,6.22,49.8,415,190.0,190.0,190.1,500.0,500.0,0.0,0.0,0.0,0.3,2.97
10.6,199.0,6.22,49.8,416,190.0,190.0,190.1,500.0,500.0,0.0,0.0,0.0,0.3,2.98
10.5,199.0,6.22,49.8,417,190.0,190.0,190.1,500.0,500.0,0.0,0.0,0.0,0.3,2.99
10.3,199.0,6.22,49.6,418,190.0,190.0,190.1,500.0,500.0,0.0,0.0,0.0,0.3,3.00
10.0,199.0,6.21,49.8,419,190.0,190.0,190.1,500.0,500.0,0.0,0.0,0.0,0.3,3.01
9.8,199.0,6.21,49.6,420,190.0,190.0,190.1,500.0,500.0,0.0,0.0,0.0,0.3,3.01
9.5,199.0,6.21,49.6,421,190.0,190.0,190.1,500.0,500.0,0.0,0.0,0.0,0.3,3.02
9.6,199.0,6.21,49.6,422,190.0,190.0,190.1,500.0,500.0,0.0,0.0,0.0,0.3,3.03
9.9,199.0,6.21,49.8,423,190.0,190.0,190.1,500.0,500.0,0.0,0.0,0.0,0.3,3.04
10.1,199.1,6.21,49.8,424,190.0,190.0,190.0,500.0,500.0,0.0,0.0,0.0,0.3,3.05
10.5,199.1,6.22,50.0,425,190.0,190.0,190.0,500.0,500.0,0.0,0.0,0.0,0.3,3.06
10.6,199.1,6.22,50.0,426,190.0,190.0,190.0,500.0,500.0,0.0,0.0,0.0,0.3,3.06
10.5,199.1,6.21,50.0,427,190.0,190.0,190.0,500.0,500.0,0.0,0.0,0.0,0.3,3.07
10.3,199.1,6.21,50.0,428,190.0,190.0,190.0,500.0,500.0,0.0,0.0,0.0,0.3,3.08
10.3,199.1,6.22,49.8,429,190.0,190.0,190.0,500.0,500.0,0.0,0.0,0.0,0.3,3.09
10.3,199.1,6.21,49.8,430,190.0,190.0,190.0,500.0,500.0,0.0,0.0,0.0,0.3,3.10
10.4,199.1,6.21,49.8,431,190.0,190.0,190.0,500.0,500.0,0.0,0.0,0.0,0.3,3.11
10.3,199.1,6.22,49.8,432,190.0,190.0,190.0,500.0,500.0,0.0,0.0,0.0,0.3,3.12
10.1,199.1,6.21,49.8,433,190.0,190.0,190.0,500.0,500.0,0.0,0.0,0.0,0.3,3.12
10.0,199.2,6.21,50.0,434,190.0,190.0,190.0,500.0,500.0,0.0,0.0,0.0,0.3,3.13
10.0,199.2,6.21,49.8,435,190.0,190.0,190.0,500.0,500.0,0.0,0.0,0.0,0.3,3.14
9.8,199.2,6.22,49.8,436,190.0,190.0,190.0,500.0,500.0,0.0,0.0,0.0,0.3,3.15
9.8,199.2,6.21,49.8,437,190.0,190.0,190.0,500.0,500.0,0.0,0.0,0.0,0.3,3.16
10.0,199.2,6.21,49.8,438,190.0,190.0,190.0,500.0,500.0,0.0,0.0,0.0,0.3,3.17
10.1,199.2,6.21,49.8,439,190.0,190.0,190.0,500.0,500.0,0.0,0.0,0.0,0.3,3.17
10.1,199.2,6.21,49.8,440,190.0,190.0,190.0,500.0,500.0,0.0,0.0,0.0,0.3,3.18
10.2,199.2,6.21,49.8,441,190.0,190.0,190.0,500.0,500.0,0.0,0.0,0.0,0.3,3.19
10.2,199.2,6.21,49.8,442,190.0,190.0,190.0,500.0,500.0,0.0,0.0,0.0,0.3,3.20
10.1,199.2,6.21,49.8,443,190.0,190.0,190.0,500.0,500.0,0.0,0.0,0.0,0.3,3.21
10.0,199.2,6.21,49.8,444,190.0,190.0,190.0,500.0,500.0,0.0,0.0,0.0,0.3,3.22
9.9,199.2,6.21,49.8,445,190.0,190.0,190.0,500.0,500.0,0.0,0.0,0.0,0.3,3.22
10.0,199.2,6.21,49.8,446,190.0,190.0,190.0,500.0,500.0,0.0,0.0,0.0,0.3,3.23
10.3,199.2,6.21,49.8,447,190.0,190.0,190.0,500.0,500.0,0.0,0.0,0.0,0.3,3.24
10.6,199.2,6.21,49.8,448,190.0,190.0,190.0,500.0,500.0,0.0,0.0,0.0,0.3,3.25
10.5,199.2,6.21,49.6,449,190.0,190.0,190.0,500.0,500.0,0.0,0.0,0.0,0.3,3.26
10.3,199.2,6.21,49.8,450,190.0,190.0,190.0,500.0,500.0,0.0,0.0,0.0,0.3,3.27
10.2,199.2,6.21,49.8,451,190.0,190.0,190.0,500.0,500.0,0.0,0.0,0.0,0.3,3.28
10.1,199.2,6.21,49.8,452,190.0,190.0,190.0,500.0,500.0,0.0,0.0,0.0,0.3,3.28
10.0,199.3,6.21,49.8,453,190.0,190.0,190.0,500.0,500.0,0.0,0.0,0.0,0.3,3.29
10.0,199.3,6.21,49.8,454,190.0,190.0,190.0,500.0,500.0,0.0,0.0,0.0,0.3,3.30
10.1,199.3,6.21,49.8,455,190.0,190.0,190.0,500.0,500.0,0.0,0.0,0.0,0.3,3.31
10.4,199.3,6.21,49.8,456,190.0,190.0,190.0,500.0,500.0,0.0,0.0,0.0,0.3,3.32
10.5,199.3,6.21,49.8,457,190.0,190.0,190.0,500.0,500.0,0.0,0.0,0.0,0.3,3.33
10.5,199.3,6.21,49.8,458,190.0,190.0,190.0,500.0,500.0,0.0,0.0,0.0,0.3,3.34
10.4,199.3,6.21,50.0,459,190.0,190.0,190.0,500.0,500.0,0.0,0.0,0.0,0.3,3.34
10.3,199.3,6.21,49.8,460,190.0,190.0,190.0,500.0,500.0,0.0,0.0,0.0,0.3,3.35
10.3,199.4,6.21,49.8,461,190.0,190.0,190.1,500.0,500.0,0.0,0.0,0.0,0.3,3.36
10.3,199.4,6.21,49.8,462,190.0,190.0,190.1,500.0,500.0,0.0,0.0,0.0,0.3,3.37
10.5,199.4,6.21,49.8,463,190.0,190.0,190.1,500.0,500.0,0.0,0.0,0.0,0.3,3.38
10.5,199.4,6.21,49.8,464,190.0,190.0,190.1,500.0,500.0,0.0,0.0,0.0,0.3,3.39
10.4,199.4,6.21,49.8,465,190.0,190.0,190.1,500.0,500.0,0.0,0.0,0.0,0.3,3.40
10.2,199.4,6.21,49.8,466,190.0,190.0,190.1,500.0,500.0,0.0,0.0,0.0,0.3,3.40
10.2,199.4,6.21,49.8,467,190.0,190.0,190.1,500.0,500.0,0.0,0.0,0.0,0.3,3.41
9.9,199.4,6.21,49.8,468,190.0,190.0,190.1,500.0,500.0,0.0,0.0,0.0,0.3,3.42
10.0,199.4,6.21,49.8,469,190.0,190.0,190.1,500.0,500.0,0.0,0.0,0.0,0.3,3.43
10.1,199.5,6.21,50.0,470,190.0,190.0,190.1,500.0,500.0,0.0,0.0,0.0,0.3,3.44
10.2,199.5,6.21,49.8,471,190.0,190.0,190.1,500.0,500.0,0.0,0.0,0.0,0.3,3.45
10.1,199.5,6.21,49.8,472,190.0,190.0,190.1,500.0,500.0,0.0,0.0,0.0,0.3,3.45
10.2,199.5,6.21,49.8,473,190.0,190.0,190.1,500.0,500.0,0.0,0.0,0.0,0.3,3.46
10.2,199.5,6.21,49.6,474,190.0,190.0,190.1,500.0,500.0,0.0,0.0,0.0,0.3,3.47
10.2,199.5,6.21,49.6,475,190.0,190.0,190.2,500.0,500.0,0.0,0.0,0.0,0.3,3.48
10.0,199.5,6.21,49.8,476,190.0,190.0,190.2,500.0,500.0,0.0,0.0,0.0,0.3,3.49
9.9,199.5,6.21,49.8,477,190.0,190.0,190.2,500.0,500.0,0.0,0.0,0.0,0.3,3.50
10.0,199.5,6.21,49.8,478,190.0,190.0,190.2,500.0,500.0,0.0,0.0,0.0,0.3,3.50
10.3,199.5,6.21,50.0,479,190.0,190.0,190.2,500.0,500.0,0.0,0.0,0.0,0.3,3.51
10.4,199.5,6.21,49.8,480,190.0,190.0,190.2,500.0,500.0,0.0,0.0,0.0,0.3,3.52
10.6,199.5,6.21,49.8,481,190.0,190.0,190.2,500.0,500.0,0.0,0.0,0.0,0.3,3.53
10.6,199.5,6.21,49.8,482,190.0,190.0,190.2,500.0,500.0,0.0,0.0,0.0,0.3,3.54
10.5,199.5,6.21,49.8,483,190.0,190.0,190.2,500.0,500.0,0.0,0.0,0.0,0.3,3.55
10.4,199.6,6.21,49.8,484,190.0,190.0,190.2,500.0,500.0,0.0,0.0,0.0,0.3,3.56
10.3,199.6,6.21,49.8,485,190.0,190.0,190.2,500.0,500.0,0.0,0.0,0.0,0.3,3.56
10.2,199.6,6.21,49.8,486,190.0,190.0,190.2,500.0,500.0,0.0,0.0,0.0,0.3,3.57
10.2,199.6,6.21,49.8,487,190.0,190.0,190.2,500.0,500.0,0.0,0.0,0.0,0.3,3.58
10.4,199.6,6.21,49.8,488,190.0,190.0,190.2,500.0,500.0,0.0,0.0,0.0,0.3,3.59
10.5,199.6,6.21,49.8,489,190.0,190.0,190.2,500.0,500.0,0.0,0.0,0.0,0.3,3.60
10.4,199.6,6.21,50.0,490,190.0,190.0,190.3,500.0,500.0,0.0,0.0,0.0,0.3,3.61
10.2,199.6,6.21,49.8,491,190.0,190.0,190.3,500.0,500.0,0.0,0.0,0.0,0.3,3.62
10.2,199.6,6.21,49.8,492,190.0,190.0,190.3,500.0,500.0,0.0,0.0,0.0,0.3,3.62
10.1,199.6,6.21,49.8,493,190.0,190.0,190.3,500.0,500.0,0.0,0.0,0.0,0.3,3.63
10.1,199.6,6.21,49.8,494,190.0,190.0,190.3,500.0,500.0,0.0,0.0,0.0,0.3,3.64
10.2,199.6,6.21,49.6,495,190.0,190.0,190.3,500.0,500.0,0.0,0.0,0.0,0.3,3.65
10.4,199.6,6.21,49.6,496,190.0,190.0,190.3,500.0,500.0,0.0,0.0,0.0,0.3,3.66
10.5,199.7,6.21,49.6,497,190.0,190.0,190.3,500.0,500.0,0.0,0.0,0.0,0.3,3.67
10.6,199.7,6.21,49.6,498,190.0,190.0,190.3,500.0,500.0,0.0,0.0,0.0,0.3,3.68
10.5,199.7,6.21,49.6,499,190.0,190.0,190.3,500.0,500.0,0.0,0.0,0.0,0.3,3.68
10.2,199.7,6.21,49.8,500,190.0,190.0,190.3,500.0,500.0,0.0,0.0,0.0,0.3,3.69
10.2,199.7,6.21,50.0,501,190.0,190.0,190.3,500.0,500.0,0.0,0.0,0.0,0.3,3.70
10.1,199.6,6.21,50.0,502,190.0,190.0,190.3,500.0,500.0,0.0,0.0,0.0,0.3,3.71
10.0,199.6,6.21,50.0,503,190.0,190.0,190.3,500.0,500.0,0.0,0.0,0.0,0.3,3.72
10.1,199.6,6.21,50.0,504,190.0,190.0,190.3,500.0,500.0,0.0,0.0,0.0,0.3,3.73
10.3,199.6,6.21,49.8,505,190.0,190.0,190.3,500.0,500.0,0.0,0.0,0.0,0.3,3.74
10.5,199.7,6.21,49.8,506,190.0,190.0,190.3,500.0,500.0,0.0,0.0,0.0,0.3,3.74
10.5,199.7,6.21,49.8,507,190.0,190.0,190.3,500.0,500.0,0.0,0.0,0.0,0.3,3.75
10.3,199.7,6.21,49.8,508,190.0,190.0,190.3,500.0,500.0,0.0,0.0,0.0,0.3,3.76
10.2,199.7,6.21,49.8,509,190.0,190.0,190.2,500.0,500.0,0.0,0.0,0.0,0.3,3.77
10.3,199.7,6.21,50.0,510,190.0,190.0,190.2,500.0,500.0,0.0,0.0,0.0,0.3,3.78
10.5,199.7,6.21,49.8,511,190.0,190.0,190.2,500.0,500.0,0.0,0.0,0.0,0.3,3.79
10.5,199.7,6.21,49.8,512,190.0,190.0,190.2,500.0,500.0,0.0,0.0,0.0,0.3,3.80
10.6,199.7,6.21,49.8,513,190.0,190.0,190.2,500.0,500.0,0.0,0.0,0.0,0.3,3.80
10.7,199.7,6.21,49.8,514,190.0,190.0,190.2,500.0,500.0,0.0,0.0,0.0,0.3,3.81
10.6,199.7,6.21,49.8,515,190.0,190.0,190.2,500.0,500.0,0.0,0.0,0.0,0.3,3.82
10.5,199.8,6.21,49.8,516,190.0,190.0,190.2,500.0,500.0,0.0,0.0,0.0,0.3,3.83
10.5,199.9,6.21,49.8,517,190.0,190.0,190.2,500.0,500.0,0.0,0.0,0.0,0.3,3.84
10.3,199.9,6.21,49.8,518,190.0,190.0,190.2,500.0,500.0,0.0,0.0,0.0,0.3,3.85
10.3,199.8,6.21,49.8,519,190.0,190.0,190.3,500.0,500.0,0.0,0.0,0.0,0.3,3.86
10.3,199.8,6.21,49.8,520,190.0,190.0,190.3,500.0,500.0,0.0,0.0,0.0,0.3,3.87
10.2,199.8,6.21,50.0,521,190.0,190.0,190.3,500.0,500.0,0.0,0.0,0.0,0.3,3.87
10.1,199.8,6.21,49.8,522,190.0,190.0,190.3,500.0,500.0,0.0,0.0,0.0,0.3,3.88
10.1,199.8,6.21,49.8,523,190.0,190.0,190.3,500.0,500.0,0.0,0.0,0.0,0.3,3.89
10.1,199.8,6.21,49.8,524,190.0,190.0,190.3,500.0,500.0,0.0,0.0,0.0,0.3,3.90
10.1,199.8,6.21,49.8,525,190.0,190.0,190.2,500.0,500.0,0.0,0.0,0.0,0.3,3.91
10.2,199.8,6.21,49.6,526,190.0,190.0,190.2,500.0,500.0,0.0,0.0,0.0,0.3,3.92
10.4,199.8,6.21,49.8,527,190.0,190.0,190.2,500.0,500.0,0.0,0.0,0.0,0.3,3.92
10.4,199.8,6.21,49.8,528,190.0,190.0,190.2,500.0,500.0,0.0,0.0,0.0,0.3,3.93
10.5,199.8,6.22,49.8,529,190.0,190.0,190.2,500.0,500.0,0.0,0.0,0.0,0.3,3.94
10.6,199.9,6.22,49.8,530,190.0,190.0,190.2,500.0,500.0,0.0,0.0,0.0,0.3,3.95
10.3,199.9,6.21,49.8,531,190.0,190.0,190.2,500.0,500.0,0.0,0.0,0.0,0.3,3.96
10.2,199.9,6.21,49.8,532,190.0,190.0,190.2,500.0,500.0,0.0,0.0,0.0,0.3,3.97
10.1,199.9,6.21,49.8,533,190.0,190.0,190.2,500.0,500.0,0.0,0.0,0.0,0.3,3.98
10.0,199.8,6.21,49.8,534,190.0,190.0,190.2,500.0,500.0,0.0,0.0,0.0,0.3,3.98
10.0,199.8,6.21,49.8,535,190.0,190.0,190.2,500.0,500.0,0.0,0.0,0.0,0.3,3.99
10.1,199.8,6.21,49.8,536,190.0,190.0,190.2,500.0,500.0,0.0,0.0,0.0,0.3,4.00
10.3,199.8,6.21,49.8,537,190.0,190.0,190.2,500.0,500.0,0.0,0.0,0.0,0.3,4.01
10.5,199.8,6.21,49.8,538,190.0,190.0,190.1,500.0,500.0,0.0,0.0,0.0,0.3,4.02
10.5,199.8,6.21,49.8,539,190.0,190.0,190.1,500.0,500.0,0.0,0.0,0.0,0.3,4.03
10.2,199.9,6.22,49.8,540,190.0,190.0,190.1,500.0,500.0,0.0,0.0,0.0,0.3,4.04
10.2,199.9,6.21,50.0,541,190.0,190.0,190.1,500.0,500.0,0.0,0.0,0.0,0.3,4.04
10.1,199.9,6.21,50.0,542,190.0,190.0,190.1,500.0,500.0,0.0,0.0,0.0,0.3,4.05
10.0,199.9,6.22,50.0,543,190.0,190.0,190.1,500.0,500.0,0.0,0.0,0.0,0.3,4.06
10.0,199.9,6.21,50.0,544,190.0,190.0,190.1,500.0,500.0,0.0,0.0,0.0,0.3,4.07
10.2,199.9,6.21,50.0,545,190.0,190.0,190.1,500.0,500.0,0.0,0.0,0.0,0.3,4.08
10.2,199.9,6.21,50.0,546,190.0,190.0,190.0,500.0,500.0,0.0,0.0,0.0,0.3,4.09
10.4,199.9,6.21,49.8,547,190.0,190.0,190.0,500.0,500.0,0.0,0.0,0.0,0.3,4.10
10.5,199.9,6.21,49.8,548,190.0,190.0,190.0,500.0,500.0,0.0,0.0,0.0,0.3,4.10
10.5,199.9,6.21,49.8,549,190.0,190.0,190.0,500.0,500.0,0.0,0.0,0.0,0.3,4.11
10.3,199.9,6.21,49.8,550,190.0,190.0,190.0,500.0,500.0,0.0,0.0,0.0,0.3,4.12
10.3,199.9,6.21,49.6,551,190.0,190.0,190.0,500.0,500.0,0.0,0.0,0.0,0.3,4.13
10.3,199.9,6.21,49.8,552,190.0,190.0,190.0,500.0,500.0,0.0,0.0,0.0,0.3,4.14
10.3,199.9,6.21,49.8,553,190.0,190.0,190.0,500.0,500.0,0.0,0.0,0.0,0.3,4.15
10.2,199.9,6.21,49.8,554,190.0,190.0,190.0,500.0,500.0,0.0,0.0,0.0,0.3,4.16
10.1,199.9,6.22,49.8,555,190.0,190.0,190.0,500.0,500.0,0.0,0.0,0.0,0.3,4.16
10.1,199.9,6.22,49.8,556,190.0,190.0,190.0,500.0,500.0,0.0,0.0,0.0,0.3,4.17
10.1,199.9,6.22,49.6,557,190.0,190.0,190.0,500.0,500.0,0.0,0.0,0.0,0.3,4.18
10.0,199.8,6.22,49.6,558,190.0,190.0,190.0,500.0,500.0,0.0,0.0,0.0,0.3,4.19
10.0,199.8,6.22,49.6,559,190.0,190.0,190.0,500.0,500.0,0.0,0.0,0.0,0.3,4.20
10.2,199.8,6.21,49.6,560,190.0,190.0,190.0,500.0,500.0,0.0,0.0,0.0,0.3,4.21
10.2,199.8,6.21,49.6,561,190.0,190.0,190.0,500.0,500.0,0.0,0.0,0.0,0.3,4.21
10.2,199.8,6.21,49.8,562,190.0,190.0,190.0,500.0,500.0,0.0,0.0,0.0,0.3,4.22
10.3,199.8,6.21,49.8,563,190.0,190.0,190.0,500.0,500.0,0.0,0.0,0.0,0.3,4.23
10.3,199.8,6.21,49.8,564,190.0,190.0,190.0,500.0,500.0,0.0,0.0,0.0,0.3,4.24
10.2,199.8,6.22,49.8,565,190.0,190.0,190.0,500.0,500.0,0.0,0.0,0.0,0.3,4.25
10.1,199.8,6.22,50.0,566,190.0,190.0,190.0,500.0,500.0,0.0,0.0,0.0,0.3,4.26
9.9,199.8,6.22,49.8,567,190.0,190.0,190.0,500.0,500.0,0.0,0.0,0.0,0.3,4.26
10.0,199.8,6.22,49.8,568,190.0,190.0,190.0,500.0,500.0,0.0,0.0,0.0,0.3,4.27
10.2,199.8,6.22,49.8,569,190.0,190.0,190.0,500.0,500.0,0.0,0.0,0.0,0.3,4.28
10.5,199.8,6.22,49.8,570,190.0,190.0,190.0,500.0,500.0,0.0,0.0,0.0,0.3,4.29
10.6,199.8,6.22,49.8,571,190.0,190.0,190.0,500.0,500.0,0.0,0.0,0.0,0.3,4.30
10.8,199.8,6.22,49.8,572,190.0,190.0,190.0,500.0,500.0,0.0,0.0,0.0,0.3,4.31
10.6,199.8,6.21,49.8,573,190.0,190.0,190.0,500.0,500.0,0.0,0.0,0.0,0.3,4.32
10.5,199.8,6.21,49.8,574,190.0,190.0,190.0,500.0,500.0,0.0,0.0,0.0,0.3,4.33
10.2,199.8,6.21,49.8,575,190.0,190.0,190.0,500.0,500.0,0.0,0.0,0.0,0.3,4.33
10.1,199.9,6.21,49.8,576,190.0,190.0,190.0,500.0,500.0,0.0,0.0,0.0,0.3,4.34
10.0,199.9,6.21,50.0,577,190.0,190.0,190.0,500.0,500.0,0.0,0.0,0.0,0.3,4.35
10.1,199.9,6.21,49.8,578,190.0,190.0,190.0,500.0,500.0,0.0,0.0,0.0,0.3,4.36
10.4,199.8,6.21,49.8,579,190.0,190.0,190.0,500.0,500.0,0.0,0.0,0.0,0.3,4.37
10.4,199.8,6.21,49.8,580,190.0,190.0,190.0,500.0,500.0,0.0,0.0,0.0,0.3,4.38
10.3,199.8,6.21,49.8,581,190.0,190.0,190.0,500.0,500.0,0.0,0.0,0.0,0.3,4.38
10.2,199.8,6.21,49.6,582,190.0,190.0,190.0,500.0,500.0,0.0,0.0,0.0,0.3,4.39
10.2,199.9,6.21,49.8,583,190.0,190.0,190.0,500.0,500.0,0.0,0.0,0.0,0.3,4.40
10.1,199.9,6.21,49.8,584,190.0,190.0,190.0,500.0,500.0,0.0,0.0,0.0,0.3,4.41
10.2,199.9,6.21,49.8,585,190.0,190.0,190.0,500.0,500.0,0.0,0.0,0.0,0.3,4.42
10.2,199.9,6.21,49.8,586,190.0,190.0,190.0,500.0,500.0,0.0,0.0,0.0,0.3,4.43
10.1,199.9,6.21,49.8,587,190.0,190.0,190.0,500.0,500.0,0.0,0.0,0.0,0.3,4.44
10.2,199.9,6.21,49.8,588,190.0,190.0,190.0,500.0,500.0,0.0,0.0,0.0,0.3,4.44
10.1,199.8,6.22,49.8,589,190.0,190.0,190.0,500.0,500.0,0.0,0.0,0.0,0.3,4.45
10.0,199.8,6.22,49.8,590,190.0,190.0,190.0,500.0,500.0,0.0,0.0,0.0,0.3,4.46
10.1,199.8,6.22,49.8,591,190.0,190.0,190.0,500.0,500.0,0.0,0.0,0.0,0.3,4.47
10.2,199.8,6.22,49.8,592,190.0,190.0,190.0,500.0,500.0,0.0,0.0,0.0,0.3,4.48
10.2,199.8,6.21,49.8,593,190.0,190.0,190.0,500.0,500.0,0.0,0.0,0.0,0.3,4.49
10.2,199.9,6.21,49.8,594,190.0,190.0,190.0,500.0,500.0,0.0,0.0,0.0,0.3,4.49
10.3,199.9,6.21,49.8,595,190.0,190.0,190.0,500.0,500.0,0.0,0.0,0.0,0.3,4.50
10.3,199.9,6.21,49.8,596,190.0,190.0,190.0,500.0,500.0,0.0,0.0,0.0,0.3,4.51
10.3,200.0,6.21,50.0,597,190.0,190.0,190.0,500.0,500.0,0.0,0.0,0.0,0.3,4.52
10.2,200.0,6.21,49.8,598,190.0,190.0,190.0,500.0,500.0,0.0,0.0,0.0,0.3,4.53
10.1,199.9,6.21,49.8,599,190.0,190.0,190.0,500.0,500.0,0.0,0.0,0.0,0.3,4.54
