扭矩,料温,压力,转速,时间,温度1,温度2,温度3,温度4,温度5,温度6,温度7,温度8,顶栓,能量
1.5,197.6,6.19,0.2,0,200.1,200.0,200.0,500.0,500.0,0.0,0.0,0.0,0.3,0.00
1.5,197.6,6.19,4.4,1,200.1,200.0,200.0,500.0,500.0,0.0,0.0,0.0,0.3,0.00
1.5,197.6,6.19,11.0,2,200.1,200.0,200.0,500.0,500.0,0.0,0.0,0.0,0.3,0.00
1.5,197.6,6.19,19.0,3,200.1,200.0,200.0,500.0,500.0,0.0,0.0,0.0,0.3,0.00
1.5,197.7,6.19,27.0,4,200.1,200.0,200.0,500.0,500.0,0.0,0.0,0.0,0.3,0.00
1.5,197.7,6.19,34.8,5,200.1,200.0,200.0,500.0,500.0,0.0,0.0,0.0,0.3,0.00
1.5,197.7,6.19,38.6,6,200.1,200.0,200.0,500.0,500.0,0.0,0.0,0.0,0.3,0.00
1.5,197.8,6.19,40.0,7,200.1,200.0,200.0,500.0,500.0,0.0,0.0,0.0,0.3,0.00
1.4,197.7,6.19,40.0,8,200.1,200.0,200.0,500.0,500.0,0.0,0.0,0.0,0.3,0.01
1.5,197.2,6.19,39.8,9,200.1,200.0,200.0,500.0,500.0,0.0,0.0,0.0,0.3,0.01
1.4,196.7,6.19,40.0,10,200.1,200.0,200.0,500.0,500.0,0.0,0.0,0.0,0.3,0.01
1.4,196.0,6.19,40.0,11,200.2,200.0,200.0,500.0,500.0,0.0,0.0,0.0,0.3,0.01
1.2,195.3,6.18,39.8,12,200.2,200.0,200.0,500.0,500.0,0.0,0.0,0.0,0.3,0.01
3.7,194.4,6.18,39.6,13,200.2,200.0,200.0,500.0,500.0,0.0,0.0,0.0,0.3,0.01
9.2,193.4,6.18,39.8,14,200.2,200.0,200.0,500.0,500.0,0.0,0.0,0.0,0.3,0.02
16.7,192.1,6.18,39.6,15,200.2,200.0,200.0,500.0,500.0,0.0,0.0,0.0,0.3,0.03
28.2,190.5,6.18,39.4,16,200.2,200.0,200.0,500.0,500.0,0.0,0.0,0.0,0.3,0.05
38.9,188.5,6.19,39.6,17,200.2,200.0,200.0,500.0,500.0,0.0,0.0,0.0,0.3,0.07
48.7,186.3,6.19,39.8,18,200.2,200.0,200.0,500.0,500.0,0.0,0.0,0.0,0.3,0.10
55.2,184.0,6.19,39.8,19,200.2,200.0,200.0,500.0,500.0,0.0,0.0,0.0,0.3,0.14
59.8,181.8,6.19,39.8,20,200.2,200.0,200.0,500.0,500.0,0.0,0.0,0.0,0.3,0.18
58.5,180.2,6.19,39.8,21,200.2,200.0,200.0,500.0,500.0,0.0,0.0,0.0,0.3,0.22
58.5,178.6,6.19,39.8,22,200.1,200.0,200.0,500.0,500.0,0.0,0.0,0.0,0.3,0.26
54.4,177.6,6.19,39.8,23,200.0,200.0,200.0,500.0,500.0,0.0,0.0,0.0,0.3,0.29
50.8,176.8,6.19,39.8,24,200.0,200.0,200.0,500.0,500.0,0.0,0.0,0.0,0.3,0.33
47.2,176.4,6.19,39.8,25,200.0,200.0,200.0,500.0,500.0,0.0,0.0,0.0,0.3,0.36
43.7,176.1,6.19,40.0,26,200.0,200.0,200.0,500.0,500.0,0.0,0.0,0.0,0.3,0.39
40.2,175.9,6.19,39.8,27,200.0,200.0,200.0,500.0,500.0,0.0,0.0,0.0,0.3,0.42
39.0,175.8,6.19,39.8,28,200.0,200.0,200.0,500.0,500.0,0.0,0.0,0.0,0.3,0.44
35.7,175.8,6.19,39.8,29,200.0,200.0,200.0,500.0,500.0,0.0,0.0,0.0,0.3,0.47
33.3,175.9,6.19,39.8,30,200.0,200.0,200.0,500.0,500.0,0.0,0.0,0.0,0.3,0.49
32.7,176.1,6.19,39.8,31,200.0,200.0,200.0,500.0,500.0,0.0,0.0,0.0,0.3,0.51
30.8,176.3,6.19,40.0,32,200.0,200.0,200.0,500.0,500.0,0.0,0.0,0.0,0.3,0.53
29.5,176.4,6.19,39.8,33,200.0,200.0,200.0,500.0,500.0,0.0,0.0,0.0,0.3,0.55
29.2,176.5,6.19,39.8,34,200.0,200.0,200.0,500.0,500.0,0.0,0.0,0.0,0.3,0.57
27.6,176.6,6.19,39.8,35,200.0,200.0,200.0,500.0,500.0,0.0,0.0,0.0,0.3,0.59
26.3,176.8,6.19,39.8,36,200.0,200.0,200.0,500.0,500.0,0.0,0.0,0.0,0.3,0.60
24.9,177.0,6.19,39.8,37,200.0,200.0,200.0,500.0,500.0,0.0,0.0,0.0,0.3,0.62
23.6,177.3,6.19,40.0,38,200.0,200.0,200.0,500.0,500.0,0.0,0.0,0.0,0.3,0.64
22.6,177.6,6.19,39.8,39,200.0,200.0,200.0,500.0,500.0,0.0,0.0,0.0,0.3,0.65
21.7,177.7,6.19,39.8,40,200.0,200.0,200.0,500.0,500.0,0.0,0.0,0.0,0.3,0.67
20.8,177.9,6.19,39.8,41,200.0,200.0,200.0,500.0,500.0,0.0,0.0,0.0,0.3,0.68
20.6,178.0,6.19,39.8,42,200.0,200.0,200.0,500.0,500.0,0.0,0.0,0.0,0.3,0.69
19.3,178.2,6.19,39.8,43,200.0,199.9,200.0,500.0,500.0,0.0,0.0,0.0,0.3,0.71
18.6,178.4,6.19,40.0,44,200.0,199.7,200.0,500.0,500.0,0.0,0.0,0.0,0.3,0.72
18.0,178.7,6.19,40.0,45,200.0,199.5,200.0,500.0,500.0,0.0,0.0,0.0,0.3,0.73
16.8,178.9,6.19,39.8,46,199.9,199.3,200.0,500.0,500.0,0.0,0.0,0.0,0.3,0.74
16.0,179.2,6.19,39.8,47,199.8,199.2,200.0,500.0,500.0,0.0,0.0,0.0,0.3,0.75
15.7,179.6,6.19,39.6,48,199.8,199.1,200.0,500.0,500.0,0.0,0.0,0.0,0.3,0.76
15.2,179.9,6.19,39.6,49,199.8,199.0,200.0,500.0,500.0,0.0,0.0,0.0,0.3,0.77
14.7,180.1,6.19,39.6,50,199.8,198.8,199.9,500.0,500.0,0.0,0.0,0.0,0.3,0.78
14.3,180.4,6.19,39.8,51,199.8,198.7,199.9,500.0,500.0,0.0,0.0,0.0,0.3,0.79
13.9,180.6,6.19,39.8,52,199.8,198.7,199.9,500.0,500.0,0.0,0.0,0.0,0.3,0.80
13.5,180.9,6.19,40.0,53,199.8,198.7,199.9,500.0,500.0,0.0,0.0,0.0,0.3,0.81
12.8,181.2,6.19,40.0,54,199.8,198.7,199.9,500.0,500.0,0.0,0.0,0.0,0.3,0.82
12.3,181.4,6.19,39.8,55,199.8,198.6,199.8,500.0,500.0,0.0,0.0,0.0,0.3,0.83
12.0,181.7,6.19,39.8,56,199.7,198.5,199.8,500.0,500.0,0.0,0.0,0.0,0.3,0.83
11.4,181.9,6.19,39.8,57,199.7,198.5,199.8,500.0,500.0,0.0,0.0,0.0,0.3,0.84
11.0,182.1,6.18,39.8,58,199.8,198.4,199.8,500.0,500.0,0.0,0.0,0.0,0.3,0.85
10.8,182.3,6.18,39.8,59,199.8,198.4,199.8,500.0,500.0,0.0,0.0,0.0,0.3,0.86
10.3,182.6,6.18,40.0,60,199.8,198.5,199.8,500.0,500.0,0.0,0.0,0.0,0.3,0.86
10.1,182.8,6.18,40.0,61,199.8,198.5,199.8,500.0,500.0,0.0,0.0,0.0,0.3,0.87
9.7,183.0,6.18,40.0,62,199.8,198.5,199.8,500.0,500.0,0.0,0.0,0.0,0.3,0.88
9.3,183.2,6.19,40.0,63,199.8,198.5,199.8,500.0,500.0,0.0,0.0,0.0,0.3,0.88
9.1,183.4,6.19,39.8,64,199.8,198.6,199.8,500.0,500.0,0.0,0.0,0.0,0.3,0.89
8.8,183.7,6.19,39.8,65,199.9,198.8,199.8,500.0,500.0,0.0,0.0,0.0,0.3,0.89
8.4,184.0,6.19,39.8,66,199.9,198.8,199.8,500.0,500.0,0.0,0.0,0.0,0.3,0.90
8.2,184.3,6.19,39.8,67,199.9,198.8,199.8,500.0,500.0,0.0,0.0,0.0,0.3,0.91
8.0,184.6,6.19,39.8,68,200.0,199.0,199.8,500.0,500.0,0.0,0.0,0.0,0.3,0.91
7.7,184.7,6.19,40.0,69,200.0,199.0,199.8,500.0,500.0,0.0,0.0,0.0,0.3,0.92
7.5,184.9,6.19,40.0,70,200.0,199.3,199.8,500.0,500.0,0.0,0.0,0.0,0.3,0.92
7.3,185.1,6.19,39.8,71,200.0,199.5,199.8,500.0,500.0,0.0,0.0,0.0,0.3,0.93
7.1,185.3,6.19,40.0,72,200.0,199.6,199.8,500.0,500.0,0.0,0.0,0.0,0.3,0.93
7.0,185.5,6.19,39.8,73,200.0,199.8,199.8,500.0,500.0,0.0,0.0,0.0,0.3,0.94
6.9,185.8,6.19,39.8,74,200.0,200.0,199.9,500.0,500.0,0.0,0.0,0.0,0.3,0.94
6.7,186.0,6.19,39.8,75,200.0,200.0,199.9,500.0,500.0,0.0,0.0,0.0,0.3,0.94
6.5,186.2,6.19,40.0,76,200.0,200.0,199.9,500.0,500.0,0.0,0.0,0.0,0.3,0.95
6.5,186.4,6.19,39.8,77,200.0,200.0,199.9,500.0,500.0,0.0,0.0,0.0,0.3,0.95
6.3,186.7,6.19,40.0,78,200.0,200.2,199.9,500.0,500.0,0.0,0.0,0.0,0.3,0.96
6.3,186.9,6.19,40.0,79,200.0,200.3,200.0,500.0,500.0,0.0,0.0,0.0,0.3,0.96
6.2,187.1,6.19,40.0,80,200.0,200.4,200.0,500.0,500.0,0.0,0.0,0.0,0.3,0.97
6.1,187.3,6.19,40.2,81,200.0,200.6,200.0,500.0,500.0,0.0,0.0,0.0,0.3,0.97
6.0,187.5,6.19,40.0,82,200.0,200.8,200.0,500.0,500.0,0.0,0.0,0.0,0.3,0.97
5.9,187.7,6.19,40.0,83,200.0,200.9,200.0,500.0,500.0,0.0,0.0,0.0,0.3,0.98
5.8,187.9,6.19,40.0,84,200.0,201.0,200.0,500.0,500.0,0.0,0.0,0.0,0.3,0.98
5.8,188.2,6.19,40.0,85,200.0,201.0,200.0,500.0,500.0,0.0,0.0,0.0,0.3,0.99
5.7,188.4,6.19,39.8,86,200.0,201.0,200.0,500.0,500.0,0.0,0.0,0.0,0.3,0.99
5.7,188.7,6.19,40.0,87,200.0,201.1,200.0,500.0,500.0,0.0,0.0,0.0,0.3,0.99
5.7,188.9,6.19,40.0,88,200.0,201.2,200.0,500.0,500.0,0.0,0.0,0.0,0.3,1.00
5.6,189.1,6.19,39.8,89,200.0,201.2,200.0,500.0,500.0,0.0,0.0,0.0,0.3,1.00
5.6,189.3,6.19,39.8,90,200.0,201.2,200.0,500.0,500.0,0.0,0.0,0.0,0.3,1.00
5.6,189.5,6.19,39.8,91,200.0,201.2,200.0,500.0,500.0,0.0,0.0,0.0,0.3,1.01
5.6,189.7,6.19,39.8,92,200.0,201.2,200.0,500.0,500.0,0.0,0.0,0.0,0.3,1.01
5.5,189.9,6.19,39.8,93,200.0,201.2,200.0,500.0,500.0,0.0,0.0,0.0,0.3,1.02
5.5,190.1,6.19,40.0,94,200.2,201.2,200.0,500.0,500.0,0.0,0.0,0.0,0.3,1.02
5.5,190.3,6.19,40.0,95,200.2,201.2,200.0,500.0,500.0,0.0,0.0,0.0,0.3,1.02
5.5,190.5,6.19,40.0,96,200.2,201.0,200.0,500.0,500.0,0.0,0.0,0.0,0.3,1.03
5.4,190.7,6.19,40.0,97,200.2,200.9,200.0,500.0,500.0,0.0,0.0,0.0,0.3,1.03
5.4,190.8,6.19,39.8,98,200.2,200.9,200.0,500.0,500.0,0.0,0.0,0.0,0.3,1.03
5.4,191.0,6.19,39.8,99,200.3,200.9,200.0,500.0,500.0,0.0,0.0,0.0,0.3,1.04
5.4,191.2,6.19,39.8,100,200.4,200.7,200.0,500.0,500.0,0.0,0.0,0.0,0.3,1.04
5.4,191.3,6.19,39.8,101,200.4,200.7,200.0,500.0,500.0,0.0,0.0,0.0,0.3,1.04
5.4,191.3,6.19,39.8,102,200.4,200.5,200.0,500.0,500.0,0.0,0.0,0.0,0.3,1.05
5.3,191.4,6.19,40.0,103,200.4,200.5,200.0,500.0,500.0,0.0,0.0,0.0,0.3,1.05
5.3,191.6,6.19,40.0,104,200.4,200.5,200.0,500.0,500.0,0.0,0.0,0.0,0.3,1.06
5.3,191.8,6.19,39.8,105,200.4,200.5,200.0,500.0,500.0,0.0,0.0,0.0,0.3,1.06
5.2,191.9,6.19,40.0,106,200.4,200.3,200.0,500.0,500.0,0.0,0.0,0.0,0.3,1.06
5.2,192.1,6.19,39.8,107,200.4,200.2,200.0,500.0,500.0,0.0,0.0,0.0,0.3,1.07
5.2,192.2,6.19,39.8,108,200.5,200.2,200.1,500.0,500.0,0.0,0.0,0.0,0.3,1.07
5.2,192.3,6.19,39.8,109,200.5,200.2,200.1,500.0,500.0,0.0,0.0,0.0,0.3,1.07
5.2,192.4,6.19,40.0,110,200.5,200.0,200.1,500.0,500.0,0.0,0.0,0.0,0.3,1.08
5.2,192.6,6.19,39.8,111,200.5,200.0,200.1,500.0,500.0,0.0,0.0,0.0,0.3,1.08
5.2,192.8,6.19,40.0,112,200.5,200.0,200.1,500.0,500.0,0.0,0.0,0.0,0.3,1.08
5.2,192.9,6.19,39.8,113,200.5,200.0,200.1,500.0,500.0,0.0,0.0,0.0,0.3,1.09
5.2,193.0,6.19,39.6,114,200.5,200.0,200.2,500.0,500.0,0.0,0.0,0.0,0.3,1.09
5.2,193.1,6.19,39.8,115,200.5,200.0,200.2,500.0,500.0,0.0,0.0,0.0,0.3,1.09
5.1,193.2,6.19,39.6,116,200.5,200.0,200.2,500.0,500.0,0.0,0.0,0.0,0.3,1.10
5.1,193.4,6.19,39.6,117,200.5,200.0,200.2,500.0,500.0,0.0,0.0,0.0,0.3,1.10
5.1,193.5,6.19,39.8,118,200.6,200.0,200.2,500.0,500.0,0.0,0.0,0.0,0.3,1.10
5.1,193.7,6.19,40.0,119,200.6,200.0,200.2,500.0,500.0,0.0,0.0,0.0,0.3,1.11
5.1,193.8,6.19,39.8,120,200.6,200.0,200.2,500.0,500.0,0.0,0.0,0.0,0.3,1.11
5.1,193.9,6.19,40.0,121,200.6,200.0,200.3,500.0,500.0,0.0,0.0,0.0,0.3,1.11
5.0,194.0,6.19,40.0,122,200.6,200.0,200.3,500.0,500.0,0.0,0.0,0.0,0.3,1.12
5.0,194.1,6.19,40.0,123,200.6,200.0,200.3,500.0,500.0,0.0,0.0,0.0,0.3,1.12
5.1,194.2,6.19,40.0,124,200.6,200.1,200.3,500.0,500.0,0.0,0.0,0.0,0.3,1.12
5.0,194.3,6.19,39.8,125,200.6,200.2,200.3,500.0,500.0,0.0,0.0,0.0,0.3,1.13
5.0,194.5,6.19,39.8,126,200.6,200.3,200.3,500.0,500.0,0.0,0.0,0.0,0.3,1.13
5.0,194.6,6.19,39.8,127,200.6,200.4,200.3,500.0,500.0,0.0,0.0,0.0,0.3,1.13
5.0,194.6,6.19,39.8,128,200.6,200.4,200.3,500.0,500.0,0.0,0.0,0.0,0.3,1.14
5.0,194.7,6.19,39.8,129,200.6,200.4,200.3,500.0,500.0,0.0,0.0,0.0,0.3,1.14
5.0,194.8,6.19,40.0,130,200.6,200.4,200.3,500.0,500.0,0.0,0.0,0.0,0.3,1.14
4.9,194.8,6.19,40.0,131,200.6,200.8,200.3,500.0,500.0,0.0,0.0,0.0,0.3,1.15
4.9,194.9,6.19,39.8,132,200.6,200.8,200.3,500.0,500.0,0.0,0.0,0.0,0.3,1.15
4.9,195.0,6.19,39.8,133,200.6,200.8,200.3,500.0,500.0,0.0,0.0,0.0,0.3,1.15
4.9,195.1,6.19,39.8,134,200.6,200.9,200.2,500.0,500.0,0.0,0.0,0.0,0.3,1.16
4.9,195.2,6.19,39.8,135,200.6,201.1,200.2,500.0,500.0,0.0,0.0,0.0,0.3,1.16
4.9,195.3,6.19,39.8,136,200.6,201.1,200.2,500.0,500.0,0.0,0.0,0.0,0.3,1.16
4.9,195.4,6.19,40.0,137,200.6,201.1,200.2,500.0,500.0,0.0,0.0,0.0,0.3,1.17
4.9,195.5,6.19,40.0,138,200.6,201.2,200.2,500.0,500.0,0.0,0.0,0.0,0.3,1.17
4.9,195.6,6.19,40.0,139,200.6,201.3,200.1,500.0,500.0,0.0,0.0,0.0,0.3,1.17
4.9,195.7,6.19,40.0,140,200.6,201.3,200.1,500.0,500.0,0.0,0.0,0.0,0.3,1.18
4.9,195.8,6.19,39.8,141,200.6,201.3,200.1,500.0,500.0,0.0,0.0,0.0,0.3,1.18
4.9,195.9,6.19,39.8,142,200.6,201.3,200.1,500.0,500.0,0.0,0.0,0.0,0.3,1.18
4.8,195.9,6.19,39.8,143,200.6,201.3,200.1,500.0,500.0,0.0,0.0,0.0,0.3,1.19
4.8,196.0,6.19,39.8,144,200.6,201.4,200.0,500.0,500.0,0.0,0.0,0.0,0.3,1.19
4.9,196.1,6.19,39.8,145,200.6,201.4,200.0,500.0,500.0,0.0,0.0,0.0,0.3,1.19
4.8,196.2,6.19,40.0,146,200.6,201.4,200.0,500.0,500.0,0.0,0.0,0.0,0.3,1.20
4.8,196.3,6.19,40.0,147,200.6,201.3,200.0,500.0,500.0,0.0,0.0,0.0,0.3,1.20
4.8,196.3,6.19,40.0,148,200.6,201.2,200.0,500.0,500.0,0.0,0.0,0.0,0.3,1.20
4.8,196.4,6.19,40.0,149,200.6,201.2,200.0,500.0,500.0,0.0,0.0,0.0,0.3,1.21
4.8,196.5,6.19,39.8,150,200.6,201.2,200.0,500.0,500.0,0.0,0.0,0.0,0.3,1.21
4.8,196.5,6.18,40.0,151,200.6,201.2,200.0,500.0,500.0,0.0,0.0,0.0,0.3,1.21
4.8,196.6,6.18,40.0,152,200.6,201.2,200.0,500.0,500.0,0.0,0.0,0.0,0.3,1.21
4.8,196.7,6.19,40.0,153,200.6,201.1,200.0,500.0,500.0,0.0,0.0,0.0,0.3,1.22
4.8,196.8,6.19,40.0,154,200.6,200.9,200.0,500.0,500.0,0.0,0.0,0.0,0.3,1.22
4.8,196.8,6.19,40.2,155,200.6,200.9,200.0,500.0,500.0,0.0,0.0,0.0,0.3,1.22
4.8,196.9,6.19,40.0,156,200.6,200.8,200.0,500.0,500.0,0.0,0.0,0.0,0.3,1.23
4.8,196.9,6.19,40.0,157,200.6,200.8,200.0,500.0,500.0,0.0,0.0,0.0,0.3,1.23
4.7,197.0,6.19,40.0,158,200.6,200.8,200.0,500.0,500.0,0.0,0.0,0.0,0.3,1.23
4.7,197.1,6.19,39.8,159,200.6,200.6,200.0,500.0,500.0,0.0,0.0,0.0,0.3,1.24
4.7,197.2,6.19,39.8,160,200.6,200.5,200.0,500.0,500.0,0.0,0.0,0.0,0.3,1.24
4.7,197.2,6.19,39.8,161,200.6,200.5,200.0,500.0,500.0,0.0,0.0,0.0,0.3,1.24
4.7,197.3,6.18,39.8,162,200.6,200.5,200.0,500.0,500.0,0.0,0.0,0.0,0.3,1.25
4.7,197.4,6.18,39.8,163,200.6,200.3,200.0,500.0,500.0,0.0,0.0,0.0,0.3,1.25
4.6,197.4,6.18,40.0,164,200.6,200.1,200.0,500.0,500.0,0.0,0.0,0.0,0.3,1.25
4.6,197.5,6.19,40.0,165,200.6,200.1,200.0,500.0,500.0,0.0,0.0,0.0,0.3,1.26
4.6,197.6,6.18,40.0,166,200.6,200.1,200.0,500.0,500.0,0.0,0.0,0.0,0.3,1.26
4.6,197.6,6.19,40.0,167,200.6,200.0,200.0,500.0,500.0,0.0,0.0,0.0,0.3,1.26
4.6,197.7,6.19,39.8,168,200.6,200.0,200.0,500.0,500.0,0.0,0.0,0.0,0.3,1.26
4.6,197.7,6.19,39.8,169,200.6,200.0,200.0,500.0,500.0,0.0,0.0,0.0,0.3,1.27
4.6,197.8,6.19,39.8,170,200.6,200.0,200.0,500.0,500.0,0.0,0.0,0.0,0.3,1.27
4.5,197.8,6.19,39.8,171,200.6,200.0,200.0,500.0,500.0,0.0,0.0,0.0,0.3,1.27
4.6,197.9,6.19,39.8,172,200.6,200.0,200.0,500.0,500.0,0.0,0.0,0.0,0.3,1.28
4.6,198.0,6.19,40.0,173,200.6,200.0,200.0,500.0,500.0,0.0,0.0,0.0,0.3,1.28
4.5,198.0,6.19,40.0,174,200.6,200.0,200.0,500.0,500.0,0.0,0.0,0.0,0.3,1.28
4.5,198.1,6.19,39.8,175,200.6,200.0,200.0,500.0,500.0,0.0,0.0,0.0,0.3,1.29
4.5,198.2,6.19,39.8,176,200.6,200.0,200.0,500.0,500.0,0.0,0.0,0.0,0.3,1.29
4.5,198.2,6.19,39.6,177,200.6,200.0,200.0,500.0,500.0,0.0,0.0,0.0,0.3,1.29
4.5,198.3,6.19,39.6,178,200.7,200.0,200.0,500.0,500.0,0.0,0.0,0.0,0.3,1.29
4.5,198.4,6.19,39.6,179,200.7,200.0,200.0,500.0,500.0,0.0,0.0,0.0,0.3,1.30
4.5,198.4,6.19,39.8,180,200.7,200.0,200.0,500.0,500.0,0.0,0.0,0.0,0.3,1.30
4.5,198.4,6.19,39.8,181,200.7,200.0,200.0,500.0,500.0,0.0,0.0,0.0,0.3,1.30
4.5,198.5,6.19,40.0,182,200.7,200.0,200.0,500.0,500.0,0.0,0.0,0.0,0.3,1.31
4.5,198.6,6.19,40.0,183,200.7,200.0,200.0,500.0,500.0,0.0,0.0,0.0,0.3,1.31
4.5,198.6,6.18,40.0,184,200.7,200.0,200.0,500.0,500.0,0.0,0.0,0.0,0.3,1.31
4.5,198.6,6.19,40.0,185,200.7,200.0,200.0,500.0,500.0,0.0,0.0,0.0,0.3,1.32
4.5,198.6,6.18,40.0,186,200.8,200.0,200.0,500.0,500.0,0.0,0.0,0.0,0.3,1.32
4.5,198.7,6.18,39.8,187,200.8,200.0,200.0,500.0,500.0,0.0,0.0,0.0,0.3,1.32
4.5,198.7,6.19,39.8,188,200.8,200.1,200.0,500.0,500.0,0.0,0.0,0.0,0.3,1.32
4.5,198.8,6.19,39.8,189,200.8,200.1,200.0,500.0,500.0,0.0,0.0,0.0,0.3,1.33
4.4,198.9,6.19,39.8,190,200.8,200.1,200.0,500.0,500.0,0.0,0.0,0.0,0.3,1.33
4.5,198.9,6.19,39.8,191,200.8,200.1,200.0,500.0,500.0,0.0,0.0,0.0,0.3,1.33
4.5,198.9,6.19,40.0,192,200.8,200.2,200.0,500.0,500.0,0.0,0.0,0.0,0.3,1.34
4.5,199.0,6.19,40.0,193,200.8,200.3,200.0,500.0,500.0,0.0,0.0,0.0,0.3,1.34
4.5,199.0,6.18,40.0,194,200.9,200.3,200.0,500.0,500.0,0.0,0.0,0.0,0.3,1.34
4.5,199.1,6.19,40.0,195,200.9,200.3,200.0,500.0,500.0,0.0,0.0,0.0,0.3,1.35
4.5,199.2,6.19,39.8,196,200.9,200.3,200.0,500.0,500.0,0.0,0.0,0.0,0.3,1.35
4.5,199.2,6.19,39.8,197,200.9,200.3,200.0,500.0,500.0,0.0,0.0,0.0,0.3,1.35
4.4,199.2,6.18,39.8,198,200.9,200.3,200.0,500.0,500.0,0.0,0.0,0.0,0.3,1.35
4.4,199.3,6.18,39.8,199,200.9,200.3,200.0,500.0,500.0,0.0,0.0,0.0,0.3,1.36
4.4,199.4,6.18,39.8,200,200.9,200.4,200.0,500.0,500.0,0.0,0.0,0.0,0.3,1.36
4.4,199.4,6.18,40.0,201,201.0,200.4,200.0,500.0,500.0,0.0,0.0,0.0,0.3,1.36
4.4,199.4,6.18,40.0,202,201.0,200.4,200.0,500.0,500.0,0.0,0.0,0.0,0.3,1.37
4.4,199.5,6.18,39.8,203,201.0,200.4,200.0,500.0,500.0,0.0,0.0,0.0,0.3,1.37
4.4,199.5,6.18,40.0,204,201.0,200.4,200.1,500.0,500.0,0.0,0.0,0.0,0.3,1.37
4.4,199.6,6.18,39.8,205,201.0,200.4,200.1,500.0,500.0,0.0,0.0,0.0,0.3,1.37
4.4,199.7,6.19,39.8,206,201.0,200.4,200.1,500.0,500.0,0.0,0.0,0.0,0.3,1.38
4.4,199.7,6.19,39.8,207,201.0,200.3,200.1,500.0,500.0,0.0,0.0,0.0,0.3,1.38
4.4,199.7,6.19,40.0,208,201.0,200.2,200.1,500.0,500.0,0.0,0.0,0.0,0.3,1.38
4.4,199.8,6.19,39.8,209,201.0,200.2,200.1,500.0,500.0,0.0,0.0,0.0,0.3,1.39
4.4,199.9,6.19,40.0,210,201.1,200.2,200.2,500.0,500.0,0.0,0.0,0.0,0.3,1.39
4.4,199.9,6.19,39.8,211,201.1,200.2,200.3,500.0,500.0,0.0,0.0,0.0,0.3,1.39
4.4,200.0,6.19,39.8,212,201.1,200.2,200.3,500.0,500.0,0.0,0.0,0.0,0.3,1.40
4.4,200.0,6.19,40.0,213,201.1,200.2,200.3,500.0,500.0,0.0,0.0,0.0,0.3,1.40
4.4,200.0,6.19,39.8,214,201.1,200.1,200.3,500.0,500.0,0.0,0.0,0.0,0.3,1.40
4.4,200.1,6.19,39.8,215,201.1,200.0,200.3,500.0,500.0,0.0,0.0,0.0,0.3,1.40
4.4,200.2,6.19,40.0,216,201.1,200.0,200.3,500.0,500.0,0.0,0.0,0.0,0.3,1.41
4.3,200.2,6.18,40.0,217,201.1,200.0,200.3,500.0,500.0,0.0,0.0,0.0,0.3,1.41
4.3,200.2,6.18,39.8,218,201.1,200.0,200.3,500.0,500.0,0.0,0.0,0.0,0.3,1.41
4.4,200.3,6.18,40.0,219,201.1,200.0,200.4,500.0,500.0,0.0,0.0,0.0,0.3,1.42
4.4,200.3,6.19,40.0,220,201.1,200.0,200.5,500.0,500.0,0.0,0.0,0.0,0.3,1.42
4.3,200.4,6.18,40.0,221,201.2,200.0,200.5,500.0,500.0,0.0,0.0,0.0,0.3,1.42
4.3,200.4,6.18,40.0,222,201.2,200.0,200.5,500.0,500.0,0.0,0.0,0.0,0.3,1.42
4.3,200.5,6.18,40.0,223,201.2,200.0,200.5,500.0,500.0,0.0,0.0,0.0,0.3,1.43
4.3,200.6,6.19,40.0,224,201.2,200.0,200.5,500.0,500.0,0.0,0.0,0.0,0.3,1.43
4.3,200.6,6.19,40.0,225,201.2,200.0,200.5,500.0,500.0,0.0,0.0,0.0,0.3,1.43
4.3,200.7,6.19,40.0,226,201.2,200.0,200.5,500.0,500.0,0.0,0.0,0.0,0.3,1.44
4.3,200.7,6.19,40.0,227,201.2,200.0,200.6,500.0,500.0,0.0,0.0,0.0,0.3,1.44
4.3,200.8,6.19,40.2,228,201.3,200.0,200.7,500.0,500.0,0.0,0.0,0.0,0.3,1.44
4.3,200.8,6.19,40.2,229,201.3,200.0,200.7,500.0,500.0,0.0,0.0,0.0,0.3,1.44
4.3,200.9,6.19,40.0,230,201.3,200.0,200.7,500.0,500.0,0.0,0.0,0.0,0.3,1.45
4.3,200.9,6.19,40.0,231,201.3,200.0,200.7,500.0,500.0,0.0,0.0,0.0,0.3,1.45
4.3,200.9,6.19,40.0,232,201.3,200.0,200.7,500.0,500.0,0.0,0.0,0.0,0.3,1.45
4.3,201.0,6.19,39.8,233,201.3,200.0,200.7,500.0,500.0,0.0,0.0,0.0,0.3,1.46
4.3,201.0,6.19,39.8,234,201.3,200.0,200.7,500.0,500.0,0.0,0.0,0.0,0.3,1.46
4.3,201.0,6.19,40.0,235,201.3,200.0,200.7,500.0,500.0,0.0,0.0,0.0,0.3,1.46
4.3,201.1,6.19,40.0,236,201.3,200.0,200.7,500.0,500.0,0.0,0.0,0.0,0.3,1.46
4.3,201.1,6.19,40.0,237,201.3,200.0,200.7,500.0,500.0,0.0,0.0,0.0,0.3,1.47
4.3,201.1,6.19,40.0,238,201.3,200.0,200.7,500.0,500.0,0.0,0.0,0.0,0.3,1.47
4.3,201.2,6.19,39.8,239,201.3,200.0,200.7,500.0,500.0,0.0,0.0,0.0,0.3,1.47
4.3,201.3,6.19,39.8,240,201.3,200.0,200.7,500.0,500.0,0.0,0.0,0.0,0.3,1.48
4.3,201.3,6.19,39.8,241,201.3,200.0,200.7,500.0,500.0,0.0,0.0,0.0,0.3,1.48
4.3,201.3,6.19,39.8,242,201.3,200.0,200.7,500.0,500.0,0.0,0.0,0.0,0.3,1.48
4.3,201.4,6.19,39.8,243,201.2,200.0,200.7,500.0,500.0,0.0,0.0,0.0,0.3,1.48
4.3,201.4,6.19,40.0,244,201.2,200.0,200.7,500.0,500.0,0.0,0.0,0.0,0.3,1.49
4.3,201.4,6.19,40.0,245,201.2,200.0,200.7,500.0,500.0,0.0,0.0,0.0,0.3,1.49
4.3,201.4,6.19,40.0,246,201.2,200.0,200.6,500.0,500.0,0.0,0.0,0.0,0.3,1.49
4.3,201.5,6.19,40.0,247,201.2,200.0,200.6,500.0,500.0,0.0,0.0,0.0,0.3,1.50
4.3,201.5,6.18,39.8,248,201.2,200.0,200.6,500.0,500.0,0.0,0.0,0.0,0.3,1.50
4.3,201.5,6.18,39.8,249,201.2,200.0,200.6,500.0,500.0,0.0,0.0,0.0,0.3,1.50
4.3,201.6,6.18,39.8,250,201.2,200.0,200.6,500.0,500.0,0.0,0.0,0.0,0.3,1.50
4.2,201.6,6.19,39.8,251,201.2,200.0,200.6,500.0,500.0,0.0,0.0,0.0,0.3,1.51
4.2,201.6,6.19,39.8,252,201.2,200.0,200.6,500.0,500.0,0.0,0.0,0.0,0.3,1.51
4.2,201.7,6.19,40.0,253,201.1,200.0,200.5,500.0,500.0,0.0,0.0,0.0,0.3,1.51
4.2,201.7,6.19,40.0,254,201.1,200.0,200.5,500.0,500.0,0.0,0.0,0.0,0.3,1.52
4.2,201.7,6.19,40.0,255,201.1,200.0,200.5,500.0,500.0,0.0,0.0,0.0,0.3,1.52
4.2,201.8,6.19,40.0,256,201.1,200.0,200.5,500.0,500.0,0.0,0.0,0.0,0.3,1.52
4.2,201.8,6.19,39.8,257,201.1,200.0,200.4,500.0,500.0,0.0,0.0,0.0,0.3,1.52
4.2,201.8,6.19,39.8,258,201.0,200.0,200.4,500.0,500.0,0.0,0.0,0.0,0.3,1.53
4.2,201.8,6.19,39.8,259,201.0,200.0,200.4,500.0,500.0,0.0,0.0,0.0,0.3,1.53
4.2,201.9,6.19,39.8,260,201.0,200.0,200.4,500.0,500.0,0.0,0.0,0.0,0.3,1.53
4.2,201.9,6.19,39.8,261,201.0,200.0,200.3,500.0,500.0,0.0,0.0,0.0,0.3,1.54
4.2,201.9,6.19,40.0,262,201.0,200.0,200.3,500.0,500.0,0.0,0.0,0.0,0.3,1.54
4.2,202.0,6.19,40.0,263,201.0,200.0,200.3,500.0,500.0,0.0,0.0,0.0,0.3,1.54
4.2,202.0,6.19,39.8,264,201.0,200.0,200.3,500.0,500.0,0.0,0.0,0.0,0.3,1.54
4.2,202.0,6.19,39.8,265,200.9,200.0,200.3,500.0,500.0,0.0,0.0,0.0,0.3,1.55
4.2,202.1,6.19,39.8,266,200.9,200.0,200.2,500.0,500.0,0.0,0.0,0.0,0.3,1.55
4.2,202.1,6.19,39.8,267,200.9,200.0,200.2,500.0,500.0,0.0,0.0,0.0,0.3,1.55
4.2,202.1,6.19,39.8,268,200.9,200.0,200.2,500.0,500.0,0.0,0.0,0.0,0.3,1.56
4.2,202.1,6.19,40.0,269,200.9,200.0,200.2,500.0,500.0,0.0,0.0,0.0,0.3,1.56
4.2,202.2,6.19,40.0,270,200.9,200.0,200.1,500.0,500.0,0.0,0.0,0.0,0.3,1.56
4.2,202.2,6.19,40.0,271,200.9,200.0,200.1,500.0,500.0,0.0,0.0,0.0,0.3,1.56
4.2,202.2,6.19,40.0,272,200.8,200.0,200.1,500.0,500.0,0.0,0.0,0.0,0.3,1.57
4.2,202.2,6.19,39.8,273,200.8,200.0,200.1,500.0,500.0,0.0,0.0,0.0,0.3,1.57
4.2,202.2,6.19,40.0,274,200.8,200.0,200.1,500.0,500.0,0.0,0.0,0.0,0.3,1.57
4.2,202.3,6.19,40.0,275,200.8,200.0,200.1,500.0,500.0,0.0,0.0,0.0,0.3,1.57
4.2,202.3,6.19,40.0,276,200.8,200.0,200.0,500.0,500.0,0.0,0.0,0.0,0.3,1.58
4.2,202.3,6.19,40.0,277,200.8,200.0,200.0,500.0,500.0,0.0,0.0,0.0,0.3,1.58
4.2,202.3,6.19,40.2,278,200.8,200.0,200.0,500.0,500.0,0.0,0.0,0.0,0.3,1.58
4.2,202.3,6.19,40.0,279,200.8,200.0,200.0,500.0,500.0,0.0,0.0,0.0,0.3,1.59
4.2,202.4,6.19,40.0,280,200.7,200.0,200.0,500.0,500.0,0.0,0.0,0.0,0.3,1.59
4.2,202.4,6.19,40.0,281,200.7,200.0,200.0,500.0,500.0,0.0,0.0,0.0,0.3,1.59
4.2,202.4,6.18,39.8,282,200.7,200.0,200.0,500.0,500.0,0.0,0.0,0.0,0.3,1.59
4.1,202.4,6.18,40.0,283,200.7,200.0,200.0,500.0,500.0,0.0,0.0,0.0,0.3,1.60
4.1,202.4,6.18,39.8,284,200.7,200.0,200.0,500.0,500.0,0.0,0.0,0.0,0.3,1.60
4.1,202.5,6.18,39.8,285,200.7,200.0,200.0,500.0,500.0,0.0,0.0,0.0,0.3,1.60
4.2,202.5,6.18,39.8,286,200.6,200.0,200.0,500.0,500.0,0.0,0.0,0.0,0.3,1.61
4.2,202.5,6.18,40.0,287,200.6,200.0,200.0,500.0,500.0,0.0,0.0,0.0,0.3,1.61
4.2,202.5,6.18,39.8,288,200.6,200.0,200.0,500.0,500.0,0.0,0.0,0.0,0.3,1.61
4.2,202.5,6.18,40.0,289,200.6,200.0,200.0,500.0,500.0,0.0,0.0,0.0,0.3,1.61
4.2,202.6,6.18,40.0,290,200.6,200.0,200.0,500.0,500.0,0.0,0.0,0.0,0.3,1.62
4.2,202.6,6.18,39.8,291,200.6,200.0,200.0,500.0,500.0,0.0,0.0,0.0,0.3,1.62
4.2,202.6,6.18,39.8,292,200.6,200.0,200.0,500.0,500.0,0.0,0.0,0.0,0.3,1.62
4.2,202.6,6.18,39.8,293,200.6,200.0,200.0,500.0,500.0,0.0,0.0,0.0,0.3,1.63
4.2,202.6,6.19,39.8,294,200.6,200.0,200.0,500.0,500.0,0.0,0.0,0.0,0.3,1.63
4.2,202.7,6.19,39.8,295,200.5,200.0,200.0,500.0,500.0,0.0,0.0,0.0,0.3,1.63
4.2,202.7,6.19,40.0,296,200.5,200.0,200.0,500.0,500.0,0.0,0.0,0.0,0.3,1.63
4.2,202.7,6.19,40.0,297,200.5,200.0,200.0,500.0,500.0,0.0,0.0,0.0,0.3,1.64
4.2,202.7,6.19,40.0,298,200.5,200.0,200.0,500.0,500.0,0.0,0.0,0.0,0.3,1.64
4.2,202.7,6.19,40.0,299,200.5,200.0,200.0,500.0,500.0,0.0,0.0,0.0,0.3,1.64
4.2,202.7,6.18,39.8,300,200.5,200.0,200.0,500.0,500.0,0.0,0.0,0.0,0.3,1.64
4.2,202.7,6.18,39.8,301,200.5,200.0,200.0,500.0,500.0,0.0,0.0,0.0,0.3,1.65
4.1,202.8,6.18,39.8,302,200.5,200.0,200.0,500.0,500.0,0.0,0.0,0.0,0.3,1.65
4.1,202.8,6.19,39.8,303,200.5,200.0,200.0,500.0,500.0,0.0,0.0,0.0,0.3,1.65
4.1,202.8,6.19,39.8,304,200.4,200.0,200.0,500.0,500.0,0.0,0.0,0.0,0.3,1.66
4.1,202.8,6.19,40.0,305,200.4,200.0,200.0,500.0,500.0,0.0,0.0,0.0,0.3,1.66
4.1,202.9,6.19,40.0,306,200.4,200.0,200.0,500.0,500.0,0.0,0.0,0.0,0.3,1.66
4.1,202.9,6.19,39.8,307,200.4,200.0,200.1,500.0,500.0,0.0,0.0,0.0,0.3,1.66
4.1,202.9,6.19,40.0,308,200.4,200.0,200.1,500.0,500.0,0.0,0.0,0.0,0.3,1.67
4.1,202.9,6.19,39.8,309,200.4,200.0,200.1,500.0,500.0,0.0,0.0,0.0,0.3,1.67
4.1,202.9,6.19,39.8,310,200.4,200.0,200.1,500.0,500.0,0.0,0.0,0.0,0.3,1.67
4.1,202.9,6.19,39.8,311,200.4,200.0,200.2,500.0,500.0,0.0,0.0,0.0,0.3,1.67
4.1,203.0,6.18,40.0,312,200.4,200.0,200.2,500.0,500.0,0.0,0.0,0.0,0.3,1.68
4.1,203.1,6.19,39.8,313,200.4,200.0,200.2,500.0,500.0,0.0,0.0,0.0,0.3,1.68
4.1,203.1,6.19,40.0,314,200.4,200.0,200.2,500.0,500.0,0.0,0.0,0.0,0.3,1.68
4.0,203.1,6.18,40.0,315,200.4,200.0,200.3,500.0,500.0,0.0,0.0,0.0,0.3,1.69
4.1,203.1,6.18,39.8,316,200.5,200.0,200.4,500.0,500.0,0.0,0.0,0.0,0.3,1.69
4.1,203.1,6.18,40.0,317,200.5,200.0,200.4,500.0,500.0,0.0,0.0,0.0,0.3,1.69
4.1,203.1,6.18,40.0,318,200.5,200.0,200.4,500.0,500.0,0.0,0.0,0.0,0.3,1.69
4.1,203.1,6.18,39.8,319,200.5,200.0,200.4,500.0,500.0,0.0,0.0,0.0,0.3,1.70
4.2,203.1,6.19,39.8,320,200.5,200.0,200.4,500.0,500.0,0.0,0.0,0.0,0.3,1.70
4.2,203.1,6.19,40.0,321,200.4,200.0,200.4,500.0,500.0,0.0,0.0,0.0,0.3,1.70
4.1,203.2,6.18,39.8,322,200.3,200.0,200.4,500.0,500.0,0.0,0.0,0.0,0.3,1.70
4.2,203.3,6.18,39.8,323,200.3,200.0,200.4,500.0,500.0,0.0,0.0,0.0,0.3,1.71
4.1,203.3,6.18,40.0,324,200.3,200.0,200.5,500.0,500.0,0.0,0.0,0.0,0.3,1.71
4.1,203.3,6.18,40.0,325,200.3,200.0,200.6,500.0,500.0,0.0,0.0,0.0,0.3,1.71
4.1,203.3,6.18,40.0,326,200.4,200.0,200.6,500.0,500.0,0.0,0.0,0.0,0.3,1.72
4.1,203.3,6.18,39.8,327,200.4,200.0,200.6,500.0,500.0,0.0,0.0,0.0,0.3,1.72
4.1,203.4,6.19,39.8,328,200.4,200.0,200.6,500.0,500.0,0.0,0.0,0.0,0.3,1.72
4.1,203.4,6.18,39.8,329,200.4,200.0,200.6,500.0,500.0,0.0,0.0,0.0,0.3,1.72
4.1,203.4,6.18,39.8,330,200.4,200.0,200.6,500.0,500.0,0.0,0.0,0.0,0.3,1.73
4.1,203.4,6.19,39.8,331,200.4,200.0,200.7,500.0,500.0,0.0,0.0,0.0,0.3,1.73
4.1,203.4,6.18,40.0,332,200.4,200.0,200.7,500.0,500.0,0.0,0.0,0.0,0.3,1.73
4.1,203.4,6.18,40.0,333,200.4,200.0,200.7,500.0,500.0,0.0,0.0,0.0,0.3,1.73
4.1,203.4,6.18,39.8,334,200.4,200.0,200.7,500.0,500.0,0.0,0.0,0.0,0.3,1.74
4.1,203.5,6.18,39.8,335,200.4,200.0,200.7,500.0,500.0,0.0,0.0,0.0,0.3,1.74
4.1,203.5,6.18,39.8,336,200.4,200.0,200.7,500.0,500.0,0.0,0.0,0.0,0.3,1.74
4.1,203.5,6.18,39.8,337,200.4,200.0,200.7,500.0,500.0,0.0,0.0,0.0,0.3,1.75
4.1,203.5,6.18,39.8,338,200.4,200.0,200.7,500.0,500.0,0.0,0.0,0.0,0.3,1.75
4.1,203.6,6.18,40.0,339,200.4,200.0,200.7,500.0,500.0,0.0,0.0,0.0,0.3,1.75
4.1,203.6,6.18,40.0,340,200.4,200.0,200.7,500.0,500.0,0.0,0.0,0.0,0.3,1.75
4.1,203.6,6.18,40.0,341,200.4,200.0,200.7,500.0,500.0,0.0,0.0,0.0,0.3,1.76
4.1,203.6,6.18,40.0,342,200.4,200.0,200.7,500.0,500.0,0.0,0.0,0.0,0.3,1.76
4.1,203.6,6.19,39.8,343,200.4,200.0,200.7,500.0,500.0,0.0,0.0,0.0,0.3,1.76
4.1,203.6,6.19,39.8,344,200.4,200.0,200.8,500.0,500.0,0.0,0.0,0.0,0.3,1.76
4.1,203.6,6.19,39.8,345,200.4,200.0,200.8,500.0,500.0,0.0,0.0,0.0,0.3,1.77
4.1,203.7,6.19,39.8,346,200.4,200.0,200.8,500.0,500.0,0.0,0.0,0.0,0.3,1.77
4.1,203.7,6.19,39.8,347,200.3,200.0,200.8,500.0,500.0,0.0,0.0,0.0,0.3,1.77
4.1,203.7,6.18,40.0,348,200.3,200.0,200.8,500.0,500.0,0.0,0.0,0.0,0.3,1.78
4.0,203.7,6.18,40.0,349,200.3,200.0,200.8,500.0,500.0,0.0,0.0,0.0,0.3,1.78
4.0,203.7,6.18,40.0,350,200.3,200.0,200.7,500.0,500.0,0.0,0.0,0.0,0.3,1.78
4.1,203.8,6.18,40.0,351,200.3,200.0,200.7,500.0,500.0,0.0,0.0,0.0,0.3,1.78
4.0,203.8,6.18,40.0,352,200.3,200.0,200.7,500.0,500.0,0.0,0.0,0.0,0.3,1.79
4.0,203.9,6.18,39.8,353,200.3,200.0,200.7,500.0,500.0,0.0,0.0,0.0,0.3,1.79
4.0,203.9,6.19,39.8,354,200.3,200.0,200.7,500.0,500.0,0.0,0.0,0.0,0.3,1.79
4.0,203.9,6.18,39.8,355,200.4,200.0,200.8,500.0,500.0,0.0,0.0,0.0,0.3,1.79
4.0,203.9,6.18,39.8,356,200.4,200.0,200.8,500.0,500.0,0.0,0.0,0.0,0.3,1.80
4.0,203.9,6.18,39.8,357,200.4,200.0,200.8,500.0,500.0,0.0,0.0,0.0,0.3,1.80
4.0,204.0,6.18,40.0,358,200.4,200.0,200.8,500.0,500.0,0.0,0.0,0.0,0.3,1.80
4.0,204.0,6.18,40.0,359,200.3,200.0,200.8,500.0,500.0,0.0,0.0,0.0,0.3,1.80
4.0,204.0,6.18,40.0,360,200.3,200.0,200.8,500.0,500.0,0.0,0.0,0.0,0.3,1.81
4.0,204.0,6.18,40.0,361,200.3,200.0,200.8,500.0,500.0,0.0,0.0,0.0,0.3,1.81
4.0,204.0,6.18,39.8,362,200.3,200.0,200.7,500.0,500.0,0.0,0.0,0.0,0.3,1.81
4.0,204.0,6.18,39.8,363,200.3,200.0,200.7,500.0,500.0,0.0,0.0,0.0,0.3,1.82
4.0,204.0,6.18,39.8,364,200.3,200.0,200.7,500.0,500.0,0.0,0.0,0.0,0.3,1.82
4.0,204.0,6.19,39.8,365,200.3,200.0,200.7,500.0,500.0,0.0,0.0,0.0,0.3,1.82
4.0,204.0,6.19,39.8,366,200.3,200.0,200.7,500.0,500.0,0.0,0.0,0.0,0.3,1.82
4.0,204.0,6.19,40.0,367,200.3,200.0,200.6,500.0,500.0,0.0,0.0,0.0,0.3,1.83
4.0,204.0,6.19,40.0,368,200.3,200.0,200.6,500.0,500.0,0.0,0.0,0.0,0.3,1.83
4.0,204.1,6.19,40.0,369,200.3,200.0,200.6,500.0,500.0,0.0,0.0,0.0,0.3,1.83
4.0,204.1,6.19,39.8,370,200.3,200.0,200.6,500.0,500.0,0.0,0.0,0.0,0.3,1.83
4.0,204.1,6.19,39.8,371,200.3,200.0,200.6,500.0,500.0,0.0,0.0,0.0,0.3,1.84
4.0,204.1,6.19,39.8,372,200.2,200.0,200.5,500.0,500.0,0.0,0.0,0.0,0.3,1.84
4.0,204.1,6.18,39.8,373,200.2,200.0,200.5,500.0,500.0,0.0,0.0,0.0,0.3,1.84
4.0,204.1,6.18,39.8,374,200.2,200.0,200.5,500.0,500.0,0.0,0.0,0.0,0.3,1.84
4.0,204.1,6.18,40.0,375,200.2,200.0,200.5,500.0,500.0,0.0,0.0,0.0,0.3,1.85
4.0,204.1,6.19,40.0,376,200.2,200.0,200.5,500.0,500.0,0.0,0.0,0.0,0.3,1.85
3.9,204.2,6.18,40.0,377,200.2,200.0,200.4,500.0,500.0,0.0,0.0,0.0,0.3,1.85
4.0,204.2,6.19,40.0,378,200.2,200.0,200.4,500.0,500.0,0.0,0.0,0.0,0.3,1.86
4.0,204.2,6.19,40.2,379,200.2,200.0,200.4,500.0,500.0,0.0,0.0,0.0,0.3,1.86
3.9,204.2,6.19,40.0,380,200.2,200.0,200.4,500.0,500.0,0.0,0.0,0.0,0.3,1.86
4.0,204.2,6.19,40.0,381,200.2,200.0,200.4,500.0,500.0,0.0,0.0,0.0,0.3,1.86
4.0,204.2,6.19,40.0,382,200.1,200.0,200.3,500.0,500.0,0.0,0.0,0.0,0.3,1.87
4.0,204.2,6.19,40.0,383,200.1,200.0,200.3,500.0,500.0,0.0,0.0,0.0,0.3,1.87
4.0,204.2,6.19,39.8,384,200.1,200.0,200.3,500.0,500.0,0.0,0.0,0.0,0.3,1.87
4.0,204.2,6.19,40.0,385,200.1,200.0,200.2,500.0,500.0,0.0,0.0,0.0,0.3,1.87
3.9,204.2,6.18,39.8,386,200.1,200.0,200.2,500.0,500.0,0.0,0.0,0.0,0.3,1.88
3.9,204.2,6.18,40.0,387,200.1,200.0,200.2,500.0,500.0,0.0,0.0,0.0,0.3,1.88
3.9,204.2,6.18,40.0,388,200.0,200.0,200.2,500.0,500.0,0.0,0.0,0.0,0.3,1.88
3.9,204.2,6.18,39.8,389,200.0,200.0,200.1,500.0,500.0,0.0,0.0,0.0,0.3,1.88
4.0,204.3,6.18,39.8,390,200.0,200.0,200.1,500.0,500.0,0.0,0.0,0.0,0.3,1.89
4.0,204.2,6.18,40.0,391,200.0,200.0,200.1,500.0,500.0,0.0,0.0,0.0,0.3,1.89
3.9,204.2,6.18,39.8,392,200.0,200.0,200.1,500.0,500.0,0.0,0.0,0.0,0.3,1.89
4.0,204.2,6.19,39.8,393,200.0,200.0,200.1,500.0,500.0,0.0,0.0,0.0,0.3,1.89
4.0,204.2,6.19,40.0,394,200.0,200.0,200.1,500.0,500.0,0.0,0.0,0.0,0.3,1.90
4.0,204.3,6.19,40.0,395,200.0,200.0,200.0,500.0,500.0,0.0,0.0,0.0,0.3,1.90
4.0,204.3,6.19,39.8,396,200.0,200.0,200.0,500.0,500.0,0.0,0.0,0.0,0.3,1.90
4.0,204.3,6.19,39.8,397,200.0,200.0,200.0,500.0,500.0,0.0,0.0,0.0,0.3,1.91
3.9,204.3,6.19,39.8,398,200.0,200.0,200.0,500.0,500.0,0.0,0.0,0.0,0.3,1.91
4.0,204.3,6.19,39.8,399,200.0,200.0,200.0,500.0,500.0,0.0,0.0,0.0,0.3,1.91
4.0,204.3,6.19,39.8,400,200.0,200.0,200.0,500.0,500.0,0.0,0.0,0.0,0.3,1.91
4.0,204.3,6.19,40.0,401,200.0,200.0,200.0,500.0,500.0,0.0,0.0,0.0,0.3,1.92
3.9,204.3,6.19,40.0,402,200.0,200.0,200.0,500.0,500.0,0.0,0.0,0.0,0.3,1.92
3.9,204.3,6.19,40.0,403,200.0,200.0,200.0,500.0,500.0,0.0,0.0,0.0,0.3,1.92
3.9,204.3,6.19,40.0,404,200.0,200.0,200.0,500.0,500.0,0.0,0.0,0.0,0.3,1.92
3.9,204.3,6.19,39.8,405,200.0,200.0,200.0,500.0,500.0,0.0,0.0,0.0,0.3,1.93
3.9,204.3,6.19,39.8,406,200.0,200.0,200.0,500.0,500.0,0.0,0.0,0.0,0.3,1.93
4.0,204.3,6.19,39.8,407,200.0,200.0,200.0,500.0,500.0,0.0,0.0,0.0,0.3,1.93
4.0,204.3,6.19,39.8,408,200.0,200.0,200.0,500.0,500.0,0.0,0.0,0.0,0.3,1.93
4.0,204.3,6.19,39.8,409,200.0,200.0,200.0,500.0,500.0,0.0,0.0,0.0,0.3,1.94
4.0,204.3,6.19,40.0,410,200.0,200.0,200.0,500.0,500.0,0.0,0.0,0.0,0.3,1.94
4.0,204.3,6.19,40.0,411,200.0,200.0,200.0,500.0,500.0,0.0,0.0,0.0,0.3,1.94
4.0,204.3,6.19,40.0,412,200.0,200.0,200.0,500.0,500.0,0.0,0.0,0.0,0.3,1.94
4.0,204.3,6.19,40.0,413,200.0,200.0,200.0,500.0,500.0,0.0,0.0,0.0,0.3,1.95
4.0,204.3,6.19,39.8,414,200.0,200.0,200.0,500.0,500.0,0.0,0.0,0.0,0.3,1.95
4.0,204.3,6.19,39.8,415,200.0,200.0,200.0,500.0,500.0,0.0,0.0,0.0,0.3,1.95
4.0,204.3,6.19,39.8,416,200.0,200.0,200.0,500.0,500.0,0.0,0.0,0.0,0.3,1.96
3.9,204.3,6.19,39.8,417,200.0,200.0,200.0,500.0,500.0,0.0,0.0,0.0,0.3,1.96
3.9,204.4,6.19,39.8,418,200.0,200.0,200.0,500.0,500.0,0.0,0.0,0.0,0.3,1.96
3.9,204.4,6.18,40.0,419,200.0,200.0,200.0,500.0,500.0,0.0,0.0,0.0,0.3,1.96
3.9,204.4,6.19,40.0,420,200.0,200.0,200.0,500.0,500.0,0.0,0.0,0.0,0.3,1.97
4.0,204.4,6.18,40.0,421,200.0,200.0,200.0,500.0,500.0,0.0,0.0,0.0,0.3,1.97
4.0,204.4,6.18,40.0,422,200.0,200.0,200.0,500.0,500.0,0.0,0.0,0.0,0.3,1.97
4.0,204.4,6.18,39.8,423,200.0,200.0,200.0,500.0,500.0,0.0,0.0,0.0,0.3,1.97
4.0,204.4,6.19,39.8,424,200.0,200.0,200.0,500.0,500.0,0.0,0.0,0.0,0.3,1.98
4.0,204.4,6.18,39.8,425,200.0,200.0,200.0,500.0,500.0,0.0,0.0,0.0,0.3,1.98
3.9,204.4,6.19,39.8,426,200.0,200.0,200.0,500.0,500.0,0.0,0.0,0.0,0.3,1.98
3.9,204.4,6.19,39.8,427,200.0,200.0,200.0,500.0,500.0,0.0,0.0,0.0,0.3,1.98
3.9,204.4,6.19,40.0,428,200.0,200.0,200.0,500.0,500.0,0.0,0.0,0.0,0.3,1.99
3.9,204.4,6.19,40.0,429,200.0,200.0,200.0,500.0,500.0,0.0,0.0,0.0,0.3,1.99
3.9,204.4,6.19,40.2,430,200.0,200.0,200.0,500.0,500.0,0.0,0.0,0.0,0.3,1.99
3.9,204.4,6.19,40.2,431,200.0,200.0,200.0,500.0,500.0,0.0,0.0,0.0,0.3,1.99
3.9,204.5,6.19,40.0,432,200.0,200.0,200.0,500.0,500.0,0.0,0.0,0.0,0.3,2.00
3.9,204.5,6.19,40.0,433,200.0,200.0,200.0,500.0,500.0,0.0,0.0,0.0,0.3,2.00
3.9,204.5,6.19,40.0,434,200.0,200.0,200.0,500.0,500.0,0.0,0.0,0.0,0.3,2.00
3.9,204.5,6.19,39.8,435,200.0,200.0,200.0,500.0,500.0,0.0,0.0,0.0,0.3,2.00
3.9,204.5,6.19,39.8,436,200.0,200.0,200.0,500.0,500.0,0.0,0.0,0.0,0.3,2.01
3.9,204.5,6.19,40.0,437,200.0,200.0,200.1,500.0,500.0,0.0,0.0,0.0,0.3,2.01
3.9,204.5,6.19,40.0,438,200.0,200.0,200.1,500.0,500.0,0.0,0.0,0.0,0.3,2.01
3.9,204.5,6.19,39.8,439,200.0,200.0,200.1,500.0,500.0,0.0,0.0,0.0,0.3,2.02
3.9,204.5,6.19,39.8,440,200.0,200.0,200.1,500.0,500.0,0.0,0.0,0.0,0.3,2.02
3.9,204.5,6.18,39.8,441,200.0,200.0,200.1,500.0,500.0,0.0,0.0,0.0,0.3,2.02
3.9,204.5,6.18,39.8,442,200.0,200.0,200.2,500.0,500.0,0.0,0.0,0.0,0.3,2.02
3.9,204.5,6.18,39.8,443,200.0,200.0,200.2,500.0,500.0,0.0,0.0,0.0,0.3,2.03
3.9,204.5,6.18,40.0,444,200.0,200.0,200.2,500.0,500.0,0.0,0.0,0.0,0.3,2.03
3.9,204.5,6.18,40.0,445,200.0,200.0,200.2,500.0,500.0,0.0,0.0,0.0,0.3,2.03
3.9,204.5,6.18,40.0,446,200.0,200.0,200.2,500.0,500.0,0.0,0.0,0.0,0.3,2.03
3.9,204.5,6.18,39.8,447,200.0,200.0,200.2,500.0,500.0,0.0,0.0,0.0,0.3,2.04
3.9,204.5,6.18,39.6,448,200.0,200.0,200.3,500.0,500.0,0.0,0.0,0.0,0.3,2.04
3.9,204.5,6.18,39.6,449,200.0,200.0,200.3,500.0,500.0,0.0,0.0,0.0,0.3,2.04
3.9,204.5,6.18,39.6,450,200.0,200.0,200.3,500.0,500.0,0.0,0.0,0.0,0.3,2.04
3.9,204.5,6.18,39.6,451,200.0,200.0,200.3,500.0,500.0,0.0,0.0,0.0,0.3,2.05
3.9,204.5,6.18,39.8,452,200.0,200.0,200.3,500.0,500.0,0.0,0.0,0.0,0.3,2.05
3.9,204.6,6.18,40.0,453,200.0,200.0,200.3,500.0,500.0,0.0,0.0,0.0,0.3,2.05
3.9,204.6,6.19,40.0,454,200.0,200.0,200.3,500.0,500.0,0.0,0.0,0.0,0.3,2.05
3.9,204.6,6.19,40.0,455,200.0,200.0,200.3,500.0,500.0,0.0,0.0,0.0,0.3,2.06
3.9,204.6,6.19,40.0,456,200.0,200.0,200.4,500.0,500.0,0.0,0.0,0.0,0.3,2.06
3.9,204.6,6.19,40.0,457,200.0,200.0,200.4,500.0,500.0,0.0,0.0,0.0,0.3,2.06
3.9,204.6,6.19,40.0,458,200.0,200.0,200.4,500.0,500.0,0.0,0.0,0.0,0.3,2.06
3.9,204.6,6.19,40.0,459,200.0,200.0,200.4,500.0,500.0,0.0,0.0,0.0,0.3,2.07
3.9,204.6,6.19,40.0,460,200.0,200.0,200.4,500.0,500.0,0.0,0.0,0.0,0.3,2.07
3.9,204.6,6.19,40.0,461,200.0,200.0,200.4,500.0,500.0,0.0,0.0,0.0,0.3,2.07
3.9,204.7,6.19,40.0,462,200.0,200.0,200.4,500.0,500.0,0.0,0.0,0.0,0.3,2.07
3.9,204.7,6.19,40.0,463,200.0,200.0,200.4,500.0,500.0,0.0,0.0,0.0,0.3,2.08
3.9,204.7,6.18,40.0,464,200.0,200.0,200.4,500.0,500.0,0.0,0.0,0.0,0.3,2.08
3.9,204.7,6.19,40.0,465,200.0,200.0,200.5,500.0,500.0,0.0,0.0,0.0,0.3,2.08
3.8,204.7,6.19,39.8,466,200.0,200.0,200.5,500.0,500.0,0.0,0.0,0.0,0.3,2.09
3.9,204.7,6.19,39.8,467,200.0,200.0,200.5,500.0,500.0,0.0,0.0,0.0,0.3,2.09
3.9,204.8,6.19,39.8,468,200.0,200.0,200.5,500.0,500.0,0.0,0.0,0.0,0.3,2.09
3.8,204.8,6.19,39.8,469,200.0,200.0,200.5,500.0,500.0,0.0,0.0,0.0,0.3,2.09
3.9,204.8,6.19,39.8,470,200.0,200.0,200.5,500.0,500.0,0.0,0.0,0.0,0.3,2.10
3.9,204.8,6.19,40.0,471,200.0,200.0,200.5,500.0,500.0,0.0,0.0,0.0,0.3,2.10
3.9,204.8,6.19,40.0,472,200.0,200.0,200.5,500.0,500.0,0.0,0.0,0.0,0.3,2.10
3.9,204.8,6.19,40.2,473,200.0,200.0,200.5,500.0,500.0,0.0,0.0,0.0,0.3,2.10
3.9,204.8,6.19,40.2,474,200.0,200.0,200.5,500.0,500.0,0.0,0.0,0.0,0.3,2.11
3.9,204.8,6.19,40.0,475,200.0,200.0,200.5,500.0,500.0,0.0,0.0,0.0,0.3,2.11
3.9,204.8,6.18,40.0,476,200.0,200.0,200.5,500.0,500.0,0.0,0.0,0.0,0.3,2.11
3.9,204.8,6.18,40.0,477,200.0,200.0,200.5,500.0,500.0,0.0,0.0,0.0,0.3,2.11
3.9,204.8,6.18,39.8,478,200.0,200.0,200.5,500.0,500.0,0.0,0.0,0.0,0.3,2.12
3.9,204.8,6.18,39.8,479,200.0,200.0,200.5,500.0,500.0,0.0,0.0,0.0,0.3,2.12
3.9,204.8,6.18,40.0,480,200.0,200.0,200.5,500.0,500.0,0.0,0.0,0.0,0.3,2.12
3.9,204.8,6.18,40.0,481,200.0,200.0,200.5,500.0,500.0,0.0,0.0,0.0,0.3,2.12
3.9,204.8,6.18,39.8,482,200.0,200.0,200.5,500.0,500.0,0.0,0.0,0.0,0.3,2.13
3.9,204.8,6.18,39.8,483,200.0,200.0,200.5,500.0,500.0,0.0,0.0,0.0,0.3,2.13
3.8,204.8,6.18,39.8,484,200.0,200.0,200.5,500.0,500.0,0.0,0.0,0.0,0.3,2.13
3.8,204.9,6.18,39.8,485,200.0,200.0,200.4,500.0,500.0,0.0,0.0,0.0,0.3,2.13
3.9,204.9,6.18,39.8,486,200.0,200.0,200.4,500.0,500.0,0.0,0.0,0.0,0.3,2.14
3.9,204.9,6.18,40.0,487,200.0,200.0,200.4,500.0,500.0,0.0,0.0,0.0,0.3,2.14
3.9,204.9,6.19,40.0,488,200.0,200.0,200.4,500.0,500.0,0.0,0.0,0.0,0.3,2.14
3.9,204.9,6.19,40.0,489,200.0,200.0,200.4,500.0,500.0,0.0,0.0,0.0,0.3,2.14
3.9,204.9,6.19,39.8,490,200.0,200.0,200.4,500.0,500.0,0.0,0.0,0.0,0.3,2.15
3.9,204.9,6.19,39.8,491,200.0,200.0,200.4,500.0,500.0,0.0,0.0,0.0,0.3,2.15
3.9,204.9,6.19,39.8,492,200.0,200.0,200.3,500.0,500.0,0.0,0.0,0.0,0.3,2.15
3.9,204.9,6.18,39.8,493,200.0,200.0,200.3,500.0,500.0,0.0,0.0,0.0,0.3,2.15
3.9,204.9,6.18,39.8,494,200.0,200.0,200.3,500.0,500.0,0.0,0.0,0.0,0.3,2.16
3.9,204.9,6.19,40.0,495,200.0,200.0,200.3,500.0,500.0,0.0,0.0,0.0,0.3,2.16
3.8,204.9,6.19,40.0,496,200.0,200.0,200.3,500.0,500.0,0.0,0.0,0.0,0.3,2.16
3.8,204.9,6.19,40.0,497,200.0,200.0,200.2,500.0,500.0,0.0,0.0,0.0,0.3,2.17
3.8,204.9,6.19,40.0,498,200.0,200.0,200.2,500.0,500.0,0.0,0.0,0.0,0.3,2.17
3.8,204.9,6.19,40.0,499,200.0,200.0,200.2,500.0,500.0,0.0,0.0,0.0,0.3,2.17
3.8,204.9,6.19,39.8,500,200.0,200.0,200.2,500.0,500.0,0.0,0.0,0.0,0.3,2.17
3.9,204.9,6.19,39.8,501,200.0,200.0,200.2,500.0,500.0,0.0,0.0,0.0,0.3,2.18
3.9,204.9,6.19,39.8,502,200.0,200.0,200.1,500.0,500.0,0.0,0.0,0.0,0.3,2.18
3.9,204.9,6.19,39.8,503,200.0,200.0,200.1,500.0,500.0,0.0,0.0,0.0,0.3,2.18
3.9,204.9,6.19,39.8,504,200.0,200.0,200.1,500.0,500.0,0.0,0.0,0.0,0.3,2.18
3.9,205.0,6.19,40.0,505,200.0,200.0,200.1,500.0,500.0,0.0,0.0,0.0,0.3,2.19
3.8,205.0,6.19,40.0,506,200.0,200.0,200.1,500.0,500.0,0.0,0.0,0.0,0.3,2.19
3.9,205.0,6.19,40.0,507,200.0,200.0,200.1,500.0,500.0,0.0,0.0,0.0,0.3,2.19
3.9,205.0,6.19,40.0,508,200.0,200.0,200.1,500.0,500.0,0.0,0.0,0.0,0.3,2.19
3.8,205.0,6.19,39.8,509,200.0,200.0,200.1,500.0,500.0,0.0,0.0,0.0,0.3,2.20
3.9,205.0,6.19,39.8,510,200.0,200.0,200.1,500.0,500.0,0.0,0.0,0.0,0.3,2.20
3.9,205.0,6.19,39.8,511,200.0,200.0,200.1,500.0,500.0,0.0,0.0,0.0,0.3,2.20
3.8,205.0,6.19,39.8,512,200.0,200.0,200.0,500.0,500.0,0.0,0.0,0.0,0.3,2.20
3.8,205.0,6.19,39.8,513,200.0,200.0,200.0,500.0,500.0,0.0,0.0,0.0,0.3,2.21
3.8,205.0,6.18,40.0,514,200.0,200.0,200.0,500.0,500.0,0.0,0.0,0.0,0.3,2.21
3.8,205.0,6.18,40.0,515,200.0,200.0,200.0,500.0,500.0,0.0,0.0,0.0,0.3,2.21
3.8,205.0,6.18,39.8,516,200.0,200.0,200.0,500.0,500.0,0.0,0.0,0.0,0.3,2.21
3.8,205.0,6.18,39.6,517,200.0,200.0,200.0,500.0,500.0,0.0,0.0,0.0,0.3,2.22
3.8,205.0,6.19,39.6,518,200.0,200.0,200.0,500.0,500.0,0.0,0.0,0.0,0.3,2.22
3.8,205.0,6.19,39.6,519,200.0,200.0,200.0,500.0,500.0,0.0,0.0,0.0,0.3,2.22
3.8,205.0,6.19,39.6,520,200.0,200.0,200.0,500.0,500.0,0.0,0.0,0.0,0.3,2.22
3.8,205.0,6.19,39.8,521,200.0,200.0,200.0,500.0,500.0,0.0,0.0,0.0,0.3,2.23
3.9,205.0,6.19,40.0,522,200.0,200.0,200.0,500.0,500.0,0.0,0.0,0.0,0.3,2.23
3.8,205.0,6.19,40.0,523,200.0,200.0,200.0,500.0,500.0,0.0,0.0,0.0,0.3,2.23
3.8,205.0,6.19,40.0,524,200.0,200.0,200.0,500.0,500.0,0.0,0.0,0.0,0.3,2.23
3.9,205.0,6.19,39.8,525,200.0,200.0,200.0,500.0,500.0,0.0,0.0,0.0,0.3,2.24
3.9,205.0,6.19,39.8,526,200.0,200.0,200.0,500.0,500.0,0.0,0.0,0.0,0.3,2.24
3.9,205.0,6.19,39.8,527,200.0,200.0,200.0,500.0,500.0,0.0,0.0,0.0,0.3,2.24
3.9,205.0,6.19,39.8,528,200.0,200.0,200.0,500.0,500.0,0.0,0.0,0.0,0.3,2.24
3.9,205.0,6.19,39.8,529,200.0,200.0,200.0,500.0,500.0,0.0,0.0,0.0,0.3,2.25
3.9,205.0,6.19,40.0,530,200.0,200.0,200.0,500.0,500.0,0.0,0.0,0.0,0.3,2.25
3.8,205.0,6.19,40.0,531,200.0,200.0,200.0,500.0,500.0,0.0,0.0,0.0,0.3,2.25
3.8,205.0,6.19,40.0,532,200.0,200.0,200.0,500.0,500.0,0.0,0.0,0.0,0.3,2.25
3.9,205.0,6.19,39.8,533,200.0,200.0,200.0,500.0,500.0,0.0,0.0,0.0,0.3,2.26
3.9,205.0,6.19,39.8,534,200.0,200.0,200.0,500.0,500.0,0.0,0.0,0.0,0.3,2.26
3.9,205.0,6.18,39.8,535,200.0,200.0,200.0,500.0,500.0,0.0,0.0,0.0,0.3,2.26
3.9,205.0,6.18,39.8,536,200.0,200.0,200.0,500.0,500.0,0.0,0.0,0.0,0.3,2.26
3.9,205.0,6.18,39.8,537,200.0,200.0,200.0,500.0,500.0,0.0,0.0,0.0,0.3,2.27
3.9,205.0,6.18,40.0,538,200.0,200.0,200.0,500.0,500.0,0.0,0.0,0.0,0.3,2.27
3.9,205.0,6.19,40.0,539,200.0,200.0,200.0,500.0,500.0,0.0,0.0,0.0,0.3,2.27
3.8,205.0,6.19,40.0,540,200.0,200.0,200.0,500.0,500.0,0.0,0.0,0.0,0.3,2.27
3.8,205.0,6.19,40.0,541,200.0,200.0,200.0,500.0,500.0,0.0,0.0,0.0,0.3,2.28
3.8,205.0,6.19,40.0,542,200.0,200.0,200.0,500.0,500.0,0.0,0.0,0.0,0.3,2.28
3.8,205.0,6.19,39.8,543,200.0,200.0,200.0,500.0,500.0,0.0,0.0,0.0,0.3,2.28
3.9,205.0,6.19,39.8,544,200.0,200.0,200.0,500.0,500.0,0.0,0.0,0.0,0.3,2.29
3.8,205.0,6.19,39.8,545,200.0,200.0,200.0,500.0,500.0,0.0,0.0,0.0,0.3,2.29
3.8,205.0,6.19,39.8,546,200.0,200.0,200.0,500.0,500.0,0.0,0.0,0.0,0.3,2.29
3.8,205.0,6.19,39.8,547,200.0,200.0,200.0,500.0,500.0,0.0,0.0,0.0,0.3,2.29
3.8,205.0,6.19,40.0,548,200.0,200.0,200.0,500.0,500.0,0.0,0.0,0.0,0.3,2.30
3.8,205.0,6.19,40.0,549,200.0,200.0,200.0,500.0,500.0,0.0,0.0,0.0,0.3,2.30
3.8,205.0,6.19,40.0,550,200.0,200.0,200.0,500.0,500.0,0.0,0.0,0.0,0.3,2.30
3.8,205.0,6.19,39.8,551,200.0,200.0,200.0,500.0,500.0,0.0,0.0,0.0,0.3,2.30
3.8,205.0,6.19,39.8,552,200.0,200.0,200.0,500.0,500.0,0.0,0.0,0.0,0.3,2.31
3.8,205.0,6.19,39.8,553,200.0,200.0,200.0,500.0,500.0,0.0,0.0,0.0,0.3,2.31
3.8,205.0,6.19,39.8,554,200.0,200.0,200.0,500.0,500.0,0.0,0.0,0.0,0.3,2.31
3.8,205.0,6.19,39.8,555,200.0,200.0,200.0,500.0,500.0,0.0,0.0,0.0,0.3,2.31
3.8,205.0,6.19,40.0,556,200.0,200.0,200.0,500.0,500.0,0.0,0.0,0.0,0.3,2.32
3.8,205.0,6.19,40.0,557,200.0,200.0,200.0,500.0,500.0,0.0,0.0,0.0,0.3,2.32
3.8,205.0,6.19,39.8,558,200.0,200.0,200.0,500.0,500.0,0.0,0.0,0.0,0.3,2.32
3.8,205.0,6.19,39.8,559,200.0,200.0,200.0,500.0,500.0,0.0,0.0,0.0,0.3,2.32
3.8,205.0,6.19,39.8,560,200.0,200.0,200.0,500.0,500.0,0.0,0.0,0.0,0.3,2.33
3.8,205.0,6.19,39.8,561,200.0,200.0,200.0,500.0,500.0,0.0,0.0,0.0,0.3,2.33
3.8,205.0,6.19,39.8,562,200.0,200.0,200.0,500.0,500.0,0.0,0.0,0.0,0.3,2.33
3.9,205.0,6.19,40.0,563,200.0,200.0,200.0,500.0,500.0,0.0,0.0,0.0,0.3,2.33
3.8,205.0,6.19,40.0,564,200.0,200.0,200.0,500.0,500.0,0.0,0.0,0.0,0.3,2.34
3.8,205.0,6.19,40.0,565,200.0,200.0,200.0,500.0,500.0,0.0,0.0,0.0,0.3,2.34
3.8,205.0,6.19,40.0,566,200.0,200.0,200.0,500.0,500.0,0.0,0.0,0.0,0.3,2.34
3.8,205.0,6.19,39.8,567,200.0,200.0,200.0,500.0,500.0,0.0,0.0,0.0,0.3,2.34
3.8,205.0,6.19,39.8,568,200.0,200.0,200.0,500.0,500.0,0.0,0.0,0.0,0.3,2.35
3.8,205.0,6.18,39.8,569,200.0,200.0,200.0,500.0,500.0,0.0,0.0,0.0,0.3,2.35
3.8,205.0,6.19,39.8,570,200.0,200.0,200.0,500.0,500.0,0.0,0.0,0.0,0.3,2.35
3.8,205.0,6.19,39.8,571,200.0,200.0,200.0,500.0,500.0,0.0,0.0,0.0,0.3,2.35
3.8,205.0,6.19,40.0,572,200.0,200.0,200.0,500.0,500.0,0.0,0.0,0.0,0.3,2.36
3.8,205.0,6.19,40.0,573,200.0,200.0,200.0,500.0,500.0,0.0,0.0,0.0,0.3,2.36
3.8,205.0,6.19,39.8,574,200.0,200.0,200.0,500.0,500.0,0.0,0.0,0.0,0.3,2.36
3.8,205.0,6.19,40.0,575,200.0,200.0,200.0,500.0,500.0,0.0,0.0,0.0,0.3,2.36
3.8,205.0,6.19,40.0,576,200.0,200.0,200.0,500.0,500.0,0.0,0.0,0.0,0.3,2.37
3.8,205.0,6.18,39.8,577,200.0,200.0,200.0,500.0,500.0,0.0,0.0,0.0,0.3,2.37
3.8,205.0,6.18,39.8,578,200.0,200.0,200.0,500.0,500.0,0.0,0.0,0.0,0.3,2.37
3.8,205.0,6.18,40.0,579,200.0,200.0,200.0,500.0,500.0,0.0,0.0,0.0,0.3,2.37
3.8,205.0,6.19,39.8,580,200.0,200.0,200.0,500.0,500.0,0.0,0.0,0.0,0.3,2.38
3.8,205.0,6.19,39.8,581,200.0,200.0,200.0,500.0,500.0,0.0,0.0,0.0,0.3,2.38
3.8,205.0,6.19,40.0,582,200.0,200.0,200.0,500.0,500.0,0.0,0.0,0.0,0.3,2.38
3.8,205.0,6.19,39.8,583,200.0,200.0,200.0,500.0,500.0,0.0,0.0,0.0,0.3,2.38
3.8,205.1,6.19,40.0,584,200.0,200.0,200.0,500.0,500.0,0.0,0.0,0.0,0.3,2.39
3.8,205.1,6.19,39.8,585,200.0,200.0,200.0,500.0,500.0,0.0,0.0,0.0,0.3,2.39
3.8,205.0,6.19,39.8,586,200.0,200.0,200.0,500.0,500.0,0.0,0.0,0.0,0.3,2.39
3.8,205.0,6.19,39.8,587,200.0,200.0,200.0,500.0,500.0,0.0,0.0,0.0,0.3,2.39
3.8,205.0,6.19,40.0,588,200.0,200.0,200.0,500.0,500.0,0.0,0.0,0.0,0.3,2.40
3.8,205.0,6.19,39.8,589,200.0,200.0,200.0,500.0,500.0,0.0,0.0,0.0,0.3,2.40
3.8,205.0,6.19,40.0,590,200.0,200.0,200.0,500.0,500.0,0.0,0.0,0.0,0.3,2.40
3.8,205.0,6.19,40.0,591,200.0,200.0,200.0,500.0,500.0,0.0,0.0,0.0,0.3,2.40
3.8,205.0,6.19,40.0,592,200.0,200.0,200.0,500.0,500.0,0.0,0.0,0.0,0.3,2.41
3.8,205.0,6.19,40.2,593,200.0,200.0,200.0,500.0,500.0,0.0,0.0,0.0,0.3,2.41
3.8,205.1,6.19,40.0,594,200.0,200.0,200.0,500.0,500.0,0.0,0.0,0.0,0.3,2.41
3.8,205.1,6.19,40.0,595,200.0,200.0,200.0,500.0,500.0,0.0,0.0,0.0,0.3,2.41
3.8,205.1,6.19,40.0,596,200.0,200.0,200.0,500.0,500.0,0.0,0.0,0.0,0.3,2.42
3.8,205.1,6.19,40.0,597,200.0,200.0,200.0,500.0,500.0,0.0,0.0,0.0,0.3,2.42
3.8,205.1,6.19,39.8,598,200.0,200.0,200.0,500.0,500.0,0.0,0.0,0.0,0.3,2.42
3.8,205.0,6.19,40.0,599,200.0,200.0,200.0,500.0,500.0,0.0,0.0,0.0,0.3,2.42
