扭矩,料温,压力,转速,时间,温度1,温度2,温度3,温度4,温度5,温度6,温度7,温度8,顶栓,能量
1.9,190.0,6.23,0.0,0,189.7,190.0,190.0,500.0,500.0,0.0,0.0,0.0,0.2,0.00
1.9,190.1,6.23,4.2,1,189.7,190.0,190.0,500.0,500.0,0.0,0.0,0.0,0.2,0.00
1.9,190.1,6.23,13.6,2,189.7,190.0,190.0,500.0,500.0,0.0,0.0,0.0,0.3,0.00
1.8,190.1,6.23,23.4,3,189.7,190.0,190.0,500.0,500.0,0.0,0.0,0.0,0.3,0.00
1.8,190.2,6.23,33.4,4,189.8,190.0,190.0,500.0,500.0,0.0,0.0,0.0,0.3,0.00
1.8,190.2,6.23,43.4,5,189.9,190.0,190.0,500.0,500.0,0.0,0.0,0.0,0.3,0.00
1.8,190.3,6.23,49.2,6,190.0,190.0,190.0,500.0,500.0,0.0,0.0,0.0,0.3,0.01
1.7,190.3,6.23,49.8,7,190.0,190.0,190.0,500.0,500.0,0.0,0.0,0.0,0.3,0.01
1.6,190.1,6.23,50.0,8,190.0,190.0,190.0,500.0,500.0,0.0,0.0,0.0,0.3,0.01
1.5,189.7,6.23,49.8,9,190.0,190.0,190.0,500.0,500.0,0.0,0.0,0.0,0.3,0.01
1.4,189.4,6.23,49.6,10,190.0,190.0,190.0,500.0,500.0,0.0,0.0,0.0,0.3,0.01
1.2,188.9,6.23,49.6,11,190.0,190.0,190.0,500.0,500.0,0.0,0.0,0.0,0.3,0.01
1.0,188.5,6.23,49.6,12,190.0,190.0,190.0,500.0,500.0,0.0,0.0,0.0,0.3,0.01
0.9,187.8,6.23,49.6,13,190.0,190.0,190.0,500.0,500.0,0.0,0.0,0.0,0.3,0.01
0.7,187.1,6.23,49.6,14,190.0,190.0,190.0,500.0,500.0,0.0,0.0,0.0,0.3,0.01
0.6,186.3,6.23,49.8,15,190.0,190.0,190.0,500.0,500.0,0.0,0.0,0.0,0.3,0.01
0.5,185.6,6.23,49.8,16,190.0,190.0,190.0,500.0,500.0,0.0,0.0,0.0,0.3,0.01
0.5,185.0,6.23,49.8,17,190.0,190.0,190.0,500.0,500.0,0.0,0.0,0.0,0.3,0.01
0.4,184.4,6.23,49.8,18,190.0,190.0,190.0,500.0,500.0,0.0,0.0,0.0,0.3,0.02
0.3,183.9,6.23,49.8,19,190.0,190.0,190.0,500.0,500.0,0.0,0.0,0.0,0.3,0.02
0.2,183.3,6.23,49.8,20,190.0,190.0,190.0,500.0,500.0,0.0,0.0,0.0,0.3,0.02
0.4,182.6,6.23,49.8,21,190.0,190.0,190.0,500.0,500.0,0.0,0.0,0.0,0.3,0.02
0.4,181.8,6.23,49.8,22,190.0,190.0,190.0,500.0,500.0,0.0,0.0,0.0,0.3,0.02
0.7,180.8,6.23,49.8,23,190.0,190.0,190.0,500.0,500.0,0.0,0.0,0.0,0.3,0.02
0.9,179.9,6.23,49.8,24,190.0,190.0,190.0,500.0,500.0,0.0,0.0,0.0,0.3,0.02
1.0,179.1,6.24,49.8,25,190.0,190.0,190.0,500.0,500.0,0.0,0.0,0.0,0.3,0.02
1.1,178.5,6.24,49.8,26,190.0,190.0,190.0,500.0,500.0,0.0,0.0,0.0,0.3,0.02
1.1,178.2,6.24,49.8,27,190.0,190.0,190.0,500.0,500.0,0.0,0.0,0.0,0.3,0.02
1.2,177.9,6.24,49.8,28,190.0,190.0,190.0,500.0,500.0,0.0,0.0,0.0,0.3,0.02
1.2,177.6,6.24,50.0,29,190.0,190.0,190.0,500.0,500.0,0.0,0.0,0.0,0.3,0.02
1.3,177.4,6.24,50.0,30,190.0,190.0,190.0,500.0,500.0,0.0,0.0,0.0,0.3,0.02
1.4,177.3,6.24,50.0,31,190.0,190.0,190.0,500.0,500.0,0.0,0.0,0.0,0.3,0.02
1.4,177.1,6.24,50.0,32,190.0,190.0,190.0,500.0,500.0,0.0,0.0,0.0,0.3,0.03
1.5,177.0,6.24,49.8,33,190.0,190.0,190.0,500.0,500.0,0.0,0.0,0.0,0.3,0.03
1.4,176.9,6.24,49.8,34,189.9,190.0,189.9,500.0,500.0,0.0,0.0,0.0,0.3,0.03
1.4,176.9,6.24,49.8,35,189.9,190.0,189.9,500.0,500.0,0.0,0.0,0.0,0.3,0.03
1.3,176.9,6.24,49.6,36,189.9,190.0,189.9,500.0,500.0,0.0,0.0,0.0,0.3,0.03
1.3,176.9,6.24,49.6,37,189.9,190.0,189.9,500.0,500.0,0.0,0.0,0.0,0.3,0.03
1.3,176.9,6.24,49.8,38,189.9,190.0,189.9,500.0,500.0,0.0,0.0,0.0,0.3,0.03
1.3,176.9,6.24,49.8,39,189.9,190.0,189.9,500.0,500.0,0.0,0.0,0.0,0.3,0.03
1.4,177.0,6.23,49.8,40,189.9,190.0,189.8,500.0,500.0,0.0,0.0,0.0,0.3,0.03
1.4,177.0,6.23,50.0,41,189.9,190.0,189.8,500.0,500.0,0.0,0.0,0.0,0.3,0.04
1.4,177.0,6.23,50.0,42,189.8,190.0,189.8,500.0,500.0,0.0,0.0,0.0,0.3,0.04
1.4,177.0,6.23,49.8,43,189.7,190.0,189.8,500.0,500.0,0.0,0.0,0.0,0.3,0.04
1.4,177.0,6.23,49.8,44,189.7,190.0,189.8,500.0,500.0,0.0,0.0,0.0,0.3,0.04
1.4,177.0,6.23,49.8,45,189.7,190.0,189.7,500.0,500.0,0.0,0.0,0.0,0.3,0.04
2.4,177.0,6.23,49.6,46,189.7,190.0,189.7,500.0,500.0,0.0,0.0,0.0,0.3,0.04
6.0,176.7,6.23,49.6,47,189.7,190.0,189.7,500.0,500.0,0.0,0.0,0.0,0.3,0.05
11.8,175.3,6.23,49.6,48,189.7,189.9,189.7,500.0,500.0,0.0,0.0,0.0,0.3,0.06
15.5,173.1,6.23,49.6,49,189.7,189.7,189.7,500.0,500.0,0.0,0.0,0.0,0.3,0.07
20.5,170.6,6.23,49.6,50,189.6,189.7,189.7,500.0,500.0,0.0,0.0,0.0,0.3,0.09
24.3,168.7,6.24,49.8,51,189.6,189.7,189.6,500.0,500.0,0.0,0.0,0.0,0.3,0.11
25.0,167.4,6.24,49.8,52,189.6,189.6,189.6,500.0,500.0,0.0,0.0,0.0,0.3,0.13
23.3,166.5,6.24,49.8,53,189.6,189.5,189.6,500.0,500.0,0.0,0.0,0.0,0.3,0.15
23.2,166.2,6.24,49.8,54,189.5,189.5,189.6,500.0,500.0,0.0,0.0,0.0,0.3,0.17
22.0,166.2,6.24,49.8,55,189.5,189.5,189.6,500.0,500.0,0.0,0.0,0.0,0.3,0.18
20.4,166.3,6.24,49.8,56,189.5,189.5,189.6,500.0,500.0,0.0,0.0,0.0,0.3,0.20
19.1,166.6,6.24,49.6,57,189.5,189.5,189.6,500.0,500.0,0.0,0.0,0.0,0.3,0.22
18.4,167.1,6.24,49.8,58,189.5,189.5,189.6,500.0,500.0,0.0,0.0,0.0,0.3,0.23
18.3,167.8,6.24,49.8,59,189.5,189.6,189.5,500.0,500.0,0.0,0.0,0.0,0.3,0.25
17.0,168.2,6.24,49.8,60,189.5,189.7,189.5,500.0,500.0,0.0,0.0,0.0,0.3,0.26
16.6,168.7,6.24,49.8,61,189.5,189.7,189.5,500.0,500.0,0.0,0.0,0.0,0.3,0.28
15.8,169.1,6.24,50.0,62,189.4,189.7,189.5,500.0,500.0,0.0,0.0,0.0,0.3,0.29
14.7,169.6,6.24,50.0,63,189.4,189.8,189.5,500.0,500.0,0.0,0.0,0.0,0.3,0.30
13.7,170.2,6.23,49.8,64,189.4,190.0,189.5,500.0,500.0,0.0,0.0,0.0,0.3,0.31
13.2,170.8,6.23,49.8,65,189.4,190.0,189.5,500.0,500.0,0.0,0.0,0.0,0.3,0.32
12.5,171.4,6.23,49.8,66,189.4,190.0,189.5,500.0,500.0,0.0,0.0,0.0,0.3,0.33
12.1,171.9,6.23,49.8,67,189.4,190.0,189.4,500.0,500.0,0.0,0.0,0.0,0.3,0.34
11.8,172.2,6.23,49.6,68,189.4,190.0,189.4,500.0,500.0,0.0,0.0,0.0,0.3,0.35
11.5,172.6,6.23,49.8,69,189.4,190.0,189.4,500.0,500.0,0.0,0.0,0.0,0.3,0.36
11.2,173.0,6.24,49.8,70,189.4,190.0,189.4,500.0,500.0,0.0,0.0,0.0,0.3,0.37
11.0,173.6,6.23,49.8,71,189.4,190.0,189.4,500.0,500.0,0.0,0.0,0.0,0.3,0.38
10.8,174.2,6.24,49.8,72,189.4,190.0,189.4,500.0,500.0,0.0,0.0,0.0,0.3,0.39
10.4,174.7,6.23,50.0,73,189.4,190.0,189.4,500.0,500.0,0.0,0.0,0.0,0.3,0.40
10.3,175.2,6.23,49.8,74,189.4,190.0,189.4,500.0,500.0,0.0,0.0,0.0,0.3,0.41
10.0,175.7,6.23,49.8,75,189.4,190.0,189.4,500.0,500.0,0.0,0.0,0.0,0.3,0.42
9.9,176.2,6.23,49.8,76,189.4,190.0,189.4,500.0,500.0,0.0,0.0,0.0,0.3,0.42
9.9,176.7,6.23,49.8,77,189.4,190.0,189.4,500.0,500.0,0.0,0.0,0.0,0.3,0.43
10.1,177.2,6.23,49.8,78,189.4,190.0,189.4,500.0,500.0,0.0,0.0,0.0,0.3,0.44
9.9,177.7,6.23,49.8,79,189.4,190.0,189.4,500.0,500.0,0.0,0.0,0.0,0.3,0.45
10.0,178.1,6.23,49.8,80,189.4,190.0,189.4,500.0,500.0,0.0,0.0,0.0,0.3,0.46
9.9,178.6,6.24,49.8,81,189.4,190.0,189.4,500.0,500.0,0.0,0.0,0.0,0.3,0.47
9.6,179.0,6.24,49.8,82,189.4,190.0,189.4,500.0,500.0,0.0,0.0,0.0,0.3,0.47
9.5,179.5,6.23,49.8,83,189.5,190.0,189.4,500.0,500.0,0.0,0.0,0.0,0.3,0.48
9.5,179.9,6.23,50.0,84,189.5,190.0,189.4,500.0,500.0,0.0,0.0,0.0,0.3,0.49
9.7,180.3,6.23,49.8,85,189.5,190.0,189.4,500.0,500.0,0.0,0.0,0.0,0.3,0.50
10.0,180.7,6.23,49.8,86,189.5,190.0,189.5,500.0,500.0,0.0,0.0,0.0,0.3,0.51
10.3,181.1,6.23,49.8,87,189.6,190.0,189.5,500.0,500.0,0.0,0.0,0.0,0.3,0.51
10.2,181.4,6.23,49.8,88,189.6,190.0,189.5,500.0,500.0,0.0,0.0,0.0,0.3,0.52
10.0,181.8,6.23,49.6,89,189.7,190.0,189.5,500.0,500.0,0.0,0.0,0.0,0.3,0.53
9.9,182.2,6.23,49.8,90,189.8,190.0,189.5,500.0,500.0,0.0,0.0,0.0,0.3,0.54
9.7,182.6,6.23,49.8,91,189.8,190.0,189.6,500.0,500.0,0.0,0.0,0.0,0.3,0.55
9.5,182.9,6.23,49.8,92,189.8,190.0,189.7,500.0,500.0,0.0,0.0,0.0,0.3,0.56
9.5,183.2,6.23,49.8,93,189.8,190.0,189.7,500.0,500.0,0.0,0.0,0.0,0.3,0.56
9.8,183.5,6.23,50.0,94,189.9,190.0,189.7,500.0,500.0,0.0,0.0,0.0,0.3,0.57
10.0,183.8,6.23,50.0,95,190.0,190.0,189.7,500.0,500.0,0.0,0.0,0.0,0.3,0.58
10.4,184.1,6.23,50.0,96,190.0,190.0,189.7,500.0,500.0,0.0,0.0,0.0,0.3,0.59
10.2,184.4,6.23,50.0,97,190.0,190.0,189.8,500.0,500.0,0.0,0.0,0.0,0.3,0.60
10.2,184.7,6.23,50.0,98,190.0,189.9,189.8,500.0,500.0,0.0,0.0,0.0,0.3,0.61
10.1,184.9,6.23,50.0,99,190.0,189.8,189.8,500.0,500.0,0.0,0.0,0.0,0.3,0.61
9.9,185.2,6.23,49.8,100,190.0,189.8,189.8,500.0,500.0,0.0,0.0,0.0,0.3,0.62
9.8,185.4,6.23,49.8,101,190.0,189.8,189.8,500.0,500.0,0.0,0.0,0.0,0.3,0.63
9.9,185.5,6.23,49.8,102,190.0,189.8,189.9,500.0,500.0,0.0,0.0,0.0,0.3,0.64
9.6,185.7,6.23,49.8,103,190.0,189.8,189.9,500.0,500.0,0.0,0.0,0.0,0.3,0.65
9.5,185.9,6.23,49.8,104,190.0,189.8,189.9,500.0,500.0,0.0,0.0,0.0,0.3,0.65
9.4,186.1,6.23,50.0,105,190.0,189.8,189.9,500.0,500.0,0.0,0.0,0.0,0.3,0.66
9.4,186.3,6.23,49.8,106,190.0,189.8,190.0,500.0,500.0,0.0,0.0,0.0,0.3,0.67
9.8,186.5,6.23,49.8,107,190.0,189.8,190.0,500.0,500.0,0.0,0.0,0.0,0.3,0.68
10.3,186.7,6.23,49.8,108,190.0,189.8,190.0,500.0,500.0,0.0,0.0,0.0,0.3,0.69
10.4,186.9,6.23,49.8,109,190.0,189.9,190.0,500.0,500.0,0.0,0.0,0.0,0.3,0.70
10.6,187.1,6.23,49.8,110,190.0,190.0,190.0,500.0,500.0,0.0,0.0,0.0,0.3,0.70
10.4,187.3,6.23,49.8,111,190.0,190.0,190.0,500.0,500.0,0.0,0.0,0.0,0.3,0.71
10.2,187.5,6.23,49.8,112,190.0,190.0,190.0,500.0,500.0,0.0,0.0,0.0,0.3,0.72
9.9,187.7,6.23,49.8,113,190.0,190.0,190.0,500.0,500.0,0.0,0.0,0.0,0.3,0.73
9.8,187.9,6.23,49.8,114,190.0,190.0,190.0,500.0,500.0,0.0,0.0,0.0,0.3,0.74
9.6,188.1,6.23,49.8,115,190.0,190.0,190.0,500.0,500.0,0.0,0.0,0.0,0.3,0.75
9.7,188.2,6.23,50.0,116,190.0,190.0,190.0,500.0,500.0,0.0,0.0,0.0,0.3,0.75
10.0,188.4,6.23,49.8,117,190.0,190.0,190.0,500.0,500.0,0.0,0.0,0.0,0.3,0.76
10.3,188.5,6.23,49.8,118,190.0,190.0,190.0,500.0,500.0,0.0,0.0,0.0,0.3,0.77
10.4,188.7,6.23,49.8,119,190.0,190.0,190.0,500.0,500.0,0.0,0.0,0.0,0.3,0.78
10.2,188.8,6.23,49.6,120,190.0,190.0,190.0,500.0,500.0,0.0,0.0,0.0,0.3,0.79
9.9,188.9,6.23,49.6,121,190.0,190.0,190.0,500.0,500.0,0.0,0.0,0.0,0.3,0.80
9.8,189.1,6.23,49.8,122,190.0,190.0,190.0,500.0,500.0,0.0,0.0,0.0,0.3,0.80
9.6,189.2,6.23,49.8,123,190.0,190.0,190.0,500.0,500.0,0.0,0.0,0.0,0.3,0.81
9.5,189.3,6.23,49.8,124,190.0,190.1,190.0,500.0,500.0,0.0,0.0,0.0,0.3,0.82
9.7,189.5,6.23,50.0,125,190.1,190.2,190.0,500.0,500.0,0.0,0.0,0.0,0.3,0.83
10.0,189.7,6.23,50.0,126,190.1,190.2,190.0,500.0,500.0,0.0,0.0,0.0,0.3,0.84
10.2,189.8,6.23,50.0,127,190.1,190.2,190.0,500.0,500.0,0.0,0.0,0.0,0.3,0.84
10.4,189.9,6.23,50.0,128,190.1,190.3,190.0,500.0,500.0,0.0,0.0,0.0,0.3,0.85
10.1,190.0,6.23,50.0,129,190.2,190.3,190.0,500.0,500.0,0.0,0.0,0.0,0.3,0.86
9.9,190.1,6.23,50.0,130,190.2,190.3,190.0,500.0,500.0,0.0,0.0,0.0,0.3,0.87
9.5,190.1,6.23,49.8,131,190.2,190.3,190.0,500.0,500.0,0.0,0.0,0.0,0.3,0.88
9.5,190.2,6.23,49.8,132,190.2,190.3,190.0,500.0,500.0,0.0,0.0,0.0,0.3,0.89
9.5,190.3,6.23,49.8,133,190.2,190.3,190.0,500.0,500.0,0.0,0.0,0.0,0.3,0.89
9.8,190.5,6.23,49.8,134,190.2,190.2,190.0,500.0,500.0,0.0,0.0,0.0,0.3,0.90
9.8,190.6,6.23,49.8,135,190.2,190.1,190.0,500.0,500.0,0.0,0.0,0.0,0.3,0.91
9.7,190.7,6.23,50.0,136,190.2,190.1,190.0,500.0,500.0,0.0,0.0,0.0,0.3,0.92
9.7,190.8,6.23,49.8,137,190.2,190.1,190.0,500.0,500.0,0.0,0.0,0.0,0.3,0.93
9.6,190.9,6.23,49.8,138,190.3,190.0,190.0,500.0,500.0,0.0,0.0,0.0,0.3,0.93
9.4,191.0,6.23,49.8,139,190.3,190.0,190.0,500.0,500.0,0.0,0.0,0.0,0.3,0.94
9.4,191.1,6.23,49.8,140,190.3,190.0,190.0,500.0,500.0,0.0,0.0,0.0,0.3,0.95
9.5,191.2,6.23,49.8,141,190.3,190.0,190.0,500.0,500.0,0.0,0.0,0.0,0.3,0.96
9.2,191.4,6.23,50.0,142,190.3,190.0,190.0,500.0,500.0,0.0,0.0,0.0,0.3,0.96
9.3,191.5,6.23,49.8,143,190.3,190.0,190.0,500.0,500.0,0.0,0.0,0.0,0.3,0.97
9.6,191.6,6.23,49.8,144,190.4,190.0,190.0,500.0,500.0,0.0,0.0,0.0,0.3,0.98
9.6,191.7,6.23,49.8,145,190.4,190.0,190.0,500.0,500.0,0.0,0.0,0.0,0.3,0.99
9.7,191.8,6.23,49.8,146,190.4,190.0,190.0,500.0,500.0,0.0,0.0,0.0,0.3,1.00
9.6,191.9,6.23,49.8,147,190.4,190.0,190.0,500.0,500.0,0.0,0.0,0.0,0.3,1.00
9.4,191.9,6.23,49.8,148,190.4,190.0,190.0,500.0,500.0,0.0,0.0,0.0,0.3,1.01
9.7,192.0,6.23,49.8,149,190.4,190.0,190.0,500.0,500.0,0.0,0.0,0.0,0.3,1.02
9.9,192.1,6.23,49.8,150,190.4,190.0,190.0,500.0,500.0,0.0,0.0,0.0,0.3,1.03
9.9,192.2,6.23,49.8,151,190.4,190.0,190.0,500.0,500.0,0.0,0.0,0.0,0.3,1.04
10.2,192.3,6.23,49.8,152,190.4,190.0,190.0,500.0,500.0,0.0,0.0,0.0,0.3,1.05
10.2,192.3,6.23,50.0,153,190.4,190.0,190.0,500.0,500.0,0.0,0.0,0.0,0.3,1.05
9.9,192.4,6.23,49.8,154,190.4,190.0,190.0,500.0,500.0,0.0,0.0,0.0,0.3,1.06
10.0,192.5,6.23,49.8,155,190.4,190.0,190.0,500.0,500.0,0.0,0.0,0.0,0.3,1.07
10.0,192.6,6.23,49.8,156,190.4,190.0,190.0,500.0,500.0,0.0,0.0,0.0,0.3,1.08
9.8,192.7,6.23,49.8,157,190.4,190.0,190.0,500.0,500.0,0.0,0.0,0.0,0.3,1.09
9.8,192.7,6.23,49.6,158,190.4,190.0,190.0,500.0,500.0,0.0,0.0,0.0,0.3,1.10
10.2,192.7,6.23,49.8,159,190.4,190.0,190.0,500.0,500.0,0.0,0.0,0.0,0.3,1.10
10.5,192.8,6.23,49.8,160,190.4,190.0,190.0,500.0,500.0,0.0,0.0,0.0,0.3,1.11
10.6,192.9,6.23,49.8,161,190.4,190.0,190.0,500.0,500.0,0.0,0.0,0.0,0.3,1.12
10.3,192.9,6.23,49.8,162,190.4,190.0,190.0,500.0,500.0,0.0,0.0,0.0,0.3,1.13
10.0,193.0,6.23,49.8,163,190.4,190.0,190.0,500.0,500.0,0.0,0.0,0.0,0.3,1.14
9.8,193.1,6.23,49.8,164,190.4,190.0,190.0,500.0,500.0,0.0,0.0,0.0,0.3,1.15
9.6,193.1,6.23,49.8,165,190.4,190.0,190.0,500.0,500.0,0.0,0.0,0.0,0.3,1.15
9.3,193.2,6.23,49.8,166,190.4,190.0,190.0,500.0,500.0,0.0,0.0,0.0,0.3,1.16
9.7,193.3,6.23,49.8,167,190.3,190.0,190.0,500.0,500.0,0.0,0.0,0.0,0.3,1.17
9.8,193.3,6.23,50.0,168,190.3,190.0,190.0,500.0,500.0,0.0,0.0,0.0,0.3,1.18
9.9,193.4,6.22,49.8,169,190.3,190.0,190.0,500.0,500.0,0.0,0.0,0.0,0.3,1.19
10.2,193.5,6.22,49.8,170,190.3,190.0,190.0,500.0,500.0,0.0,0.0,0.0,0.3,1.19
10.4,193.5,6.22,49.8,171,190.3,190.0,190.0,500.0,500.0,0.0,0.0,0.0,0.3,1.20
10.0,193.6,6.22,49.8,172,190.3,190.1,190.0,500.0,500.0,0.0,0.0,0.0,0.3,1.21
9.8,193.7,6.22,49.8,173,190.3,190.3,190.0,500.0,500.0,0.0,0.0,0.0,0.3,1.22
9.6,193.7,6.23,50.0,174,190.3,190.3,190.0,500.0,500.0,0.0,0.0,0.0,0.3,1.23
9.5,193.8,6.23,49.8,175,190.3,190.3,190.0,500.0,500.0,0.0,0.0,0.0,0.3,1.24
9.5,193.9,6.23,49.8,176,190.3,190.3,190.0,500.0,500.0,0.0,0.0,0.0,0.3,1.24
9.8,193.9,6.23,49.8,177,190.3,190.4,190.0,500.0,500.0,0.0,0.0,0.0,0.3,1.25
10.1,193.9,6.23,49.8,178,190.3,190.5,190.0,500.0,500.0,0.0,0.0,0.0,0.3,1.26
10.3,194.0,6.23,49.8,179,190.3,190.5,190.0,500.0,500.0,0.0,0.0,0.0,0.3,1.27
10.3,194.1,6.23,49.8,180,190.2,190.5,190.0,500.0,500.0,0.0,0.0,0.0,0.3,1.28
10.1,194.1,6.23,49.8,181,190.2,190.5,190.0,500.0,500.0,0.0,0.0,0.0,0.3,1.29
9.8,194.2,6.23,49.8,182,190.2,190.5,190.0,500.0,500.0,0.0,0.0,0.0,0.3,1.29
9.8,194.2,6.23,49.8,183,190.2,190.4,190.0,500.0,500.0,0.0,0.0,0.0,0.3,1.30
9.5,194.3,6.23,49.8,184,190.2,190.3,190.0,500.0,500.0,0.0,0.0,0.0,0.3,1.31
9.5,194.3,6.23,50.0,185,190.2,190.3,190.0,500.0,500.0,0.0,0.0,0.0,0.3,1.32
9.8,194.3,6.23,50.0,186,190.2,190.3,190.0,500.0,500.0,0.0,0.0,0.0,0.3,1.33
10.1,194.4,6.23,50.0,187,190.2,190.3,190.0,500.0,500.0,0.0,0.0,0.0,0.3,1.33
10.0,194.4,6.23,50.0,188,190.2,190.1,190.0,500.0,500.0,0.0,0.0,0.0,0.3,1.34
9.9,194.5,6.23,49.8,189,190.2,190.0,190.0,500.0,500.0,0.0,0.0,0.0,0.3,1.35
9.7,194.6,6.23,49.8,190,190.2,190.0,190.0,500.0,500.0,0.0,0.0,0.0,0.3,1.36
9.7,194.6,6.23,49.8,191,190.2,190.0,190.0,500.0,500.0,0.0,0.0,0.0,0.3,1.37
9.6,194.6,6.23,49.8,192,190.2,190.0,190.0,500.0,500.0,0.0,0.0,0.0,0.3,1.37
9.6,194.7,6.23,49.8,193,190.2,190.0,190.0,500.0,500.0,0.0,0.0,0.0,0.3,1.38
9.9,194.8,6.23,50.0,194,190.2,190.0,190.0,500.0,500.0,0.0,0.0,0.0,0.3,1.39
10.1,194.8,6.23,49.8,195,190.2,190.0,190.0,500.0,500.0,0.0,0.0,0.0,0.3,1.40
10.1,194.8,6.23,49.8,196,190.2,190.0,190.0,500.0,500.0,0.0,0.0,0.0,0.3,1.41
10.5,194.9,6.23,49.8,197,190.2,190.0,190.0,500.0,500.0,0.0,0.0,0.0,0.3,1.42
10.5,194.9,6.23,49.8,198,190.2,190.0,190.0,500.0,500.0,0.0,0.0,0.0,0.3,1.43
10.1,195.0,6.23,49.8,199,190.2,190.0,190.0,500.0,500.0,0.0,0.0,0.0,0.3,1.43
9.8,195.0,6.23,49.8,200,190.2,190.0,190.0,500.0,500.0,0.0,0.0,0.0,0.3,1.44
9.9,195.1,6.23,49.8,201,190.2,190.0,190.0,500.0,500.0,0.0,0.0,0.0,0.3,1.45
10.1,195.2,6.23,49.8,202,190.2,190.0,190.0,500.0,500.0,0.0,0.0,0.0,0.3,1.46
10.1,195.2,6.23,49.8,203,190.2,190.0,190.0,500.0,500.0,0.0,0.0,0.0,0.3,1.47
10.0,195.2,6.23,49.8,204,190.2,189.9,190.0,500.0,500.0,0.0,0.0,0.0,0.3,1.47
9.9,195.2,6.23,50.0,205,190.2,189.9,190.0,500.0,500.0,0.0,0.0,0.0,0.3,1.48
9.7,195.3,6.23,49.8,206,190.2,189.9,190.0,500.0,500.0,0.0,0.0,0.0,0.3,1.49
9.5,195.3,6.23,49.8,207,190.2,189.9,190.0,500.0,500.0,0.0,0.0,0.0,0.3,1.50
9.5,195.4,6.23,49.8,208,190.2,189.9,190.0,500.0,500.0,0.0,0.0,0.0,0.3,1.51
9.4,195.5,6.23,49.8,209,190.2,190.0,190.0,500.0,500.0,0.0,0.0,0.0,0.3,1.51
9.6,195.5,6.23,49.8,210,190.2,190.0,190.0,500.0,500.0,0.0,0.0,0.0,0.3,1.52
9.8,195.5,6.23,50.0,211,190.2,190.0,190.0,500.0,500.0,0.0,0.0,0.0,0.3,1.53
9.9,195.5,6.23,49.8,212,190.2,190.0,190.0,500.0,500.0,0.0,0.0,0.0,0.3,1.54
9.8,195.6,6.23,49.8,213,190.2,190.0,190.0,500.0,500.0,0.0,0.0,0.0,0.3,1.55
9.8,195.6,6.23,49.8,214,190.2,190.0,190.0,500.0,500.0,0.0,0.0,0.0,0.3,1.56
9.7,195.6,6.23,49.8,215,190.2,190.0,190.0,500.0,500.0,0.0,0.0,0.0,0.3,1.56
9.7,195.6,6.23,49.8,216,190.2,190.0,190.0,500.0,500.0,0.0,0.0,0.0,0.3,1.57
9.6,195.6,6.23,49.8,217,190.2,190.0,190.0,500.0,500.0,0.0,0.0,0.0,0.3,1.58
9.9,195.7,6.23,49.8,218,190.2,190.0,190.0,500.0,500.0,0.0,0.0,0.0,0.3,1.59
10.2,195.7,6.23,49.8,219,190.2,190.0,190.0,500.0,500.0,0.0,0.0,0.0,0.3,1.60
10.4,195.8,6.23,49.8,220,190.3,190.0,190.0,500.0,500.0,0.0,0.0,0.0,0.3,1.61
10.4,195.9,6.23,49.8,221,190.3,190.2,190.0,500.0,500.0,0.0,0.0,0.0,0.3,1.61
10.3,196.0,6.23,50.0,222,190.3,190.2,190.0,500.0,500.0,0.0,0.0,0.0,0.3,1.62
10.1,196.0,6.23,49.8,223,190.3,190.2,190.0,500.0,500.0,0.0,0.0,0.0,0.3,1.63
10.0,196.1,6.23,49.8,224,190.4,190.3,190.0,500.0,500.0,0.0,0.0,0.0,0.3,1.64
9.8,196.1,6.23,49.8,225,190.4,190.5,190.0,500.0,500.0,0.0,0.0,0.0,0.3,1.65
9.8,196.1,6.23,49.8,226,190.4,190.5,190.0,500.0,500.0,0.0,0.0,0.0,0.3,1.66
9.9,196.2,6.23,49.6,227,190.4,190.5,190.0,500.0,500.0,0.0,0.0,0.0,0.3,1.66
10.0,196.2,6.23,49.8,228,190.4,190.5,190.0,500.0,500.0,0.0,0.0,0.0,0.3,1.67
10.4,196.2,6.23,49.8,229,190.4,190.5,190.0,500.0,500.0,0.0,0.0,0.0,0.3,1.68
10.5,196.3,6.23,49.8,230,190.4,190.5,190.0,500.0,500.0,0.0,0.0,0.0,0.3,1.69
10.3,196.3,6.23,49.8,231,190.4,190.5,190.0,500.0,500.0,0.0,0.0,0.0,0.3,1.70
10.1,196.4,6.23,49.8,232,190.4,190.5,190.0,500.0,500.0,0.0,0.0,0.0,0.3,1.71
10.0,196.4,6.23,49.8,233,190.5,190.5,190.0,500.0,500.0,0.0,0.0,0.0,0.3,1.71
10.1,196.5,6.23,49.8,234,190.5,190.5,190.0,500.0,500.0,0.0,0.0,0.0,0.3,1.72
10.2,196.5,6.23,49.8,235,190.5,190.4,190.0,500.0,500.0,0.0,0.0,0.0,0.3,1.73
10.1,196.6,6.23,49.8,236,190.5,190.3,190.0,500.0,500.0,0.0,0.0,0.0,0.3,1.74
10.3,196.6,6.23,49.8,237,190.5,190.3,190.1,500.0,500.0,0.0,0.0,0.0,0.3,1.75
10.5,196.6,6.23,49.8,238,190.5,190.3,190.1,500.0,500.0,0.0,0.0,0.0,0.3,1.76
10.4,196.7,6.23,49.8,239,190.5,190.1,190.1,500.0,500.0,0.0,0.0,0.0,0.3,1.77
9.9,196.7,6.23,49.8,240,190.5,190.0,190.1,500.0,500.0,0.0,0.0,0.0,0.3,1.77
10.0,196.7,6.23,49.8,241,190.5,190.0,190.1,500.0,500.0,0.0,0.0,0.0,0.3,1.78
9.7,196.8,6.23,50.0,242,190.5,190.0,190.1,500.0,500.0,0.0,0.0,0.0,0.3,1.79
9.6,196.8,6.23,49.8,243,190.5,190.0,190.1,500.0,500.0,0.0,0.0,0.0,0.3,1.80
9.7,196.8,6.23,49.6,244,190.5,190.0,190.1,500.0,500.0,0.0,0.0,0.0,0.3,1.81
9.9,196.9,6.23,49.6,245,190.5,190.0,190.1,500.0,500.0,0.0,0.0,0.0,0.3,1.81
10.0,196.9,6.23,49.6,246,190.5,190.0,190.2,500.0,500.0,0.0,0.0,0.0,0.3,1.82
9.9,196.9,6.23,49.6,247,190.5,190.0,190.2,500.0,500.0,0.0,0.0,0.0,0.3,1.83
9.9,196.9,6.23,49.8,248,190.5,190.0,190.2,500.0,500.0,0.0,0.0,0.0,0.3,1.84
9.8,196.9,6.23,50.0,249,190.5,190.0,190.2,500.0,500.0,0.0,0.0,0.0,0.3,1.85
10.0,197.0,6.23,50.0,250,190.5,190.0,190.2,500.0,500.0,0.0,0.0,0.0,0.3,1.86
10.3,197.0,6.23,50.0,251,190.5,190.0,190.2,500.0,500.0,0.0,0.0,0.0,0.3,1.86
10.4,197.0,6.23,50.0,252,190.5,190.0,190.2,500.0,500.0,0.0,0.0,0.0,0.3,1.87
10.5,197.1,6.23,50.0,253,190.5,190.0,190.2,500.0,500.0,0.0,0.0,0.0,0.3,1.88
10.3,197.1,6.23,49.8,254,190.5,190.0,190.2,500.0,500.0,0.0,0.0,0.0,0.3,1.89
10.1,197.1,6.23,49.8,255,190.5,190.0,190.2,500.0,500.0,0.0,0.0,0.0,0.3,1.90
9.9,197.2,6.23,49.8,256,190.5,190.0,190.2,500.0,500.0,0.0,0.0,0.0,0.3,1.91
9.9,197.3,6.23,49.8,257,190.5,190.0,190.2,500.0,500.0,0.0,0.0,0.0,0.3,1.91
9.7,197.3,6.23,49.6,258,190.5,190.0,190.2,500.0,500.0,0.0,0.0,0.0,0.3,1.92
9.9,197.3,6.23,49.8,259,190.5,190.0,190.2,500.0,500.0,0.0,0.0,0.0,0.3,1.93
10.2,197.3,6.23,49.8,260,190.5,190.1,190.2,500.0,500.0,0.0,0.0,0.0,0.3,1.94
10.4,197.3,6.23,49.8,261,190.5,190.2,190.2,500.0,500.0,0.0,0.0,0.0,0.3,1.95
10.4,197.4,6.23,49.8,262,190.5,190.2,190.2,500.0,500.0,0.0,0.0,0.0,0.3,1.96
10.2,197.4,6.23,50.0,263,190.5,190.2,190.2,500.0,500.0,0.0,0.0,0.0,0.3,1.97
10.0,197.4,6.23,49.8,264,190.5,190.3,190.2,500.0,500.0,0.0,0.0,0.0,0.3,1.97
9.9,197.4,6.23,49.8,265,190.5,190.6,190.2,500.0,500.0,0.0,0.0,0.0,0.3,1.98
9.9,197.5,6.23,49.8,266,190.5,190.7,190.2,500.0,500.0,0.0,0.0,0.0,0.3,1.99
9.9,197.6,6.23,49.8,267,190.5,190.7,190.2,500.0,500.0,0.0,0.0,0.0,0.3,2.00
10.0,197.6,6.23,49.8,268,190.5,190.7,190.2,500.0,500.0,0.0,0.0,0.0,0.3,2.01
10.1,197.6,6.23,49.8,269,190.5,190.8,190.2,500.0,500.0,0.0,0.0,0.0,0.3,2.01
10.2,197.6,6.23,49.8,270,190.5,191.0,190.1,500.0,500.0,0.0,0.0,0.0,0.3,2.02
10.1,197.7,6.23,49.8,271,190.5,191.0,190.1,500.0,500.0,0.0,0.0,0.0,0.3,2.03
9.9,197.7,6.23,49.8,272,190.5,191.0,190.1,500.0,500.0,0.0,0.0,0.0,0.3,2.04
10.0,197.7,6.23,49.8,273,190.5,191.0,190.1,500.0,500.0,0.0,0.0,0.0,0.3,2.05
9.8,197.7,6.23,50.0,274,190.5,191.1,190.1,500.0,500.0,0.0,0.0,0.0,0.3,2.06
9.6,197.8,6.23,49.8,275,190.5,191.1,190.1,500.0,500.0,0.0,0.0,0.0,0.3,2.06
9.6,197.8,6.23,49.8,276,190.5,191.1,190.1,500.0,500.0,0.0,0.0,0.0,0.3,2.07
9.9,197.8,6.23,49.8,277,190.5,191.1,190.1,500.0,500.0,0.0,0.0,0.0,0.3,2.08
9.9,197.8,6.23,49.8,278,190.5,191.1,190.0,500.0,500.0,0.0,0.0,0.0,0.3,2.09
9.9,197.9,6.23,49.6,279,190.5,191.1,190.0,500.0,500.0,0.0,0.0,0.0,0.3,2.10
9.7,197.9,6.23,49.8,280,190.5,191.0,190.0,500.0,500.0,0.0,0.0,0.0,0.3,2.11
9.7,197.9,6.23,49.8,281,190.5,190.8,190.0,500.0,500.0,0.0,0.0,0.0,0.3,2.11
9.9,197.9,6.23,49.8,282,190.5,190.8,190.0,500.0,500.0,0.0,0.0,0.0,0.3,2.12
10.0,198.0,6.23,49.8,283,190.5,190.8,190.0,500.0,500.0,0.0,0.0,0.0,0.3,2.13
10.1,198.0,6.23,50.0,284,190.5,190.8,190.0,500.0,500.0,0.0,0.0,0.0,0.3,2.14
10.3,198.0,6.23,50.0,285,190.5,190.6,190.0,500.0,500.0,0.0,0.0,0.0,0.3,2.15
10.3,198.0,6.23,49.8,286,190.5,190.5,190.0,500.0,500.0,0.0,0.0,0.0,0.3,2.16
10.1,198.1,6.23,49.8,287,190.5,190.5,190.0,500.0,500.0,0.0,0.0,0.0,0.3,2.16
10.1,198.1,6.23,49.8,288,190.5,190.5,190.0,500.0,500.0,0.0,0.0,0.0,0.3,2.17
10.0,198.2,6.23,49.8,289,190.5,190.3,190.0,500.0,500.0,0.0,0.0,0.0,0.3,2.18
9.9,198.2,6.23,49.6,290,190.5,190.1,190.0,500.0,500.0,0.0,0.0,0.0,0.3,2.19
9.8,198.2,6.23,49.8,291,190.5,190.1,190.0,500.0,500.0,0.0,0.0,0.0,0.3,2.20
10.1,198.2,6.23,49.8,292,190.5,190.1,190.0,500.0,500.0,0.0,0.0,0.0,0.3,2.21
10.4,198.2,6.23,49.8,293,190.5,190.0,190.0,500.0,500.0,0.0,0.0,0.0,0.3,2.21
10.5,198.2,6.23,49.8,294,190.5,190.0,190.0,500.0,500.0,0.0,0.0,0.0,0.3,2.22
10.3,198.2,6.23,50.0,295,190.5,190.0,190.0,500.0,500.0,0.0,0.0,0.0,0.3,2.23
10.3,198.2,6.23,50.0,296,190.5,190.0,190.0,500.0,500.0,0.0,0.0,0.0,0.3,2.24
10.2,198.3,6.23,50.0,297,190.5,190.0,190.0,500.0,500.0,0.0,0.0,0.0,0.3,2.25
9.9,198.4,6.23,50.0,298,190.5,190.0,190.0,500.0,500.0,0.0,0.0,0.0,0.3,2.26
9.8,198.4,6.23,50.0,299,190.5,190.0,190.0,500.0,500.0,0.0,0.0,0.0,0.3,2.26
9.8,198.5,6.23,50.0,300,190.5,190.0,190.0,500.0,500.0,0.0,0.0,0.0,0.3,2.27
9.8,198.5,6.23,49.8,301,190.5,190.0,190.0,500.0,500.0,0.0,0.0,0.0,0.3,2.28
10.0,198.5,6.23,49.8,302,190.6,190.0,190.0,500.0,500.0,0.0,0.0,0.0,0.3,2.29
10.2,198.5,6.23,49.8,303,190.6,190.0,190.0,500.0,500.0,0.0,0.0,0.0,0.3,2.30
10.1,198.5,6.23,49.8,304,190.6,190.0,190.0,500.0,500.0,0.0,0.0,0.0,0.3,2.31
10.0,198.5,6.23,49.8,305,190.6,190.0,190.0,500.0,500.0,0.0,0.0,0.0,0.3,2.31
9.8,198.6,6.23,50.0,306,190.6,190.0,190.0,500.0,500.0,0.0,0.0,0.0,0.3,2.32
9.6,198.6,6.23,49.8,307,190.6,190.0,190.0,500.0,500.0,0.0,0.0,0.0,0.3,2.33
9.5,198.6,6.23,49.8,308,190.6,190.0,190.0,500.0,500.0,0.0,0.0,0.0,0.3,2.34
9.6,198.6,6.23,49.8,309,190.6,190.0,190.0,500.0,500.0,0.0,0.0,0.0,0.3,2.35
9.9,198.6,6.23,49.8,310,190.6,190.0,190.0,500.0,500.0,0.0,0.0,0.0,0.3,2.35
10.1,198.6,6.23,49.8,311,190.6,190.1,190.0,500.0,500.0,0.0,0.0,0.0,0.3,2.36
10.3,198.7,6.23,49.8,312,190.6,190.3,190.0,500.0,500.0,0.0,0.0,0.0,0.3,2.37
10.4,198.7,6.23,49.8,313,190.6,190.3,190.0,500.0,500.0,0.0,0.0,0.0,0.3,2.38
10.1,198.7,6.23,49.8,314,190.6,190.3,190.0,500.0,500.0,0.0,0.0,0.0,0.3,2.39
9.9,198.7,6.23,49.8,315,190.6,190.4,190.0,500.0,500.0,0.0,0.0,0.0,0.3,2.40
9.9,198.7,6.23,49.8,316,190.6,190.6,190.0,500.0,500.0,0.0,0.0,0.0,0.3,2.40
9.7,198.7,6.23,50.0,317,190.6,190.7,190.0,500.0,500.0,0.0,0.0,0.0,0.3,2.41
9.6,198.7,6.23,50.0,318,190.6,190.7,190.0,500.0,500.0,0.0,0.0,0.0,0.3,2.42
9.9,198.7,6.23,50.0,319,190.6,190.7,190.0,500.0,500.0,0.0,0.0,0.0,0.3,2.43
10.2,198.8,6.23,50.0,320,190.6,190.7,190.0,500.0,500.0,0.0,0.0,0.0,0.3,2.44
10.2,198.8,6.23,49.8,321,190.6,190.7,190.0,500.0,500.0,0.0,0.0,0.0,0.3,2.45
10.0,198.8,6.23,49.8,322,190.6,190.7,190.0,500.0,500.0,0.0,0.0,0.0,0.3,2.45
10.0,198.8,6.23,49.8,323,190.6,190.8,190.0,500.0,500.0,0.0,0.0,0.0,0.3,2.46
10.0,198.9,6.23,49.8,324,190.6,190.8,190.0,500.0,500.0,0.0,0.0,0.0,0.3,2.47
9.9,198.9,6.23,49.8,325,190.6,190.7,190.0,500.0,500.0,0.0,0.0,0.0,0.3,2.48
10.0,198.9,6.23,49.8,326,190.6,190.6,190.0,500.0,500.0,0.0,0.0,0.0,0.3,2.49
10.1,198.9,6.23,49.6,327,190.6,190.6,190.0,500.0,500.0,0.0,0.0,0.0,0.3,2.50
10.3,198.9,6.23,49.6,328,190.6,190.6,190.0,500.0,500.0,0.0,0.0,0.0,0.3,2.50
10.4,198.9,6.23,49.6,329,190.6,190.5,190.0,500.0,500.0,0.0,0.0,0.0,0.3,2.51
10.6,198.9,6.23,49.6,330,190.6,190.3,190.0,500.0,500.0,0.0,0.0,0.0,0.3,2.52
10.4,198.9,6.23,49.8,331,190.6,190.2,190.0,500.0,500.0,0.0,0.0,0.0,0.3,2.53
10.1,199.0,6.23,49.8,332,190.5,190.1,190.0,500.0,500.0,0.0,0.0,0.0,0.3,2.54
10.0,199.0,6.23,49.8,333,190.5,190.1,190.0,500.0,500.0,0.0,0.0,0.0,0.3,2.55
10.0,199.0,6.23,49.8,334,190.5,190.1,190.0,500.0,500.0,0.0,0.0,0.0,0.3,2.56
10.0,199.0,6.23,49.8,335,190.5,190.1,190.0,500.0,500.0,0.0,0.0,0.0,0.3,2.56
10.1,199.1,6.23,49.8,336,190.5,190.1,190.0,500.0,500.0,0.0,0.0,0.0,0.3,2.57
10.0,199.1,6.23,50.0,337,190.5,190.0,190.0,500.0,500.0,0.0,0.0,0.0,0.3,2.58
9.8,199.1,6.23,50.0,338,190.5,190.0,190.0,500.0,500.0,0.0,0.0,0.0,0.3,2.59
9.8,199.1,6.23,50.0,339,190.5,190.0,190.0,500.0,500.0,0.0,0.0,0.0,0.3,2.60
9.8,199.1,6.23,50.0,340,190.5,190.0,190.0,500.0,500.0,0.0,0.0,0.0,0.3,2.60
9.5,199.1,6.23,50.0,341,190.5,190.0,190.0,500.0,500.0,0.0,0.0,0.0,0.3,2.61
9.7,199.2,6.23,50.0,342,190.5,190.0,190.0,500.0,500.0,0.0,0.0,0.0,0.3,2.62
10.0,199.2,6.23,49.8,343,190.5,190.0,190.1,500.0,500.0,0.0,0.0,0.0,0.3,2.63
10.1,199.2,6.23,49.8,344,190.5,190.0,190.1,500.0,500.0,0.0,0.0,0.0,0.3,2.64
10.0,199.3,6.23,49.8,345,190.5,190.0,190.1,500.0,500.0,0.0,0.0,0.0,0.3,2.65
10.1,199.3,6.23,49.8,346,190.6,190.0,190.2,500.0,500.0,0.0,0.0,0.0,0.3,2.65
10.0,199.3,6.23,49.6,347,190.6,190.0,190.3,500.0,500.0,0.0,0.0,0.0,0.3,2.66
9.9,199.3,6.23,49.8,348,190.6,190.0,190.3,500.0,500.0,0.0,0.0,0.0,0.3,2.67
9.8,199.3,6.23,49.8,349,190.6,190.0,190.3,500.0,500.0,0.0,0.0,0.0,0.3,2.68
9.7,199.3,6.23,49.8,350,190.6,190.0,190.3,500.0,500.0,0.0,0.0,0.0,0.3,2.69
10.1,199.3,6.23,49.8,351,190.6,190.0,190.3,500.0,500.0,0.0,0.0,0.0,0.3,2.70
10.4,199.4,6.23,49.8,352,190.6,190.0,190.3,500.0,500.0,0.0,0.0,0.0,0.3,2.70
10.5,199.4,6.23,49.6,353,190.6,190.0,190.3,500.0,500.0,0.0,0.0,0.0,0.3,2.71
10.2,199.4,6.23,49.6,354,190.6,190.0,190.3,500.0,500.0,0.0,0.0,0.0,0.3,2.72
10.1,199.4,6.23,49.6,355,190.6,190.0,190.3,500.0,500.0,0.0,0.0,0.0,0.3,2.73
9.9,199.4,6.23,49.6,356,190.5,190.0,190.3,500.0,500.0,0.0,0.0,0.0,0.3,2.74
9.7,199.4,6.23,49.8,357,190.5,190.0,190.3,500.0,500.0,0.0,0.0,0.0,0.3,2.75
9.6,199.4,6.23,49.8,358,190.5,190.0,190.3,500.0,500.0,0.0,0.0,0.0,0.3,2.75
9.9,199.4,6.23,49.8,359,190.5,190.1,190.3,500.0,500.0,0.0,0.0,0.0,0.3,2.76
10.0,199.4,6.23,49.8,360,190.5,190.2,190.3,500.0,500.0,0.0,0.0,0.0,0.3,2.77
10.3,199.4,6.23,49.8,361,190.5,190.3,190.4,500.0,500.0,0.0,0.0,0.0,0.3,2.78
10.5,199.4,6.23,49.8,362,190.5,190.3,190.4,500.0,500.0,0.0,0.0,0.0,0.3,2.79
10.5,199.4,6.23,50.0,363,190.5,190.3,190.4,500.0,500.0,0.0,0.0,0.0,0.3,2.80
10.3,199.4,6.23,49.8,364,190.5,190.4,190.4,500.0,500.0,0.0,0.0,0.0,0.3,2.80
10.1,199.5,6.23,49.8,365,190.5,190.5,190.4,500.0,500.0,0.0,0.0,0.0,0.3,2.81
10.1,199.5,6.23,49.8,366,190.5,190.5,190.4,500.0,500.0,0.0,0.0,0.0,0.3,2.82
10.1,199.6,6.23,49.8,367,190.5,190.5,190.4,500.0,500.0,0.0,0.0,0.0,0.3,2.83
10.0,199.6,6.23,49.6,368,190.5,190.5,190.4,500.0,500.0,0.0,0.0,0.0,0.3,2.84
10.1,199.6,6.23,49.6,369,190.5,190.6,190.4,500.0,500.0,0.0,0.0,0.0,0.3,2.85
10.2,199.6,6.23,49.6,370,190.5,190.6,190.4,500.0,500.0,0.0,0.0,0.0,0.3,2.85
10.3,199.6,6.23,49.6,371,190.5,190.6,190.4,500.0,500.0,0.0,0.0,0.0,0.3,2.86
10.3,199.6,6.23,49.6,372,190.5,190.6,190.4,500.0,500.0,0.0,0.0,0.0,0.3,2.87
10.2,199.6,6.23,49.8,373,190.5,190.6,190.4,500.0,500.0,0.0,0.0,0.0,0.3,2.88
10.2,199.6,6.23,49.8,374,190.5,190.5,190.4,500.0,500.0,0.0,0.0,0.0,0.3,2.89
10.0,199.6,6.23,49.8,375,190.5,190.4,190.4,500.0,500.0,0.0,0.0,0.0,0.3,2.90
9.9,199.6,6.23,49.8,376,190.5,190.4,190.4,500.0,500.0,0.0,0.0,0.0,0.3,2.91
10.0,199.7,6.23,49.8,377,190.5,190.4,190.3,500.0,500.0,0.0,0.0,0.0,0.3,2.91
10.0,199.7,6.23,49.6,378,190.5,190.2,190.3,500.0,500.0,0.0,0.0,0.0,0.3,2.92
10.0,199.7,6.23,49.8,379,190.5,190.1,190.3,500.0,500.0,0.0,0.0,0.0,0.3,2.93
10.0,199.7,6.23,49.8,380,190.4,190.1,190.3,500.0,500.0,0.0,0.0,0.0,0.3,2.94
9.8,199.7,6.23,49.8,381,190.4,190.0,190.3,500.0,500.0,0.0,0.0,0.0,0.3,2.95
9.8,199.7,6.23,49.8,382,190.4,190.0,190.3,500.0,500.0,0.0,0.0,0.0,0.3,2.95
9.7,199.7,6.23,49.8,383,190.4,190.0,190.3,500.0,500.0,0.0,0.0,0.0,0.3,2.96
9.7,199.7,6.23,49.8,384,190.4,190.0,190.3,500.0,500.0,0.0,0.0,0.0,0.3,2.97
9.7,199.7,6.23,49.8,385,190.4,190.0,190.3,500.0,500.0,0.0,0.0,0.0,0.3,2.98
9.9,199.7,6.23,49.8,386,190.4,190.0,190.3,500.0,500.0,0.0,0.0,0.0,0.3,2.99
9.9,199.7,6.23,49.8,387,190.4,190.0,190.3,500.0,500.0,0.0,0.0,0.0,0.3,3.00
9.9,199.8,6.23,50.0,388,190.4,190.0,190.2,500.0,500.0,0.0,0.0,0.0,0.3,3.00
10.1,199.8,6.23,49.8,389,190.4,190.0,190.2,500.0,500.0,0.0,0.0,0.0,0.3,3.01
10.1,199.8,6.23,49.8,390,190.4,190.0,190.2,500.0,500.0,0.0,0.0,0.0,0.3,3.02
9.9,199.8,6.23,49.8,391,190.4,190.0,190.2,500.0,500.0,0.0,0.0,0.0,0.3,3.03
10.0,199.8,6.23,49.8,392,190.4,190.0,190.2,500.0,500.0,0.0,0.0,0.0,0.3,3.04
10.3,199.8,6.23,49.8,393,190.4,190.0,190.2,500.0,500.0,0.0,0.0,0.0,0.3,3.05
10.4,199.8,6.23,50.0,394,190.4,190.0,190.2,500.0,500.0,0.0,0.0,0.0,0.3,3.05
10.3,199.8,6.23,49.8,395,190.4,190.0,190.2,500.0,500.0,0.0,0.0,0.0,0.3,3.06
10.2,199.8,6.23,49.8,396,190.4,190.0,190.2,500.0,500.0,0.0,0.0,0.0,0.3,3.07
10.1,199.8,6.23,49.8,397,190.4,190.0,190.2,500.0,500.0,0.0,0.0,0.0,0.3,3.08
10.0,199.8,6.23,49.8,398,190.4,190.0,190.2,500.0,500.0,0.0,0.0,0.0,0.3,3.09
10.1,199.8,6.23,49.6,399,190.4,190.0,190.1,500.0,500.0,0.0,0.0,0.0,0.3,3.10
10.0,199.8,6.23,49.6,400,190.4,190.0,190.1,500.0,500.0,0.0,0.0,0.0,0.3,3.10
10.2,199.8,6.23,49.6,401,190.4,190.0,190.1,500.0,500.0,0.0,0.0,0.0,0.3,3.11
10.3,199.9,6.23,49.6,402,190.4,190.0,190.1,500.0,500.0,0.0,0.0,0.0,0.3,3.12
10.4,199.9,6.23,49.6,403,190.4,190.0,190.1,500.0,500.0,0.0,0.0,0.0,0.3,3.13
10.3,199.9,6.23,49.8,404,190.4,190.0,190.1,500.0,500.0,0.0,0.0,0.0,0.3,3.14
10.2,199.9,6.23,49.8,405,190.4,190.0,190.1,500.0,500.0,0.0,0.0,0.0,0.3,3.15
10.0,199.9,6.23,49.8,406,190.4,190.0,190.1,500.0,500.0,0.0,0.0,0.0,0.3,3.16
9.9,199.9,6.23,49.8,407,190.4,190.0,190.1,500.0,500.0,0.0,0.0,0.0,0.3,3.16
9.8,199.9,6.23,49.8,408,190.4,190.0,190.1,500.0,500.0,0.0,0.0,0.0,0.3,3.17
9.7,199.9,6.23,49.6,409,190.3,190.0,190.1,500.0,500.0,0.0,0.0,0.0,0.3,3.18
9.9,199.9,6.23,49.6,410,190.3,190.0,190.1,500.0,500.0,0.0,0.0,0.0,0.3,3.19
10.1,199.9,6.23,49.6,411,190.3,190.1,190.0,500.0,500.0,0.0,0.0,0.0,0.3,3.20
10.0,199.9,6.23,49.6,412,190.3,190.1,190.0,500.0,500.0,0.0,0.0,0.0,0.3,3.20
9.9,199.9,6.23,49.6,413,190.3,190.1,190.0,500.0,500.0,0.0,0.0,0.0,0.3,3.21
9.9,199.9,6.23,49.8,414,190.3,190.2,190.0,500.0,500.0,0.0,0.0,0.0,0.3,3.22
10.2,199.9,6.23,49.8,415,190.3,190.3,190.0,500.0,500.0,0.0,0.0,0.0,0.3,3.23
10.1,199.8,6.23,49.8,416,190.3,190.3,190.0,500.0,500.0,0.0,0.0,0.0,0.3,3.24
10.1,199.8,6.23,49.8,417,190.3,190.3,190.0,500.0,500.0,0.0,0.0,0.0,0.3,3.25
10.3,199.9,6.23,49.8,418,190.3,190.3,190.0,500.0,500.0,0.0,0.0,0.0,0.3,3.25
10.3,199.9,6.23,49.8,419,190.3,190.3,190.0,500.0,500.0,0.0,0.0,0.0,0.3,3.26
10.1,199.9,6.23,50.0,420,190.3,190.3,190.0,500.0,500.0,0.0,0.0,0.0,0.3,3.27
10.2,200.0,6.23,49.8,421,190.3,190.3,190.0,500.0,500.0,0.0,0.0,0.0,0.3,3.28
10.1,200.0,6.23,49.8,422,190.3,190.3,190.0,500.0,500.0,0.0,0.0,0.0,0.3,3.29
10.0,200.0,6.23,49.8,423,190.3,190.3,190.0,500.0,500.0,0.0,0.0,0.0,0.3,3.30
10.0,200.0,6.23,49.8,424,190.3,190.3,190.0,500.0,500.0,0.0,0.0,0.0,0.3,3.30
10.2,200.1,6.23,49.8,425,190.3,190.3,190.0,500.0,500.0,0.0,0.0,0.0,0.3,3.31
10.4,200.1,6.23,49.8,426,190.4,190.3,190.1,500.0,500.0,0.0,0.0,0.0,0.3,3.32
10.3,200.1,6.23,49.8,427,190.4,190.1,190.1,500.0,500.0,0.0,0.0,0.0,0.3,3.33
10.0,200.1,6.23,49.8,428,190.4,190.0,190.1,500.0,500.0,0.0,0.0,0.0,0.3,3.34
10.0,200.1,6.23,49.8,429,190.4,190.0,190.1,500.0,500.0,0.0,0.0,0.0,0.3,3.35
9.9,200.0,6.23,49.8,430,190.4,190.0,190.1,500.0,500.0,0.0,0.0,0.0,0.3,3.36
9.8,200.0,6.23,50.0,431,190.4,190.0,190.1,500.0,500.0,0.0,0.0,0.0,0.3,3.36
9.8,200.1,6.23,49.8,432,190.4,190.0,190.1,500.0,500.0,0.0,0.0,0.0,0.3,3.37
10.0,200.1,6.23,49.8,433,190.4,190.0,190.1,500.0,500.0,0.0,0.0,0.0,0.3,3.38
10.1,200.1,6.23,49.8,434,190.4,190.0,190.1,500.0,500.0,0.0,0.0,0.0,0.3,3.39
10.2,200.1,6.23,49.6,435,190.4,190.0,190.1,500.0,500.0,0.0,0.0,0.0,0.3,3.40
10.3,200.1,6.23,49.6,436,190.4,190.0,190.1,500.0,500.0,0.0,0.0,0.0,0.3,3.41
10.2,200.1,6.23,49.8,437,190.4,190.0,190.1,500.0,500.0,0.0,0.0,0.0,0.3,3.41
10.0,200.1,6.23,49.8,438,190.3,190.0,190.1,500.0,500.0,0.0,0.0,0.0,0.3,3.42
9.9,200.1,6.23,49.8,439,190.3,190.0,190.1,500.0,500.0,0.0,0.0,0.0,0.3,3.43
9.8,200.1,6.23,50.0,440,190.3,190.0,190.1,500.0,500.0,0.0,0.0,0.0,0.3,3.44
9.7,200.1,6.23,49.8,441,190.3,190.0,190.1,500.0,500.0,0.0,0.0,0.0,0.3,3.45
9.9,200.1,6.23,49.8,442,190.3,190.0,190.1,500.0,500.0,0.0,0.0,0.0,0.3,3.45
10.1,200.1,6.23,49.8,443,190.3,190.0,190.1,500.0,500.0,0.0,0.0,0.0,0.3,3.46
10.2,200.2,6.23,49.8,444,190.3,190.0,190.1,500.0,500.0,0.0,0.0,0.0,0.3,3.47
10.4,200.2,6.23,49.8,445,190.3,190.0,190.1,500.0,500.0,0.0,0.0,0.0,0.3,3.48
10.4,200.1,6.23,49.8,446,190.3,190.0,190.1,500.0,500.0,0.0,0.0,0.0,0.3,3.49
10.1,200.1,6.23,49.8,447,190.3,190.0,190.1,500.0,500.0,0.0,0.0,0.0,0.3,3.50
9.9,200.1,6.23,49.8,448,190.3,190.0,190.1,500.0,500.0,0.0,0.0,0.0,0.3,3.51
9.8,200.1,6.23,49.8,449,190.3,190.0,190.1,500.0,500.0,0.0,0.0,0.0,0.3,3.51
9.7,200.1,6.23,49.8,450,190.3,190.0,190.1,500.0,500.0,0.0,0.0,0.0,0.3,3.52
9.7,200.1,6.23,50.0,451,190.3,190.0,190.1,500.0,500.0,0.0,0.0,0.0,0.3,3.53
9.9,200.1,6.23,49.8,452,190.3,190.0,190.1,500.0,500.0,0.0,0.0,0.0,0.3,3.54
10.2,200.1,6.23,49.8,453,190.3,190.0,190.1,500.0,500.0,0.0,0.0,0.0,0.3,3.55
10.2,200.1,6.23,49.8,454,190.2,190.0,190.1,500.0,500.0,0.0,0.0,0.0,0.3,3.55
10.1,200.2,6.23,49.8,455,190.2,190.0,190.1,500.0,500.0,0.0,0.0,0.0,0.3,3.56
10.0,200.2,6.23,49.8,456,190.2,190.0,190.1,500.0,500.0,0.0,0.0,0.0,0.3,3.57
9.8,200.2,6.22,49.8,457,190.2,190.0,190.1,500.0,500.0,0.0,0.0,0.0,0.3,3.58
9.7,200.2,6.22,49.6,458,190.2,190.0,190.1,500.0,500.0,0.0,0.0,0.0,0.3,3.59
9.7,200.2,6.22,49.6,459,190.2,190.0,190.1,500.0,500.0,0.0,0.0,0.0,0.3,3.60
9.8,200.2,6.22,49.6,460,190.2,190.1,190.1,500.0,500.0,0.0,0.0,0.0,0.3,3.60
9.9,200.2,6.22,49.6,461,190.2,190.3,190.1,500.0,500.0,0.0,0.0,0.0,0.3,3.61
10.1,200.2,6.22,49.6,462,190.2,190.3,190.1,500.0,500.0,0.0,0.0,0.0,0.3,3.62
10.4,200.3,6.22,49.8,463,190.2,190.3,190.1,500.0,500.0,0.0,0.0,0.0,0.3,3.63
10.3,200.3,6.22,49.8,464,190.2,190.4,190.1,500.0,500.0,0.0,0.0,0.0,0.3,3.64
10.1,200.3,6.22,49.8,465,190.3,190.5,190.2,500.0,500.0,0.0,0.0,0.0,0.3,3.65
10.1,200.3,6.22,49.8,466,190.3,190.6,190.2,500.0,500.0,0.0,0.0,0.0,0.3,3.65
10.1,200.3,6.22,49.8,467,190.3,190.6,190.2,500.0,500.0,0.0,0.0,0.0,0.3,3.66
10.2,200.3,6.22,49.8,468,190.3,190.6,190.2,500.0,500.0,0.0,0.0,0.0,0.3,3.67
10.3,200.3,6.22,49.8,469,190.3,190.6,190.2,500.0,500.0,0.0,0.0,0.0,0.3,3.68
10.4,200.3,6.22,49.8,470,190.3,190.6,190.2,500.0,500.0,0.0,0.0,0.0,0.3,3.69
10.5,200.3,6.22,49.8,471,190.3,190.5,190.2,500.0,500.0,0.0,0.0,0.0,0.3,3.70
10.6,200.3,6.22,49.8,472,190.3,190.4,190.2,500.0,500.0,0.0,0.0,0.0,0.3,3.71
10.5,200.3,6.22,49.8,473,190.3,190.4,190.2,500.0,500.0,0.0,0.0,0.0,0.3,3.71
10.3,200.3,6.22,49.8,474,190.2,190.4,190.2,500.0,500.0,0.0,0.0,0.0,0.3,3.72
10.2,200.3,6.22,49.8,475,190.2,190.3,190.2,500.0,500.0,0.0,0.0,0.0,0.3,3.73
10.1,200.3,6.22,49.8,476,190.2,190.1,190.2,500.0,500.0,0.0,0.0,0.0,0.3,3.74
10.1,200.3,6.22,50.0,477,190.2,190.1,190.2,500.0,500.0,0.0,0.0,0.0,0.3,3.75
10.1,200.3,6.22,49.8,478,190.2,190.0,190.2,500.0,500.0,0.0,0.0,0.0,0.3,3.76
10.2,200.3,6.23,49.8,479,190.2,190.0,190.2,500.0,500.0,0.0,0.0,0.0,0.3,3.77
10.1,200.3,6.23,49.8,480,190.2,190.0,190.2,500.0,500.0,0.0,0.0,0.0,0.3,3.77
10.0,200.3,6.23,49.8,481,190.2,190.0,190.2,500.0,500.0,0.0,0.0,0.0,0.3,3.78
10.0,200.3,6.22,49.8,482,190.2,190.0,190.2,500.0,500.0,0.0,0.0,0.0,0.3,3.79
9.9,200.3,6.23,50.0,483,190.2,190.0,190.2,500.0,500.0,0.0,0.0,0.0,0.3,3.80
9.7,200.3,6.22,50.0,484,190.2,190.0,190.2,500.0,500.0,0.0,0.0,0.0,0.3,3.81
9.9,200.3,6.22,50.0,485,190.2,190.0,190.2,500.0,500.0,0.0,0.0,0.0,0.3,3.82
10.0,200.3,6.22,50.0,486,190.2,190.0,190.2,500.0,500.0,0.0,0.0,0.0,0.3,3.82
10.1,200.3,6.22,50.0,487,190.1,190.0,190.1,500.0,500.0,0.0,0.0,0.0,0.3,3.83
10.1,200.4,6.22,50.0,488,190.1,190.0,190.1,500.0,500.0,0.0,0.0,0.0,0.3,3.84
10.0,200.4,6.22,49.8,489,190.1,190.0,190.1,500.0,500.0,0.0,0.0,0.0,0.3,3.85
10.0,200.4,6.22,49.8,490,190.1,190.0,190.1,500.0,500.0,0.0,0.0,0.0,0.3,3.86
9.9,200.4,6.22,49.8,491,190.1,190.0,190.1,500.0,500.0,0.0,0.0,0.0,0.3,3.86
9.8,200.4,6.22,49.8,492,190.1,190.0,190.1,500.0,500.0,0.0,0.0,0.0,0.3,3.87
9.8,200.4,6.22,49.6,493,190.1,190.0,190.1,500.0,500.0,0.0,0.0,0.0,0.3,3.88
10.0,200.4,6.22,49.8,494,190.1,190.0,190.1,500.0,500.0,0.0,0.0,0.0,0.3,3.89
10.4,200.4,6.22,49.8,495,190.1,190.0,190.1,500.0,500.0,0.0,0.0,0.0,0.3,3.90
10.5,200.4,6.23,49.8,496,190.0,190.0,190.1,500.0,500.0,0.0,0.0,0.0,0.3,3.91
10.4,200.4,6.23,49.8,497,190.0,190.0,190.1,500.0,500.0,0.0,0.0,0.0,0.3,3.92
10.4,200.4,6.23,50.0,498,190.0,190.0,190.1,500.0,500.0,0.0,0.0,0.0,0.3,3.92
10.3,200.4,6.23,49.8,499,190.0,190.0,190.1,500.0,500.0,0.0,0.0,0.0,0.3,3.93
10.0,200.4,6.23,49.8,500,190.0,190.0,190.1,500.0,500.0,0.0,0.0,0.0,0.3,3.94
9.9,200.4,6.23,49.8,501,190.0,190.0,190.0,500.0,500.0,0.0,0.0,0.0,0.3,3.95
9.9,200.4,6.22,49.8,502,190.0,190.0,190.0,500.0,500.0,0.0,0.0,0.0,0.3,3.96
9.8,200.4,6.22,49.8,503,190.0,190.1,190.0,500.0,500.0,0.0,0.0,0.0,0.3,3.97
9.9,200.4,6.22,49.8,504,190.0,190.3,190.0,500.0,500.0,0.0,0.0,0.0,0.3,3.97
10.2,200.4,6.22,49.8,505,190.0,190.3,190.0,500.0,500.0,0.0,0.0,0.0,0.3,3.98
10.4,200.4,6.22,49.8,506,190.0,190.4,190.0,500.0,500.0,0.0,0.0,0.0,0.3,3.99
10.3,200.4,6.23,49.8,507,190.0,190.4,190.0,500.0,500.0,0.0,0.0,0.0,0.3,4.00
10.1,200.4,6.23,49.8,508,190.0,190.5,190.0,500.0,500.0,0.0,0.0,0.0,0.3,4.01
10.0,200.4,6.23,50.0,509,190.0,190.7,190.0,500.0,500.0,0.0,0.0,0.0,0.3,4.02
9.9,200.4,6.23,49.8,510,190.0,190.7,190.0,500.0,500.0,0.0,0.0,0.0,0.3,4.02
10.0,200.4,6.23,49.8,511,190.0,190.7,190.0,500.0,500.0,0.0,0.0,0.0,0.3,4.03
10.1,200.4,6.22,49.8,512,190.0,190.7,190.0,500.0,500.0,0.0,0.0,0.0,0.3,4.04
10.2,200.4,6.22,49.8,513,190.0,190.8,190.0,500.0,500.0,0.0,0.0,0.0,0.3,4.05
10.3,200.4,6.22,49.8,514,190.0,190.9,190.0,500.0,500.0,0.0,0.0,0.0,0.3,4.06
10.3,200.4,6.22,49.8,515,190.0,190.9,190.0,500.0,500.0,0.0,0.0,0.0,0.3,4.07
10.2,200.4,6.22,49.8,516,190.0,190.9,190.0,500.0,500.0,0.0,0.0,0.0,0.3,4.08
10.1,200.4,6.22,49.8,517,190.0,190.9,190.0,500.0,500.0,0.0,0.0,0.0,0.3,4.08
10.1,200.4,6.22,49.8,518,190.0,190.8,190.0,500.0,500.0,0.0,0.0,0.0,0.3,4.09
10.1,200.4,6.23,49.8,519,190.0,190.7,190.0,500.0,500.0,0.0,0.0,0.0,0.3,4.10
10.0,200.4,6.23,49.8,520,190.0,190.7,190.0,500.0,500.0,0.0,0.0,0.0,0.3,4.11
9.9,200.4,6.22,49.8,521,190.0,190.7,190.0,500.0,500.0,0.0,0.0,0.0,0.3,4.12
10.0,200.4,6.22,49.8,522,190.0,190.7,190.0,500.0,500.0,0.0,0.0,0.0,0.3,4.12
10.0,200.4,6.23,49.8,523,190.0,190.6,190.0,500.0,500.0,0.0,0.0,0.0,0.3,4.13
9.9,200.4,6.22,49.6,524,190.0,190.3,190.0,500.0,500.0,0.0,0.0,0.0,0.3,4.14
9.8,200.4,6.22,49.8,525,190.0,190.3,190.0,500.0,500.0,0.0,0.0,0.0,0.3,4.15
9.8,200.4,6.22,49.6,526,190.0,190.3,190.0,500.0,500.0,0.0,0.0,0.0,0.3,4.16
9.8,200.4,6.22,49.6,527,190.0,190.1,190.0,500.0,500.0,0.0,0.0,0.0,0.3,4.17
9.7,200.4,6.22,49.6,528,190.0,190.0,190.0,500.0,500.0,0.0,0.0,0.0,0.3,4.17
9.9,200.4,6.22,49.8,529,190.0,190.0,190.0,500.0,500.0,0.0,0.0,0.0,0.3,4.18
10.0,200.4,6.23,49.6,530,190.0,190.0,190.0,500.0,500.0,0.0,0.0,0.0,0.3,4.19
10.0,200.4,6.23,49.8,531,190.0,190.0,190.0,500.0,500.0,0.0,0.0,0.0,0.3,4.20
10.1,200.4,6.23,49.8,532,190.0,190.0,190.0,500.0,500.0,0.0,0.0,0.0,0.3,4.21
10.1,200.4,6.23,49.8,533,190.0,190.0,190.0,500.0,500.0,0.0,0.0,0.0,0.3,4.22
10.0,200.4,6.23,49.8,534,190.0,190.0,190.0,500.0,500.0,0.0,0.0,0.0,0.3,4.22
9.7,200.4,6.23,49.8,535,190.0,190.0,190.0,500.0,500.0,0.0,0.0,0.0,0.3,4.23
9.8,200.4,6.23,49.8,536,190.0,190.0,190.0,500.0,500.0,0.0,0.0,0.0,0.3,4.24
10.1,200.5,6.23,49.8,537,190.0,190.0,190.0,500.0,500.0,0.0,0.0,0.0,0.3,4.25
10.3,200.5,6.23,49.8,538,190.0,190.0,190.0,500.0,500.0,0.0,0.0,0.0,0.3,4.26
10.3,200.4,6.23,49.8,539,190.0,190.0,190.0,500.0,500.0,0.0,0.0,0.0,0.3,4.27
10.1,200.4,6.23,50.0,540,190.0,190.0,190.0,500.0,500.0,0.0,0.0,0.0,0.3,4.27
10.1,200.4,6.22,50.0,541,190.0,190.0,190.0,500.0,500.0,0.0,0.0,0.0,0.3,4.28
10.0,200.4,6.23,50.0,542,190.0,190.0,190.0,500.0,500.0,0.0,0.0,0.0,0.3,4.29
9.8,200.4,6.23,50.0,543,190.0,190.0,190.0,500.0,500.0,0.0,0.0,0.0,0.3,4.30
9.9,200.4,6.23,50.0,544,190.0,190.0,190.0,500.0,500.0,0.0,0.0,0.0,0.3,4.31
10.1,200.4,6.23,50.0,545,190.0,190.0,190.0,500.0,500.0,0.0,0.0,0.0,0.3,4.32
10.1,200.5,6.23,49.8,546,190.0,190.0,190.0,500.0,500.0,0.0,0.0,0.0,0.3,4.32
10.1,200.5,6.22,49.8,547,190.0,190.0,190.1,500.0,500.0,0.0,0.0,0.0,0.3,4.33
10.1,200.5,6.22,49.8,548,190.0,190.0,190.1,500.0,500.0,0.0,0.0,0.0,0.3,4.34
10.0,200.5,6.22,49.8,549,190.0,190.0,190.1,500.0,500.0,0.0,0.0,0.0,0.3,4.35
9.9,200.5,6.22,49.8,550,190.0,190.1,190.1,500.0,500.0,0.0,0.0,0.0,0.3,4.36
9.9,200.5,6.22,49.8,551,190.0,190.1,190.1,500.0,500.0,0.0,0.0,0.0,0.3,4.37
9.9,200.5,6.22,49.8,552,190.0,190.1,190.1,500.0,500.0,0.0,0.0,0.0,0.3,4.37
10.0,200.5,6.22,49.8,553,190.0,190.2,190.1,500.0,500.0,0.0,0.0,0.0,0.3,4.38
10.1,200.5,6.22,49.8,554,190.0,190.4,190.1,500.0,500.0,0.0,0.0,0.0,0.3,4.39
10.2,200.5,6.22,49.8,555,190.0,190.4,190.1,500.0,500.0,0.0,0.0,0.0,0.3,4.40
10.1,200.5,6.22,49.8,556,190.0,190.4,190.1,500.0,500.0,0.0,0.0,0.0,0.3,4.41
10.0,200.5,6.22,49.6,557,190.0,190.5,190.1,500.0,500.0,0.0,0.0,0.0,0.3,4.42
9.7,200.5,6.22,49.6,558,190.0,190.6,190.1,500.0,500.0,0.0,0.0,0.0,0.3,4.42
9.6,200.5,6.23,49.6,559,190.0,190.6,190.1,500.0,500.0,0.0,0.0,0.0,0.3,4.43
9.7,200.5,6.22,49.6,560,190.0,190.6,190.1,500.0,500.0,0.0,0.0,0.0,0.3,4.44
9.8,200.5,6.23,49.6,561,190.0,190.6,190.1,500.0,500.0,0.0,0.0,0.0,0.3,4.45
9.9,200.5,6.23,49.8,562,190.0,190.7,190.2,500.0,500.0,0.0,0.0,0.0,0.3,4.46
10.2,200.5,6.23,49.8,563,190.0,190.7,190.2,500.0,500.0,0.0,0.0,0.0,0.3,4.46
10.4,200.5,6.23,49.8,564,190.0,190.7,190.2,500.0,500.0,0.0,0.0,0.0,0.3,4.47
10.3,200.5,6.23,49.8,565,190.0,190.7,190.2,500.0,500.0,0.0,0.0,0.0,0.3,4.48
10.1,200.5,6.23,49.8,566,190.0,190.7,190.2,500.0,500.0,0.0,0.0,0.0,0.3,4.49
10.0,200.5,6.23,49.6,567,190.0,190.6,190.2,500.0,500.0,0.0,0.0,0.0,0.3,4.50
10.0,200.5,6.23,49.6,568,190.0,190.5,190.2,500.0,500.0,0.0,0.0,0.0,0.3,4.51
10.2,200.5,6.22,49.6,569,190.0,190.5,190.2,500.0,500.0,0.0,0.0,0.0,0.3,4.51
10.2,200.5,6.22,49.6,570,190.0,190.5,190.2,500.0,500.0,0.0,0.0,0.0,0.3,4.52
10.1,200.5,6.22,49.6,571,190.0,190.4,190.2,500.0,500.0,0.0,0.0,0.0,0.3,4.53
10.1,200.5,6.22,49.8,572,190.0,190.2,190.2,500.0,500.0,0.0,0.0,0.0,0.3,4.54
10.0,200.5,6.22,49.8,573,190.0,190.2,190.2,500.0,500.0,0.0,0.0,0.0,0.3,4.55
10.0,200.5,6.22,49.8,574,190.0,190.2,190.2,500.0,500.0,0.0,0.0,0.0,0.3,4.56
9.8,200.5,6.22,49.8,575,190.0,190.2,190.2,500.0,500.0,0.0,0.0,0.0,0.3,4.56
10.0,200.5,6.22,50.0,576,190.0,190.1,190.2,500.0,500.0,0.0,0.0,0.0,0.3,4.57
10.1,200.5,6.22,49.8,577,190.0,190.0,190.2,500.0,500.0,0.0,0.0,0.0,0.3,4.58
10.1,200.5,6.22,49.8,578,190.0,190.0,190.2,500.0,500.0,0.0,0.0,0.0,0.3,4.59
10.2,200.5,6.23,49.8,579,190.0,190.0,190.2,500.0,500.0,0.0,0.0,0.0,0.3,4.60
10.2,200.5,6.23,49.8,580,190.0,190.0,190.2,500.0,500.0,0.0,0.0,0.0,0.3,4.61
10.0,200.5,6.23,49.6,581,190.0,190.0,190.2,500.0,500.0,0.0,0.0,0.0,0.3,4.61
9.9,200.5,6.23,49.8,582,190.0,190.0,190.2,500.0,500.0,0.0,0.0,0.0,0.3,4.62
9.9,200.5,6.23,49.8,583,190.0,190.0,190.2,500.0,500.0,0.0,0.0,0.0,0.3,4.63
9.6,200.5,6.22,49.8,584,190.0,190.0,190.2,500.0,500.0,0.0,0.0,0.0,0.3,4.64
9.7,200.5,6.22,49.8,585,190.0,190.0,190.2,500.0,500.0,0.0,0.0,0.0,0.3,4.65
10.0,200.5,6.22,50.0,586,190.0,190.0,190.2,500.0,500.0,0.0,0.0,0.0,0.3,4.66
10.0,200.5,6.22,50.0,587,190.0,190.0,190.2,500.0,500.0,0.0,0.0,0.0,0.3,4.66
10.1,200.5,6.22,50.0,588,190.0,190.0,190.2,500.0,500.0,0.0,0.0,0.0,0.3,4.67
10.2,200.5,6.22,50.0,589,190.0,190.0,190.2,500.0,500.0,0.0,0.0,0.0,0.3,4.68
10.0,200.5,6.22,50.0,590,190.0,190.0,190.2,500.0,500.0,0.0,0.0,0.0,0.3,4.69
9.8,200.5,6.22,50.0,591,190.0,190.0,190.2,500.0,500.0,0.0,0.0,0.0,0.3,4.70
9.8,200.5,6.22,49.8,592,190.0,190.0,190.2,500.0,500.0,0.0,0.0,0.0,0.3,4.71
9.8,200.5,6.22,49.8,593,190.0,190.0,190.2,500.0,500.0,0.0,0.0,0.0,0.3,4.71
9.9,200.5,6.22,49.8,594,190.0,190.0,190.2,500.0,500.0,0.0,0.0,0.0,0.3,4.72
10.2,200.5,6.22,49.8,595,190.0,190.0,190.2,500.0,500.0,0.0,0.0,0.0,0.3,4.73
10.4,200.5,6.22,49.8,596,190.0,190.0,190.2,500.0,500.0,0.0,0.0,0.0,0.3,4.74
10.4,200.5,6.22,50.0,597,190.0,190.0,190.2,500.0,500.0,0.0,0.0,0.0,0.3,4.75
10.3,200.5,6.22,49.8,598,190.0,190.0,190.2,500.0,500.0,0.0,0.0,0.0,0.3,4.76
10.1,200.5,6.23,49.8,599,190.0,190.1,190.2,500.0,500.0,0.0,0.0,0.0,0.3,4.76
