扭矩,料温,压力,转速,时间,温度1,温度2,温度3,温度4,温度5,温度6,温度7,温度8,顶栓,能量
1.6,190.4,6.19,1.2,0,200.0,200.9,199.4,500.0,500.0,0.0,0.0,0.0,0.2,0.00
1.6,190.5,6.19,7.6,1,200.0,200.9,199.4,500.0,500.0,0.0,0.0,0.0,0.2,0.00
1.5,190.6,6.19,19.2,2,200.0,200.9,199.4,500.0,500.0,0.0,0.0,0.0,0.3,0.00
1.5,190.8,6.19,31.2,3,200.0,200.9,199.4,500.0,500.0,0.0,0.0,0.0,0.3,0.00
1.4,190.9,6.19,43.0,4,200.0,201.0,199.4,500.0,500.0,0.0,0.0,0.0,0.3,0.00
1.4,191.0,6.19,53.8,5,200.0,201.0,199.3,500.0,500.0,0.0,0.0,0.0,0.3,0.00
1.4,191.1,6.19,59.4,6,200.0,201.0,199.2,500.0,500.0,0.0,0.0,0.0,0.3,0.01
1.4,191.2,6.19,59.8,7,200.0,201.0,199.2,500.0,500.0,0.0,0.0,0.0,0.3,0.01
1.4,191.3,6.19,59.8,8,200.0,201.0,199.2,500.0,500.0,0.0,0.0,0.0,0.3,0.01
1.4,191.5,6.19,59.8,9,200.0,201.0,199.2,500.0,500.0,0.0,0.0,0.0,0.3,0.01
1.4,191.5,6.19,59.8,10,200.0,200.9,199.2,500.0,500.0,0.0,0.0,0.0,0.3,0.01
1.4,191.2,6.19,59.8,11,200.0,200.8,199.1,500.0,500.0,0.0,0.0,0.0,0.3,0.01
1.4,190.6,6.19,59.8,12,200.0,200.8,199.1,500.0,500.0,0.0,0.0,0.0,0.3,0.01
1.1,190.1,6.19,59.6,13,200.0,200.8,199.1,500.0,500.0,0.0,0.0,0.0,0.3,0.01
5.7,189.5,6.19,59.8,14,200.0,200.8,199.1,500.0,500.0,0.0,0.0,0.0,0.3,0.02
12.3,188.7,6.19,59.6,15,200.0,200.6,199.1,500.0,500.0,0.0,0.0,0.0,0.3,0.03
23.9,187.4,6.19,59.6,16,200.0,200.3,199.0,500.0,500.0,0.0,0.0,0.0,0.3,0.06
34.4,185.5,6.19,59.6,17,200.0,200.2,199.0,500.0,500.0,0.0,0.0,0.0,0.3,0.09
46.1,183.3,6.19,59.6,18,200.0,200.1,199.0,500.0,500.0,0.0,0.0,0.0,0.3,0.14
50.3,180.7,6.19,59.6,19,200.0,200.0,199.0,500.0,500.0,0.0,0.0,0.0,0.3,0.19
51.9,178.3,6.19,59.8,20,200.0,200.0,199.0,500.0,500.0,0.0,0.0,0.0,0.3,0.24
48.9,176.3,6.19,59.6,21,200.0,200.0,199.0,500.0,500.0,0.0,0.0,0.0,0.3,0.29
48.1,174.9,6.19,59.6,22,200.0,200.0,199.0,500.0,500.0,0.0,0.0,0.0,0.3,0.33
46.4,174.0,6.19,59.8,23,200.0,200.0,199.0,500.0,500.0,0.0,0.0,0.0,0.3,0.38
46.8,173.4,6.19,59.8,24,200.0,200.0,198.9,500.0,500.0,0.0,0.0,0.0,0.3,0.43
47.1,173.0,6.19,59.6,25,200.0,200.0,198.9,500.0,500.0,0.0,0.0,0.0,0.3,0.47
47.2,172.9,6.19,59.8,26,200.0,200.0,198.9,500.0,500.0,0.0,0.0,0.0,0.3,0.52
45.9,172.8,6.19,59.8,27,200.0,200.0,198.9,500.0,500.0,0.0,0.0,0.0,0.3,0.57
43.9,172.8,6.19,59.8,28,200.0,200.0,198.8,500.0,500.0,0.0,0.0,0.0,0.3,0.61
42.6,173.1,6.19,59.6,29,199.9,200.0,198.8,500.0,500.0,0.0,0.0,0.0,0.3,0.65
41.2,173.4,6.19,59.8,30,199.8,200.0,198.8,500.0,500.0,0.0,0.0,0.0,0.3,0.69
38.9,173.8,6.19,59.8,31,199.8,199.8,198.8,500.0,500.0,0.0,0.0,0.0,0.3,0.73
37.2,174.1,6.19,59.8,32,199.8,199.8,198.8,500.0,500.0,0.0,0.0,0.0,0.3,0.77
35.5,174.5,6.19,59.6,33,199.8,199.8,198.8,500.0,500.0,0.0,0.0,0.0,0.3,0.80
33.6,174.7,6.19,59.8,34,199.7,199.8,198.7,500.0,500.0,0.0,0.0,0.0,0.3,0.84
32.1,175.0,6.19,59.8,35,199.7,199.8,198.7,500.0,500.0,0.0,0.0,0.0,0.3,0.87
31.2,175.3,6.19,59.8,36,199.7,199.7,198.7,500.0,500.0,0.0,0.0,0.0,0.3,0.90
29.0,175.6,6.19,59.6,37,199.7,199.7,198.7,500.0,500.0,0.0,0.0,0.0,0.3,0.93
27.2,175.8,6.19,59.8,38,199.6,199.7,198.7,500.0,500.0,0.0,0.0,0.0,0.3,0.96
25.2,176.1,6.19,59.8,39,199.5,199.7,198.6,500.0,500.0,0.0,0.0,0.0,0.3,0.98
23.7,176.4,6.19,59.8,40,199.5,199.7,198.6,500.0,500.0,0.0,0.0,0.0,0.3,1.01
21.8,176.7,6.19,59.6,41,199.5,199.8,198.6,500.0,500.0,0.0,0.0,0.0,0.3,1.03
21.0,176.9,6.19,59.8,42,199.5,199.9,198.6,500.0,500.0,0.0,0.0,0.0,0.3,1.05
20.2,177.2,6.19,59.8,43,199.5,199.9,198.6,500.0,500.0,0.0,0.0,0.0,0.3,1.07
19.8,177.3,6.19,59.8,44,199.5,199.9,198.6,500.0,500.0,0.0,0.0,0.0,0.3,1.09
18.9,177.4,6.19,59.8,45,199.5,199.9,198.6,500.0,500.0,0.0,0.0,0.0,0.3,1.11
18.5,177.6,6.19,59.8,46,199.4,200.0,198.6,500.0,500.0,0.0,0.0,0.0,0.3,1.13
17.7,177.8,6.19,59.8,47,199.4,200.0,198.6,500.0,500.0,0.0,0.0,0.0,0.3,1.14
17.2,178.1,6.19,59.8,48,199.4,200.0,198.6,500.0,500.0,0.0,0.0,0.0,0.3,1.16
16.3,178.4,6.19,59.8,49,199.4,200.0,198.6,500.0,500.0,0.0,0.0,0.0,0.3,1.18
15.7,178.6,6.19,59.8,50,199.4,200.0,198.6,500.0,500.0,0.0,0.0,0.0,0.3,1.19
15.0,178.9,6.19,60.0,51,199.4,200.0,198.6,500.0,500.0,0.0,0.0,0.0,0.3,1.21
14.5,179.2,6.19,60.0,52,199.5,200.0,198.6,500.0,500.0,0.0,0.0,0.0,0.3,1.22
13.8,179.5,6.19,59.8,53,199.5,200.0,198.6,500.0,500.0,0.0,0.0,0.0,0.3,1.24
13.4,179.7,6.19,59.8,54,199.5,200.0,198.6,500.0,500.0,0.0,0.0,0.0,0.3,1.25
12.9,180.0,6.19,59.6,55,199.5,200.0,198.6,500.0,500.0,0.0,0.0,0.0,0.3,1.26
12.5,180.2,6.19,59.6,56,199.5,200.0,198.6,500.0,500.0,0.0,0.0,0.0,0.3,1.27
12.1,180.5,6.19,59.6,57,199.6,200.0,198.7,500.0,500.0,0.0,0.0,0.0,0.3,1.29
11.6,180.8,6.19,59.8,58,199.7,200.0,198.7,500.0,500.0,0.0,0.0,0.0,0.3,1.30
11.2,181.0,6.19,59.6,59,199.7,200.1,198.7,500.0,500.0,0.0,0.0,0.0,0.3,1.31
10.7,181.3,6.19,59.8,60,199.7,200.1,198.7,500.0,500.0,0.0,0.0,0.0,0.3,1.32
10.3,181.6,6.19,59.8,61,199.7,200.1,198.8,500.0,500.0,0.0,0.0,0.0,0.3,1.33
9.8,181.9,6.19,59.8,62,199.7,200.1,198.8,500.0,500.0,0.0,0.0,0.0,0.3,1.34
9.5,182.2,6.19,59.6,63,200.0,200.1,198.9,500.0,500.0,0.0,0.0,0.0,0.3,1.35
9.2,182.4,6.19,59.8,64,200.0,200.1,199.1,500.0,500.0,0.0,0.0,0.0,0.3,1.36
8.9,182.7,6.19,59.8,65,200.0,200.1,199.1,500.0,500.0,0.0,0.0,0.0,0.3,1.37
8.6,182.9,6.19,59.8,66,200.0,200.0,199.1,500.0,500.0,0.0,0.0,0.0,0.3,1.38
8.4,183.1,6.19,59.6,67,200.0,200.0,199.1,500.0,500.0,0.0,0.0,0.0,0.3,1.38
8.2,183.3,6.19,59.8,68,200.0,200.0,199.1,500.0,500.0,0.0,0.0,0.0,0.3,1.39
8.0,183.6,6.19,59.8,69,200.0,200.0,199.1,500.0,500.0,0.0,0.0,0.0,0.3,1.40
7.8,183.9,6.19,59.8,70,200.0,200.0,199.2,500.0,500.0,0.0,0.0,0.0,0.3,1.41
7.6,184.2,6.19,59.8,71,200.0,200.0,199.3,500.0,500.0,0.0,0.0,0.0,0.3,1.42
7.5,184.5,6.19,60.0,72,200.0,200.0,199.3,500.0,500.0,0.0,0.0,0.0,0.3,1.42
7.3,184.8,6.19,59.8,73,200.0,200.0,199.3,500.0,500.0,0.0,0.0,0.0,0.3,1.43
7.1,185.0,6.19,59.8,74,200.0,200.0,199.4,500.0,500.0,0.0,0.0,0.0,0.3,1.44
7.0,185.3,6.19,59.8,75,200.0,200.0,199.6,500.0,500.0,0.0,0.0,0.0,0.3,1.44
6.9,185.5,6.19,59.6,76,200.0,200.0,199.6,500.0,500.0,0.0,0.0,0.0,0.3,1.45
6.8,185.7,6.19,59.6,77,200.0,200.0,199.6,500.0,500.0,0.0,0.0,0.0,0.3,1.46
6.8,185.9,6.19,59.8,78,200.0,200.0,199.6,500.0,500.0,0.0,0.0,0.0,0.3,1.47
6.7,186.0,6.19,59.8,79,200.0,200.0,199.7,500.0,500.0,0.0,0.0,0.0,0.3,1.47
6.7,186.2,6.19,59.8,80,200.0,199.9,199.8,500.0,500.0,0.0,0.0,0.0,0.3,1.48
6.6,186.4,6.19,59.8,81,200.0,199.7,199.9,500.0,500.0,0.0,0.0,0.0,0.3,1.49
6.6,186.6,6.19,59.8,82,200.0,199.7,199.9,500.0,500.0,0.0,0.0,0.0,0.3,1.49
6.5,186.9,6.19,59.8,83,200.1,199.7,200.0,500.0,500.0,0.0,0.0,0.0,0.3,1.50
6.5,187.1,6.19,59.8,84,200.1,199.7,200.0,500.0,500.0,0.0,0.0,0.0,0.3,1.50
6.4,187.3,6.19,59.8,85,200.1,199.7,200.0,500.0,500.0,0.0,0.0,0.0,0.3,1.51
6.3,187.4,6.19,60.0,86,200.1,199.7,200.0,500.0,500.0,0.0,0.0,0.0,0.3,1.52
6.3,187.5,6.19,59.8,87,200.1,199.7,200.0,500.0,500.0,0.0,0.0,0.0,0.3,1.52
6.3,187.7,6.19,59.8,88,200.2,199.7,200.0,500.0,500.0,0.0,0.0,0.0,0.3,1.53
6.3,187.9,6.19,59.8,89,200.2,199.7,200.0,500.0,500.0,0.0,0.0,0.0,0.3,1.54
6.3,188.1,6.19,59.6,90,200.2,199.7,200.0,500.0,500.0,0.0,0.0,0.0,0.3,1.54
6.3,188.3,6.19,59.6,91,200.3,199.7,200.0,500.0,500.0,0.0,0.0,0.0,0.3,1.55
6.3,188.5,6.19,59.8,92,200.5,199.9,200.0,500.0,500.0,0.0,0.0,0.0,0.3,1.55
6.2,188.7,6.19,59.8,93,200.5,200.0,200.0,500.0,500.0,0.0,0.0,0.0,0.3,1.56
6.2,188.9,6.19,59.8,94,200.5,200.0,200.0,500.0,500.0,0.0,0.0,0.0,0.3,1.57
6.2,189.1,6.19,59.8,95,200.6,200.0,200.0,500.0,500.0,0.0,0.0,0.0,0.3,1.57
6.1,189.2,6.19,59.8,96,200.6,200.0,200.0,500.0,500.0,0.0,0.0,0.0,0.3,1.58
6.1,189.4,6.19,59.8,97,200.6,200.0,200.0,500.0,500.0,0.0,0.0,0.0,0.3,1.59
6.0,189.5,6.19,59.8,98,200.6,200.0,200.0,500.0,500.0,0.0,0.0,0.0,0.3,1.59
6.0,189.7,6.19,59.8,99,200.6,200.0,200.0,500.0,500.0,0.0,0.0,0.0,0.3,1.60
6.0,189.8,6.19,59.8,100,200.7,200.0,200.0,500.0,500.0,0.0,0.0,0.0,0.3,1.60
6.0,190.0,6.19,59.8,101,200.8,200.0,200.0,500.0,500.0,0.0,0.0,0.0,0.3,1.61
6.0,190.1,6.19,59.8,102,200.9,200.0,200.0,500.0,500.0,0.0,0.0,0.0,0.3,1.62
6.0,190.3,6.19,59.8,103,200.9,200.0,200.0,500.0,500.0,0.0,0.0,0.0,0.3,1.62
6.0,190.5,6.19,59.6,104,200.9,200.2,200.0,500.0,500.0,0.0,0.0,0.0,0.3,1.63
6.0,190.6,6.19,59.8,105,200.9,200.2,200.0,500.0,500.0,0.0,0.0,0.0,0.3,1.63
6.0,190.8,6.19,59.8,106,200.9,200.2,200.0,500.0,500.0,0.0,0.0,0.0,0.3,1.64
5.9,190.9,6.19,59.8,107,200.9,200.3,200.0,500.0,500.0,0.0,0.0,0.0,0.3,1.65
5.9,191.0,6.19,59.8,108,200.9,200.4,200.0,500.0,500.0,0.0,0.0,0.0,0.3,1.65
5.8,191.2,6.19,59.8,109,201.0,200.4,200.0,500.0,500.0,0.0,0.0,0.0,0.3,1.66
5.8,191.3,6.19,59.8,110,201.0,200.4,200.0,500.0,500.0,0.0,0.0,0.0,0.3,1.66
5.8,191.3,6.19,59.8,111,201.0,200.4,200.0,500.0,500.0,0.0,0.0,0.0,0.3,1.67
5.8,191.4,6.19,59.8,112,201.0,200.4,200.0,500.0,500.0,0.0,0.0,0.0,0.3,1.67
5.7,191.5,6.19,59.8,113,201.0,200.3,200.0,500.0,500.0,0.0,0.0,0.0,0.3,1.68
5.7,191.7,6.19,60.0,114,201.0,200.2,200.0,500.0,500.0,0.0,0.0,0.0,0.3,1.69
5.7,191.8,6.19,59.8,115,201.0,200.2,200.0,500.0,500.0,0.0,0.0,0.0,0.3,1.69
5.7,191.9,6.19,59.8,116,201.0,200.2,200.0,500.0,500.0,0.0,0.0,0.0,0.3,1.70
5.6,192.1,6.19,59.8,117,201.0,200.2,200.0,500.0,500.0,0.0,0.0,0.0,0.3,1.70
5.6,192.2,6.19,59.8,118,201.0,200.0,200.0,500.0,500.0,0.0,0.0,0.0,0.3,1.71
5.6,192.3,6.19,59.6,119,201.0,200.0,200.0,500.0,500.0,0.0,0.0,0.0,0.3,1.71
5.7,192.5,6.19,59.8,120,201.0,200.0,200.0,500.0,500.0,0.0,0.0,0.0,0.3,1.72
5.7,192.6,6.19,59.8,121,201.0,200.0,200.0,500.0,500.0,0.0,0.0,0.0,0.3,1.73
5.7,192.7,6.19,59.8,122,201.0,200.0,200.0,500.0,500.0,0.0,0.0,0.0,0.3,1.73
5.7,192.8,6.19,59.8,123,201.0,200.0,200.0,500.0,500.0,0.0,0.0,0.0,0.3,1.74
5.6,192.9,6.19,59.8,124,201.0,200.0,200.0,500.0,500.0,0.0,0.0,0.0,0.3,1.74
5.6,193.0,6.19,59.8,125,201.0,200.0,200.0,500.0,500.0,0.0,0.0,0.0,0.3,1.75
5.5,193.1,6.19,59.8,126,201.0,200.0,200.0,500.0,500.0,0.0,0.0,0.0,0.3,1.75
5.5,193.2,6.19,59.8,127,201.0,200.0,200.0,500.0,500.0,0.0,0.0,0.0,0.3,1.76
5.5,193.3,6.19,59.6,128,201.0,199.9,200.0,500.0,500.0,0.0,0.0,0.0,0.3,1.76
5.5,193.5,6.19,59.8,129,201.0,199.9,200.0,500.0,500.0,0.0,0.0,0.0,0.3,1.77
5.5,193.6,6.19,59.8,130,201.0,199.9,200.0,500.0,500.0,0.0,0.0,0.0,0.3,1.78
5.5,193.7,6.19,59.8,131,201.0,199.9,200.0,500.0,500.0,0.0,0.0,0.0,0.3,1.78
5.5,193.8,6.19,59.6,132,200.9,199.8,200.0,500.0,500.0,0.0,0.0,0.0,0.3,1.79
5.5,193.9,6.19,59.8,133,200.9,199.7,200.0,500.0,500.0,0.0,0.0,0.0,0.3,1.79
5.5,194.0,6.19,59.8,134,200.9,199.8,200.0,500.0,500.0,0.0,0.0,0.0,0.3,1.80
5.5,194.1,6.19,59.8,135,200.9,199.8,200.0,500.0,500.0,0.0,0.0,0.0,0.3,1.80
5.5,194.2,6.19,59.8,136,200.9,199.8,200.0,500.0,500.0,0.0,0.0,0.0,0.3,1.81
5.5,194.3,6.19,59.8,137,200.9,199.9,200.0,500.0,500.0,0.0,0.0,0.0,0.3,1.81
5.5,194.4,6.19,59.8,138,200.9,200.0,200.0,500.0,500.0,0.0,0.0,0.0,0.3,1.82
5.5,194.5,6.19,59.8,139,200.8,200.0,200.0,500.0,500.0,0.0,0.0,0.0,0.3,1.82
5.5,194.6,6.19,59.8,140,200.8,200.0,200.0,500.0,500.0,0.0,0.0,0.0,0.3,1.83
5.5,194.6,6.19,59.6,141,200.8,200.0,200.0,500.0,500.0,0.0,0.0,0.0,0.3,1.84
5.5,194.7,6.19,59.8,142,200.8,200.0,200.0,500.0,500.0,0.0,0.0,0.0,0.3,1.84
5.5,194.8,6.18,59.8,143,200.8,200.0,200.0,500.0,500.0,0.0,0.0,0.0,0.3,1.85
5.4,194.9,6.18,59.8,144,200.8,200.0,200.0,500.0,500.0,0.0,0.0,0.0,0.3,1.85
5.4,194.9,6.18,59.6,145,200.7,200.0,200.0,500.0,500.0,0.0,0.0,0.0,0.3,1.86
5.4,195.0,6.18,59.6,146,200.7,200.0,200.0,500.0,500.0,0.0,0.0,0.0,0.3,1.86
5.4,195.1,6.18,59.6,147,200.7,200.0,200.0,500.0,500.0,0.0,0.0,0.0,0.3,1.87
5.3,195.2,6.19,59.6,148,200.7,200.1,200.0,500.0,500.0,0.0,0.0,0.0,0.3,1.87
5.3,195.3,6.19,59.6,149,200.7,200.2,200.0,500.0,500.0,0.0,0.0,0.0,0.3,1.88
5.2,195.4,6.19,59.6,150,200.7,200.2,200.0,500.0,500.0,0.0,0.0,0.0,0.3,1.88
5.2,195.5,6.19,59.8,151,200.7,200.2,200.0,500.0,500.0,0.0,0.0,0.0,0.3,1.89
5.2,195.5,6.19,59.8,152,200.6,200.3,200.0,500.0,500.0,0.0,0.0,0.0,0.3,1.89
5.2,195.6,6.19,59.8,153,200.6,200.5,200.0,500.0,500.0,0.0,0.0,0.0,0.3,1.90
5.2,195.7,6.19,59.6,154,200.6,200.6,200.0,500.0,500.0,0.0,0.0,0.0,0.3,1.90
5.2,195.8,6.19,59.8,155,200.6,200.6,200.0,500.0,500.0,0.0,0.0,0.0,0.3,1.91
5.2,195.9,6.19,59.8,156,200.6,200.6,200.0,500.0,500.0,0.0,0.0,0.0,0.3,1.91
5.2,196.0,6.19,59.8,157,200.6,200.7,200.0,500.0,500.0,0.0,0.0,0.0,0.3,1.92
5.2,196.0,6.19,59.6,158,200.6,200.7,200.0,500.0,500.0,0.0,0.0,0.0,0.3,1.92
5.2,196.1,6.19,59.8,159,200.6,200.7,200.0,500.0,500.0,0.0,0.0,0.0,0.3,1.93
5.2,196.2,6.19,59.8,160,200.6,200.6,200.0,500.0,500.0,0.0,0.0,0.0,0.3,1.94
5.2,196.2,6.19,59.8,161,200.6,200.5,200.0,500.0,500.0,0.0,0.0,0.0,0.3,1.94
5.2,196.3,6.19,59.8,162,200.6,200.5,200.0,500.0,500.0,0.0,0.0,0.0,0.3,1.95
5.2,196.4,6.19,59.8,163,200.6,200.5,200.0,500.0,500.0,0.0,0.0,0.0,0.3,1.95
5.2,196.5,6.19,59.8,164,200.5,200.3,200.0,500.0,500.0,0.0,0.0,0.0,0.3,1.96
5.1,196.5,6.19,59.8,165,200.5,200.0,200.0,500.0,500.0,0.0,0.0,0.0,0.3,1.96
5.1,196.6,6.19,59.8,166,200.5,200.0,200.0,500.0,500.0,0.0,0.0,0.0,0.3,1.97
5.1,196.6,6.19,59.6,167,200.5,200.0,200.0,500.0,500.0,0.0,0.0,0.0,0.3,1.97
5.1,196.6,6.19,59.8,168,200.5,200.0,200.0,500.0,500.0,0.0,0.0,0.0,0.3,1.98
5.1,196.7,6.19,59.8,169,200.5,200.0,200.0,500.0,500.0,0.0,0.0,0.0,0.3,1.98
5.0,196.8,6.19,59.6,170,200.5,200.0,200.0,500.0,500.0,0.0,0.0,0.0,0.3,1.99
5.1,196.8,6.19,59.6,171,200.5,200.0,200.0,500.0,500.0,0.0,0.0,0.0,0.3,1.99
5.1,196.9,6.19,59.8,172,200.5,200.0,200.0,500.0,500.0,0.0,0.0,0.0,0.3,2.00
5.0,197.0,6.19,59.8,173,200.5,200.0,200.0,500.0,500.0,0.0,0.0,0.0,0.3,2.00
5.1,197.0,6.19,59.8,174,200.5,200.0,200.0,500.0,500.0,0.0,0.0,0.0,0.3,2.01
5.1,197.1,6.19,60.0,175,200.5,199.9,200.0,500.0,500.0,0.0,0.0,0.0,0.3,2.01
5.0,197.2,6.19,59.8,176,200.5,199.9,200.0,500.0,500.0,0.0,0.0,0.0,0.3,2.02
5.0,197.3,6.19,59.8,177,200.5,199.9,200.0,500.0,500.0,0.0,0.0,0.0,0.3,2.02
5.1,197.3,6.19,59.8,178,200.5,199.9,200.0,500.0,500.0,0.0,0.0,0.0,0.3,2.03
5.1,197.4,6.19,59.6,179,200.5,199.8,200.0,500.0,500.0,0.0,0.0,0.0,0.3,2.03
5.1,197.5,6.19,59.6,180,200.5,199.7,200.0,500.0,500.0,0.0,0.0,0.0,0.3,2.04
5.1,197.6,6.19,59.8,181,200.5,199.7,200.0,500.0,500.0,0.0,0.0,0.0,0.3,2.04
5.1,197.7,6.19,59.8,182,200.5,199.7,200.0,500.0,500.0,0.0,0.0,0.0,0.3,2.05
5.1,197.8,6.19,59.6,183,200.5,199.7,200.0,500.0,500.0,0.0,0.0,0.0,0.3,2.05
5.1,197.8,6.19,59.8,184,200.6,199.7,200.0,500.0,500.0,0.0,0.0,0.0,0.3,2.06
5.1,197.9,6.19,59.8,185,200.6,199.8,200.0,500.0,500.0,0.0,0.0,0.0,0.3,2.06
5.1,198.0,6.19,59.8,186,200.6,199.9,200.0,500.0,500.0,0.0,0.0,0.0,0.3,2.07
5.0,198.1,6.19,59.6,187,200.6,199.9,200.0,500.0,500.0,0.0,0.0,0.0,0.3,2.07
5.0,198.1,6.19,59.8,188,200.6,199.9,200.0,500.0,500.0,0.0,0.0,0.0,0.3,2.08
5.0,198.2,6.19,59.8,189,200.6,200.0,200.1,500.0,500.0,0.0,0.0,0.0,0.3,2.08
5.0,198.3,6.19,59.8,190,200.6,200.0,200.1,500.0,500.0,0.0,0.0,0.0,0.3,2.09
4.9,198.3,6.19,59.8,191,200.6,200.0,200.1,500.0,500.0,0.0,0.0,0.0,0.3,2.09
4.9,198.4,6.19,60.0,192,200.7,200.0,200.1,500.0,500.0,0.0,0.0,0.0,0.3,2.10
4.9,198.4,6.19,60.0,193,200.7,200.0,200.2,500.0,500.0,0.0,0.0,0.0,0.3,2.10
4.9,198.5,6.18,60.0,194,200.7,200.0,200.3,500.0,500.0,0.0,0.0,0.0,0.3,2.11
4.9,198.6,6.18,59.8,195,200.7,200.1,200.3,500.0,500.0,0.0,0.0,0.0,0.3,2.11
4.9,198.6,6.18,59.6,196,200.7,200.3,200.3,500.0,500.0,0.0,0.0,0.0,0.3,2.12
4.9,198.6,6.19,59.6,197,200.7,200.3,200.3,500.0,500.0,0.0,0.0,0.0,0.3,2.12
4.9,198.7,6.19,59.6,198,200.7,200.4,200.3,500.0,500.0,0.0,0.0,0.0,0.3,2.13
4.9,198.7,6.19,59.6,199,200.7,200.5,200.3,500.0,500.0,0.0,0.0,0.0,0.3,2.13
4.9,198.8,6.19,59.6,200,200.7,200.5,200.3,500.0,500.0,0.0,0.0,0.0,0.3,2.14
4.9,198.8,6.19,59.8,201,200.7,200.5,200.4,500.0,500.0,0.0,0.0,0.0,0.3,2.14
4.9,198.9,6.19,59.8,202,200.7,200.7,200.5,500.0,500.0,0.0,0.0,0.0,0.3,2.15
4.8,199.0,6.19,59.8,203,200.7,200.9,200.5,500.0,500.0,0.0,0.0,0.0,0.3,2.15
4.8,199.0,6.19,59.8,204,200.7,200.9,200.5,500.0,500.0,0.0,0.0,0.0,0.3,2.16
4.8,199.1,6.19,59.8,205,200.7,200.9,200.5,500.0,500.0,0.0,0.0,0.0,0.3,2.16
4.8,199.2,6.19,59.8,206,200.7,200.9,200.5,500.0,500.0,0.0,0.0,0.0,0.3,2.16
4.9,199.3,6.19,59.8,207,200.7,200.9,200.5,500.0,500.0,0.0,0.0,0.0,0.3,2.17
4.9,199.3,6.19,59.6,208,200.8,200.9,200.6,500.0,500.0,0.0,0.0,0.0,0.3,2.17
4.9,199.4,6.19,59.6,209,200.8,200.9,200.6,500.0,500.0,0.0,0.0,0.0,0.3,2.18
4.9,199.4,6.19,59.8,210,200.8,200.6,200.6,500.0,500.0,0.0,0.0,0.0,0.3,2.18
4.9,199.5,6.19,59.8,211,200.8,200.6,200.6,500.0,500.0,0.0,0.0,0.0,0.3,2.19
4.9,199.5,6.19,59.6,212,200.8,200.6,200.7,500.0,500.0,0.0,0.0,0.0,0.3,2.19
4.9,199.6,6.19,59.8,213,200.8,200.4,200.7,500.0,500.0,0.0,0.0,0.0,0.3,2.20
4.8,199.6,6.19,59.8,214,200.8,200.1,200.7,500.0,500.0,0.0,0.0,0.0,0.3,2.20
4.8,199.7,6.19,59.8,215,200.8,200.0,200.7,500.0,500.0,0.0,0.0,0.0,0.3,2.21
4.8,199.8,6.19,59.8,216,200.8,200.0,200.7,500.0,500.0,0.0,0.0,0.0,0.3,2.21
4.8,199.8,6.19,59.8,217,200.8,200.0,200.7,500.0,500.0,0.0,0.0,0.0,0.3,2.22
4.7,199.8,6.19,59.8,218,200.8,200.0,200.7,500.0,500.0,0.0,0.0,0.0,0.3,2.22
4.7,199.9,6.19,59.8,219,200.8,200.0,200.7,500.0,500.0,0.0,0.0,0.0,0.3,2.23
4.7,200.0,6.19,59.8,220,200.8,200.0,200.7,500.0,500.0,0.0,0.0,0.0,0.3,2.23
4.7,200.0,6.19,59.6,221,200.8,200.0,200.7,500.0,500.0,0.0,0.0,0.0,0.3,2.24
4.8,200.0,6.19,59.8,222,200.8,200.0,200.8,500.0,500.0,0.0,0.0,0.0,0.3,2.24
4.8,200.1,6.19,59.8,223,200.8,200.0,200.8,500.0,500.0,0.0,0.0,0.0,0.3,2.25
4.8,200.2,6.19,59.6,224,200.8,200.0,200.8,500.0,500.0,0.0,0.0,0.0,0.3,2.25
4.8,200.2,6.19,59.6,225,200.8,200.0,200.8,500.0,500.0,0.0,0.0,0.0,0.3,2.26
4.7,200.3,6.19,59.8,226,200.8,200.0,200.8,500.0,500.0,0.0,0.0,0.0,0.3,2.26
4.7,200.3,6.19,59.8,227,200.8,200.0,200.8,500.0,500.0,0.0,0.0,0.0,0.3,2.27
4.7,200.3,6.19,59.8,228,200.8,200.0,200.7,500.0,500.0,0.0,0.0,0.0,0.3,2.27
4.7,200.4,6.19,59.8,229,200.8,200.0,200.7,500.0,500.0,0.0,0.0,0.0,0.3,2.27
4.6,200.5,6.19,59.8,230,200.8,200.0,200.7,500.0,500.0,0.0,0.0,0.0,0.3,2.28
4.6,200.5,6.19,59.8,231,200.8,200.0,200.7,500.0,500.0,0.0,0.0,0.0,0.3,2.28
4.6,200.5,6.19,59.8,232,200.8,200.0,200.7,500.0,500.0,0.0,0.0,0.0,0.3,2.29
4.6,200.6,6.19,59.8,233,200.8,200.0,200.7,500.0,500.0,0.0,0.0,0.0,0.3,2.29
4.6,200.6,6.19,59.8,234,200.8,200.0,200.7,500.0,500.0,0.0,0.0,0.0,0.3,2.30
4.6,200.6,6.19,59.8,235,200.8,200.0,200.7,500.0,500.0,0.0,0.0,0.0,0.3,2.30
4.6,200.7,6.19,59.8,236,200.8,200.0,200.7,500.0,500.0,0.0,0.0,0.0,0.3,2.31
4.6,200.7,6.19,59.6,237,200.8,200.0,200.7,500.0,500.0,0.0,0.0,0.0,0.3,2.31
4.6,200.8,6.19,59.6,238,200.8,200.0,200.6,500.0,500.0,0.0,0.0,0.0,0.3,2.32
4.6,200.8,6.19,59.8,239,200.8,200.0,200.6,500.0,500.0,0.0,0.0,0.0,0.3,2.32
4.6,200.9,6.19,59.8,240,200.8,200.0,200.5,500.0,500.0,0.0,0.0,0.0,0.3,2.33
4.6,200.9,6.19,59.8,241,200.8,200.1,200.5,500.0,500.0,0.0,0.0,0.0,0.3,2.33
4.6,200.9,6.19,59.8,242,200.8,200.3,200.5,500.0,500.0,0.0,0.0,0.0,0.3,2.33
4.6,201.0,6.18,59.8,243,200.8,200.4,200.5,500.0,500.0,0.0,0.0,0.0,0.3,2.34
4.6,201.1,6.18,59.8,244,200.8,200.5,200.5,500.0,500.0,0.0,0.0,0.0,0.3,2.34
4.6,201.1,6.18,59.8,245,200.8,200.6,200.5,500.0,500.0,0.0,0.0,0.0,0.3,2.35
4.5,201.2,6.18,59.8,246,200.8,200.7,200.5,500.0,500.0,0.0,0.0,0.0,0.3,2.35
4.5,201.2,6.19,60.0,247,200.8,200.8,200.5,500.0,500.0,0.0,0.0,0.0,0.3,2.36
4.6,201.2,6.19,60.0,248,200.8,200.8,200.4,500.0,500.0,0.0,0.0,0.0,0.3,2.36
4.6,201.2,6.19,60.0,249,200.8,200.9,200.4,500.0,500.0,0.0,0.0,0.0,0.3,2.37
4.6,201.3,6.19,59.8,250,200.8,201.0,200.4,500.0,500.0,0.0,0.0,0.0,0.3,2.37
4.6,201.3,6.19,59.8,251,200.8,201.1,200.4,500.0,500.0,0.0,0.0,0.0,0.3,2.38
4.6,201.4,6.19,59.8,252,200.8,201.1,200.3,500.0,500.0,0.0,0.0,0.0,0.3,2.38
4.6,201.4,6.19,59.8,253,200.8,201.1,200.3,500.0,500.0,0.0,0.0,0.0,0.3,2.38
4.6,201.5,6.19,59.6,254,200.8,201.1,200.3,500.0,500.0,0.0,0.0,0.0,0.3,2.39
4.6,201.5,6.19,59.8,255,200.8,201.1,200.3,500.0,500.0,0.0,0.0,0.0,0.3,2.39
4.6,201.6,6.19,59.8,256,200.8,201.1,200.3,500.0,500.0,0.0,0.0,0.0,0.3,2.40
4.6,201.6,6.19,59.8,257,200.8,201.1,200.2,500.0,500.0,0.0,0.0,0.0,0.3,2.40
4.6,201.6,6.19,59.8,258,200.8,200.9,200.2,500.0,500.0,0.0,0.0,0.0,0.3,2.41
4.5,201.6,6.19,59.8,259,200.8,200.8,200.2,500.0,500.0,0.0,0.0,0.0,0.3,2.41
4.5,201.7,6.19,59.8,260,200.8,200.8,200.2,500.0,500.0,0.0,0.0,0.0,0.3,2.42
4.5,201.7,6.19,59.8,261,200.8,200.8,200.2,500.0,500.0,0.0,0.0,0.0,0.3,2.42
4.6,201.8,6.19,59.8,262,200.8,200.6,200.2,500.0,500.0,0.0,0.0,0.0,0.3,2.43
4.6,201.8,6.19,59.6,263,200.8,200.4,200.2,500.0,500.0,0.0,0.0,0.0,0.3,2.43
4.6,201.8,6.19,59.8,264,200.8,200.4,200.2,500.0,500.0,0.0,0.0,0.0,0.3,2.43
4.6,201.8,6.19,59.8,265,200.8,200.4,200.2,500.0,500.0,0.0,0.0,0.0,0.3,2.44
4.6,201.9,6.19,59.8,266,200.8,200.4,200.2,500.0,500.0,0.0,0.0,0.0,0.3,2.44
4.6,201.9,6.19,59.8,267,200.8,200.2,200.1,500.0,500.0,0.0,0.0,0.0,0.3,2.45
4.6,201.9,6.19,60.0,268,200.8,200.0,200.1,500.0,500.0,0.0,0.0,0.0,0.3,2.45
4.6,201.9,6.19,60.0,269,200.8,200.0,200.1,500.0,500.0,0.0,0.0,0.0,0.3,2.46
4.6,202.0,6.19,59.8,270,200.7,200.0,200.1,500.0,500.0,0.0,0.0,0.0,0.3,2.46
4.6,202.0,6.19,59.6,271,200.7,200.0,200.1,500.0,500.0,0.0,0.0,0.0,0.3,2.47
4.5,202.1,6.19,59.4,272,200.7,200.0,200.1,500.0,500.0,0.0,0.0,0.0,0.3,2.47
4.5,202.1,6.19,59.4,273,200.7,200.0,200.1,500.0,500.0,0.0,0.0,0.0,0.3,2.48
4.5,202.2,6.19,59.4,274,200.7,200.0,200.1,500.0,500.0,0.0,0.0,0.0,0.3,2.48
4.5,202.2,6.19,59.6,275,200.7,200.0,200.1,500.0,500.0,0.0,0.0,0.0,0.3,2.48
4.5,202.2,6.19,59.6,276,200.7,200.0,200.1,500.0,500.0,0.0,0.0,0.0,0.3,2.49
4.5,202.3,6.19,59.8,277,200.7,200.0,200.1,500.0,500.0,0.0,0.0,0.0,0.3,2.49
4.5,202.3,6.19,59.8,278,200.7,200.0,200.1,500.0,500.0,0.0,0.0,0.0,0.3,2.50
4.5,202.3,6.19,59.8,279,200.7,200.0,200.1,500.0,500.0,0.0,0.0,0.0,0.3,2.50
4.5,202.4,6.19,59.8,280,200.7,200.0,200.1,500.0,500.0,0.0,0.0,0.0,0.3,2.51
4.5,202.4,6.19,60.0,281,200.7,200.0,200.1,500.0,500.0,0.0,0.0,0.0,0.3,2.51
4.5,202.4,6.19,60.0,282,200.7,200.0,200.1,500.0,500.0,0.0,0.0,0.0,0.3,2.52
4.5,202.4,6.19,59.8,283,200.7,200.0,200.1,500.0,500.0,0.0,0.0,0.0,0.3,2.52
4.5,202.5,6.19,59.8,284,200.7,200.0,200.1,500.0,500.0,0.0,0.0,0.0,0.3,2.53
4.5,202.5,6.19,59.8,285,200.7,200.0,200.1,500.0,500.0,0.0,0.0,0.0,0.3,2.53
4.5,202.5,6.18,59.8,286,200.7,200.0,200.1,500.0,500.0,0.0,0.0,0.0,0.3,2.53
4.4,202.6,6.19,59.8,287,200.7,200.4,200.1,500.0,500.0,0.0,0.0,0.0,0.3,2.54
4.4,202.6,6.19,60.0,288,200.7,200.4,200.1,500.0,500.0,0.0,0.0,0.0,0.3,2.54
4.5,202.6,6.19,60.0,289,200.7,200.4,200.1,500.0,500.0,0.0,0.0,0.0,0.3,2.55
4.5,202.7,6.19,60.0,290,200.7,200.6,200.1,500.0,500.0,0.0,0.0,0.0,0.3,2.55
4.5,202.7,6.19,60.0,291,200.7,200.8,200.2,500.0,500.0,0.0,0.0,0.0,0.3,2.56
4.5,202.7,6.19,59.8,292,200.7,200.9,200.2,500.0,500.0,0.0,0.0,0.0,0.3,2.56
4.5,202.8,6.19,59.8,293,200.7,201.0,200.2,500.0,500.0,0.0,0.0,0.0,0.3,2.57
4.5,202.8,6.19,59.8,294,200.7,201.0,200.2,500.0,500.0,0.0,0.0,0.0,0.3,2.57
4.5,202.8,6.19,59.8,295,200.7,201.0,200.2,500.0,500.0,0.0,0.0,0.0,0.3,2.57
4.5,202.9,6.19,59.6,296,200.7,201.0,200.2,500.0,500.0,0.0,0.0,0.0,0.3,2.58
4.5,202.9,6.19,59.8,297,200.7,201.1,200.2,500.0,500.0,0.0,0.0,0.0,0.3,2.58
4.5,202.9,6.19,59.8,298,200.7,201.3,200.2,500.0,500.0,0.0,0.0,0.0,0.3,2.59
4.5,202.9,6.19,59.8,299,200.7,201.3,200.2,500.0,500.0,0.0,0.0,0.0,0.3,2.59
4.4,202.9,6.19,59.8,300,200.7,201.3,200.2,500.0,500.0,0.0,0.0,0.0,0.3,2.60
4.4,203.0,6.19,59.8,301,200.7,201.3,200.3,500.0,500.0,0.0,0.0,0.0,0.3,2.60
4.4,203.0,6.19,59.8,302,200.7,201.3,200.3,500.0,500.0,0.0,0.0,0.0,0.3,2.61
4.4,203.1,6.19,59.8,303,200.7,201.3,200.3,500.0,500.0,0.0,0.0,0.0,0.3,2.61
4.4,203.1,6.19,59.8,304,200.7,201.2,200.3,500.0,500.0,0.0,0.0,0.0,0.3,2.61
4.4,203.2,6.19,59.6,305,200.7,201.1,200.4,500.0,500.0,0.0,0.0,0.0,0.3,2.62
4.4,203.2,6.19,59.8,306,200.7,201.1,200.5,500.0,500.0,0.0,0.0,0.0,0.3,2.62
4.4,203.3,6.19,59.8,307,200.8,201.1,200.5,500.0,500.0,0.0,0.0,0.0,0.3,2.63
4.4,203.3,6.19,59.8,308,200.8,200.9,200.5,500.0,500.0,0.0,0.0,0.0,0.3,2.63
4.3,203.3,6.18,59.8,309,200.8,200.7,200.5,500.0,500.0,0.0,0.0,0.0,0.3,2.64
4.3,203.3,6.18,59.8,310,200.8,200.6,200.5,500.0,500.0,0.0,0.0,0.0,0.3,2.64
4.3,203.4,6.19,59.8,311,200.8,200.5,200.5,500.0,500.0,0.0,0.0,0.0,0.3,2.64
4.3,203.4,6.18,59.8,312,200.8,200.3,200.5,500.0,500.0,0.0,0.0,0.0,0.3,2.65
4.3,203.4,6.18,59.8,313,200.8,200.3,200.6,500.0,500.0,0.0,0.0,0.0,0.3,2.65
4.3,203.4,6.19,59.6,314,200.8,200.3,200.6,500.0,500.0,0.0,0.0,0.0,0.3,2.66
4.3,203.4,6.18,59.8,315,200.8,200.3,200.6,500.0,500.0,0.0,0.0,0.0,0.3,2.66
4.3,203.5,6.18,59.8,316,200.8,200.1,200.6,500.0,500.0,0.0,0.0,0.0,0.3,2.67
4.3,203.5,6.18,59.8,317,200.8,200.0,200.6,500.0,500.0,0.0,0.0,0.0,0.3,2.67
4.3,203.5,6.19,59.6,318,200.8,200.0,200.6,500.0,500.0,0.0,0.0,0.0,0.3,2.67
4.3,203.6,6.18,59.8,319,200.8,200.0,200.6,500.0,500.0,0.0,0.0,0.0,0.3,2.68
4.3,203.6,6.19,59.8,320,200.8,200.0,200.6,500.0,500.0,0.0,0.0,0.0,0.3,2.68
4.4,203.6,6.18,59.8,321,200.8,200.0,200.7,500.0,500.0,0.0,0.0,0.0,0.3,2.69
4.3,203.7,6.19,59.8,322,200.8,200.0,200.7,500.0,500.0,0.0,0.0,0.0,0.3,2.69
4.3,203.7,6.19,59.8,323,200.8,200.0,200.7,500.0,500.0,0.0,0.0,0.0,0.3,2.70
4.3,203.7,6.19,59.8,324,200.8,200.0,200.7,500.0,500.0,0.0,0.0,0.0,0.3,2.70
4.3,203.7,6.19,59.8,325,200.8,200.0,200.7,500.0,500.0,0.0,0.0,0.0,0.3,2.70
4.3,203.7,6.19,59.8,326,200.8,200.0,200.7,500.0,500.0,0.0,0.0,0.0,0.3,2.71
4.3,203.8,6.19,59.6,327,200.8,200.0,200.7,500.0,500.0,0.0,0.0,0.0,0.3,2.71
4.3,203.8,6.19,59.8,328,200.8,200.0,200.7,500.0,500.0,0.0,0.0,0.0,0.3,2.72
4.3,203.8,6.19,59.8,329,200.8,200.0,200.7,500.0,500.0,0.0,0.0,0.0,0.3,2.72
4.3,203.8,6.19,59.8,330,200.8,200.0,200.7,500.0,500.0,0.0,0.0,0.0,0.3,2.73
4.4,203.8,6.19,59.6,331,200.8,200.0,200.7,500.0,500.0,0.0,0.0,0.0,0.3,2.73
4.4,203.8,6.19,59.8,332,200.8,200.0,200.7,500.0,500.0,0.0,0.0,0.0,0.3,2.73
4.4,203.9,6.19,59.8,333,200.8,200.0,200.7,500.0,500.0,0.0,0.0,0.0,0.3,2.74
4.4,203.9,6.19,59.8,334,200.8,200.0,200.7,500.0,500.0,0.0,0.0,0.0,0.3,2.74
4.4,203.9,6.19,59.6,335,200.8,200.0,200.7,500.0,500.0,0.0,0.0,0.0,0.3,2.75
4.3,204.0,6.19,59.6,336,200.8,200.0,200.7,500.0,500.0,0.0,0.0,0.0,0.3,2.75
4.3,204.0,6.19,59.6,337,200.8,200.2,200.7,500.0,500.0,0.0,0.0,0.0,0.3,2.76
4.3,204.0,6.19,59.6,338,200.8,200.3,200.7,500.0,500.0,0.0,0.0,0.0,0.3,2.76
4.3,204.0,6.19,59.6,339,200.8,200.3,200.7,500.0,500.0,0.0,0.0,0.0,0.3,2.76
4.3,204.1,6.19,59.6,340,200.8,200.3,200.7,500.0,500.0,0.0,0.0,0.0,0.3,2.77
4.3,204.1,6.19,59.8,341,200.8,200.4,200.7,500.0,500.0,0.0,0.0,0.0,0.3,2.77
4.3,204.1,6.18,59.8,342,200.8,200.7,200.7,500.0,500.0,0.0,0.0,0.0,0.3,2.78
4.3,204.1,6.18,59.8,343,200.8,200.7,200.6,500.0,500.0,0.0,0.0,0.0,0.3,2.78
4.3,204.1,6.19,59.6,344,200.8,200.7,200.6,500.0,500.0,0.0,0.0,0.0,0.3,2.79
4.3,204.1,6.18,59.8,345,200.8,200.7,200.6,500.0,500.0,0.0,0.0,0.0,0.3,2.79
4.4,204.2,6.19,59.8,346,200.8,200.8,200.6,500.0,500.0,0.0,0.0,0.0,0.3,2.79
4.4,204.2,6.19,59.8,347,200.8,200.9,200.6,500.0,500.0,0.0,0.0,0.0,0.3,2.80
4.3,204.2,6.19,59.8,348,200.8,200.9,200.6,500.0,500.0,0.0,0.0,0.0,0.3,2.80
4.3,204.3,6.19,59.8,349,200.8,200.9,200.5,500.0,500.0,0.0,0.0,0.0,0.3,2.81
4.3,204.3,6.19,59.8,350,200.8,200.9,200.5,500.0,500.0,0.0,0.0,0.0,0.3,2.81
4.2,204.3,6.19,59.8,351,200.8,200.9,200.5,500.0,500.0,0.0,0.0,0.0,0.3,2.82
4.2,204.3,6.19,59.8,352,200.8,200.9,200.5,500.0,500.0,0.0,0.0,0.0,0.3,2.82
4.2,204.3,6.19,59.6,353,200.8,200.8,200.5,500.0,500.0,0.0,0.0,0.0,0.3,2.82
4.2,204.3,6.19,59.8,354,200.8,200.7,200.4,500.0,500.0,0.0,0.0,0.0,0.3,2.83
4.2,204.3,6.19,59.8,355,200.8,200.7,200.4,500.0,500.0,0.0,0.0,0.0,0.3,2.83
4.2,204.4,6.19,59.8,356,200.8,200.7,200.4,500.0,500.0,0.0,0.0,0.0,0.3,2.84
4.2,204.4,6.19,59.8,357,200.8,200.7,200.4,500.0,500.0,0.0,0.0,0.0,0.3,2.84
4.2,204.4,6.19,60.0,358,200.8,200.5,200.4,500.0,500.0,0.0,0.0,0.0,0.3,2.85
4.3,204.4,6.19,60.0,359,200.8,200.4,200.4,500.0,500.0,0.0,0.0,0.0,0.3,2.85
4.3,204.4,6.19,59.8,360,200.8,200.4,200.4,500.0,500.0,0.0,0.0,0.0,0.3,2.85
4.3,204.4,6.19,59.8,361,200.8,200.2,200.3,500.0,500.0,0.0,0.0,0.0,0.3,2.86
4.3,204.4,6.19,59.8,362,200.8,200.0,200.3,500.0,500.0,0.0,0.0,0.0,0.3,2.86
4.3,204.5,6.19,59.8,363,200.8,200.0,200.3,500.0,500.0,0.0,0.0,0.0,0.3,2.87
4.3,204.5,6.19,59.8,364,200.8,200.0,200.2,500.0,500.0,0.0,0.0,0.0,0.3,2.87
4.3,204.5,6.19,60.0,365,200.8,200.0,200.2,500.0,500.0,0.0,0.0,0.0,0.3,2.88
4.3,204.5,6.19,60.0,366,200.8,200.0,200.2,500.0,500.0,0.0,0.0,0.0,0.3,2.88
4.3,204.5,6.19,60.0,367,200.8,200.0,200.2,500.0,500.0,0.0,0.0,0.0,0.3,2.88
4.3,204.5,6.19,60.0,368,200.8,200.0,200.2,500.0,500.0,0.0,0.0,0.0,0.3,2.89
4.3,204.5,6.19,59.8,369,200.8,200.0,200.2,500.0,500.0,0.0,0.0,0.0,0.3,2.89
4.3,204.5,6.19,59.8,370,200.7,200.0,200.1,500.0,500.0,0.0,0.0,0.0,0.3,2.90
4.3,204.6,6.19,59.8,371,200.7,200.0,200.1,500.0,500.0,0.0,0.0,0.0,0.3,2.90
4.4,204.6,6.19,59.8,372,200.7,200.0,200.1,500.0,500.0,0.0,0.0,0.0,0.3,2.91
4.4,204.6,6.18,59.6,373,200.7,200.0,200.1,500.0,500.0,0.0,0.0,0.0,0.3,2.91
4.3,204.6,6.18,59.8,374,200.7,200.0,200.1,500.0,500.0,0.0,0.0,0.0,0.3,2.91
4.3,204.6,6.19,59.8,375,200.7,200.0,200.1,500.0,500.0,0.0,0.0,0.0,0.3,2.92
4.3,204.6,6.18,59.8,376,200.7,200.0,200.0,500.0,500.0,0.0,0.0,0.0,0.3,2.92
4.3,204.6,6.18,59.8,377,200.7,200.0,200.0,500.0,500.0,0.0,0.0,0.0,0.3,2.93
4.3,204.6,6.19,60.0,378,200.7,200.0,200.0,500.0,500.0,0.0,0.0,0.0,0.3,2.93
4.3,204.6,6.18,60.0,379,200.7,200.0,200.0,500.0,500.0,0.0,0.0,0.0,0.3,2.94
4.3,204.7,6.18,60.0,380,200.7,200.0,200.0,500.0,500.0,0.0,0.0,0.0,0.3,2.94
4.3,204.7,6.19,60.0,381,200.7,200.0,200.0,500.0,500.0,0.0,0.0,0.0,0.3,2.94
4.3,204.7,6.19,59.8,382,200.7,200.0,200.0,500.0,500.0,0.0,0.0,0.0,0.3,2.95
4.3,204.7,6.19,59.8,383,200.7,200.0,200.0,500.0,500.0,0.0,0.0,0.0,0.3,2.95
4.3,204.7,6.19,59.8,384,200.7,200.0,200.0,500.0,500.0,0.0,0.0,0.0,0.3,2.96
4.3,204.7,6.19,59.8,385,200.7,200.0,200.0,500.0,500.0,0.0,0.0,0.0,0.3,2.96
4.3,204.8,6.19,59.8,386,200.7,200.0,200.0,500.0,500.0,0.0,0.0,0.0,0.3,2.97
4.3,204.8,6.19,60.0,387,200.7,200.0,200.0,500.0,500.0,0.0,0.0,0.0,0.3,2.97
4.3,204.7,6.18,60.0,388,200.7,200.0,200.0,500.0,500.0,0.0,0.0,0.0,0.3,2.97
4.2,204.7,6.19,59.8,389,200.7,200.0,200.0,500.0,500.0,0.0,0.0,0.0,0.3,2.98
4.2,204.8,6.19,59.8,390,200.7,200.0,200.0,500.0,500.0,0.0,0.0,0.0,0.3,2.98
4.2,204.8,6.19,59.8,391,200.7,200.1,200.0,500.0,500.0,0.0,0.0,0.0,0.3,2.99
4.2,204.8,6.19,59.8,392,200.7,200.1,200.0,500.0,500.0,0.0,0.0,0.0,0.3,2.99
4.2,204.8,6.19,59.8,393,200.7,200.1,200.0,500.0,500.0,0.0,0.0,0.0,0.3,3.00
4.2,204.8,6.19,59.8,394,200.7,200.2,200.0,500.0,500.0,0.0,0.0,0.0,0.3,3.00
4.2,204.8,6.19,59.8,395,200.7,200.3,200.0,500.0,500.0,0.0,0.0,0.0,0.3,3.00
4.2,204.8,6.19,59.8,396,200.7,200.4,200.0,500.0,500.0,0.0,0.0,0.0,0.3,3.01
4.2,204.8,6.19,59.8,397,200.7,200.4,200.0,500.0,500.0,0.0,0.0,0.0,0.3,3.01
4.2,204.8,6.19,59.6,398,200.7,200.4,200.0,500.0,500.0,0.0,0.0,0.0,0.3,3.02
4.2,204.8,6.19,59.8,399,200.7,200.4,200.0,500.0,500.0,0.0,0.0,0.0,0.3,3.02
4.3,204.9,6.19,59.8,400,200.7,200.5,200.0,500.0,500.0,0.0,0.0,0.0,0.3,3.02
4.3,204.9,6.19,59.8,401,200.7,200.5,200.0,500.0,500.0,0.0,0.0,0.0,0.3,3.03
4.3,204.9,6.19,59.6,402,200.7,200.5,200.0,500.0,500.0,0.0,0.0,0.0,0.3,3.03
4.3,204.9,6.19,59.8,403,200.7,200.5,200.0,500.0,500.0,0.0,0.0,0.0,0.3,3.04
4.3,204.9,6.19,59.8,404,200.7,200.4,200.0,500.0,500.0,0.0,0.0,0.0,0.3,3.04
4.3,204.9,6.19,59.8,405,200.7,200.3,200.0,500.0,500.0,0.0,0.0,0.0,0.3,3.05
4.3,204.9,6.18,59.6,406,200.7,200.3,200.0,500.0,500.0,0.0,0.0,0.0,0.3,3.05
4.3,204.9,6.18,59.6,407,200.6,200.3,200.0,500.0,500.0,0.0,0.0,0.0,0.3,3.05
4.3,204.9,6.18,59.6,408,200.6,200.1,200.0,500.0,500.0,0.0,0.0,0.0,0.3,3.06
4.3,204.9,6.18,59.6,409,200.6,200.0,200.0,500.0,500.0,0.0,0.0,0.0,0.3,3.06
4.3,205.0,6.18,59.6,410,200.6,200.0,200.0,500.0,500.0,0.0,0.0,0.0,0.3,3.07
4.3,205.0,6.18,59.6,411,200.6,200.0,200.0,500.0,500.0,0.0,0.0,0.0,0.3,3.07
4.3,205.0,6.18,59.8,412,200.6,200.0,200.0,500.0,500.0,0.0,0.0,0.0,0.3,3.08
4.3,205.0,6.18,59.8,413,200.6,200.0,200.0,500.0,500.0,0.0,0.0,0.0,0.3,3.08
4.2,205.0,6.18,59.8,414,200.6,200.0,200.0,500.0,500.0,0.0,0.0,0.0,0.3,3.08
4.2,205.0,6.18,59.8,415,200.6,200.0,200.0,500.0,500.0,0.0,0.0,0.0,0.3,3.09
4.2,205.0,6.18,60.0,416,200.6,200.0,200.0,500.0,500.0,0.0,0.0,0.0,0.3,3.09
4.2,205.0,6.18,60.0,417,200.6,200.0,200.0,500.0,500.0,0.0,0.0,0.0,0.3,3.10
4.2,205.0,6.18,60.0,418,200.6,200.0,200.0,500.0,500.0,0.0,0.0,0.0,0.3,3.10
4.2,205.0,6.19,59.8,419,200.6,200.0,200.0,500.0,500.0,0.0,0.0,0.0,0.3,3.11
4.2,205.1,6.19,59.8,420,200.6,200.0,200.1,500.0,500.0,0.0,0.0,0.0,0.3,3.11
4.2,205.1,6.19,59.8,421,200.6,200.0,200.1,500.0,500.0,0.0,0.0,0.0,0.3,3.11
4.2,205.1,6.19,59.8,422,200.6,199.9,200.1,500.0,500.0,0.0,0.0,0.0,0.3,3.12
4.2,205.1,6.19,59.8,423,200.6,199.9,200.1,500.0,500.0,0.0,0.0,0.0,0.3,3.12
4.1,205.1,6.18,59.8,424,200.6,199.9,200.1,500.0,500.0,0.0,0.0,0.0,0.3,3.13
4.1,205.1,6.18,59.8,425,200.6,199.9,200.1,500.0,500.0,0.0,0.0,0.0,0.3,3.13
4.0,205.1,6.18,59.8,426,200.6,199.9,200.1,500.0,500.0,0.0,0.0,0.0,0.3,3.13
4.1,205.1,6.18,59.8,427,200.6,199.9,200.1,500.0,500.0,0.0,0.0,0.0,0.3,3.14
4.1,205.2,6.18,59.6,428,200.6,199.9,200.1,500.0,500.0,0.0,0.0,0.0,0.3,3.14
4.1,205.2,6.19,59.8,429,200.6,199.9,200.1,500.0,500.0,0.0,0.0,0.0,0.3,3.15
4.2,205.2,6.19,59.8,430,200.6,199.9,200.1,500.0,500.0,0.0,0.0,0.0,0.3,3.15
4.2,205.2,6.19,59.8,431,200.6,199.9,200.2,500.0,500.0,0.0,0.0,0.0,0.3,3.16
4.2,205.2,6.18,59.6,432,200.6,199.9,200.2,500.0,500.0,0.0,0.0,0.0,0.3,3.16
4.2,205.2,6.18,59.8,433,200.6,200.0,200.2,500.0,500.0,0.0,0.0,0.0,0.3,3.16
4.1,205.2,6.18,59.8,434,200.6,200.0,200.2,500.0,500.0,0.0,0.0,0.0,0.3,3.17
4.1,205.2,6.18,59.8,435,200.6,200.0,200.2,500.0,500.0,0.0,0.0,0.0,0.3,3.17
4.1,205.2,6.18,59.8,436,200.6,200.0,200.2,500.0,500.0,0.0,0.0,0.0,0.3,3.18
4.1,205.2,6.18,59.8,437,200.6,200.0,200.2,500.0,500.0,0.0,0.0,0.0,0.3,3.18
4.1,205.2,6.18,59.8,438,200.6,200.0,200.2,500.0,500.0,0.0,0.0,0.0,0.3,3.18
4.1,205.3,6.19,59.8,439,200.6,200.0,200.2,500.0,500.0,0.0,0.0,0.0,0.3,3.19
4.1,205.3,6.19,59.8,440,200.6,200.0,200.2,500.0,500.0,0.0,0.0,0.0,0.3,3.19
4.1,205.3,6.19,59.6,441,200.6,200.0,200.2,500.0,500.0,0.0,0.0,0.0,0.3,3.20
4.2,205.3,6.19,59.8,442,200.6,200.0,200.3,500.0,500.0,0.0,0.0,0.0,0.3,3.20
4.1,205.3,6.19,59.8,443,200.6,200.0,200.3,500.0,500.0,0.0,0.0,0.0,0.3,3.20
4.2,205.3,6.19,59.6,444,200.6,200.0,200.3,500.0,500.0,0.0,0.0,0.0,0.3,3.21
4.2,205.3,6.19,59.6,445,200.6,200.0,200.3,500.0,500.0,0.0,0.0,0.0,0.3,3.21
4.1,205.4,6.19,59.8,446,200.6,200.1,200.3,500.0,500.0,0.0,0.0,0.0,0.3,3.22
4.1,205.4,6.19,59.8,447,200.6,200.2,200.3,500.0,500.0,0.0,0.0,0.0,0.3,3.22
4.2,205.4,6.19,59.8,448,200.7,200.2,200.3,500.0,500.0,0.0,0.0,0.0,0.3,3.23
4.1,205.4,6.19,59.8,449,200.8,200.2,200.3,500.0,500.0,0.0,0.0,0.0,0.3,3.23
4.1,205.5,6.19,59.8,450,200.8,200.2,200.4,500.0,500.0,0.0,0.0,0.0,0.3,3.23
4.1,205.5,6.19,59.8,451,200.8,200.2,200.4,500.0,500.0,0.0,0.0,0.0,0.3,3.24
4.1,205.5,6.19,59.8,452,200.8,200.3,200.4,500.0,500.0,0.0,0.0,0.0,0.3,3.24
4.0,205.5,6.19,59.8,453,200.8,200.3,200.4,500.0,500.0,0.0,0.0,0.0,0.3,3.25
4.0,205.5,6.19,60.0,454,200.8,200.3,200.4,500.0,500.0,0.0,0.0,0.0,0.3,3.25
4.1,205.5,6.19,60.0,455,200.8,200.3,200.4,500.0,500.0,0.0,0.0,0.0,0.3,3.25
4.1,205.5,6.19,60.0,456,200.8,200.2,200.4,500.0,500.0,0.0,0.0,0.0,0.3,3.26
4.1,205.5,6.19,60.0,457,200.8,200.1,200.4,500.0,500.0,0.0,0.0,0.0,0.3,3.26
4.2,205.5,6.18,60.0,458,200.8,200.1,200.4,500.0,500.0,0.0,0.0,0.0,0.3,3.27
4.1,205.5,6.19,60.0,459,200.8,200.1,200.4,500.0,500.0,0.0,0.0,0.0,0.3,3.27
4.1,205.5,6.19,59.8,460,200.8,200.0,200.4,500.0,500.0,0.0,0.0,0.0,0.3,3.27
4.1,205.5,6.19,59.8,461,200.8,200.0,200.4,500.0,500.0,0.0,0.0,0.0,0.3,3.28
4.1,205.5,6.19,59.6,462,200.8,200.0,200.4,500.0,500.0,0.0,0.0,0.0,0.3,3.28
4.0,205.5,6.19,59.6,463,200.8,200.0,200.4,500.0,500.0,0.0,0.0,0.0,0.3,3.29
4.0,205.5,6.19,59.6,464,200.8,200.0,200.4,500.0,500.0,0.0,0.0,0.0,0.3,3.29
4.0,205.5,6.19,59.8,465,200.8,200.0,200.3,500.0,500.0,0.0,0.0,0.0,0.3,3.29
4.0,205.5,6.19,59.8,466,200.8,200.0,200.3,500.0,500.0,0.0,0.0,0.0,0.3,3.30
4.0,205.5,6.19,60.0,467,200.7,200.0,200.3,500.0,500.0,0.0,0.0,0.0,0.3,3.30
4.0,205.6,6.19,60.0,468,200.7,200.0,200.3,500.0,500.0,0.0,0.0,0.0,0.3,3.31
4.0,205.6,6.19,59.8,469,200.7,200.0,200.3,500.0,500.0,0.0,0.0,0.0,0.3,3.31
4.1,205.6,6.19,59.8,470,200.7,200.0,200.3,500.0,500.0,0.0,0.0,0.0,0.3,3.31
4.1,205.6,6.19,59.8,471,200.7,200.0,200.3,500.0,500.0,0.0,0.0,0.0,0.3,3.32
4.0,205.6,6.19,59.6,472,200.7,200.0,200.3,500.0,500.0,0.0,0.0,0.0,0.3,3.32
4.0,205.6,6.19,59.6,473,200.7,200.0,200.3,500.0,500.0,0.0,0.0,0.0,0.3,3.33
4.0,205.6,6.19,59.8,474,200.7,199.8,200.2,500.0,500.0,0.0,0.0,0.0,0.3,3.33
4.0,205.6,6.19,59.8,475,200.7,199.8,200.2,500.0,500.0,0.0,0.0,0.0,0.3,3.33
4.0,205.6,6.19,59.8,476,200.7,199.8,200.2,500.0,500.0,0.0,0.0,0.0,0.3,3.34
4.0,205.6,6.19,60.0,477,200.7,199.8,200.2,500.0,500.0,0.0,0.0,0.0,0.3,3.34
4.0,205.6,6.19,60.0,478,200.7,199.8,200.2,500.0,500.0,0.0,0.0,0.0,0.3,3.35
4.0,205.6,6.18,60.0,479,200.7,199.8,200.2,500.0,500.0,0.0,0.0,0.0,0.3,3.35
4.0,205.6,6.18,60.0,480,200.7,199.8,200.1,500.0,500.0,0.0,0.0,0.0,0.3,3.35
4.0,205.6,6.19,59.8,481,200.7,199.8,200.1,500.0,500.0,0.0,0.0,0.0,0.3,3.36
4.1,205.6,6.19,59.8,482,200.7,199.8,200.1,500.0,500.0,0.0,0.0,0.0,0.3,3.36
4.1,205.7,6.19,59.8,483,200.7,199.8,200.1,500.0,500.0,0.0,0.0,0.0,0.3,3.37
4.1,205.7,6.19,59.8,484,200.7,199.9,200.1,500.0,500.0,0.0,0.0,0.0,0.3,3.37
4.1,205.6,6.19,59.6,485,200.7,200.0,200.1,500.0,500.0,0.0,0.0,0.0,0.3,3.38
4.1,205.6,6.19,59.8,486,200.7,200.0,200.1,500.0,500.0,0.0,0.0,0.0,0.3,3.38
4.1,205.7,6.19,59.8,487,200.7,200.0,200.0,500.0,500.0,0.0,0.0,0.0,0.3,3.38
4.0,205.7,6.19,59.8,488,200.7,200.0,200.0,500.0,500.0,0.0,0.0,0.0,0.3,3.39
4.0,205.7,6.19,59.6,489,200.7,200.0,200.0,500.0,500.0,0.0,0.0,0.0,0.3,3.39
4.0,205.7,6.19,59.6,490,200.7,200.0,200.0,500.0,500.0,0.0,0.0,0.0,0.3,3.40
4.0,205.7,6.19,59.6,491,200.7,200.0,200.0,500.0,500.0,0.0,0.0,0.0,0.3,3.40
4.0,205.6,6.19,59.6,492,200.7,200.0,200.0,500.0,500.0,0.0,0.0,0.0,0.3,3.40
4.0,205.6,6.19,59.6,493,200.7,200.0,200.0,500.0,500.0,0.0,0.0,0.0,0.3,3.41
4.0,205.6,6.19,59.6,494,200.7,200.0,200.0,500.0,500.0,0.0,0.0,0.0,0.3,3.41
4.0,205.6,6.19,59.8,495,200.7,200.1,200.0,500.0,500.0,0.0,0.0,0.0,0.3,3.42
4.0,205.6,6.19,59.8,496,200.6,200.1,200.0,500.0,500.0,0.0,0.0,0.0,0.3,3.42
4.0,205.7,6.19,59.6,497,200.6,200.1,200.0,500.0,500.0,0.0,0.0,0.0,0.3,3.42
4.0,205.7,6.19,59.6,498,200.6,200.2,200.0,500.0,500.0,0.0,0.0,0.0,0.3,3.43
4.0,205.7,6.19,59.8,499,200.6,200.3,200.0,500.0,500.0,0.0,0.0,0.0,0.3,3.43
3.9,205.7,6.19,59.8,500,200.6,200.4,200.0,500.0,500.0,0.0,0.0,0.0,0.3,3.43
3.9,205.7,6.19,59.8,501,200.6,200.4,200.0,500.0,500.0,0.0,0.0,0.0,0.3,3.44
3.9,205.7,6.19,59.8,502,200.6,200.4,200.0,500.0,500.0,0.0,0.0,0.0,0.3,3.44
3.9,205.7,6.19,59.8,503,200.6,200.4,200.0,500.0,500.0,0.0,0.0,0.0,0.3,3.45
3.9,205.7,6.19,59.8,504,200.6,200.4,200.0,500.0,500.0,0.0,0.0,0.0,0.3,3.45
3.9,205.7,6.19,59.8,505,200.6,200.4,200.0,500.0,500.0,0.0,0.0,0.0,0.3,3.45
3.9,205.7,6.19,59.8,506,200.6,200.4,200.0,500.0,500.0,0.0,0.0,0.0,0.3,3.46
4.0,205.7,6.19,60.0,507,200.6,200.4,200.0,500.0,500.0,0.0,0.0,0.0,0.3,3.46
3.9,205.7,6.19,60.0,508,200.6,200.3,200.0,500.0,500.0,0.0,0.0,0.0,0.3,3.47
3.9,205.7,6.19,60.0,509,200.6,200.2,200.0,500.0,500.0,0.0,0.0,0.0,0.3,3.47
4.0,205.7,6.19,59.8,510,200.6,200.2,200.0,500.0,500.0,0.0,0.0,0.0,0.3,3.47
4.0,205.7,6.19,59.8,511,200.6,200.0,200.0,500.0,500.0,0.0,0.0,0.0,0.3,3.48
3.9,205.7,6.19,59.8,512,200.6,200.0,200.0,500.0,500.0,0.0,0.0,0.0,0.3,3.48
3.9,205.7,6.19,59.8,513,200.6,200.0,200.0,500.0,500.0,0.0,0.0,0.0,0.3,3.49
3.9,205.7,6.19,59.6,514,200.6,200.0,200.0,500.0,500.0,0.0,0.0,0.0,0.3,3.49
3.9,205.7,6.19,59.6,515,200.6,200.0,200.0,500.0,500.0,0.0,0.0,0.0,0.3,3.49
3.9,205.7,6.19,59.6,516,200.6,200.0,200.0,500.0,500.0,0.0,0.0,0.0,0.3,3.50
3.9,205.7,6.19,59.6,517,200.6,200.0,200.0,500.0,500.0,0.0,0.0,0.0,0.3,3.50
3.9,205.7,6.19,59.6,518,200.6,200.0,200.0,500.0,500.0,0.0,0.0,0.0,0.3,3.51
3.9,205.7,6.19,59.6,519,200.6,200.0,200.0,500.0,500.0,0.0,0.0,0.0,0.3,3.51
3.9,205.7,6.19,59.8,520,200.6,200.0,200.0,500.0,500.0,0.0,0.0,0.0,0.3,3.51
3.9,205.8,6.19,59.8,521,200.6,200.0,200.0,500.0,500.0,0.0,0.0,0.0,0.3,3.52
3.9,205.8,6.19,59.6,522,200.6,200.0,200.0,500.0,500.0,0.0,0.0,0.0,0.3,3.52
3.9,205.8,6.19,59.6,523,200.6,200.0,200.0,500.0,500.0,0.0,0.0,0.0,0.3,3.52
3.9,205.8,6.19,59.8,524,200.7,200.0,200.0,500.0,500.0,0.0,0.0,0.0,0.3,3.53
3.9,205.8,6.19,59.8,525,200.7,200.0,200.0,500.0,500.0,0.0,0.0,0.0,0.3,3.53
3.9,205.7,6.19,59.8,526,200.7,200.0,200.0,500.0,500.0,0.0,0.0,0.0,0.3,3.54
3.9,205.7,6.19,59.8,527,200.7,200.0,200.0,500.0,500.0,0.0,0.0,0.0,0.3,3.54
3.9,205.7,6.19,59.8,528,200.6,200.0,200.0,500.0,500.0,0.0,0.0,0.0,0.3,3.54
3.9,205.7,6.19,59.8,529,200.6,200.0,200.0,500.0,500.0,0.0,0.0,0.0,0.3,3.55
4.0,205.7,6.19,59.8,530,200.6,200.0,200.0,500.0,500.0,0.0,0.0,0.0,0.3,3.55
4.0,205.7,6.19,59.6,531,200.6,200.0,200.0,500.0,500.0,0.0,0.0,0.0,0.3,3.56
3.9,205.7,6.19,59.8,532,200.6,200.0,200.0,500.0,500.0,0.0,0.0,0.0,0.3,3.56
3.9,205.7,6.19,59.8,533,200.6,200.0,200.0,500.0,500.0,0.0,0.0,0.0,0.3,3.56
3.9,205.8,6.19,59.8,534,200.6,200.0,200.0,500.0,500.0,0.0,0.0,0.0,0.3,3.57
3.9,205.8,6.19,59.6,535,200.6,200.0,200.0,500.0,500.0,0.0,0.0,0.0,0.3,3.57
3.9,205.9,6.18,59.8,536,200.6,200.0,200.0,500.0,500.0,0.0,0.0,0.0,0.3,3.58
3.9,205.9,6.19,59.8,537,200.6,200.0,200.0,500.0,500.0,0.0,0.0,0.0,0.3,3.58
3.9,205.9,6.19,59.8,538,200.7,200.0,200.0,500.0,500.0,0.0,0.0,0.0,0.3,3.58
3.9,205.9,6.19,59.6,539,200.7,200.0,200.0,500.0,500.0,0.0,0.0,0.0,0.3,3.59
3.9,205.9,6.19,59.6,540,200.7,200.1,200.0,500.0,500.0,0.0,0.0,0.0,0.3,3.59
3.9,205.9,6.19,59.6,541,200.7,200.2,200.0,500.0,500.0,0.0,0.0,0.0,0.3,3.59
3.9,205.9,6.19,59.6,542,200.7,200.2,200.0,500.0,500.0,0.0,0.0,0.0,0.3,3.60
3.9,205.9,6.19,59.6,543,200.7,200.2,200.0,500.0,500.0,0.0,0.0,0.0,0.3,3.60
3.9,205.9,6.19,59.8,544,200.7,200.2,200.0,500.0,500.0,0.0,0.0,0.0,0.3,3.61
3.8,205.9,6.19,60.0,545,200.7,200.3,200.0,500.0,500.0,0.0,0.0,0.0,0.3,3.61
3.9,205.9,6.19,60.0,546,200.7,200.5,200.0,500.0,500.0,0.0,0.0,0.0,0.3,3.61
3.9,205.9,6.19,59.8,547,200.7,200.6,200.0,500.0,500.0,0.0,0.0,0.0,0.3,3.62
3.9,205.9,6.19,59.8,548,200.7,200.6,200.0,500.0,500.0,0.0,0.0,0.0,0.3,3.62
3.9,205.9,6.19,59.8,549,200.7,200.6,200.0,500.0,500.0,0.0,0.0,0.0,0.3,3.63
3.9,205.9,6.19,59.6,550,200.7,200.7,200.0,500.0,500.0,0.0,0.0,0.0,0.3,3.63
3.9,205.9,6.19,59.6,551,200.7,200.7,200.0,500.0,500.0,0.0,0.0,0.0,0.3,3.63
3.9,205.9,6.19,59.6,552,200.7,200.7,200.0,500.0,500.0,0.0,0.0,0.0,0.3,3.64
3.9,205.9,6.19,59.6,553,200.7,200.7,200.1,500.0,500.0,0.0,0.0,0.0,0.3,3.64
3.9,205.9,6.19,59.6,554,200.7,200.7,200.1,500.0,500.0,0.0,0.0,0.0,0.3,3.64
3.9,205.9,6.19,59.8,555,200.7,200.7,200.1,500.0,500.0,0.0,0.0,0.0,0.3,3.65
3.9,205.9,6.19,59.6,556,200.7,200.6,200.1,500.0,500.0,0.0,0.0,0.0,0.3,3.65
3.9,205.9,6.19,59.8,557,200.7,200.4,200.1,500.0,500.0,0.0,0.0,0.0,0.3,3.66
3.9,205.9,6.19,59.8,558,200.7,200.4,200.1,500.0,500.0,0.0,0.0,0.0,0.3,3.66
3.9,205.9,6.19,59.6,559,200.7,200.4,200.1,500.0,500.0,0.0,0.0,0.0,0.3,3.66
3.9,205.9,6.19,59.6,560,200.7,200.4,200.1,500.0,500.0,0.0,0.0,0.0,0.3,3.67
3.9,205.9,6.19,59.8,561,200.7,200.2,200.1,500.0,500.0,0.0,0.0,0.0,0.3,3.67
3.9,205.9,6.19,59.6,562,200.7,200.0,200.1,500.0,500.0,0.0,0.0,0.0,0.3,3.68
3.9,206.0,6.19,59.6,563,200.7,200.0,200.1,500.0,500.0,0.0,0.0,0.0,0.3,3.68
3.9,206.0,6.19,59.8,564,200.7,200.0,200.1,500.0,500.0,0.0,0.0,0.0,0.3,3.68
3.9,205.9,6.19,59.8,565,200.7,200.0,200.1,500.0,500.0,0.0,0.0,0.0,0.3,3.69
3.9,205.9,6.19,59.6,566,200.7,200.0,200.1,500.0,500.0,0.0,0.0,0.0,0.3,3.69
3.9,206.0,6.19,59.8,567,200.7,200.0,200.1,500.0,500.0,0.0,0.0,0.0,0.3,3.70
4.0,206.0,6.19,59.8,568,200.7,200.0,200.1,500.0,500.0,0.0,0.0,0.0,0.3,3.70
4.0,206.0,6.19,59.8,569,200.7,200.0,200.1,500.0,500.0,0.0,0.0,0.0,0.3,3.70
3.9,206.0,6.19,59.8,570,200.7,200.0,200.1,500.0,500.0,0.0,0.0,0.0,0.3,3.71
3.9,206.0,6.19,59.8,571,200.7,200.0,200.1,500.0,500.0,0.0,0.0,0.0,0.3,3.71
3.9,206.0,6.19,59.8,572,200.7,200.0,200.1,500.0,500.0,0.0,0.0,0.0,0.3,3.72
3.9,206.0,6.19,59.8,573,200.7,200.0,200.1,500.0,500.0,0.0,0.0,0.0,0.3,3.72
3.9,206.0,6.19,59.8,574,200.7,200.0,200.1,500.0,500.0,0.0,0.0,0.0,0.3,3.72
3.9,206.0,6.19,59.6,575,200.7,200.0,200.1,500.0,500.0,0.0,0.0,0.0,0.3,3.73
3.9,206.0,6.19,59.8,576,200.7,200.0,200.1,500.0,500.0,0.0,0.0,0.0,0.3,3.73
3.9,206.0,6.19,59.8,577,200.7,200.0,200.1,500.0,500.0,0.0,0.0,0.0,0.3,3.73
3.9,206.0,6.19,59.6,578,200.7,200.0,200.1,500.0,500.0,0.0,0.0,0.0,0.3,3.74
3.9,206.0,6.19,59.6,579,200.7,200.0,200.1,500.0,500.0,0.0,0.0,0.0,0.3,3.74
3.9,206.0,6.19,59.8,580,200.7,200.0,200.1,500.0,500.0,0.0,0.0,0.0,0.3,3.75
3.9,206.0,6.19,59.8,581,200.7,200.0,200.1,500.0,500.0,0.0,0.0,0.0,0.3,3.75
3.9,206.0,6.19,59.6,582,200.7,200.0,200.1,500.0,500.0,0.0,0.0,0.0,0.3,3.75
3.9,206.0,6.19,59.8,583,200.6,200.0,200.1,500.0,500.0,0.0,0.0,0.0,0.3,3.76
3.9,206.0,6.19,59.8,584,200.6,200.0,200.0,500.0,500.0,0.0,0.0,0.0,0.3,3.76
3.9,206.0,6.19,59.8,585,200.6,200.0,200.0,500.0,500.0,0.0,0.0,0.0,0.3,3.77
3.9,206.0,6.19,59.6,586,200.6,200.0,200.0,500.0,500.0,0.0,0.0,0.0,0.3,3.77
3.9,206.0,6.19,59.8,587,200.6,200.0,200.0,500.0,500.0,0.0,0.0,0.0,0.3,3.77
3.9,206.0,6.19,59.8,588,200.6,200.1,200.0,500.0,500.0,0.0,0.0,0.0,0.3,3.78
3.9,206.0,6.19,59.8,589,200.6,200.1,200.0,500.0,500.0,0.0,0.0,0.0,0.3,3.78
3.9,206.0,6.19,59.8,590,200.6,200.2,200.0,500.0,500.0,0.0,0.0,0.0,0.3,3.78
3.9,206.0,6.19,59.8,591,200.6,200.4,200.0,500.0,500.0,0.0,0.0,0.0,0.3,3.79
3.9,206.0,6.19,59.8,592,200.6,200.4,200.0,500.0,500.0,0.0,0.0,0.0,0.3,3.79
3.9,206.0,6.19,59.8,593,200.6,200.4,200.0,500.0,500.0,0.0,0.0,0.0,0.3,3.80
3.9,206.0,6.19,59.6,594,200.6,200.5,200.0,500.0,500.0,0.0,0.0,0.0,0.3,3.80
3.9,206.0,6.19,59.6,595,200.6,200.6,200.0,500.0,500.0,0.0,0.0,0.0,0.3,3.80
3.9,206.0,6.19,59.8,596,200.6,200.6,200.0,500.0,500.0,0.0,0.0,0.0,0.3,3.81
3.9,206.0,6.19,59.8,597,200.6,200.6,200.0,500.0,500.0,0.0,0.0,0.0,0.3,3.81
3.9,206.0,6.19,59.6,598,200.6,200.6,200.0,500.0,500.0,0.0,0.0,0.0,0.3,3.82
3.9,206.0,6.19,59.8,599,200.6,200.6,200.0,500.0,500.0,0.0,0.0,0.0,0.3,3.82
